<?xml version="1.0" encoding="UTF-8"?>
<!-- Generated by org.testng.reporters.JUnitReportReporter -->
<testsuite skipped="0" hostname="LAPTOP-JEI8AS0O" name="testcases.MyInfoTest" tests="2" failures="1" timestamp="2022-10-16T15:52:35 EDT" time="5.229" errors="0">
  <testcase name="myInfoPageSideMenuItemText" time="4.000" classname="testcases.MyInfoTest">
    <failure type="java.lang.AssertionError" message="The following asserts failed:
	expected [Immigratio] but found [Immigration],
	expected [Membership] but found [Memberships]">
      <![CDATA[java.lang.AssertionError: The following asserts failed:
expected [Immigratio] but found [Immigration],
expected [Membership] but found [Memberships]
at org.testng.asserts.SoftAssert.assertAll(SoftAssert.java:47)
at org.testng.asserts.SoftAssert.assertAll(SoftAssert.java:31)
at testcases.MyInfoTest.myInfoPageSideMenuItemText(MyInfoTest.java:69)
at sun.reflect.NativeMethodAccessorImpl.invoke0(Native Method)
at sun.reflect.NativeMethodAccessorImpl.invoke(NativeMethodAccessorImpl.java:62)
at sun.reflect.DelegatingMethodAccessorImpl.invoke(DelegatingMethodAccessorImpl.java:43)
at java.lang.reflect.Method.invoke(Method.java:498)
at org.testng.internal.MethodInvocationHelper.invokeMethod(MethodInvocationHelper.java:133)
at org.testng.internal.TestInvoker.invokeMethod(TestInvoker.java:598)
at org.testng.internal.TestInvoker.invokeTestMethod(TestInvoker.java:173)
at org.testng.internal.MethodRunner.runInSequence(MethodRunner.java:46)
at org.testng.internal.TestInvoker$MethodInvocationAgent.invoke(TestInvoker.java:824)
at org.testng.internal.TestInvoker.invokeTestMethods(TestInvoker.java:146)
at org.testng.internal.TestMethodWorker.invokeTestMethods(TestMethodWorker.java:146)
at org.testng.internal.TestMethodWorker.run(TestMethodWorker.java:128)
at java.util.ArrayList.forEach(ArrayList.java:1259)
at org.testng.TestRunner.privateRun(TestRunner.java:794)
at org.testng.TestRunner.run(TestRunner.java:596)
at org.testng.SuiteRunner.runTest(SuiteRunner.java:377)
at org.testng.SuiteRunner.runSequentially(SuiteRunner.java:371)
at org.testng.SuiteRunner.privateRun(SuiteRunner.java:332)
at org.testng.SuiteRunner.run(SuiteRunner.java:276)
at org.testng.SuiteRunnerWorker.runSuite(SuiteRunnerWorker.java:53)
at org.testng.SuiteRunnerWorker.run(SuiteRunnerWorker.java:96)
at org.testng.TestNG.runSuitesSequentially(TestNG.java:1212)
at org.testng.TestNG.runSuitesLocally(TestNG.java:1134)
at org.testng.TestNG.runSuites(TestNG.java:1063)
at org.testng.TestNG.run(TestNG.java:1031)
at org.testng.remote.AbstractRemoteTestNG.run(AbstractRemoteTestNG.java:115)
at org.testng.remote.RemoteTestNG.initAndRun(RemoteTestNG.java:251)
at org.testng.remote.RemoteTestNG.main(RemoteTestNG.java:77)
]]>
    </failure>
  </testcase> <!-- myInfoPageSideMenuItemText -->
  <system-out>
    <![CDATA[iVBORw0KGgoAAAANSUhEUgAABVAAAAJcCAYAAAAfG4+9AAAAAXNSR0IArs4c6QAAIABJREFUeJzsvXmcI2d95/9+qnS01Pf0dPfch8ceH2PjC5vDGDAxu8FJyO0EQ5ZkNyQ4wSEkYTfH/sKSbDbsmiRgNhiSkM0mhvxiAgESDMEQgo/4wHhsz/iYGY/tOXqmp+9Travq2T9KUuuokuqpKqklTX1fbn9HUulbT30+9dHnq6ceSUJKKQkjjDBaF5klWD6DXJ5ALk/A0plCPoV5+ruI7BJSghBUZE2rvC0ACQgEEukqAwghkFI2zlXPL99jTbYbsFOuV6c6Gm1enhVCZbi1eLvI0jvOdbPN873hrMqfN5w97V4ZZ1X+vOHc1jpRxNstj/5w7kKdNOTRG86q/HWkTtpJLx2pk9boxR/Oqvyp4azKnzLOnnj097p0PumkpmxT9dJBvqKik3bSiyf+OkQnbaCXjtXJhvmKN5zDCMMu9E+fZjW1xuz8EplsHoB4LMLI8AC9yQQinEANI4w2CjOHPPkQ8th9mMfug8VTOJmGwMpezE4TmodmpfnNlatQ9Fr7ws1/MxJkU1i/SWlSc1XGY5BNoT2PrWiubPTisRkMVCdlOLs+7TzjrMpfm+tEicfmvxlpvk6KucU6aSe9eODPO85u+fOPd/v4SvN14vp09RJudBKgXrpCJ6GvtKb/Cn3FO86uefT/utQRvtIsnXSwrzRFJ2Gct7H2x8eYODdj+9j28c3hBGoYYbR1zDyPeew+jGc/j5h+1tZcNOGt+dA0TckUW2HmNdEkU2xF09u1KyCUgPawe2WcVfkL8k1tm+hEEW+3PLai6e0onTTk0RvOqvx1pE7aSS8dqZPW6MUfzqr8qeGsyp8yzp54bMZkaXfqpKZsU/XSQb6iopN20osn/jpEJ22gl47VyYb5ijecwwjDLk7/7vdIZ7K2j/XEY+EEahhhdEZI5PNfwnjg92H2WIVpVE6KqpsduDXR5jdXLqFQHIhdkea/GWnLFRBe4Au4KbTnsRXNVa1e2mKlUBnOrk87zzir8tfmOlHisflvRpqvk2JusU7aSS8e+POOs1v+/OPdPr7SfJ24Pl29hBudBKiXrtBJ6Cut6b9CX/GOs2se/b8udYSvNEsnHewrTdFJGOdtvPRbj2Ka9ieMpgm0Fo8njDDC8BQCcemPEnnP42i33IXs2wKwbl6FbJoSZANTrMoApmnam2LVdhKHLG2ycMh22zu5mrTJ9UzRKVeXdRqHx3Hb4VGDd73mozqr8BfQeOvh4RXnuttX9IIBjrsBHl5xdsufH5wb4iAbdH9+9VJTrs114sSjEy+KOKued15xLgO8Ntu+d2qxThRwbrpe2sFXasoFq+96ODTbV/zgrMpfoDopZjc6CfC88+vfbaETJ19xiXPd7WzLBqvvjum/XOjbDo+u9RUVnTjx6PT65QHnjvKVZunEJc7t6Cu+dRJGGGXhNHlafCycQA0jjE4KLYJ21c8Rvf1ptJt+DxLDllkJUZGRAtPO3IRNLphkzSRq1XYAAocsbLJ0yHbbF+rUhLDJTk2J0/Z2ZZ3G4XHcdng44VyT7XhxakrseAlovPXw8Ipz3e3L6gY67gZ4eMXZLX9+cG6Ig3AC2h3ODXmsKdfmOnHi0YkXRZxVzzuvOJcBXptt6rZcJwo4N10v7eArNeWC1Xc9HJrtK35wVuUvUJ0UsxudBHje+fXvttCJk6+4xLnudrZlg9V3x/RfLvRth0fX+oqKTpx4dHr98oBzR/lKs3TiEud29BXfOgkjDIUIP8IfRhidHCuT5L/wTsyJx9GcTAwBonC73pX4sgzU1KnbDUgJwmVu2FWURaPNq680ugyV4ZayynCKb67c4F2HN9srulXP94azKn/ecPa0e2WcVfnzhrNb/jZEJ4p4u+XRH85dqJOGPHrDWZW/jtRJO+mlI3XSGr34w1mVPzWcVflTxtkTj/5el84nndSUbapeOshXVHTSTnrxxF+H6KQN9NIuOjG1CGzajdk7gugdwYzGIRJHJoYQmg6ZZTQzD2YOsbaMyKfQlqfByLbYV7zhfF6FNMHMI00DDAOMPBh5ZGbV+ncYpXjxvzxS9/FwAjWMMDo9jCzGP/4ixnN/jyiYiVNzYvuDUw6mCdXm2vzmylUoeq194ea/GQmyKazfbDapuSrjMcim0J7HVjRXVg7yzZN99o6z69POM86q/LW5TpR4bP6bkebrpJhbrJN20osH/rzj7JY//3i3j680XyeuT1cv4UYnAeqlK3QS+kpr+q/QV7zj7JpH/69LHeErzdJJIZvRJHL0AuTQdsxNe0CPKPMVWZmC1Vm05SlEfs0zzhuqk/Mp8hlkJoXMpCCb3ujRbHiEE6hhhHGehPnYXeT/5XcR0kQi7VekyuLkqLsm0vrPen4rzLwmmmSKrWh6u3YFhBLQHnavjLMqf0G+qa19/oboRBFvtzz6w7kLddKQR284q/LXkTppJ710pE5aoxd/OKvyp4azKn/KOHvisRmTpd2pk5qyTdVLB/mKik7aSS+e+OsQnbSBXjZCJ8T7MHZdi9x6AKlpavqow6O2OEFk5hgin26iXrzhHIZNGDnk8hwyvbLRI9mwCCdQwwjjPAp54jvkvvgfEGvzJRPDwdzcfqwfiibb/ObK3UG6HQB1Cjf/zUhbroDwAl/ATaE9j36aWDX+2m6lUBnOrk87zzir8tfmOlHisflvRpqvk2JusU7aSS8e+POOs1v+/OPdPr7SfJ24Pl29hBudBKiXrtBJ6Cut6b9CX/GOs2se/b8udYSvBKwTU48gd16LseMqhB5V58Wlr2izLxOZPQ5GrjN0cr5HPmNNpGZSGz2Slkc4gRpGGOdbLJ4k9/c/DecOV5iY5tB8aFrjJhIBrTDzmmiSKbai6e3aFRBKQHvYvTLOqvwF+aa29vkbohNFvN3y6A/nLtRJQx694azKX0fqpJ300pE6aY1e/OGsyp8azqr8KePsicdmTJZ2p05qyjZVLx3kKyo6aSe9eOKvQ3TSBnpplU7yoxdh7n09JPoceVnM5Dibj7Co95ATEbIiynx8BIHGUGaeqMwRlTmGjDW2RLIMx2POOslnicweR597OWC9eMM5jMYh08vIxekCV+dHhBOoYYRxHoY89Qi5z/4AwszXmCE2zYrjJGpFpvAdqs1rrtwdnNsBUKdw89+MtOUKCC/wBdwU2vPop4lV46/tVgqV4ez6tPOMsyp/ba4TJR6b/2ak+Top5hbrpJ304oE/7zi75c8/3u3jK83XievT1Uu40UmAeukKnYS+0pr+K/QV7zi75tH/61JH+EpAOsnteQ1yx1W233G6mM1zMtfDRGwzq9E+hLBKlg5NghBaoV7Z/aagN7fM9uwUOyNrDMWjtjjri6eJnD3U3joJoxQyl0EuTJ43PzYVTqCGEcZ5GubBvyR33/srfziq0GTg0HxA4yu7lmE2x8xrokmm2Iqmt2tXQCgB7WH3yjir8hfkm1pnnTSz6fWLt1se/eHchTppyKM3nFX560idtJNeOlInrdGLP5xV+VPDWZU/ZZw98diMydLu1ElN2abqpYN8RUUn7aQXT/x1iE7aQC/N1Al6lPxFb0GOXQhCVOC4ms1xyBxgIrGjYjxCVA5cSChNoIpCZQkgkAV8pJTsXn2JSyIpklG9ZsDa2hyRU08izLx7AJulkzAahjQNWDiHzK5t9FCaHuEEahhhnMdhfP0D5L/3F5WTqGXZ7mP9UOfKLpYnuVqJ6sH0XYVib2pfuPlvRtpyBYQX+AJuCu159NPEqvHXdiuFynB2fdp5xlmVvzbXiRKPzXsz0jqdFHOLddJOevHAn3ec3fLnH+/28ZXm68T16eol3OgkQL10hU5CX2lN/xX6inecXfPo/3WpI3zFh05kYoj8/ptgaHvhXgvfnGlyJB3jWN++ugdk4SUx8wYg0DSNSCQC0rofBFKIEt/FaaaLVl/k4niGmK5XDE/LLBE5/SRafq39dBKGTUjk8ixydXGjB9LUCCdQwwjjfA4zR+6eH8Q89W+IgntUNx2aTROCTfNS7UIVK1EDanprokmm2Iqmt2tXQCgB7WH3yjir8hfkm9rGOgmq6a2rE0W83fLoD+cu1ElDHr3hrMpfR+qknfTSkTppjV784azKnxrOqvwp4+yJx2ZMlnanTmrKNlUvHeQrKjppJ7144q9DdNIGemmGTtCj5C7/QUTV5OlSNs9BsZXF+AimqNy/dUNDSkk+n2N+fp6pqWlWlpfRBQwNDjI8PERfbz+JRAKha0ihlSAvj6HMLFcbEwz2RCsGLtLLRE8+5m4larN0EoZSmCtzsDK/0cNoWoQTqGGEcb5HaobsZ96IXDqFQICobVYcJ1Er7q9qHYSob9YeTN9VKPam9oWb/2akLVdAeIEv4KbQnkc/Tawaf223UqgMZ9ennWecVflrc50o8Rj8m5HW66SYW6yTdtKLB/684+yWP/94t4+vNF8nrk9XL+FGJwHqpSt0EvpKa/qv0Fe84+yaR/+vSx3hKx51Ylz8FowtlyIK9YuTpw/HLiKnx5GiuN/iCARISK9lOHv2LJOTk5w4eZKzk5OspVZJJnrYu3sXPfE4fb1Jdu3eyfjWbcR6EoX6orQfq7Qkms9yQ+YoQ/FIxTAjq+fQTz3ZXjoJwzEkErlwDtKrGz2UpkQ4gRpGGGEgTz5E7m9uqWg2qn84qmYSFUH5ZKudG4mi2QbU9NYOvMHmHk2xFU1v166AUALaw+6VcVblL8g3tbXPb0bT21Anini75dEfzl2ok4Y8esNZlb+O1Ek76aUjddIavfjDWZU/NZxV+VPG2ROPzZgs7U6d1JRtql46yFdUdNJOevHEX4fopA30ErROctuvggtvKKBl3X8qLXmy7xKgoBkESM26XRjE3Ows33vsCV55+RWWV1bJG3kMaSI1GBropz/Zg5nPEo9ojI+PMjw6xqbRMbZu3U40nkBi1UOYlH+P6jVLz7EjoVfgrM+8SGTmmEceveEcho+QJubsBOSzGz2SwCOcQA0jjDAAyN1zC+aJh6Cs2aieNK2/EtWhhRAOK1E9mL6rUOxN7Qs3/81IW66A8AJfwE2hPY9+mlg1/tpupVAZzq5PO884q/LX5jpR4jHYNyMbo5NibrFO2kkvHvjzjrNb/vzj3T6+0nyduD5dvYQbnQSol67QSegrrem/Ql/xjrNrHv2/LnWEryjqxBzegXH5D4Gmleos5gy+nbgcIar3KawfiJKSycmzPPCdBzh98jRGPk82l0cKyBsGWjRKLBrDzGYY7O9l6+YRIjqsZDJo0Sgjo6Nc8+rrGd602aorJGBWHOGbVg7XrESNnfkeYmmqPXQSRuMwcpizp8E0G2/bQdFoAlVr0TjCCCOMDY7IG38bWXCZYvNimpXNh1ne5BS2QxYyIKnNUsr1x8uzcMjV25XVqwlpk+uZolOuLus0Do/jrsll+DVs+qq3a9Q8VuWgxlsPD684192+ohcMcNwN8PCKs1v+/ODcEIdG73L96qWmXJvrxIlHJ14UcVY977ziXAZ4bbZ979RinSjg3HS9tIOv1JQLVt/1cGi2r/jBWZW/QHVSzG50EuB559e/20InTr7iEue629mWDVbfHdN/udC3HR5d6ysqOnHi0en1ywPOHeUrCuM19Qj5i96C1LRS3axp8nD8YoTQyv50hNDQhEATMHn2DA/867eZmpqkpyeGYeTpScQYGRmmty9JTzxGai3DcipDai1HXmpkcyarKylmpqc59PQzPPzgQ0xPTUGBIyF0BDqCCEJEeCR5CVnDqBhvbvRSe/4a4OFbJ2F4Cz2KGNi80aNoeYQTqGGEcZ6E2PUG9AvfapmQKDQronYS1TKj9cdlyY1AOOTSPgqXMoUQWLuxydXb2dRZL2iTnZoSp+3tyjqNw+O4a3IVfnWvmFdv59RU2m0X4Hjr4eEV57rbl9UNdNwN8PCKs1v+/ODcEAfhBLQ7nBvyWFOuzXXixKMTL4o4q553XnEuA7w229RtuU4UcG66XtrBV2rKBavvejg021f84KzKX6A6KWY3OgnwvPPr322hEydfcYlz3e1sywar747pv1zo2w6PrvUVFZ048ej0+uUB547yFYXxmlsuh0RfBR7/JreQ03sQaFD4sx63BplJpzh86BlOvPwKe3fvZHlpmWgszuDgED09CTRNs1akZrPkDZOV1RST586RyeeIRqNEI1H6+vrIpNMcfvoZZqdn0ISGVpikFUIgEOT1BI+IrRXjJZYkv/lC5fPOt07C8B49fYhIbKNH0dIIJ1DDCOM8ishNH2b9Su16E2I7iVp8vJClVL8iuOFXdJ3KBnwlumNWQKjwV4aHV5zrbl9WN9BxN8Cj7VYKOY27zvaO4VcvNeXaXCdOPDrxoohzy1dAuOSv5TpRwLnpemkHX6kpF6y+6+HQbF/xg7Mqf4HqpJjd6CTA886vf7eFTpx8xSXOdbezLRusvjum/3Khbzs8utZXVHTixKPT65cHnDvKV1yOV+pRjB1XlvAFeCEtWOwZRaAhRMTKhUlUDUEmneall17k3NRZhgcHWF5cQABra1nOnJni5ZdPMjezyOrqmsVZBAyZwyCPFBJds9aYyrzBzLkpDj55kAcfeICpc1NYQ7MmaosrX5cSYxzNaBXjNob3YGoR9zwGoZMwPIdAQP+mjR5GSyOcQA0jjPMoxPgViP0/ULpiS1kzUjOJSu2V3cJPNGJ7xV9WXQGW7q+QNu2KrlPZgK9Ed8wKiDrjrYeHV5zrbl9WN9BxN8Cj7VYKOY27zvaO4VcvNeXaXCdOPDrxoohzy1dAuOSv5TpRwLnpemkHX6kpF6y+6+HQbF/xg7Mqf4HqpJjd6CTA886vf7eFTpx8xSXOdbezLRusvjum/3Khbzs8utZXVHTixKPT65cHnDvKV1yO19h6BVpPf6le1jR5KbkHTYDQQBcGujAQQmAKDTOf5qknHuPlI0dJLcwx0J/ENATZbJ6V1RUWV1ZZXMuSzpukMyapfBYZlfT2J8mZJmem5jh1doYzEzNMnznHubNnmZ6Z47sHn+HQ4WfJpjPW+DQBQlj/Fhov9+0jZ8r18etRzE173PMYhE7C8BUi3guxxEYPo2URTqCGEcZ5FvqBn7AmSyleQXeYRMX6TlSVFRBm4Uuk2+aKrlPZgK9Ed8wKiAb8ubqyq4Bz3e3L6gY67gZ4tN1KIadx19neMfzqpaZcm+vEiUcnXhRxVj3vvOJcBnhttqnbcp0o4Nx0vbSDr9SUC1bf9XBotq/4wVmVv0B1UsxudBLgeefXv9tCJ06+4hLnutvZlg1W3x3Tf7nQtx0eXesrKjpx4tHp9csDzh3lKy7Ga2oRzJ1XV+DwcjZCPpJEiIg1gyqs35WSGuiaYHFuhjMnXoJ8mtHBfmanJsnmcqyk86zmBVlNJw+sZXOks2m0vEY0bZJfXkTPpImbefqjGpv7Ioz3xdi1qY9tg71E8iaTE+dYW0tb7zmFQGiFj/ILQS6S4JV8rGL8+eHd7nkMQidh+A4xMLLRQ2hZRDZ6AGGEEUZrQ993M0LTMKWJZtNUmqZE08puS1nYjkKTgnWbwm0oXAGuvCIopUIu1KkJlSu6jZqV8rLCesA2S4Vc2EFNVlkB4dQU2jWXtnXVca7Jok72gbMtfzY8+sFZlT/vOLvN3nF2mx3Dr15qyrW5Tpx4tKvrAWclHv3oRJG/lutECecm66UdfEVFJ0HopaxO832l+TpxrRcVndjw2Apf8e/fbaATJ19xiXPX+YoSfwHoxY6/Mh671ldUcHbNo3ecO8pXXOiDoe2IWKK0g5xpcjx5AUIUBqcJay8ShNBAmvREBJuH+sgbJpHIEKunpliYXWE5Y1oMZbPEhEFPRCMpBAPxOFtGBti7Z4yx8WGSvQliyTjDff1EhSTZ288Tz7zAP37zYWanTrG4NM/AyBAUsC8/917u38eeteeJ6ZqFsx7D7B9DX55y9XrnWydh+A4RiSP1KBi5jR5K0yOcQA0jjPMt4oOw7VrExBM1k6UVk6hlTY5Z1uxQvC3Wb1tXAAu5GKLq/tLjNrnkblWhaopOubqslFg9hkLGJuOQVZv16mzXVGL/fC841+R6dYTwjLNb/vzhrMqfN5zd8ucH54b8lbpEf3i71okvnFugEyce/erEI49ecVblr+U6UcC5rfTSLF+pKReQTpx4rHh+c33FD86B+4pT+NVJoHrx599toRMnX/Grk071FQX+AvEVFZ10k680Sycece42XzFG9lbUOZWBfE8PuijcK3TrESFBWt+CqmMS1WBxKUU6J5ibX8IQafrjGgMxjYGoYHwgxp6to+zcuYNdu7exddsOBoc3E+9JkOhNEknE0KICzciRyeQZHB3l3Owc33r8OWZn59mxZw9CWJOkGsI6x4F8JMFEPsIezSjhbPZtQVs+54pH3zoJI5iIJyG1uNGjaHqEE6hhhHEeRuTiHyI78V00UbvitJhNWX2/ZXaWN1mG53RFEABJ6XkbdkW33ETLywrrAa9Xdt1cmW/LFRBl/FVkUSf7wNmWPxse/eCsyp93nN1m7zi7zY7hVy815dpcJ0482tX1gLPqii/POlHkr+U6UcK5yXppB19R0UkQeimrE65AdeDPhsdW+Ip//24DnTj5ikucu85XlPgLQC92/JXx2LW+ooKzax6949xRvuJCHwztqKgzGRku1NAK92sIIZHoaAgEBlLmGRrsR9NjnJiYJqJr9MYjvOrAfvaNDzESybBtIMroYD8jW0dJjg6h9w4Q6+lHRHsRWhQTjbxpogNCg/HxzVx37eU8/twrrK6uYBoG0UgEIbBWv2rWD0hJKZmMjbBXTJdwNpPDrl/vfOskjEBC9PQiz4MJ1PA7UMMI4zwM/eIfsMypYLbl331KWXNT8V2pgGQ9S1l2W9pk4ZDttndyNWmT65miU64u6zQOj+OuyXIdt4ZX1Ku3c2oq7bYLcLz18PCKc93ty+oGOu4GeHjF2S1/fnBuiIPtu9wGeKvopaZcm+vEiUcnXhRxVj3vvOJcBnhttqnbcp0o4Nx0vbSDr9SUC1bf9XBotq/4wVmVv0B1UsxudBLgeefXv9tCJ06+4hLnutvZlg1W3x3Tf7nQtx0eXesrKjpx4tHp9csDzh3lK43G27sJMzFQqpM1DWaSWxBi/XtHhRBoQrMmMgVIwyCbShOLROjrTSKQXLb/Aq66eC/XX7mf6664kAu3jTA+lKAvoRHRDMiBZkbRtAhSSAyZw5R5NAOEIdClJKkbbB3uY3R4gFQqhWGahX2LirEIIZjr3U7WMErjltEkZrzPFR6+dRJGMBHrAU3f6FE0PcIJ1DDCOA9DjOyHkYusyVPpMIlK5ZXfwjML/y/cloXbojZLs3gllMpst32xXs1AbbJTU+K0vV1Zp3HYjdfFuGuyypXz6u2cmkq77QIcbz08vOJcd/uyuoGOuwEeXnF2y58fnBviIJyAdodzQx5ryrW5Tpx4dOJFEWfV884rzmWA12abui3XiQLOTdeLh/POK86B6MRp3PW2r4NDs33FD86q/AWqk2J2o5MAzzu//t0WOnHyFZc4193Otmyw+u6Y/suFvu3w6FpfUdGJE49Or18ecO4oX2kw3vzmC9GEVqozmQUhtMItHU3TEUIgNIkQOgIdTDDyBpomSPQlGds6zvZt44z0JTBTK2iAFotjRhKsyTjLaZ1MGvJpE5mT6GYOyCGNHFreQDNBINFkjmREsmkgSURYPFtcgxDWeMv/5o1KnGVysys8fOskjEBCICCW2OhhND3Cj/CHEcZ5Gvr268lNH0XT1n8oquLj/FReKaYsU3Z7/Uq8y4xNrnC7sqh3BVcA8na0X/8IoqfqeekTyGc+gHn/twAQ7zqB1vtVjE//EmA9h4nbMf72cwhBoRkr5l2I/3QIkflNjL+5e/1+bDIOud6Kh+qMPd6OV+arnu8F55rcgLcK3KmTlfmzcgX+yji7zKV63nB2y58fnBvyJx10ooi3W/784dwCnTjx6FcnHnn0irMqfy3XiQLObaUXz76ixl9gOnHiseL5zfUVPzgH7itO4VcngerFn3+3hU6cfMWvTjrVVxT4C8RXVHTSTb7SLJ14xLmrfCWeLPx2hVVnScSB8tWnGpqwfhAYIZAIDDQyuSyZXA4pNYQGk6fPsGfzMNFIDOL9TJybZvrMBLm8JN7Tw9axQXZsWWHr1hS9/THQY6zmYDWVJS81YnHoERmypoEQklhERy9M3srCgVdfwJkVScZIl3A29Qha4Tia2n+FEViIWA8yvbLRw2hqhBOoYYRxvkbfGEKsT5raTaKW/5AUQOmqYXmWlglLKJhiIZeZWPG2Yy7Uqwlhk6tNEpDPDGL+Y/H+XYi3fhZx/d1o5/ZjPmN/+GL37WhDf4tclAUDL+TrPonYApwoGHuhWbPNhYHU5EJzUPfKeaOm0K65tK3rAt8qnGuyHX82PLpqChvxZ8OjH5xrcr06vnB2m73j7DY7hhu9KPDnB+eW6MSJR7u6HnBW4tGPThT5a7lOlHBusl488LehOglCL2V1mu8rzdeJa72o6MSGx1b4in//bgOdOPmKS5y7zleU+AtAL3b8lfHYtb6igrNrHr3j3FG+0gjn5HAFf4t6r/WReQRCE2gITFE4FiExNUFOwGJ6lTPnpjDROHN2CpnL0de/gy3btzG7mubBg8+zOLdINmuyvLJGXzLChdtHuP7ynVy2bxsYUV46NcPTL59kZjXN9m1b2L9zC1JIUukMoz096IVxIKD8KwWklJimyXJ0EGR6HefkphIe9fiLffBhImOVGMqpb5L7zIfIzznj7By3Ev+99yMO30D63tpHtbf/EbFXX42WiFv7WjuL+cTdZL/yLefdvOETJH54BOODt5Et//etnyN53SaML38/mYdUxtimcR58hD+cQA0jjPM0tL7xmuajYhK1eJuy5qTg9mZZs0PhcYR9FlrV/djkUhdRFW6bjop8Enn/nyAu+z+wC3CYQCXyKsSu5ZJZAAAgAElEQVTb3oH8/z/H+hXcG9CuuQ7yaatc6X5p7a4645BVm/XqbNdUYv98J9zr4RyuQFXH2S1/fnBuyF/p3ZQ/vN3y1/YrhZx49KsTjzx6xVmVv5brRAHnttKLH1/ZCJ048Vjx/Ob6ih+cwxWoXeYrfnXSqb6iwF8gvqKik27ylWbpxCPO3eQrCK2CP03TCn86AmvCUpQNpvg+bTW1xuzCEroWJRGNcMlll3Llqw4wMNDPo9/4FucmzzG2dQc9yQGef+EIr0wvsbCQgvwaO7dvwUit8sKho5w4e5aerVsZ79/MaP8IE3PnMCX0DwwQiURKXAtBBafWnzWsSv5oyCOAPP5x1j51r4Xz1ncRf+/tRH/0UfKf+VpjnSiEeNunid+4G/ndO1m792tItqC94XZilx8AvqVe8N7bSNlM0jYj9Hd/hfjlI3W2mCV/z9vJPu1jJ+EEahhhhNG10TteMh/b5gQrFydVpSxbaVpoHtavxBZuFx8vbC8KzV9Tr+jaPj5ovbrZ9DjFkMe/Cft+CTH4OVi0niiu/y3E0CGY2F86Hgp42ObCDjtmBQTr/FVkUSerNoWN+LPh0Q/ONbleHV84u83ecXabHcONXhT4a/uVQk482tX1gLPqii/POlHkr+U6UcK5yXrxwN+G6iQIvZTVab6vNF8nrvWiohMbHlvhK/79uw104uQrLnHuOl9R4i8AvdjxV8Zj1/qKCs6uefSOc0f5SiOcY30V/K1FekGAEAWexfpkpQAiaMQ1nb54EmmC1GBkZBNXX/UqLti7i8f/7RGef/oQi4spllI5hjdv5rLLL+Hppw6Tml9gfjVPfHCU/tEexl+Z48jcAsuGydpaGvIG/f29jG8ZZ3jTMHokgtQECLNwTFRwuBbth8y5Es4ymizhUVcn5TxI4Ow9GGfehb7pGtg1Quyn3oU+1m/Rs3aM3Gd/ltwRa+WqvlyYeKX8th3JAFcTvepyOPE3pO/9WuG+ScyHPkS6sHpUvPbDxG+5GS0BsIz5wl+S+cy9zjKtXo16eRZjbgv69n7r+Y98iPQXHwNeQ/R9v0N09wiQwXzhWbjkIuSXv5/M9K8Q/7EfQd8UBzLIifvIfOyjmFW7Mo+fQF4+UjpNa2LpBOZJpwddxnkwgRr+iFQYYZynUVyBSsG4QFTelmVNTsGdzEKWWNcCS1cGpURKSttZdQr3Iytulx4vz062Im2yXdNRka9A/PAvQc8JZL0raCsfQE5ehPih2wvjeAPimlfDkf+GSe1x1Bt3TS7DreEV9ertnJpKu+3Kx1edFcfrmBviXZaro972ZXUDHXcDPLzi7JY/Pzg3xMH2XW4DvOs16w3484NzRW6WTpx4dOJFEWfV884rzmWA12abui3XiQLOTdeLh/POK86B6MRp3PW2r4NDs33FD86q/AWqk2J2o5MAzzu//t0WOnHyFZc4193Otmyw+u6Y/suFvu3w6FpfUdGJE49Or18ecO4oX2kwXhnvrRhvKjZk7VxIhEbpDyEKH+03iUmTXqLEtRhrK2tEo1HGtoySzmaYPjfFltFxNo+OMTo+zgX79vATP/aD/OTbbuTK/bsw0llWVlIMbh1hYMc4sZHNTM7N0TM6xIunT0IsztjWbSQSvQisqWFNgkZxIlegadaUVLpnqPL4owlXeFTwIEDsfS/6tn7k3JNw8lnMRz5O+oM3kPrgu8ktX0TkplvtgW8Yt6BtAjnlNMN6K7FbbkacuZu1D97A2j2PwSXvJf72Le53kdiFOHknax/8cbLHs2hXvYsIoL3zg0R3Z8nf8+OkPvgL5KMXlSbyIjfdgh55zDrGP7kTYzprW1o+dAfpLz9pf9qtPUn2f99Bft79UG1D6/7pxXAFKpYol3IplrIplnMpsmYOgIgWYXtyhOFY/waPMIwwgg/RNwZOTUn1FWIhQBaviJZdCSzmRld0NYcruUFc0QXElYvoV64/TaaPwr+8E3mqHgInkd/+FuIn/yPa7k8ht/83RN8TyE89hPiZ9auiyDpXegsD6ZgVENW81eOvjEfHJrDBFXRb/mx49INzTa5XxxfObrN3nN1mx3CjFwX+/ODcEp048WhX1wPOSjz60Ykify3XiRLOTdaLB/42VCdB6KWsTvN9pfk6ca0XFZ3Y8NgKX/Hv322gEydfcYlz1/mKEn8B6MWOvzIeu9ZXVHB2zaN3nDvKVxrpgzI+EVY1IdaxBPTiMQlJBIP56TOcPPwMB3Zs5+jJU6RWU0g9Qk8iymUX7eKyXVuYnpklZ0i2bt9Cz+JpXnvhNnJTZzl2fJmpM2fZv38/17/uerbvv5B0zmR0eIjeGEzOzhKZWEKPRpARAcL6HlZRBEpQ4rD8+GUJh8avdwBi3/tJ3vn+QoWM9R2o//A1GP4RtNe9l+gt/xURLe7hIjsW/cdrb0RLzGI+co9F69Mfwvx3D6Pv+hGYc1lj7VnyX7S+SzU/t0Js3wgaoG3bChN/R/bpSQDyTx0jus86DuPMJHLf1cTe+4cYR75E7rN3Ob4syIfuILPtc8Sv2106XcmdIP/ZACZPz5M4rydQJ1IzPDR1mAfPHeLI0ikWsiss59ZKE6hxLcY9N/4m146EE6hhdF+Iqu9ALf5gVOkHpKi8v+TyUoCwbpe+C9XqLhyzaZoITSvVqcmlLqIqXDYd8ulBzH9Sx0Ae/03kue8i3vghGLwCnr0OKawdC4qGXsjYZByyarNene2aSuyf74h7HZxrcgP+apo8p+yFP+EXZ5e5VM8bzm7584NzQ/5KOvSHt1v+/OHcAp048ehXJx559IqzKn8t14kCzm2lFz++shE6ceKx4vnN9RU/OAfuK07hVyeB6sWff7eFTpx8xa9OOtVXFPgLxFdUdNJNvtIsnXjEuat8JbOK7Okv8ZXILpFLbsKaRMVagVo6BA1kjp5ohAt27qR/ZJDldIqZ1AoTp04xtH8fW8ZGMJcWuHDXZUQjUQwzj8wbTE/Nkl1LITHJZdYwc1mSA0n2bd9CKp0nlogTiwlmFpfoicWJx+Jomo6JRGogZQFRWQRC0pOeLx0/CMilKm476gQqvwO1HNdbbyUytkL+795H9okXif7qw0Sj2MTVLmbG7sOcuwV9268gcJ6kbHXIr/ws6cO3ErnxRvQ3/CHRm54l+7t3kHfY3rz318ht+iti+6yvCTDu+zWyRwIajFn9xQHdF92/xtYhXlo5y0/+6+/x/sf/lL8/8QCH5l/m1Oo0I/EBpClJ5TNctWkfV226cKOHGkYYzYn4YEWTYBaaEtMsZAq5cD9A+ZXAYpZQerzYVIhC02ebscl2zch6ucpc3Yw4bVeeHUKIU8h/+QJs/wBa5CHk109Z47Q7jjrjrsmi0AyWZ6cmsHo7p6bSbjuPONuN1zGr4F0DcJ1cVjfQcTfAwyvObvnzg3NDHIQT0O5wbshjTTnvOFfkZunEiUcnXhRxVj3vvOJcBnhttqnbcp0o4Nx0vbTKV4LSidO4621fB4dm+4ofnFX5C1QnxexGJwGed379uy104uQrLnGuu51t2WD13TH9lwt92+HRtb6iohMnHp1evzzg3FG+0mC8IrNcMd5eI2XdX/oDKcDUQKCBiBBJ9NHTN8Thpw/z7MGnuGzvPsYGB9ELg15ZWWFtaYkYeeI6CKyFNkuLi4xv2cqeC/agiTxmPkssGmVo0zDJZAIME2GabN+yhYHePjRAaAJTCMzCLJQQkuIEaiK/UnH8Wm7NFR4VPFTjnC58nH35Rbj4d9DH1jeXORDDV1vjuvJWtE32fKzHQXJPHYbttxC/9W2F3WxBe8OH6XnvryAefRBzbQTtde9CAOLKD6ONZZAnv9SocMPInzkL299I7MotwIVEXn1R6TC1t/0GkU1Pkvu/d5C+9zFkYnfFJzNrY5L8pz5E7oXDGA9+iMxDk77HVwrDadq2e+K8XIF6ZPEU73v8f/PSylnA+mGcG8Yu58Dgbr559iBrZpZN8X5+64p3oIvzdo45jPMgypsRTVv/wSjTLGS5vhIV1lecmmXNC8XHq5obajIFkwv4ii4ucr3jP/lLmA+ASH+kcFwOV36xyTjkdl0BgUNWWQGhgrMb/oRfnF3mUj1vOLvlzw/ODfmTDjpRxNstf22/UsiJR7868cijV5xV+Wu5ThRwbiu9+PGVjdCJE48Vz2+ur/jBOXBfcQq/OglUL/78uy104uQrfnXSqb6iwF8gvqKik27ylWbpxCPO3eQrSLOCP01bH68mrA/PS2HNfwhNINCI9w3QMzzMyvIimdUVNvf3s2PzGJn0KouLS0zPzSPzWXqigp5kklg8ikgOML2S5cDFe1nJSBYXVkmaEbRogmgkj2ma5HIZkj0xxscGMOIxskJgCgsLYZoIIS1MhURoEk2TpeNfx5uGPNryULz9lbvJXfBhoj//MJHcCYypZSisQM197T70d99Cz50Pw9oxzCV7Piq4+dovkon+EbFXf5DEdf/Vum/tLOYTdwPfInvfAeK33E7iztuxfkTqU2S+MglvaFy7XpifvZPc6IeJvusLRN6VwXzhGCa7IQ+i/xoiN/4o0Z8CyGAev5dcvd8BAeAxcp95zN+g7EIawddsszgvJ1D/6vg3ODT/EgDXjuznF/b/AN86e5DPvPg1cqZF+rsuuJkrhvdu5DDDCKMFYZlPadJUK2tOqGxSrK1rs4TC9oUsKXzsf/12KTt9F2qhjs3wanN1M9Lo8TrNpXUFU8Ijv1w6XsqPt3jbKRd2UJPL8UOhGSxvCu2aS9u6Nng65SJf1VnUyapNYSP+bHjyg3NNrlfHF85us3ec3WbnE7o+zqr8+cG5JTpx4tGurgeclXj0oxNF/lquEyWcm6wXD/xtqE6C0EtZneb7SvN14lovKjqx4bEVvuLfv9tAJ06+4hLnrvMVJf4C0Isdf2U8dq2vqODsmkfvOHeUrzTSx9oCYnhnib+B3DLFr7YUwtqnjkCXAomGIUAkehgYH2VoZBM78zlePnKU/RdeQHIwSSqbY255jSiSwb4k8UQvPYk+Hj78OC9MLfHStx/jqUMJrj9wIQcu2c/+y5OIiA4CTCNPJKIR0xOsSA00rbCqtTAWJAKJECYgGcgtlY5fAlpmpeK2E3/Zj95QB9/HyH38+8nZEXfkD0j/9h/YMUrmd++1vR/A/Mqvk/6Kw4OPfoj0ox+qvf+hO1h7qMG/772NVPluy28Pb0U+/SHWPvYYki3o7/zfxHOT5B4F49HbWHMebmvDCCdQuy5S+QyHF16mR49x2963cOueN/H3Jx7ky6ceLk2e7u4d58d2vQFRehUMI4zujGLTUVx56tjcyPUmpuRK5d+FWvY8GmVscqlu9QBp0HTcjfnHd683Hw5Z3rOb9ZfzuzE+ejdWryFts/k3uwq3Wb8fm4xDVm3Wq7NdU4n9873gHPhKIafm3WXzaL9SwS3OLnOpnjec3fLnB+eG/JXeTfnD2y1/bb9SyIlHvzrxyKNXnFX5a7lOFHBuK7149hU1/gLTiROPFc9vrq/4wTlwX3EKvzoJVC/+/LstdOLkK3510qm+osBfIL6iopNu8pVm6cQjzt3kK6RXKvjrl+myygJrfkMghLUnIQSmptEzvIl9B67gkksu4/TJV5g4dZLLNl9GJBIjk5MsLKcYWFoi2d9H1DQ4cuxFVlZXiBsSMdZPPNlPb2+fNTGby2HKHEYuQ86Q5HW9wHBh71KC0AqHX/zUo8lwPgV6Gc5Zl9+B6lcnnRBju9Bf+16it1jfb0vuLMajd5Pb6HFVhcylG2/U4XHeTaDOZ5fZlhjhPRfdwlWbLuQ3nvg0/zb1LPnCcuPxnmHuuv6XuXhw5waPNIwwWhAF86lYeSrLflCqIhdWlgJ2V3YpZMujLDOrWeEgWN+u/HGEvbcJm6zSpJSbaMVhWw94urJbngs76JgVENW8lfHnmH3gbMufDY9+cFblzzvObrN3nN1mx/Crl5pyba4TJx7t6nrAWXXFl2edKPLXcp0o4dxkvXjgb0N1EoReyuqEK1Ad+LPhsRW+4t+/20AnTr7iEueu8xUl/gLQix1/ZTx2ra+o4OyaR+84d5SvNMBZnzmOufe1pTqjmoFAsz7KL2ThT2ASASERFD7On0yy7cABWF7izPQkx15+kUuuvpREoodoNMbS6iJT03MkElF64lEu3TlOXzzJ1h07ufpVB7hg51Z6e6JIw8DIZTGMFLlMmqyZwNAjIPSyH98pfQEqSElxgnRAFFmzcNZTc6XjaKpOOiGO3EXmD+/a6FHUDYmEzNpGD6Ppcd59wWdCj/PrB36St+98PXc9/w88cO6Z0uRpMhLnt191G68ZvbTwwhVGGN0dxabDNC0zLV5hNQvNjWkWcqG7llTm0v3SukeW3UY45OrtyurVDtAm1zNFp2xz3I7Zw7hrcrE5LM/1mvXqbNdU2m0X4Hjr4eEV57rbl9UNdNwN8PCKs1v+/ODcEAfbd7kN8FbRS025NteJE49OvCjirHreecW5DPDabFO35TpRwLnpemkHX6kpF6y+6+HQbF/xg7Mqf4HqpJjd6CTA886vf7eFTpx8xSXOdbezLRusvjum/3Khbzs8utZXVHTixKPT65cHnDvKVxrhnJqHtcVSnZiusWn1TNkOJaIwiYqwkiY0pK4TGxohPjJG/9g2hjaPo2kR9IhOPBknY0im55eZmDjH8tIiu7aNcunebYz1RUnPTXHy2BFePnqUmZkZ8qaBaeQxTEFORDCFbn3/qrAmPa0JYWuiFKzbm1YmiBa+r1UiEbkUZJZc4eFbJ2EEE9k0SHOjR9H0OO9WoG6K9zMc7+Pbk0/z1PxL3LLjtVzQv40bRi/l6k0XMhTr2+ghhhFGC8P+4/t234Vqea4oXF0VhWcXss0VQeT6lcHyXNq+/H6adEXX4Yqj7RXd0nEq5MIOOmYFRAHnlq2AsOPPhkc/OKvy5x1nt9k7zm6zY/jVS025NteJE492dT3grMSjH50o8tdynSjh3GS9eOBvQ3UShF7K6jTfV5qvE9d6UdGJDY+t8BX//t0GOnHyFZc4d52vKPEXgF7s+CvjsWt9RQVn1zx6x7mjfMWFPrTFCWRisFRnLDvDEjvW64vC5KVY36eJTl4T6IkBNu3eh7EwTSzeQzSmE0vGkLEoSysZInOrjM+v0BOLIIwUQ8k+BpMxenuTxJJJ9HgMKSR5JFkiZIkDeuEYykJa3BZj89rU+m9lINBS865f73zrJIxAQqZXN3oILYnun0DNriLzWURiEIS14FZIkzdrcW4UQ8gTz2Ia30MMPYU2ehHy0lsQA9s2eNBhhNGaqJkslWU/KNWoySnPVndRk7G5v7gfKMsld6seIGqm6JRtjtsankLGJuOQVZv16lwH5+rn2+Feg28VzjW5Xh0hPOPslj9/OKvy5w1nt/z5wbkhf6Uu0R/ernXiC+cW6MSJR7868cijV5xV+Wu5ThRwbiu9NMtXasoFpBMnHiue31xf8YNz4L7iFH51Eqhe/Pl3W+jEyVf86qRTfUWBv0B8RUUn3eQrzdKJR5y7zVfE9HHklstKdbZoaV7JpzFjCayJTAFCUpzUlICQEomOoUUYGNvCqsyhRyPomkksHsHUIixnJcmeCKsZg5HREcBk65ZxtEicaKKX0W07ET1xMvlVDMMka0YxIj1I9AJqonS+URwHEj2fZkxmkJISztrKpGsefeskjGAik9roEbQkunQCVWKefhLjxX/FPPU9yKcRg9vR9t6Atv1qtM37IDGM2HoAKQRMHsY8+k2MZ/8J47n70C/7AfTLfhDRP77RBxJGGE0NIQqTpYVJVE0rW5GKzXegluxPILFuS7n+3agUjLh0pbZ4JVGU5+L+yu4v1KsdoE1WaVLKTbTquEHaZ6mQCzvomBUQBZxbtgLCjj8bHv3grMqfd5zdZu84u82O4VcvNeXaXCdOPNrV9YCz6oovzzpR5K/lOlHCucl68cDfhuokCL2U1Wm+rzRfJ671oqITGx5b4Sv+/bsNdOLkKy5x7jpfUeIvAL3Y8VfGY9f6igrOrnn0jnNH+YoLfWhLZzFzaUQ0AUhims6uxWO8Mvqqwk7LB4D1m8BSEAFMAbFEAm14AFMaRHVBLBoBTWPNkEwvrzIwN0c8EWd0+xb6BwfRE32IeD8iEcdAksubpLI5ciJBXo8jhYaOdDxZd80fIaoJCsNHmHm05SnXr3e+dRKG75D5LBjt9pNWzYnum0A18+Qf+wz5h+9GZpYh0oNIDCKXJzGOfQvRM4B+1a1Erv5p9ANvRz/wdshnMKePYb70APkn/prctz6C8dxXid70QbQ9ryuVllIyNzeHaRhsGhnBNE1eOn6cbDbLFa96VWm7pcVFTk9MsLK8QjKZYGxsnNGx0cKL33osLiyQy+VI9vaSSCSYnJzk7JkzGIbJlq1b2LFjR81zAHK5HGcmJphfWCCfyxONRYnFYkR0HSklmzZtYvPo6DokpsnExATzc3Ok0xkSiR527trF0NDQ+rEheWl5EpBsS46Q0OMV+8wYOc6szZI3Dfb0jXNmbZZ0PossvBoZ0iSmRdmWHKE30gPAdHqRl1bOctXwPuJ61JGyg3MvMtozyI7kqOM2YTQnyj++X1p5qpXdlrIwSWq5j0RifYy/7Hbx8apmBqeMTS4z8YpQNUWnXF1WyoJJK2RsMg5ZtVmvznZNJfbP94Jz4CuFnJoSl/z5w1mVP284u+XPD84N+St1if7wdq0TXzi3QCdOPPrViUceveKsyl/LdaKAc1vppVm+UlMuIJ048Vjx/Ob6ih+cA/cVp/Crk0D14s+/20InTr7iVyed6isK/AXiKyo66SZfaZZOPOLcbb5CPos4+STmvteXeNsmVzmdz2DGkmXHIEpJINGkBKFhCp3EwCBGTCdv5OnRdBLxGFJonJ1bJJ0zSESibB7dR6Kvl0iyFz0eR9Oy5DNZVtI5FjMxRP8QmohgCgCzcp9Yp7iez7A1vwyaVsJZm3ulhENL+q8wfIdcmtnoIbQsumwCVWI8/zVyD9xlrTpNDBG57mcRWw5YIps6gnHiUfKP/x/k7EvEfvTjIHSIxNG2Xo629XLE0A6y9/0O5pmnyX71t4jf9teI4V0A5PN5Pn33pzh18gT//Q//kINPPsn/+sj/pKenhy//0z8ihODkyZN85s/+nEPPPMPy8jJr6TRXXnklv/7B3+CCffsqRvv5z3+eg997kp95939A0zT+7FOf5qmDB8kbeS699DLe8wu/wJtuejO6rpeek8vl+OIXvsCX/uFLbNu2lUQiydEjR1hYXOSSSy4hlUrxtre9jR/7iR+nOPl6/ze+wV//1f9F0zTGx8eZmZlhbHyM//TzP8/Fl1xiHZtpcsfjn0BKyZ2v/kUuH9pTMdbTqRn+8/f+jPnsMn/7xt/hzsP38vT8cfYP7GB37zjPzL/EYm6Vm7ZcxS9f8sMMRnt5eOowf/Tc5/nz1/0alwzusmVsObfGex/5GLdf8nZ+dt+/C+xMCMNdlDcjNZOpsuzj/VVGW++K4HpdHFag2uRCndoB2mSVJqXcRKuOG6R9lgq5sIOOWQFRzZsNfzXZB862/Nnw6AdnVf684+w2e8fZbXYMv3qpKdfmOnHi0a6uB5xVV3x51okify3XiRLOTdaLB/42VCdB6KWsTrgC1YE/Gx5b4Sv+/bsNdOLkKy5x7jpfUeIvAL3Y8VfGY9f6igrOrnn0jnNH+YpLnehnDyF3XgWxJAJBTNPYuXCME6PXgNQKOxel2lb94t4FET2GzOWYmZnn5VdOk84ItEiCnJbh3EqeQ8fOYOhRLliD4c1pkn29aLrGasZkKqXRM7QDQ+9FINAwQUiQZfuyTjx2zL1AVNdKOGPkiMydKOHQkv4rDF8hM6uQXdvoYbQsumoC1TzxGNn7fseaPB3eTeyW/4625/XrG1x4E5HX/yLmicfJPXgX+Sf/lsi176qooR94O/GxS8j+3XuQC6fIfvnXiP/s5wGBpmk8/9xzfO+JJ/j8393Lv3zrm1xzzTWkM2mEEEycPs3H//hP+Kl3vIMP/d6H0TSNhx96iD/873/AB97/q9z5Rx9l/8UXl/Y1cfo037z/fnp6etAjOne8//1s3jzCkReO8Jv/5b/w/jvu4GOfuIvvu/lmAKSU/Nff/h0efvghPvGnf8rVV18NwNLSEr/83ttZWFjgU3/2aZLJJABrqTU+99nP8kd33sknPvmnvPFNbyIajSKl5Pc//GF++idv5c4//iNufutbiWo6RxdPY2KSN/O12EqTo0unmE4vEteiLOZWObY0wS9d/Hbesfct5EyDPz/2VX7/6Xt4buEE99z4W5xLz3NydYr/e/x+/uDq/4gmRE3dTx35CidWz3Fqdcov/WF4iOqP71dMplLW5MiyJgbrcSEEZvG2KQuTpZYZFlyw5v6WX9F1MEulK7rFjE3GIas269XZrqnE/vk45To4hytQ1XF2y58fnBvyV+oS/eHtWie+cG6BTpx49KsTjzx6xVmVv5brRAHnttJLs3ylplxAOnHiseL5zfUVPziHK1C7zFf86qRTfUWBv0B8RUUn3eQrzdKJR5y70leMHJw6iNxnzYUIYBerzKamSPVtoXiKUXpUFIZj/T8iJKSzrC2nefbYCSamlxDxftBjmEaeIytZzi4e4fipabZtH2V40xDJ/j6Sw6Mkx/eRl3GLVdMAbf1ALSytSK5MstNYqeBJn3sFzKwSj751EobnkEjk8txGD6OloW30AAILaZD/3j2QtX79K3rzb1dOnpZCoO1+DfGf+nPk/AnbUtrofiLX/xwgMCcOYp4+WHosErHmnI8eOcInPvlJPnLn/+Jjd90FQLK3l1//4G9w/WuuR9MsaG94wxv4qdvewbGjR/naV++r2E9vbx8A09PT/K+PfpQrr7qS7Tt28Jabv4+ff8/Pk81m+eY37i9t//zzz/Olf/gHrrnmGq666qrS/QMDA/z7t30/j4ZVg60AACAASURBVD36aMU+HnnkEe762Md480038X0330w0an2MXgjBL95+O5lMhr/6y78kk8kAoAut9FeDSdn9US1CsvAR/4gWKdync+PYFfRHEzw28zyGNJlIzZA18vzzme/ynXNP19Rczaf5zItftzBIL9pyEUZzo7wZMc11MypOlhZNq/zKK9hkYZOlQ67af3md2gHaZKemxGl7h+P2Mu6aXAcP11fOq7dzairttgtwvPXw8Ipz3e3L6gY67gZ4eMXZLX9+cG6Ig3AC2h3ODXmsKdfmOnHi0YkXRZxVzzuvOJcBXptt6rZcJwo4N10vHs47rzgHohOncdfbvg4OzfYVPzir8heoTorZjU4CPO/8+ndb6MTJV1ziXHc727LB6rtj+i8X+rbDo2t9RUUnTjw6vX55wLmjfEVhvJGzzyJWFyrwuGL5BfR8mtpZReu9nik0kBqxWIxcJsu56UWmF1LMr6SZnJlncmae5ZTBmpZkxYhzYnKBF46c4JWTZxDxAXpHdpIXMYxIDKmBFhEITUNUzS/o+TSXzx+pHHdujcjMi8rnnW+dhOE90iuQz270KFoaXTOBKhcmMCeeAkAMbkff98b6T4gmibzhfY4Pa3tfj0gOA2Ac/eb6/bqGYRj89G3vYHy88kemhoeH2bZ9e02tvXv2IqVkdna24v5YLAbAzW+9ueY5N9x4IwBnzpzBMAwATp86DcD4+HhNw7Nt+3aEEBw7dgywru7c/8//TDqd5vts6o+NjXHR/v288soJzp45Yx2b0Ep/1RHRNHShIxBoQpCIWBOoMW19EfN0eoG0keO1o5ehC42za3NENJ3p9AJ/dvSrmGVXnDJGjr8+fj950zq2mfQChjQJo7VRmjy1u7KOqLqyW7jKVMiUZ2mThUO2277GxIsDtMlOTYnT9g7HHeS47fCoWdng1MRXb+fUVNptF+B46+HhFee625fVDXTcDfDwirNb/vzg3BAH6QS0O5wb8lhTrs114sSjEy+KOKued15xLgO8NtvUbblOFHBuul7awVdqygWr73o4NNtX/OCsyl+gOilmNzoJ8Lzz699toRMnX3GJc93tbMsGq++O6b9c6NsOj671FRWdOPHo9PrlAeeO8hWF8WJk0Y8/iCx8ulQiiWqCK6Yesz0EKQQ5QzK7uEI8uYmFNZO5lQyZjMQwNExTYOQNUmtrLC8vsrg0TySqc/Gl+7nhDTewd+8FRKJRQCARIATl7+6FEKW/y6ceJ1KYciiONzL1fOXxuzzvfOskDG9h5JBLs42367LongnU5bPIlWkAtG2vAj3W8DmiZ9D5seQmSG4CwDxjrZ4UQpQmFy+86CJX48rn8zz//HNIKUurUosRiVqTj1u3bat53uhm6weVzMIEI0Bvby9gfQ9qdSwtLiKlLE3KplIpjhw5Uvr39554gkPPPMOzhw/z1MGneOzRR9E1jdWVFVZXrVW7utAwTJMjS6c5NP8yzy68Uvo7unianJmnOG9bnDgtrkp9au5F/uT5L7C3fwsfvurdAJxcneLK4QvY1TvGd849zbMLL5fGe2jhZT599B/56b03ATCXXSFznvxyW1uFKHzM3m7ylPUru0Xi7a4ISig8z/sV0qZd0XUqG/CV6I5ZAVFnvPXw8Ipz3e3L6gY67gZ4tN1KIadx19neMfzqpaZcm+vEiUcnXhRxbvkKCJf8tVwnCjg3XS/t4Cs15YLVdz0cmu0rfnBW5S9QnRSzG50EeN759e+20ImTr7jEue52tmWD1XfH9F8u9G2HR9f6iopOnHh0ev3ygHNH+YrieLX5k2gvPQoFnAH6dMFFk4/UHoIQrKymOPbSCbSeAVJmDytZQcaQmLLwHtHMo5s5YjLL1pE+brzhOt5442vZMr6ZaESgC6uWkCbFqc/y+Ush4KIz/0avqByvPnMMfWWq8vhdnne+dRKGekgTc34Syuaqzpfomu9AldkUFK6u1JsYdR1CK7wog1w6s353QbCRsh92Ko/FhQW+/e1v89yzz5HLZTENk6WlJYQQpY/QF6M4GVt9v7UfK+v6OkVXX3M123ds59ChwywtLTEwMACAYRg88J0HEELw5pveDMDa2hrptPVlvk8ffIqTJ06i6xqmKTELK1qvvPoqrr3uOoY3bSrtIyfzPDx1mJeWz1oTqtLAkCbzmWXSxvrybF1Yx/8/nvkcf/LcF1jNr/GTe97Mz1xwM2M9QwCcTc3y1m3XsjUxwkefvZe7j/wjn3zt+zGkyV8fvx9d6Lxn/y38xbH7WM2vkTLSJAsrW8NoTUhZ9cNR5d+JWmxSqpobilkKEIXb1uxpKZevaEUIKH8c+8laW3dzMkW3Vxodrjha+1fM2GQccr0VD9UZm+zUXNo8H6eMTcYh16tT3Zwo4OyWP384q/LnDWe3/PnBuSF/0kEnini71okvnFugEyce/erEI49ecVblr+U6UcC5rfTSLF+pKReQTpx4rHh+c33FD86B+4pT+NVJoHrx599toRMnX/Grk071FQX+AvEVFZ10k680Sycece5aXynU0ScOYvZtIr/lEus3LpCMixy9E//Ks1tehxGJg5Cks3lm5haZX0px6MVXGBseJbppM7lYnOxaFkwTXZpEhGS8P8Fl+3ayY8sIupBIM4cpNUx0pBAITIQEExBogImeT3Ng8hGSohJnbXmSyMyLzq9zDXj0rZMwlEIiYXHqvPvofjG6ZgK1PMonPD1HdtWalAUwan9UyS6+8qUv8yd//Mdc++pXc8f7f4Vdu3YhhODBBx7gn7/+9dLq0GKYhY+sWy8elVG8KxaLlVauJpNJ/vqee/jQ//e73PHL7+O2d95Gb28v3/nOdzh69Cif/PSnuObaawHQdR1NsyY57/jV97N7925Xx5DQ4/ynC9/GZUOV259aneZbkwdZyVuTsjkzj0Bwx6U/wl8c+xqnVqeR0mRz3Jq8XsyuMpNZZFtyMz+95808NvM8Xzr1MLdf/HZSRoZHpp/lP1/+U2zp2URcj7KSW2M5t1Z6fhitCSEKPxhVlmUxs96kaEVzkgIEhWanLIvajCzclhR+SKrsthCl/Uu5Xqd2gDZZpUkpN9Gq46ZwfDVZKuTCDmpyOX4oNIPlTaFdc2lbF/e5mrc6/JWyD5xt+bPh0Q/Oqvx5x9lt9o6z2+wYfvVSU67NdeLEo11dDzgr8ehHJ4r8tVwnSjg3WS8e+NtQnQShl7I6zfeV5uvEtV5UdGLDYyt8xb9/t4FOnHzFJc5d5ytK/AWgFzv+ynjsWl9Rwdk1j95x7ihf8agT7cUH0HqGYGhrCe8+TXDg3CO8OHgpi/ERzkzOMjk1i6bHuO9r3+SmG19NtH8YPdmPTOWQ2Qy6MOnv6+VVl1zARbu3IfIZsukUiUgfhmliIMiagpguERgYaAg0elem2LfwHElRiStrS0TOHraO2+PrnW+dhKEUcmUe0qsbPYwNi675CL+I94FureQ0Tx+E3JqvenJlCrlqfaeD6Olfv7/QZZR/nydYq0D/50c+AsCvfuAD7N69u/BiB7mcNQGrVa1aLa4EtWtc8oVJ21gsVqoDMDQ0xP79+9l/8X5mZ2c5/uJxbrzxRv7+i1/gLW95S2m7vr4+hoetlaAnT9j/WFZ1GNJEOry6SGTFOM3Ctj16jE9c/z7iepQ/P3ofj81Y311yOjWNKSWj8UG2Jzfzi/t/EFNKPv78F/n4c1/g6k0X8WO7biSuR9kcH2Q1n2bFJ2dhqIfdx/eLGVnW5BTIL54fJpW3S4+XZ+GQC48X/8rr1IS0yfVM0SlXl7Ubr8txV+RqHMrwqFnZUK9Zr852TaXddgGOtx4eXnGuu31Z3UDH3QAPrzi75c8Pzg1xsH2X2wBvFb3UlGtznTjx6MSLIs6q551XnMsAr802dVuuEwWcm64XD+edV5wD0YnTuOttXweHZvuKH5xV+QtUJ8XsRicBnnd+/bstdOLkKy5xrrudbdlg9d0x/ZcLfdvh0bW+oqITJx6dXr884NxRvuJRJ8LIoT//dViYQEqzhHufgAPzzzJ88nu8+NJpTpyYYGZmhsnJc3zhC19h4swMOVOgxRLE+gYY37mHK6+5jmuvvYYdW8cY6k8QjegIPcbSioEeHWByap7iqlMhDLZNHeTS+cMkhVnpA2uLRCeehMKnXL2ed751EobLkMiVWViZ3+iBbGh0zwRq/xZE3xgAMrNM/qnPQz7jsZrEOP4dyKet2iMXWPdKWVo1Wh2rq6vMzszQm0yS7E1WPbZSeMGvfE7xu0xzudrlz8XHNL2Sor/97Oc4+OSTfODXfo3b3vlO3v1zP8sb3/Qmenp6KraLRqPc9JbvIxqN8pUvf9mxQVpcWCg9ZmJiStP2x5zy0sCQBqaUmFKSMixsc6bBZUO7+Y0DtyKE4H8c+hwTqRlOrFrfYTIUs7639U3jr+LSwV3885nv8t3ZI7xj701ECytktyY2sWZkWMiu2I4xjOaFXVNpmhJsrwAXr4ja5NLJXXZbOmRsMlXioKJcZXZqSpy2dzhux+xh3HZ4uL5yXoNznebSZvugxlsPD684192+rG6g426Ah1ec3fLnB+eGOFSbiBu8VfRSU67NdeLEoxMvijirnndecS4DvDbb1G25ThRwbrpe2sFXasoFq+96ODTbV/zgrMpfoDopZjc6CfC88+vfbaETJ19xiXPd7WzLBqvvjum/XOjbDo+u9RUVnTjx6PT65QHnjvIVHzrRsikih/8Jbfo4kvVJ1KiucUUixfu2TXGxmGJudgYhTI4dO8Yzh54jZwiS/YPs3LuPN33fW/n3P/wjbL1gL/G+fnoS/URjCUwtjtQSSD3Js8+/xNxiis2zL3LtqQfZk58joomK8Wqrs8ROfReRW/N93vnWSRgNQ5oGcn4SubKw0UPZ8OieCdSBbWjjl5Zu5x/4GMaL/+qpllyaxHjuvtJtbcerS/828sVVo5UTkr29vQwMDnL27FlOnTxVuv/0qdN86YtfREpZ8+NPqZS14jKbrZ1ATa/Zr8Y8e/Ysx48f56/+8v/w0IMP8vhjj3HwySc5efIkhlH5Jb4/8mM/ytt/+Ie575++yv3f+EbN44eeeYa//Mxn1o/NNMmbJnlZ+2XARtn9edNgtTC5XLzvPRfdwm1738ITM0f51e9+khMr54hpUYZj1urdqBbh3Rf+e3KmwaWDu3nN5nWuxnqGyJkGZ9fOv19x2+gofleptaK68rtLy6/smqb9lcDiSuxiLr8iKIX6FdKasLuC6NSUOG1vVzbgK9EdswKiznjr4eEV57rbl9UNdNwN8Gi7lUJO466zvWP41UtNuTbXiROPTrwo4tzyFRAu+Wu5ThRwbrpe2sFXasoFq+96ODTbV/zgrMpfoDopZjc6CfC88+vfbaETJ19xiXPd7WzLBqvvjum/XOjbDo+u9RUVnTjx6PT65QHnjvIVnzoRRg79ua+jnXwKs/CVfEX8R/oSfOD1O/jIa6K8fWeeCzcnyJuSgcHNXHTJZbzujW/m8muvY3TnHnp3XkJsdBdGTx9mtI9UXqN3ZAt6fo2r9EmuOHU/F6QniWu1etEWThM99XjtylOP551vnYRRN6SRQ85OIDOpjR5KW0T3fAeqpqNf8aPWpKmZR6YXyd3/+4i+zf+PvXuPk6su7P//Pmdm9hayYTfJQjbZkJDIxmaFhBAqoUSRu0qg4BfiBTFUsAVra6m21q+o9Nevrcj3q1aw36IGLKUJX6UkViFySQFJLAkQMassTULI5gKby5KNyd5m5vz+OHPmnDNzzuzM7Mzs7fV8PDZnLuec+cznzNkz+87nInPWkrx3Yx0/rIH1t8s68rq739ZL7OcsS/G4HYJmhp6RSESf/tNP65/u/a4+d/vtunLFCvX39+vwoUO65kMf0q6du/TYT3+m1gULdPUf/qEk6fjv7BaXJ05kfxh7e+2Asr+vP32xkKSP3XCDXnnlFX3rm9/0rW8YhqZOnaprPnSt/vyzn1UkElFjY6O+9JUvS5L+8rN/oTPPOlO//+7zVF1dpZdfflnHenr0mT//rAzD0GAyoYhpqsaoCmxlm7ASiplRTY7V6kSiX/2JQU2O1ao31co3Zkb1qdYP6j/f+pW2HdmhfccP6eSqSar1TAp17ewL9I+//XetnHuhb7Ko2ZOaNDlWq6ODnJSVZkj+iaMyloYMJZUaA1VKfUmR774U/D+CluUu5W2xEbSUEXxtC/ofxFxfSnJdRL27NewnApdWAcvUC2QtC2kBEfalMOjLZeB+c9RrSD1nLY0cy2HUc+DxCziOw6nnQo9f8fWc77L4es53GWq450vW7kb5eRJ2HIP2W0Q9F3Qch3OeFHj8Kn6eFFTPZT5fijh+I3qelOJ88eyn/NeV8p8neZ8vhZwnAcexEteV4V+/R8F5EnZdybOex911paDjV4LzJej4eY7juL2uFFLPeR/H4ut5TF1XSnSeRF5/Xsbxw0rMWSqjdorvOMyZ1qAbp52sTyydrzcOdmvn8Yisaaep6qSYTjb7dGxAmlI/TZNjb8o0BmW9vU8nJwdVd/DXqrIG1faOkzz789RfMq7oW79VpGff6Pr+hRCWrONH7TFPQ3phT0SG5UT440G8XwOPf1mJX/0/97HqkxRpvVSx9/yFjPoZ4dsOHFdi92YNbviKrJ4D6YejSz6m2OVflSRZlqUDBw4oHo9rxowZisViWbs52NWlzZs260TvCbUuWKBFixbJMAx1d3fr0KFDmjVzlmrraiVJXW91aXBwQHWTJqmhocG3n97eXh06dEhVVVU65ZRT0o+vX7dOG5/eqOXvWa4zzzpLtTU16uvr14svbtV3771X+/bu01fuvFPXr7w+PfmUZLeEffXV3+rI4SOqqanRmWedqTlz5/qrz0ooYtjbGOkrgC1pWelfhIZht0KNmhElLSu9jWR36Y8YZnpSIsPw78tK//J2JVLjsGSui/Lr+tLkVBhqZS9TF1HTc9FOX8YM93KWdbE27aUMQ0Zq6XvcczUzDMl/dctQpouip1j5LwspTvpLwDC+rActA7YPLXAhJR6yAoqr56JevuB6LvT4FVfP+R6/4dVzvsdvePWd73EcXj2Pw/NkyONYXD0XevzG5Hkyms6XMXmeVOZ8GV49F3r8CqvnQo9fwfVc1HEc3u+liXSeZO22rOfLGLquFHKejKbzpajjN0bOk1FwvlTyPFG0SonmM5U8bYkUiRV2XhRwXYm8/YYiXf8tw4qX4Xwprp4Rzuo/LqvnsJQYHHrlcWbHX23O+fz4ClAlWT37NfDwLUq+9Vv3QTMic8a7FFlwucymBXaQWlUnJROy+o7JOrxTiVcfV3Lfy7KOvZXezGicq+rr/jk9BupIe3HrVv3V5z6vv/6bL+h9F13kC0gTiYSefuopfebTf6qVH/6wPv/Xf6Xa2toRLC3GgoNfsodYMFPhprN0/qfTH6q6XxnM1LXKTD3oPG547ltWar3UtU3KvubZLV0LvNYVeK0N3nGJvmTl2E8pvxTm/pJSpi9XzrLEXwqDj+NwvsQWdvxK+cdTaAuIIus5749d0fVc6PEb5edJQcex/H+MlP88cZYVPk9G0/lSxPErvp7zPX7Dr+/Rc10p/3mS98e1GPmcJyU8X8bFecJ1pTLfv7iuFF/PeR/H4f9eGhPXlTKdJ8mqOlmzz1Fixu/JMKOFH5+QpXl0nyIH/zs11ukYOk8mKCsxIPUcktU/cSf3HipAHT9d+FOM+mZVXfOPGvjxbUoe2iElE1IyoeS+bUru2yaZURm1U6SYHaCq/5isgePyN0s2ZLYsUdX7/27UhKeS9MiPH1F1dbUWn322LzyV7CEELrr4Yk2aNEl1k+oUiURGqJQYS9yLj/3lw9ed3/AvJUMy/P/TO9T/zHuXhunux1kmk0kZhpneX3gB81gqxzJzt5aVukgXsFTAUiHLQr+sZy4L+PKYWc8ysus5vVTIMtd+DKPoes7/O/dw6rnQ41dcPed7/IZTz0Mev/S3xOHVd97nybDquQLnSdhxHO55UuRxLLaeCz1+FT9PCqjnUXW+lOu6krW7Ep0nYcfRt315ryvDqeeSX1fCDPc8Ken5Mrzr96g4T8KuK8M9T8bqdaWA41eS60oh58l4uq6U6zwpsp7H7XWlgPPEHDgh67+fkbnnRSWmzpHZ2KJEw2kyIrHw4xWyNI+9KfN3XTKOH5YR75PKfF0Z9nky0cX7ZfWfsMc4Hegb6dKMeuMuQJUko3GuYu//X4o/+y0ldj0n31mTjMs6flhS+IRFxrR5il301zKmzS97WQtx/Pjx1C+WYAMDA4rH42pra1NVVVUFS4axzL7WpC6ehmepjKVlrydn/fR2Sq2n9Hrp9T1LZdxPP+7ZXxYjYFnIlxTvRdS7W8N+InBpFbBMvUDWMlVvvmWhXwqDvpQE7je4XgOX3uPmXRo5lsOo58DjF3Ach1PPhR6/4us532Xx9ZzvMtRwz5es3Y3y8yTsOAbtt4h6Lug4Duc8KfD4Vfw8Kaiey3y+FHH8RvQ8KcX54tlP+a8r5T9P8j5fCjlPAo5jJa4rw79+j4LzJOy6kmc9j7vrSkHHrwTnS9Dx8xzHcXtdKaSe8z6OxdfzmLqulOs8cZb9v1P0QLus/dtlRquUbGiRTpouq65BRlWNrEi1jLoGWYYps/93UnJAkWRCVm+PzHivjGNvyUzGPce1/NeVYZ8nE4GVtHOwZEJKJKREXErEZfUft28jb+MyQJUkc+YiVV33z0q0/0TxX/0/Jfe8MMQWhoyTpit6/q2Knv1hyRx9VfOe975HTz/1lLZu2arLLr/M91xvb6/+9s479c7f+z1detllIXsA/HyhaeZEUoa7TGZ82Ula7sVWsteTMfTSucp5/6fRu5/sAqqwi2LYMuB928UpYKmApUKWhX5Zz1wGfalU8Pah9a2ApUKWQx634uo53+M3vHou9PgVV8/5Hr/h1POQxy/9LXF49Z33eTKseq7AeRJ2HId7nhR5HIut50KPX8XPkwLqeVSdL+W6rmTtrkTnSdhx9G1f3uvKcOq55NeVMMM9T0p6vgzv+j0qzpOw68pwz5Oxel0p4PiV5LpSyHkynq4r5TpPiqzncXtdGe55Eh9Q5OAuWQd35j5ucufOkAwlUtsn05/jHMu8Ky7XfkLqGSiDcTcGapjkwdeUfO0JJQ/tlHVktzTYK0WrZEyZKWPafEXmXyjz1IVSZHS33Hz03/9d//rgg3rHGWdoyZJzVFtbowMHDuiXm3+pBe9coD+59VbV1dWNdDExRnQ5Y6Aa9tUmaGlZztio9pimUuqrg2GPgWrJPyZq+r7lHwPVsiTTzL7mSUZh17oCr7XBOy7m4lzYRX/YXwpzfEnx7zf/4hZabfaXrOHUc77HsRJfrtwvxcXVc77Hr/h6zvtjV3Q9F3r8Rvl5UtBxLLyeR9954iwrfJ6MpvOliONXfD3ne/yGX9+j57pS/vMk749rMfI5T0p4voyL84TrSmW+f3FdKb6e8z6Ow/+9NCauK+U6T8bwdaUs5wkmrAk3iVROyYSs/mNS79tSMi6ZEal6soya+lEfnDoSiYRee+01Pf+L57W3c48k6aTJk3XBBRfozLPOYuIoFOSt/3lSeoKorImkZEiG/T+KztinRmop2RdP57JoyL7qGamrn3NfqYusvI9nXM0Mw/Tcz1Cmi2IlvvSW58t69vaV+NJb2i/pQ7x8wfVc6PEr5R+12dtX4kvvcOs73+NYiS+9Y+o8GfI4FlfPhR6/MXmejKbzZUyeJ5U5X4ZXz4Uev8LqudDjV3A9F3UcyxGWjs/zJGu3ZT1fxtB1pZDzZDSdL0UdvzFynoyC82XMnicjdl0prp6BIASoAEK99T8nyzDsa41h2BdTQ27o6Q9V/S1NZbhfIcJaoBqpi5hzjaMFajm+1Jfpy5WzLPGXwuDjWIkvV/Zy1LUU8tRz3h+7ouu50OM3ys+Tgo5j+f8YKf954iwrfJ6MpvOliONXfD3ne/yGX9+j57pS/vMk749rMfI5T0p4voyL84TrSmW+f3FdKb6e8z6Ow/+9NCauK+U6T8bwdaUs5wkmrKECVDPnswDGNSt1NbH/Tf1PoTwXRc9Skj2WjW+71NIKWBohy6D1w65qVsAy10UxbJm527ByFFnuoPrIrL+cXz4yl7m+1GQelxKVN1d9FFvPOdf3fRcsYbmHqI9i6znf4zeceh6yHqwhvv0N93zJ2t0oP0/CjmPYcSmwngv93BVbz54Kz14G/u1U4fOkgHou+/kyGq4rWbsr7fmdqx7KfV0ZTj0XevxKep44y3zOkxJ+7oZ7/R4V50nYdSXPes65XuBuS3t+j5nvX3mc30H1MW6vK4WcJ2HHMez3VxH1PKauK+U6T/Ks59F4XRn2eQIUgAAVmMDci5yyL5ryL531A5dGwNIKWQatn9pPQAGzl2FfSsLWD9ptWDmKLHdQfWTWX+iX+Mz1wr6MBK1XwvLmqo9i6znn+p79lrTcQ9RHsfWc7/EbTj0PWQ9GWEXnV89DHses3Y3y8yTsOIYdlwLrudDPXbH17Knw7GXAfit+nhRQz2U/X0bDdSVrd6U9v3PVQ7mvK8Op50KPX0nPE2eZz3lSws/dcK/fo+I8Cbuu5FnPOdcL3G1pz+8x8/0rj/M7qD7G7XWlkPMk7DiG/f4qop7H1HWlXOdJnvU8Gq8rwz5PgALQhR+YwA4ePCjDMPL+kRR637ntXea6nesxAAAAAACAStm2/fWcz9MCFUDJ8P8xAAAAAABgvCFABZCXXOEowSkAAAAAABivCFABDCkoIC1VoEr4CgAAAAAARjMCVAChCDcBAAAAAMBER4AKTHCEpAAAAAAAAOEIUIEJLJ/wlIAVAAAAAABMZASoACS5QWnmMt/tAAAAAAAAxiMCVAAFh6bDfR0AAAAAAICxggAVQMEIQgEAAAAAwERBgAogSykDUsJWAAAAAAAwlhGgAgAAAAAAAEAIml5ZjwAAIABJREFUAlQAAAAAAAAACEGACgAAAAAAAAAhCFABAAAAAAAAIAQBKgAAAAAAAACEIEAFUBDLska6CAAAAAAAABVDgAoAAAAAAAAAIQhQAQAAAAAAACAEASoAAAAAAAAAhCBABQAAAAAAAIAQBKgAAAAAAAAAEIIAFQAAAAAAAABCEKACAAAAAAAAQAgCVAAAAAAAAAAIQYAKAAAAAAAAACEIUAEAAAAAAAAgBAEqAAAAAAAAAIQgQAUAAAAAAACAEASoAAAAAAAAABCCABUAAAAAAAAAQhCgAgAAAAAAAEAIAlQAAAAAAAAACEGACgAAAAAAAAAhCFABAAAAAAAAIAQBKgAAAAAAAACEIEAFAAAAAAAAgBAEqAAAAAAAAAAQggAVAAAAAAAAAEIQoAIAAAAAAABACAJUAAAAAAAAAAhBgAoAAAAAAAAAIQhQAQAAAAAAACAEASoAAAAAAAAAhIiOdAEAVEDfUen1/5J+s0F6u1N6/ZeSpCZJg7OWKFk/UwPzL1Ri9jmyqutHtqwAAAAAAACjiGFZljXShZCk57e0a9v2HerY0anevn5J0tSGerXOb9GVly7TtEZCHaAom74nPf1Nqa9nyFWt6snqW/Yn6l/yMRmGEfgjKfS+c9u7zHU712MAAAAAAACVsG376zmfH/EA9dCRHt2/5nF17OyUJNXWVKmluUmS9Nquven1Ll5+tq6/6sIRKSMwJnV3Sv96s/TmbwreNDG9VSf+8FuyTp5FgAoAAAAAAMa1UR2gdu7r0l33Pqzevn6dcfosrbhsmVrnt/jWeX5Lu9Zv2KQj3T1qaZ6uO27/+AiVFhhDDrRL378+r1anoWrqdXzlD5Q85Z0EqAAAAAAAYNwatQHqid5+3Xn3D3W4u0fXX/VeXbx8Sfq5J599Ub19A2ppnq5FbfN1ordfd927Vnv3H9RFF5ytlVfTEhUI1d0p3XPF8MJTR029jn/iR76WqBIBKgAAAAAAGD+GClDNCpUjy5PPvqjD3T0675yFvvBUktZv2KT1GzbpntXrdOfdP5Qkfe7W69XYUK+nnntJnfu6RqLIwNjwr58sTXgqSX09qn3kM6XZFwAAAAAAwBgU+cpXvvKVkXjhe1Y/qlg0oj+/5UOKxaK+55Yufqda57foaM9xvb7nTbW/+rouXr5EdbU12rZ9hwYGE1r8rvnDK0DvG3ruodX6/sP/rsc2PKGNz23X3miT5p3WqOrh7bkA2/XA5x9Q91nna+6kir0oxrNN35Ne/nFJd2kcPyTVTFZy5iJaoAIAAAAAgHHnza63cz4fzflsmXTu61Jv34AWLZynutrsuHJaY72mNdZrcdt83XXPWr22a686dnTq/KULdf+ax/VaasKp4nVp4z/9X21r/bS+dGOzYpI02KVtD39f39v4R/rshU3D3D8wAvqOSk9/syy7rvrFveo+/VJZ1fWSCFABAAAAAMDEMSIB6onefklSy8yhg8rbbrpaTz77YnrdM06fpdd27R1eAbratfVAq674bCo8laRYkxZ99AtaNLw9AyNn1y8L77p/zdPSSQ9KP/xB7vX6elS3/9camH+RJAJUAAAAAAAwcYxIgFqIutpqrbhsWWl3WlujWnVpT5fUFprhDmr/cw/ogcdeU3c8qpPOuEQ3fvRCnVYr6dhObVz7iDbuOqi+uBSd/m7d+Olr1ForqWuj7vrGHi28Tmp/pF3xP/hLfeH9Ddq/+SH960/adTAuRRvO0CUf+aguPM1+pe496/Wdb/5CezL3BRTitxsKW/+ap6Xpz0j/d4jwNKVq19PpABUAAAAAAGCiGNEA1WmJWohD3T2qraka3gtPPk/XXfFLffMbf6Otsxfqgne/W60LZ6u5Nt0eVYPbHtB3tjbr01/9pJpj0rFtD+g7D2/XX97Yppjiarjwj/WlT05WTIPa+cjX9PAT79YXVjSntm7XL7ddp09/9UY1xaTBbd/TNx+L6SNf+LoWTZYGj2zVL/bEpdMk6aC2tV+iz/2vr2uyerXtga9p7RNLdMeK04b3HjHxdBcwtEU6PP1q3ptEevYVUSgAAAAAAICxzRyJF3W642/bvqOg7Tr3delId49a57UMuwxNF35WX/3qp/XRsyZrzy8f1ne+/EX9zV2PqKNXko5p6y9eU+uF71dzKlOdvOgPdPrOX2mXJE1u1aJ5k1Pd/2Oad8Zp6u4+4tn7Ql3zyXPUFHP3dcaKj2jRZPvZWOM5utC5owa9+4pFsu/VatFZ8/S77mPDfn+YgHb/V37rFRGeSlL00GtFFAoAAAAAAGBsG5EWqHW11TrvnIXavLVdTz77oi5eviSv7dZv2CRJWvSud5SkHLHaZs27YIXmXbBCGjyirQ98U99/ZKG+/tEG9fVK7Q99Xp9/yLvFQi2UpN439NzDj2jjzoP6XV889ZT/PbgV26u+XilWE1OwqGr9d4HRqdDxVQEAAAAAAMaBEYvrZs+crs1bpfUbNqt1XkteE0o565y/dGHpCxRr1DnnzNPDvziiY2pWTa208ONf141t2at2PHKPNkY/rs9+qU2TY5K2PaDP/ypsx7WqqZUG+wYlhYWoQAU98j67FeqnvlxYK9TqyUOvAwAAAAAAMM6MSBf+NY9u1Np1/ylJ6u3r1133Pqwnn30pcF3vOKkrLlum2266evgF6PqZvvNPG7XzyKD72LGdWr+xQ7OXtGmyJmvRu89QxxM/035nlcEubdu6U4OSotEaqbZWNTFJg/u1cWNHjhez9/Xaxp9oZ6pn/uCxbXpuG930UWJzfj//dR95n3TwPXaImqf49NYiCgUAAAAAADC2VbQF6oneft27ep06dnaqsaFeKy5bprWPblRvX7/WrtuoJ599UYvfNV91tTWSpD37utSxo1OzZzbpL2+9rnQFabpEH3n3T/TQ9/9W+w/2KS4pWjNDrVd8Wp86LzUa6Tk36tO9D+iBL39e3XH7+bOuuVELJc1b8VG1fef7+uLn44qedIauPKdVOhj+crXnfFS3HftXPfS11L4aztAlHyGMQok1tOQ/DqrktkT9+E3SD38w5OqJ+pnDKBwAAAAAAMDYZFiWZVXihTr3deme1et0uLtHZ5w+S6s+fIXuvPuH6u3r1/VXvVd79h3U5q3tWdvV1lRpxWXL8h4nFZiwfrNBeujmsu3+2Ae/pYH5F0mSDMNI/3jvO7e9y1y3cz0GAAAAAABQCR27OnM+X5EWqJ37unTXvQ+rt69fF11wtlZefaHuumdt+r4Tjq68+kJ17uvybds6v6USRQTGvtPfbY9T2l+G4SGqJ2uw5ZzS7xcAAAAAAGCUK3uA6g1PP7Hycp2/dKHWPLpRr+3aq1nN07Xy6gvT69bVVhOYAsWqmSJd9FnpZ3eWfNfH3/0nSlbVi3aiAAAAAABgoin7JFLfWb3OF54+v6VdTz33kmprqvS5W68v98sDE8uyT0qnvrOku0xMb9WJsz5W0n0CAAAAAACMFWUPUI9096ileXo6PL1/zePp8LSutrrcLw9MPB/9nt2VvxSqJ+vt9/+f0uwLAAAAAABgDCr7JFJ33bNWr+3aq5bm6ercfzAdnrbMbCrnywIT24F26XvXDW881OrJOvKH31N8+oLQSaOYRAoAAAAAAIx1Q00iVfYWqCuvvlCzUuFpY0M94SlQCTMWSp9+vOju/PFpZ+jgdf+mwWmtJS4YAAAAAADA2FL2FqgARtim70lP/Z+8WqNaVSfp2Lmf0vEzP+prZUoLVAAAAAAAMF4N1QKVABWYCPqOSrt+Kf12g9TdKR34jdR/TFbVSRqY+g4l6meq97T3aLDlHCWr6kPDUwJUAAAAAAAw3hCgAgj1xu79OcNSAlQAAAAAADDejfgYqAAAAAAAAAAwVhGgAgAAAAAAAEAIAlQAAAAAAAAACEGACgAAAAAAAAAhCFABAAAAAAAAIAQBKgAAAAAAAACEIEAFAAAAAAAAgBAEqAAAAAAAAAAQggAVAAAAAAAAAEIQoAIAAAAAAABAiOhwd9Dd3V2KcgDwaGhoGOkiAAAAAAAAQCUIUAl6AAAAAAAAAIxXdOEHAAAAAAAAgBAEqAAAAAAAAAAQggAVAAAAAAAAAEIQoAIAAAAAAABACAJUAAAAAAAAAAhBgAoAAAAAAAAAIQhQAQAAAAAAACAEASoAAAAAAAAAhIiOdAEAoJIMQ4pETZmmIcNQ6scY6WIBo95bB9/WKdNPHuliAAAAACghy7JkWZJlScmkpUQ8Kcsa6VKNPgSoAMY9w5AiEVNmxFAkQlgKAAAAAIBkNyhy2hRFIoZiMVOJhKVkwlIiQZjqIEAFMK5FIoaiMbvFKQAAAAAAyC2SanwUSRqKDyaVSJCiEqACGJdM0/6fM5MWpwAAAAAAFMw0DVVVR5RMWBocTCqZnLhBasUC1I4dnXryuZe0bfuOvNZvaZ6ui5cv0bKlC8tcMgDjjf1L3mRsUwAAAAAAhsmMGKoyTQ30T9wQtSIB6vNb2nX/msclSY0N9ZrWUJ9z/RN9/ercf1Cr1zyujp2dWrXy8koUE8A4EI2ZisXMkS4GAAAAAADjhmEYqq6JaHAgqXg8OdLFqbiyB6gdOzp1/5rHNat5um5aeblaZjbltd2hIz26Z/Wj2rSlXVMb6rXismVlLimAsc5MDXgNAAAAAABKL1ZlKmnZk0xNJGVPGp589kVJKig8laRpjfX63K3Xq7amSk8++1K5igdgnDAMQ1VVkZEuBgJYlpXXDwAAAABg9Kuqiky4IfPKHqBua9+pWc3T0+Fp574urV23USd6+yXZ3ft/8vPNkqQTvf1aveZxvZwaJ7WutlqL2t6h3r5+de7rKndRAYxhVVWmJtjv71EhnyDUMIy8forZNwAAAACgsgzD/ht8IqnIu62rqU7fXr9hk5589iVt2rJdknT/mse1fsMmnei1Q9JNW9r15DMvptdf/K75qq2pUm1tTSWKCmAMMiOGzAjpaTmFBZn5BKHFyrVvglUAAAAAGDkT7e/wikwi5XX91e9T6/wWLVvaJkm6ddVVkuzWpq3zW3T9Ve9V67yW9PqL2+Zr8d/9adnKMzAQ1z9+/xFJ0p/+0TWqqspdJS++8poeXvef+uvPfEQNU04q6LVefOU1/dMDP9Ef33illpx5RtFlBuDHuKelFxSS5rNutkIvqOH78pYhrMVqrucBAAAAAKUTi5nqTyRGuhgVUfEAdVpjvS5eviR9f3HbfN/z3uckexKqqY1TNK2xvizleWPvm9qTGh7gjb1v6h2nzyrL60jSu955ur5+x6c0qY7WtECpRKOmTJOwrBScADJXYJodlhqSDN/wCf51im8d6m9xav9k7i9XqOp9PwAAAACA0jJNQ9GoqXg8OdJFKbuKB6hPPvui1m/YrNtWXaXW+S2665616u3r1x23f9y33vNb2rX20Y3q7bPHSm1pnq5bV11d0iDVsqRNW3+jcxa1SrJvz587q2zjKFbFoqoqsNUqgNwiUcKx4cgVmgaFpc467nNW6r67jmRkbTvU79XMlzIMIzAw9T7vbhccqmZ2+c98DAAAAAAwPJGooXh8pEtRfhUPUPfsO6jevn6dSAWjh7p71NvbpxO9/aqrtcdK7djRqfvXPK7amipdeel5OnSkR5u3tuve1Y9mBa3DsffAQe14fZ9u+dgHJEnff+gxHTz8tpqmnZxeZ3fnm/rev/5Mbx3s1oxTpvq63ncf/Z3+/tsPaeniBdq2fYe6DnVr0cL5uvKyZXrwR0/o9T0HNHPGdN36ias0feoU7XrjgP7phz/RH3/8SjWcPFl//+2HtGxpm17+9X9r/1uH1DStQZ/86Ps1p+XUkr1HYDwzDNH6tAj5h6Zuy1L7ccsXlFqWFRCMWhlLZ928SpZH2Z1wNTg0tVuqZnflJ0wFAAAAgNIzTSPwb7TxpuIB6k0fvlyXLD9bLTObJElfTgWiTngq2a1UJemO229Mtzid1livn/x8szp2dKp1fotK4YWXf6sZp0xV86nTJElN0xu0bfsOXfrecyRJR48d1/cfekyzZkzXn918rY72/E7ff+hnWft59b/36I9vXKHut4/pvgf/Qzt379dHr71Y06ZO0fcf+pkef/oF3fA/Lgkswy9fbNcffeT9mnxSnX7wb4/pZ0+9oE/d8EFFIozpCAyF86QwYcFhUGjqD0yNVHDp2yr1vLcLfbnKnfm6Yc/7g9OhwlSCVAAAAAAYPjMiJcZ5K9SKpw8nevvV2zfgu3+itz9rndqaal93fWdiqc79XSUpx9Ge43qlfZfOX7pQkYipSMTU+UsX6vkXtutoz3FJ0utvHFBvX7/+8P1/oOlTp2j+3Jn6wCXnZe3rvecv0qwZ0zR/7kw1nzpNv9d6ms4+8x2aPbNJ8+fM1L43D/nes9cHLjlP8+fO1CnTG9S2YK56jh3XwOA4/9QBJWKQnw7JO0u9t8WpfwZ7b0tU9zF/MGl5xiENey3/6znd+fPnru+Wb6jXc8vnPOYOIeANSI2M9xxcHwAAAACAwkyEnqEVb4G65tGN2ry1XZ9YebnOX7pQd979gHr7BvSt/+/T6VaoUxun6LVde32tTZ1WqU6QOlztHbt1oOuwvvODR32PG4b93LKlC/XWoW5FTFNVVbH087U1VVn7ynysaVpD+vbJU07SvjcPhZYjaH8A8kPLwXBDtzYNbmnq74JvtzA1DO+YpMHjjgZ15y82kMxs6ep02/fvN3vyqOAxU/1dSTJbptIqFQAAAACGZyL8/VTxALV1fos693elg9BlS9t0+MhRXxf+FZct07bt/61vfPdhtc5r0aEjR3W4u0eLFs5Ld/0fjoGBuDZvbdeKy87X+ee2+Z57/oXt2ry1Xeec1apTpjVoMB7X8RN9akhN/hTWkhRA5ZkT4Jd0oQoJTr2tNe3V3Raf3s3dYNI/7qk3sHTD2LBjMlSY6g1I/dtljqfjLav7XOb7ddZ1W6Z690OQCgAAAAClMRH+Nq94gHr+0oU6f+nC9P2VV1+Ytc60xnp97tbrtX7DJm1r36nGhnpddMHZWnHZspKU4Y29b6rr8FFdf/X8dDDqWNQ2X8/916/1xt43Nfe0GZpUV6v/+PlmXfvB5Tra8zv99InNJSkDgOGjC78rn+A0syu+E0R6W5p6g1I3lLR8+8oOLJ2xUL0BpfNcvoOJW6mye7vie1u+uq8ZHOg6z3vL7h2KwC1DdktVgyAVAAAAAIo0Ef5cqniA2rmvS9vad+qiC85WXW21Xt6+Q4eP9Oji5Wf71muZ2aTbbrq65K9vWdKmrb/RrBnTNKOpMev5GU2NmjVjmjZt/Y0+/j8u1R995Ap9/6HH9MWvfU9N0xq05KxWbXn51ZKXCwCKZYeIwcGp2+oyO3B0Q1PvNu46bvCZGaZ695MdUNr7cpbJvMPHZDJ73VwtT8MCUqfsQa1T/eGrfKFtZgtV7zKojgEAAAAAKmzqizHKsMo8a8bNt9+tM06fpc/ddr0k6a571uq1XXvTY6DefPvdkqT77r7dt13Hjs70OKi1tdVqndeiRW3zfRNLARieN3bvT0+kk++PpND7zm3vMtftXI/lo7au4v8HNKoEtY7MDk4l79im7qRR/tnrnRap2VeEzFA1uwyZr5/ZerNQYaFlUIjplMkbqHoDX/d5ZT3mtnqVvHUUFKR6389EDVLfOvi2Tpl+8kgXAwAAAMAo1HtibE+I3rGrM+fzFUkfevv607dXXn2hXt6+Q4vb5kuSbl11lQ4fOepb/wf/9rg2b233PbZt+w6t37BJ1199oW8IAACYaHKFe04Q6O/GbgW0xPQ+H/SYN4D1d6t31g0LSpPJzG78Q4ep3vfi3T6snP6Jo/ytZf2tU4Nbz2YOBxA85IA/SKVbPwAAAABMTGUPUBctnKdt7TvVua9LLTOb0j8OJ0h1rN+wSZu3tmtW83StuGyZFrfN16EjPerY2am1jz6t+9c8rtnN00symRQAjDVBrTJthi9wtNezcnY997cqDQtN3a7wmZM5JZNWRsjpbud0kfdOOjXU+3Jbktr7cSa5ckJgwzAyXlNZZfOX0Q1TneEKcpXHWx/OdkGTTdGtHwAAAAAmlrJPwXLx8iWSpHtWr1Pnvq6c657o7deTz76kxgZ7EiknXJ3WWK/zly7UbavsMVHXb9hU3kIDwChjB4xB4anhCQktTxjq3M5upensy3nOG7p613Nfx146LUMzu/77y+PuP+h+rp+wbf3l8Jchu0zZZXHem7ceMvfvryu3/pzxY+069gfITlhb5pFwAAAAAAAjrOwtUFvnt+gTKy/X/Wse153/+180taFe0xqn+NZZ1DZPFy9fos59Xert69fFy+0JpoL21dhQr23tO8tdbAAYNXK1OnWDPu8kS4Zn9np/q0s36zMywsnMQNH7XFL+7utGKrj0t1aVnFapwV37w1t+pm+l1jPSr+GfBMt5f95xSp3XSma1kM1skZrZ9T4s93Trzglfve8xvFs/rVEBAAAAYHyqyBio5y9dqGkN9Xry2Re1rX2nDnf3+J63LEsXL1+iqY1T1NhQr9Z5LTn39fL2HeUuMgCMCuGtTv3jg3q7nntblbrb+faa1XLUG7i6r6P0PtzA1DseaXaXf/+2mV3tc79Pd73gfbktQb2PJz3d891yeENSt+u+N+x035uznRsyuy173WDaWd/frd87aRohKgAAAACMT4ZF30Ngwnpj9/50K7p8fySF3ndue5e5bud6LB+1dRX5P6ARET5RlBtgZoaDwSGpf3zS4JDUGyL6W1xm7iPokpHZ0jMzBHX3k90KNezxoP3l/uy4wXLqGV/I7N3U/3mUpKB9+Nfx1nFQoOqti8zXGC/eOvi2Tpl+8kgXAwAAAMAo1HsiPtJFGJaOXZ05nx+/6QMAjFFhXfb93dazW50Gh55uN//M/bn33W2dMUX9XeW9+w6esClzTFXvRE+23N3mM8cWdcrh3U+uCa2cdZ1JppzX8g9rEFSfStelv8Wudz9DtUalSz8AAAAAjGcEqAAwioR12ZdnkijD8E8o5R8L1NkyqBVocKvQoPve8VOzxw71hq3+8Vi9Ezb5x10durODs74bnvoDY2dfmeFs0PvKDlGzW7sGBanue8nc1t8KN3PIAOd906UfAAAAAMYfAlQAGCVyhaf2faWDu/AxS62AYDQ4OPVOzjTUNlL2OKje8kiW5yczvM0vRPS2YrXfX9L3vD849ZchrMzu/rzbOSGnf7vMgNh+Pbe1r79s3mPhvH9CVAAAAAAYjwhQAWAUyG5RGtQC00oHevYq3gmdsveX/VjQc9ktVbO3yWyZ6Qaldpd5b4tNwxeE2pIaOkS1fOv4u+un9pLM7DKf+X78Y51mvo/sCaiCg1T7saAd+cNh51h4h0oI6tJPiFqoLj32D/+iR7qyn4nWNKjtsgu1avlc1VW+YOXz1hP60tdf0ZtNZ+rOv7pEM4LW+fVa3Xz/3qyHo5Pr1NK2RB+79FzNri97SVM69cy/vKAOTdKyqy5XW7308uq7de92adEnbtdt76pUOQAAAIDKIEAFgBGWT3gaNFFUrlanzva5xj6VLM+Yp9717Oec2/6A0QkRvY+7AWkymQwIKu39hYWI3vfhlN27L+/ressUHqT6y+19HdM05A+CJW9waxjyBcL+gNrfGtUpqxvy+sdndW4TohZv6uw5Or3Rudevzu0HtG3dI/rG4A2646KmkSzayKmp18IFjakAOa5DbxzQ65uf099u/pUu+sxHtPK0SfnvK5/gNtBRbd+2W9tUr5ZLpbaKBbcAAADAyCBABYAREtx1PGi806Au+949udsE7d8O9pK+dYOC0+z9uvvxl8EOTN2AM3uyp1zvdyiZ45t6X8N9TbsM/omjjIz9ZIeozjAEbpCaOZ5sdnns57ytYzPHWDV8xypoXNTMlqnIT8v7rtUt3taMPc/qzq9uUedzL2nXRZfr9BEr2Qiqn6Prb/CHnUdfXqsvPbhXT/3z42r7yrVqi5W7EG267e62cr8IAAAAMGoQoALACMgVntr3/eOL2t3FJW+LyOxZ6IO74zvhqWVJmeOKZrba9L5GZnCbGZh6t/e2uPTvN6wrfO7nglqxBrUwzSyTG6Zmt5T17tcJUu1w098K2CuoZbC/rIbvGOUaFzXs+KAA9Y2aKqnz2FEdTT00eORXenD1Rr2wP6G4IpraulC33HCJTq+VpO265/YN2qZZ+sTNk/T46g69Ga/XNV+8WVdM7tILP/oPPbitW71xZ3iA5frY8vmaktr30R1PaPWadrV3JyRJtc1z9LFVV+ncRvvr04Gn7tMdP+vRqe/7gK7seU6rt/YoLqm+9Uzdli5DXEffeEnrH31RW/afUG9cUrROCz/wQd22vEWlyDqnLL5KH9tyj+7r2K31W46qbVnqHQxmvMeGGVpxw1W64rRJ6S73kqSuV3TH7a9ImqVb775ebT2v64WfP6fHXz6oN/skKaKprWfr1lXLNTvmr9db775eiwNLdVQdT/1Uq39+QIdT73nu0mW65aqzNK3sAS8AAABQWuZIFwAAJqqw8NR+LrMrvdsq1bntf9zyrZNMOut6f/xhZHB46r+fTCYDQ8xkMpm+7+zfv1/D85qZP+m9+X7cIQeMjPfoL7/3tb3lch8Pfi/B7zu7nty6C6pbfz379+ef1Mp9j/7Wp4SoxerTnp9u1jZJmj3Dbn361kZ97e+e1KauSWpdNEdL2+o12PGKvvbPz6YDVtte3X9fhw5Fq3Xq7BlqifbphdX/ovu2divWPEtLF81RW1O/tq97Vlt67C0GX/2xvvTdV9R+bJIWLpqjpW0Niu3frfv+brUee8tfsjef/qlW75mkxYtmae5kqafjFX3zp6+nno2rY8Nz2tRVrdPb5mjpolmaW3tC7et+rAdfLVXd1Ki1rUGS9PrOA6nHuvTYt+33OGWe/bot8QN65Ntr9UyPNLV1jpa21qtWsocFWDRHSxfN1VRJ2rlZ928tlLdfAAAgAElEQVQ5othpc7R00Rwtmh3V4Y4t+saP8i/wnkcf0jd+dkBHG2do6aI5Wjovqs7NG/WTnaV6zwAAAEDl0AIVACosu6WmPzwderxMd/3gQM47Vml2t/rM9TMnZworsxvoZrcONQ1DhhmRaZqpVQy7lE4XfGfTjLeRvY4lGZYSiaSspH3bHULA2+LVW5agVrfuCxqGPdmV3W3ffT/eY+AfpzS4HvzHJHc3fP8xDG6JSlf+oW27/27dnPlgtEHXrFyuKZJe/tlL6lS1lt96s244zX76xJYf6s/WvKLH3liulae5m7W8/8O646Lm1L0uPdYtSbN0/Z9dr3NTjw72HJXq7eefXLdbvarTRbfenN7PiS0P6c/WHNAj617UxbcscXfevFR/f7tdJr3xuG7/drt6du7QAc3VDNXo3FV/pnNjnq9cqQmhXn55h1YtmF+CmpKmTJ4kqVuKx1OvsVGP7Jfqz7tGf/uhufZjvS/orv/5nNY/3am7r75Wt8yzx0DtzRwWYPF1undx1NM6NtXidPur6tACteZRnsPdJyTV6eJPfETXnpJ6sOeoTjBeKgAAAMYgAlQAqKB8w1N/61P/9pm33RafVsbjyaxg1HvbOw6qtyWld5uwoDISico0nE4MniDQbYzpxJdZLUK962avY0iWoYhpevpIpFqeWkklEgk5rVWdbvL28Ab+MgYFws77dYLUoBDVO3FVWKgaNJ6pt9u+3ZU/MyQlRC2GbxKp2notbJuvtnlzNSUmSV16s0uS+vXst+/WsxnbHu7x3puhi5Y3e+43adE59XrkZ3t13199V08uaNHiRQu1rG1uqvt+l3Z1SVKjWj0hbF3rLM3VAb2+/6A6Jbv1pqRTFy1Id/tXTUR1krwvf2L/Jq3+0Svq6Oq3u/Cn9Pb1FVYhORw9dty+EU0NL9Bll6Bn8yO6eXPGyt1HJbWE76y3U8+s2ajHdnSrx1vEvn6dyLM8befNUe323Xr8f39T7fNadMaCs/Se8+YXMFEVAAAAMHoQoAJAhRQWnjqP+bf33na7zdsTGAW1DvWvF5xkZgeNyawQNxqNyHACU6vSoZ/9eqYRkRmNSIbz3hKKx5OSJ7V1xiF13oO9XnbY6cgOOcMe85YnO3h11iFELa2sSaQCRdTS2qJTa/2Ptjb616nLGHdzxkU36962HXpm86+0fecOrX+wQ49EG3T9X9yki09R6fS8oHu+vUWvSTq1dY7aaiUd6dKWPflGkfnoU8f2bknS3Hn+iLK2eZbamjK+7s2bonBH9czqR7R2pxRtmqGlC6olHdeubQd1uIASxRZcq7u//Lpe3tKuLds79cy6dXpqXbWW3fxJrVpQU8CeAAAAgJFHgAoAFVB4eBrW0lTyTo6UPU5o0hfI+VuSesuTDHjMu39LpmkqEkmlTpYR1rO98lIBrqGoYjE7OI7HE6n35H8PUtCEVJYbBsupeycAdevOG8K62wUfI+/ruPsVIWpZNenUJkldCdUvvly3LJ3kPjUY11CzM53oOaq6U+br4qvn62JJenmtbn5wr57Z3qWLT2nS6U3Stq4j6nhDWux04e/Yq9clqXm6WiQdyqeY+zv1miS1Xqw7bjlLMdnDDJQyQD368jo92CGpZo5WLLXD0RlN9ZJ61Dt5vj52wxLVpdeOa9D5+ndKk06V9GbXEb0ppVqHHlDHTkmaoVV/8RGdG5Pd9b/AANUeDmGuzr1ors69SNJbT+ivv/6KNm3eoVUL2ob7lgEAAICKIkAFgDILnp1+6PDUmaTIv47T0tRu5ehtJerdn791avA+3fW9+zAUjUbtgNHS6AlNw1iGJEPRiCnDsJS0LMXjcWUH0EZ6cidv0OzmlplDDVhZty3LyHous7u/+zpOUBoWoooQtQQWv/9stWx/Se1r7tOXXm5RS600eKRL2/dM0aq/T4V/gV7V2n/4qV5Qg1oXTFGd4jq0c68kaWpjvaQaXXzVHD123249de99erOtUXXxo6lWnvW65qolQ+WzrnlztFC71d7xnL62eodO1dF0a9Gi9OzW2n/5cSoQjevQGwf0enfCHhv21qvU5hTsXRfqmuZ/0SMd/6nb/6FDi5urpfhxdbx6UC0rb9OfL66R1KK22dK2PXv14Lf+Q4eXt+j0ea1a1Cpt6TigB7+9VtuapEM7U8Fx3o7omftWa21XneYuaNK0qHRi/24dljS1IVfrVwAAAGB0ModeBQBQrKBgLLMr+VDhqbuOd/Z3OwR01s0cz9QZJ1TyziqfHea6gawUi8YUi8ZkyBz9wWkAyzJkyEy/j8xANGicV7denH34605y689+Pumry8zj6w2v3aA7+Jh7DTWJF0KccqG+8MWLtXx2tQ517NaWbbu1vatabVedO8RER/N15Yda1VLfo45tu7Vl2151DjZo0bXX6bbFdvfy2IJr9bd/cqYWTj6u9m27tWV7twab5+jmL67SFYV08Y8t0S2fOVMLJ/erc/tuvfzGJF1z1azi33Nfj10ep9zxas097wJ96Ys36YqZ3v8Xb9IVn7lBN583XVOOHLDXf/WIpixYqivmOes16j2rPqDlzRGd2NOhtQ++qqP1NTr3hmt0TWudBvfv1ZbtRzTlA2drUUGFbNTSq5ZqUVNCndvtsrYfqdPcCz6gL1ydY+xVAAAAYJQyLP5iAyasN3bvT7eAy/dHUuh957Z3met2rsfyUVs3+hvRh8327nbBT6/p2SaolagT6tld//1Bnf95t0u6t+t/9tiodmtJQ7FoVJZGURf9EnFagg7GB31d+70fN2+rUO9n1w09Ld/n29mvfT/4eWcf/oeM9LbOsc9seTraW6G+dfBtnTL95JEuBgAAAIBRqPdEfOiVRrGOXZ05nx/96QMAjFFB4566wWVmS8XMVpD+/fjD0+yJkIJbsCp9OzOglaRYLCpZZtZYqOOF/b4MRSNVkiwNDA546t3whcwBW2fsx99NX3Im7soea9Xexruesz937FrvZ4Gu/AAAAAAwuo2aAPXQkR5J0rTG+hEuCQAMX/ikUW4IGhRqhoWndvDmhKeW5znvzO/+7YPHXpUiZlSRSKTkwalhSIZpyDQMGaZkGoZkuMFiZi7oe8+WlLQsWUmny7xV4vIZqq6qVjwRVyKRUNgEUEGBqhOUJpOWZxzVzCA8OER1W7O661iWkd6nG6wSogIAAADAaDXiAWrHjk6tXvO4DnfbAerUhnqtWnm5WuczRhaAsSk8PJXcMTH9rUTddf333SDRmTTKyljXP5lU5lia/q7rVqo1ZuaEScUxTUNmxFAktSyUkxE6dWUqex/JhKVE0lIikVRqyNeiWZYbHg8ODnhLkno+qFLs+nVue8NO76RRmSFq9tioqVcyvN34rcD9EqICAAAAwOgyogFq574u3bN6nRa1zdcly8+WJD3x7Eu6Z/U63XH7x2mNCmBc8I516m2VGJTX+cdJ9bZydEPYzBaoUlJuKGoFBqgRMyLTHP6v/EjEUCRqKlJEYFoMM2KHs7GYPedhImEpEU8qkRhGAmwZikWrlUwmFE/E5W2NGjSZk13/bhDuDzitVItSKbM7f1DXfm83fm9I6h8PFwAAAAAwmpgj+eJPPPuSWpqn66YPX66WmU1qmdlk326ervUbNo1k0QCgKLkmjZLcCYqCtvPezh7zNLj7vrf1oneWeW9AG4vFhhWeRqKGqqsjqq2Lqqo6UrHwNLAsEUNVqbJUV0cUiRZfFtOMqCpW5XvMP3astwWw/1i4z4cfC3ef3gPuHh/3c+L/rEjBQS4AAAAAYGRUrAXqid5+PfXcSzp05Kha57Vo2dKFOnzkaGBX/db5LerYYc9+9fyWdr22s1PTGqfoogvOVl1tdaWKDAAFKXTSKHdMVPm2yRwrNbPbflhglxm6maYUjVR5uqAXJhYzFY2N6P+z5WRGDFVFIlKVFB9ManCwmD7+hqqrqjQwOOAZq9TzbFZLUrc1sLclqvc4u8c0qCu/dxxV79iwTCoFAAAAAKNVRQLUE739uvPuH8qSNLt5ulaveVx79nVpauOU9ORRXp2p59Y8ulGbtmxX67wW/WJHp55/YbvuuP3jww5Re/sG9K37fqydu/enHzMMQ3Nnn6obr79MzadMVffR3+nvv/2QrrvqvVpy5hl68ZXX9OP/eFZ/8cfXZQ0tYFnSj/7jGe3cvV9/dvO1qq2pynxJABOQd2xM7xiZkjtDvPtc+hlfi9Vc4WnQuJvOOnaX/UhR4eloD06DRFNlLiZItSxDsViVEom4Egl328wA0w1Sc4eo7jHxvoblCUrDJpWiKz8AAAAAjEYV+Qt505btsiR9+faP67abrtYnVl6up557SecvXajNW9v15LMvpdd98tkXta19p85fulBPPfeSVn34Ct1209X68u0fl5XaV6lc+t5z9PU7PqWv3/Ep/d0X/kgNUybru/ev19FjxwPXP3j4qDZvbc96/K2DR/RfL/22ZOUCMPbk6rqfGZ75u4j7b/sD0qHCU++27k80GlUkEpUCJmXKJRo1VVsXHXPhqVc0lnoP0QLfg2UoGokpFnP/XzGzXt3HpVytg73Hx79O5m3JnYTK+1mhKz8AAAAAjCYVa4E6qbY63XJ0WoPdgrNlZpM+sfJyrX30aa1dt1GSVFtTpU+svFxTG6dIkupq7G3qUtuf6O0vWblqqqvUMOWk9P0PXnqevvnPP9KevV2a1Tw9cJvNW9t13jkL061QLUt67r9+raM9xzUtVWYAE0/urvvuuKeZLQzDu2gbsqykZ8zU8PDUu4xGozIUKagVo2na44qOp57isSpT0aip/oG4rDwbpFqWZCiiWEwaHIx7utpnThwlua2H3SEX3ImhzPR2mUM0eI+1u3+ltw/ryg8AAAAAGDkVCVAXt83XT36+WT/5+Wa1zmvR2nUbNat5uupqqzW7ebo+9qFLdfDw25Kk6VNP1oymBk1rrNes5ulau26jVl79PnXs7NTe/Qd126qry1bOWDQiSUokEoHPN586VZIdol556XmSpIOH39av2nfqHafPUjJZzPh7AMa6oGAsrOt+agtlBmve1qjOdm7rQ2f9pLxdxDPD01gsJlmFtbx0gsbxyDClmpqo4vGkBgfy//1sKKKqKkODg4PpxzJDVPeYW7I7c/iPmf0ZcI9VNn93f/s1wrvyMxYqAAAAAIycigSoLTObdOuqq7Tm0Y1av2GTFi2cp+uvfp++ce/D6tjZGbhN67wW3fThK7Tm35/WXfeuVWNDvW5ddVXW+KOlEk8k9MsXfyPTNNV86rTAdWprqvXeZYv00yd/mW6F+tx/vaIZTY1qnjEtPfEVgIkjbOIoZ5xLJ0gL6gLu5040ldnVO7WVZ9/ZM7xXVVXJSuYfsJmmoerqSKG9/MekaNRUJGJqoD+hZDLPprmWqaqYPblU+qHA8VC9gbbkHlcjffwzKzmoS77d0tR53tkPE0oBAAAAwGhQsS78e/cf1B+c25Z+7N7Vj8qSdMdf3KCWmU2+9Tv3dekHax7X6n97TIvf9Q4teMdsSdLe/QfVOq9l2JNIOdZv2KT1Gzal79fV1mjVysvUNO1kdR/9XeA27zxjtn754m+0eWu7fv/sd+rlX+/QjdddqlcJTwFIcrtz+7vaB00OFDSmqTeYs8M+/zr+8VWdlqeFhafRqKlY1fhsdRrGMKTqmogGB5KKx/NrjepMLjWYEaLa+8scm9Q95qaZ2YXfDVWdiacyy2av778f3noVAAAAAFBJZQ9QO/d16a57H1ZtbXV67NMTfXag+pd/cl1WeCrZLVZXXLZM965ep9oaNyw91N2jJ555UZ+7NXi7Ql363nN08fIlkqRoJKKTJtUOOQZgVSymiy44Ww+v/0/tf/OQmk+dptNPayZABSag8Imj7OAzO2Rzu+7nmhgo8zlvd/HMfcaiUcnKPzytqo4oEpm4rRhjVaZM09DAQPBQLVksQ5FIVIlE3P9wxnio7n3/8QlqMerf1h+yusfXacFKK1QAAAAAGGllD1DXb9ik1nmzdNtN7tilHTs69Y3vPpxzO2fyqBWXLVPr/Jb04/f84FGt37DJt79iZU4ila93njFbp05vUHvHbv35LR9SJDKxWnIBCBI2cZQbqGV28c4ey1S+9fwTT2V33Y9EopIieZewuiYi0yR8i0QNVZsR9fflF6KaRkQypXgi7pkoKjMczz6+ppk7TM3c3p0wLHtCqYnkrYNvj3QRAAAAgHHllOknj3QRxryyB6jb2nfq1lVXlWx/y85t072r15Vsf8WIRiK67qoLdfDw2zpt1ikjWhYAIyO49akUPHFU0KRR3nWdGd29EwjZk0Zld/G370ciETvYy1NNbXTIFvYTiWkaqqmJqq8vPvTKkkwzooisrEkG3UBVckNxbxd+pUJrb5hq+IJYW3YY6zzlXXcitELlyx0AAACA0aYiY6DW1ZRmzNJS72s4pk+doulTp4x0MQCMCt6Wgu4M7N7ALLO1qX/29ezb/saJ3oDVDtEiZjRrTNXAkhlSdQ3haRDDtIPl/r54XnUZjURlWUnfRFSZXfezA1V/GJraKuP1nAmjUuXyTCg1UVuhAgAAAMBoUpEAdbSpranSX//ph3Ou0zDlJP3Dl25J319y5hlacuYZoetfeel5uvLS80pWRgCjV76tT70TR2UHdIYsK+l7PGwdf2tDS7FoFeFpiTh11NcXH3LOJsuSYtGY+gcGPCFp1h4967tjmXonn8oMQzNbm3pbJhuG97M0cVqhAgAAAMBowuCdADAs/haC7tiVmWNihrUuzRzf1J2Iyl3fM2lULJbq3j80wtP8GIZUU5Pf/ydalqGqqpiyu9xbWT/eCcMyj6UbrPtbJLufG1qhAgAAAMBoUfYWqLU1Vdq0td3XUqZz/8H0MqwFTdg6m7a2q7amqowlBoDcCmt9mj3ZkLOt08I0+/HMde39RiKmZOX3/141hKcFsVui5jmxlGUqGokqnkj4Whln1ndwK9Hg1qPFtEIFAAAAAFSGYQX9tV5Cz29p19pHn1Zv30BJ9ldbU6Xrr36fzl+6sCT7AyayN3bvT4cx+f5ICr3v3PYuc93O9Vg+ausqPwpJZvd9m3eM08xWhUZW60N3DE0rfdudWEq+dZ3Wi4Zh5N11v7omkpq4CIVKJiz19w8dohqGNDA44Pk8WIHngbOuc9+ZUMq9nXnOeFsz+1uhuuG8P8CvlLcOvs0ETwAAAAAC9Z7Ib4Le0apjV2fO58uePpy/dCFhJ4BxxztplDvBky2o9anbtdu7D+++3O0yx0aVpGg0lld4GqsyCU+HwYwYilWZGhxI5lzPsqRoNKrBwYGMx91w3DBM3+NOa2Un80wmLZmm4XnO8oSp9j68x9wdHoLxTwEAAACgkhgDFQDylBlceWdat5fesU+zebcNavyfTPpDVud2JBKR8hj3NBIxFI3ya324olFTkcjQ9W3IVCQSSR9zb+tj53b48A1hvGOkGukf57PmzU2d0BUAAAAAUF78pQ0ABXLHL3UnDHJaDHoDrvCu+951/OsGvJpMIzJkmQxDqqoeej3kp6o6ktcYshHT25Ejd5jpH97B5h3CwVnH3Zf944x96p2ciuAUAAAAACqHABUA8pTd+tTbrdq7lNyWhOEtEO3wLDgIczaLRmPKZ/b16jxnkUf+8qtTQ7FYLCM496/hHfPWXcfKWj977Fz5lv7PnHObrvwAAAAAMFy5hsIzTYMAFQDykRmEumOgegMttwVqZoiWfd8fpgWFaIZhKJ9f07EqM6/WkiiMYUix2ND17xwjt9t9dnieORZuLs7TTqtm97a9/+DPIgAAAACgWFWxWM7nCFABoADe4NQJPjNbE2Z23ffnW1ZGS8PwsDUaGboFpGGIcU/LKBrLL5y2Wwq7LYrzC9Cz1/cHrem1Az5rdOMHAAAAgFKZenJ9zuf4qxsA8hDefV9yx0OVvK0PnVnX7ftJSVbgOKiOzNan+Yyywrin5ZdPHRsyZRhmzlaomTLHO7Usd2Io+/g7oamzz6DPHt34AQAAAGC4TppUq1mnTlNtdZVMw5RpmKqtrtKsU6fppEm1YtA8ABiCG2i5952QzJngx1m6jxu+QNXezr/PzPvedfJpfRqNmjnHaUFpmKahSNRQIp67xWcsGtXA4ED6vh2IZofp7ucjcxgIS5ZlZIWo/qUU1o2fIBUAAAAAijeprlaT6moDn6MFKgDkyRt4ua0DMyf88bY89AZnTlDmhmCePftu59X61LDHPkVlVFXl09LXVNBEYtm3Mz8LSrc+9Q7xEPTZ8ofydOMHAAAAgErgr28AGEJQ933Ps1ljmnoF5VtBXbftx+3ALBIZOqzLZ3IjlFY+gXU0GlVQwOkGn8FjpGY+lj1Orje8T+2dbvwAAAAAUBH8BQ4ABQjqdu3Olm4ErOuEpO5PZpDmhF/prtp5/Gpm4qjKy6fOTcPbCtXyHdvs4Dz7M+EEp/6WylbGZ02i9SkAAAAAVA5/gQNADv6Qykg/5gZfYd33lbVd9r6z7zsBXC5RWp+OmKHr3pBpGqmxT5XRuji45amznVfubvyW5zOWOTYvAAAAAKDU+CscAPLgTBQlOS1PDQWNY5oZuAaFpM6PM1mQd2xL06T7/miWT92bZjQ9gVTmEA1OS1TvZ8DhHSvXu372+KmG77NIcAoAAAAA5cVf4QCQQ/bYkt7u+5LbHd/bDd9pjervqu2s7wZrQZMM5f61HIkw1uVIG+oYmIbTUtl5xD3O7uRi9uPh3fiNdMDuBqZO935nb5ljovLZAAAAAIByIEAFgBCZLfuyW/oFTRbkBGSGr0VhZrjl7Mo71qVpRgImqfJj7NORFxnyGBiKRMx0N/7Mz0Dmx8j7GXBbpVq+z1RQGOs8l+s+AAAAAGD4oiNdAAAYG7yhVnZw6oRlhmEomfROFJU5E7uR7pqdTCY9j1uK5NF936QF6ojLpxWwaUaUSCQ9LU3drvimaXqGcJAyW5Y6nxPTNLIed1ulyvMcnwkAAAAAKCeaMgHAEIIDK//4p/5xLrPDUmc9b7dtd4Z2Z+e5y0Hr09FjqGNhTwbmbWnsLN1xb92QXb4Wy874qf7gPXwcVHsdWp4CAAAAQLnw1zgA5MEbVnnHP81uAegNTa2sVoVhXbQNw5Cs3AlqJEpLw9FiqGPhnSDKnjAqfIgHf8hqecJT/+fKG6oGfx4BAAAAAOUwol34T/T26yc/36TnX2hXb1+/JKm2plrnn7tQV166THW11SNZPAATnH+GdCfQcieDsh9XxjqS223f8LQ2dVun2l38jdTtpCRD0cjQv46dLt0Yefkci4hpKp6IpycWk7yhqpXahyX/ZFGZIbs/iHUnk/KOm+ptIc1nBAAAAABKbUQD1DWPbtTmre2a1TxddTV2WHqir19PPvuSjp/o100fvnwkiwcAPt7Wg9mPe8endAPTocY/9YZnueQz7iYqy4wYSibCu86bkYiUSKTuBY2DaskwzHQw6gTsTnjqBKqSp5WyR1BrVAAAAABA6Y1ogOqEp1++/eO+x7969w+1eWs7ASqAEeMPrLwtT+VrXSq5E0jZz0neFqiZLU+zw1Z57oeXh8mjRp+ImTtANeRvOZo5DqrN8kwWZbdU9U4w5W4jz778nx3n1RxBYSsAAAAAoHgjOgbqooXztOKyZVmPr7hsmRYtnDcCJQKAcPlOIOV2788c59QbhHnHxMwdnv7/7N17eFXVnT/+997nJCcnQIBIAEmCCAGEAHK3gFJRELygeEXFW52qLX7b6Xccv51OW2fGmf7GGWufb9uv1E474qWiaLVyUUGoKAiMcpUQMRAUDImQQIAASc5tr98fO/vstS/nkpNzkpC8X8/Dc87Zl7UvZxOevPmstQB23++MEoXa1smfFNt3boaq8nL789KaiaSIiIiIiIgoMxTBqXuJuq3Dh2qgKEqr/gCI+dl4L7/Gex9vWTL8uZkrojeq+Oxjn9rDUusEQYAQWnS9sUwf8zRWUKZfv9eTFfd8MnmtlLqmxnDc9eFIEJqmRatL5SpU+98VVbWu119VxzLr+ugSyOOpZqIC9VjdKQwo6JP2domIiIiI6PyX6Hej8127/kZeVV2L3eUHU9p3fOkwFBf2T/MZERElJnfRN967z5Qud+23d/GXJ5CCZRxUj8cT9/isPu28FBVoyczd1ysq5InHhNDHPwWcE0npy+Tu++ZYqCbhEp5an1EiIiIiIiJKr3YJUBubAliydAUqDlal3MbKtVswclgxFn/nJuT6fW06n6bmIH79hzdROnII5l8zrU1tEVF3IY+D6kyq3MZDNZbbu2UbIarZZvyAlN20Oy9VURBxeR4MHlVFJDqRFCAH66qq2Cqd7VWm+qt7Ran83PABISIiIiIiyqSMB6iNTQH8cslyVNXUYXzpMIwfOxz9+ua1qo3jJxuwu+wAdpcfxC+XLMffL17Y5hCViCgeObByVppGt3JM5iOPXWmucwu/pGrWRAEqK1A7LUVVgDgTScFSWWoPw50BqDlWrrMrfryu+fYJyYiIiIiIiCh9Mh6grt+4A1U1dZh/zTTXCaOSMRLAjCmleP7VNdi6vRzrN+5IuS0iokzQu+RbJ4aSKwitVaiKLfCK3/1aZSDWaSX6amKtlgNS49UMPuV1HMKBiIiIiIioo2U8QN28rRz+nOy0BJ53LpiFrdvLsWVbeUYD1HAkgvc3bMf7H21HY1MAl44eikW3zUafvJ44VncSb6z6CPv2H0YoHMbFgy/EI/fegLy8HliydAW8Xi8eufcGeDz6GHdvvrMRh74+ih/8zS2oPFSNV//yAY7V1aN/v764+5arMXrERRm7DiJKHz3wdKaczvDTGnYZ+8ld962zsSuOfRzHUFM+bcqwxOGmPExDvKpSIY17Crg9F/aw1h7CExERERERUWZk/Nfy+pMNKB5kTv50vL4Bx+sbHNs9/exy/HLJ63HbyvX7MGJoEU6cdO6fTh9u/gzrNu7Afbdfg6WWgvQAACAASURBVKd++l34fNlY9tYHiEQ0nGtsxpDiAfjnxx/Av/74QXhUFW++swke1YPJl47El4drcLz+NACg4Wwjdu89iGmTS3Hs+En897J3MW70UDz104cwb9YUvPzGOtQeP5XRayGiTFAcFaNG12v5s2Mvl5DL2tU/xtGYjnVaiYZfiG6nWJ8JeczcRMGoc5gI/chERERERETUPtq9rmnpq+/hl0uWO5ZX1dTi6+pjrvtUVJqTTxUX9kfRoIKMnV8gEMLOsgOYNnk0Jo4bjvy+eZh31VQcP3EKpxvOYuhFF+KGOdNQcEFvDCjoi1EjLsKJkw1oDgRROnIIcnzZ+Kz8IADgq8PfQFUUlI4cgrJ9X6J3Xk9cd/VlyO+bh6kTR6F/vz44VHU0Y9dCRO1BcQ3G7O9j7QswID2vtfqri79D/GeJzwkREREREVFHyHgXfrtcvw/7v9SrUPvlm5NJPfHY/a7bV1RW4Ze/ex0P3DkPM6aU4s4FszJ6fs3BIE6dPot1Xx7Buo92RJf7c7JxquEcmoMhLH97A76ursXZc00AgGFDBgEAeuf1wISxJdhZdgAzpo7B5m3lGDpkEPJ69cCxupOoqq7Fj37+rOV4JRcXZvR6iKitjC7YxvsEW8cYz9SsGtSc2ydxBnT+c+bkAoAanWAq8faOLRJ8JiIiIiIionRo9wB1/Njh2F1+EC+8tgaLv3MTcv0+ALCEqcfrG5Dr9+FE/Wms37QTALB1WzkGDyrABfm90dgUsGyfTjnZ2ejTuyfGjR6KubOmRJerioKcnGz818urceZcE3708K3I69UD6zfuwMFDNdHtpo6/BJ/u/AKf7NyHw0eO4bt3XwtFAQYU9MXgwv747qLrkJPjM4/ny87IdRBR6txmO3cPRs1xK61d8RNFoo5m4mMu1mklCjmNR8LtmUqwJ+Qv3pxsCrA/ECxgJiIiIiIiyqx2D1BnTClFRWUVtm4vx5PPvIQJY0uQ68+BP8eH6VNKkev34clnXoTxC2JTcwAAUHGwCk/+6mX4W8LH3/zif7X5XJoDQZw8fTb6WVUU9OiRg4ljh2Pdxh0YNXwwBhcNQMOZc6iorMKsyycgx5eNLK8HOb5snKg/jZ179qN3Xs9oG4MG9sNFxQPx9nubcVFRf1xUNBAAMHbUUHy45TNs212By6eOQUQT2LX3ACaMGQ5/DkNUoq7KrDyVq1hbGbBSN6C4VqK2Pnht235ERERERETk1O4BKgA8eNc89MvPw/qNO7B+487o8uJBBRhZUoyFC67CC6+tAQD8/ffvwMiSYlRV1+LpJcvR1BzAA3fOS8t5vP/hdrz/4fboZ39ONn708G24csalCAZDWPraGpxrbEafvJ6Y8+1JUBTg1uuvwO9fXo2f/8fzuKhoIEaWDMbR2vpoGx6PihlTSlH2+ZeYNrkU2dne6LU9sHAuXv3LB1i9biuyvF5MHDcCUydckpZrIaLOxagUdJ9Myn05dTfOgJOhJxERERERUeejiAz/Fv/QY89gxNAiPP7oQtf1VdW1aGwKINfvQ3Fhf8t+40uH4dEHF0SXPf/qGmzdXo4n/u5ey7ZElJrDh2qgKEqr/gCI+dl4L7/Gex9vWTL8uZn5PyC5ek//CSmk9+Y2Rhd+47Px49R8BTTNvkxI2+ttZ3nNYT3cZOo6KT2aGsNx1wdDzQCM51yJVpm6/b1RVeMzYvz9Qksb8t+p6Lvo+0xUoB6rO4UBBX3S2iYREREREXUNiX4vOt+1y2/lRjd8N/GC0BMnG6yf608DAPz+nPScGBFRhsT7rylWn5LOOs4pwK73REREREREnZGa6QOMLx2Gqpo6VFXXJr3P088uBwBU1dRh+YoN2H/wCFa9vxX7vzwCANHu/UREnZk56Y8cmDI87UoSZuFJZ6ECbrlpqmEqQ1giIiIiIqL0yXiAOnvmJADAs0tXtCpEnTa5FEWDCrB+4048vWQ5Vq7dgqJBBZg2uZTVW0SUUW7hk/uPHcUynqm5X+vCKyXBT2JjGADqfJL996j1gWasytRkn00iIiIiIiJKl4yPgQoAm7eVR6tGL+ibh375vV23m3/NNIwsKbYsW79xB5av+BDTJpfiwbvSM3kUEek4Bmpixjil8lio9smhNE2T3stjnLqPeyqPkSqEgM/ngzCbcMj2eeDxsKKwM4pEBIKBSMz1igoEAs0tQbvxd6VlXct7t7879jFR9fdm0q6vN59Huc1M4RioREREREQUC8dATYMZU0rRr28e1m/cgd3lBx1jmxqK9hY4AtSRw4qR3zcPM6aUtsepEhHZJPo/JuGoQnV7H7dt4RwL07JVgvXUcRL/H6R9ArL432X8/3jgc0BERERERNQR2qUClYg6J1agJiZXi9rDVGt1qrX61HiVK1HlrvjmcgXZWdlxu2FnZanwZmV8xBVKQSikIRyKUz6sCASDARjDPRiBu/zMG1Wmbn+vrOsBudpUOggrUImIiIiIqEN19QpU/kZORJQEe7hlcAafAnLQaoxbaXTftrepB7BxAjhwDNTOTCT4bqzVw8L1GdCfIfuzZX2O9Lasbcd6JomIiIiIiCi9GKASEaWBPsmP/t4MRgXsE0y5devXEnQEYIDaeSX6bmKtNyeFMp8N83mR1yU/URURERERERFlBgNUIiIXcmgVu8Iv2YpCYftjHEN/lSehcj8XhmidkTEpWDyRiD7BlPEoWLd3PhfJVCy7kbfls0JERERERJReDFCJiJIih1Kxx3GN1c3aeG/OxG6GYYm68Lu1Sx0vue/E/t2aY6DKIWm84SHcA3x7d38iIiIiIiLKFAaoREQJyEGZ8d6tQlAPtYyu/MJWdWgNzMwu3PIEQbGxG3/no0Xifyfmd2psZwSnZrWp/GyY+5jPkD2sN/dxfy6JiIiIiIgo/RigEhGlwAyy5ORK7tKvRLveO0MxWPYxgtd4IgnCOmp/ib4Tsyu9EZQ7v3v52TCHBJDHRrU+X+7BPaTtiYiIiIiIKN0YoBIRxWEdWxJwzo6uWKpH7QGYvfu+vVu2EZJFEoyDqkUEx7bsRIQQCauCI1oEZgWp26RRiNON397FH4Cj237iMViJiIiIiIio7RigEhG5sFbzCZd19i76RgAGyJWFRuhpjn1qhKnCsm8kEk54TgzLOo8khq2Nfqf258QYvsF8FszlbkNAyPua6+zVpslMekZERERERESpYIBKRJQkt4l+jOWAtcu2UYlqrSAU0fDUaEuuLEyUe7Ebf+eR6LtwH//UfIbMMXDNoNQYE1euYpbHS3Uew/15JCIiIiIiovRigEpEFIPcZV4ej9LaTR+2bZwTSdknCzLaMtvXu2JrCUpMI2GN3fg7ASEEwuH4JaiipUTVPlauWWXqfCbcJpCSA1LzrSJVI1urUfl8EBERERERpR8DVCKiJLjnUrEnkoo3u7oeclnHR1UUQNPid+MXIrmu45RZyXwH4UgYZjhqH/PWqEAFnENBWEN26aiW4N5yPsxMiYiIiIiIMooBKhFRAq2ZSMoIT+1d9o3tjODUbRxULcFEUgASVj5S5iXzHRgTTMUe/9SoVlYsy82QvXUTSLErPxERERERUeYwQCUiSoo5FqUZgDknkjIqC82ATN4HkKtQ3cZBhZKgG39EsJt2BxJCJBz/VO++L08C5Tb+KaLbWMcyNZ8Je8Auh/LWffg8EBERERERZRIDVCKiGOxVfc4qP7NCMF4XbcA5NqUZvJrjoAJAKBRKeF7hMAOzjpLMvQ+FQ7CPUwrIE0JZt5efgXhDPOjiP5OsRCUiIiIiIko/BqhERHE4qz2tVYH2cVDlSYLsXfbts6xbwy6zmjBRBhYOcTKpjiCEQDgUv/u+HJq7hZ5uz4C9S3+sScbM7v7RM3KcHxEREREREaWftyMP3tgUwJZt5diybS+qauoAAMWDCjB9yhhMn1KKXL+vI0+PiCjKnBgKlsDUDMeMLv2KS0WhsZ81HNU0YemGLYTS0kU8AlX1xD2fcFggK4vVhu0pmerTiBYBAMs4ptbxcQVUVZG2EVKlKaA/V3I1MwDH+KeAEIrlGERERERERJQ5HRagVlXX4uklrwMQmD5lDObPnQ4AqKiswsq1m7Fy7RY8vvgOFBf276hTJCKyMcdBjS4R1jFN5VedAkCzBKkG+zKj2XAkjOxEAWpIg9drr2KlTEmm+hQAwuEwjApTfWgHfbk1JHU9ApyVqohWo1pfASOwdw9ciYiIiIiIKJ06pAu/EZ6OH1OCp372MO5cMAuNTQE0NgVw54JZeOpnD2P8mBI8veR1VFXXdsQpEhEBiDXGpNyNX5G6V9vHOZXDLmdXbX0bebIgs+u3QBJhXYhdtttLMvdaIAIj1DQmBpO/W2uX/njd962tys+Y3H2fgSkREREREVH76JAA9bW3N6B4UAEevGtetJv+lk/3YsunewEAuX4fHrxrHooHFWD5ig874hSJiKLksSWdw0zaqwKt3DIuZ5BmLDfbSW4yKQ1aghnhqe00TSAcThxoB4P65FHW8WzlylNrcG7nnodaK1Fl8rPI8U+JiIiIiIgyp90D1OP1Ddj/5RHc2NJlP54b505HxcEqHK9vaIczIyKKzxpiKS1dtI2u1YA1MDMmCzLXAdYZ16WWbe+NYQGSCe0iDM8ySAiBYCCSeDtEpGfAWOo2SZi+jdG28dmsRFbg7L5vbKNIQay5jIiIiIiIiDKr3QPU3XsPwJ+TjZElxY51Tc0B7D94JPpnZEkx/DnZ2L33QHufJhFRVCrd+PUwzBif0r3qMP4YmQpC4cRVqEIAEVahZkwkLFyqjp2s1afW71L+bs3Q3TrBlFyNbA3Zk+u+zyCViIiIiIgoc9p9EqnGpgCKB7lPDFVVU4enlyyPfv7DM4+heFB/NDYF0nb8puYgfv2HN3HwUI3r+vw+vfCjR27Hi8vXAAD+9qFb4c/JTtvxiej8JM+WHrsbv4AQ5mQ/5gRTgBGqqaq5v2XMU2HO0i5XoWoiDFWJ/6M6FNSgqkp0dndKD00TCCUxcZSmRSxVoslM7CSHp4qitrxanzN5eAc5TLVPPmbdh4iIiIiIiNKt3QPUXL8PVTV1juXGRFJ2VTW1mD51TNqOn+PLxqPfWYBwRO+S+cqb63G64Rz+5u5r4fNlQ1UV9MzNxaPfWRDdnojIYIacgB5wyVWC5liXRqhlduG3hqPG/vZxLY02jNA1HI4gOyvxj+pgIAJfjodBWpok23UfAELhkG0cXLkbf8vSOOObyutjVadaK1WNiar4XRMREREREbWHdg9Qx48ZjuUrPkRFZZWlG39xobMqtaKyCk3NQYwc5uzunypFAXr19Ec/Z2d54fGo6J3X01JpKm9DROTWZdqcYT261FFVam5v/yxva1SvulehhiNBeD3x/zNHCL0SNdvnSf0iKSoY1JLruh8KJqw+lbvty2OcGmKFrcbzYL43jyOPe8sglYiIiIiIKLPaPUDtl5+HEUOLsHzFBjzx2H1xt31txQaMGFqEfvl57XR2pv96eTUA4OF7b8Cq97fis/KDKBpUgE927EN2dhYeWHgNTpxswIo1WxAOR3Dj3OmYd9VUKArQHAjiz6s3Yuu2cmiawIypY3Db/JmsZiU6z7l149dfY3XZN5fbAy8hBFRVgabp+9vJgaumCcArABE/KItE9Nnivd52H966SwmHNWhJjCsrII9za4qdZ8rd9p0bWatYnYGpEIojiGf3fSIiIiIioszrkN+yv3PXtThefxrPLl3h2m2/sSmAZ5euwIn60/jOXdd2wBk6HampQ+HAfvjFTx7E6BGD8dxLq1B5qAZPPHYfbpw7Hes2bkf10eMQAvjzqo0o/+Ir/O9HbsM/P34/ao4exzvr/6ejL4GI0kSeRErvau020Y+9O3b8MUpjh2B6aBYMBpM6t1BQQySSeNxOcheJCISCyd2/UCgIo0rYGKbBjXslqs54JuRnxSA/U8YzZDx7DE2JiIiIiIjaT7tXoAJ6Ferjixfi/y1dgX/4tz9gxtTS6MRSVTW12PxpOfx+Hx5fvLBDqk/dDLqwH6ZPKUWP3BxMHj8Sn+8/jGuvmoqCC3pj7OiheP+j7ThWV49ePfwor/gK18+ZhpKLCwEA1159Gd776ydoag7An+Pr4CsholSZVabW8S51Ztd9wG2iKQVCmMGcs2JVD9OMila37tuhcAhZ3qyE5xkMaPDlcFKp1tIirRn3VA9PZXKIaoSlbjmnNSR1D0Otk0cZ7RqTlMXfl4iIiIiIiNKrQwJUQB/z9J8euw9btu3FrrJKrN+4EwAwYmgRbpw7DdOnjEGuv/OEjdlZXqiqWbCb48tGXq8eAIAeuTnRSV5OnzmHpuYgXly+Fi8uXxvdPr9PLzQHQgxQiboI52RS+jshIC13TiSlKC1d8mEN3PQu2kbbKozgTD6GEBoEIlCQeJzTQLM+qRRD1ORomkAgyfBUiIg0Ti0gB+n2SlIj/JarUA3u1afmpGT2iaQ4eRQREREREVHH6LAAFQBy/T7MnjkJs2dO6sjTSKvevXrAn5ONm+bNwPgxJdHlqqqgV4/cDjwzIkqHxJNJCSlMTRR0mVWp8kRSzjFRpQmlwmFkZakJx0MFgGAgAl+ON86YnATo31uyladQBILBkK07vnMcVGOZswo18TMhV58a455y8igiIiIiIqKO024B6vqNO1Bx8AiaXMY8TYbf78PIYcWYPXNims8svfJ69UDpyIvx0ZbPcFHRAPTt0wvHautRd+I0Lr9sbEefHhGlgdF12hz7FNCDL7N60L0K1fpqD8XMqkX3ruHG8lAoiOwsX8JZ4oUAmpvCrESNQ9MEAs3JhqdAMBhwBNKxgky3sF0OVmOti1V9ah3WgZWoRERERERE7SXjk0g1NgXw5DMvYeXaLfDn+CCEQF39aYwYVoQRw4rgz8lGxcGq6OeKg1Xw52RHP9fVn4YQAv4cH1au3Ywnn3nJdeKpzkJRgNvmz0TJ0EI887vX8eN//T1e/vM6+HyJxy0kovORkMIvaxVqrImF7JMJWcNYM5x1m1jIOIY+BmdyAs2RpGaV7260SCvCUxiTRgH6d+oWgDone5KXWddb9zPaNZ8bIQXk1meMiIiIiIiI2pci7KVOafba2xuwa28l/umx+5Dr92Hl2i2oqKzC448uBABUVdfiyV+9jEe/cxMA4NmlK/DE392L4kJ9Uqmnn12OkSXFuHHudDQ2BfAvz7yECWNKcOeCWZk8baJu4fChGkvgk8wfwB4SOQMi+TXe+3jLkuHP7bhRSOQKQLPbvTVItf54FZZl8mRR5jLhut66zqxEVVUVXk/y/zmT7VPh8WT8/83OC5GIhmBAS7xhi3AkGB27FrB237c+/4DcDd/598Rtvb5Mbts59qk8zm7HVJ8eqzuFAQV92v24RERERETU+TU1hjv6FDIq479J79pbiTkzJ8acEMoISp9dugLPLl1hWWaX6/dhzsyJ2L23MjMnS0SUkkRVqOYYmbECZHvgZt3OPkERWiaj0hDRkv9HKhjQEA4nHxp2VeFQ68LTiBa2haeA/TuRq0Od/8GQ6D8OzDFuWX1KRERERETU+WQ8QK0/2YDiQe6BKAAcr28AACy86UosvOlKyzI3xYP648TJ2OuJiNqDfexS61ioRjgm/7HuG6+rt1zRGi+M00PUCDTRim7oQQ2BQAQZ7nzQKQmhd9kPhZIPTwUiiET0+2sGnPFCb+t4pW6Vqs6AHLA+K9aqVI59SkRERERE1LE6vC/nifrTAIDZMydh9sxJlmVEROcPexWqiFYTGsGbtRLR3h1c7sJtHSvTyDpjjYsaiYShqMkHosbYn6IbFaMKrWUsWC35+6QoAsFgCMZ3aC53DmWhh5yxxjiNXVEsPxvmcYRUxczqUyIiIiIioo7WLgMIVtXURX95PHGyAU3NAew/eAQAsGV7Ofw5vuhnf44PW7aXR7dvag7gxMmG6Pqqmrr2OGUiooSMKlQzRDOCLjn4NCsH7eNc2qtA5fbMfcwZ2o3xUt32DQaD8Hq9UOBJ6tyFAJqbw8jKUuHN6vD/S8uoUEhDuBVVpwCgiQhCwVDc7vfmd2WtCk1UIWqfOEp+NatNje/c+jyw+pSIiIiIiKj9ZXwSqYceeyYj7f7hmccy0i5Rd8JJpNrOGXjKXbiNbawTSlnfA3LFobGtfTIpuR05RLX/CPd4PFCV1t0XRQGysj3weLpWOBeJCISCEbT2XzlNhBEOR2APRgF5mAW5S350rUu3fudyuS1ru/p789mxhrMdHaByEikiIiIiIoqlq08ilfEAlYg6Lwao6eFWJegWgJrbm/uZ21m3t28jj4vq3Mfavqp64FFbf288XgXZ2clVsHZ2wUAEkUjr/3kLR0LQNL1a1f5Yuj/jxli19r8HgDlxmLPbv1s4aw9aO1v1KQNUIiIiIiKKpasHqF273yYRUTuwB1v2CaViTSYl72+OlWns5xwSwKhItB/XfvxIJIJwJNjq64iEBZoaw62aZKmzCYU0NDWGUwpPQ+FANDy1c7/XZngqD9Ugf5fxJ40yXt0njnI7PhEREREREbU/BqhERGlgH69UHrdUnoQo+WDM2kXcrTu4vL+1yhfQNIFgKIBUJiAKt4SQoaDW6u7vHUEIIBTUz7m1Y50CABSBYKjZUsmbzD22hqTW6lLXw8QI2pUYE0fZx8IlIiIiIiKijtE5+r8SEZ3n3CaUkrt424PUlr1gjpdqbqsvMyaiEo729HVCCuDswZwZuAVDQWRnZSGV/y8LhzWEwxpUjwKvR4XH27mqICNhgXBEg5ZCtalJQyAQtFR/GmJV+NrDU7dt3deZxzCbNL5Pc9vO1nWfiIiIiIiou2OASkSUIdau/HpQ1rJGejWDUnNbWNbHC1GN9c5tjHMQCIaC8Hq98KjelCpKtYhAMBIBgoDHo8DjVTtswqlIRCAS1lLqoi9TFH2800hEs1SNWsNOZzBuH/PUuo+9StjZrnXsU3uwKs6Lil8iIiIiIqLuhgEqEVGaxKpCNSaBMrvxm8GZHJhZxz01gjqzKlUOU40Q1W2WdmdXdAXhcAQRRUOWNwuxxmJNRiQiEIlEAACqqkD1KPC0vGaCFhH6MTUNIm1DswoEQyEIocEMMd0nN0smPHUPTd0nijLGR9Xft5yNABTFGYCz+pSIiIiIiKhzYIBKRJRG8bvyyyEnYK9QtI6jalSlKgD0oE+uOI0VoprngZY2zGV6NWoAHo8HHo8XEG0L5zRNQNMEjLkWFQVQVAWqokBRAVVRAEvYaN3fODchBCAATQgIzXjNQDWmIhAJhxHRNFgn47KclW2s0+TCU7kqWP7uje2kk4ge03xO2HWfiIiIiIioM2OASkSUYc4qUyDRREPOENVakWoNZlWpPWv3fbcQLhLREIkEkZXlhQJPm65NJgQgIgJaChNXZZqAhlAwBLM61DrrfexJo4xxa1XI4ao9PLVOKBW7qtVowxz3tmVp57tlRERERERE1KL1s4oQEVFczupDI7QD3II7ebxNezvuXcTlbc0qViNY1QlLmKdvY03pwuEwwpEgBNLWN77TEdAQCgcQCgUBuIWa5n2xVpvK4bWxnfPey9+N9X7Dsq38PZvDOVi/Q1afEhERERERdU6sQCUiyoBkxkOVJ5Uy8zL7GKbWAM9egWqMo2odRzNeO5DaM7rhB6EoKrK8XnSd/1fTEAzJFacmayDtpCiqtJ25rbNrvxmGJgpPjXbk45vVqAxPiYiIiIiIOjMGqEREGWIP3Kxjl8qTSMljoeqf3cJPoyJSDlHN9cLSlj20M+j7uLcdDAWhKAq8Xi8ATxummuooAgIawuGwrXo0VoCsOL4j497Z76VbeGp8F7HCU+sieexTThpFRERERER0PmGASkSUQXIoFitE1bezV6PGD1HdtlNV1bKPPTx1tqUfz75MDyDDUFUVXo+3JfVrw03IKAEhBCJaBJoWaVlmVP0a1yUPcxBrbNLo2pZtjD+qI6g2t0smPLVWocoVqwxMiYiIiIiIzg8MUImIMsgtKDMDOfOz3PU+UYhqtmPvEi4fEy2Vqk5Gk+YxAGsFrE7TNAQ1fexQVVXh8Xj0cxAdHPq1XFc4HIamaZAnhrJsFv1oTvJkXy8vs3fZN5crjnVmBariCMndwlN5yAUAtqCb1adERERERESdGQNUIqIMcxsP1dptX0kqRDVDNzPE08dUVaLvjfaM0FBv172K0hrkKrb2rcMMCKEhFNKibXi9XqiK2m6zxysKoAkN4XDIcp7G+cjnKo8xaqy3tqU4lpvd963Vwtbt5X2MKuLkw1PpDCzHYnhKRERERETUuTFAJSJqB60PUd33BSAFqgAsYau1y3nLEksb8dpzD/SEJZg0qlX1We3NkNCjeqGoeqUqBCCg6GdmXBOil2o5Nfs2CgQE9MBWaAIRTYMQmuVazGuwh6ZmiOkWSroFp9bP1uWqqlqu36jW1Te3tu8WgDI8JSIiIiIi6hoYoBIRtZPWhahmMGqO5ekMN6XWHcfSX53dxY31muYMTgFzLFV9Xznws56P3Gw4EgIi8jm0tTTVeT3m0AOKIzS1d9OXx4N1BqZw/eweZCowKnLdtrO+N/dheEpERERERNR1dHiA2tgUwJZt5di9txJfV9eiqTkAABg5rBgjS4oxbXIp+uXndfBZEhGlR1tCVGM9ELvC0t693WzLWXGqqvpnTZPPR7O0ZXaHR3SoAJ0ZKFoD3ujZtLRjD3DtgaF1jFdn9a2+jxyYGts6u+xb75E8wZMQInq99nvm9mpcn1ydGq/ilOEpERERERFR19WhAerKtVuwfuNO+P0+jBxWjPFjhqF4UH8cP9mAqupafPzpXqxcuwXTp5Ri4U2zkOv3deTpEhGlRTIhqrQ1nNWc5mc5nDS6mcfqrm9fZlBVubpT77ZuVpk6x061VqHKIauwBInG+SUz671x/rGqa40JsazHNMcldRuvVG7bHp66haHWZap0Tsb52at/pAzOZwAAIABJREFU7dcVK2BleEpERERERHQ+U4Rb384Ma2wKYOlra1BR+TVmz5yEG+dOR2NTAEdq6vB1dS0GF/ZHft889MvPw+Zt5Vi5dgt6+H34+8ULGaISpdHhQzXREC/ZPwBifjbey6/x3sdblgx/bocX0afMbdxROSy1jzmq09cb27rN5O72WV5uVJu6rTPfyudg3dYtkJWPZ69ydYaMicQbjxXRdW6VtfZwVa6ClfeVt5WD1cRjpMqfjePKAbe9KhZwC0/d2jwfHKs7hQEFfTr6NIiIiIiIqBNqagx39ClkVIcEqM+/uga79x7A44sX4oL83li+YgO2bCsHAPhzstHUHASgd+NfeNOVuCC/N55eshwKwBCVKI0YoHas1oSoZpgKGBWibm1ZJ5gygz29a77i2N8Zgrodw16Raga4sYYHSBd7kGoeyxjz1FoFGy88lduzVqiKaOWtsa9Z4RorVLUew21Cq64UngIMUImIiIiIKDYGqGm2eVs5XnhtDZ74u3sBAE8veR0X5OfhxrnTMWFMSXS7qupavPb2Buz/8ggeuHMeJowpwb888xJGDivGg3fNa89TJuqyGKB2Dm4BpL1rv1tFarxA1WhLXu78cS+iE0lZ97MeQw5vU6tCRfSaYl2/23bJVZ8CsSo/3Q6nV5zG684f6xkF4Ahl3cZhdQ6XEOtazjcMUImIiIiIKJauHqC2e/qwcu0WzL9mGi7I740nn3kJI4cV4Tt3XQsAWL5iA6qq6+D3+7Dwpll4/NGFWLl2C5a/vQGDBxXgxrnT8cJra3Dj3OmcWIqIugw5FDTeWwNKfQxQ5+RSZiWmzNhfb9typOh647M+/qk9wIQtkHUGldZxU/V1Rpd4+4RXzjFc7ddvPT+D0ZZxnUa7xnIzDDXDSnvlqPU47svsi+Xvwv0cje9EDka7dnhKRERERETUnbVrgLprbyXqTzZg9sxJWL9xBwSA79x1LXL9Pjz97HIcP9mAGVNKUVFZhV8uWY4nHrsPN86djorKKixf8SH+fvEdWLl2C7Zs24sb505P+TyamoP49R/exMFDNdFligIUXNAHC2+ahXGjh6bhapO3Y89+PPfiKnzv/vmYNG5Eux6biDoHe4gKOLv02yt5jUmjrAGlc1t7mGrsKy+P1RdBDkStwaiIho/WYNNeHQoAaqKrt5y7HJqax1egqub1muGxc1xT1yPYxkF1yzOdIac9nJaPY9/HOqxBtAWGp0REREREROe9RL/VplVFZRVGDC1Crt+HzdvKMWfmROT6fWhsCmD/l0fw4J3zcOPc6Xj0wQU4cbIBFQerAAB3LpiFioNVOF7fgAljSlBRWZWW87nmysn4zycewX8+8Qie+ulDGD+mBC++vhZVNXVpaT9ZY0cNxX8+8QjGjtKD2x179uOHP/0tvjz8TbueB6CHy0/99lX818ur2/3YRN2dPQB0qzB1H2vT2N45vILRjltFpblcharGHrLBbCPWEA3O5W5tJHP9sYaDsAegbudkb8P4o1+bKi1zP657G/Zt3cakBezjnQIMT4mIiIiIiLqKdg1Qq6prUVzYH41NAdSfbEDxoP6W9Y3NAcvn3Bx9sqjiQn27E/WnUVzYP20BZ44vG31790Tf3j2R3zcPc2dNQa4/B/sPpiegTVZ2lhd9e/dEdlbXGM+RiFIXL0Q1Az33ENBaLSlcQ0Bn8AnLZ+s697FujZnrrdtYg03r7PbuwWasoNIIc81jwrGdvI18bs7rtV8THPvYz9Fa0esMgeXvwN59P3r3GZ4SERERERF1Ge2e2OX6faiqrgUAXJDfO7psfOkwLH11DfZPLcWuskoUDSrAyJLi6H7+nGxU1dSieFB/NNmC1kwJRyJ4f8N2vP/RdjQ2BXDp6KFYdNts9MnrCU0T+HDLbryz7n/QcLYRffJ64pbrr8C3Jo3GH/60Gucam+H3+7B331dYdOtsvP3ex7jjpiujXfT/6+XVqD91Bn/70K345tgJPPfSKnzvvvlYv3EHtu2uAAD8+2+WYdiQQbh/4Tz839+/gSkTLsHuvZWoPX4S40tLMH/udPzpz+vw1dffoPDCAix+4CYUXKDf08/3H8arf/kAx+rq0b9fX9x9y9UYPeIifHn4Gzz30ipcPnUMNm8rx8lTDbh48IV45N4bcKrhHP7vf/0ZTc1BHASwbXcFhxUg6gD2cTTNcVEBucu+WQlp7UpvDgEQbbEl9BNS93h7F357l3lYjiGPn2p8dptQSj5fa6AoX5/bMvfxT+X7YT2GMRar8f+A8jAFSvSazTFk3Y8lX5t1vTxEgPUeG/fSuAfWe+4cQoGIiIiIiIjOb+0eoB6vb8DsmWZFqTEZ1KMPLsD6jTuwq6wS48eUOMY4bWoOonhQf1TV1MKfk53289I0gR2f7UdTcwAjhhYBAD7c/BnWbdyB+26/BkOKB+Ctdz/Gsrc+wCP33oCt28vx51UbcesNV2DiuBH4+sgx1B4/Ff0lfd+Bw5gy/hL8+H/diWxf8ud7z22zccnwwXhj5Ud46J7rcfHgCxGORAAAXxz4Gt+7/0acPHUGf/jTahw8VINFt85Gvwt647+XvYs1H3yKe2+fg6qaOvz3snfxrUmjcfXlt+Lz/Yfx8hvr8L8fuQ0A0NwcQHnFIfzgb25GOBzG719ahQ1bduOmeTPw0x/dgz++8i565/XAoltno0duTnpvNBElxT4BkX1cVDnEUxRrxap9rNJkglQ9sDQqKWFZr28DyGOPyiGme7d+Z0jrXskpT2rl3ob8Xp44yl6daw899VfVUa1rrnevLJXHVrVPlKUoQlrOqlMiIiIiIqLuoF0D1JElxdi9txK5fh+KBhVg195KS5Xp7JmTMHvmJMd+m7eVA9C78m/eVo6Rw4od26Ri5dotWLl2S/RzXs9cLLp1NooG9UcgEMLOsgOYNnk0Jo4bDgCYd9VUPL/sXdQdP4Ut2z/HZZNG4arLJ0JRgL69e1qvdVgx7r9jLrKzvTh5+mzS55Trz0GP3BwoCtCzhx+9evqj+185YzyKLuyHC/rmYdDAfii4oHf03EqGFKL66HE0NQdRtu9L9M7rieuuvgw9cnMwdeIobNtdgUNVR9Evvzeysry4+borUHRhPwDAxYMvxIn6Bng9HuT16gGPR40OK0BEHctezZm4GtU+8ZHRjrMi1V4t6VbFalZ6GhNP6aGkdV/zmG4VqvI5xLhKxzXbQ17zGMZxVZeKV6MtZ5DqbD/WvTGZVa/xq07lbYmIiIiIiKjradcAdcKYEqx6f2tLFeokvPDaGigKsKusEidONji29+f4MGGsPmnUtMmlyPX7sHvvAUd1aqquuXIyZs+chHA4gjdXb8S5pmZcMnwwFAVoDgZx6vRZrPvyCNZ9tEM6p2zU1Z/GqdNnMaplWze9euYiOzu9t9deedu/X9/o+z69e6L66HEAwLG6k6iqrsWPfv6sZfuSiwvRL783PB4Px1slOo+4dekH3KpRATMclSc8sndH17e3V7m6ver7qDDCQ1WVK1b14xnHNZbrbdrDz3jXF31nuWZnJaw1RLZ28zfO0X7dzhDarFq1B8bCdu/MEDle1am5PxEREREREXVF7ZqiFRf2R9GgAqxcuwUP3jUP6zfuwPqNOzH/mmmuVaVVNbVYuXYrAIE7F8yKVotOnzImLedjTCIFALfN/zZ+9dzr+Osm/XxysrPRp3dPjBs9FHNnTYnuoyoKvF4P+vTuifpTZ1xnwk5ECH3IgEwZUNAXgwv747uLrkNOy0RcgH693xw7kbHjElHm2MNOY5m9GtXsah7d0xGkymOkyt3WY1W7WqtQhSVQtQeyRmWr2/kmYg9d7QGsNdTUz8E8J/fhBGIPOWAdBsDatgLr0AisOiUiIiIiIurO1MSbpNfsmZOwdXs5Nm8rx+OLF6JoUAHWb9yJ3eWVUBQFxYX6+KhVNXVYv3En/H4fHl+8ECfqT2P9xp2YPXMScv2+BEdpvX75ebhy+nh8tPUzHK2th8+XhYljh2PX3kp8feQYAKDhzDl8snNfdN2Oz/Zj0yd7cPL0WXxWfhAffLzLtW1fdhZ69czFvv1fIxAMoeJgFb6o/DrmuQwoyEd2dhZqjh5PKWgdO2oozpxrwrbdFRCahnA4gm27v8DZc00J9/XnZKNwYD+cONmA02fOtfrYRJRZZmhqr0g1wz57NarzvdmW/mruJ896b93GfDXaMapN9WXmWKNyu6rqnMU+1nXp2zrb0NuWx0BFUudoHSPV2q7t6Lb7gOh+xnt75S/DUyIiIiIiou6jXStQq6prsfztDcjvm4cXXlsD3DkP//TYfdi8rTxajWrI75uHGVNKMXvmJJyoP42nl7zuOrlUOl02aRQ2fVKG9Rt3YtGts3HljEsRDIaw9LU1ONfYjD55PTHn2/oYrca6t97ZhJffWId++b1x83WXu46jl+v34YY538LLb6zDxv/5DBcPvhDjx5TgaG2963kUDuyHebOmYPmKD7Hq/a343gM3teo6igcV4IGFc/HqXz7A6nVbkeX1YuK4EZg64ZKk9r9+9mX4/cur8fi/PIf510zH/Gumter4RJRZsapRjWXGZ3NyJutEU+Z6fZ29KtVenWmOZ+ocI9X63qxgNSpRndskZg4DIBxtO49tH6ZAfrVWm1qHADD3N9rXt5GHL3CGpAxOiYiIiIiIuh9FCLfIL/2qqmvx9JLXkev34amfPYQf/9sfUH+yAePHlGDhTbPQLz8PAFBRWYXiwv7I9fvQ2BTAXzftxMq1WzBtcinuXDArI9WnRN3V4UM10cq6ZP8AiPnZeC+/xnsfb1ky/LkcyxdwD/ViBalmECp3wbcGj/aw1F6NaQ8z4/0zkuwYoclsZx8L1u289HXuoap9HFPn+LDuIa1xft09OD1WdwoDCvp09GkQEREREVEn1NQY7uhTyKh2CVCN8HTksCJUHKxCrj8HjU3NWLjgKqzfuANHaupQPKgAxYX90S+/NxqbmlFRWYWqmjrk983DjXOnY8aU0kyfJlG3wwC164gX/BnL5R/38vjNscNUWN7LVZvWfznM8NI8HqL7J/vPjBxmOitd5bDUeg7OKlLzvT00tV+7cYxk7l93xwCViIiIiIhiYYDaRkZ4On5MCR68ax6eff5tVByswuOLF5rjnVbXYtfeSlRUVkX3Ky7sj5ElxZgwpiSTp0fUrTFATSwSEYiENWhCAMIeHBJ1DGNkAlVR4PGq8HgyH/AyQCUiIiIioli6eoCa8fTh/y1dEQ1Pn391jSM8BfSwtLiwPzA302dDRJScUEhDOKR19GkQuWoZohURCEQiEQCAN0tFVla7zw1JRERERETU5WU8QG1qaoaiAEtfW4Pdew84wlMios4kHNIQYnBK56FwS+ifla3C62WQSkRERERElC4Z/w1r4YKrsKvsAL6odFaeEhF1JuEww1M6/4WCrJ4mIiIiIiJKp4xXoM6YUsoJoIio0wuHNYSCDJ2oawiFNEABK1GJiIiIiIjSgL9ZEVG3F4kwPKWuJxTUEInwuSYiIiIiImorBqhE1K0JIRAMMGSirikY0CCE6OjTICIiIiIiOq8xQCWibi0cZrhEXRufcSIiIiIiorZhgEpE3ZYQgpPtUJcXDrEKlYiIiIiIqC0YoBJRtyWYnVI3wWediIiIiIgodQxQiajbCnOCHeomIhFWoBIREREREaWKASoRdVsaQyXqJiIa/7OAiIiIiIgoVV78ticAQAhAASDQ8ioABQoEhP4qRPQzoOgbQDFbsuUQ1vas+xufLUeM0Z7lfBTpvISAokjtyBtAkXaUzkeRzksgun/0fCz7G59hORHr/u73KZnrSv0+2b5Bt/sUo71OcZ8SfW8pXFfq9ymZ59u9vTbfJzdZPig9ekPp0RdKXj94xs1C1rSboVxQGGcnaou2Dwv5Of7w83Uosy315vTFqDlX4YGpRchq6yHaVR3W/XoZVh0vxHf/9TaMc6z+AP/2mzLUWhZ60GvgQMy57hpceXFe+5zXvj/jh8uq0X/O3fjZzIIMHbNrYRd+IiIiIiKi1HmNN0pL2KO0hEaWMMjx2QiLpJakEM7ennN/Ed0/UXvy+UAK36yvcLxa02BY9s9IO628rlTvk33/mPcpwffWYfcpUTspXVdq9ymZ5ztWe22+T25CAYhTtRCnaoHqCkT2bUZw+b/BM/IyeKfdAu/UG6D0uiDGztRaaZ1Up2chbrl2BHoBAAI4tG07Plr1Nl7o9RAeGuVL33E6i6IRuH9aS7B/thofbtqPt55fik/m3IEfz7ww8f5GEHvJHPxm0egkDliAKx/+Di4Le+Bv04l3b8bPJiIiIiIiImqdaICqh0doqcgD3Cr85Ao9s+LPaMDasLW92BWDidqznI8inZetktGo+DMrG2GrrJT3hzXsctnfrCCUzsexv/t9Sua6Ur1PsSsr5e/Nvb1OcZ8SfW8pXFfq9ynx8x2rvTbfp1aIVHyCSMUnCK1fCt/Cn8Izfk7rGyGHtAZJOfkYNW4cBrR8nDTKi9onN6Js50FgVDIB4Xmm50WYNM64rnGYNH081j37OlatW4cPJ9yHK3ul/5BZ/rzzrJq382F4SkRERERElBpWoLIClRWonaUCNQHtyBdoeuZeqMOnwHfnz+EZMTW1hijzsjzmD1cAOLkHf1q2ETuPRhD25mLUrDm4f+YQ5ALY88qv8ccvCrHovh5Yt2w/avuMxU//9jKcePdtvLLtOM6E9SEBJs6/FgvHFSALYRz59G288F41asMAXNvrhRnXXogD6/ajNgx4+43Adx++FqP9AFCPzzd+gFWbqlHdDMDrQeGEOfjBjSORm/IFX4g5VxRi1RvV+GRXPa6cmQ+gHjveWo3Xy06iKQz0KhmLh+64Cv5tz+MX687ou32xDj/8+bqWrvieOOeVYGiBpgq8+dJGbD7SiDAA/8CLcMfdN2BSX699SyIiIiIiIqJWi04iZXRnFS3pTvwKPZfury4VekZ7sSsGkbA9y/qYlYzW9dH9bZWV8nr3ikE42nOrrHQ9n1ZeV6r3KV5lZaL2OsV9SvS9pXBdqd6nZJ7vWO21+T61gXZgG5p/+11EPv+47Y1R+oXqceDd7SgDUHjxQAAH8aclG/Dpqb6YcfMs3D+nAMfWrcDvPq2XdqrGK8sOwV8yAvOvGAHvntV4butx5E2Yjvtvn4UbxwL7yo4AABo+XYb/XFWNppLxuP/2WbhlFLBv3Qr8dmOd1N4ZbN4awOU3z8KiaX2RdXw/nnvr85Z1ddi5tQH5V+ht31LiQ/W2dXjrQBuv+8J89AdQfVQ/jwNvLceLu86hcMp03H/7ZAw/XoZfvbQZ3lEzcP+1hfpwB0UjWq4hrw3nFcCO19fgoyMeXHbzLNx/+2RM9NZhZ1WkjRdEREREREREpGMFKitQWYF6nlSgysSpWjQ9dQd8d/4MWdctbnuD1DbHy/CLn1unkuo1ZDIemJ4P7PsAnzYDY29fhFvHAcA4ZH31a/xxWxlOTP12y9YeTL37+7hnuP6p4dMAAA/yi4Zg1KgC5I4bhysBAHX4cOtJIGcoFi36NkYDwLh8nPjqTXy0dRcOzbympb1sfPuOBbiyGMA4L/ZsXYey40dxDKMxACNxz49Hmid64XF8/EUZDn1TBwxP1w35HB/uCgKXzMIPr9PrRSdlfYOdyyqw0zsDc4ZX4733qnHGMhRAqucVQFMzgJw8DLl4GMb17YFJ42ak60KIiIiIiIiIOAZq0mNWSpWVrufTyutK9T7Fq6xMNFZop7hPib63FK6rq4+BGpPQEHjtX6EWjoTn0qvT2DC1Wp9R+MHD34qOgQpvLvL8+o/XY3UNAICyN36NH74h7ZPTALMGNRcD+pir8qbegPuPrMbrq5bhH/4CePv0w4wb5+PW4XU4dBxAvx4wpxMbiCEDgY8qG9AQXeZDXk6Mc206hHWvr8N7lXp3d0P/Vl+0zTf1qAVQOLAAqNuNYwDwxQb88OcbpI08OHYKQM90nlceLr9jFg4t24jlv/ojXoEH+UUjcMfd12B0BsZiJSIiIiIiou6HFaisQGUF6nlYgRolBJqe/R5y/+U9qBeWpLFhahWvF3m98pDnsmpAQR6AMxg1/14sGiWPyanPKL/PtcF8TLrlPky6BQg1fYNPXn8Tr7/0HoY8cRWG9APKmsNoim57FIeOAuipH7/BtT3TiW0fYFVlIwqnTMf8CUNQFN6FXz3vfhbJ+wbrNlUD6IsZE/KBXgMxAGWoLZmOf7plpGXyJ28OgLMex4RQbTqvvuNwz6PjcA8CaPxmD158fguee6sAz9w/gRNPERERERERUZt1bAVq/3FAyfX6dsf2AJXvOtpjBSorUFmBmkDTGQT++Hfw/3xlBhqnNhs1AVNzqvHpuvewzjsWQ7zAmSP7cKjfHDwwtYfrLg1bXsJ/lBVgzrRC9EIA1WeN8TwLcNm0vli1ah9eeL0H5l/SC2e++AQfnQUK50zAEAB7EpxOVo4PgD6JU9PJQ1i37SDq0coK1LOHsWNPS53o2Wp8uGk/Dp8FCufMweW9AGA0rpzwEcp2bccrm4AZRT7g7FF8eqQvFt0xBehbhMKc3ag+tB1v7uuLK4vy23Be9fjw98ux48JxuHJILyB8FA3NrbkYIiIiIiIiovg6pgLVlwd1watA8RWW3XH6MLS/3A3UlrECNUZ7jgpGVqB27wrUFpH9nyK84z14J12b/sapjYbhnh/egAFvfYD3/rIBH0Hvkn/ZnNh7eIuHYciuPVj5xn6EAXhz+mLGfTdgUhaAqXfj/+BtvPDedrxYBsCbi1FzbsL9MwuSOpu8qdfi/iNv45VtW/Dirl6YMWcI+h/a37pLOrIfL75h7ONBr4GFuOWOa3DlxWYN7vBbFuEH/d7DKxu24MWt+nleNGEgQi335Jb7xuLMsjJ8tOx17JtzN342M9Xz8mHI2AJ8smkXXtymB83+gSPwvTtYfUpERERERETpoYjf9BAAWsIiKQOLhkfuFXpmGtTCUaEnt2fdX71/C5A3GGLzv0Ps/RMQaIBSejeUq/8DgID23Fig+XS02ej5KNJ52SoZLRu4VlbK+0MKtawVg3C0J12fY3/3+2S5k224T+7t2b5BYb4oCdrrFPcp0feWwnWlfp+Seb5jVaC28T5lgFp0CXJ/8VdA9SS9z+FDNVAUpVV/AMT8bLyXX+O9j7csGf5cb+KN4mhqDCfeiKiLaOvfl2N1pzCgoE/iDYmIiIiIqNvp6r9fq8abaOgBM/yIhktGhR6EZb2F/aPUnmX/0nuAgrEQ730PYscSKIGWEfvKl0F79TrA1wfKjJ9E27McT0jnJVX62ddHz0fK5OzrLZWC0QpHONqLXpdcWel2PtJ1Os47lfsUoz37/q73KUZ7neI+JfreUriuVO9TMs93rPbafJ8yQDvyBUIb/pS5A3RBKea2ROcdRU28DREREREREbmL/kolWvpPi5YSufhjRJrbRzkq9Mz25P2V4dcDDV9DHFjtOB5qy4AD7+jbRCsGpfUKLBV+ZiWjdX30fCyVldb17mNWwtGes7IyxvlYKiHR5vsUq73YlZUiYXud4j4l+t5SuK5U71Myz3es9tp8nzIktGl5Zg/QxageJqjUPagqn3UiIiIiIqJUtXsFKnx9gNNfx6zUFLV7gN4XsQKVFahJXxcrUE3awZ0QJ49m9iBdiMfDsjzqHvisExERERERpa7dK1AROAXkFces1FT6j9MrUTNYgaoMmQnP334Ozz0rXCsG1amPwPOTanhu/E2rKlDVi2fC+1g5vA+8nfR9Umf9H2T97Ctk/aIe3pt/wwrUFK6LFahW4Z1rM3+QLkJlpkTdBJ91IiIiIiKi1LV7Bao48A7Q+yIokx91HA/FlwPDr9e792e4AhUAlAvHQ534gLVi0NcLSunNQFYP63UlVYEq347E90kZPhueyx6EaKhB5K0fIPLpUlagpnBdrEC10g7vzfxBughFUeBhN37q4jxexfkzloiIiIiIiJIWnZJXr5wzKvwSVegZFX/SL2QuFXpme9L+5X+CMmYRlFlPAdl5EFWb9B2Kr4A6eTFQWwaxfYmlYjB6PjErGY2KP+m8XCorzf1b5PSBMvpmKDtfjO6vXHo3lIFjndclVVa6ng8E5AKfZO6TUjQRyOkN8cVaRHb8KU5lpXnf41VWmt9brArU1t8n98pK531P+j4l+t5SuK7U71Pi5ztWe22+TxkkTtdm/iBdiDdLRSQS6ejTIMqYrCyWnxIREREREbVFNEDVK+SMCjxbGOT4bFTcSS3ZuifL7Tn2r1wFpfhyKDP+0VqQV/UxtLfu0vcfezeQN1g/n9OHgarNwKnD1kq/6Cscr5bKSiGdj1yFc+IAlIGXAhPug7LrJQgBqKMXAMFzMMI89fpfQZ2wCNr//A7aun+GoihQJz8IdfY/Q5S/jcjKH1rui3k7FKhX/QTqtO9DVO+CUjgeyO4FnD2KyLpfQL30dijDvq0fY/K9yB67AOGVj0M5XQ3PtU9CuXAsoHiAM0cR2fQstI+X6O3bu4Eb1yd9bzHvO1p5nxz3OcX73Zp2UrouqT3je0jiPiXzfMdqr833KYO041WZPUAXo6oKsrNVBINaR58KUdplZ6usPiUiIiIiImqj9q1ALRgHZcEyfZKohq/1rvqnD0PUlgHNp4DavXp16tX/rrddWwbRfBrKuEVQsvMgti+B9vFTyVUyJlGBKr7ZBaX4W1BLb0Fk54tQp3wX6D8KovKvUEbM1bepeBcYdQOUoqlmZeXgaYAWhvbVRwkqUAF4fVAKhiPy4TNQsnOhTvs+1Il3I/LBU1CPV0KdfC+0z9+F9vkqiJoyeO/4PZQLhiGy8TfAqWqoMx6BZ9ZjEA3fQOz5CytQWYGakFbHALW1PF4VWQBCDFGpC8nKVuHxsvqUiIiIiIiordqvAnXMPVDm/Q5o+Bra8uugVH3cUuFn7o4xi6Bc9zuID/5B78ZnzxawAAAgAElEQVRfMBbK4Mv1qtThN0C9/ndQc/pCW//j9FSghpohDqyFUnob1IkPQCm9FTh3HNqhTfAYAerB9RA1u6AMmghl+Dwo52qhFE+BqN0HsefPjvti3o6W42hhaHvehPbxb/TlpTcBufkQX24CLr5c3yZwBmLPX6BceiuUC4ZB278e2vv/pod3qgeeef8EddgV0Pb8hRWorEClDPF6VUAAoRBDVDr/ZWWp+jNNREREREREbRb97Uq0pFetnaU8yqVCz2hPKRinh6d1ZdBenN4SntqO16vYGp4KQL38H6Fc/R/6+v2roS27Dsrk70MZfIWtkrHleIp0Xi6VlZb10Ndre14DAqehTn0YSv/R0L5YDYSbLdclDm8BsnKhjLgGuPjbgK83tAPrpEpL4z7Ju7UcR4sAocaEX4SAgNJnMODNBoLnzPve3AAIDeg9yPU+y5WVjvse63trxX1yr6yE4767VaDa23NWoMb4Xlp5XWYFqnTfk7hPyTzfsdpr833KIKV3/8wfpIvyZqnw5Xg6+jSI2sSX44GX454SERERERGlTfQ3LPus48nOUh5l/yi1pyx4Va88fe1aKIGGaHvy8dQpj+rd+rcvibanvfM9aM+NNds7VgaxdxmUKYstlX7R9UI6L7ki0m09WtbX7NBD034jgIZqiN1/clyX9sVq4EwN1MJJUIfNAgKngS8/irZn3id5t9aNOadAgTj1NRAOAtk9zPuekwcoKnC6xvU+R6/P9r3E/d5acZ9aPbu8XIFqa89S6Rnre0vhutyep2TuUzLPd6z22nyfMkjtwwC1LVRVgT/XywCKzjveLBX+XC9UtR1+0BAREREREXUjGR8DFaX6ZFDa8uvM8FTaPzrGZP9xEPtXR/dXxiyCcvlPIE4dhnj1enPMyYpVUK//HbREY2m6VFbax0CNVgjuehmamgVx9DOIE5VQCidbr+vEQWhfbYI6/i4omgZR8R606p3WsT0RYwzUJAkIYN9aiBmLoY6YDXHNz/QxUKd9FwgHoR3c5Hqf5cpK83uLVYHKMVC7wxiorEBNj6wsFVlZKiIRgUhYgyaEPgwDh2CgTkBRACiAqijweFV4PAxNiYiIiIiIMiXzY6COuQeoK4Ny5GNnxZ+QxpgE9MrOFmLvK0DvwVAmL44eD0IAwQYgp096xkA1tj/+BbD2x9H9LVr2F19tBEpvBhQF2v41zrEv01GBGjyDyHtPwHPtk/DM/CGgeIAzRxHZ8Iw+gZTLfY5en/S9xR4rtJX3KZWxPdvaTkrXxTFQZZ6SSZk9QDfj8SjweNitn4iIiIiIiKi7UsRveggAkIdoVKKfY1fomWlQC0eFnr5WeewMsHMJtA9+7FoxaBxRvfNdAID26nXR9tS7W5Ytuw5GAZ8y4ydQxi5CZMkYSyVjdIOYlZXm6uj1uVQMwtFey40qnAzP7c9DnDqCyNLrbO3Fvq5k75O+VezKSrM92zcozBclQXvtcZ8sh3G056xAdZxPCteV+n1K5vmOVYHaxvuUQT1+uwdKkt34Dx+qgaIorfoDIOZn4738Gu99vGXJ8Od6E29ERGlxrO4UBhT06ejTICIiIiKiTqipMdzRp5BRGa9AReA0UHQ5lOk/iW4WfTW2D5yGOLAaylVPAb7e+j5ynuLrDSXQoJ/fiBsgvt7UfhWRxv6jbgBy+0Hsfct6vxJUQiZdqZvGykpWoCZ3n7piBao6bGLS4SkRERERERERESWW8TFQtTXfgzrvOSjT/zH2WQROQ3uuFMqMn0C9eRm0164HBCDKXoEydhEw+HKI/e9AveInQP+xEG/e7ahkzOjYntk9oQ6dBTQeh7ZvtUt7zkrI1t6n9I7t6d5exu+TcT6O/WHZP+73lsJ1cQxUk3fSvMwegIiIiIiIiIiom4l24Xfrthw7ZDK7LVtYPpvtxQ69bIWLJddDvflVoHYPtI//P+DrzUCgARg8A+rkxcDwGyDe/T60Pa/Ywjhnd/Ho+UTDQWd3cWfo5eyWbakY1EsTHd2yE15XGu+Tc3/p+mzdz+N9bx16nxJ9b62+rtTuUzLPd+z20nCf0kzpV4wez/wPoCY/Xie78BNRstiFn4iIiIiIYuk2XfgzVYGabMWgEAI48A60V6+Dev1zUG95zdpg4DS0t+6C2P+OLYTrJJWVrEBN7j6xAjVjfHf8Y6vCUyIiIiIiIiIiSizjY6AmO2ZltL2qj6E9NwboPxZK8RVATh+Irzfq1ahySNVeY3Im206i60rTfXJUMBrnJX1vsdvrBPcpUTspXVdq9ymZ5/t8GQNVLboE3mk3p79hIiIiIiIiIqJurnNVoMrtHSuDOFZm7U7dmkpGVqDG/t5Ygdq1KlBzeiLn+0sy0DAREREREREREanGm+i4hTDHL4yGS0aFHoRlvYX9o9SefX/js/14bu1Z1gvpvKRKP/v66P5SJmdfb6kUjFY4wtFe9Lrkykq382nldaV6n+z7u96nGO11ivuU6HtL4bpSvU/JPN+x2mvzfUoXRYH/b/8b6uDRaW6YiIiIiIiIiIgAKUAVLf2nRUuJXPwKPXP7KJcKPaO92BWDSNieZX3MSkbr+uj+tspKeb17xSAc7blVVrqeTyuvK9X7FK+yMlF7neI+JfreUriuVO9TMs93rPbafJ/SxHf3v8Az5tvpbZSIiIiIiIiIiKJYgcoKVFagxnm+O20Fak5P+H/yZ2TNezhNDRIRERERERERkRtWoLIClRWocZ7vzliBqgwchtwn18Az+vK2N0ZERERERERERHFFJ5HSK+SMCjxbGOT4bFTcSS3ZwiG5vWRmTY/Vnnw+kEMqyyscr5bKSgHL/hlpp5XXlep9coRwse5Tgu+tw+5TonZSuq7U7lMyz3es9tp8n1Kg9L0Q2dcvRtZV9wJZOak1QkRERERERERErRINUPXwyKjwS1ShZ1T8Sf2RXSr0zPZiVQwmbs9yPjErGY2KP6kdl8pKc/9YFYPO9twqK13Pp5XXlep9ildZqSRor1Pcp0TfWwrXlfp9Svx8x2qvzfepFTxjvo2saQvgnXlX63cmIiIiIiIiIqI2YQUqK1BZgdpZKlBz86D2vwhq/yFQBw6F55Jp8FzyLVabEhERERERERF1IC9+cDbmSiXJ10SSbSfZ9oiIiIiIiIiIiIjagzfxJkREFFdDJda/uRHvfXESDWEAXg8GDirB/HvnYWr++fljdtfSZ7Bkr3WZNycXxROm4+GbLkW/rAwduGw5HnrhCAZedy/+9Wrgvf94GW/VFmHxMwsxIUOHJCIiIiIiIorn/PzNnuj/Z+/eo6K+733/PxGGmQEdZOQi6HhBIhrGCyokYsCoRI1J1GoaTaqpZBfbJD1Jzjbdbc5us3OSdrVN4vk1PTu2P22LjWkDaTReotF4xwYaMUoMk4gRIw4XGQRkVAYE5fzBRYyCGAU0eT3WmjXf7+f7ubxnWEuWbz4XkZuFJ5fXf7uFnBo/Rs9IINZqhNNOtu3IY8U7YcQsHst15xpLt/KLlw9ywj6NFcn264/5kiRlSDsVjYyelUBsL4BaynM+YX3WNp7LPcITP51LjPnqQzUmYi3M+Y8U7g3tQGzD7ufV/6rHYA4AXB36OCIiIiIiIiKdSQlUEZGvrYa9q7aQU2Nh+n+kMLclQTiKuMQEqtwB15887VZGIqJGEdf8uWLimPhpOj9beYzUtYeIeXjYjR/S4E/Arf2liYiIiIiIyDeMEqgiIl+Xey/b8oABUSRdNrsygABL83UVuWvXkZpVhrsefEyBxD04m+QYK3BxlmbirDAOb8zjRD34hETx5FP30ydzBc9vcjd2k7uFlCVbmmaO+pC7fStrdhTirAF8vLHFTufZB4fh1zRm3vaNpH5QQnnTmPZpkxibv4Y/Ny3NP7FpFSmbYPSiJTw5omMf2W9EAhMD32LzPge5Dw/DDlQXbGX5KgeOyvPgYyF+/lySY4p5fckWchq/KNa8vJQ1NC7Fjyray+p3PibzeDX1gE9gGPNTHmFiKJct4f+qkux0lr1TyIl6wMeP6Kn3kDwlkoCOhS8iIiIiIiJyzXp0dwAiIrcsTy0eAIu13QRe3lureG1PGQGxCaQsSGBiv2oy3/w7yw/VtKrlJiOjlonzk1iUEIjBlcdrabkE2RNImdUfC8CAKFIWJDHPbgFcZO9x02dyQmPZMCPOrM2kH7o45qubSsAeS8qCJBZM9udEfgWRk5NIGR8IgKXp2b0Dr+VDhxPRD6ACZwXgzuB3vz+IAxvzFiSxaLyRA2/+ndQjNu5dkETiAGjcCiCJlAVxRAB1+YfIwcbcBUmkzI/G5inhzTczqLra0EWbeS2tkKohY0hZkMSiqVbK9x25ejsRERERERGR66AZqCIi16HuqjVy2bavFsJjefrBOAKAOLs3J362i+wMB8nDxjbVMzJl4VySBgIx3uTs2UKOq4STofcQh5MNFOK2DCIupnkP1GEkv9BqCX24i925Bzla5IJhrsYxQ0by9MJEwgAYxYSmqkHuQ6zIqsRvwDDiYtrbA/XqSrLz+BI/pqfMbZyFGxOGO28Va7JKSF44iqqcbWR8dSuAxEdZmtjcwygMuQ6W5ZZwFNo/KMpTQzUQ0G8Qdvtg/AyjmHCFWaoiIiIiIiIiN5ISqCIiX5fVSl+g3F1BFVx5FmppCSea6rY8N4RgCwRHZQUnWyoaCTBdw9ieL3l/1WbW5zUug2/Wt/WYIWFNydMbqZijRQBWbFY4cbxxe4HNLy9lc+tqJhdVXHmP1JMHVrPsnWONWw9ci8h7eGZGNcs/WMPTO5q2JbjvHhbH227xvWZFRERERETkZtatCdRqTy0bPsgk74gTZ3EZALbwYKIibTwwNR4/s7E7wxMRaZ8hmvioXTjy8thWmtjqECmAs1S5/QkIDaMvBzlRV0sdNCb66lw4K4EoK0HQmOxsdxyfyxKEJzO3sSavGtv4BObEDsJWt59f/8HR+DA0hL7ACVcJJdgvT6Iavv4//dWf7mF3JZjHjcIOlAywQG49iY8/wszWk1kNRgKuONQh1rx5DKcpjDkL4ogeEowz7U+szOvI6P5ETHmE30yBOo+LoxvX8erq91g98HHm9/vaH0lERERERESkXd2WQP0w20H62p2YzUYmxEbzwLR4APKOONn/6RE+3Otg3uxJTIiN7q4QRUSuwkTcwmlk/3ILm1/+AydmjCXWaoTTTrbtyOPL8LtZtngsSeN2kbMvi9+tPc/EgXA0ay8OjMQmRnds5qTVhs20H+eRvaR9aiVpoBVDqz8wVVcc4/2sI5TTNAOVUSSN20POvoO8tsrIHHsAdRWH2Hw8kueTx2IID2Ywx/gyaycfRiZgDwknwHylgWs5mvcJe4sbr8tzPmF9rpv6XoN4YnYkAGGxUQzelE1G2jbC7ovEQi3luUeoHv8IcyPBNiQQcirZvWkvUVOj6NvPiLllpu1ZTuR8woYOJU+BQ2tZsq6WpMnD6OMD5RW1gHcHG4uIiIiIiIh8Pd4vvPDCC1096IfZDlambebeyXH8+LHZ2PqFUFHpxguIj7UzY0ocdfX1vL1uF32sAQzod3179InIlVWdOo2Xl9c1vYA275uvW7+3d91eWUcYDDfBOXiGEOJiQ/ArLyL7ozyyco6yP/8UppChPPzwXQww9yBoRBQRnmP8M+tzsnKO4/RYuHP+d/nBiF4AnMjJIttlZPiEsdzWE8BF9gf5nPAPZdJdQ+iFlajIszgPFvDR3lwc/sO4d+Iw+lYcZc/eL9j32Slsd9mozSuH20YxOcKfoBGR9D1dxMGcL8jKOUqu05uI2NsZOTAQg3Egw0NKcOw/zj+zcnENiL+4P2mTxpjOcyLvKPsPHmX/weN84fbGFjuRn6ZMYkhz/tY4kDtj/anM/YRtH+az7+BxjvXozagRg4no7YvJNpC+FUf5V84XZGS5iJh2FwmRZ3EezCdj31GO1N/Gnf2KOeKyEDvNTpjLwYYcNz1vG8XkCDjy4UE+P9v0rEctrs8Os/ujPD7KOcrnVUaivzOLH0T36sqf+LfW2eoaevpfyz4TIiIiIiLybVFfd6G7Q+hUXg0NDQ1dOeDJCjfP/WoF82bdTVLiWJxFLl5Z9jaemloAzCYjP3niIWz9Qli/JZNtGft5fsmjBFktXRmmyLdCwbHiWzqBavbTNs4iXaW07BShwb27OwwREREREbkJearrr17pFtbl07fWb8nEGmghKbHx5On/Tl3HaHskK5YuYcXSJYy2R/J66joAZk6Lx2w2si3j464OU0RERERERERERKTrE6h5+U7uSRwDgLPIRUWlm5lN+59CY9K0vNKNs8gFwD2JY8jJPdLVYYqIiIiIiIiIiIh0/SFSFZVubOGNe5r2sQYA4Cx2tSzRdxa7LnlmCw+hvNJ9Q2Pw1JzjtRWryT9W3FLm5eXF4AF9+f68aYSH9vnafR9znuBPf9tEaVklP/r+A4wdOfRGhCwiIiIiIiIiIiLdoFs3EPQzGxkdPYT0tTvxeBr3QF2/JZPx46Lxa3XCdGeZeve4lq0E6uvPs/q9DP6wcj3PPvEQAb38r7m/ak8tb76zjUG2vvz7Dx+kZ0+/Gx2yiIiIiIiIiIiIdKEuX8JvNvlystWM0j7WAMor3aSmbSY1bTPllW78/S4mT09WujGbfDslFpPRl8CAngQG9CS4TwD3Tx2Pp6aW44Wur9VfWfkpyspPETMiEmugBV+DDrgRERERERERERG5lXV5hm+0/Taysh1MiI0mbe1OMrNzmTfrbkbbbwMgMzuXbRkf09AA82dPInNvbsuzzmbw8Qbg/PnzAHx2uIC33t1BaVkFIUGBPDJnCrcPHcjRghL++MYG7hgzjH/t+5zwvn0YPDCMjVv/BcAf/7oBa+9e/OypR/DU1PLX9C18efwEBh9vxsdG8+D9iZiMvm32k/v5l/QPD+ajjz/H19fAonlTKa90s25zJvX155k5LZ7pk+Pw8oKjBSW8vX4XBc5Szl+4wJgRt/HoQ1PxMxvZ8EEWnzjyuS2iHxlZB7lwoYG7J4xm7v0J+Hh7c+FCA7syc9i49V+4z1TT29KTOfclcOfY2ylxlbfE3cvfzIMPTOTOsbfzNQ9LFxERERERERERuSV5v/DCCy905YBBVgtrNu1pSfAtePAe7o4fhZ/ZiJ/ZSFSkDYulJ+821cn410Eemz+dAMu1L6lvS339eT7a/zkhQb2JGmJrLDt/np3/PEBhyUmmTYql4tRp/rByHWNHDWXxgvsIsPjzznsZjLw9gnN19fzzo08pLTvFd+69i2mTYokaYiNycD8OfnaUh+dM5rszJ9LQAP/3T+8SEhTIj//tO8SMiGTLzmxOlrsZMTyCU1VnLuvHWeTi408Oc8eY4Sx4MImy8lNs2JqF0ejL49+fSa+efmzN2Id92GAsvfw45jxBkDWAR+ZM5o6xw9nxzwPU1dcTNcTG4fxCsnMOETm4H//2yL2EBgfywa5shkb0p0+ghQ/35pK+bhezpsfz6EPTGNg/lMqqMwT1CeD3K9a0xD10SH/S1u1ksC2UPoGWG/ZzkO5Xdeo0Xl5e1/QC2rxvvm793t51e2UdYTB0+SR6kW+ts9U19PQ3dXcYIiIiIiJyE6qvu9DdIXSqLp+BausXwpSEMaSv24XZ5MuE2OjL6kyIjSZ97Q7S1+1iSsIYbP1COiWW9VsyWb8ls+Xez2wief40QoJ6s2n7RwRYejJjyh34+5mIGzOc7Jy8loSlt7c335szhVHRQ1ra9/Q34+UF/n4mAnr5k5N7BE9NLd+ZcRfBfQII7hPAffeMZ+PWLNynzwJcsZ/wsCDiY6Px9zMxbnQUnx0u4N7JcQT3CWDE7RF8sHsfpWUV9A8LImbExdm51kALg2yhlJSWt5T1Dw9p+Qwjbo9g47bG2aa1tXVk7vuMO8YOZ/JdY/DygsCAngBXjHvEsMF8driA2yL6d8rPQkRERERERERE5GbULZt0zp89iWpPLVn7HLy67G2SEsfQP7wxSVpY7GJbxn48NecYPy6a+bMndVocrQ+R8vH2bkmAApSWVeIscvHML16/pE3k4H4EWQMwGHzodZVDokpPVuLdowe+voaWMrPJF0/NOaqaEqhX6sfX4EOPHhdn1pmMvliaDrXy9zNdsrdq3hEnazbtoaS0Ak9N40FcsaOj2uyrWc25c5yqOsPw2wZctiy/9GQlVe6z/Pw3f7mkvHW/IiIiIiIiIiIi3wbddsrRYw9PZ0JsNOu3ZPJ66rpLng2N6M+zjz9EVKStU2NoPkTqSkKDAxnQL4QffG8GJpPxkjatZ3i2JzQokPMXLnDuXF1LmafmHGaTLwG9/ClvdZjW13G2uob09bsIDOjJc089jMlk5G+rt3WorcnXl94BPak4dZqGBi5JooYGBdLb0pMnkmfRu9X3Y/TVoVgiIiIiIiIiIvLt0qUZsbwjTvzMxpYl+VGRNn4SOY9qTy0f5+QBMHZ0FH5m4yXtTla4Ka+o6vSEamsjhkewK/MTsnPyuCvOzvkLDRzI/YKYazjQavDAMMwmI+9u+idz70+kyn2GjVuziI4ajOUGJFB79OiBr8EHX4MPRl8DXxaUcOTLIm4fOvCqbY1GA2NG3Mb6LZkMHtCXEcMjOF5YSnmlm7GjhuJnNrI76xPuS7oT7x5efHa4gPC+QUQMDLuumEVERERERERERG4lXZZArfbU8nrqOgb0C+HZJx665Jmf2ch72z/CC0gYP/KytqlvvY+zuIzf/DzlsuRqZ7GFB7No3jTeencH723NwuDjw5iRQ4mLGdbhPgJ6+fP4opn8NX0L//nrP2Pw8WZ8bDQP3p94Q06zN5t8mT97En/62yZ+9qsVjI6OZGD/0A63v3vCKM6dq2PNxj2s+sdWgqwBfGfGXVh6+vPD7z/QErd3jx4MHdKfebPDrz9oERERERERERGRW4hXQ0NDQ2cOUO2ppbC4jAO5X/Dh3lw8NedInj+dIGsAQ4f0J++Ik8NHC1m/JROzyZd7Jo4jaoiN/uHBOItclFe6SU3b3HjgVJydGPtt9A8P7rJEqsg3WcGxYry8vK7pBbR533zd+r296/bKOsLsp20lRLpKadkpQoN7d3cYIiIiIiJyE/JU13d3CJ2q07MPP/vl8pZ9P2dOi6faU0tq2ubL6j0wdTx+ZiPp63Zd9mxKwhhs/UJIX7uDbRn7sQZa+O3PUzo7dBEREREREREREfmWu/x49hts3uzJAMSMuI2kxLHMnBZP//BgzCZfFs2fjtnkS3xsNDOnxZOUOJbx46IveWYLD2b+7ElMiI1mdNP+ozOnxXd22CIiIiIiIiIiIiKdPwN1Qmw05RVVfJjtwFnkAqCwuIwnkmcRY4/Ez2xkWeo6HpjamBTN2udg3qy7mRAb3fKsuV1evpMHpo5nQmx0Z4ctIiIiIiIiIiIi0jWHSFV7aqmodPPi/1l1SRnQkhx97lcrADCbjC3Pmt9btztZcX0n14uIiIiIiIiIiIh0VJckUMsrqhga0Z+Z0+I5Welm/ZZMPJ4aAPzMRqyBFubPnoSfyUjaup0tSVKPpwZroIWZ0+IJCrRc0k5ERERERERERESks3k1NDQ0dHcQItI9Co4V4+XldU0voM375uvW7+1dt1fWEWa/LvkbkIgApWWnCA3u3d1hiIiIiIjITchTXd/dIXSqTj9ESkRERERERERERORWpQSqiIiIiIiIiIiISBuUQBURERERERERERFpgxKoIiIiIiIiIiIiIm1QAlVERERERERERESkDUqgioiIiIiIiIiIiLRBCVQRERERERERERGRNiiBKiIiIiIiIiIiItIGJVBFRERERERERERE2uDT3QGIiNy6cnl9yRZyrvTIPo0VyfauDugWUEVexmbSd5TgPH0eAHNIMLFTpzM/JgRDN0cnIiIiIiIi8lVKoIqIXK9e/Zk3axiW1mVWW3dFcxM7y4HUVSzLraWPfSSLRodgoIq8jINkvLmNKPsjxF13BtXF+79dxRpXf55YOo+Y6+2udCu/ePkgJ5QQFxERERER+dZSAlVE5HqZrUTHjCKsu+O4ydUdWMey3Fr6Tn6Yl+4LbymPi0lkpruKAE0/FRERERERkZuQEqgiIp2meTZkMIkJ9WTuqaQeb/qOn87TscdYvtzBlzXgExLFk0/dj90McJaj29ex/IMSyuvBJ2QQySlzibPSMhuSyUkkFWWSlleNfdESngzJ4Hcr9uOoPI+PKZiJs6040vJgxkJemhLSoT5P2EeyoO4IaXnV1Pv4ET1rFs/ENyc5q8jbvpHU5vamQOzT7ARk7GG3ZwhP/2o2zXMzqzL+wrPrapny1OPMH9j6u6giM6MECCQpIZyvCrAENF3VczxzNSvWFXKiHvDxI3rqdBZPGYwfcCB1KctyLSTOCuPwxjxO1Lf6/txNnwWAQpYtWQohI3nxp/HUZe/kzS1H+LLyPOBNn6gxPL04sSnpXc/JA+tY9s4xnDWNYw6OjWd24F7+v03uxrByt5CyZAt9ZyzkpfgK0pbvZPfxauoBc/ggFiTPIs6qX6kiIiIiIiLfRDpESkTkerkO8vySpaS0er3+aesKZWQXh7NgQQKJ4ec5kbWR51JdRMxOYtF4C/WuPNIzXQBUZabz600lYI8lZUECE3uVsGLpWvJa9XZixzbSKgOISYglyepg+e+zcVQaiZ2VRPLsEJxr85qSiHS4T3Lz2BsyluQFsYzuVY1j9UbeL218lPfWKl5taZ/Egsn+nMj3ZnpiINTks+1ATVMnTt7PqITwaO69JHkKUEt1DYA/FstXn7WO9Q1eWl1I9bAxpCxIYp4dHJvW8Op2V6tabjIyapk4P4lFCYEYXHm8lpYL1mjmLYhldC+AQBIXJJEyK5ogajmc7YSmPhclWKjOy2ZFRkXLmM+9eYyT/aJZtCCJlPtsUOTCZE8gZVb/xq0ZBkQ1xWNk76qNbD/uQ/z8JFIWxBLr4yK7oIew9OAAACAASURBVL7tDyUiIiIiIiK3NE2XERG5XoHRPPvUePq2KjKYW1cIY17KdCYYIKLiEzKK3UTf9xDzY00wup7srF04jjcmCDP3VELgSJ5e2Dg7Mi68CsfLB9l9CKICm7oLj+U3SxIJADiQzqs1YJs1j8WJVmAUcb1qeGpFflNlV8f6jBrPM7PHYgBsFXnkbHJz1AWE5rJtXy2EXGwPo5gAUAfR63bhyHZQFzMWQ4GD7EqIvi+O5vmkF9VTXXe1L7IpVtMQkpMnNc5qjbFyMv9ttu/Zz9Ep05vqGZmycC5JA4EYb3L2bCHHVUKJwY49xgfnB9nknPbHHjOqZQ/UpCceJ6l5mOY2+cWQ2DgzGPqT/MT0pvqjiEtsrBqBkw0U4rYMIi7GDlSx2wOYLEQMiSTG6k9cTOLVPpiIiIiIiIjcwm6KBOrJCjdZ+xwAjI4egq1fSDdHJCJyDQzeWCwBV0gaNvPG7yv7expMpqYLY6uT512NSUsO8vySg5fUN1dUQXOy02ptGaukonGJeZ9A68XKgf6tYulgn5fE0UppSeNs1pCwy/d4NYwladweHPs+IdM9lj6Zh3CbhpAUY7pCR1b6hgCVZ3G7gSvOQm2KNcSfPi1lYUSEw/a8KqpayowEXGmINlWw9621vJlTieeyiaLNY1ovSYC3LYCJC5M4mrqTN3/1R1biTZ8Bw1iQPB17OzNrRURERERE5NbV7QlUZ5GLV5a9jaemFoD1WzJ59vGHiIrUCdYi8m0TQkQI5NRF8exTCV+Z0RoAFZe3CLNaADfllRVAUxK18ixV0JREvfY+LxEaQl/ghKuEEuyXJVHticPos8/B7uwM+uw7T5+EsVz5rHoTcbFhrMwrYdueYibed+k+qNXuKvwsTbF6zuNpeVLC0WKgV2OCuoqr8bn8N9uhnazYV4k5agwpk6OICikk9X/vofHPdlb6BgKuCk7AFZLEPpcnlq2jSF4yimRqqC46yPJle3gtLZhli8deOQktIiIiIiIit7RuTaC2Tp7Om3U3AOnrdvF66jp+8sRDmokqIrcGTwWOA5/gbF1mHUTcZfuAXk0I8QmBrFmdR+o6C3PsAVDvIucATFx8D1FXamIfRaypkOx16SwnntHmEnavzcfDxQTqNfd5iVEkjdtDzr6DvLbKyBx7AHUVh9h8PJLnk8di6BfN6EAH2zdl48SPKbFt//HLEDOLJ3JSWbbjLX7mGskDo0MwUEVehoPM4wEk/+aRplgdLF/lxxx7AO7cTLafBtuMMUQAB64ar5WIcG8oLuH9tbn0SbQRZjbSsqPC6TKysz5uSp4ChJM0OZDNqwtJXbaZ6vFhGE472XbAyIKn72GA1YbNtB/nkb2kfWolaaAXOamr2dtvJElDAqC+GHfNFQMRERERERGRb4huS6C2Tp4umj+dCbHRAJjNJlambeaVZW8riSoit4bThaS/WXhpmX0accnX/u9XQPyj/Nq8jmXvZLMiB/DxxjZsDAZPGw0Mw1j81FnqVu4he902DpiCmTg7Cnda3tfv8yuiHn6EFMN7pGc3tvcxBWKfZqUOMGDj3sRAtq9rOjyqX3s9+ROTvJBnMzaTvsPBytzGLQXMIcHEL0gixgCG+Ef5BatZsa45Vj+iZ8xh8ZSOf5dRs2cx5/Rm1u/Zwkt5I3nxp5N4Zoab1z/Yz4o8I0PnRjE65yA5Ld/PPJ6rf4/UjQ5W5jvAx4/BsfH4ARDJvMUjqUo9yPaVb+GY8SDJMcFk7tjPiqzzjfGHR/H0Qs0+FRERERER+abyamhoaOjqQdtKnjb7MNvByrTNmE1GJVFFOlHBsWK8vLyu6QW0ed983fq9vev2yjrC7Nftu5DcnAo2s+T3DgJmJPP8FOvV61+nugN/54k3S4he8CTPXHH/U/kmKC07RWhw7+4OQ0REREREbkKe6ssOnPhG6fLsw9WSp0BLmWaiiohcjZO0X67G0S+a6aNDMNS7yN7iwI2FJHvnJ0+hgt07SqDNw6NEREREREREbm1dmkDtSPK0WWcmUT0153htxWryjxW3lPkafIgc3I/vPjCR/uHB19V/ZdUZfvP7v/PQrLsZO3LoZc+PFpTwxzc28KNHHyBi4GVHlnSJDR9k4cg7xtMpczGbfLslBhG5ESzEJNo4mnFxSbxPYBhznprFvaFdMHzBXrYV087hUSIiIiIiIiK3ti5LoF5L8rRZZ89EnXr3OJISxwJw5kw1m3dm8/Lr6fzgezMYeXvEDRtHRKTzBBCVOJf/ldhNww+czm+WTu+mwUVEREREREQ6X4+uGOTrJE+bTYiNZtH86Xhqanll2ds4i1w3LC6T0ZfAgJ4EBvTE1i+E5IenM2L4YNZvyaTaU3vDxhEREREREREREZFbU6fPQG2dPB0a0f+akqfNJsRGk7k3l8NHCzt1T1Qfb28S7hzJH/+6nuNFLoZF2jhaUMLb63dR4Czl/IULjBlxG48+NBU/s5GKSjdv/GMrnx0uwLtHD8aOGsqDD1ycBlZ8opzNO/5GQeEJQoIC+cH3ZjDI1rfl+WeHj/GXt97HdbKSwQPC+MH3ZhDcp3fTswLeencHpWUV+JlNTJ04jqmTxuHj7U1pWSX/2LCbzw8XUFdfz+ABYfxw4f1YAy0t2wPcMWYY/9r3OeF9+/DkY7P5LO8Yq/6xldNnqxk6xEZoUOAN//5ERERERERERES+aTp9Buory9Lx1Ny42ZzNM1E7S09/M15eXpyt9gBQ5T7DHWOG86vnHuM/n/kex4tcbN+zH4B33/8n587V8dJPk3l+yUJ69TRz+oynpa/M7Fzmzbqbl376GP5+JjZt38v58xcAqK09hyOvgB99fybPL/k+AH/++/t4as7hLC7jz3/fxMjbI/jNf6bw6HensjXjY3Z9+AkAZ6trGGQL5YWfLOKlnz6Gd48erN64h4aGxnFramr5aP8hvjPjLh575F5KyypZ9c5W7hx3O7/5zxQmT4jh44OHO+07FBERERERERER+abo9Bmo8bF2oiJtLEtdd0MSqU8kzyLviPMGRHZl587Vcf78+Zb7mBG3tVxbAy0MsoVSUlreUmY2Gwmw+GMy+jJv1iSg8RApgPvuGU/k4H4A2IcNxpF3jHN19QD06NGD6ZNi6R8WBMB3ZiSwYtV7FJ84SV6+kwBLT2ZMuQN/PxPWQAtHjhWx/9MvSLhjBBEDwy45fGr40IE48o5RU3sOAG9vb743ZwqjoocA8OHe3Cv2d7Sg5IZ/fyIiIiIiIiIiIt8knZ5AnT97Usu1s7jskmcnK9w896sVV2z3/L8vvOIy/Rh7JDH2yBsbZCvn6uox+PjQ29ITgLwjTtZs2kNJaUVLAjh2dBQAc+9P5G+rt/M/f7EMPz8jkybEMHXiuJa+2jvd3mDwoVdPv5Z7X4MPdfX1nHKfobSsEl+DDz16XJwgbDYZOVV1hppz5yg/5SZ97U6OF7k4c7ZxxuuQQeFt9t1WfyIiIiIiIiIiItK+Tk+gtqe8ogponNkZFGgB4GSlm4pKd7cc4lR//jx7/nWQwN69CAvtw9nqGtLX7yIwoCfPPfUwJpORv63e1lK/t6UnTybPoqEBjjlP8Mc3NmDt3YvhQwdeday6unpOn6luuW+duA0NDsRZXMaFCxdanntqaukd0BODtw+r38vg9FkPzyyei6WXP9syPib/WHGbY4UGB3K0oIS6+nrM+Lb0JyIiIiIiIiIiIu3r9D1QO2JCbDQ/eXIeP3lyXpuHTEVF2nhg6vgbOm5N7Tkqq85QWXWGgsJS/vvPa/nscAEPf2cyfmYjPXr0wNfgg6/BB6OvgS8LSjjyZREA589f4B8bdrPvk8Occp/Bywt6eHU8MXnhwgU278ymsOQkhSUneXfTHsJC+xDeN4gRwyOocp9h0/aPqKh0s//gF2Tt+4wxI27DbDZiMvpi8PHGZPSlvKKK/VfZz3TE8AiqPTVs2Znd0l9mtuO6vz8REREREREREZFvum6dgXotZk6Lv+F9frBrHx/s2gc0LqGPHNyPJT/6Lv3Dg4HGJfjzZ0/iT3/bxM9+tYLR0ZEM7B8KgJeXF+F9g0hfu5NT7jP4eHszIc7OhDg7nppzVx3baPRl+G0DeG35aqpOn2HwgDAee3g6ZpMvtvBg/u2RGbz17g627t6Hn9nE1InjuHvCKLy8YO59Cfz/q97jF7/9CwP79yUqcgAnXBVtjmULD2bhg/fwt9Xb2bp7H4MHhDHaHtluGxEREREREREREQGvhobms9s7V8qSpQCsWLqkpSzviJNX//A2D0wd35IgXb8lkw0fZPHs4w8RFWnritBEvrUKjhXj5eV1TS+gzfvm69bv7V23V9YRZr9b5m9AIre80rJThAb37u4wRERERETkJuSpru/uEDrVTbGEvyPWb8kkfd3O7g5DREREREREREREvkW6LIHa3on0HbHhgyw+3Jt7g6IRERERERERERERubouW/862n4bWfscpKZtZkKsHQBncVmb9Z3FZS3Lej/Mzm3pQ0RERERERERERKSrdFkCdea0ePLynWRmOzp0AvxXl+tbAy3Mnz2ps8ITERERERERERERuUyXJVCDrBb+a8mjZGbnUu2pveRZjD3yitfN/MxG4mPt+JmNnR6niIiIiIiIiIiISDOvhoaGhu4OQkS6R8GxYry8vK7pBbR533zd+r296/bKOsLs12V/AxL51istO0VocO/uDkNERERERG5Cnur67g6hU3XZIVIiIiIiIiIiIiIitxolUEVERERERERERETaoASqiIiIiIiIiIiISBuUQBURERERERERERFpgxKoIiIiIiIiIiIiIm1QAlVERERERERERESkDUqgioiIiIiIiIiIiLRBCVQRERERERERERGRNiiBKiIiIiIiIiIiItIGJVBFRERERERERERE2uDT3QGIiNy6cnl9yRZyvlJqDgkmdup05seEYOiWuDqgdCu/ePkgzFjIS1NCujsaERERERERkZuWEqgiIterV3/mzRqGBaDeRfaOg2S8uYqc3Gm8tNCOX3fH1wUOpC5lWa6FOf+Rwr2h3R2NiIiIiIiIyI2jBKqIyPUyW4mOGUVY021cbDwHUlNZlrON9Fg7ycO6NToRERERERERuQ5KoIqI3HD+xMyIok/uQTKzD5E8bBhwlqPb17H8gxLK68EnZBDJKXOJs9KynP6EfSQL6o6QlldNvY8f0VOns3jK4KYZrO20/zSdlJWF9B0fy9D8/WS4zoOPhcTkR1g4zB+AuqIMXl+RjeM0+PQKY+Z9lq/E/DXimzWLZ+IrWm1j4GbNy0tZQ3+eWDqPmNKPeX3lHnJc5wFv+kRFkzz/HqK+OrSIiIiIiIjITUyHSImIdIbQMGwArhJOAlWZ6fx6UwnYY0lZkMDEXiWsWLqWvNZtcg/yvjma5AUJTBl4HsemNSzPPgsdbH8iy4Fn/CRS5kcz2MdNxor3OABQl8vyZdk4PBbiZyWRfJ+V3I15nGjVtmPx5bE3ZCzJC2IZ3asax+qNvF9q494FSSQOADAyelYSKQviiMBJ2opd5LhDmLMgiZT50dgqj3Hg9I3/qkVEREREREQ6U5fOQHUWuUhft4u8fOc1tzWbjMybPYkJsdE3PjARkU7lInNPJQSO5OmFiYQBceFVOF4+yO5DEBXYVC08lucWJhIAxNm9OfGzXTgyP6Yqdlj77ZuaWxLuZ3GiDRiFIdfBslw3J0qBYgc5NTB0/iMkx/oDo4ihgifSSq4tvqjxPDN7LAbAVpFHziY3R10B3BsziqqcbWRgJCJqFHGhAEfweACLlahhUUSYRxEX2wVftYiIiIiIiMgN1mUJ1JMVbl5Z9jaemlr6hwfjZzJeU3tnsYuVaZuJGmIjyKr1nyJykystwQkQEkYQLo66AA7y/JKDl1QzV1RBc4LSaiWg+YHBRlQIOGpqqb5a+16N1369rvzvakmFu/G5yb+lzDAgmL5cTKB2KD6DEUMHPnqjSOYtHknVKge//rkDfLyxDYtn0YI4BnS8ExEREREREZFu12UJ1G0ZH+OpqWXerLtJShx7ze3Xb8lkwwdZlFdUKYEqIje5sxzYlEc5RuLHDwNcRIRATl0Uzz6VQN9WNQ3mAKhouqmooAoak6h1TvJcwAAjfoS03/5Q+9GEWS2Am/LKCsAKQN3xMk5AU19X6b/iqz1eznCF3yZ+A+/hmZ/fA3VnOVmwk9f+sIdlG8P4zWzb1TsUERERERERuUl0WQLVWeQCID7W3lVDioh0DU8FjgOfNM44rXeRveMgOS6wjJ7GvEiAEOITAlmzOo/UdRbm2AOg3kXOAZi4+J6WJfgUZ/PrVTDHbuJo1l4cwOBYOwFYO9a+LfZRxJoKyV6XznLiGW0uYffGklYVOhhfO2xDAiGnkt2b9hI1NYq+/UpIf2EP1QmjiLUaocJNFTQdiCUiIiIiIiJy6+iSBOqH2Q6cxWUApKZtJnn+dPzMly81dRa5sPUL6YqQRERunNOFpL9Z2HJrDgkmccF05seEtCx5D4h/lF+b17HsnWxW5NC0pH0MBk+rfuwjudfjIPXNplPuZ8xhcby14+3bYhjG4qdcVK/YT/a6bRzoFcbM+6Jwp108Iuq6+gcC4meTUrCa1H17+HXulzyx9B6i7UY27NjDihoAb/pExfK0Zp+KiIiIiIjILcaroaGhobMHef0va8lx5LfcP//vCy9JlH6Y7SB97U48NbVtHhbVvIT/2ccfIipS/wEXuREKjhXj5eV1TS+gzfvm69bv7V23V9YRZr8uPQev85Ru5RcvH+SEfRorkjVLX25OpWWnCA3u3d1hiIiIiIjITchTXd/dIXSqLsk+PPnYbF55PZ3DRwtZsXTJJc9OVrhZmbYZs8mXoRH9OXy0kJVpm4mxR15xluqN4Kk5x2srVpN/rLilzNfgQ+Tgfnz3gYn0Dw++pB7A0ylzMZt8OyUeERERERERERERuTl1+/StnNwvAEhKHMvMafGkrd3J9j37cRa5On2m6dS7x7UcaHXmTDWbd2bz8uvp/OB7Mxh5ewQmoy9PJs8GwGS8scnT5aveo+LUaSVmRUREREREREREbmI9umKQ9VsyW/ZAfXXZ25yscLc8s4U3LuXPyT3C4fxCDuc7ATpt9mlrJqMvgQE9CQzoia1fCMkPT2fE8MGs35JJtacWLy/o1dNMr55mvuYKYxGRqwu9h5eWLtHyfREREREREZGbUJfMQK321OKpqQXgeFHpJc/6WAMwm4w4i8t4ZVk6AGaTEbPZ1BWhXcLH25uEO0fyx7+u53iRi2GRNpaveg+AxQvvZ8MHWXziyMfWL4S9+z9nzn0JTIiz8857GWRlO7hwoYEJcXYefCARk9GXCxca2JWZw8at/8J9pprelp5MmxTL1t37qDh1GoCn/vP/MnNaPA9MHc9nhwt4690dlJZV4Gc2MXXiOKZOGoePt/dlY8+aPoFPPz+K2Wzihwvvx9u7MRe+emMGXxwt0sxWERERERERERGRG6BLEqjzZ0/CWeTi8NFCfv+r/9FSXu2p5cWlb+CpqaV/eDAx9kgO5B6hsLiMV5el8/ySR7tkJmprPf3NeHl5cbb6ykdPFxSW4u9n4unFc+kfFsI7GzJw5H3J//zhg/Tq6cdf07ewcdu/mHtfIpnZubyzIYO59ycwZuRQjheWUlp2iv/1zPdY9Y+tVLnP8m+P3EuApSfO4jL+/PdN3Dn2dqbcNZdjzlJWvbMVX18DSYljLhvbFh5CT38zazd/SHmlm5Cg3lR7avn88HHiYoYpeSoiIiIiIiIiInIDdOseqOu3ZOKpqWVKwhjmz54EwMxp8fzlrc1k7XOwLeNjZk6L79KYzp2r4/z5820+Dw0O5LGH7yXA4k+V+yyOvC+5757xRA7uB8C9U+7g/e0fcarqDJn7PuOOscOZfNcYvLwgMKBnSz++Bh+8vXsQYOmJ2eTLp58fJcDSkxlT7sDfz4Q10MKRY0Xs//QLEu4YcdnYANFRg9i0/SMOHy0kJKg3+ceKOVvtYbQ9shO/IRERERERERERkW+PLkmgpq3dyeGjhQA89Z//zfNLHiXIasFZ5ALgcL6TV5e93VK/2lMDQN4RJ0zriggvOldXj8HHh96Wnld83tPfjK+vAYCq02fx1Jzjr+lb+Gv6lpY61t69cJ+p5lTVGYbfNqBD+6eWllXia/ChR4+L29KaTUZOVZ2h5ty5y8YGCLD4EzXExkcff0bsqCj2f/oFw24bSHCf3l/no4uIiIiIiIiIiMhXdEkC1c9sxGzyxVNzDlt48GXPmw+YulK7rlR//jx7/nWQwN69CAvtc9X6Ab38MZt8mTV9wiWzPnv08MLXx0DvgJ5UnDpNQwNXTaKGBgfiLC7jwoULLWWemlp6B/TE5Nv2cvw7xw7nT3/bxKEjx8k74uTh70zWgVciIiIiIiIiIiI3SJckUGdOiyfviJPDRwv5yZPzWspbX19NczL1RiZVa2rPUVl1BgD36bO8u+mfFBSW8uPHZndoHEsvf6KjBrM78xMG9g8lsHcvSl0VlJVXcdcdIxgz4jbWb8lk8IC+jBgewfHCUsor3Uy+K4Yhg8L5MuNjyivd9A8LYsTwCLbv2c+m7R8x5a4YjjlLydr3Gfcl3YnRaGgzhoH9+xIS1Ju31+/C38/EkEHhN+z7ERERERERERER+bbr1j1QAU5WuNnwQSblFe5LyqMibTwwdXzLfVLiWOJj7Tc0gfrBrn18sGsf0LgnaeTgfiz50Xfpf4VZslfi5QUPPpDIO+9lsPQPb1NXX09wn97Mmj4BgLsnjOLcuTrWbNzDqn9sJcgawHdm3EVDA4wfF80XR4t4cekbjBs1lMUL7+ffHpnBW+/uYOvuffiZTUydOI67J4xqNwZfXx9G2yNJW7uT7z4wsctn7YqIiIiIiIiIiHyTeTU0NDR09iCv/2UtOY78lvvn/30htn4hQOM+p6/+4e3L2phNvvz+V/+js0P7RvjEkU/a2h38zx9+l5Ag7X8qHVdwrBgvL69regFt3jdft35v77q9so4w+3X734BEvjVKy04RGqzfMSIiIiIicjlPdX13h9CpuiT7MHrEbeTlO/HUnGN09BD6WANankVF2nj28Ycua9O6DkC1p5bC4jKGDunf6fHeSs6fv8CH2Q5s/ULpE2jp7nBERERERERERES+UXpcvcr1mxAbjS28ccbpvNmTL1tmHhVpu+wVZL00GZiZncsry9LJO+LsipBvGcUnTpJ/rIgJsdF4e3fJj1NERERERERERORbo8sybs1L9nNyv/ha7as9tTcynG8MW78Qlr7wOKOih3R3KCIiIiIiIiIiIt84XbaBYFLiWDKzc0lft4vMbAd+ZtM1tT9e5AIuX9ovIiIiIiIiIiIi0lm6LIEaZLXwkyfmkbZ2J4ePFl5ze7PJl0Xzp1+2tF9ERERERERERESks3g1NDQ0dHcQItI9Co4V4+XldU0voM375uvW7+1dt1fWEWa/LvsbkMi3XmnZKUKDe3d3GCIiIiIichPyVNd3dwidSqcOiYiIiIiIiIiIiLRBCVQRERERERERERGRNiiBKiIiIiIiIiIiItIGJVBFRERERERERERE2qAEqoiIiIiIiIiIiEgblEAVERERERERERERaYMSqCIiIiIiIiIiIiJtUAJVREREREREREREpA1KoIqIiIiIiIiIiIi0QQlUERERERERERERkTYogSoiIiIiIiIiIiLSBiVQRUS+tlxeX7KUlN9upaSLRjyQupSUJSt4v7SLBuzmcUVERERERES6m093ByAiIh1nn/8DXq3zwc/SiYN8mk7KykL6zljIS1NCum5cERERERERkZuQEqgiIrcQgzmAAPO3Z1wRERERERGR7qYEqojIjVK6lV+8fJATQ6KYUneE7cfPg4+FxORZTDi0md9lleGp96bv+Ok89+Aw/HDx/m9XscYVTGJCPZl7Kqmn8fnTscdYvtzBlzXgExLFk0/dj93cuJR+Wa6FOf+Rwr2hQGkGv1uxH0fleXxMwUycbcWRlgdNs0cb6/dnUYo/m1PzOGEdyYs/HUv59q2s2VGIswbw8cYWO51nHxxGXupSluU2fpwTm1aRsglGL1pC/L6vjOs+RFrqTnYfr6YeMIcPYkHyXOKsrb4H+0gW1B0hLa+aeh8/omfN4pn48G778YiIiIiIiIh8Hd2+B6qzyMWLS98gZclSUpYs5cWlb+AscnV3WCIiX1/+MZwD40mZPwRbvZuMFat4vTiEefMTSAw/z4msPey+ZC/RMrKLw1mwoPn5Rp5LdRExO4lF4y3Uu/JIz7zCv4t1h1j++2wclUZiZyWRPDsE59o8TlxWsZCVqccwD4tizuTGxG32Hjd9JieQsiCJecOMOLM2k34IIiYnkTI+EACLPZaUBUncO/Cr/R0h9bcb2V5sJH5+Einzo7FVHGPF0tXk1rWqlpvH3pCxJC+IZXSvahyrN2oPVREREREREbnldPsM1L+kbaawuIz+4cEAOIvLSE3bzPNLHu3myEREvqao8TwzeywGXJTvyMfpCmNOynQmGCCu/ggZaSUcdQGhzQ3CmNf0PKLiEzKK3UTf9xDzY00wup7srF04jruAkEvHyf2E7BqwzZrH4kQrMIq4XjU8tSL/KwF5E5/8Y5KHXSxJfqHVTbiL3bkHOVrkImDKKOLch1iRVYnfgGHExTSOeaB1d59+TGYN2GbNZmFs47gxVPBE2jG25dRgH/DV7wFsFXnkbHJ/5XOLiIiIiIiI3Py6NIHqLHKx/oMsPJ5a+lgtzJs1qSV5+l9NCdP/vfQNnMVlVHtqSV+3k/IKN2azkZlTx2PrF3KVEUREbgIGI4ZLCrzxayowmLyv0ODi85YuTKY2+rqopMINQJ9A68XCQH8CLqvpT9/AVreeL3l/1WbW5zUuv2/Wt41xLhvXdfm4hnArfSih3O1u9SHajl1ERERERETkVtFlCVRn60xTvgAAIABJREFUkYtXlr2Np6a2sSAf8o44AQgKvHisc1CghcLiMl5c+gbllRf/I553xMlPnnhISVQRkSZhVgvgpryyAmhKZlaepQqukES96GTmNtbkVWMbn8Cc2EHY6vbz6z84LlYwtP+rISykcdy6mhqgMdFbV1xBORBtsbTXVEREREREROSW02V7oK7fkomnppZF86fz2i9/zOjoIZRXurEGWpg5Lb6l3sxp8VgDLZRXuhkdPYTXfvljFs2fjqemlvVbMrsqXBGRm599FLEmcK5LZ3nGJ+zN3swrq/LxXKWZwWxsua6uOMb7HxyhvHWF8GAGAyeydvJhQTFVX+1wxFjiTeBY+zZp2Y3j/m5tCZgGkTTadGM+m4iIiIiIiMhNostmoFZ7Gmeextgj8TMbefKx2Zc8dxa5MJtN2PqF8Nufp1zyLMYeycpWfYiICGAYxuKnzlK3cg/Z67ZxwBTMxNlRuNPy2m0WEH8/KQWrSc3aw4psC4n3DaJvfqs2lkQWLyjjtbRjrPz9W4xetIT4S3qIJPmn92FO3cnutG1sB8zhg0hJnotda/ZFRERERETkG8aroaGhoSsG+stbm8na52C0PZInk2e1lH91ab/ZZCRmRCTzZk3Cr2mW1Ot/WUuOI5/x46J57OHp1x2Lp+Ycr61YTXTUIB6YOv6y5ydcFbz6h7d5+DuTGTtyaLt9fXzwMH/86wZ+9P0HrlpX5GZTcKwYLy+va3oBbd43X7d+b++6vbKOMPt1+zl4N5+CzSz5vYOAGck8P8V69foiHVRadorQ4N7dHYaIiIiIiNyEPNX1V690C+uy7MP82ZPIy3eSk3vkknKz2QQ05nDNJl+ggcxsB84iF88+MQ8/s5EcRz7WQAvzZ0+6oTFl7XMwflw0QdaLe/Y1NMCejz6lyn22Q32MGB7By8//EH+/qy9bbU7cWnv3YvHC+7923CIijZyk/XI1jn7RTB8dgqHeRfYWB24sJNmVPBURERERERG5ETp9D1RnkYsXl77B0z//byqa9jxtLj9Z4SbIauEnT8zDbPLFU3OOmdPiGT8uGmdxGctS1wFgDbRQUenm6Z//Ny8ufQNnkeuGxFZWXkXWPsclZaVlFXy0//MO9+Fr8CEwoCe+Vzl0RUTkxrMQk2jDXORg5ZvbWJF2kFzCmPPUI9wb2t2xiYiIiIiIiHwzdHrWL23tTpzFZfQPDyao1YFRryxLx1NzjkXzpzMhNpqfPDGPF//PKj7MdvBfSx4lL99JXr4TgB8nz2L9lkxOVrpxFpeRmraZ55c8et2xxYy4jb0HDl0yC/XD7Fx6W3rScOHizgalZZX8Y8NuPj9cQF19PYMHhPHDhfdjDbRwtKCEP76xgR89+gCBvXvxm9//nfhYOwc+/YLi0pOEBAXyg+/N4MKFBn63/B08NefIB7Jz8lqW/X92uIC33t1BaVkFIUGBPDJnCrcPHdjS911xdj7MdlB5yn3J2DW159i8I5s9Hx3EfboaS08/Fn73HkbbI6msOtNmLINsfQE49v/au/f4qOs73+PvuWQuCUzIkATIBRRYwCa2IAYL1qwXalFqseJW2morttDW9uy6x/W0u2231raPrsfS0z72aHdrC6icStxeoLYVFAShhJUIRCVKEBCYXCAhV8jcL+ePMGMmmZkkkCt5PR+PeWR+v/n+vr/v8A+/vPP5fr+u03ruv16Rq65BaWazFpYU6e5PlkqSfvunXdpbUaVwOKLrFxTr7jtKZbNaLvnfHMBAytTs0uX6l9LhHgcAAAAAAJevQQ9QjxyvUUFejr7XJfB0e3zyeP2SpPUbt8S1z75QoZp9oer0bHO7CvNzY5tOfX/Ns3LVNQ7I2OYVz5TH49XeN6p0x60L1XC2VQffPqrbb7lOm7fsibXrcHt1ReEk3bPsJoXDYT1TtlW/+/NuffnzSxP2+9/7q/Slz92u8ePStfb5l/SX7fv0pc/dpm8/dK9+9f/+okxHhj6/fLEy0m1y1TXq17/5iz46/0O65WPL9c6Rk3ruv17RP37lbkmS1+tTVfUJ/Y8vfVrBYFD/+eyL2lFeqeVLSxUORxQMhfT3X75LjvEZeq38TZVt3qGpBZNia0omGstX7vukGpta9X/XbtLMK/L11S9+Sj5/QK8feEfBYFibXvqrqqrf1z9+5W6NH5euZ8q26s/b/lvLl5LSAAAAAAAAYGwZknnn3beHiW4OFZ223zVEnT2zUG6PT666Rtltlrj1SQeaxWLWrTeW6IU/7tTCa4u0+/W3lDc5W7NmFMa1mz5tiqZPmxI7vmrWNFVVn5DX50/Y79KPL9TMK/MlScVzrlRV9QmFwxE5xmfIZDLGpv1L0tvvHlemY5xuv+U6ZaTbtOCaq1RRWa0TrtPKdmYqLc2sT99+gwqmZEuSrpw6RU3N7ZI6/x2jFaOS9OEPTVf5G1VqbTuvrAnjk47FHwjqwNvvyWa16LOfvlmZjgxJUsHSUrW1d6iq+v2462675Tq9tP11ebw+2W3WS/tHBwAAAAAAAEaRQQ9QC/Jy5Kpr1GNrntVEZ6Y+detCFebnXtgwyqB7lt2og28f1URnpqbm52hRSbGamttiYZ2rtkGF+bmSpCeeLFPNheUABsrsGYWamOXQ5i179P6pen3xM7fKZIpfGrbuTJPKNu3QqdoGne/wSJJmXJGXtM/O79Y3Zxpb5Kpt0EPffTLu/Mwr85XtzJTJZEq6vqrX59fmLXt04K331NJ2XpFIpMe9k43lTGOLxmXYZbGkxZ1vO9chj9evZ8q26pmyrbHzzgnj5fUFCFABAAAAAAAwpgx6gPrAiiVau3GLXHWNna/aBv3bd1Zpcel8vfjyXrnqGvXI1++R1Dm1v6m5TYX5ubp/xRKt37hFTzz1gh558DMqzM/V2ZZ2FeTl6IEVSwZsfBaLWUtuKtG/r/2Drrn6bzR9Wp7az7tjn4dCYf3uT7t0rsOjh1Yvl2N8hrbt2q9jJ+oG5P6TcrI0NT9XX/787bJ1CSdtVovqzzSlvPaNN49oz75DWnHnzbpq1jS5ahu04bev9Pm+x07Uye8PxIWsmeMzZLdZtGzJ9ZpbPDN23mg0aHxGej+/HQAAAAAAADC6DXqAWpifq+89/AW5PT49tuZZNbV0Tj9fXDpfBw8dVXlFlaqPupTtzNSp2gZ5vL7YxlKS4kLUx7+zalDGOHN6vr72xU8pb3J2j+pTo9Eom9WiNLNJNqtFTc1tOvDWEWU6xvX7PnabRfmTs1VT36i2cx3KHJ+hq6+arp3lb6qislofW1CsUDiig4fe07ziv+m9P6tFBoNB48elKxgMqbyiKumyAt1dfdV0bd99QH946a9auvij8vkDqjh4WLfeWKKi2VfqtfI3Na1gkrImjNeZhmY1NrXpY9dd3e/vDAAAAAAAAIxmxt6bDIyNm3aoqaVdc4tmSOpcv/ORB+/RwmuL1NTSrupjLkmdU9DXb9yiPRVVur6kSPevWCKP16cnnnpBrtqGQRmb2WRS8Zwr5bywbmhXBoO0fOkNkqTvPr5WZZt3avbMqRd9r6WLr5MkPfL9/9CLL+9VYV6O7r/nE6qorNa3fvS0Hn1ivVy1jUpLM/Xa10eKZ2hRSbGeWrdZP/w/G5STnRlXxZpKYV6OvvS523XsRJ2+/eNf6fF/f17+QEAmk0F331GqmdPzteYXL+ibP/hPPffbV2S1pvXeKQAAAAAAAHCZMUQikchQ3OiJJ8t05HiNfv7Db8Q2kUrEVdugJ54qk8frj1Wi7qmo0vqNW2S3WWPT+QFcupMn6mQwGPr1kpT0OPq+689U71Od6wt7+pDsgwdA0pnGVk3KmTDcwwAAAAAwAnncweEewqAasgrUaGh68NBRSdKTazdp1cNr9K0fPh1XWVqYn6tHHrxnWCpRAQAAAAAAAKAr06OPPvroUNxoSq5T+w4e1huV1Xrx5b063dgiZ5ZDzS3tamvv0IJ5c2JtMx0ZKp5zZaz9RGemri8p0kRnpt6orNahwye0uHT+UAwbuKy1tZ4b1RWoaWlD9jcgYMzrcHs1LsM23MMAAAAAMAIFA+HhHsKgGrL0IVpZOrdohmZNL9DCa4v0vYe/IEmxjaUkae3zW/TYmmd7VKJu23VA15cUqSAvJ649AAAAAAAAAAyWIVsDNZnvr3lWNXWNKszLkSS56hrlzHLo8e+s6jzusibqxCyHmlraVZCXEwtfAVw81kAF0FesgQoAAAAgGdZAHWQPrFiigrwcueoa5aprVEFejr6xclns82gl6qzpBWpqades6QV6YMWSYRwxAAAAAAAAgLFi2CtQAQwfKlAB9BUVqAAAAACSoQIVAAAAAAAAAMYoAlQAAAAAAAAASIIAFQAAAAAAAACSIEAFAAAAAAAAgCQIUAEAAAAAAAAgCQJUAAAAAAAAAEiCABUAAAAAAAAAkiBABQAAAAAAAIAkCFABAAAAAAAAIAkCVAAAAAAAAABIggAVAAAAAAAAAJIgQAUAAAAAAACAJAhQAeCSNOilx9do1cNlOtiX5mde0XcfXqNV6w4N9sAAAAAAAMAAIEAFAAAAAAAAgCQIUAEAAAAAAAAgCfNwDwAALjvth7Vx3Q69dsqtoCR73hW6d+VyLXB2bVSv1365Wxur3Qqa01V06xKtvuVKpQ/TkAEAAAAAQGLDEqC6PT69+HK59uyrksfr6/N1E7McWlw6X4tLrxnE0QHApTiqdY//WeXBLJWuWKTZqtdrm6r09JrfKf3R5SqONjv0ll6aW6KV99p0fO8+bf/L7/Uz+0r9yyJnqs4BAAAAAMAQG5YA9cm1m3TkeI3sNotmTS/o83VHjteobPMO2e1WXV9SNIgjBICL9PZ+lXulwmV36r4Sp6SPaJ6a9eDGE9pW6VXx1Avt8kr0z/eVKlPSgnnpanp4qyorDqltUec5AAAAAAAwMgx5gOqqbdCR4zUqyMvRIw/eo3S7tV/XPvbT5/Ti1nICVAAjUn1DuyRpYtYHlaRpeU5NVL2a2ts/aOh0dglKczU9V6r0+uSWCFABAAAAABhBhnwTKbvdplnTC/SpTyzqV3gqSYX5uZo1vUBNLe29NwaAIRGUOyBJZqVJmpLrkCQFvN5Yi0Bds5okTXQ4PrisuVltsQYuVTdIsllZAxUAAAAAgBFmyCtQs50OPfL1e4b6tgAwwNp0/GC1qiv3a0uLpNlXaLYkXT1fi2w1Kt/0gjbqI5quer22qV6yXaHFc21S84XL6yr04+eku4o710CtklS0aD7VpwAAAAAAjDBDHqCebW5X5aGjcZtHzS2aocL83CEbg8fr18+f/p2OnaiLnTMYpEk5Tn320zfrQ7OmDdlYAIxWLr20YbcqJZlzZ+vr981XmiRpplZ+c6ns63botY3btF2SPe8KrVq5XMVpXS4v/rBu81Rp3Qa3guZ0Fd1+l1aXZAzHFwEAAAAAACkYIpFIZChu5Pb49OLL5dq260DCzwvzcnTPsps0e2Zhyn6eeLJMR47X6Ok1D1/0WKIB6owr8rS4dL4kKRIOa/tfD+r1A+/qf37l75Q3eeJF9w+MFidP1MlgMPTrJSnpcfR915+p3qc61xf29GHZBw8Yk840tmpSzoThHgYAAACAEcjjDg73EAbVkKQPbo9PP3mqTK66RjmzHPp46TUqzOusOD3b0q7yfYd05HiNfvKLF3T/iiUpN4hKt1tlt1kGZFw2q0VZmeNixzdcd7Ve3/+uGs62EKACAAAAAAAAGJoA9cm1m+Sqa9TCa4u04s6b4jaPmi3p+pIi7amo0vqNW7R+4xZNzctJOqX/6w/cOShjDIcjevOdY7LbrZp64d6/fO5PkqTV931SkrT/rSN6pmyrHlp9tyTpZ7/8rTxef6wPu82ih1bfrZa2c/qPZ16M6985Yby+9fefiwtsAQAAAAAAAIxsgx6g7qmo0pHjNZo1vUAPfHZJ0nbRqtP1G7eobPNO/dODnxnsoemPW8v1x63lsWPH+HQ9eP8yObMcKa7qNLUgVz/45gMKRyLy+wNa+/xLMplMmpzrVEFejv73v35FktR+rkO/WP9HzZpRoPHj7IP2XQAAAAAAAAAMvEEPUCvffk+S9KlPLJLUuYnU+o1b4tosLCnS9Rde23btV/Uxl842tyvb2TPIdNU2yO3x9bpWal/ceuO1PdZAfWr9Zj20+m4V5uWkvNZsMinTkaFIRPrztr3qcHv1D6uWx6prLZnjFAyF9Ie/7JYzy6EVd94ss8l0yWMGAAAAAAAAMHSMg32DyqpjcmY5YoGnx+NV9TFX3MtV2xBrP694piTJVdeQsL+Nm3boJ794YUDGFl0DNStznJxZDt1+y3XKdIzTkWOuPvdRUXlYO/e8qZUrlihnYmbsfCQibXl1n46frNfKFUvili0AAAAAAAAAMDoMyRqo2V2mxBfm5+rpNQ8nbRtd+9RV2xALU6NctQ06crymT1PsL4Xb40t4PhQKxx0fO1Gn5//wqpYu/qhmXJEX91lF5WG9vPMNrbr3k3HBKgAAAAAAAIDRY0gCVI/3g0Ay1RR+SbFq1InOztBx2679sttt2ltRpeoLlaHR5QAuldfnV0vbeUmdU/j/uu+QmlvaNedCtexEp0NvvXNcjU2tsljStHNPZezaxqY2/fo3L+nKqZM1t3hGrJ+MdJtctQ36ze+366PzP6SCKdlqaTsvo8GgjAwb0/gBAAAAAACAUWTQA9SCvBy56hpja5pGp/B35cxy9AhQp15Yg7Rs8864divuvKlHZerFennnG3p55xux4wmOcfrC392qmVcWSJJuWjRXR47V6Ns//rXGZ6Rr0YIinW1plySdqj2jxqZWNTa16p9/9KtYH1/94h2qO92kDrdXO/ZUaseF0NVus+ih1Xdr+rQpAzJ2AAAAAAAAAIPPEIlEIoN5g2279qts807dcsM1WnHnTSnbumob9NhPn5Mzy6HHv7NKklR91KW1G7eouaVdd9y6cMCqTwFIJ0/UyWAw9OslKelx9H3Xn6nepzrXF/b0ISmiByDpTGOrJuVMGO5hAAAAABiBPO7gcA9hUA36JlKLSorlzHJo++4D2lNRlbTd2eZ2PblusyTFBa2zZxbqew9/Qfcsu1GLS+cP9nABAAAAAAAAIGbQA9R0uzUWiG7ftV9HjtXEpulLnRs2bdt1QI+teVZNLe1aeG1Rjyn66XarFpfOZyd7AAAAAAAAAENqSOa/Rne1d9U16omnypK2Y4o+AAAAAAAAgJFkSALU7CyHnFkOZWc5NHtmoVy1DbFQVeqcpr+opFjZTsdQDAcAAAAAAAAA+mTQN5ECMHKxiRSAvmITKQAAAADJsIkUAAAAAAAAAIxRBKgAAAAAAAAAkAQBKgAAAAAAAAAkQYAKAAAAAAAAAEkQoAIAAAAAAABAEgSoAAAAAAAAAJAEASoAAAAAAAAAJEGACoxRkUhkuIcAAAAAAAAw4hGgAmNUKBQe7iEAAAAAAACMeASowBgVCoWGewgAAAAAAAAjHgEqMEZdbAWqwWAY4JEAAAAAAACMXASowBgVClKBCgAAAAAA0BsCVGCMYgo/AAAAAABA7whQgTGKTaQAAAAAAAB6Zx7uAQAYHj6ff7iHcJlo1r7f/km/r2hUU1CSTHLkTdFty5Zo8czMXq8+uG6Nnjrk0F3/a5VumzTogwUAAAAAAP1EgAqMQcFgSH5/gA2hLlmzXvv5Om04ZdWsG27QXdOs0rl6le+tUtm6HZr8oztVPNxDBAAAAAAAl4QAFRiDOjrcKT8fyGD1sg5pm9/Ua6ckxw3L9MidhRdOfkQLShfrbHOHsod1cAAAAAAAYCAQoAJjkNvtvaTrL+tQ9CK0V1fpVKBQU9OiZ8zKdkan73foVMUObdh6VO+3hCSZNHH2NfqH1aWa0qOn1G07p/sX6P5VGdqyrlqnnR/Wd29t1A821Ktw2Ur9a6nzQj+Hte7bf1b5tBv189XzlT7Y/wAAAGBMiEQiST/j+RAAcDljEylgjIlEIvJ6fXHnog+8g/3ge9k9WDsX6I5iq9RQpR98a42+9uha/WzTLlWf6RpQ+3SkwiXNuUar7l2s+29wyF1doad3NSfosC9ta7R+3QnZ58zWXTfPUea8a7TIJrl27dOpCy0CBw+o3GvSolLCUwAAcHEikUiP10C2BwBgNKECFRhjklWfdg9R+xp2XnahaL9kaN7Kr+rHb+/Q7189qkN1LaraXaGq3RVyzP2EfnBfsdLl1OIHv6bF0UvmmVS5e6sqj9VJsYrRqL60NWnRym9o5ZwPrrqlZIfKd7+v8lppar5X+yrqpawi3TJHAAAAfZYo9OztXKJnwei53toBADBaEKACY4y7w9Ov9jzs9sas7Ks/rtVXf1ySFDhzSBs3bNWuym0qW1islTObte/5TdpQ2SJPsLe++tI2Q5Oz4s9MvblIhbsrVL7rqFYsrdP2aqlw2QJNvcRvBgAALn/dA9Kux6k+636u6zNjJBKJOzYYDISpAIBRjSn8wBji9fp0vsMtgwwyGD544WJ1qK09PulMm1SsxXPSJYUUCEo6vENPv9EizbhGq772Wf3kezeoKFl3/WnblWOBlsyWPIcOadvuark0RUsWdq9uBQAA+ED3afbdp9+Hw+HYT6kz9DQajTKZTDKbzbGXyWSS0WiMqzrten2iKf1M8QcAjDZUoAJjSGtLe7/aE672ona3fvzTKqXNLtLflkyRQ1Kg+bBefNUt2Wbob+dIOmmVPdr+XKMq9u5XVbL+7P1oG8emeSVTpOpjKntV0uxrNC+t14sAAMAYlajKtHuoGQ1Me3seTPQH+a4BavS4e0VqovMAAIxUVKACY4TH45Xbk3j9096kWtuqr+0Hou2Ik79QD66YLXvLUf1uwzY9vWGb1r9cr/TiEv3TN+/UbEmadpMeun2K0o4d0NMbduvgjJmam6y//rTtJu3CZlJS5+ZR5KcAAKC7riFp92rTaOBpMBhilaUX+5xmMBhilarR6ftd75FoHAAAjGSGCP9bAWOC61S9AsFgZ5VAtyn8fX1JSnocleg40ftU5/rKnk4R/Qdc2vjDF7RdRfrud5aw/ikG3JnGVk3KmTDcwwAAXKRk0/Wjx9Hp+YMlFAopHA4nfaaMngMAjE4ed6+bfoxqVKACY8D5824FAoFBvw8PvcPo8H6Vt0iFpWweBQAA4iWqOu36ilacDqZoRWqyMXQdJwAAIw0BKjAGNJ1tGe4hYFB1aM+uY/KweRQAAOgm1ZR9SUpLSxuyP4IbDAalpXUuNJRskylCVADASMQUfuAyd/Zsi9pa2zsfjKNTpQZpCn/3n6nepzrXV0zhB4YOU/gBYPRJVXnaNczsa1/hSERut1dGo1E+v1+hUFiOcenyeH0al5Eus7nvVazBYDA2pT/ZMycAYPS43Kfwkz4Al7G21nNqbWlLGVymCj+TXQMAAICRLVV4KqnP4Wk4HFaH26uW1nOqPnpS4UhYZxpbZLdZ5Pb4ZLWkaaIzU5FIRLnZTs24Il/jx6X32q/ZbJbf709YcRrdeIpnTwDASEEFKnCZ6jjvVn19wwd/ye9n9amkPn0WfZ/oZ6r3qc71FRWowNChAhUARo/e1jy1WCy9PoNFIhEFgiH5fAEdO1GjioPvKBAMKhQKJ2yfZjbLYjErGAorf3KOrp07R5NyUi8tFIlE5Pf7e33mBACMfFSgAhh1vB6f6usbLqmP7ruiXmwfAAAAGF5d1z61Wq29PqMFQ53BqcfbOU3farXIbDbL6/MnvSYQDCoQ7Pzl+fjJWtWdadT0qXkqmjNdk3MnJrwmuoyA3++X0WiMnQMAYKRhEyngMhMIBFVTWz9gC/DzEAsAADB6dK8+jW7WFA6HZTabe3228weCOnfeI7fHF6s2TbfbNSm3fxtVer1+naw5o4qD7+rEqfpYuNqd0WiU2WyOGyebSgEARhoqUIHLiNvtUW3taUXCA7tmVPe+LqZvglgAAIDBlWzqfjSUNJtT//rn9wd1rsOjYDAUd95mtShn4gSdbmhSIBBUut0mg6HzD/d2m1WNTa0J++twe9Th9sgfCMhgNGhaweSE7cxmswKBQMLQlPVQAQAjAQEqcJlobW3XmdONideP6jYdvz8bR/VmIPsCAADAwOgeovYWnvr8Abndvh7hadSknIlyu72aVjhZBhnkGJ+hQDAot9uriCKqO31W7xw5Ia/X1+PautNntbfibRkkFeTlxqbrd2UymRQKhWQ0GmMBKs+VAICRgk2kgFEuEono9OlGtbW2J1+Af4A2kOp6PtH7rj9TvU91rj/YRAoYOmwiBQAjW6qp++FwWOnp6UmvDQZDOtfhkd/fc5p9mtkkq9UiS5pJZrNJkYhkNMY/w4VC4di5A29V6+13j+nceXePvgrzJ+lj131Y2c6e/59EIhF5PB4ZjUYZjUYZDIbYT/5QDwAjH5tIARixQqGQXKfq5PX6BnzKfm+BJw+wAAAAI1PXMDUcDstkMqVs7/b6FAyGe5w3m03KyLDJakmLnUv0CGgyfVBRWnzVDOVkZ+nQu8d0suZ0XEVrw9kWvXe8RhMc42U2x4/JYDDEqlCjz6JM3QcAjBQEqMAoFIlE1NrSrsazTQoFQ71WjQIAAODy133d076sfRoMhuTzBRUOxweoVotZdrs1LjztC6slTYV5uYqEI2o716GzXdZH9fn8OvzeSU3Nn6S8ydk9nlVNJpOCwc6xRD9jOj8AYCToufgMgBErEomopaVN7x15X/X1Z2LhacoHyhTT9zs/Tn5tor7ZQAoAAGBk6boqW6KNpFJVoHa4vT3CU5PRqPR0W7/D0yiDwaDC/ElaVHK1crKzut3Po6MnahUKJ6p4NceNO9l3AwBgqFGBCowS7W3ndPp0owKBwIAHm71VrPZ2fjDWNwUAAEDfJQodewtPw+GwfAnWPbXbLTKbLq3Wxmg0aGr+JDWcbVFLa7uCwZDsdqvGj8uQ3WZVMBCSOcHYTCZTrHJJOz1iAAABVElEQVQ2OoWfKlQAwHAjQAVGMJ/Pr/b2c2ptbZcvwTqn3UPPZJtH9Udf1j9NdS0AAACGTveqzO6bSCXa8T7K5w/GBZRSZ/CZbrclXOv0YhTm5eq94y5NcIxTbo5T2c4JsqSlJR2X0WhUKBSKTeNnHVQAwEhAgAqMIJFIRB0dbrW3nVN7+3kFAgFJPXe772/1aaLp+71N/b/Yz/qKB2EAAICB1XX6ezRETRZURiT5A4EeAazNarnw6cA87+VmZ+m2Wxap/VyHbFZr7DOPzy+LpeevowaDIS487VqJGv2OPEcCAIYaASowxMLhsPz+gAKBgAKBoPx+vwKBoAKBgNxuj8KhzvWgEk2PT1Rt2v24v5tHpbpmIJYJAAAAwODqOn2/63GqsDEUCkky9AhQLWkD+yui0WhUht2qQCAUP8ZwRKFQWKZuSwUYjcYe66BKBKcAgOH1/wFTu+sTPErHRQAAAABJRU5ErkJggg==
<img src="data:image/png;base64,iVBORw0KGgoAAAANSUhEUgAABVAAAAJcCAYAAAAfG4+9AAAAAXNSR0IArs4c6QAAIABJREFUeJzsvXmcI2d95/9+qnS01Pf0dPfch8ceH2PjC5vDGDAxu8FJyO0EQ5ZkNyQ4wSEkYTfH/sKSbDbsmiRgNhiSkM0mhvxiAgESDMEQgo/4wHhsz/iYGY/tOXqmp+9Travq2T9KUuuokuqpKqklTX1fbn9HUulbT30+9dHnq6ceSUJKKQkjjDBaF5klWD6DXJ5ALk/A0plCPoV5+ruI7BJSghBUZE2rvC0ACQgEEukqAwghkFI2zlXPL99jTbYbsFOuV6c6Gm1enhVCZbi1eLvI0jvOdbPN873hrMqfN5w97V4ZZ1X+vOHc1jpRxNstj/5w7kKdNOTRG86q/HWkTtpJLx2pk9boxR/Oqvyp4azKnzLOnnj097p0PumkpmxT9dJBvqKik3bSiyf+OkQnbaCXjtXJhvmKN5zDCMMu9E+fZjW1xuz8EplsHoB4LMLI8AC9yQQinEANI4w2CjOHPPkQ8th9mMfug8VTOJmGwMpezE4TmodmpfnNlatQ9Fr7ws1/MxJkU1i/SWlSc1XGY5BNoT2PrWiubPTisRkMVCdlOLs+7TzjrMpfm+tEicfmvxlpvk6KucU6aSe9eODPO85u+fOPd/v4SvN14vp09RJudBKgXrpCJ6GvtKb/Cn3FO86uefT/utQRvtIsnXSwrzRFJ2Gct7H2x8eYODdj+9j28c3hBGoYYbR1zDyPeew+jGc/j5h+1tZcNOGt+dA0TckUW2HmNdEkU2xF09u1KyCUgPawe2WcVfkL8k1tm+hEEW+3PLai6e0onTTk0RvOqvx1pE7aSS8dqZPW6MUfzqr8qeGsyp8yzp54bMZkaXfqpKZsU/XSQb6iopN20osn/jpEJ22gl47VyYb5ijecwwjDLk7/7vdIZ7K2j/XEY+EEahhhdEZI5PNfwnjg92H2WIVpVE6KqpsduDXR5jdXLqFQHIhdkea/GWnLFRBe4Au4KbTnsRXNVa1e2mKlUBnOrk87zzir8tfmOlHisflvRpqvk2JusU7aSS8e+POOs1v+/OPdPr7SfJ24Pl29hBudBKiXrtBJ6Cut6b9CX/GOs2se/b8udYSvNEsnHewrTdFJGOdtvPRbj2Ka9ieMpgm0Fo8njDDC8BQCcemPEnnP42i33IXs2wKwbl6FbJoSZANTrMoApmnam2LVdhKHLG2ycMh22zu5mrTJ9UzRKVeXdRqHx3Hb4VGDd73mozqr8BfQeOvh4RXnuttX9IIBjrsBHl5xdsufH5wb4iAbdH9+9VJTrs114sSjEy+KOKued15xLgO8Ntu+d2qxThRwbrpe2sFXasoFq+96ODTbV/zgrMpfoDopZjc6CfC88+vfbaETJ19xiXPd7WzLBqvvjum/XOjbDo+u9RUVnTjx6PT65QHnjvKVZunEJc7t6Cu+dRJGGGXhNHlafCycQA0jjE4KLYJ21c8Rvf1ptJt+DxLDllkJUZGRAtPO3IRNLphkzSRq1XYAAocsbLJ0yHbbF+rUhLDJTk2J0/Z2ZZ3G4XHcdng44VyT7XhxakrseAlovPXw8Ipz3e3L6gY67gZ4eMXZLX9+cG6Ig3AC2h3ODXmsKdfmOnHi0YkXRZxVzzuvOJcBXptt6rZcJwo4N10v7eArNeWC1Xc9HJrtK35wVuUvUJ0UsxudBHje+fXvttCJk6+4xLnudrZlg9V3x/RfLvRth0fX+oqKTpx4dHr98oBzR/lKs3TiEud29BXfOgkjDIUIP8IfRhidHCuT5L/wTsyJx9GcTAwBonC73pX4sgzU1KnbDUgJwmVu2FWURaPNq680ugyV4ZayynCKb67c4F2HN9srulXP94azKn/ecPa0e2WcVfnzhrNb/jZEJ4p4u+XRH85dqJOGPHrDWZW/jtRJO+mlI3XSGr34w1mVPzWcVflTxtkTj/5el84nndSUbapeOshXVHTSTnrxxF+H6KQN9NIuOjG1CGzajdk7gugdwYzGIRJHJoYQmg6ZZTQzD2YOsbaMyKfQlqfByLbYV7zhfF6FNMHMI00DDAOMPBh5ZGbV+ncYpXjxvzxS9/FwAjWMMDo9jCzGP/4ixnN/jyiYiVNzYvuDUw6mCdXm2vzmylUoeq194ea/GQmyKazfbDapuSrjMcim0J7HVjRXVg7yzZN99o6z69POM86q/LW5TpR4bP6bkebrpJhbrJN20osH/rzj7JY//3i3j680XyeuT1cv4UYnAeqlK3QS+kpr+q/QV7zj7JpH/69LHeErzdJJIZvRJHL0AuTQdsxNe0CPKPMVWZmC1Vm05SlEfs0zzhuqk/Mp8hlkJoXMpCCb3ujRbHiEE6hhhHGehPnYXeT/5XcR0kQi7VekyuLkqLsm0vrPen4rzLwmmmSKrWh6u3YFhBLQHnavjLMqf0G+qa19/oboRBFvtzz6w7kLddKQR284q/LXkTppJ710pE5aoxd/OKvyp4azKn/KOHvisRmTpd2pk5qyTdVLB/mKik7aSS+e+OsQnbSBXjZCJ8T7MHZdi9x6AKlpavqow6O2OEFk5hgin26iXrzhHIZNGDnk8hwyvbLRI9mwCCdQwwjjPAp54jvkvvgfEGvzJRPDwdzcfqwfiibb/ObK3UG6HQB1Cjf/zUhbroDwAl/ATaE9j36aWDX+2m6lUBnOrk87zzir8tfmOlHisflvRpqvk2JusU7aSS8e+POOs1v+/OPdPr7SfJ24Pl29hBudBKiXrtBJ6Cut6b9CX/GOs2se/b8udYSvBKwTU48gd16LseMqhB5V58Wlr2izLxOZPQ5GrjN0cr5HPmNNpGZSGz2Slkc4gRpGGOdbLJ4k9/c/DecOV5iY5tB8aFrjJhIBrTDzmmiSKbai6e3aFRBKQHvYvTLOqvwF+aa29vkbohNFvN3y6A/nLtRJQx694azKX0fqpJ300pE6aY1e/OGsyp8azqr8KePsicdmTJZ2p05qyjZVLx3kKyo6aSe9eOKvQ3TSBnpplU7yoxdh7n09JPoceVnM5Dibj7Co95ATEbIiynx8BIHGUGaeqMwRlTmGjDW2RLIMx2POOslnicweR597OWC9eMM5jMYh08vIxekCV+dHhBOoYYRxHoY89Qi5z/4AwszXmCE2zYrjJGpFpvAdqs1rrtwdnNsBUKdw89+MtOUKCC/wBdwU2vPop4lV46/tVgqV4ez6tPOMsyp/ba4TJR6b/2ak+Top5hbrpJ304oE/7zi75c8/3u3jK83XievT1Uu40UmAeukKnYS+0pr+K/QV7zi75tH/61JH+EpAOsnteQ1yx1W233G6mM1zMtfDRGwzq9E+hLBKlg5NghBaoV7Z/aagN7fM9uwUOyNrDMWjtjjri6eJnD3U3joJoxQyl0EuTJ43PzYVTqCGEcZ5GubBvyR33/srfziq0GTg0HxA4yu7lmE2x8xrokmm2Iqmt2tXQCgB7WH3yjir8hfkm1pnnTSz6fWLt1se/eHchTppyKM3nFX560idtJNeOlInrdGLP5xV+VPDWZU/ZZw98diMydLu1ElN2abqpYN8RUUn7aQXT/x1iE7aQC/N1Al6lPxFb0GOXQhCVOC4ms1xyBxgIrGjYjxCVA5cSChNoIpCZQkgkAV8pJTsXn2JSyIpklG9ZsDa2hyRU08izLx7AJulkzAahjQNWDiHzK5t9FCaHuEEahhhnMdhfP0D5L/3F5WTqGXZ7mP9UOfKLpYnuVqJ6sH0XYVib2pfuPlvRtpyBYQX+AJuCu159NPEqvHXdiuFynB2fdp5xlmVvzbXiRKPzXsz0jqdFHOLddJOevHAn3ec3fLnH+/28ZXm68T16eol3OgkQL10hU5CX2lN/xX6inecXfPo/3WpI3zFh05kYoj8/ptgaHvhXgvfnGlyJB3jWN++ugdk4SUx8wYg0DSNSCQC0rofBFKIEt/FaaaLVl/k4niGmK5XDE/LLBE5/SRafq39dBKGTUjk8ixydXGjB9LUCCdQwwjjfA4zR+6eH8Q89W+IgntUNx2aTROCTfNS7UIVK1EDanprokmm2Iqmt2tXQCgB7WH3yjir8hfkm9rGOgmq6a2rE0W83fLoD+cu1ElDHr3hrMpfR+qknfTSkTppjV784azKnxrOqvwp4+yJx2ZMlnanTmrKNlUvHeQrKjppJ7144q9DdNIGemmGTtCj5C7/QUTV5OlSNs9BsZXF+AimqNy/dUNDSkk+n2N+fp6pqWlWlpfRBQwNDjI8PERfbz+JRAKha0ihlSAvj6HMLFcbEwz2RCsGLtLLRE8+5m4larN0EoZSmCtzsDK/0cNoWoQTqGGEcb5HaobsZ96IXDqFQICobVYcJ1Er7q9qHYSob9YeTN9VKPam9oWb/2akLVdAeIEv4KbQnkc/Tawaf223UqgMZ9ennWecVflrc50o8Rj8m5HW66SYW6yTdtKLB/684+yWP/94t4+vNF8nrk9XL+FGJwHqpSt0EvpKa/qv0Fe84+yaR/+vSx3hKx51Ylz8FowtlyIK9YuTpw/HLiKnx5GiuN/iCARISK9lOHv2LJOTk5w4eZKzk5OspVZJJnrYu3sXPfE4fb1Jdu3eyfjWbcR6EoX6orQfq7Qkms9yQ+YoQ/FIxTAjq+fQTz3ZXjoJwzEkErlwDtKrGz2UpkQ4gRpGGGEgTz5E7m9uqWg2qn84qmYSFUH5ZKudG4mi2QbU9NYOvMHmHk2xFU1v166AUALaw+6VcVblL8g3tbXPb0bT21Anini75dEfzl2ok4Y8esNZlb+O1Ek76aUjddIavfjDWZU/NZxV+VPG2ROPzZgs7U6d1JRtql46yFdUdNJOevHEX4fopA30ErROctuvggtvKKBl3X8qLXmy7xKgoBkESM26XRjE3Ows33vsCV55+RWWV1bJG3kMaSI1GBropz/Zg5nPEo9ojI+PMjw6xqbRMbZu3U40nkBi1UOYlH+P6jVLz7EjoVfgrM+8SGTmmEceveEcho+QJubsBOSzGz2SwCOcQA0jjDAAyN1zC+aJh6Cs2aieNK2/EtWhhRAOK1E9mL6rUOxN7Qs3/81IW66A8AJfwE2hPY9+mlg1/tpupVAZzq5PO884q/LX5jpR4jHYNyMbo5NibrFO2kkvHvjzjrNb/vzj3T6+0nyduD5dvYQbnQSol67QSegrrem/Ql/xjrNrHv2/LnWEryjqxBzegXH5D4Gmleos5gy+nbgcIar3KawfiJKSycmzPPCdBzh98jRGPk82l0cKyBsGWjRKLBrDzGYY7O9l6+YRIjqsZDJo0Sgjo6Nc8+rrGd602aorJGBWHOGbVg7XrESNnfkeYmmqPXQSRuMwcpizp8E0G2/bQdFoAlVr0TjCCCOMDY7IG38bWXCZYvNimpXNh1ne5BS2QxYyIKnNUsr1x8uzcMjV25XVqwlpk+uZolOuLus0Do/jrsll+DVs+qq3a9Q8VuWgxlsPD684192+ohcMcNwN8PCKs1v+/ODcEIdG73L96qWmXJvrxIlHJ14UcVY977ziXAZ4bbZ979RinSjg3HS9tIOv1JQLVt/1cGi2r/jBWZW/QHVSzG50EuB559e/20InTr7iEue629mWDVbfHdN/udC3HR5d6ysqOnHi0en1ywPOHeUrCuM19Qj5i96C1LRS3axp8nD8YoTQyv50hNDQhEATMHn2DA/867eZmpqkpyeGYeTpScQYGRmmty9JTzxGai3DcipDai1HXmpkcyarKylmpqc59PQzPPzgQ0xPTUGBIyF0BDqCCEJEeCR5CVnDqBhvbvRSe/4a4OFbJ2F4Cz2KGNi80aNoeYQTqGGEcZ6E2PUG9AvfapmQKDQronYS1TKj9cdlyY1AOOTSPgqXMoUQWLuxydXb2dRZL2iTnZoSp+3tyjqNw+O4a3IVfnWvmFdv59RU2m0X4Hjr4eEV57rbl9UNdNwN8PCKs1v+/ODcEAfhBLQ7nBvyWFOuzXXixKMTL4o4q553XnEuA7w229RtuU4UcG66XtrBV2rKBavvejg021f84KzKX6A6KWY3OgnwvPPr322hEydfcYlz3e1sywar747pv1zo2w6PrvUVFZ048ej0+uUB547yFYXxmlsuh0RfBR7/JreQ03sQaFD4sx63BplJpzh86BlOvPwKe3fvZHlpmWgszuDgED09CTRNs1akZrPkDZOV1RST586RyeeIRqNEI1H6+vrIpNMcfvoZZqdn0ISGVpikFUIgEOT1BI+IrRXjJZYkv/lC5fPOt07C8B49fYhIbKNH0dIIJ1DDCOM8ishNH2b9Su16E2I7iVp8vJClVL8iuOFXdJ3KBnwlumNWQKjwV4aHV5zrbl9WN9BxN8Cj7VYKOY27zvaO4VcvNeXaXCdOPDrxoohzy1dAuOSv5TpRwLnpemkHX6kpF6y+6+HQbF/xg7Mqf4HqpJjd6CTA886vf7eFTpx8xSXOdbezLRusvjum/3Khbzs8utZXVHTixKPT65cHnDvKV1yOV+pRjB1XlvAFeCEtWOwZRaAhRMTKhUlUDUEmneall17k3NRZhgcHWF5cQABra1nOnJni5ZdPMjezyOrqmsVZBAyZwyCPFBJds9aYyrzBzLkpDj55kAcfeICpc1NYQ7MmaosrX5cSYxzNaBXjNob3YGoR9zwGoZMwPIdAQP+mjR5GSyOcQA0jjPMoxPgViP0/ULpiS1kzUjOJSu2V3cJPNGJ7xV9WXQGW7q+QNu2KrlPZgK9Ed8wKiDrjrYeHV5zrbl9WN9BxN8Cj7VYKOY27zvaO4VcvNeXaXCdOPDrxoohzy1dAuOSv5TpRwLnpemkHX6kpF6y+6+HQbF/xg7Mqf4HqpJjd6CTA886vf7eFTpx8xSXOdbezLRusvjum/3Khbzs8utZXVHTixKPT65cHnDvKV1yO19h6BVpPf6le1jR5KbkHTYDQQBcGujAQQmAKDTOf5qknHuPlI0dJLcwx0J/ENATZbJ6V1RUWV1ZZXMuSzpukMyapfBYZlfT2J8mZJmem5jh1doYzEzNMnznHubNnmZ6Z47sHn+HQ4WfJpjPW+DQBQlj/Fhov9+0jZ8r18etRzE173PMYhE7C8BUi3guxxEYPo2URTqCGEcZ5FvqBn7AmSyleQXeYRMX6TlSVFRBm4Uuk2+aKrlPZgK9Ed8wKiAb8ubqyq4Bz3e3L6gY67gZ4tN1KIadx19neMfzqpaZcm+vEiUcnXhRxVj3vvOJcBnhttqnbcp0o4Nx0vbSDr9SUC1bf9XBotq/4wVmVv0B1UsxudBLgeefXv9tCJ06+4hLnutvZlg1W3x3Tf7nQtx0eXesrKjpx4tHp9csDzh3lKy7Ga2oRzJ1XV+DwcjZCPpJEiIg1gyqs35WSGuiaYHFuhjMnXoJ8mtHBfmanJsnmcqyk86zmBVlNJw+sZXOks2m0vEY0bZJfXkTPpImbefqjGpv7Ioz3xdi1qY9tg71E8iaTE+dYW0tb7zmFQGiFj/ILQS6S4JV8rGL8+eHd7nkMQidh+A4xMLLRQ2hZRDZ6AGGEEUZrQ993M0LTMKWJZtNUmqZE08puS1nYjkKTgnWbwm0oXAGuvCIopUIu1KkJlSu6jZqV8rLCesA2S4Vc2EFNVlkB4dQU2jWXtnXVca7Jok72gbMtfzY8+sFZlT/vOLvN3nF2mx3Dr15qyrW5Tpx4tKvrAWclHv3oRJG/lutECecm66UdfEVFJ0HopaxO832l+TpxrRcVndjw2Apf8e/fbaATJ19xiXPX+YoSfwHoxY6/Mh671ldUcHbNo3ecO8pXXOiDoe2IWKK0g5xpcjx5AUIUBqcJay8ShNBAmvREBJuH+sgbJpHIEKunpliYXWE5Y1oMZbPEhEFPRCMpBAPxOFtGBti7Z4yx8WGSvQliyTjDff1EhSTZ288Tz7zAP37zYWanTrG4NM/AyBAUsC8/917u38eeteeJ6ZqFsx7D7B9DX55y9XrnWydh+A4RiSP1KBi5jR5K0yOcQA0jjPMt4oOw7VrExBM1k6UVk6hlTY5Z1uxQvC3Wb1tXAAu5GKLq/tLjNrnkblWhaopOubqslFg9hkLGJuOQVZv16mzXVGL/fC841+R6dYTwjLNb/vzhrMqfN5zd8ucH54b8lbpEf3i71okvnFugEyce/erEI49ecVblr+U6UcC5rfTSLF+pKReQTpx4rHh+c33FD86B+4pT+NVJoHrx599toRMnX/Grk071FQX+AvEVFZ10k680Sycece42XzFG9lbUOZWBfE8PuijcK3TrESFBWt+CqmMS1WBxKUU6J5ibX8IQafrjGgMxjYGoYHwgxp6to+zcuYNdu7exddsOBoc3E+9JkOhNEknE0KICzciRyeQZHB3l3Owc33r8OWZn59mxZw9CWJOkGsI6x4F8JMFEPsIezSjhbPZtQVs+54pH3zoJI5iIJyG1uNGjaHqEE6hhhHEeRuTiHyI78V00UbvitJhNWX2/ZXaWN1mG53RFEABJ6XkbdkW33ETLywrrAa9Xdt1cmW/LFRBl/FVkUSf7wNmWPxse/eCsyp93nN1m7zi7zY7hVy815dpcJ0482tX1gLPqii/POlHkr+U6UcK5yXppB19R0UkQeimrE65AdeDPhsdW+Ip//24DnTj5ikucu85XlPgLQC92/JXx2LW+ooKzax6949xRvuJCHwztqKgzGRku1NAK92sIIZHoaAgEBlLmGRrsR9NjnJiYJqJr9MYjvOrAfvaNDzESybBtIMroYD8jW0dJjg6h9w4Q6+lHRHsRWhQTjbxpogNCg/HxzVx37eU8/twrrK6uYBoG0UgEIbBWv2rWD0hJKZmMjbBXTJdwNpPDrl/vfOskjEBC9PQiz4MJ1PA7UMMI4zwM/eIfsMypYLbl331KWXNT8V2pgGQ9S1l2W9pk4ZDttndyNWmT65miU64u6zQOj+OuyXIdt4ZX1Ku3c2oq7bYLcLz18PCKc93ty+oGOu4GeHjF2S1/fnBuiIPtu9wGeKvopaZcm+vEiUcnXhRxVj3vvOJcBnhttqnbcp0o4Nx0vbSDr9SUC1bf9XBotq/4wVmVv0B1UsxudBLgeefXv9tCJ06+4hLnutvZlg1W3x3Tf7nQtx0eXesrKjpx4tHp9csDzh3lK43G27sJMzFQqpM1DWaSWxBi/XtHhRBoQrMmMgVIwyCbShOLROjrTSKQXLb/Aq66eC/XX7mf6664kAu3jTA+lKAvoRHRDMiBZkbRtAhSSAyZw5R5NAOEIdClJKkbbB3uY3R4gFQqhWGahX2LirEIIZjr3U7WMErjltEkZrzPFR6+dRJGMBHrAU3f6FE0PcIJ1DDCOA9DjOyHkYusyVPpMIlK5ZXfwjML/y/cloXbojZLs3gllMpst32xXs1AbbJTU+K0vV1Zp3HYjdfFuGuyypXz6u2cmkq77QIcbz08vOJcd/uyuoGOuwEeXnF2y58fnBviIJyAdodzQx5ryrW5Tpx4dOJFEWfV884rzmWA12abui3XiQLOTdeLh/POK86B6MRp3PW2r4NDs33FD86q/AWqk2J2o5MAzzu//t0WOnHyFZc4193Otmyw+u6Y/suFvu3w6FpfUdGJE49Or18ecO4oX2kw3vzmC9GEVqozmQUhtMItHU3TEUIgNIkQOgIdTDDyBpomSPQlGds6zvZt44z0JTBTK2iAFotjRhKsyTjLaZ1MGvJpE5mT6GYOyCGNHFreQDNBINFkjmREsmkgSURYPFtcgxDWeMv/5o1KnGVysys8fOskjEBCICCW2OhhND3Cj/CHEcZ5Gvr268lNH0XT1n8oquLj/FReKaYsU3Z7/Uq8y4xNrnC7sqh3BVcA8na0X/8IoqfqeekTyGc+gHn/twAQ7zqB1vtVjE//EmA9h4nbMf72cwhBoRkr5l2I/3QIkflNjL+5e/1+bDIOud6Kh+qMPd6OV+arnu8F55rcgLcK3KmTlfmzcgX+yji7zKV63nB2y58fnBvyJx10ooi3W/784dwCnTjx6FcnHnn0irMqfy3XiQLObaUXz76ixl9gOnHiseL5zfUVPzgH7itO4VcngerFn3+3hU6cfMWvTjrVVxT4C8RXVHTSTb7SLJ14xLmrfCWeLPx2hVVnScSB8tWnGpqwfhAYIZAIDDQyuSyZXA4pNYQGk6fPsGfzMNFIDOL9TJybZvrMBLm8JN7Tw9axQXZsWWHr1hS9/THQY6zmYDWVJS81YnHoERmypoEQklhERy9M3srCgVdfwJkVScZIl3A29Qha4Tia2n+FEViIWA8yvbLRw2hqhBOoYYRxvkbfGEKsT5raTaKW/5AUQOmqYXmWlglLKJhiIZeZWPG2Yy7Uqwlhk6tNEpDPDGL+Y/H+XYi3fhZx/d1o5/ZjPmN/+GL37WhDf4tclAUDL+TrPonYApwoGHuhWbPNhYHU5EJzUPfKeaOm0K65tK3rAt8qnGuyHX82PLpqChvxZ8OjH5xrcr06vnB2m73j7DY7hhu9KPDnB+eW6MSJR7u6HnBW4tGPThT5a7lOlHBusl488LehOglCL2V1mu8rzdeJa72o6MSGx1b4in//bgOdOPmKS5y7zleU+AtAL3b8lfHYtb6igrNrHr3j3FG+0gjn5HAFf4t6r/WReQRCE2gITFE4FiExNUFOwGJ6lTPnpjDROHN2CpnL0de/gy3btzG7mubBg8+zOLdINmuyvLJGXzLChdtHuP7ynVy2bxsYUV46NcPTL59kZjXN9m1b2L9zC1JIUukMoz096IVxIKD8KwWklJimyXJ0EGR6HefkphIe9fiLffBhImOVGMqpb5L7zIfIzznj7By3Ev+99yMO30D63tpHtbf/EbFXX42WiFv7WjuL+cTdZL/yLefdvOETJH54BOODt5Et//etnyN53SaML38/mYdUxtimcR58hD+cQA0jjPM0tL7xmuajYhK1eJuy5qTg9mZZs0PhcYR9FlrV/djkUhdRFW6bjop8Enn/nyAu+z+wC3CYQCXyKsSu5ZJZAAAgAElEQVTb3oH8/z/H+hXcG9CuuQ7yaatc6X5p7a4645BVm/XqbNdUYv98J9zr4RyuQFXH2S1/fnBuyF/p3ZQ/vN3y1/YrhZx49KsTjzx6xVmVv5brRAHnttKLH1/ZCJ048Vjx/Ob6ih+cwxWoXeYrfnXSqb6iwF8gvqKik27ylWbpxCPO3eQrCK2CP03TCn86AmvCUpQNpvg+bTW1xuzCEroWJRGNcMlll3Llqw4wMNDPo9/4FucmzzG2dQc9yQGef+EIr0wvsbCQgvwaO7dvwUit8sKho5w4e5aerVsZ79/MaP8IE3PnMCX0DwwQiURKXAtBBafWnzWsSv5oyCOAPP5x1j51r4Xz1ncRf+/tRH/0UfKf+VpjnSiEeNunid+4G/ndO1m792tItqC94XZilx8AvqVe8N7bSNlM0jYj9Hd/hfjlI3W2mCV/z9vJPu1jJ+EEahhhhNG10TteMh/b5gQrFydVpSxbaVpoHtavxBZuFx8vbC8KzV9Tr+jaPj5ovbrZ9DjFkMe/Cft+CTH4OVi0niiu/y3E0CGY2F86Hgp42ObCDjtmBQTr/FVkUSerNoWN+LPh0Q/ONbleHV84u83ecXabHcONXhT4a/uVQk482tX1gLPqii/POlHkr+U6UcK5yXrxwN+G6iQIvZTVab6vNF8nrvWiohMbHlvhK/79uw104uQrLnHuOl9R4i8AvdjxV8Zj1/qKCs6uefSOc0f5SiOcY30V/K1FekGAEAWexfpkpQAiaMQ1nb54EmmC1GBkZBNXX/UqLti7i8f/7RGef/oQi4spllI5hjdv5rLLL+Hppw6Tml9gfjVPfHCU/tEexl+Z48jcAsuGydpaGvIG/f29jG8ZZ3jTMHokgtQECLNwTFRwuBbth8y5Es4ymizhUVcn5TxI4Ow9GGfehb7pGtg1Quyn3oU+1m/Rs3aM3Gd/ltwRa+WqvlyYeKX8th3JAFcTvepyOPE3pO/9WuG+ScyHPkS6sHpUvPbDxG+5GS0BsIz5wl+S+cy9zjKtXo16eRZjbgv69n7r+Y98iPQXHwNeQ/R9v0N09wiQwXzhWbjkIuSXv5/M9K8Q/7EfQd8UBzLIifvIfOyjmFW7Mo+fQF4+UjpNa2LpBOZJpwddxnkwgRr+iFQYYZynUVyBSsG4QFTelmVNTsGdzEKWWNcCS1cGpURKSttZdQr3Iytulx4vz062Im2yXdNRka9A/PAvQc8JZL0raCsfQE5ehPih2wvjeAPimlfDkf+GSe1x1Bt3TS7DreEV9ertnJpKu+3Kx1edFcfrmBviXZaro972ZXUDHXcDPLzi7JY/Pzg3xMH2XW4DvOs16w3484NzRW6WTpx4dOJFEWfV884rzmWA12abui3XiQLOTdeLh/POK86B6MRp3PW2r4NDs33FD86q/AWqk2J2o5MAzzu//t0WOnHyFZc4193Otmyw+u6Y/suFvu3w6FpfUdGJE49Or18ecO4oX2kwXhnvrRhvKjZk7VxIhEbpDyEKH+03iUmTXqLEtRhrK2tEo1HGtoySzmaYPjfFltFxNo+OMTo+zgX79vATP/aD/OTbbuTK/bsw0llWVlIMbh1hYMc4sZHNTM7N0TM6xIunT0IsztjWbSQSvQisqWFNgkZxIlegadaUVLpnqPL4owlXeFTwIEDsfS/6tn7k3JNw8lnMRz5O+oM3kPrgu8ktX0TkplvtgW8Yt6BtAjnlNMN6K7FbbkacuZu1D97A2j2PwSXvJf72Le53kdiFOHknax/8cbLHs2hXvYsIoL3zg0R3Z8nf8+OkPvgL5KMXlSbyIjfdgh55zDrGP7kTYzprW1o+dAfpLz9pf9qtPUn2f99Bft79UG1D6/7pxXAFKpYol3IplrIplnMpsmYOgIgWYXtyhOFY/waPMIwwgg/RNwZOTUn1FWIhQBaviJZdCSzmRld0NYcruUFc0QXElYvoV64/TaaPwr+8E3mqHgInkd/+FuIn/yPa7k8ht/83RN8TyE89hPiZ9auiyDpXegsD6ZgVENW81eOvjEfHJrDBFXRb/mx49INzTa5XxxfObrN3nN1mx3CjFwX+/ODcEp048WhX1wPOSjz60Ykify3XiRLOTdaLB/42VCdB6KWsTvN9pfk6ca0XFZ3Y8NgKX/Hv322gEydfcYlz1/mKEn8B6MWOvzIeu9ZXVHB2zaN3nDvKVxrpgzI+EVY1IdaxBPTiMQlJBIP56TOcPPwMB3Zs5+jJU6RWU0g9Qk8iymUX7eKyXVuYnpklZ0i2bt9Cz+JpXnvhNnJTZzl2fJmpM2fZv38/17/uerbvv5B0zmR0eIjeGEzOzhKZWEKPRpARAcL6HlZRBEpQ4rD8+GUJh8avdwBi3/tJ3vn+QoWM9R2o//A1GP4RtNe9l+gt/xURLe7hIjsW/cdrb0RLzGI+co9F69Mfwvx3D6Pv+hGYc1lj7VnyX7S+SzU/t0Js3wgaoG3bChN/R/bpSQDyTx0jus86DuPMJHLf1cTe+4cYR75E7rN3Ob4syIfuILPtc8Sv2106XcmdIP/ZACZPz5M4rydQJ1IzPDR1mAfPHeLI0ikWsiss59ZKE6hxLcY9N/4m146EE6hhdF+Iqu9ALf5gVOkHpKi8v+TyUoCwbpe+C9XqLhyzaZoITSvVqcmlLqIqXDYd8ulBzH9Sx0Ae/03kue8i3vghGLwCnr0OKawdC4qGXsjYZByyarNene2aSuyf74h7HZxrcgP+apo8p+yFP+EXZ5e5VM8bzm7584NzQ/5KOvSHt1v+/OHcAp048ehXJx559IqzKn8t14kCzm2lFz++shE6ceKx4vnN9RU/OAfuK07hVyeB6sWff7eFTpx8xa9OOtVXFPgLxFdUdNJNvtIsnXjEuat8JbOK7Okv8ZXILpFLbsKaRMVagVo6BA1kjp5ohAt27qR/ZJDldIqZ1AoTp04xtH8fW8ZGMJcWuHDXZUQjUQwzj8wbTE/Nkl1LITHJZdYwc1mSA0n2bd9CKp0nlogTiwlmFpfoicWJx+Jomo6JRGogZQFRWQRC0pOeLx0/CMilKm476gQqvwO1HNdbbyUytkL+795H9okXif7qw0Sj2MTVLmbG7sOcuwV9268gcJ6kbHXIr/ws6cO3ErnxRvQ3/CHRm54l+7t3kHfY3rz318ht+iti+6yvCTDu+zWyRwIajFn9xQHdF92/xtYhXlo5y0/+6+/x/sf/lL8/8QCH5l/m1Oo0I/EBpClJ5TNctWkfV226cKOHGkYYzYn4YEWTYBaaEtMsZAq5cD9A+ZXAYpZQerzYVIhC02ebscl2zch6ucpc3Yw4bVeeHUKIU8h/+QJs/wBa5CHk109Z47Q7jjrjrsmi0AyWZ6cmsHo7p6bSbjuPONuN1zGr4F0DcJ1cVjfQcTfAwyvObvnzg3NDHIQT0O5wbshjTTnvOFfkZunEiUcnXhRxVj3vvOJcBnhttqnbcp0o4Nx0vbTKV4LSidO4621fB4dm+4ofnFX5C1QnxexGJwGed379uy104uQrLnGuu51t2WD13TH9lwt92+HRtb6iohMnHp1evzzg3FG+0mC8IrNcMd5eI2XdX/oDKcDUQKCBiBBJ9NHTN8Thpw/z7MGnuGzvPsYGB9ELg15ZWWFtaYkYeeI6CKyFNkuLi4xv2cqeC/agiTxmPkssGmVo0zDJZAIME2GabN+yhYHePjRAaAJTCMzCLJQQkuIEaiK/UnH8Wm7NFR4VPFTjnC58nH35Rbj4d9DH1jeXORDDV1vjuvJWtE32fKzHQXJPHYbttxC/9W2F3WxBe8OH6XnvryAefRBzbQTtde9CAOLKD6ONZZAnv9SocMPInzkL299I7MotwIVEXn1R6TC1t/0GkU1Pkvu/d5C+9zFkYnfFJzNrY5L8pz5E7oXDGA9+iMxDk77HVwrDadq2e+K8XIF6ZPEU73v8f/PSylnA+mGcG8Yu58Dgbr559iBrZpZN8X5+64p3oIvzdo45jPMgypsRTVv/wSjTLGS5vhIV1lecmmXNC8XHq5obajIFkwv4ii4ucr3jP/lLmA+ASH+kcFwOV36xyTjkdl0BgUNWWQGhgrMb/oRfnF3mUj1vOLvlzw/ODfmTDjpRxNstf22/UsiJR7868cijV5xV+Wu5ThRwbiu9+PGVjdCJE48Vz2+ur/jBOXBfcQq/OglUL/78uy104uQrfnXSqb6iwF8gvqKik27ylWbpxCPO3eQrSLOCP01bH68mrA/PS2HNfwhNINCI9w3QMzzMyvIimdUVNvf3s2PzGJn0KouLS0zPzSPzWXqigp5kklg8ikgOML2S5cDFe1nJSBYXVkmaEbRogmgkj2ma5HIZkj0xxscGMOIxskJgCgsLYZoIIS1MhURoEk2TpeNfx5uGPNryULz9lbvJXfBhoj//MJHcCYypZSisQM197T70d99Cz50Pw9oxzCV7Piq4+dovkon+EbFXf5DEdf/Vum/tLOYTdwPfInvfAeK33E7iztuxfkTqU2S+MglvaFy7XpifvZPc6IeJvusLRN6VwXzhGCa7IQ+i/xoiN/4o0Z8CyGAev5dcvd8BAeAxcp95zN+g7EIawddsszgvJ1D/6vg3ODT/EgDXjuznF/b/AN86e5DPvPg1cqZF+rsuuJkrhvdu5DDDCKMFYZlPadJUK2tOqGxSrK1rs4TC9oUsKXzsf/12KTt9F2qhjs3wanN1M9Lo8TrNpXUFU8Ijv1w6XsqPt3jbKRd2UJPL8UOhGSxvCu2aS9u6Nng65SJf1VnUyapNYSP+bHjyg3NNrlfHF85us3ec3WbnE7o+zqr8+cG5JTpx4tGurgeclXj0oxNF/lquEyWcm6wXD/xtqE6C0EtZneb7SvN14lovKjqx4bEVvuLfv9tAJ06+4hLnrvMVJf4C0Isdf2U8dq2vqODsmkfvOHeUrzTSx9oCYnhnib+B3DLFr7YUwtqnjkCXAomGIUAkehgYH2VoZBM78zlePnKU/RdeQHIwSSqbY255jSiSwb4k8UQvPYk+Hj78OC9MLfHStx/jqUMJrj9wIQcu2c/+y5OIiA4CTCNPJKIR0xOsSA00rbCqtTAWJAKJECYgGcgtlY5fAlpmpeK2E3/Zj95QB9/HyH38+8nZEXfkD0j/9h/YMUrmd++1vR/A/Mqvk/6Kw4OPfoj0ox+qvf+hO1h7qMG/772NVPluy28Pb0U+/SHWPvYYki3o7/zfxHOT5B4F49HbWHMebmvDCCdQuy5S+QyHF16mR49x2963cOueN/H3Jx7ky6ceLk2e7u4d58d2vQFRehUMI4zujGLTUVx56tjcyPUmpuRK5d+FWvY8GmVscqlu9QBp0HTcjfnHd683Hw5Z3rOb9ZfzuzE+ejdWryFts/k3uwq3Wb8fm4xDVm3Wq7NdU4n9873gHPhKIafm3WXzaL9SwS3OLnOpnjec3fLnB+eG/JXeTfnD2y1/bb9SyIlHvzrxyKNXnFX5a7lOFHBuK7149hU1/gLTiROPFc9vrq/4wTlwX3EKvzoJVC/+/LstdOLkK3510qm+osBfIL6iopNu8pVm6cQjzt3kK6RXKvjrl+myygJrfkMghLUnIQSmptEzvIl9B67gkksu4/TJV5g4dZLLNl9GJBIjk5MsLKcYWFoi2d9H1DQ4cuxFVlZXiBsSMdZPPNlPb2+fNTGby2HKHEYuQ86Q5HW9wHBh71KC0AqHX/zUo8lwPgV6Gc5Zl9+B6lcnnRBju9Bf+16it1jfb0vuLMajd5Pb6HFVhcylG2/U4XHeTaDOZ5fZlhjhPRfdwlWbLuQ3nvg0/zb1LPnCcuPxnmHuuv6XuXhw5waPNIwwWhAF86lYeSrLflCqIhdWlgJ2V3YpZMujLDOrWeEgWN+u/HGEvbcJm6zSpJSbaMVhWw94urJbngs76JgVENW8lfHnmH3gbMufDY9+cFblzzvObrN3nN1mx/Crl5pyba4TJx7t6nrAWXXFl2edKPLXcp0o4dxkvXjgb0N1EoReyuqEK1Ad+LPhsRW+4t+/20AnTr7iEueu8xUl/gLQix1/ZTx2ra+o4OyaR+84d5SvNMBZnzmOufe1pTqjmoFAsz7KL2ThT2ASASERFD7On0yy7cABWF7izPQkx15+kUuuvpREoodoNMbS6iJT03MkElF64lEu3TlOXzzJ1h07ufpVB7hg51Z6e6JIw8DIZTGMFLlMmqyZwNAjIPSyH98pfQEqSElxgnRAFFmzcNZTc6XjaKpOOiGO3EXmD+/a6FHUDYmEzNpGD6Ppcd59wWdCj/PrB36St+98PXc9/w88cO6Z0uRpMhLnt191G68ZvbTwwhVGGN0dxabDNC0zLV5hNQvNjWkWcqG7llTm0v3SukeW3UY45OrtyurVDtAm1zNFp2xz3I7Zw7hrcrE5LM/1mvXqbNdU2m0X4Hjr4eEV57rbl9UNdNwN8PCKs1v+/ODcEAfbd7kN8FbRS025NteJE49OvCjirHreecW5DPDabFO35TpRwLnpemkHX6kpF6y+6+HQbF/xg7Mqf4HqpJjd6CTA886vf7eFTpx8xSXOdbezLRusvjum/3Khbzs8utZXVHTixKPT65cHnDvKVxrhnJqHtcVSnZiusWn1TNkOJaIwiYqwkiY0pK4TGxohPjJG/9g2hjaPo2kR9IhOPBknY0im55eZmDjH8tIiu7aNcunebYz1RUnPTXHy2BFePnqUmZkZ8qaBaeQxTEFORDCFbn3/qrAmPa0JYWuiFKzbm1YmiBa+r1UiEbkUZJZc4eFbJ2EEE9k0SHOjR9H0OO9WoG6K9zMc7+Pbk0/z1PxL3LLjtVzQv40bRi/l6k0XMhTr2+ghhhFGC8P+4/t234Vqea4oXF0VhWcXss0VQeT6lcHyXNq+/H6adEXX4Yqj7RXd0nEq5MIOOmYFRAHnlq2AsOPPhkc/OKvy5x1nt9k7zm6zY/jVS025NteJE492dT3grMSjH50o8tdynSjh3GS9eOBvQ3UShF7K6jTfV5qvE9d6UdGJDY+t8BX//t0GOnHyFZc4d52vKPEXgF7s+CvjsWt9RQVn1zx6x7mjfMWFPrTFCWRisFRnLDvDEjvW64vC5KVY36eJTl4T6IkBNu3eh7EwTSzeQzSmE0vGkLEoSysZInOrjM+v0BOLIIwUQ8k+BpMxenuTxJJJ9HgMKSR5JFkiZIkDeuEYykJa3BZj89rU+m9lINBS865f73zrJIxAQqZXN3oILYnun0DNriLzWURiEIS14FZIkzdrcW4UQ8gTz2Ia30MMPYU2ehHy0lsQA9s2eNBhhNGaqJkslWU/KNWoySnPVndRk7G5v7gfKMsld6seIGqm6JRtjtsankLGJuOQVZv16lwH5+rn2+Feg28VzjW5Xh0hPOPslj9/OKvy5w1nt/z5wbkhf6Uu0R/ernXiC+cW6MSJR7868cijV5xV+Wu5ThRwbiu9NMtXasoFpBMnHiue31xf8YNz4L7iFH51Eqhe/Pl3W+jEyVf86qRTfUWBv0B8RUUn3eQrzdKJR5y7zVfE9HHklstKdbZoaV7JpzFjCayJTAFCUpzUlICQEomOoUUYGNvCqsyhRyPomkksHsHUIixnJcmeCKsZg5HREcBk65ZxtEicaKKX0W07ET1xMvlVDMMka0YxIj1I9AJqonS+URwHEj2fZkxmkJISztrKpGsefeskjGAik9roEbQkunQCVWKefhLjxX/FPPU9yKcRg9vR9t6Atv1qtM37IDGM2HoAKQRMHsY8+k2MZ/8J47n70C/7AfTLfhDRP77RBxJGGE0NIQqTpYVJVE0rW5GKzXegluxPILFuS7n+3agUjLh0pbZ4JVGU5+L+yu4v1KsdoE1WaVLKTbTquEHaZ6mQCzvomBUQBZxbtgLCjj8bHv3grMqfd5zdZu84u82O4VcvNeXaXCdOPNrV9YCz6oovzzpR5K/lOlHCucl68cDfhuokCL2U1Wm+rzRfJ671oqITGx5b4Sv+/bsNdOLkKy5x7jpfUeIvAL3Y8VfGY9f6igrOrnn0jnNH+YoLfWhLZzFzaUQ0AUhims6uxWO8Mvqqwk7LB4D1m8BSEAFMAbFEAm14AFMaRHVBLBoBTWPNkEwvrzIwN0c8EWd0+xb6BwfRE32IeD8iEcdAksubpLI5ciJBXo8jhYaOdDxZd80fIaoJCsNHmHm05SnXr3e+dRKG75D5LBjt9pNWzYnum0A18+Qf+wz5h+9GZpYh0oNIDCKXJzGOfQvRM4B+1a1Erv5p9ANvRz/wdshnMKePYb70APkn/prctz6C8dxXid70QbQ9ryuVllIyNzeHaRhsGhnBNE1eOn6cbDbLFa96VWm7pcVFTk9MsLK8QjKZYGxsnNGx0cKL33osLiyQy+VI9vaSSCSYnJzk7JkzGIbJlq1b2LFjR81zAHK5HGcmJphfWCCfyxONRYnFYkR0HSklmzZtYvPo6DokpsnExATzc3Ok0xkSiR527trF0NDQ+rEheWl5EpBsS46Q0OMV+8wYOc6szZI3Dfb0jXNmbZZ0PossvBoZ0iSmRdmWHKE30gPAdHqRl1bOctXwPuJ61JGyg3MvMtozyI7kqOM2YTQnyj++X1p5qpXdlrIwSWq5j0RifYy/7Hbx8apmBqeMTS4z8YpQNUWnXF1WyoJJK2RsMg5ZtVmvznZNJfbP94Jz4CuFnJoSl/z5w1mVP284u+XPD84N+St1if7wdq0TXzi3QCdOPPrViUceveKsyl/LdaKAc1vppVm+UlMuIJ048Vjx/Ob6ih+cA/cVp/Crk0D14s+/20InTr7iVyed6isK/AXiKyo66SZfaZZOPOLcbb5CPos4+STmvteXeNsmVzmdz2DGkmXHIEpJINGkBKFhCp3EwCBGTCdv5OnRdBLxGFJonJ1bJJ0zSESibB7dR6Kvl0iyFz0eR9Oy5DNZVtI5FjMxRP8QmohgCgCzcp9Yp7iez7A1vwyaVsJZm3ulhENL+q8wfIdcmtnoIbQsumwCVWI8/zVyD9xlrTpNDBG57mcRWw5YIps6gnHiUfKP/x/k7EvEfvTjIHSIxNG2Xo629XLE0A6y9/0O5pmnyX71t4jf9teI4V0A5PN5Pn33pzh18gT//Q//kINPPsn/+sj/pKenhy//0z8ihODkyZN85s/+nEPPPMPy8jJr6TRXXnklv/7B3+CCffsqRvv5z3+eg997kp95939A0zT+7FOf5qmDB8kbeS699DLe8wu/wJtuejO6rpeek8vl+OIXvsCX/uFLbNu2lUQiydEjR1hYXOSSSy4hlUrxtre9jR/7iR+nOPl6/ze+wV//1f9F0zTGx8eZmZlhbHyM//TzP8/Fl1xiHZtpcsfjn0BKyZ2v/kUuH9pTMdbTqRn+8/f+jPnsMn/7xt/hzsP38vT8cfYP7GB37zjPzL/EYm6Vm7ZcxS9f8sMMRnt5eOowf/Tc5/nz1/0alwzusmVsObfGex/5GLdf8nZ+dt+/C+xMCMNdlDcjNZOpsuzj/VVGW++K4HpdHFag2uRCndoB2mSVJqXcRKuOG6R9lgq5sIOOWQFRzZsNfzXZB862/Nnw6AdnVf684+w2e8fZbXYMv3qpKdfmOnHi0a6uB5xVV3x51okify3XiRLOTdaLB/42VCdB6KWsTrgC1YE/Gx5b4Sv+/bsNdOLkKy5x7jpfUeIvAL3Y8VfGY9f6igrOrnn0jnNH+YpLnehnDyF3XgWxJAJBTNPYuXCME6PXgNQKOxel2lb94t4FET2GzOWYmZnn5VdOk84ItEiCnJbh3EqeQ8fOYOhRLliD4c1pkn29aLrGasZkKqXRM7QDQ+9FINAwQUiQZfuyTjx2zL1AVNdKOGPkiMydKOHQkv4rDF8hM6uQXdvoYbQsumoC1TzxGNn7fseaPB3eTeyW/4625/XrG1x4E5HX/yLmicfJPXgX+Sf/lsi176qooR94O/GxS8j+3XuQC6fIfvnXiP/s5wGBpmk8/9xzfO+JJ/j8393Lv3zrm1xzzTWkM2mEEEycPs3H//hP+Kl3vIMP/d6H0TSNhx96iD/873/AB97/q9z5Rx9l/8UXl/Y1cfo037z/fnp6etAjOne8//1s3jzCkReO8Jv/5b/w/jvu4GOfuIvvu/lmAKSU/Nff/h0efvghPvGnf8rVV18NwNLSEr/83ttZWFjgU3/2aZLJJABrqTU+99nP8kd33sknPvmnvPFNbyIajSKl5Pc//GF++idv5c4//iNufutbiWo6RxdPY2KSN/O12EqTo0unmE4vEteiLOZWObY0wS9d/Hbesfct5EyDPz/2VX7/6Xt4buEE99z4W5xLz3NydYr/e/x+/uDq/4gmRE3dTx35CidWz3Fqdcov/WF4iOqP71dMplLW5MiyJgbrcSEEZvG2KQuTpZYZFlyw5v6WX9F1MEulK7rFjE3GIas269XZrqnE/vk45To4hytQ1XF2y58fnBvyV+oS/eHtWie+cG6BTpx49KsTjzx6xVmVv5brRAHnttJLs3ylplxAOnHiseL5zfUVPziHK1C7zFf86qRTfUWBv0B8RUUn3eQrzdKJR5y70leMHJw6iNxnzYUIYBerzKamSPVtoXiKUXpUFIZj/T8iJKSzrC2nefbYCSamlxDxftBjmEaeIytZzi4e4fipabZtH2V40xDJ/j6Sw6Mkx/eRl3GLVdMAbf1ALSytSK5MstNYqeBJn3sFzKwSj751EobnkEjk8txGD6OloW30AAILaZD/3j2QtX79K3rzb1dOnpZCoO1+DfGf+nPk/AnbUtrofiLX/xwgMCcOYp4+WHosErHmnI8eOcInPvlJPnLn/+Jjd90FQLK3l1//4G9w/WuuR9MsaG94wxv4qdvewbGjR/naV++r2E9vbx8A09PT/K+PfpQrr7qS7Tt28Jabv4+ff8/Pk81m+eY37i9t//zzz/Olf/gHrrnmGq666qrS/QMDA/z7t30/j4ZVg60AACAASURBVD36aMU+HnnkEe762Md480038X0330w0an2MXgjBL95+O5lMhr/6y78kk8kAoAut9FeDSdn9US1CsvAR/4gWKdync+PYFfRHEzw28zyGNJlIzZA18vzzme/ynXNP19Rczaf5zItftzBIL9pyEUZzo7wZMc11MypOlhZNq/zKK9hkYZOlQ67af3md2gHaZKemxGl7h+P2Mu6aXAcP11fOq7dzairttgtwvPXw8Ipz3e3L6gY67gZ4eMXZLX9+cG6Ig3AC2h3ODXmsKdfmOnHi0YkXRZxVzzuvOJcBXptt6rZcJwo4N10vHs47rzgHohOncdfbvg4OzfYVPzir8heoTorZjU4CPO/8+ndb6MTJV1ziXHc727LB6rtj+i8X+rbDo2t9RUUnTjw6vX55wLmjfEVhvJGzzyJWFyrwuGL5BfR8mtpZReu9nik0kBqxWIxcJsu56UWmF1LMr6SZnJlncmae5ZTBmpZkxYhzYnKBF46c4JWTZxDxAXpHdpIXMYxIDKmBFhEITUNUzS/o+TSXzx+pHHdujcjMi8rnnW+dhOE90iuQz270KFoaXTOBKhcmMCeeAkAMbkff98b6T4gmibzhfY4Pa3tfj0gOA2Ac/eb6/bqGYRj89G3vYHy88kemhoeH2bZ9e02tvXv2IqVkdna24v5YLAbAzW+9ueY5N9x4IwBnzpzBMAwATp86DcD4+HhNw7Nt+3aEEBw7dgywru7c/8//TDqd5vts6o+NjXHR/v288soJzp45Yx2b0Ep/1RHRNHShIxBoQpCIWBOoMW19EfN0eoG0keO1o5ehC42za3NENJ3p9AJ/dvSrmGVXnDJGjr8+fj950zq2mfQChjQJo7VRmjy1u7KOqLqyW7jKVMiUZ2mThUO2277GxIsDtMlOTYnT9g7HHeS47fCoWdng1MRXb+fUVNptF+B46+HhFee625fVDXTcDfDwirNb/vzg3BAH6QS0O5wb8lhTrs114sSjEy+KOKued15xLgO8NtvUbblOFHBuul7awVdqygWr73o4NNtX/OCsyl+gOilmNzoJ8Lzz699toRMnX3GJc93tbMsGq++O6b9c6NsOj671FRWdOPHo9PrlAeeO8hWF8WJk0Y8/iCx8ulQiiWqCK6Yesz0EKQQ5QzK7uEI8uYmFNZO5lQyZjMQwNExTYOQNUmtrLC8vsrg0TySqc/Gl+7nhDTewd+8FRKJRQCARIATl7+6FEKW/y6ceJ1KYciiONzL1fOXxuzzvfOskDG9h5JBLs42367LongnU5bPIlWkAtG2vAj3W8DmiZ9D5seQmSG4CwDxjrZ4UQpQmFy+86CJX48rn8zz//HNIKUurUosRiVqTj1u3bat53uhm6weVzMIEI0Bvby9gfQ9qdSwtLiKlLE3KplIpjhw5Uvr39554gkPPPMOzhw/z1MGneOzRR9E1jdWVFVZXrVW7utAwTJMjS6c5NP8yzy68Uvo7unianJmnOG9bnDgtrkp9au5F/uT5L7C3fwsfvurdAJxcneLK4QvY1TvGd849zbMLL5fGe2jhZT599B/56b03ATCXXSFznvxyW1uFKHzM3m7ylPUru0Xi7a4ISig8z/sV0qZd0XUqG/CV6I5ZAVFnvPXw8Ipz3e3L6gY67gZ4tN1KIadx19neMfzqpaZcm+vEiUcnXhRxbvkKCJf8tVwnCjg3XS/t4Cs15YLVdz0cmu0rfnBW5S9QnRSzG50EeN759e+20ImTr7jEue52tmWD1XfH9F8u9G2HR9f6iopOnHh0ev3ygHNH+YrieLX5k2gvPQoFnAH6dMFFk4/UHoIQrKymOPbSCbSeAVJmDytZQcaQmLLwHtHMo5s5YjLL1pE+brzhOt5442vZMr6ZaESgC6uWkCbFqc/y+Ush4KIz/0avqByvPnMMfWWq8vhdnne+dRKGekgTc34Syuaqzpfomu9AldkUFK6u1JsYdR1CK7wog1w6s353QbCRsh92Ko/FhQW+/e1v89yzz5HLZTENk6WlJYQQpY/QF6M4GVt9v7UfK+v6OkVXX3M123ds59ChwywtLTEwMACAYRg88J0HEELw5pveDMDa2hrptPVlvk8ffIqTJ06i6xqmKTELK1qvvPoqrr3uOoY3bSrtIyfzPDx1mJeWz1oTqtLAkCbzmWXSxvrybF1Yx/8/nvkcf/LcF1jNr/GTe97Mz1xwM2M9QwCcTc3y1m3XsjUxwkefvZe7j/wjn3zt+zGkyV8fvx9d6Lxn/y38xbH7WM2vkTLSJAsrW8NoTUhZ9cNR5d+JWmxSqpobilkKEIXb1uxpKZevaEUIKH8c+8laW3dzMkW3Vxodrjha+1fM2GQccr0VD9UZm+zUXNo8H6eMTcYh16tT3Zwo4OyWP384q/LnDWe3/PnBuSF/0kEnini71okvnFugEyce/erEI49ecVblr+U6UcC5rfTSLF+pKReQTpx4rHh+c33FD86B+4pT+NVJoHrx599toRMnX/Grk071FQX+AvEVFZ10k680Sycece5aXynU0ScOYvZtIr/lEus3LpCMixy9E//Ks1tehxGJg5Cks3lm5haZX0px6MVXGBseJbppM7lYnOxaFkwTXZpEhGS8P8Fl+3ayY8sIupBIM4cpNUx0pBAITIQEExBogImeT3Ng8hGSohJnbXmSyMyLzq9zDXj0rZMwlEIiYXHqvPvofjG6ZgK1PMonPD1HdtWalAUwan9UyS6+8qUv8yd//Mdc++pXc8f7f4Vdu3YhhODBBx7gn7/+9dLq0GKYhY+sWy8elVG8KxaLlVauJpNJ/vqee/jQ//e73PHL7+O2d95Gb28v3/nOdzh69Cif/PSnuObaawHQdR1NsyY57/jV97N7925Xx5DQ4/ynC9/GZUOV259aneZbkwdZyVuTsjkzj0Bwx6U/wl8c+xqnVqeR0mRz3Jq8XsyuMpNZZFtyMz+95808NvM8Xzr1MLdf/HZSRoZHpp/lP1/+U2zp2URcj7KSW2M5t1Z6fhitCSEKPxhVlmUxs96kaEVzkgIEhWanLIvajCzclhR+SKrsthCl/Uu5Xqd2gDZZpUkpN9Gq46ZwfDVZKuTCDmpyOX4oNIPlTaFdc2lbF/e5mrc6/JWyD5xt+bPh0Q/Oqvx5x9lt9o6z2+wYfvVSU67NdeLEo11dDzgr8ehHJ4r8tVwnSjg3WS8e+NtQnQShl7I6zfeV5uvEtV5UdGLDYyt8xb9/t4FOnHzFJc5d5ytK/AWgFzv+ynjsWl9Rwdk1j95x7ihf8agT7cUH0HqGYGhrCe8+TXDg3CO8OHgpi/ERzkzOMjk1i6bHuO9r3+SmG19NtH8YPdmPTOWQ2Qy6MOnv6+VVl1zARbu3IfIZsukUiUgfhmliIMiagpguERgYaAg0elem2LfwHElRiStrS0TOHraO2+PrnW+dhKEUcmUe0qsbPYwNi675CL+I94FureQ0Tx+E3JqvenJlCrlqfaeD6Olfv7/QZZR/nydYq0D/50c+AsCvfuAD7N69u/BiB7mcNQGrVa1aLa4EtWtc8oVJ21gsVqoDMDQ0xP79+9l/8X5mZ2c5/uJxbrzxRv7+i1/gLW95S2m7vr4+hoetlaAnT9j/WFZ1GNJEOry6SGTFOM3Ctj16jE9c/z7iepQ/P3ofj81Y311yOjWNKSWj8UG2Jzfzi/t/EFNKPv78F/n4c1/g6k0X8WO7biSuR9kcH2Q1n2bFJ2dhqIfdx/eLGVnW5BTIL54fJpW3S4+XZ+GQC48X/8rr1IS0yfVM0SlXl7Ubr8txV+RqHMrwqFnZUK9Zr852TaXddgGOtx4eXnGuu31Z3UDH3QAPrzi75c8Pzg1xsH2X2wBvFb3UlGtznTjx6MSLIs6q551XnMsAr802dVuuEwWcm64XD+edV5wD0YnTuOttXweHZvuKH5xV+QtUJ8XsRicBnnd+/bstdOLkKy5xrrudbdlg9d0x/ZcLfdvh0bW+oqITJx6dXr884NxRvuJRJ8LIoT//dViYQEqzhHufgAPzzzJ88nu8+NJpTpyYYGZmhsnJc3zhC19h4swMOVOgxRLE+gYY37mHK6+5jmuvvYYdW8cY6k8QjegIPcbSioEeHWByap7iqlMhDLZNHeTS+cMkhVnpA2uLRCeehMKnXL2ed751EobLkMiVWViZ3+iBbGh0zwRq/xZE3xgAMrNM/qnPQz7jsZrEOP4dyKet2iMXWPdKWVo1Wh2rq6vMzszQm0yS7E1WPbZSeMGvfE7xu0xzudrlz8XHNL2Sor/97Oc4+OSTfODXfo3b3vlO3v1zP8sb3/Qmenp6KraLRqPc9JbvIxqN8pUvf9mxQVpcWCg9ZmJiStP2x5zy0sCQBqaUmFKSMixsc6bBZUO7+Y0DtyKE4H8c+hwTqRlOrFrfYTIUs7639U3jr+LSwV3885nv8t3ZI7xj701ECytktyY2sWZkWMiu2I4xjOaFXVNpmhJsrwAXr4ja5NLJXXZbOmRsMlXioKJcZXZqSpy2dzhux+xh3HZ4uL5yXoNznebSZvugxlsPD684192+rG6g426Ah1ec3fLnB+eGOFSbiBu8VfRSU67NdeLEoxMvijirnndecS4DvDbb1G25ThRwbrpe2sFXasoFq+96ODTbV/zgrMpfoDopZjc6CfC88+vfbaETJ19xiXPd7WzLBqvvjum/XOjbDo+u9RUVnTjx6PT65QHnjvIVHzrRsikih/8Jbfo4kvVJ1KiucUUixfu2TXGxmGJudgYhTI4dO8Yzh54jZwiS/YPs3LuPN33fW/n3P/wjbL1gL/G+fnoS/URjCUwtjtQSSD3Js8+/xNxiis2zL3LtqQfZk58joomK8Wqrs8ROfReRW/N93vnWSRgNQ5oGcn4SubKw0UPZ8OieCdSBbWjjl5Zu5x/4GMaL/+qpllyaxHjuvtJtbcerS/828sVVo5UTkr29vQwMDnL27FlOnTxVuv/0qdN86YtfREpZ8+NPqZS14jKbrZ1ATa/Zr8Y8e/Ysx48f56/+8v/w0IMP8vhjj3HwySc5efIkhlH5Jb4/8mM/ytt/+Ie575++yv3f+EbN44eeeYa//Mxn1o/NNMmbJnlZ+2XARtn9edNgtTC5XLzvPRfdwm1738ITM0f51e9+khMr54hpUYZj1urdqBbh3Rf+e3KmwaWDu3nN5nWuxnqGyJkGZ9fOv19x2+gofleptaK68rtLy6/smqb9lcDiSuxiLr8iKIX6FdKasLuC6NSUOG1vVzbgK9EdswKiznjr4eEV57rbl9UNdNwN8Gi7lUJO466zvWP41UtNuTbXiROPTrwo4tzyFRAu+Wu5ThRwbrpe2sFXasoFq+96ODTbV/zgrMpfoDopZjc6CfC88+vfbaETJ19xiXPd7WzLBqvvjum/XOjbDo+u9RUVnTjx6PT65QHnjvIVnzoRRg79ua+jnXwKs/CVfEX8R/oSfOD1O/jIa6K8fWeeCzcnyJuSgcHNXHTJZbzujW/m8muvY3TnHnp3XkJsdBdGTx9mtI9UXqN3ZAt6fo2r9EmuOHU/F6QniWu1etEWThM99XjtylOP551vnYRRN6SRQ85OIDOpjR5KW0T3fAeqpqNf8aPWpKmZR6YXyd3/+4i+zf+PvXuPk6su7P//Pmdm9hayYTfJQjbZkJDIxmaFhBAqoUSRu0qg4BfiBTFUsAVra6m21q+o9Nevrcj3q1aw36IGLKUJX6UkViFySQFJLAkQMassTULI5gKby5KNyd5m5vz+OHPmnDNzzuzM7Mzs7fV8PDZnLuec+cznzNkz+87nInPWkrx3Yx0/rIH1t8s68rq739ZL7OcsS/G4HYJmhp6RSESf/tNP65/u/a4+d/vtunLFCvX39+vwoUO65kMf0q6du/TYT3+m1gULdPUf/qEk6fjv7BaXJ05kfxh7e+2Asr+vP32xkKSP3XCDXnnlFX3rm9/0rW8YhqZOnaprPnSt/vyzn1UkElFjY6O+9JUvS5L+8rN/oTPPOlO//+7zVF1dpZdfflnHenr0mT//rAzD0GAyoYhpqsaoCmxlm7ASiplRTY7V6kSiX/2JQU2O1ao31co3Zkb1qdYP6j/f+pW2HdmhfccP6eSqSar1TAp17ewL9I+//XetnHuhb7Ko2ZOaNDlWq6ODnJSVZkj+iaMyloYMJZUaA1VKfUmR774U/D+CluUu5W2xEbSUEXxtC/ofxFxfSnJdRL27NewnApdWAcvUC2QtC2kBEfalMOjLZeB+c9RrSD1nLY0cy2HUc+DxCziOw6nnQo9f8fWc77L4es53GWq450vW7kb5eRJ2HIP2W0Q9F3Qch3OeFHj8Kn6eFFTPZT5fijh+I3qelOJ88eyn/NeV8p8neZ8vhZwnAcexEteV4V+/R8F5EnZdybOex911paDjV4LzJej4eY7juL2uFFLPeR/H4ut5TF1XSnSeRF5/Xsbxw0rMWSqjdorvOMyZ1qAbp52sTyydrzcOdmvn8Yisaaep6qSYTjb7dGxAmlI/TZNjb8o0BmW9vU8nJwdVd/DXqrIG1faOkzz789RfMq7oW79VpGff6Pr+hRCWrONH7TFPQ3phT0SG5UT440G8XwOPf1mJX/0/97HqkxRpvVSx9/yFjPoZ4dsOHFdi92YNbviKrJ4D6YejSz6m2OVflSRZlqUDBw4oHo9rxowZisViWbs52NWlzZs260TvCbUuWKBFixbJMAx1d3fr0KFDmjVzlmrraiVJXW91aXBwQHWTJqmhocG3n97eXh06dEhVVVU65ZRT0o+vX7dOG5/eqOXvWa4zzzpLtTU16uvr14svbtV3771X+/bu01fuvFPXr7w+PfmUZLeEffXV3+rI4SOqqanRmWedqTlz5/qrz0ooYtjbGOkrgC1pWelfhIZht0KNmhElLSu9jWR36Y8YZnpSIsPw78tK//J2JVLjsGSui/Lr+tLkVBhqZS9TF1HTc9FOX8YM93KWdbE27aUMQ0Zq6XvcczUzDMl/dctQpouip1j5LwspTvpLwDC+rActA7YPLXAhJR6yAoqr56JevuB6LvT4FVfP+R6/4dVzvsdvePWd73EcXj2Pw/NkyONYXD0XevzG5Hkyms6XMXmeVOZ8GV49F3r8CqvnQo9fwfVc1HEc3u+liXSeZO22rOfLGLquFHKejKbzpajjN0bOk1FwvlTyPFG0SonmM5U8bYkUiRV2XhRwXYm8/YYiXf8tw4qX4Xwprp4Rzuo/LqvnsJQYHHrlcWbHX23O+fz4ClAlWT37NfDwLUq+9Vv3QTMic8a7FFlwucymBXaQWlUnJROy+o7JOrxTiVcfV3Lfy7KOvZXezGicq+rr/jk9BupIe3HrVv3V5z6vv/6bL+h9F13kC0gTiYSefuopfebTf6qVH/6wPv/Xf6Xa2toRLC3GgoNfsodYMFPhprN0/qfTH6q6XxnM1LXKTD3oPG547ltWar3UtU3KvubZLV0LvNYVeK0N3nGJvmTl2E8pvxTm/pJSpi9XzrLEXwqDj+NwvsQWdvxK+cdTaAuIIus5749d0fVc6PEb5edJQcex/H+MlP88cZYVPk9G0/lSxPErvp7zPX7Dr+/Rc10p/3mS98e1GPmcJyU8X8bFecJ1pTLfv7iuFF/PeR/H4f9eGhPXlTKdJ8mqOlmzz1Fixu/JMKOFH5+QpXl0nyIH/zs11ukYOk8mKCsxIPUcktU/cSf3HipAHT9d+FOM+mZVXfOPGvjxbUoe2iElE1IyoeS+bUru2yaZURm1U6SYHaCq/5isgePyN0s2ZLYsUdX7/27UhKeS9MiPH1F1dbUWn322LzyV7CEELrr4Yk2aNEl1k+oUiURGqJQYS9yLj/3lw9ed3/AvJUMy/P/TO9T/zHuXhunux1kmk0kZhpneX3gB81gqxzJzt5aVukgXsFTAUiHLQr+sZy4L+PKYWc8ysus5vVTIMtd+DKPoes7/O/dw6rnQ41dcPed7/IZTz0Mev/S3xOHVd97nybDquQLnSdhxHO55UuRxLLaeCz1+FT9PCqjnUXW+lOu6krW7Ep0nYcfRt315ryvDqeeSX1fCDPc8Ken5Mrzr96g4T8KuK8M9T8bqdaWA41eS60oh58l4uq6U6zwpsp7H7XWlgPPEHDgh67+fkbnnRSWmzpHZ2KJEw2kyIrHw4xWyNI+9KfN3XTKOH5YR75PKfF0Z9nky0cX7ZfWfsMc4Hegb6dKMeuMuQJUko3GuYu//X4o/+y0ldj0n31mTjMs6flhS+IRFxrR5il301zKmzS97WQtx/Pjx1C+WYAMDA4rH42pra1NVVVUFS4axzL7WpC6ehmepjKVlrydn/fR2Sq2n9Hrp9T1LZdxPP+7ZXxYjYFnIlxTvRdS7W8N+InBpFbBMvUDWMlVvvmWhXwqDvpQE7je4XgOX3uPmXRo5lsOo58DjF3Ach1PPhR6/4us532Xx9ZzvMtRwz5es3Y3y8yTsOAbtt4h6Lug4Duc8KfD4Vfw8Kaiey3y+FHH8RvQ8KcX54tlP+a8r5T9P8j5fCjlPAo5jJa4rw79+j4LzJOy6kmc9j7vrSkHHrwTnS9Dx8xzHcXtdKaSe8z6OxdfzmLqulOs8cZb9v1P0QLus/dtlRquUbGiRTpouq65BRlWNrEi1jLoGWYYps/93UnJAkWRCVm+PzHivjGNvyUzGPce1/NeVYZ8nE4GVtHOwZEJKJKREXErEZfUft28jb+MyQJUkc+YiVV33z0q0/0TxX/0/Jfe8MMQWhoyTpit6/q2Knv1hyRx9VfOe975HTz/1lLZu2arLLr/M91xvb6/+9s479c7f+z1detllIXsA/HyhaeZEUoa7TGZ82Ula7sVWsteTMfTSucp5/6fRu5/sAqqwi2LYMuB928UpYKmApUKWhX5Zz1wGfalU8Pah9a2ApUKWQx634uo53+M3vHou9PgVV8/5Hr/h1POQxy/9LXF49Z33eTKseq7AeRJ2HId7nhR5HIut50KPX8XPkwLqeVSdL+W6rmTtrkTnSdhx9G1f3uvKcOq55NeVMMM9T0p6vgzv+j0qzpOw68pwz5Oxel0p4PiV5LpSyHkynq4r5TpPiqzncXtdGe55Eh9Q5OAuWQd35j5ucufOkAwlUtsn05/jHMu8Ky7XfkLqGSiDcTcGapjkwdeUfO0JJQ/tlHVktzTYK0WrZEyZKWPafEXmXyjz1IVSZHS33Hz03/9d//rgg3rHGWdoyZJzVFtbowMHDuiXm3+pBe9coD+59VbV1dWNdDExRnQ5Y6Aa9tUmaGlZztio9pimUuqrg2GPgWrJPyZq+r7lHwPVsiTTzL7mSUZh17oCr7XBOy7m4lzYRX/YXwpzfEnx7zf/4hZabfaXrOHUc77HsRJfrtwvxcXVc77Hr/h6zvtjV3Q9F3r8Rvl5UtBxLLyeR9954iwrfJ6MpvOliONXfD3ne/yGX9+j57pS/vMk749rMfI5T0p4voyL84TrSmW+f3FdKb6e8z6Ow/+9NCauK+U6T8bwdaUs5wkmrAk3iVROyYSs/mNS79tSMi6ZEal6soya+lEfnDoSiYRee+01Pf+L57W3c48k6aTJk3XBBRfozLPOYuIoFOSt/3lSeoKorImkZEiG/T+KztinRmop2RdP57JoyL7qGamrn3NfqYusvI9nXM0Mw/Tcz1Cmi2IlvvSW58t69vaV+NJb2i/pQ7x8wfVc6PEr5R+12dtX4kvvcOs73+NYiS+9Y+o8GfI4FlfPhR6/MXmejKbzZUyeJ5U5X4ZXz4Uev8LqudDjV3A9F3UcyxGWjs/zJGu3ZT1fxtB1pZDzZDSdL0UdvzFynoyC82XMnicjdl0prp6BIASoAEK99T8nyzDsa41h2BdTQ27o6Q9V/S1NZbhfIcJaoBqpi5hzjaMFajm+1Jfpy5WzLPGXwuDjWIkvV/Zy1LUU8tRz3h+7ouu50OM3ys+Tgo5j+f8YKf954iwrfJ6MpvOliONXfD3ne/yGX9+j57pS/vMk749rMfI5T0p4voyL84TrSmW+f3FdKb6e8z6Ow/+9NCauK+U6T8bwdaUs5wkmrKECVDPnswDGNSt1NbH/Tf1PoTwXRc9Skj2WjW+71NIKWBohy6D1w65qVsAy10UxbJm527ByFFnuoPrIrL+cXz4yl7m+1GQelxKVN1d9FFvPOdf3fRcsYbmHqI9i6znf4zeceh6yHqwhvv0N93zJ2t0oP0/CjmPYcSmwngv93BVbz54Kz14G/u1U4fOkgHou+/kyGq4rWbsr7fmdqx7KfV0ZTj0XevxKep44y3zOkxJ+7oZ7/R4V50nYdSXPes65XuBuS3t+j5nvX3mc30H1MW6vK4WcJ2HHMez3VxH1PKauK+U6T/Ks59F4XRn2eQIUgAAVmMDci5yyL5ryL531A5dGwNIKWQatn9pPQAGzl2FfSsLWD9ptWDmKLHdQfWTWX+iX+Mz1wr6MBK1XwvLmqo9i6znn+p79lrTcQ9RHsfWc7/EbTj0PWQ9GWEXnV89DHses3Y3y8yTsOIYdlwLrudDPXbH17Knw7GXAfit+nhRQz2U/X0bDdSVrd6U9v3PVQ7mvK8Op50KPX0nPE2eZz3lSws/dcK/fo+I8Cbuu5FnPOdcL3G1pz+8x8/0rj/M7qD7G7XWlkPMk7DiG/f4qop7H1HWlXOdJnvU8Gq8rwz5PgALQhR+YwA4ePCjDMPL+kRR637ntXea6nesxAAAAAACAStm2/fWcz9MCFUDJ8P8xAAAAAABgvCFABZCXXOEowSkAAAAAABivCFABDCkoIC1VoEr4CgAAAAAARjMCVAChCDcBAAAAAMBER4AKTHCEpAAAAAAAAOEIUIEJLJ/wlIAVAAAAAABMZASoACS5QWnmMt/tAAAAAAAAxiMCVAAFh6bDfR0AAAAAAICxggAVQMEIQgEAAAAAwERBgAogSykDUsJWAAAAAAAwlhGgAgAAAAAAAEAIml5ZjwAAIABJREFUAlQAAAAAAAAACEGACgAAAAAAAAAhCFABAAAAAAAAIAQBKgAAAAAAAACEIEAFUBDLska6CAAAAAAAABVDgAoAAAAAAAAAIQhQAQAAAAAAACAEASoAAAAAAAAAhCBABQAAAAAAAIAQBKgAAAAAAAAAEIIAFQAAAAAAAABCEKACAAAAAAAAQAgCVAAAAAAAAAAIQYAKAAAAAAAAACEIUAEAAAAAAAAgBAEqAAAAAAAAAIQgQAUAAAAAAACAEASoAAAAAAAAABCCABUAAAAAAAAAQhCgAgAAAAAAAEAIAlQAAAAAAAAACEGACgAAAAAAAAAhCFABAAAAAAAAIAQBKgAAAAAAAACEIEAFAAAAAAAAgBAEqAAAAAAAAAAQggAVAAAAAAAAAEIQoAIAAAAAAABACAJUAAAAAAAAAAhBgAoAAAAAAAAAIQhQAQAAAAAAACAEASoAAAAAAAAAhIiOdAEAVEDfUen1/5J+s0F6u1N6/ZeSpCZJg7OWKFk/UwPzL1Ri9jmyqutHtqwAAAAAAACjiGFZljXShZCk57e0a9v2HerY0anevn5J0tSGerXOb9GVly7TtEZCHaAom74nPf1Nqa9nyFWt6snqW/Yn6l/yMRmGEfgjKfS+c9u7zHU712MAAAAAAACVsG376zmfH/EA9dCRHt2/5nF17OyUJNXWVKmluUmS9Nquven1Ll5+tq6/6sIRKSMwJnV3Sv96s/TmbwreNDG9VSf+8FuyTp5FgAoAAAAAAMa1UR2gdu7r0l33Pqzevn6dcfosrbhsmVrnt/jWeX5Lu9Zv2KQj3T1qaZ6uO27/+AiVFhhDDrRL378+r1anoWrqdXzlD5Q85Z0EqAAAAAAAYNwatQHqid5+3Xn3D3W4u0fXX/VeXbx8Sfq5J599Ub19A2ppnq5FbfN1ordfd927Vnv3H9RFF5ytlVfTEhUI1d0p3XPF8MJTR029jn/iR76WqBIBKgAAAAAAGD+GClDNCpUjy5PPvqjD3T0675yFvvBUktZv2KT1GzbpntXrdOfdP5Qkfe7W69XYUK+nnntJnfu6RqLIwNjwr58sTXgqSX09qn3kM6XZFwAAAAAAwBgU+cpXvvKVkXjhe1Y/qlg0oj+/5UOKxaK+55Yufqda57foaM9xvb7nTbW/+rouXr5EdbU12rZ9hwYGE1r8rvnDK0DvG3ruodX6/sP/rsc2PKGNz23X3miT5p3WqOrh7bkA2/XA5x9Q91nna+6kir0oxrNN35Ne/nFJd2kcPyTVTFZy5iJaoAIAAAAAgHHnza63cz4fzflsmXTu61Jv34AWLZynutrsuHJaY72mNdZrcdt83XXPWr22a686dnTq/KULdf+ax/VaasKp4nVp4z/9X21r/bS+dGOzYpI02KVtD39f39v4R/rshU3D3D8wAvqOSk9/syy7rvrFveo+/VJZ1fWSCFABAAAAAMDEMSIB6onefklSy8yhg8rbbrpaTz77YnrdM06fpdd27R1eAbratfVAq674bCo8laRYkxZ99AtaNLw9AyNn1y8L77p/zdPSSQ9KP/xB7vX6elS3/9camH+RJAJUAAAAAAAwcYxIgFqIutpqrbhsWWl3WlujWnVpT5fUFprhDmr/cw/ogcdeU3c8qpPOuEQ3fvRCnVYr6dhObVz7iDbuOqi+uBSd/m7d+Olr1ForqWuj7vrGHi28Tmp/pF3xP/hLfeH9Ddq/+SH960/adTAuRRvO0CUf+aguPM1+pe496/Wdb/5CezL3BRTitxsKW/+ap6Xpz0j/d4jwNKVq19PpABUAAAAAAGCiGNEA1WmJWohD3T2qraka3gtPPk/XXfFLffMbf6Otsxfqgne/W60LZ6u5Nt0eVYPbHtB3tjbr01/9pJpj0rFtD+g7D2/XX97Yppjiarjwj/WlT05WTIPa+cjX9PAT79YXVjSntm7XL7ddp09/9UY1xaTBbd/TNx+L6SNf+LoWTZYGj2zVL/bEpdMk6aC2tV+iz/2vr2uyerXtga9p7RNLdMeK04b3HjHxdBcwtEU6PP1q3ptEevYVUSgAAAAAAICxzRyJF3W642/bvqOg7Tr3delId49a57UMuwxNF35WX/3qp/XRsyZrzy8f1ne+/EX9zV2PqKNXko5p6y9eU+uF71dzKlOdvOgPdPrOX2mXJE1u1aJ5k1Pd/2Oad8Zp6u4+4tn7Ql3zyXPUFHP3dcaKj2jRZPvZWOM5utC5owa9+4pFsu/VatFZ8/S77mPDfn+YgHb/V37rFRGeSlL00GtFFAoAAAAAAGBsG5EWqHW11TrvnIXavLVdTz77oi5eviSv7dZv2CRJWvSud5SkHLHaZs27YIXmXbBCGjyirQ98U99/ZKG+/tEG9fVK7Q99Xp9/yLvFQi2UpN439NzDj2jjzoP6XV889ZT/PbgV26u+XilWE1OwqGr9d4HRqdDxVQEAAAAAAMaBEYvrZs+crs1bpfUbNqt1XkteE0o565y/dGHpCxRr1DnnzNPDvziiY2pWTa208ONf141t2at2PHKPNkY/rs9+qU2TY5K2PaDP/ypsx7WqqZUG+wYlhYWoQAU98j67FeqnvlxYK9TqyUOvAwAAAAAAMM6MSBf+NY9u1Np1/ylJ6u3r1133Pqwnn30pcF3vOKkrLlum2266evgF6PqZvvNPG7XzyKD72LGdWr+xQ7OXtGmyJmvRu89QxxM/035nlcEubdu6U4OSotEaqbZWNTFJg/u1cWNHjhez9/Xaxp9oZ6pn/uCxbXpuG930UWJzfj//dR95n3TwPXaImqf49NYiCgUAAAAAADC2VbQF6oneft27ep06dnaqsaFeKy5bprWPblRvX7/WrtuoJ599UYvfNV91tTWSpD37utSxo1OzZzbpL2+9rnQFabpEH3n3T/TQ9/9W+w/2KS4pWjNDrVd8Wp86LzUa6Tk36tO9D+iBL39e3XH7+bOuuVELJc1b8VG1fef7+uLn44qedIauPKdVOhj+crXnfFS3HftXPfS11L4aztAlHyGMQok1tOQ/DqrktkT9+E3SD38w5OqJ+pnDKBwAAAAAAMDYZFiWZVXihTr3deme1et0uLtHZ5w+S6s+fIXuvPuH6u3r1/VXvVd79h3U5q3tWdvV1lRpxWXL8h4nFZiwfrNBeujmsu3+2Ae/pYH5F0mSDMNI/3jvO7e9y1y3cz0GAAAAAABQCR27OnM+X5EWqJ37unTXvQ+rt69fF11wtlZefaHuumdt+r4Tjq68+kJ17uvybds6v6USRQTGvtPfbY9T2l+G4SGqJ2uw5ZzS7xcAAAAAAGCUK3uA6g1PP7Hycp2/dKHWPLpRr+3aq1nN07Xy6gvT69bVVhOYAsWqmSJd9FnpZ3eWfNfH3/0nSlbVi3aiAAAAAABgoin7JFLfWb3OF54+v6VdTz33kmprqvS5W68v98sDE8uyT0qnvrOku0xMb9WJsz5W0n0CAAAAAACMFWUPUI9096ileXo6PL1/zePp8LSutrrcLw9MPB/9nt2VvxSqJ+vt9/+f0uwLAAAAAABgDCr7JFJ33bNWr+3aq5bm6ercfzAdnrbMbCrnywIT24F26XvXDW881OrJOvKH31N8+oLQSaOYRAoAAAAAAIx1Q00iVfYWqCuvvlCzUuFpY0M94SlQCTMWSp9+vOju/PFpZ+jgdf+mwWmtJS4YAAAAAADA2FL2FqgARtim70lP/Z+8WqNaVSfp2Lmf0vEzP+prZUoLVAAAAAAAMF4N1QKVABWYCPqOSrt+Kf12g9TdKR34jdR/TFbVSRqY+g4l6meq97T3aLDlHCWr6kPDUwJUAAAAAAAw3hCgAgj1xu79OcNSAlQAAAAAADDejfgYqAAAAAAAAAAwVhGgAgAAAAAAAEAIAlQAAAAAAAAACEGACgAAAAAAAAAhCFABAAAAAAAAIAQBKgAAAAAAAACEIEAFAAAAAAAAgBAEqAAAAAAAAAAQggAVAAAAAAAAAEIQoAIAAAAAAABAiOhwd9Dd3V2KcgDwaGhoGOkiAAAAAAAAQCUIUAl6AAAAAAAAAIxXdOEHAAAAAAAAgBAEqAAAAAAAAAAQggAVAAAAAAAAAEIQoAIAAAAAAABACAJUAAAAAAAAAAhBgAoAAAAAAAAAIQhQAQAAAAAAACAEASoAAAAAAAAAhIiOdAEAoJIMQ4pETZmmIcNQ6scY6WIBo95bB9/WKdNPHuliAAAAACghy7JkWZJlScmkpUQ8Kcsa6VKNPgSoAMY9w5AiEVNmxFAkQlgKAAAAAIBkNyhy2hRFIoZiMVOJhKVkwlIiQZjqIEAFMK5FIoaiMbvFKQAAAAAAyC2SanwUSRqKDyaVSJCiEqACGJdM0/6fM5MWpwAAAAAAFMw0DVVVR5RMWBocTCqZnLhBasUC1I4dnXryuZe0bfuOvNZvaZ6ui5cv0bKlC8tcMgDjjf1L3mRsUwAAAAAAhsmMGKoyTQ30T9wQtSIB6vNb2nX/msclSY0N9ZrWUJ9z/RN9/ercf1Cr1zyujp2dWrXy8koUE8A4EI2ZisXMkS4GAAAAAADjhmEYqq6JaHAgqXg8OdLFqbiyB6gdOzp1/5rHNat5um5aeblaZjbltd2hIz26Z/Wj2rSlXVMb6rXismVlLimAsc5MDXgNAAAAAABKL1ZlKmnZk0xNJGVPGp589kVJKig8laRpjfX63K3Xq7amSk8++1K5igdgnDAMQ1VVkZEuBgJYlpXXDwAAAABg9Kuqiky4IfPKHqBua9+pWc3T0+Fp574urV23USd6+yXZ3ft/8vPNkqQTvf1aveZxvZwaJ7WutlqL2t6h3r5+de7rKndRAYxhVVWmJtjv71EhnyDUMIy8forZNwAAAACgsgzD/ht8IqnIu62rqU7fXr9hk5589iVt2rJdknT/mse1fsMmnei1Q9JNW9r15DMvptdf/K75qq2pUm1tTSWKCmAMMiOGzAjpaTmFBZn5BKHFyrVvglUAAAAAGDkT7e/wikwi5XX91e9T6/wWLVvaJkm6ddVVkuzWpq3zW3T9Ve9V67yW9PqL2+Zr8d/9adnKMzAQ1z9+/xFJ0p/+0TWqqspdJS++8poeXvef+uvPfEQNU04q6LVefOU1/dMDP9Ef33illpx5RtFlBuDHuKelFxSS5rNutkIvqOH78pYhrMVqrucBAAAAAKUTi5nqTyRGuhgVUfEAdVpjvS5eviR9f3HbfN/z3uckexKqqY1TNK2xvizleWPvm9qTGh7gjb1v6h2nzyrL60jSu955ur5+x6c0qY7WtECpRKOmTJOwrBScADJXYJodlhqSDN/wCf51im8d6m9xav9k7i9XqOp9PwAAAACA0jJNQ9GoqXg8OdJFKbuKB6hPPvui1m/YrNtWXaXW+S2665616u3r1x23f9y33vNb2rX20Y3q7bPHSm1pnq5bV11d0iDVsqRNW3+jcxa1SrJvz587q2zjKFbFoqoqsNUqgNwiUcKx4cgVmgaFpc467nNW6r67jmRkbTvU79XMlzIMIzAw9T7vbhccqmZ2+c98DAAAAAAwPJGooXh8pEtRfhUPUPfsO6jevn6dSAWjh7p71NvbpxO9/aqrtcdK7djRqfvXPK7amipdeel5OnSkR5u3tuve1Y9mBa3DsffAQe14fZ9u+dgHJEnff+gxHTz8tpqmnZxeZ3fnm/rev/5Mbx3s1oxTpvq63ncf/Z3+/tsPaeniBdq2fYe6DnVr0cL5uvKyZXrwR0/o9T0HNHPGdN36ias0feoU7XrjgP7phz/RH3/8SjWcPFl//+2HtGxpm17+9X9r/1uH1DStQZ/86Ps1p+XUkr1HYDwzDNH6tAj5h6Zuy1L7ccsXlFqWFRCMWhlLZ928SpZH2Z1wNTg0tVuqZnflJ0wFAAAAgNIzTSPwb7TxpuIB6k0fvlyXLD9bLTObJElfTgWiTngq2a1UJemO229Mtzid1livn/x8szp2dKp1fotK4YWXf6sZp0xV86nTJElN0xu0bfsOXfrecyRJR48d1/cfekyzZkzXn918rY72/E7ff+hnWft59b/36I9vXKHut4/pvgf/Qzt379dHr71Y06ZO0fcf+pkef/oF3fA/Lgkswy9fbNcffeT9mnxSnX7wb4/pZ0+9oE/d8EFFIozpCAyF86QwYcFhUGjqD0yNVHDp2yr1vLcLfbnKnfm6Yc/7g9OhwlSCVAAAAAAYPjMiJcZ5K9SKpw8nevvV2zfgu3+itz9rndqaal93fWdiqc79XSUpx9Ge43qlfZfOX7pQkYipSMTU+UsX6vkXtutoz3FJ0utvHFBvX7/+8P1/oOlTp2j+3Jn6wCXnZe3rvecv0qwZ0zR/7kw1nzpNv9d6ms4+8x2aPbNJ8+fM1L43D/nes9cHLjlP8+fO1CnTG9S2YK56jh3XwOA4/9QBJWKQnw7JO0u9t8WpfwZ7b0tU9zF/MGl5xiENey3/6znd+fPnru+Wb6jXc8vnPOYOIeANSI2M9xxcHwAAAACAwkyEnqEVb4G65tGN2ry1XZ9YebnOX7pQd979gHr7BvSt/+/T6VaoUxun6LVde32tTZ1WqU6QOlztHbt1oOuwvvODR32PG4b93LKlC/XWoW5FTFNVVbH087U1VVn7ynysaVpD+vbJU07SvjcPhZYjaH8A8kPLwXBDtzYNbmnq74JvtzA1DO+YpMHjjgZ15y82kMxs6ep02/fvN3vyqOAxU/1dSTJbptIqFQAAAACGZyL8/VTxALV1fos693elg9BlS9t0+MhRXxf+FZct07bt/61vfPdhtc5r0aEjR3W4u0eLFs5Ld/0fjoGBuDZvbdeKy87X+ee2+Z57/oXt2ry1Xeec1apTpjVoMB7X8RN9akhN/hTWkhRA5ZkT4Jd0oQoJTr2tNe3V3Raf3s3dYNI/7qk3sHTD2LBjMlSY6g1I/dtljqfjLav7XOb7ddZ1W6Z690OQCgAAAAClMRH+Nq94gHr+0oU6f+nC9P2VV1+Ytc60xnp97tbrtX7DJm1r36nGhnpddMHZWnHZspKU4Y29b6rr8FFdf/X8dDDqWNQ2X8/916/1xt43Nfe0GZpUV6v/+PlmXfvB5Tra8zv99InNJSkDgOGjC78rn+A0syu+E0R6W5p6g1I3lLR8+8oOLJ2xUL0BpfNcvoOJW6mye7vie1u+uq8ZHOg6z3vL7h2KwC1DdktVgyAVAAAAAIo0Ef5cqniA2rmvS9vad+qiC85WXW21Xt6+Q4eP9Oji5Wf71muZ2aTbbrq65K9vWdKmrb/RrBnTNKOpMev5GU2NmjVjmjZt/Y0+/j8u1R995Ap9/6HH9MWvfU9N0xq05KxWbXn51ZKXCwCKZYeIwcGp2+oyO3B0Q1PvNu46bvCZGaZ695MdUNr7cpbJvMPHZDJ73VwtT8MCUqfsQa1T/eGrfKFtZgtV7zKojgEAAAAAKmzqizHKsMo8a8bNt9+tM06fpc/ddr0k6a571uq1XXvTY6DefPvdkqT77r7dt13Hjs70OKi1tdVqndeiRW3zfRNLARieN3bvT0+kk++PpND7zm3vMtftXI/lo7au4v8HNKoEtY7MDk4l79im7qRR/tnrnRap2VeEzFA1uwyZr5/ZerNQYaFlUIjplMkbqHoDX/d5ZT3mtnqVvHUUFKR6389EDVLfOvi2Tpl+8kgXAwAAAMAo1HtibE+I3rGrM+fzFUkfevv607dXXn2hXt6+Q4vb5kuSbl11lQ4fOepb/wf/9rg2b233PbZt+w6t37BJ1199oW8IAACYaHKFe04Q6O/GbgW0xPQ+H/SYN4D1d6t31g0LSpPJzG78Q4ep3vfi3T6snP6Jo/ytZf2tU4Nbz2YOBxA85IA/SKVbPwAAAABMTGUPUBctnKdt7TvVua9LLTOb0j8OJ0h1rN+wSZu3tmtW83StuGyZFrfN16EjPerY2am1jz6t+9c8rtnN00symRQAjDVBrTJthi9wtNezcnY997cqDQtN3a7wmZM5JZNWRsjpbud0kfdOOjXU+3Jbktr7cSa5ckJgwzAyXlNZZfOX0Q1TneEKcpXHWx/OdkGTTdGtHwAAAAAmlrJPwXLx8iWSpHtWr1Pnvq6c657o7deTz76kxgZ7EiknXJ3WWK/zly7UbavsMVHXb9hU3kIDwChjB4xB4anhCQktTxjq3M5upensy3nOG7p613Nfx146LUMzu/77y+PuP+h+rp+wbf3l8Jchu0zZZXHem7ceMvfvryu3/pzxY+069gfITlhb5pFwAAAAAAAjrOwtUFvnt+gTKy/X/Wse153/+180taFe0xqn+NZZ1DZPFy9fos59Xert69fFy+0JpoL21dhQr23tO8tdbAAYNXK1OnWDPu8kS4Zn9np/q0s36zMywsnMQNH7XFL+7utGKrj0t1aVnFapwV37w1t+pm+l1jPSr+GfBMt5f95xSp3XSma1kM1skZrZ9T4s93Trzglfve8xvFs/rVEBAAAAYHyqyBio5y9dqGkN9Xry2Re1rX2nDnf3+J63LEsXL1+iqY1T1NhQr9Z5LTn39fL2HeUuMgCMCuGtTv3jg3q7nntblbrb+faa1XLUG7i6r6P0PtzA1DseaXaXf/+2mV3tc79Pd73gfbktQb2PJz3d891yeENSt+u+N+x035uznRsyuy173WDaWd/frd87aRohKgAAAACMT4ZF30Ngwnpj9/50K7p8fySF3ndue5e5bud6LB+1dRX5P6ARET5RlBtgZoaDwSGpf3zS4JDUGyL6W1xm7iPokpHZ0jMzBHX3k90KNezxoP3l/uy4wXLqGV/I7N3U/3mUpKB9+Nfx1nFQoOqti8zXGC/eOvi2Tpl+8kgXAwAAAMAo1HsiPtJFGJaOXZ05nx+/6QMAjFFhXfb93dazW50Gh55uN//M/bn33W2dMUX9XeW9+w6esClzTFXvRE+23N3mM8cWdcrh3U+uCa2cdZ1JppzX8g9rEFSfStelv8Wudz9DtUalSz8AAAAAjGcEqAAwioR12ZdnkijD8E8o5R8L1NkyqBVocKvQoPve8VOzxw71hq3+8Vi9Ezb5x10durODs74bnvoDY2dfmeFs0PvKDlGzW7sGBanue8nc1t8KN3PIAOd906UfAAAAAMYfAlQAGCVyhaf2faWDu/AxS62AYDQ4OPVOzjTUNlL2OKje8kiW5yczvM0vRPS2YrXfX9L3vD849ZchrMzu/rzbOSGnf7vMgNh+Pbe1r79s3mPhvH9CVAAAAAAYjwhQAWAUyG5RGtQC00oHevYq3gmdsveX/VjQc9ktVbO3yWyZ6Qaldpd5b4tNwxeE2pIaOkS1fOv4u+un9pLM7DKf+X78Y51mvo/sCaiCg1T7saAd+cNh51h4h0oI6tJPiFqoLj32D/+iR7qyn4nWNKjtsgu1avlc1VW+YOXz1hP60tdf0ZtNZ+rOv7pEM4LW+fVa3Xz/3qyHo5Pr1NK2RB+79FzNri97SVM69cy/vKAOTdKyqy5XW7308uq7de92adEnbtdt76pUOQAAAIDKIEAFgBGWT3gaNFFUrlanzva5xj6VLM+Yp9717Oec2/6A0QkRvY+7AWkymQwIKu39hYWI3vfhlN27L+/ressUHqT6y+19HdM05A+CJW9waxjyBcL+gNrfGtUpqxvy+sdndW4TohZv6uw5Or3Rudevzu0HtG3dI/rG4A2646KmkSzayKmp18IFjakAOa5DbxzQ65uf099u/pUu+sxHtPK0SfnvK5/gNtBRbd+2W9tUr5ZLpbaKBbcAAADAyCBABYAREtx1PGi806Au+949udsE7d8O9pK+dYOC0+z9uvvxl8EOTN2AM3uyp1zvdyiZ45t6X8N9TbsM/omjjIz9ZIeozjAEbpCaOZ5sdnns57ytYzPHWDV8xypoXNTMlqnIT8v7rtUt3taMPc/qzq9uUedzL2nXRZfr9BEr2Qiqn6Prb/CHnUdfXqsvPbhXT/3z42r7yrVqi5W7EG267e62cr8IAAAAMGoQoALACMgVntr3/eOL2t3FJW+LyOxZ6IO74zvhqWVJmeOKZrba9L5GZnCbGZh6t/e2uPTvN6wrfO7nglqxBrUwzSyTG6Zmt5T17tcJUu1w098K2CuoZbC/rIbvGOUaFzXs+KAA9Y2aKqnz2FEdTT00eORXenD1Rr2wP6G4IpraulC33HCJTq+VpO265/YN2qZZ+sTNk/T46g69Ga/XNV+8WVdM7tILP/oPPbitW71xZ3iA5frY8vmaktr30R1PaPWadrV3JyRJtc1z9LFVV+ncRvvr04Gn7tMdP+vRqe/7gK7seU6rt/YoLqm+9Uzdli5DXEffeEnrH31RW/afUG9cUrROCz/wQd22vEWlyDqnLL5KH9tyj+7r2K31W46qbVnqHQxmvMeGGVpxw1W64rRJ6S73kqSuV3TH7a9ImqVb775ebT2v64WfP6fHXz6oN/skKaKprWfr1lXLNTvmr9db775eiwNLdVQdT/1Uq39+QIdT73nu0mW65aqzNK3sAS8AAABQWuZIFwAAJqqw8NR+LrMrvdsq1bntf9zyrZNMOut6f/xhZHB46r+fTCYDQ8xkMpm+7+zfv1/D85qZP+m9+X7cIQeMjPfoL7/3tb3lch8Pfi/B7zu7nty6C6pbfz379+ef1Mp9j/7Wp4SoxerTnp9u1jZJmj3Dbn361kZ97e+e1KauSWpdNEdL2+o12PGKvvbPz6YDVtte3X9fhw5Fq3Xq7BlqifbphdX/ovu2divWPEtLF81RW1O/tq97Vlt67C0GX/2xvvTdV9R+bJIWLpqjpW0Niu3frfv+brUee8tfsjef/qlW75mkxYtmae5kqafjFX3zp6+nno2rY8Nz2tRVrdPb5mjpolmaW3tC7et+rAdfLVXd1Ki1rUGS9PrOA6nHuvTYt+33OGWe/bot8QN65Ntr9UyPNLV1jpa21qtWsocFWDRHSxfN1VRJ2rlZ928tlLdfAAAgAElEQVQ5othpc7R00Rwtmh3V4Y4t+saP8i/wnkcf0jd+dkBHG2do6aI5Wjovqs7NG/WTnaV6zwAAAEDl0AIVACosu6WmPzwderxMd/3gQM47Vml2t/rM9TMnZworsxvoZrcONQ1DhhmRaZqpVQy7lE4XfGfTjLeRvY4lGZYSiaSspH3bHULA2+LVW5agVrfuCxqGPdmV3W3ffT/eY+AfpzS4HvzHJHc3fP8xDG6JSlf+oW27/27dnPlgtEHXrFyuKZJe/tlL6lS1lt96s244zX76xJYf6s/WvKLH3liulae5m7W8/8O646Lm1L0uPdYtSbN0/Z9dr3NTjw72HJXq7eefXLdbvarTRbfenN7PiS0P6c/WHNAj617UxbcscXfevFR/f7tdJr3xuG7/drt6du7QAc3VDNXo3FV/pnNjnq9cqQmhXn55h1YtmF+CmpKmTJ4kqVuKx1OvsVGP7Jfqz7tGf/uhufZjvS/orv/5nNY/3am7r75Wt8yzx0DtzRwWYPF1undx1NM6NtXidPur6tACteZRnsPdJyTV6eJPfETXnpJ6sOeoTjBeKgAAAMYgAlQAqKB8w1N/61P/9pm33RafVsbjyaxg1HvbOw6qtyWld5uwoDISico0nE4MniDQbYzpxJdZLUK962avY0iWoYhpevpIpFqeWkklEgk5rVWdbvL28Ab+MgYFws77dYLUoBDVO3FVWKgaNJ6pt9u+3ZU/MyQlRC2GbxKp2notbJuvtnlzNSUmSV16s0uS+vXst+/WsxnbHu7x3puhi5Y3e+43adE59XrkZ3t13199V08uaNHiRQu1rG1uqvt+l3Z1SVKjWj0hbF3rLM3VAb2+/6A6Jbv1pqRTFy1Id/tXTUR1krwvf2L/Jq3+0Svq6Oq3u/Cn9Pb1FVYhORw9dty+EU0NL9Bll6Bn8yO6eXPGyt1HJbWE76y3U8+s2ajHdnSrx1vEvn6dyLM8befNUe323Xr8f39T7fNadMaCs/Se8+YXMFEVAAAAMHoQoAJAhRQWnjqP+bf33na7zdsTGAW1DvWvF5xkZgeNyawQNxqNyHACU6vSoZ/9eqYRkRmNSIbz3hKKx5OSJ7V1xiF13oO9XnbY6cgOOcMe85YnO3h11iFELa2sSaQCRdTS2qJTa/2Ptjb616nLGHdzxkU36962HXpm86+0fecOrX+wQ49EG3T9X9yki09R6fS8oHu+vUWvSTq1dY7aaiUd6dKWPflGkfnoU8f2bknS3Hn+iLK2eZbamjK+7s2bonBH9czqR7R2pxRtmqGlC6olHdeubQd1uIASxRZcq7u//Lpe3tKuLds79cy6dXpqXbWW3fxJrVpQU8CeAAAAgJFHgAoAFVB4eBrW0lTyTo6UPU5o0hfI+VuSesuTDHjMu39LpmkqEkmlTpYR1rO98lIBrqGoYjE7OI7HE6n35H8PUtCEVJYbBsupeycAdevOG8K62wUfI+/ruPsVIWpZNenUJkldCdUvvly3LJ3kPjUY11CzM53oOaq6U+br4qvn62JJenmtbn5wr57Z3qWLT2nS6U3Stq4j6nhDWux04e/Yq9clqXm6WiQdyqeY+zv1miS1Xqw7bjlLMdnDDJQyQD368jo92CGpZo5WLLXD0RlN9ZJ61Dt5vj52wxLVpdeOa9D5+ndKk06V9GbXEb0ppVqHHlDHTkmaoVV/8RGdG5Pd9b/AANUeDmGuzr1ors69SNJbT+ivv/6KNm3eoVUL2ob7lgEAAICKIkAFgDILnp1+6PDUmaTIv47T0tRu5ehtJerdn791avA+3fW9+zAUjUbtgNHS6AlNw1iGJEPRiCnDsJS0LMXjcWUH0EZ6cidv0OzmlplDDVhZty3LyHous7u/+zpOUBoWoooQtQQWv/9stWx/Se1r7tOXXm5RS600eKRL2/dM0aq/T4V/gV7V2n/4qV5Qg1oXTFGd4jq0c68kaWpjvaQaXXzVHD123249de99erOtUXXxo6lWnvW65qolQ+WzrnlztFC71d7xnL62eodO1dF0a9Gi9OzW2n/5cSoQjevQGwf0enfCHhv21qvU5hTsXRfqmuZ/0SMd/6nb/6FDi5urpfhxdbx6UC0rb9OfL66R1KK22dK2PXv14Lf+Q4eXt+j0ea1a1Cpt6TigB7+9VtuapEM7U8Fx3o7omftWa21XneYuaNK0qHRi/24dljS1IVfrVwAAAGB0ModeBQBQrKBgLLMr+VDhqbuOd/Z3OwR01s0cz9QZJ1TyziqfHea6gawUi8YUi8ZkyBz9wWkAyzJkyEy/j8xANGicV7denH34605y689+Pumry8zj6w2v3aA7+Jh7DTWJF0KccqG+8MWLtXx2tQ517NaWbbu1vatabVedO8RER/N15Yda1VLfo45tu7Vl2151DjZo0bXX6bbFdvfy2IJr9bd/cqYWTj6u9m27tWV7twab5+jmL67SFYV08Y8t0S2fOVMLJ/erc/tuvfzGJF1z1azi33Nfj10ep9zxas097wJ96Ys36YqZ3v8Xb9IVn7lBN583XVOOHLDXf/WIpixYqivmOes16j2rPqDlzRGd2NOhtQ++qqP1NTr3hmt0TWudBvfv1ZbtRzTlA2drUUGFbNTSq5ZqUVNCndvtsrYfqdPcCz6gL1ydY+xVAAAAYJQyLP5iAyasN3bvT7eAy/dHUuh957Z3met2rsfyUVs3+hvRh8327nbBT6/p2SaolagT6tld//1Bnf95t0u6t+t/9tiodmtJQ7FoVJZGURf9EnFagg7GB31d+70fN2+rUO9n1w09Ld/n29mvfT/4eWcf/oeM9LbOsc9seTraW6G+dfBtnTL95JEuBgAAAIBRqPdEfOiVRrGOXZ05nx/96QMAjFFB4566wWVmS8XMVpD+/fjD0+yJkIJbsCp9OzOglaRYLCpZZtZYqOOF/b4MRSNVkiwNDA546t3whcwBW2fsx99NX3Im7soea9Xexruesz937FrvZ4Gu/AAAAAAwuo2aAPXQkR5J0rTG+hEuCQAMX/ikUW4IGhRqhoWndvDmhKeW5znvzO/+7YPHXpUiZlSRSKTkwalhSIZpyDQMGaZkGoZkuMFiZi7oe8+WlLQsWUmny7xV4vIZqq6qVjwRVyKRUNgEUEGBqhOUJpOWZxzVzCA8OER1W7O661iWkd6nG6wSogIAAADAaDXiAWrHjk6tXvO4DnfbAerUhnqtWnm5WuczRhaAsSk8PJXcMTH9rUTddf333SDRmTTKyljXP5lU5lia/q7rVqo1ZuaEScUxTUNmxFAktSyUkxE6dWUqex/JhKVE0lIikVRqyNeiWZYbHg8ODnhLkno+qFLs+nVue8NO76RRmSFq9tioqVcyvN34rcD9EqICAAAAwOgyogFq574u3bN6nRa1zdcly8+WJD3x7Eu6Z/U63XH7x2mNCmBc8I516m2VGJTX+cdJ9bZydEPYzBaoUlJuKGoFBqgRMyLTHP6v/EjEUCRqKlJEYFoMM2KHs7GYPedhImEpEU8qkRhGAmwZikWrlUwmFE/E5W2NGjSZk13/bhDuDzitVItSKbM7f1DXfm83fm9I6h8PFwAAAAAwmpgj+eJPPPuSWpqn66YPX66WmU1qmdlk326ervUbNo1k0QCgKLkmjZLcCYqCtvPezh7zNLj7vrf1oneWeW9AG4vFhhWeRqKGqqsjqq2Lqqo6UrHwNLAsEUNVqbJUV0cUiRZfFtOMqCpW5XvMP3astwWw/1i4z4cfC3ef3gPuHh/3c+L/rEjBQS4AAAAAYGRUrAXqid5+PfXcSzp05Kha57Vo2dKFOnzkaGBX/db5LerYYc9+9fyWdr22s1PTGqfoogvOVl1tdaWKDAAFKXTSKHdMVPm2yRwrNbPbflhglxm6maYUjVR5uqAXJhYzFY2N6P+z5WRGDFVFIlKVFB9ManCwmD7+hqqrqjQwOOAZq9TzbFZLUrc1sLclqvc4u8c0qCu/dxxV79iwTCoFAAAAAKNVRQLUE739uvPuH8qSNLt5ulaveVx79nVpauOU9ORRXp2p59Y8ulGbtmxX67wW/WJHp55/YbvuuP3jww5Re/sG9K37fqydu/enHzMMQ3Nnn6obr79MzadMVffR3+nvv/2QrrvqvVpy5hl68ZXX9OP/eFZ/8cfXZQ0tYFnSj/7jGe3cvV9/dvO1qq2pynxJABOQd2xM7xiZkjtDvPtc+hlfi9Vc4WnQuJvOOnaX/UhR4eloD06DRFNlLiZItSxDsViVEom4Egl328wA0w1Sc4eo7jHxvoblCUrDJpWiKz8AAAAAjEYV+Qt505btsiR9+faP67abrtYnVl6up557SecvXajNW9v15LMvpdd98tkXta19p85fulBPPfeSVn34Ct1209X68u0fl5XaV6lc+t5z9PU7PqWv3/Ep/d0X/kgNUybru/ev19FjxwPXP3j4qDZvbc96/K2DR/RfL/22ZOUCMPbk6rqfGZ75u4j7b/sD0qHCU++27k80GlUkEpUCJmXKJRo1VVsXHXPhqVc0lnoP0QLfg2UoGokpFnP/XzGzXt3HpVytg73Hx79O5m3JnYTK+1mhKz8AAAAAjCYVa4E6qbY63XJ0WoPdgrNlZpM+sfJyrX30aa1dt1GSVFtTpU+svFxTG6dIkupq7G3qUtuf6O0vWblqqqvUMOWk9P0PXnqevvnPP9KevV2a1Tw9cJvNW9t13jkL061QLUt67r9+raM9xzUtVWYAE0/urvvuuKeZLQzDu2gbsqykZ8zU8PDUu4xGozIUKagVo2na44qOp57isSpT0aip/oG4rDwbpFqWZCiiWEwaHIx7utpnThwlua2H3SEX3ImhzPR2mUM0eI+1u3+ltw/ryg8AAAAAGDkVCVAXt83XT36+WT/5+Wa1zmvR2nUbNat5uupqqzW7ebo+9qFLdfDw25Kk6VNP1oymBk1rrNes5ulau26jVl79PnXs7NTe/Qd126qry1bOWDQiSUokEoHPN586VZIdol556XmSpIOH39av2nfqHafPUjJZzPh7AMa6oGAsrOt+agtlBmve1qjOdm7rQ2f9pLxdxDPD01gsJlmFtbx0gsbxyDClmpqo4vGkBgfy//1sKKKqKkODg4PpxzJDVPeYW7I7c/iPmf0ZcI9VNn93f/s1wrvyMxYqAAAAAIycigSoLTObdOuqq7Tm0Y1av2GTFi2cp+uvfp++ce/D6tjZGbhN67wW3fThK7Tm35/WXfeuVWNDvW5ddVXW+KOlEk8k9MsXfyPTNNV86rTAdWprqvXeZYv00yd/mW6F+tx/vaIZTY1qnjEtPfEVgIkjbOIoZ5xLJ0gL6gLu5040ldnVO7WVZ9/ZM7xXVVXJSuYfsJmmoerqSKG9/MekaNRUJGJqoD+hZDLPprmWqaqYPblU+qHA8VC9gbbkHlcjffwzKzmoS77d0tR53tkPE0oBAAAAwGhQsS78e/cf1B+c25Z+7N7Vj8qSdMdf3KCWmU2+9Tv3dekHax7X6n97TIvf9Q4teMdsSdLe/QfVOq9l2JNIOdZv2KT1Gzal79fV1mjVysvUNO1kdR/9XeA27zxjtn754m+0eWu7fv/sd+rlX+/QjdddqlcJTwFIcrtz+7vaB00OFDSmqTeYs8M+/zr+8VWdlqeFhafRqKlY1fhsdRrGMKTqmogGB5KKx/NrjepMLjWYEaLa+8scm9Q95qaZ2YXfDVWdiacyy2av778f3noVAAAAAFBJZQ9QO/d16a57H1ZtbXV67NMTfXag+pd/cl1WeCrZLVZXXLZM965ep9oaNyw91N2jJ555UZ+7NXi7Ql363nN08fIlkqRoJKKTJtUOOQZgVSymiy44Ww+v/0/tf/OQmk+dptNPayZABSag8Imj7OAzO2Rzu+7nmhgo8zlvd/HMfcaiUcnKPzytqo4oEpm4rRhjVaZM09DAQPBQLVksQ5FIVIlE3P9wxnio7n3/8QlqMerf1h+yusfXacFKK1QAAAAAGGllD1DXb9ik1nmzdNtN7tilHTs69Y3vPpxzO2fyqBWXLVPr/Jb04/f84FGt37DJt79iZU4ila93njFbp05vUHvHbv35LR9SJDKxWnIBCBI2cZQbqGV28c4ey1S+9fwTT2V33Y9EopIieZewuiYi0yR8i0QNVZsR9fflF6KaRkQypXgi7pkoKjMczz6+ppk7TM3c3p0wLHtCqYnkrYNvj3QRAAAAgHHllOknj3QRxryyB6jb2nfq1lVXlWx/y85t072r15Vsf8WIRiK67qoLdfDw2zpt1ikjWhYAIyO49akUPHFU0KRR3nWdGd29EwjZk0Zld/G370ciETvYy1NNbXTIFvYTiWkaqqmJqq8vPvTKkkwzooisrEkG3UBVckNxbxd+pUJrb5hq+IJYW3YY6zzlXXcitELlyx0AAACA0aYiY6DW1ZRmzNJS72s4pk+doulTp4x0MQCMCt6Wgu4M7N7ALLO1qX/29ezb/saJ3oDVDtEiZjRrTNXAkhlSdQ3haRDDtIPl/r54XnUZjURlWUnfRFSZXfezA1V/GJraKuP1nAmjUuXyTCg1UVuhAgAAAMBoUpEAdbSpranSX//ph3Ou0zDlJP3Dl25J319y5hlacuYZoetfeel5uvLS80pWRgCjV76tT70TR2UHdIYsK+l7PGwdf2tDS7FoFeFpiTh11NcXH3LOJsuSYtGY+gcGPCFp1h4967tjmXonn8oMQzNbm3pbJhuG97M0cVqhAgAAAMBowuCdADAs/haC7tiVmWNihrUuzRzf1J2Iyl3fM2lULJbq3j80wtP8GIZUU5Pf/ydalqGqqpiyu9xbWT/eCcMyj6UbrPtbJLufG1qhAgAAAMBoUfYWqLU1Vdq0td3XUqZz/8H0MqwFTdg6m7a2q7amqowlBoDcCmt9mj3ZkLOt08I0+/HMde39RiKmZOX3/141hKcFsVui5jmxlGUqGokqnkj4Whln1ndwK9Hg1qPFtEIFAAAAAFSGYQX9tV5Cz29p19pHn1Zv30BJ9ldbU6Xrr36fzl+6sCT7AyayN3bvT4cx+f5ICr3v3PYuc93O9Vg+ausqPwpJZvd9m3eM08xWhUZW60N3DE0rfdudWEq+dZ3Wi4Zh5N11v7omkpq4CIVKJiz19w8dohqGNDA44Pk8WIHngbOuc9+ZUMq9nXnOeFsz+1uhuuG8P8CvlLcOvs0ETwAAAAAC9Z7Ib4Le0apjV2fO58uePpy/dCFhJ4BxxztplDvBky2o9anbtdu7D+++3O0yx0aVpGg0lld4GqsyCU+HwYwYilWZGhxI5lzPsqRoNKrBwYGMx91w3DBM3+NOa2Un80wmLZmm4XnO8oSp9j68x9wdHoLxTwEAAACgkhgDFQDylBlceWdat5fesU+zebcNavyfTPpDVud2JBKR8hj3NBIxFI3ya324olFTkcjQ9W3IVCQSSR9zb+tj53b48A1hvGOkGukf57PmzU2d0BUAAAAAUF78pQ0ABXLHL3UnDHJaDHoDrvCu+951/OsGvJpMIzJkmQxDqqoeej3kp6o6ktcYshHT25Ejd5jpH97B5h3CwVnH3Zf944x96p2ciuAUAAAAACqHABUA8pTd+tTbrdq7lNyWhOEtEO3wLDgIczaLRmPKZ/b16jxnkUf+8qtTQ7FYLCM496/hHfPWXcfKWj977Fz5lv7PnHObrvwAAAAAMFy5hsIzTYMAFQDykRmEumOgegMttwVqZoiWfd8fpgWFaIZhKJ9f07EqM6/WkiiMYUix2ND17xwjt9t9dnieORZuLs7TTqtm97a9/+DPIgAAAACgWFWxWM7nCFABoADe4NQJPjNbE2Z23ffnW1ZGS8PwsDUaGboFpGGIcU/LKBrLL5y2Wwq7LYrzC9Cz1/cHrem1Az5rdOMHAAAAgFKZenJ9zuf4qxsA8hDefV9yx0OVvK0PnVnX7ftJSVbgOKiOzNan+Yyywrin5ZdPHRsyZRhmzlaomTLHO7Usd2Io+/g7oamzz6DPHt34AQAAAGC4TppUq1mnTlNtdZVMw5RpmKqtrtKsU6fppEm1YtA8ABiCG2i5952QzJngx1m6jxu+QNXezr/PzPvedfJpfRqNmjnHaUFpmKahSNRQIp67xWcsGtXA4ED6vh2IZofp7ucjcxgIS5ZlZIWo/qUU1o2fIBUAAAAAijeprlaT6moDn6MFKgDkyRt4ua0DMyf88bY89AZnTlDmhmCePftu59X61LDHPkVlVFXl09LXVNBEYtm3Mz8LSrc+9Q7xEPTZ8ofydOMHAAAAgErgr28AGEJQ933Ps1ljmnoF5VtBXbftx+3ALBIZOqzLZ3IjlFY+gXU0GlVQwOkGn8FjpGY+lj1Orje8T+2dbvwAAAAAUBH8BQ4ABQjqdu3Olm4ErOuEpO5PZpDmhF/prtp5/Gpm4qjKy6fOTcPbCtXyHdvs4Dz7M+EEp/6WylbGZ02i9SkAAAAAVA5/gQNADv6Qykg/5gZfYd33lbVd9r6z7zsBXC5RWp+OmKHr3pBpGqmxT5XRuji45amznVfubvyW5zOWOTYvAAAAAKDU+CscAPLgTBQlOS1PDQWNY5oZuAaFpM6PM1mQd2xL06T7/miWT92bZjQ9gVTmEA1OS1TvZ8DhHSvXu372+KmG77NIcAoAAAAA5cVf4QCQQ/bYkt7u+5LbHd/bDd9pjervqu2s7wZrQZMM5f61HIkw1uVIG+oYmIbTUtl5xD3O7uRi9uPh3fiNdMDuBqZO935nb5ljovLZAAAAAIByIEAFgBCZLfuyW/oFTRbkBGSGr0VhZrjl7Mo71qVpRgImqfJj7NORFxnyGBiKRMx0N/7Mz0Dmx8j7GXBbpVq+z1RQGOs8l+s+AAAAAGD4oiNdAAAYG7yhVnZw6oRlhmEomfROFJU5E7uR7pqdTCY9j1uK5NF936QF6ojLpxWwaUaUSCQ9LU3drvimaXqGcJAyW5Y6nxPTNLIed1ulyvMcnwkAAAAAKCeaMgHAEIIDK//4p/5xLrPDUmc9b7dtd4Z2Z+e5y0Hr09FjqGNhTwbmbWnsLN1xb92QXb4Wy874qf7gPXwcVHsdWp4CAAAAQLnw1zgA5MEbVnnHP81uAegNTa2sVoVhXbQNw5Cs3AlqJEpLw9FiqGPhnSDKnjAqfIgHf8hqecJT/+fKG6oGfx4BAAAAAOUwol34T/T26yc/36TnX2hXb1+/JKm2plrnn7tQV166THW11SNZPAATnH+GdCfQcieDsh9XxjqS223f8LQ2dVun2l38jdTtpCRD0cjQv46dLt0Yefkci4hpKp6IpycWk7yhqpXahyX/ZFGZIbs/iHUnk/KOm+ptIc1nBAAAAABKbUQD1DWPbtTmre2a1TxddTV2WHqir19PPvuSjp/o100fvnwkiwcAPt7Wg9mPe8endAPTocY/9YZnueQz7iYqy4wYSibCu86bkYiUSKTuBY2DaskwzHQw6gTsTnjqBKqSp5WyR1BrVAAAAABA6Y1ogOqEp1++/eO+x7969w+1eWs7ASqAEeMPrLwtT+VrXSq5E0jZz0neFqiZLU+zw1Z57oeXh8mjRp+ImTtANeRvOZo5DqrN8kwWZbdU9U4w5W4jz778nx3n1RxBYSsAAAAAoHgjOgbqooXztOKyZVmPr7hsmRYtnDcCJQKAcPlOIOV2788c59QbhHnHxMwdnv7/7N17eFXVnT/+997nJCcnQIBIAEmCCAGEAHK3gFJRELygeEXFW52qLX7b6Xccv51OW2fGmf7GGWufb9uv1E474qWiaLVyUUGoKAiMcpUQMRAUDImQQIAASc5tr98fO/vstS/nkpNzkpC8X8/Dc87Zl7UvZxOevPmstQB23++MEoXa1smfFNt3boaq8nL789KaiaSIiIiIiIgoMxTBqXuJuq3Dh2qgKEqr/gCI+dl4L7/Gex9vWTL8uZkrojeq+Oxjn9rDUusEQYAQWnS9sUwf8zRWUKZfv9eTFfd8MnmtlLqmxnDc9eFIEJqmRatL5SpU+98VVbWu119VxzLr+ugSyOOpZqIC9VjdKQwo6JP2domIiIiI6PyX6Hej8127/kZeVV2L3eUHU9p3fOkwFBf2T/MZERElJnfRN967z5Qud+23d/GXJ5CCZRxUj8cT9/isPu28FBVoyczd1ysq5InHhNDHPwWcE0npy+Tu++ZYqCbhEp5an1EiIiIiIiJKr3YJUBubAliydAUqDlal3MbKtVswclgxFn/nJuT6fW06n6bmIH79hzdROnII5l8zrU1tEVF3IY+D6kyq3MZDNZbbu2UbIarZZvyAlN20Oy9VURBxeR4MHlVFJDqRFCAH66qq2Cqd7VWm+qt7Ran83PABISIiIiIiyqSMB6iNTQH8cslyVNXUYXzpMIwfOxz9+ua1qo3jJxuwu+wAdpcfxC+XLMffL17Y5hCViCgeObByVppGt3JM5iOPXWmucwu/pGrWRAEqK1A7LUVVgDgTScFSWWoPw50BqDlWrrMrfryu+fYJyYiIiIiIiCh9Mh6grt+4A1U1dZh/zTTXCaOSMRLAjCmleP7VNdi6vRzrN+5IuS0iokzQu+RbJ4aSKwitVaiKLfCK3/1aZSDWaSX6amKtlgNS49UMPuV1HMKBiIiIiIioo2U8QN28rRz+nOy0BJ53LpiFrdvLsWVbeUYD1HAkgvc3bMf7H21HY1MAl44eikW3zUafvJ44VncSb6z6CPv2H0YoHMbFgy/EI/fegLy8HliydAW8Xi8eufcGeDz6GHdvvrMRh74+ih/8zS2oPFSNV//yAY7V1aN/v764+5arMXrERRm7DiJKHz3wdKaczvDTGnYZ+8ld962zsSuOfRzHUFM+bcqwxOGmPExDvKpSIY17Crg9F/aw1h7CExERERERUWZk/Nfy+pMNKB5kTv50vL4Bx+sbHNs9/exy/HLJ63HbyvX7MGJoEU6cdO6fTh9u/gzrNu7Afbdfg6WWgvQAACAASURBVKd++l34fNlY9tYHiEQ0nGtsxpDiAfjnxx/Av/74QXhUFW++swke1YPJl47El4drcLz+NACg4Wwjdu89iGmTS3Hs+En897J3MW70UDz104cwb9YUvPzGOtQeP5XRayGiTFAcFaNG12v5s2Mvl5DL2tU/xtGYjnVaiYZfiG6nWJ8JeczcRMGoc5gI/chERERERETUPtq9rmnpq+/hl0uWO5ZX1dTi6+pjrvtUVJqTTxUX9kfRoIKMnV8gEMLOsgOYNnk0Jo4bjvy+eZh31VQcP3EKpxvOYuhFF+KGOdNQcEFvDCjoi1EjLsKJkw1oDgRROnIIcnzZ+Kz8IADgq8PfQFUUlI4cgrJ9X6J3Xk9cd/VlyO+bh6kTR6F/vz44VHU0Y9dCRO1BcQ3G7O9j7QswID2vtfqri79D/GeJzwkREREREVFHyHgXfrtcvw/7v9SrUPvlm5NJPfHY/a7bV1RW4Ze/ex0P3DkPM6aU4s4FszJ6fs3BIE6dPot1Xx7Buo92RJf7c7JxquEcmoMhLH97A76ursXZc00AgGFDBgEAeuf1wISxJdhZdgAzpo7B5m3lGDpkEPJ69cCxupOoqq7Fj37+rOV4JRcXZvR6iKitjC7YxvsEW8cYz9SsGtSc2ydxBnT+c+bkAoAanWAq8faOLRJ8JiIiIiIionRo9wB1/Njh2F1+EC+8tgaLv3MTcv0+ALCEqcfrG5Dr9+FE/Wms37QTALB1WzkGDyrABfm90dgUsGyfTjnZ2ejTuyfGjR6KubOmRJerioKcnGz818urceZcE3708K3I69UD6zfuwMFDNdHtpo6/BJ/u/AKf7NyHw0eO4bt3XwtFAQYU9MXgwv747qLrkJPjM4/ny87IdRBR6txmO3cPRs1xK61d8RNFoo5m4mMu1mklCjmNR8LtmUqwJ+Qv3pxsCrA/ECxgJiIiIiIiyqx2D1BnTClFRWUVtm4vx5PPvIQJY0uQ68+BP8eH6VNKkev34clnXoTxC2JTcwAAUHGwCk/+6mX4W8LH3/zif7X5XJoDQZw8fTb6WVUU9OiRg4ljh2Pdxh0YNXwwBhcNQMOZc6iorMKsyycgx5eNLK8HOb5snKg/jZ179qN3Xs9oG4MG9sNFxQPx9nubcVFRf1xUNBAAMHbUUHy45TNs212By6eOQUQT2LX3ACaMGQ5/DkNUoq7KrDyVq1hbGbBSN6C4VqK2Pnht235ERERERETk1O4BKgA8eNc89MvPw/qNO7B+487o8uJBBRhZUoyFC67CC6+tAQD8/ffvwMiSYlRV1+LpJcvR1BzAA3fOS8t5vP/hdrz/4fboZ39ONn708G24csalCAZDWPraGpxrbEafvJ6Y8+1JUBTg1uuvwO9fXo2f/8fzuKhoIEaWDMbR2vpoGx6PihlTSlH2+ZeYNrkU2dne6LU9sHAuXv3LB1i9biuyvF5MHDcCUydckpZrIaLOxagUdJ9Myn05dTfOgJOhJxERERERUeejiAz/Fv/QY89gxNAiPP7oQtf1VdW1aGwKINfvQ3Fhf8t+40uH4dEHF0SXPf/qGmzdXo4n/u5ey7ZElJrDh2qgKEqr/gCI+dl4L7/Gex9vWTL8uZn5PyC5ek//CSmk9+Y2Rhd+47Px49R8BTTNvkxI2+ttZ3nNYT3cZOo6KT2aGsNx1wdDzQCM51yJVpm6/b1RVeMzYvz9Qksb8t+p6Lvo+0xUoB6rO4UBBX3S2iYREREREXUNiX4vOt+1y2/lRjd8N/GC0BMnG6yf608DAPz+nPScGBFRhsT7rylWn5LOOs4pwK73REREREREnZGa6QOMLx2Gqpo6VFXXJr3P088uBwBU1dRh+YoN2H/wCFa9vxX7vzwCANHu/UREnZk56Y8cmDI87UoSZuFJZ6ECbrlpqmEqQ1giIiIiIqL0yXiAOnvmJADAs0tXtCpEnTa5FEWDCrB+4048vWQ5Vq7dgqJBBZg2uZTVW0SUUW7hk/uPHcUynqm5X+vCKyXBT2JjGADqfJL996j1gWasytRkn00iIiIiIiJKl4yPgQoAm7eVR6tGL+ibh375vV23m3/NNIwsKbYsW79xB5av+BDTJpfiwbvSM3kUEek4Bmpixjil8lio9smhNE2T3stjnLqPeyqPkSqEgM/ngzCbcMj2eeDxsKKwM4pEBIKBSMz1igoEAs0tQbvxd6VlXct7t7879jFR9fdm0q6vN59Huc1M4RioREREREQUC8dATYMZU0rRr28e1m/cgd3lBx1jmxqK9hY4AtSRw4qR3zcPM6aUtsepEhHZJPo/JuGoQnV7H7dt4RwL07JVgvXUcRL/H6R9ArL432X8/3jgc0BERERERNQR2qUClYg6J1agJiZXi9rDVGt1qrX61HiVK1HlrvjmcgXZWdlxu2FnZanwZmV8xBVKQSikIRyKUz6sCASDARjDPRiBu/zMG1Wmbn+vrOsBudpUOggrUImIiIiIqEN19QpU/kZORJQEe7hlcAafAnLQaoxbaXTftrepB7BxAjhwDNTOTCT4bqzVw8L1GdCfIfuzZX2O9Lasbcd6JomIiIiIiCi9GKASEaWBPsmP/t4MRgXsE0y5devXEnQEYIDaeSX6bmKtNyeFMp8N83mR1yU/URURERERERFlBgNUIiIXcmgVu8Iv2YpCYftjHEN/lSehcj8XhmidkTEpWDyRiD7BlPEoWLd3PhfJVCy7kbfls0JERERERJReDFCJiJIih1Kxx3GN1c3aeG/OxG6GYYm68Lu1Sx0vue/E/t2aY6DKIWm84SHcA3x7d38iIiIiIiLKFAaoREQJyEGZ8d6tQlAPtYyu/MJWdWgNzMwu3PIEQbGxG3/no0Xifyfmd2psZwSnZrWp/GyY+5jPkD2sN/dxfy6JiIiIiIgo/RigEhGlwAyy5ORK7tKvRLveO0MxWPYxgtd4IgnCOmp/ib4Tsyu9EZQ7v3v52TCHBJDHRrU+X+7BPaTtiYiIiIiIKN0YoBIRxWEdWxJwzo6uWKpH7QGYvfu+vVu2EZJFEoyDqkUEx7bsRIQQCauCI1oEZgWp26RRiNON397FH4Cj237iMViJiIiIiIio7RigEhG5sFbzCZd19i76RgAGyJWFRuhpjn1qhKnCsm8kEk54TgzLOo8khq2Nfqf258QYvsF8FszlbkNAyPua6+zVpslMekZERERERESpYIBKRJQkt4l+jOWAtcu2UYlqrSAU0fDUaEuuLEyUe7Ebf+eR6LtwH//UfIbMMXDNoNQYE1euYpbHS3Uew/15JCIiIiIiovRigEpEFIPcZV4ej9LaTR+2bZwTSdknCzLaMtvXu2JrCUpMI2GN3fg7ASEEwuH4JaiipUTVPlauWWXqfCbcJpCSA1LzrSJVI1urUfl8EBERERERpR8DVCKiJLjnUrEnkoo3u7oeclnHR1UUQNPid+MXIrmu45RZyXwH4UgYZjhqH/PWqEAFnENBWEN26aiW4N5yPsxMiYiIiIiIMooBKhFRAq2ZSMoIT+1d9o3tjODUbRxULcFEUgASVj5S5iXzHRgTTMUe/9SoVlYsy82QvXUTSLErPxERERERUeYwQCUiSoo5FqUZgDknkjIqC82ATN4HkKtQ3cZBhZKgG39EsJt2BxJCJBz/VO++L08C5Tb+KaLbWMcyNZ8Je8Auh/LWffg8EBERERERZRIDVCKiGOxVfc4qP7NCMF4XbcA5NqUZvJrjoAJAKBRKeF7hMAOzjpLMvQ+FQ7CPUwrIE0JZt5efgXhDPOjiP5OsRCUiIiIiIko/BqhERHE4qz2tVYH2cVDlSYLsXfbts6xbwy6zmjBRBhYOcTKpjiCEQDgUv/u+HJq7hZ5uz4C9S3+sScbM7v7RM3KcHxEREREREaWftyMP3tgUwJZt5diybS+qauoAAMWDCjB9yhhMn1KKXL+vI0+PiCjKnBgKlsDUDMeMLv2KS0WhsZ81HNU0YemGLYTS0kU8AlX1xD2fcFggK4vVhu0pmerTiBYBAMs4ptbxcQVUVZG2EVKlKaA/V3I1MwDH+KeAEIrlGERERERERJQ5HRagVlXX4uklrwMQmD5lDObPnQ4AqKiswsq1m7Fy7RY8vvgOFBf276hTJCKyMcdBjS4R1jFN5VedAkCzBKkG+zKj2XAkjOxEAWpIg9drr2KlTEmm+hQAwuEwjApTfWgHfbk1JHU9ApyVqohWo1pfASOwdw9ciYiIiIiIKJ06pAu/EZ6OH1OCp372MO5cMAuNTQE0NgVw54JZeOpnD2P8mBI8veR1VFXXdsQpEhEBiDXGpNyNX5G6V9vHOZXDLmdXbX0bebIgs+u3QBJhXYhdtttLMvdaIAIj1DQmBpO/W2uX/njd962tys+Y3H2fgSkREREREVH76JAA9bW3N6B4UAEevGtetJv+lk/3YsunewEAuX4fHrxrHooHFWD5ig874hSJiKLksSWdw0zaqwKt3DIuZ5BmLDfbSW4yKQ1aghnhqe00TSAcThxoB4P65FHW8WzlylNrcG7nnodaK1Fl8rPI8U+JiIiIiIgyp90D1OP1Ddj/5RHc2NJlP54b505HxcEqHK9vaIczIyKKzxpiKS1dtI2u1YA1MDMmCzLXAdYZ16WWbe+NYQGSCe0iDM8ySAiBYCCSeDtEpGfAWOo2SZi+jdG28dmsRFbg7L5vbKNIQay5jIiIiIiIiDKr3QPU3XsPwJ+TjZElxY51Tc0B7D94JPpnZEkx/DnZ2L33QHufJhFRVCrd+PUwzBif0r3qMP4YmQpC4cRVqEIAEVahZkwkLFyqjp2s1afW71L+bs3Q3TrBlFyNbA3Zk+u+zyCViIiIiIgoc9p9EqnGpgCKB7lPDFVVU4enlyyPfv7DM4+heFB/NDYF0nb8puYgfv2HN3HwUI3r+vw+vfCjR27Hi8vXAAD+9qFb4c/JTtvxiej8JM+WHrsbv4AQ5mQ/5gRTgBGqqaq5v2XMU2HO0i5XoWoiDFWJ/6M6FNSgqkp0dndKD00TCCUxcZSmRSxVoslM7CSHp4qitrxanzN5eAc5TLVPPmbdh4iIiIiIiNKt3QPUXL8PVTV1juXGRFJ2VTW1mD51TNqOn+PLxqPfWYBwRO+S+cqb63G64Rz+5u5r4fNlQ1UV9MzNxaPfWRDdnojIYIacgB5wyVWC5liXRqhlduG3hqPG/vZxLY02jNA1HI4gOyvxj+pgIAJfjodBWpok23UfAELhkG0cXLkbf8vSOOObyutjVadaK1WNiar4XRMREREREbWHdg9Qx48ZjuUrPkRFZZWlG39xobMqtaKyCk3NQYwc5uzunypFAXr19Ec/Z2d54fGo6J3X01JpKm9DROTWZdqcYT261FFVam5v/yxva1SvulehhiNBeD3x/zNHCL0SNdvnSf0iKSoY1JLruh8KJqw+lbvty2OcGmKFrcbzYL43jyOPe8sglYiIiIiIKLPaPUDtl5+HEUOLsHzFBjzx2H1xt31txQaMGFqEfvl57XR2pv96eTUA4OF7b8Cq97fis/KDKBpUgE927EN2dhYeWHgNTpxswIo1WxAOR3Dj3OmYd9VUKArQHAjiz6s3Yuu2cmiawIypY3Db/JmsZiU6z7l149dfY3XZN5fbAy8hBFRVgabp+9vJgaumCcArABE/KItE9Nnivd52H966SwmHNWhJjCsrII9za4qdZ8rd9p0bWatYnYGpEIojiGf3fSIiIiIioszrkN+yv3PXtThefxrPLl3h2m2/sSmAZ5euwIn60/jOXdd2wBk6HampQ+HAfvjFTx7E6BGD8dxLq1B5qAZPPHYfbpw7Hes2bkf10eMQAvjzqo0o/+Ir/O9HbsM/P34/ao4exzvr/6ejL4GI0kSeRErvau020Y+9O3b8MUpjh2B6aBYMBpM6t1BQQySSeNxOcheJCISCyd2/UCgIo0rYGKbBjXslqs54JuRnxSA/U8YzZDx7DE2JiIiIiIjaT7tXoAJ6Ferjixfi/y1dgX/4tz9gxtTS6MRSVTW12PxpOfx+Hx5fvLBDqk/dDLqwH6ZPKUWP3BxMHj8Sn+8/jGuvmoqCC3pj7OiheP+j7ThWV49ePfwor/gK18+ZhpKLCwEA1159Gd776ydoag7An+Pr4CsholSZVabW8S51Ztd9wG2iKQVCmMGcs2JVD9OMila37tuhcAhZ3qyE5xkMaPDlcFKp1tIirRn3VA9PZXKIaoSlbjmnNSR1D0Otk0cZ7RqTlMXfl4iIiIiIiNKrQwJUQB/z9J8euw9btu3FrrJKrN+4EwAwYmgRbpw7DdOnjEGuv/OEjdlZXqiqWbCb48tGXq8eAIAeuTnRSV5OnzmHpuYgXly+Fi8uXxvdPr9PLzQHQgxQiboI52RS+jshIC13TiSlKC1d8mEN3PQu2kbbKozgTD6GEBoEIlCQeJzTQLM+qRRD1ORomkAgyfBUiIg0Ti0gB+n2SlIj/JarUA3u1afmpGT2iaQ4eRQREREREVHH6LAAFQBy/T7MnjkJs2dO6sjTSKvevXrAn5ONm+bNwPgxJdHlqqqgV4/cDjwzIkqHxJNJCSlMTRR0mVWp8kRSzjFRpQmlwmFkZakJx0MFgGAgAl+ON86YnATo31uyladQBILBkK07vnMcVGOZswo18TMhV58a455y8igiIiIiIqKO024B6vqNO1Bx8AiaXMY8TYbf78PIYcWYPXNims8svfJ69UDpyIvx0ZbPcFHRAPTt0wvHautRd+I0Lr9sbEefHhGlgdF12hz7FNCDL7N60L0K1fpqD8XMqkX3ruHG8lAoiOwsX8JZ4oUAmpvCrESNQ9MEAs3JhqdAMBhwBNKxgky3sF0OVmOti1V9ah3WgZWoRERERERE7SXjk0g1NgXw5DMvYeXaLfDn+CCEQF39aYwYVoQRw4rgz8lGxcGq6OeKg1Xw52RHP9fVn4YQAv4cH1au3Ywnn3nJdeKpzkJRgNvmz0TJ0EI887vX8eN//T1e/vM6+HyJxy0kovORkMIvaxVqrImF7JMJWcNYM5x1m1jIOIY+BmdyAs2RpGaV7260SCvCUxiTRgH6d+oWgDone5KXWddb9zPaNZ8bIQXk1meMiIiIiIiI2pci7KVOafba2xuwa28l/umx+5Dr92Hl2i2oqKzC448uBABUVdfiyV+9jEe/cxMA4NmlK/DE392L4kJ9Uqmnn12OkSXFuHHudDQ2BfAvz7yECWNKcOeCWZk8baJu4fChGkvgk8wfwB4SOQMi+TXe+3jLkuHP7bhRSOQKQLPbvTVItf54FZZl8mRR5jLhut66zqxEVVUVXk/y/zmT7VPh8WT8/83OC5GIhmBAS7xhi3AkGB27FrB237c+/4DcDd/598Rtvb5Mbts59qk8zm7HVJ8eqzuFAQV92v24RERERETU+TU1hjv6FDIq479J79pbiTkzJ8acEMoISp9dugLPLl1hWWaX6/dhzsyJ2L23MjMnS0SUkkRVqOYYmbECZHvgZt3OPkERWiaj0hDRkv9HKhjQEA4nHxp2VeFQ68LTiBa2haeA/TuRq0Od/8GQ6D8OzDFuWX1KRERERETU+WQ8QK0/2YDiQe6BKAAcr28AACy86UosvOlKyzI3xYP648TJ2OuJiNqDfexS61ioRjgm/7HuG6+rt1zRGi+M00PUCDTRim7oQQ2BQAQZ7nzQKQmhd9kPhZIPTwUiiET0+2sGnPFCb+t4pW6Vqs6AHLA+K9aqVI59SkRERERE1LE6vC/nifrTAIDZMydh9sxJlmVEROcPexWqiFYTGsGbtRLR3h1c7sJtHSvTyDpjjYsaiYShqMkHosbYn6IbFaMKrWUsWC35+6QoAsFgCMZ3aC53DmWhh5yxxjiNXVEsPxvmcYRUxczqUyIiIiIioo7WLgMIVtXURX95PHGyAU3NAew/eAQAsGV7Ofw5vuhnf44PW7aXR7dvag7gxMmG6Pqqmrr2OGUiooSMKlQzRDOCLjn4NCsH7eNc2qtA5fbMfcwZ2o3xUt32DQaD8Hq9UOBJ6tyFAJqbw8jKUuHN6vD/S8uoUEhDuBVVpwCgiQhCwVDc7vfmd2WtCk1UIWqfOEp+NatNje/c+jyw+pSIiIiIiKj9ZXwSqYceeyYj7f7hmccy0i5Rd8JJpNrOGXjKXbiNbawTSlnfA3LFobGtfTIpuR05RLX/CPd4PFCV1t0XRQGysj3weLpWOBeJCISCEbT2XzlNhBEOR2APRgF5mAW5S350rUu3fudyuS1ru/p789mxhrMdHaByEikiIiIiIoqlq08ilfEAlYg6Lwao6eFWJegWgJrbm/uZ21m3t28jj4vq3Mfavqp64FFbf288XgXZ2clVsHZ2wUAEkUjr/3kLR0LQNL1a1f5Yuj/jxli19r8HgDlxmLPbv1s4aw9aO1v1KQNUIiIiIiKKpasHqF273yYRUTuwB1v2CaViTSYl72+OlWns5xwSwKhItB/XfvxIJIJwJNjq64iEBZoaw62aZKmzCYU0NDWGUwpPQ+FANDy1c7/XZngqD9Ugf5fxJ40yXt0njnI7PhEREREREbU/BqhERGlgH69UHrdUnoQo+WDM2kXcrTu4vL+1yhfQNIFgKIBUJiAKt4SQoaDW6u7vHUEIIBTUz7m1Y50CABSBYKjZUsmbzD22hqTW6lLXw8QI2pUYE0fZx8IlIiIiIiKijtE5+r8SEZ3n3CaUkrt424PUlr1gjpdqbqsvMyaiEo729HVCCuDswZwZuAVDQWRnZSGV/y8LhzWEwxpUjwKvR4XH27mqICNhgXBEg5ZCtalJQyAQtFR/GmJV+NrDU7dt3deZxzCbNL5Pc9vO1nWfiIiIiIiou2OASkSUIdau/HpQ1rJGejWDUnNbWNbHC1GN9c5tjHMQCIaC8Hq98KjelCpKtYhAMBIBgoDHo8DjVTtswqlIRCAS1lLqoi9TFH2800hEs1SNWsNOZzBuH/PUuo+9StjZrnXsU3uwKs6Lil8iIiIiIqLuhgEqEVGaxKpCNSaBMrvxm8GZHJhZxz01gjqzKlUOU40Q1W2WdmdXdAXhcAQRRUOWNwuxxmJNRiQiEIlEAACqqkD1KPC0vGaCFhH6MTUNIm1DswoEQyEIocEMMd0nN0smPHUPTd0nijLGR9Xft5yNABTFGYCz+pSIiIiIiKhzYIBKRJRG8bvyyyEnYK9QtI6jalSlKgD0oE+uOI0VoprngZY2zGV6NWoAHo8HHo8XEG0L5zRNQNMEjLkWFQVQVAWqokBRAVVRAEvYaN3fODchBCAATQgIzXjNQDWmIhAJhxHRNFgn47KclW2s0+TCU7kqWP7uje2kk4ge03xO2HWfiIiIiIioM2OASkSUYc4qUyDRREPOENVakWoNZlWpPWv3fbcQLhLREIkEkZXlhQJPm65NJgQgIgJaChNXZZqAhlAwBLM61DrrfexJo4xxa1XI4ao9PLVOKBW7qtVowxz3tmVp57tlRERERERE1KL1s4oQEVFczupDI7QD3II7ebxNezvuXcTlbc0qViNY1QlLmKdvY03pwuEwwpEgBNLWN77TEdAQCgcQCgUBuIWa5n2xVpvK4bWxnfPey9+N9X7Dsq38PZvDOVi/Q1afEhERERERdU6sQCUiyoBkxkOVJ5Uy8zL7GKbWAM9egWqMo2odRzNeO5DaM7rhB6EoKrK8XnSd/1fTEAzJFacmayDtpCiqtJ25rbNrvxmGJgpPjXbk45vVqAxPiYiIiIiIOjMGqEREGWIP3Kxjl8qTSMljoeqf3cJPoyJSDlHN9cLSlj20M+j7uLcdDAWhKAq8Xi8ATxummuooAgIawuGwrXo0VoCsOL4j497Z76VbeGp8F7HCU+sieexTThpFRERERER0PmGASkSUQXIoFitE1bezV6PGD1HdtlNV1bKPPTx1tqUfz75MDyDDUFUVXo+3JfVrw03IKAEhBCJaBJoWaVlmVP0a1yUPcxBrbNLo2pZtjD+qI6g2t0smPLVWocoVqwxMiYiIiIiIzg8MUImIMsgtKDMDOfOz3PU+UYhqtmPvEi4fEy2Vqk5Gk+YxAGsFrE7TNAQ1fexQVVXh8Xj0cxAdHPq1XFc4HIamaZAnhrJsFv1oTvJkXy8vs3fZN5crjnVmBariCMndwlN5yAUAtqCb1adERERERESdGQNUIqIMcxsP1dptX0kqRDVDNzPE08dUVaLvjfaM0FBv172K0hrkKrb2rcMMCKEhFNKibXi9XqiK2m6zxysKoAkN4XDIcp7G+cjnKo8xaqy3tqU4lpvd963Vwtbt5X2MKuLkw1PpDCzHYnhKRERERETUuTFAJSJqB60PUd33BSAFqgAsYau1y3nLEksb8dpzD/SEJZg0qlX1We3NkNCjeqGoeqUqBCCg6GdmXBOil2o5Nfs2CgQE9MBWaAIRTYMQmuVazGuwh6ZmiOkWSroFp9bP1uWqqlqu36jW1Te3tu8WgDI8JSIiIiIi6hoYoBIRtZPWhahmMGqO5ekMN6XWHcfSX53dxY31muYMTgFzLFV9Xznws56P3Gw4EgIi8jm0tTTVeT3m0AOKIzS1d9OXx4N1BqZw/eweZCowKnLdtrO+N/dheEpERERERNR1dHiA2tgUwJZt5di9txJfV9eiqTkAABg5rBgjS4oxbXIp+uXndfBZEhGlR1tCVGM9ELvC0t693WzLWXGqqvpnTZPPR7O0ZXaHR3SoAJ0ZKFoD3ujZtLRjD3DtgaF1jFdn9a2+jxyYGts6u+xb75E8wZMQInq99nvm9mpcn1ydGq/ilOEpERERERFR19WhAerKtVuwfuNO+P0+jBxWjPFjhqF4UH8cP9mAqupafPzpXqxcuwXTp5Ri4U2zkOv3deTpEhGlRTIhqrQ1nNWc5mc5nDS6mcfqrm9fZlBVubpT77ZuVpk6x061VqHKIauwBInG+SUz671x/rGqa40JsazHNMcldRuvVG7bHp66haHWZap0Tsb52at/pAzOZwAAIABJREFU7dcVK2BleEpERERERHQ+U4Rb384Ma2wKYOlra1BR+TVmz5yEG+dOR2NTAEdq6vB1dS0GF/ZHft889MvPw+Zt5Vi5dgt6+H34+8ULGaISpdHhQzXREC/ZPwBifjbey6/x3sdblgx/bocX0afMbdxROSy1jzmq09cb27rN5O72WV5uVJu6rTPfyudg3dYtkJWPZ69ydYaMicQbjxXRdW6VtfZwVa6ClfeVt5WD1cRjpMqfjePKAbe9KhZwC0/d2jwfHKs7hQEFfTr6NIiIiIiIqBNqagx39ClkVIcEqM+/uga79x7A44sX4oL83li+YgO2bCsHAPhzstHUHASgd+NfeNOVuCC/N55eshwKwBCVKI0YoHas1oSoZpgKGBWibm1ZJ5gygz29a77i2N8Zgrodw16Raga4sYYHSBd7kGoeyxjz1FoFGy88lduzVqiKaOWtsa9Z4RorVLUew21Cq64UngIMUImIiIiIKDYGqGm2eVs5XnhtDZ74u3sBAE8veR0X5OfhxrnTMWFMSXS7qupavPb2Buz/8ggeuHMeJowpwb888xJGDivGg3fNa89TJuqyGKB2Dm4BpL1rv1tFarxA1WhLXu78cS+iE0lZ97MeQw5vU6tCRfSaYl2/23bJVZ8CsSo/3Q6nV5zG684f6xkF4Ahl3cZhdQ6XEOtazjcMUImIiIiIKJauHqC2e/qwcu0WzL9mGi7I740nn3kJI4cV4Tt3XQsAWL5iA6qq6+D3+7Dwpll4/NGFWLl2C5a/vQGDBxXgxrnT8cJra3Dj3OmcWIqIugw5FDTeWwNKfQxQ5+RSZiWmzNhfb9typOh647M+/qk9wIQtkHUGldZxU/V1Rpd4+4RXzjFc7ddvPT+D0ZZxnUa7xnIzDDXDSnvlqPU47svsi+Xvwv0cje9EDka7dnhKRERERETUnbVrgLprbyXqTzZg9sxJWL9xBwSA79x1LXL9Pjz97HIcP9mAGVNKUVFZhV8uWY4nHrsPN86djorKKixf8SH+fvEdWLl2C7Zs24sb505P+TyamoP49R/exMFDNdFligIUXNAHC2+ahXGjh6bhapO3Y89+PPfiKnzv/vmYNG5Eux6biDoHe4gKOLv02yt5jUmjrAGlc1t7mGrsKy+P1RdBDkStwaiIho/WYNNeHQoAaqKrt5y7HJqax1egqub1muGxc1xT1yPYxkF1yzOdIac9nJaPY9/HOqxBtAWGp0REREREROe9RL/VplVFZRVGDC1Crt+HzdvKMWfmROT6fWhsCmD/l0fw4J3zcOPc6Xj0wQU4cbIBFQerAAB3LpiFioNVOF7fgAljSlBRWZWW87nmysn4zycewX8+8Qie+ulDGD+mBC++vhZVNXVpaT9ZY0cNxX8+8QjGjtKD2x179uOHP/0tvjz8TbueB6CHy0/99lX818ur2/3YRN2dPQB0qzB1H2vT2N45vILRjltFpblcharGHrLBbCPWEA3O5W5tJHP9sYaDsAegbudkb8P4o1+bKi1zP657G/Zt3cakBezjnQIMT4mIiIiIiLqKdg1Qq6prUVzYH41NAdSfbEDxoP6W9Y3NAcvn3Bx9sqjiQn27E/WnUVzYP20BZ44vG31790Tf3j2R3zcPc2dNQa4/B/sPpiegTVZ2lhd9e/dEdlbXGM+RiFIXL0Q1Az33ENBaLSlcQ0Bn8AnLZ+s697FujZnrrdtYg03r7PbuwWasoNIIc81jwrGdvI18bs7rtV8THPvYz9Fa0esMgeXvwN59P3r3GZ4SERERERF1Ge2e2OX6faiqrgUAXJDfO7psfOkwLH11DfZPLcWuskoUDSrAyJLi6H7+nGxU1dSieFB/NNmC1kwJRyJ4f8N2vP/RdjQ2BXDp6KFYdNts9MnrCU0T+HDLbryz7n/QcLYRffJ64pbrr8C3Jo3GH/60Gucam+H3+7B331dYdOtsvP3ex7jjpiujXfT/6+XVqD91Bn/70K345tgJPPfSKnzvvvlYv3EHtu2uAAD8+2+WYdiQQbh/4Tz839+/gSkTLsHuvZWoPX4S40tLMH/udPzpz+vw1dffoPDCAix+4CYUXKDf08/3H8arf/kAx+rq0b9fX9x9y9UYPeIifHn4Gzz30ipcPnUMNm8rx8lTDbh48IV45N4bcKrhHP7vf/0ZTc1BHASwbXcFhxUg6gD2cTTNcVEBucu+WQlp7UpvDgEQbbEl9BNS93h7F357l3lYjiGPn2p8dptQSj5fa6AoX5/bMvfxT+X7YT2GMRar8f+A8jAFSvSazTFk3Y8lX5t1vTxEgPUeG/fSuAfWe+4cQoGIiIiIiIjOb+0eoB6vb8DsmWZFqTEZ1KMPLsD6jTuwq6wS48eUOMY4bWoOonhQf1TV1MKfk53289I0gR2f7UdTcwAjhhYBAD7c/BnWbdyB+26/BkOKB+Ctdz/Gsrc+wCP33oCt28vx51UbcesNV2DiuBH4+sgx1B4/Ff0lfd+Bw5gy/hL8+H/diWxf8ud7z22zccnwwXhj5Ud46J7rcfHgCxGORAAAXxz4Gt+7/0acPHUGf/jTahw8VINFt85Gvwt647+XvYs1H3yKe2+fg6qaOvz3snfxrUmjcfXlt+Lz/Yfx8hvr8L8fuQ0A0NwcQHnFIfzgb25GOBzG719ahQ1bduOmeTPw0x/dgz++8i565/XAoltno0duTnpvNBElxT4BkX1cVDnEUxRrxap9rNJkglQ9sDQqKWFZr28DyGOPyiGme7d+Z0jrXskpT2rl3ob8Xp44yl6daw899VfVUa1rrnevLJXHVrVPlKUoQlrOqlMiIiIiIqLuoF0D1JElxdi9txK5fh+KBhVg195KS5Xp7JmTMHvmJMd+m7eVA9C78m/eVo6Rw4od26Ri5dotWLl2S/RzXs9cLLp1NooG9UcgEMLOsgOYNnk0Jo4bDgCYd9VUPL/sXdQdP4Ut2z/HZZNG4arLJ0JRgL69e1qvdVgx7r9jLrKzvTh5+mzS55Trz0GP3BwoCtCzhx+9evqj+185YzyKLuyHC/rmYdDAfii4oHf03EqGFKL66HE0NQdRtu9L9M7rieuuvgw9cnMwdeIobNtdgUNVR9Evvzeysry4+borUHRhPwDAxYMvxIn6Bng9HuT16gGPR40OK0BEHctezZm4GtU+8ZHRjrMi1V4t6VbFalZ6GhNP6aGkdV/zmG4VqvI5xLhKxzXbQ17zGMZxVZeKV6MtZ5DqbD/WvTGZVa/xq07lbYmIiIiIiKjradcAdcKYEqx6f2tLFeokvPDaGigKsKusEidONji29+f4MGGsPmnUtMmlyPX7sHvvAUd1aqquuXIyZs+chHA4gjdXb8S5pmZcMnwwFAVoDgZx6vRZrPvyCNZ9tEM6p2zU1Z/GqdNnMaplWze9euYiOzu9t9deedu/X9/o+z69e6L66HEAwLG6k6iqrsWPfv6sZfuSiwvRL783PB4Px1slOo+4dekH3KpRATMclSc8sndH17e3V7m6ver7qDDCQ1WVK1b14xnHNZbrbdrDz3jXF31nuWZnJaw1RLZ28zfO0X7dzhDarFq1B8bCdu/MEDle1am5PxEREREREXVF7ZqiFRf2R9GgAqxcuwUP3jUP6zfuwPqNOzH/mmmuVaVVNbVYuXYrAIE7F8yKVotOnzImLedjTCIFALfN/zZ+9dzr+Osm/XxysrPRp3dPjBs9FHNnTYnuoyoKvF4P+vTuifpTZ1xnwk5ECH3IgEwZUNAXgwv747uLrkNOy0RcgH693xw7kbHjElHm2MNOY5m9GtXsah7d0xGkymOkyt3WY1W7WqtQhSVQtQeyRmWr2/kmYg9d7QGsNdTUz8E8J/fhBGIPOWAdBsDatgLr0AisOiUiIiIiIurO1MSbpNfsmZOwdXs5Nm8rx+OLF6JoUAHWb9yJ3eWVUBQFxYX6+KhVNXVYv3En/H4fHl+8ECfqT2P9xp2YPXMScv2+BEdpvX75ebhy+nh8tPUzHK2th8+XhYljh2PX3kp8feQYAKDhzDl8snNfdN2Oz/Zj0yd7cPL0WXxWfhAffLzLtW1fdhZ69czFvv1fIxAMoeJgFb6o/DrmuQwoyEd2dhZqjh5PKWgdO2oozpxrwrbdFRCahnA4gm27v8DZc00J9/XnZKNwYD+cONmA02fOtfrYRJRZZmhqr0g1wz57NarzvdmW/mruJ896b93GfDXaMapN9WXmWKNyu6rqnMU+1nXp2zrb0NuWx0BFUudoHSPV2q7t6Lb7gOh+xnt75S/DUyIiIiIiou6jXStQq6prsfztDcjvm4cXXlsD3DkP//TYfdi8rTxajWrI75uHGVNKMXvmJJyoP42nl7zuOrlUOl02aRQ2fVKG9Rt3YtGts3HljEsRDIaw9LU1ONfYjD55PTHn2/oYrca6t97ZhJffWId++b1x83WXu46jl+v34YY538LLb6zDxv/5DBcPvhDjx5TgaG2963kUDuyHebOmYPmKD7Hq/a343gM3teo6igcV4IGFc/HqXz7A6nVbkeX1YuK4EZg64ZKk9r9+9mX4/cur8fi/PIf510zH/Gumter4RJRZsapRjWXGZ3NyJutEU+Z6fZ29KtVenWmOZ+ocI9X63qxgNSpRndskZg4DIBxtO49tH6ZAfrVWm1qHADD3N9rXt5GHL3CGpAxOiYiIiIiIuh9FCLfIL/2qqmvx9JLXkev34amfPYQf/9sfUH+yAePHlGDhTbPQLz8PAFBRWYXiwv7I9fvQ2BTAXzftxMq1WzBtcinuXDArI9WnRN3V4UM10cq6ZP8AiPnZeC+/xnsfb1ky/LkcyxdwD/ViBalmECp3wbcGj/aw1F6NaQ8z4/0zkuwYoclsZx8L1u289HXuoap9HFPn+LDuIa1xft09OD1WdwoDCvp09GkQEREREVEn1NQY7uhTyKh2CVCN8HTksCJUHKxCrj8HjU3NWLjgKqzfuANHaupQPKgAxYX90S+/NxqbmlFRWYWqmjrk983DjXOnY8aU0kyfJlG3wwC164gX/BnL5R/38vjNscNUWN7LVZvWfznM8NI8HqL7J/vPjBxmOitd5bDUeg7OKlLzvT00tV+7cYxk7l93xwCViIiIiIhiYYDaRkZ4On5MCR68ax6eff5tVByswuOLF5rjnVbXYtfeSlRUVkX3Ky7sj5ElxZgwpiSTp0fUrTFATSwSEYiENWhCAMIeHBJ1DGNkAlVR4PGq8HgyH/AyQCUiIiIioli6eoCa8fTh/y1dEQ1Pn391jSM8BfSwtLiwPzA302dDRJScUEhDOKR19GkQuWoZohURCEQiEQCAN0tFVla7zw1JRERERETU5WU8QG1qaoaiAEtfW4Pdew84wlMios4kHNIQYnBK56FwS+ifla3C62WQSkRERERElC4Z/w1r4YKrsKvsAL6odFaeEhF1JuEww1M6/4WCrJ4mIiIiIiJKp4xXoM6YUsoJoIio0wuHNYSCDJ2oawiFNEABK1GJiIiIiIjSgL9ZEVG3F4kwPKWuJxTUEInwuSYiIiIiImorBqhE1K0JIRAMMGSirikY0CCE6OjTICIiIiIiOq8xQCWibi0cZrhEXRufcSIiIiIiorZhgEpE3ZYQgpPtUJcXDrEKlYiIiIiIqC0YoBJRtyWYnVI3wWediIiIiIgodQxQiajbCnOCHeomIhFWoBIREREREaWKASoRdVsaQyXqJiIa/7OAiIiIiIgoVV78ticAQAhAASDQ8ioABQoEhP4qRPQzoOgbQDFbsuUQ1vas+xufLUeM0Z7lfBTpvISAokjtyBtAkXaUzkeRzksgun/0fCz7G59hORHr/u73KZnrSv0+2b5Bt/sUo71OcZ8SfW8pXFfq9ymZ59u9vTbfJzdZPig9ekPp0RdKXj94xs1C1rSboVxQGGcnaou2Dwv5Of7w83Uosy315vTFqDlX4YGpRchq6yHaVR3W/XoZVh0vxHf/9TaMc6z+AP/2mzLUWhZ60GvgQMy57hpceXFe+5zXvj/jh8uq0X/O3fjZzIIMHbNrYRd+IiIiIiKi1HmNN0pL2KO0hEaWMMjx2QiLpJakEM7ennN/Ed0/UXvy+UAK36yvcLxa02BY9s9IO628rlTvk33/mPcpwffWYfcpUTspXVdq9ymZ5ztWe22+T25CAYhTtRCnaoHqCkT2bUZw+b/BM/IyeKfdAu/UG6D0uiDGztRaaZ1Up2chbrl2BHoBAAI4tG07Plr1Nl7o9RAeGuVL33E6i6IRuH9aS7B/thofbtqPt55fik/m3IEfz7ww8f5GEHvJHPxm0egkDliAKx/+Di4Le+Bv04l3b8bPJiIiIiIiImqdaICqh0doqcgD3Cr85Ao9s+LPaMDasLW92BWDidqznI8inZetktGo+DMrG2GrrJT3hzXsctnfrCCUzsexv/t9Sua6Ur1PsSsr5e/Nvb1OcZ8SfW8pXFfq9ynx8x2rvTbfp1aIVHyCSMUnCK1fCt/Cn8Izfk7rGyGHtAZJOfkYNW4cBrR8nDTKi9onN6Js50FgVDIB4Xmm50WYNM64rnGYNH081j37OlatW4cPJ9yHK3ul/5BZ/rzzrJq382F4SkRERERElBpWoLIClRWonaUCNQHtyBdoeuZeqMOnwHfnz+EZMTW1hijzsjzmD1cAOLkHf1q2ETuPRhD25mLUrDm4f+YQ5ALY88qv8ccvCrHovh5Yt2w/avuMxU//9jKcePdtvLLtOM6E9SEBJs6/FgvHFSALYRz59G288F41asMAXNvrhRnXXogD6/ajNgx4+43Adx++FqP9AFCPzzd+gFWbqlHdDMDrQeGEOfjBjSORm/IFX4g5VxRi1RvV+GRXPa6cmQ+gHjveWo3Xy06iKQz0KhmLh+64Cv5tz+MX687ou32xDj/8+bqWrvieOOeVYGiBpgq8+dJGbD7SiDAA/8CLcMfdN2BSX699SyIiIiIiIqJWi04iZXRnFS3pTvwKPZfury4VekZ7sSsGkbA9y/qYlYzW9dH9bZWV8nr3ikE42nOrrHQ9n1ZeV6r3KV5lZaL2OsV9SvS9pXBdqd6nZJ7vWO21+T61gXZgG5p/+11EPv+47Y1R+oXqceDd7SgDUHjxQAAH8aclG/Dpqb6YcfMs3D+nAMfWrcDvPq2XdqrGK8sOwV8yAvOvGAHvntV4butx5E2Yjvtvn4UbxwL7yo4AABo+XYb/XFWNppLxuP/2WbhlFLBv3Qr8dmOd1N4ZbN4awOU3z8KiaX2RdXw/nnvr85Z1ddi5tQH5V+ht31LiQ/W2dXjrQBuv+8J89AdQfVQ/jwNvLceLu86hcMp03H/7ZAw/XoZfvbQZ3lEzcP+1hfpwB0UjWq4hrw3nFcCO19fgoyMeXHbzLNx/+2RM9NZhZ1WkjRdEREREREREpGMFKitQWYF6nlSgysSpWjQ9dQd8d/4MWdctbnuD1DbHy/CLn1unkuo1ZDIemJ4P7PsAnzYDY29fhFvHAcA4ZH31a/xxWxlOTP12y9YeTL37+7hnuP6p4dMAAA/yi4Zg1KgC5I4bhysBAHX4cOtJIGcoFi36NkYDwLh8nPjqTXy0dRcOzbympb1sfPuOBbiyGMA4L/ZsXYey40dxDKMxACNxz49Hmid64XF8/EUZDn1TBwxP1w35HB/uCgKXzMIPr9PrRSdlfYOdyyqw0zsDc4ZX4733qnHGMhRAqucVQFMzgJw8DLl4GMb17YFJ42ak60KIiIiIiIiIOAZq0mNWSpWVrufTyutK9T7Fq6xMNFZop7hPib63FK6rq4+BGpPQEHjtX6EWjoTn0qvT2DC1Wp9R+MHD34qOgQpvLvL8+o/XY3UNAICyN36NH74h7ZPTALMGNRcD+pir8qbegPuPrMbrq5bhH/4CePv0w4wb5+PW4XU4dBxAvx4wpxMbiCEDgY8qG9AQXeZDXk6Mc206hHWvr8N7lXp3d0P/Vl+0zTf1qAVQOLAAqNuNYwDwxQb88OcbpI08OHYKQM90nlceLr9jFg4t24jlv/ojXoEH+UUjcMfd12B0BsZiJSIiIiIiou6HFaisQGUF6nlYgRolBJqe/R5y/+U9qBeWpLFhahWvF3m98pDnsmpAQR6AMxg1/14sGiWPyanPKL/PtcF8TLrlPky6BQg1fYNPXn8Tr7/0HoY8cRWG9APKmsNoim57FIeOAuipH7/BtT3TiW0fYFVlIwqnTMf8CUNQFN6FXz3vfhbJ+wbrNlUD6IsZE/KBXgMxAGWoLZmOf7plpGXyJ28OgLMex4RQbTqvvuNwz6PjcA8CaPxmD158fguee6sAz9w/gRNPERERERERUZt1bAVq/3FAyfX6dsf2AJXvOtpjBSorUFmBmkDTGQT++Hfw/3xlBhqnNhs1AVNzqvHpuvewzjsWQ7zAmSP7cKjfHDwwtYfrLg1bXsJ/lBVgzrRC9EIA1WeN8TwLcNm0vli1ah9eeL0H5l/SC2e++AQfnQUK50zAEAB7EpxOVo4PgD6JU9PJQ1i37SDq0coK1LOHsWNPS53o2Wp8uGk/Dp8FCufMweW9AGA0rpzwEcp2bccrm4AZRT7g7FF8eqQvFt0xBehbhMKc3ag+tB1v7uuLK4vy23Be9fjw98ux48JxuHJILyB8FA3NrbkYIiIiIiIiovg6pgLVlwd1watA8RWW3XH6MLS/3A3UlrECNUZ7jgpGVqB27wrUFpH9nyK84z14J12b/sapjYbhnh/egAFvfYD3/rIBH0Hvkn/ZnNh7eIuHYciuPVj5xn6EAXhz+mLGfTdgUhaAqXfj/+BtvPDedrxYBsCbi1FzbsL9MwuSOpu8qdfi/iNv45VtW/Dirl6YMWcI+h/a37pLOrIfL75h7ONBr4GFuOWOa3DlxWYN7vBbFuEH/d7DKxu24MWt+nleNGEgQi335Jb7xuLMsjJ8tOx17JtzN342M9Xz8mHI2AJ8smkXXtymB83+gSPwvTtYfUpERERERETpoYjf9BAAWsIiKQOLhkfuFXpmGtTCUaEnt2fdX71/C5A3GGLzv0Ps/RMQaIBSejeUq/8DgID23Fig+XS02ej5KNJ52SoZLRu4VlbK+0MKtawVg3C0J12fY3/3+2S5k224T+7t2b5BYb4oCdrrFPcp0feWwnWlfp+Seb5jVaC28T5lgFp0CXJ/8VdA9SS9z+FDNVAUpVV/AMT8bLyXX+O9j7csGf5cb+KN4mhqDCfeiKiLaOvfl2N1pzCgoE/iDYmIiIiIqNvp6r9fq8abaOgBM/yIhktGhR6EZb2F/aPUnmX/0nuAgrEQ730PYscSKIGWEfvKl0F79TrA1wfKjJ9E27McT0jnJVX62ddHz0fK5OzrLZWC0QpHONqLXpdcWel2PtJ1Os47lfsUoz37/q73KUZ7neI+JfreUriuVO9TMs93rPbafJ8yQDvyBUIb/pS5A3RBKea2ROcdRU28DREREREREbmL/kolWvpPi5YSufhjRJrbRzkq9Mz25P2V4dcDDV9DHFjtOB5qy4AD7+jbRCsGpfUKLBV+ZiWjdX30fCyVldb17mNWwtGes7IyxvlYKiHR5vsUq73YlZUiYXud4j4l+t5SuK5U71Myz3es9tp8nzIktGl5Zg/QxageJqjUPagqn3UiIiIiIqJUtXsFKnx9gNNfx6zUFLV7gN4XsQKVFahJXxcrUE3awZ0QJ49m9iBdiMfDsjzqHvisExERERERpa7dK1AROAXkFces1FT6j9MrUTNYgaoMmQnP334Ozz0rXCsG1amPwPOTanhu/E2rKlDVi2fC+1g5vA+8nfR9Umf9H2T97Ctk/aIe3pt/wwrUFK6LFahW4Z1rM3+QLkJlpkTdBJ91IiIiIiKi1LV7Bao48A7Q+yIokx91HA/FlwPDr9e792e4AhUAlAvHQ534gLVi0NcLSunNQFYP63UlVYEq347E90kZPhueyx6EaKhB5K0fIPLpUlagpnBdrEC10g7vzfxBughFUeBhN37q4jxexfkzloiIiIiIiJIWnZJXr5wzKvwSVegZFX/SL2QuFXpme9L+5X+CMmYRlFlPAdl5EFWb9B2Kr4A6eTFQWwaxfYmlYjB6PjErGY2KP+m8XCorzf1b5PSBMvpmKDtfjO6vXHo3lIFjndclVVa6ng8E5AKfZO6TUjQRyOkN8cVaRHb8KU5lpXnf41VWmt9brArU1t8n98pK531P+j4l+t5SuK7U71Pi5ztWe22+TxkkTtdm/iBdiDdLRSQS6ejTIMqYrCyWnxIREREREbVFNEDVK+SMCjxbGOT4bFTcSS3ZuifL7Tn2r1wFpfhyKDP+0VqQV/UxtLfu0vcfezeQN1g/n9OHgarNwKnD1kq/6Cscr5bKSiGdj1yFc+IAlIGXAhPug7LrJQgBqKMXAMFzMMI89fpfQZ2wCNr//A7aun+GoihQJz8IdfY/Q5S/jcjKH1rui3k7FKhX/QTqtO9DVO+CUjgeyO4FnD2KyLpfQL30dijDvq0fY/K9yB67AOGVj0M5XQ3PtU9CuXAsoHiAM0cR2fQstI+X6O3bu4Eb1yd9bzHvO1p5nxz3OcX73Zp2UrouqT3je0jiPiXzfMdqr833KYO041WZPUAXo6oKsrNVBINaR58KUdplZ6usPiUiIiIiImqj9q1ALRgHZcEyfZKohq/1rvqnD0PUlgHNp4DavXp16tX/rrddWwbRfBrKuEVQsvMgti+B9vFTyVUyJlGBKr7ZBaX4W1BLb0Fk54tQp3wX6D8KovKvUEbM1bepeBcYdQOUoqlmZeXgaYAWhvbVRwkqUAF4fVAKhiPy4TNQsnOhTvs+1Il3I/LBU1CPV0KdfC+0z9+F9vkqiJoyeO/4PZQLhiGy8TfAqWqoMx6BZ9ZjEA3fQOz5CytQWYGakFbHALW1PF4VWQBCDFGpC8nKVuHxsvqUiIiIiIiordqvAnXMPVDm/Q5o+Bra8uugVH3cUuFn7o4xi6Bc9zuID/5B78ZnzxawAAAgAElEQVRfMBbK4Mv1qtThN0C9/ndQc/pCW//j9FSghpohDqyFUnob1IkPQCm9FTh3HNqhTfAYAerB9RA1u6AMmghl+Dwo52qhFE+BqN0HsefPjvti3o6W42hhaHvehPbxb/TlpTcBufkQX24CLr5c3yZwBmLPX6BceiuUC4ZB278e2vv/pod3qgeeef8EddgV0Pb8hRWorEClDPF6VUAAoRBDVDr/ZWWp+jNNREREREREbRb97Uq0pFetnaU8yqVCz2hPKRinh6d1ZdBenN4SntqO16vYGp4KQL38H6Fc/R/6+v2roS27Dsrk70MZfIWtkrHleIp0Xi6VlZb10Ndre14DAqehTn0YSv/R0L5YDYSbLdclDm8BsnKhjLgGuPjbgK83tAPrpEpL4z7Ju7UcR4sAocaEX4SAgNJnMODNBoLnzPve3AAIDeg9yPU+y5WVjvse63trxX1yr6yE4767VaDa23NWoMb4Xlp5XWYFqnTfk7hPyTzfsdpr833KIKV3/8wfpIvyZqnw5Xg6+jSI2sSX44GX454SERERERGlTfQ3LPus48nOUh5l/yi1pyx4Va88fe1aKIGGaHvy8dQpj+rd+rcvibanvfM9aM+NNds7VgaxdxmUKYstlX7R9UI6L7ki0m09WtbX7NBD034jgIZqiN1/clyX9sVq4EwN1MJJUIfNAgKngS8/irZn3id5t9aNOadAgTj1NRAOAtk9zPuekwcoKnC6xvU+R6/P9r3E/d5acZ9aPbu8XIFqa89S6Rnre0vhutyep2TuUzLPd6z22nyfMkjtwwC1LVRVgT/XywCKzjveLBX+XC9UtR1+0BAREREREXUjGR8DFaX6ZFDa8uvM8FTaPzrGZP9xEPtXR/dXxiyCcvlPIE4dhnj1enPMyYpVUK//HbREY2m6VFbax0CNVgjuehmamgVx9DOIE5VQCidbr+vEQWhfbYI6/i4omgZR8R606p3WsT0RYwzUJAkIYN9aiBmLoY6YDXHNz/QxUKd9FwgHoR3c5Hqf5cpK83uLVYHKMVC7wxiorEBNj6wsFVlZKiIRgUhYgyaEPgwDh2CgTkBRACiAqijweFV4PAxNiYiIiIiIMiXzY6COuQeoK4Ny5GNnxZ+QxpgE9MrOFmLvK0DvwVAmL44eD0IAwQYgp096xkA1tj/+BbD2x9H9LVr2F19tBEpvBhQF2v41zrEv01GBGjyDyHtPwHPtk/DM/CGgeIAzRxHZ8Iw+gZTLfY5en/S9xR4rtJX3KZWxPdvaTkrXxTFQZZ6SSZk9QDfj8SjweNitn4iIiIiIiKi7UsRveggAkIdoVKKfY1fomWlQC0eFnr5WeewMsHMJtA9+7FoxaBxRvfNdAID26nXR9tS7W5Ytuw5GAZ8y4ydQxi5CZMkYSyVjdIOYlZXm6uj1uVQMwtFey40qnAzP7c9DnDqCyNLrbO3Fvq5k75O+VezKSrM92zcozBclQXvtcZ8sh3G056xAdZxPCteV+n1K5vmOVYHaxvuUQT1+uwdKkt34Dx+qgaIorfoDIOZn4738Gu99vGXJ8Od6E29ERGlxrO4UBhT06ejTICIiIiKiTqipMdzRp5BRGa9AReA0UHQ5lOk/iW4WfTW2D5yGOLAaylVPAb7e+j5ynuLrDSXQoJ/fiBsgvt7UfhWRxv6jbgBy+0Hsfct6vxJUQiZdqZvGykpWoCZ3n7piBao6bGLS4SkRERERERERESWW8TFQtTXfgzrvOSjT/zH2WQROQ3uuFMqMn0C9eRm0164HBCDKXoEydhEw+HKI/e9AveInQP+xEG/e7ahkzOjYntk9oQ6dBTQeh7ZvtUt7zkrI1t6n9I7t6d5exu+TcT6O/WHZP+73lsJ1cQxUk3fSvMwegIiIiIiIiIiom4l24Xfrthw7ZDK7LVtYPpvtxQ69bIWLJddDvflVoHYPtI//P+DrzUCgARg8A+rkxcDwGyDe/T60Pa/Ywjhnd/Ho+UTDQWd3cWfo5eyWbakY1EsTHd2yE15XGu+Tc3/p+mzdz+N9bx16nxJ9b62+rtTuUzLPd+z20nCf0kzpV4wez/wPoCY/Xie78BNRstiFn4iIiIiIYuk2XfgzVYGabMWgEAI48A60V6+Dev1zUG95zdpg4DS0t+6C2P+OLYTrJJWVrEBN7j6xAjVjfHf8Y6vCUyIiIiIiIiIiSizjY6AmO2ZltL2qj6E9NwboPxZK8RVATh+Irzfq1ahySNVeY3Im206i60rTfXJUMBrnJX1vsdvrBPcpUTspXVdq9ymZ5/t8GQNVLboE3mk3p79hIiIiIiIiIqJurnNVoMrtHSuDOFZm7U7dmkpGVqDG/t5Ygdq1KlBzeiLn+0sy0DAREREREREREanGm+i4hTDHL4yGS0aFHoRlvYX9o9SefX/js/14bu1Z1gvpvKRKP/v66P5SJmdfb6kUjFY4wtFe9Lrkykq382nldaV6n+z7u96nGO11ivuU6HtL4bpSvU/JPN+x2mvzfUoXRYH/b/8b6uDRaW6YiIiIiIiIiIgAKUAVLf2nRUuJXPwKPXP7KJcKPaO92BWDSNieZX3MSkbr+uj+tspKeb17xSAc7blVVrqeTyuvK9X7FK+yMlF7neI+JfreUriuVO9TMs93rPbafJ/SxHf3v8Az5tvpbZSIiIiIiIiIiKJYgcoKVFagxnm+O20Fak5P+H/yZ2TNezhNDRIRERERERERkRtWoLIClRWocZ7vzliBqgwchtwn18Az+vK2N0ZERERERERERHFFJ5HSK+SMCjxbGOT4bFTcSS3ZwiG5vWRmTY/Vnnw+kEMqyyscr5bKSgHL/hlpp5XXlep9coRwse5Tgu+tw+5TonZSuq7U7lMyz3es9tp8n1Kg9L0Q2dcvRtZV9wJZOak1QkRERERERERErRINUPXwyKjwS1ShZ1T8Sf2RXSr0zPZiVQwmbs9yPjErGY2KP6kdl8pKc/9YFYPO9twqK13Pp5XXlep9ildZqSRor1Pcp0TfWwrXlfp9Svx8x2qvzfepFTxjvo2saQvgnXlX63cmIiIiIiIiIqI2YQUqK1BZgdpZKlBz86D2vwhq/yFQBw6F55Jp8FzyLVabEhERERERERF1IC9+cDbmSiXJ10SSbSfZ9oiIiIiIiIiIiIjagzfxJkREFFdDJda/uRHvfXESDWEAXg8GDirB/HvnYWr++fljdtfSZ7Bkr3WZNycXxROm4+GbLkW/rAwduGw5HnrhCAZedy/+9Wrgvf94GW/VFmHxMwsxIUOHJCIiIiIiIorn/PzNnuj/Z+/eo6K+733/PxGGmQEdZOQi6HhBIhrGCyokYsCoRI1J1GoaTaqpZBfbJD1Jzjbdbc5us3OSdrVN4vk1PTu2P22LjWkDaTReotF4xwYaMUoMk4gRIw4XGQRkVAYE5fzBRYyCGAU0eT3WmjXf7+f7ubxnWEuWbz4XkZuFJ5fXf7uFnBo/Rs9IINZqhNNOtu3IY8U7YcQsHst15xpLt/KLlw9ywj6NFcn264/5kiRlSDsVjYyelUBsL4BaynM+YX3WNp7LPcITP51LjPnqQzUmYi3M+Y8U7g3tQGzD7ufV/6rHYA4AXB36OCIiIiIiIiKdSQlUEZGvrYa9q7aQU2Nh+n+kMLclQTiKuMQEqtwB15887VZGIqJGEdf8uWLimPhpOj9beYzUtYeIeXjYjR/S4E/Arf2liYiIiIiIyDeMEqgiIl+Xey/b8oABUSRdNrsygABL83UVuWvXkZpVhrsefEyBxD04m+QYK3BxlmbirDAOb8zjRD34hETx5FP30ydzBc9vcjd2k7uFlCVbmmaO+pC7fStrdhTirAF8vLHFTufZB4fh1zRm3vaNpH5QQnnTmPZpkxibv4Y/Ny3NP7FpFSmbYPSiJTw5omMf2W9EAhMD32LzPge5Dw/DDlQXbGX5KgeOyvPgYyF+/lySY4p5fckWchq/KNa8vJQ1NC7Fjyray+p3PibzeDX1gE9gGPNTHmFiKJct4f+qkux0lr1TyIl6wMeP6Kn3kDwlkoCOhS8iIiIiIiJyzXp0dwAiIrcsTy0eAIu13QRe3lureG1PGQGxCaQsSGBiv2oy3/w7yw/VtKrlJiOjlonzk1iUEIjBlcdrabkE2RNImdUfC8CAKFIWJDHPbgFcZO9x02dyQmPZMCPOrM2kH7o45qubSsAeS8qCJBZM9udEfgWRk5NIGR8IgKXp2b0Dr+VDhxPRD6ACZwXgzuB3vz+IAxvzFiSxaLyRA2/+ndQjNu5dkETiAGjcCiCJlAVxRAB1+YfIwcbcBUmkzI/G5inhzTczqLra0EWbeS2tkKohY0hZkMSiqVbK9x25ejsRERERERGR66AZqCIi16HuqjVy2bavFsJjefrBOAKAOLs3J362i+wMB8nDxjbVMzJl4VySBgIx3uTs2UKOq4STofcQh5MNFOK2DCIupnkP1GEkv9BqCX24i925Bzla5IJhrsYxQ0by9MJEwgAYxYSmqkHuQ6zIqsRvwDDiYtrbA/XqSrLz+BI/pqfMbZyFGxOGO28Va7JKSF44iqqcbWR8dSuAxEdZmtjcwygMuQ6W5ZZwFNo/KMpTQzUQ0G8Qdvtg/AyjmHCFWaoiIiIiIiIiN5ISqCIiX5fVSl+g3F1BFVx5FmppCSea6rY8N4RgCwRHZQUnWyoaCTBdw9ieL3l/1WbW5zUug2/Wt/WYIWFNydMbqZijRQBWbFY4cbxxe4HNLy9lc+tqJhdVXHmP1JMHVrPsnWONWw9ci8h7eGZGNcs/WMPTO5q2JbjvHhbH227xvWZFRERERETkZtatCdRqTy0bPsgk74gTZ3EZALbwYKIibTwwNR4/s7E7wxMRaZ8hmvioXTjy8thWmtjqECmAs1S5/QkIDaMvBzlRV0sdNCb66lw4K4EoK0HQmOxsdxyfyxKEJzO3sSavGtv4BObEDsJWt59f/8HR+DA0hL7ACVcJJdgvT6Iavv4//dWf7mF3JZjHjcIOlAywQG49iY8/wszWk1kNRgKuONQh1rx5DKcpjDkL4ogeEowz7U+szOvI6P5ETHmE30yBOo+LoxvX8erq91g98HHm9/vaH0lERERERESkXd2WQP0w20H62p2YzUYmxEbzwLR4APKOONn/6RE+3Otg3uxJTIiN7q4QRUSuwkTcwmlk/3ILm1/+AydmjCXWaoTTTrbtyOPL8LtZtngsSeN2kbMvi9+tPc/EgXA0ay8OjMQmRnds5qTVhs20H+eRvaR9aiVpoBVDqz8wVVcc4/2sI5TTNAOVUSSN20POvoO8tsrIHHsAdRWH2Hw8kueTx2IID2Ywx/gyaycfRiZgDwknwHylgWs5mvcJe4sbr8tzPmF9rpv6XoN4YnYkAGGxUQzelE1G2jbC7ovEQi3luUeoHv8IcyPBNiQQcirZvWkvUVOj6NvPiLllpu1ZTuR8woYOJU+BQ2tZsq6WpMnD6OMD5RW1gHcHG4uIiIiIiIh8Pd4vvPDCC1096IfZDlambebeyXH8+LHZ2PqFUFHpxguIj7UzY0ocdfX1vL1uF32sAQzod3179InIlVWdOo2Xl9c1vYA275uvW7+3d91eWUcYDDfBOXiGEOJiQ/ArLyL7ozyyco6yP/8UppChPPzwXQww9yBoRBQRnmP8M+tzsnKO4/RYuHP+d/nBiF4AnMjJIttlZPiEsdzWE8BF9gf5nPAPZdJdQ+iFlajIszgPFvDR3lwc/sO4d+Iw+lYcZc/eL9j32Slsd9mozSuH20YxOcKfoBGR9D1dxMGcL8jKOUqu05uI2NsZOTAQg3Egw0NKcOw/zj+zcnENiL+4P2mTxpjOcyLvKPsPHmX/weN84fbGFjuRn6ZMYkhz/tY4kDtj/anM/YRtH+az7+BxjvXozagRg4no7YvJNpC+FUf5V84XZGS5iJh2FwmRZ3EezCdj31GO1N/Gnf2KOeKyEDvNTpjLwYYcNz1vG8XkCDjy4UE+P9v0rEctrs8Os/ujPD7KOcrnVUaivzOLH0T36sqf+LfW2eoaevpfyz4TIiIiIiLybVFfd6G7Q+hUXg0NDQ1dOeDJCjfP/WoF82bdTVLiWJxFLl5Z9jaemloAzCYjP3niIWz9Qli/JZNtGft5fsmjBFktXRmmyLdCwbHiWzqBavbTNs4iXaW07BShwb27OwwREREREbkJearrr17pFtbl07fWb8nEGmghKbHx5On/Tl3HaHskK5YuYcXSJYy2R/J66joAZk6Lx2w2si3j464OU0RERERERERERKTrE6h5+U7uSRwDgLPIRUWlm5lN+59CY9K0vNKNs8gFwD2JY8jJPdLVYYqIiIiIiIiIiIh0/SFSFZVubOGNe5r2sQYA4Cx2tSzRdxa7LnlmCw+hvNJ9Q2Pw1JzjtRWryT9W3FLm5eXF4AF9+f68aYSH9vnafR9znuBPf9tEaVklP/r+A4wdOfRGhCwiIiIiIiIiIiLdoFs3EPQzGxkdPYT0tTvxeBr3QF2/JZPx46Lxa3XCdGeZeve4lq0E6uvPs/q9DP6wcj3PPvEQAb38r7m/ak8tb76zjUG2vvz7Dx+kZ0+/Gx2yiIiIiIiIiIiIdKEuX8JvNvlystWM0j7WAMor3aSmbSY1bTPllW78/S4mT09WujGbfDslFpPRl8CAngQG9CS4TwD3Tx2Pp6aW44Wur9VfWfkpyspPETMiEmugBV+DDrgRERERERERERG5lXV5hm+0/Taysh1MiI0mbe1OMrNzmTfrbkbbbwMgMzuXbRkf09AA82dPInNvbsuzzmbw8Qbg/PnzAHx2uIC33t1BaVkFIUGBPDJnCrcPHcjRghL++MYG7hgzjH/t+5zwvn0YPDCMjVv/BcAf/7oBa+9e/OypR/DU1PLX9C18efwEBh9vxsdG8+D9iZiMvm32k/v5l/QPD+ajjz/H19fAonlTKa90s25zJvX155k5LZ7pk+Pw8oKjBSW8vX4XBc5Szl+4wJgRt/HoQ1PxMxvZ8EEWnzjyuS2iHxlZB7lwoYG7J4xm7v0J+Hh7c+FCA7syc9i49V+4z1TT29KTOfclcOfY2ylxlbfE3cvfzIMPTOTOsbfzNQ9LFxERERERERERuSV5v/DCCy905YBBVgtrNu1pSfAtePAe7o4fhZ/ZiJ/ZSFSkDYulJ+821cn410Eemz+dAMu1L6lvS339eT7a/zkhQb2JGmJrLDt/np3/PEBhyUmmTYql4tRp/rByHWNHDWXxgvsIsPjzznsZjLw9gnN19fzzo08pLTvFd+69i2mTYokaYiNycD8OfnaUh+dM5rszJ9LQAP/3T+8SEhTIj//tO8SMiGTLzmxOlrsZMTyCU1VnLuvHWeTi408Oc8eY4Sx4MImy8lNs2JqF0ejL49+fSa+efmzN2Id92GAsvfw45jxBkDWAR+ZM5o6xw9nxzwPU1dcTNcTG4fxCsnMOETm4H//2yL2EBgfywa5shkb0p0+ghQ/35pK+bhezpsfz6EPTGNg/lMqqMwT1CeD3K9a0xD10SH/S1u1ksC2UPoGWG/ZzkO5Xdeo0Xl5e1/QC2rxvvm793t51e2UdYTB0+SR6kW+ts9U19PQ3dXcYIiIiIiJyE6qvu9DdIXSqLp+BausXwpSEMaSv24XZ5MuE2OjL6kyIjSZ97Q7S1+1iSsIYbP1COiWW9VsyWb8ls+Xez2wief40QoJ6s2n7RwRYejJjyh34+5mIGzOc7Jy8loSlt7c335szhVHRQ1ra9/Q34+UF/n4mAnr5k5N7BE9NLd+ZcRfBfQII7hPAffeMZ+PWLNynzwJcsZ/wsCDiY6Px9zMxbnQUnx0u4N7JcQT3CWDE7RF8sHsfpWUV9A8LImbExdm51kALg2yhlJSWt5T1Dw9p+Qwjbo9g47bG2aa1tXVk7vuMO8YOZ/JdY/DygsCAngBXjHvEsMF8driA2yL6d8rPQkRERERERERE5GbULZt0zp89iWpPLVn7HLy67G2SEsfQP7wxSVpY7GJbxn48NecYPy6a+bMndVocrQ+R8vH2bkmAApSWVeIscvHML16/pE3k4H4EWQMwGHzodZVDokpPVuLdowe+voaWMrPJF0/NOaqaEqhX6sfX4EOPHhdn1pmMvliaDrXy9zNdsrdq3hEnazbtoaS0Ak9N40FcsaOj2uyrWc25c5yqOsPw2wZctiy/9GQlVe6z/Pw3f7mkvHW/IiIiIiIiIiIi3wbddsrRYw9PZ0JsNOu3ZPJ66rpLng2N6M+zjz9EVKStU2NoPkTqSkKDAxnQL4QffG8GJpPxkjatZ3i2JzQokPMXLnDuXF1LmafmHGaTLwG9/ClvdZjW13G2uob09bsIDOjJc089jMlk5G+rt3WorcnXl94BPak4dZqGBi5JooYGBdLb0pMnkmfRu9X3Y/TVoVgiIiIiIiIiIvLt0qUZsbwjTvzMxpYl+VGRNn4SOY9qTy0f5+QBMHZ0FH5m4yXtTla4Ka+o6vSEamsjhkewK/MTsnPyuCvOzvkLDRzI/YKYazjQavDAMMwmI+9u+idz70+kyn2GjVuziI4ajOUGJFB79OiBr8EHX4MPRl8DXxaUcOTLIm4fOvCqbY1GA2NG3Mb6LZkMHtCXEcMjOF5YSnmlm7GjhuJnNrI76xPuS7oT7x5efHa4gPC+QUQMDLuumEVERERERERERG4lXZZArfbU8nrqOgb0C+HZJx665Jmf2ch72z/CC0gYP/KytqlvvY+zuIzf/DzlsuRqZ7GFB7No3jTeencH723NwuDjw5iRQ4mLGdbhPgJ6+fP4opn8NX0L//nrP2Pw8WZ8bDQP3p94Q06zN5t8mT97En/62yZ+9qsVjI6OZGD/0A63v3vCKM6dq2PNxj2s+sdWgqwBfGfGXVh6+vPD7z/QErd3jx4MHdKfebPDrz9oERERERERERGRW4hXQ0NDQ2cOUO2ppbC4jAO5X/Dh3lw8NedInj+dIGsAQ4f0J++Ik8NHC1m/JROzyZd7Jo4jaoiN/uHBOItclFe6SU3b3HjgVJydGPtt9A8P7rJEqsg3WcGxYry8vK7pBbR533zd+r296/bKOsLsp20lRLpKadkpQoN7d3cYIiIiIiJyE/JU13d3CJ2q07MPP/vl8pZ9P2dOi6faU0tq2ubL6j0wdTx+ZiPp63Zd9mxKwhhs/UJIX7uDbRn7sQZa+O3PUzo7dBEREREREREREfmWu/x49hts3uzJAMSMuI2kxLHMnBZP//BgzCZfFs2fjtnkS3xsNDOnxZOUOJbx46IveWYLD2b+7ElMiI1mdNP+ozOnxXd22CIiIiIiIiIiIiKdPwN1Qmw05RVVfJjtwFnkAqCwuIwnkmcRY4/Ez2xkWeo6HpjamBTN2udg3qy7mRAb3fKsuV1evpMHpo5nQmx0Z4ctIiIiIiIiIiIi0jWHSFV7aqmodPPi/1l1SRnQkhx97lcrADCbjC3Pmt9btztZcX0n14uIiIiIiIiIiIh0VJckUMsrqhga0Z+Z0+I5Welm/ZZMPJ4aAPzMRqyBFubPnoSfyUjaup0tSVKPpwZroIWZ0+IJCrRc0k5ERERERERERESks3k1NDQ0dHcQItI9Co4V4+XldU0voM375uvW7+1dt1fWEWa/LvkbkIgApWWnCA3u3d1hiIiIiIjITchTXd/dIXSqTj9ESkRERERERERERORWpQSqiIiIiIiIiIiISBuUQBURERERERERERFpgxKoIiIiIiIiIiIiIm1QAlVERERERERERESkDUqgioiIiIiIiIiIiLRBCVQRERERERERERGRNiiBKiIiIiIiIiIiItIGJVBFRERERERERERE2uDT3QGIiNy6cnl9yRZyrvTIPo0VyfauDugWUEVexmbSd5TgPH0eAHNIMLFTpzM/JgRDN0cnIiIiIiIi8lVKoIqIXK9e/Zk3axiW1mVWW3dFcxM7y4HUVSzLraWPfSSLRodgoIq8jINkvLmNKPsjxF13BtXF+79dxRpXf55YOo+Y6+2udCu/ePkgJ5QQFxERERER+dZSAlVE5HqZrUTHjCKsu+O4ydUdWMey3Fr6Tn6Yl+4LbymPi0lkpruKAE0/FRERERERkZuQEqgiIp2meTZkMIkJ9WTuqaQeb/qOn87TscdYvtzBlzXgExLFk0/dj90McJaj29ex/IMSyuvBJ2QQySlzibPSMhuSyUkkFWWSlleNfdESngzJ4Hcr9uOoPI+PKZiJs6040vJgxkJemhLSoT5P2EeyoO4IaXnV1Pv4ET1rFs/ENyc5q8jbvpHU5vamQOzT7ARk7GG3ZwhP/2o2zXMzqzL+wrPrapny1OPMH9j6u6giM6MECCQpIZyvCrAENF3VczxzNSvWFXKiHvDxI3rqdBZPGYwfcCB1KctyLSTOCuPwxjxO1Lf6/txNnwWAQpYtWQohI3nxp/HUZe/kzS1H+LLyPOBNn6gxPL04sSnpXc/JA+tY9s4xnDWNYw6OjWd24F7+v03uxrByt5CyZAt9ZyzkpfgK0pbvZPfxauoBc/ggFiTPIs6qX6kiIiIiIiLfRDpESkTkerkO8vySpaS0er3+aesKZWQXh7NgQQKJ4ec5kbWR51JdRMxOYtF4C/WuPNIzXQBUZabz600lYI8lZUECE3uVsGLpWvJa9XZixzbSKgOISYglyepg+e+zcVQaiZ2VRPLsEJxr85qSiHS4T3Lz2BsyluQFsYzuVY1j9UbeL218lPfWKl5taZ/Egsn+nMj3ZnpiINTks+1ATVMnTt7PqITwaO69JHkKUEt1DYA/FstXn7WO9Q1eWl1I9bAxpCxIYp4dHJvW8Op2V6tabjIyapk4P4lFCYEYXHm8lpYL1mjmLYhldC+AQBIXJJEyK5ogajmc7YSmPhclWKjOy2ZFRkXLmM+9eYyT/aJZtCCJlPtsUOTCZE8gZVb/xq0ZBkQ1xWNk76qNbD/uQ/z8JFIWxBLr4yK7oIew9OAAACAASURBVL7tDyUiIiIiIiK3NE2XERG5XoHRPPvUePq2KjKYW1cIY17KdCYYIKLiEzKK3UTf9xDzY00wup7srF04jjcmCDP3VELgSJ5e2Dg7Mi68CsfLB9l9CKICm7oLj+U3SxIJADiQzqs1YJs1j8WJVmAUcb1qeGpFflNlV8f6jBrPM7PHYgBsFXnkbHJz1AWE5rJtXy2EXGwPo5gAUAfR63bhyHZQFzMWQ4GD7EqIvi+O5vmkF9VTXXe1L7IpVtMQkpMnNc5qjbFyMv9ttu/Zz9Ep05vqGZmycC5JA4EYb3L2bCHHVUKJwY49xgfnB9nknPbHHjOqZQ/UpCceJ6l5mOY2+cWQ2DgzGPqT/MT0pvqjiEtsrBqBkw0U4rYMIi7GDlSx2wOYLEQMiSTG6k9cTOLVPpiIiIiIiIjcwm6KBOrJCjdZ+xwAjI4egq1fSDdHJCJyDQzeWCwBV0gaNvPG7yv7expMpqYLY6uT512NSUsO8vySg5fUN1dUQXOy02ptGaukonGJeZ9A68XKgf6tYulgn5fE0UppSeNs1pCwy/d4NYwladweHPs+IdM9lj6Zh3CbhpAUY7pCR1b6hgCVZ3G7gSvOQm2KNcSfPi1lYUSEw/a8KqpayowEXGmINlWw9621vJlTieeyiaLNY1ovSYC3LYCJC5M4mrqTN3/1R1biTZ8Bw1iQPB17OzNrRURERERE5NbV7QlUZ5GLV5a9jaemFoD1WzJ59vGHiIrUCdYi8m0TQkQI5NRF8exTCV+Z0RoAFZe3CLNaADfllRVAUxK18ixV0JREvfY+LxEaQl/ghKuEEuyXJVHticPos8/B7uwM+uw7T5+EsVz5rHoTcbFhrMwrYdueYibed+k+qNXuKvwsTbF6zuNpeVLC0WKgV2OCuoqr8bn8N9uhnazYV4k5agwpk6OICikk9X/vofHPdlb6BgKuCk7AFZLEPpcnlq2jSF4yimRqqC46yPJle3gtLZhli8deOQktIiIiIiIit7RuTaC2Tp7Om3U3AOnrdvF66jp+8sRDmokqIrcGTwWOA5/gbF1mHUTcZfuAXk0I8QmBrFmdR+o6C3PsAVDvIucATFx8D1FXamIfRaypkOx16SwnntHmEnavzcfDxQTqNfd5iVEkjdtDzr6DvLbKyBx7AHUVh9h8PJLnk8di6BfN6EAH2zdl48SPKbFt//HLEDOLJ3JSWbbjLX7mGskDo0MwUEVehoPM4wEk/+aRplgdLF/lxxx7AO7cTLafBtuMMUQAB64ar5WIcG8oLuH9tbn0SbQRZjbSsqPC6TKysz5uSp4ChJM0OZDNqwtJXbaZ6vFhGE472XbAyIKn72GA1YbNtB/nkb2kfWolaaAXOamr2dtvJElDAqC+GHfNFQMRERERERGRb4huS6C2Tp4umj+dCbHRAJjNJlambeaVZW8riSoit4bThaS/WXhpmX0accnX/u9XQPyj/Nq8jmXvZLMiB/DxxjZsDAZPGw0Mw1j81FnqVu4he902DpiCmTg7Cnda3tfv8yuiHn6EFMN7pGc3tvcxBWKfZqUOMGDj3sRAtq9rOjyqX3s9+ROTvJBnMzaTvsPBytzGLQXMIcHEL0gixgCG+Ef5BatZsa45Vj+iZ8xh8ZSOf5dRs2cx5/Rm1u/Zwkt5I3nxp5N4Zoab1z/Yz4o8I0PnRjE65yA5Ld/PPJ6rf4/UjQ5W5jvAx4/BsfH4ARDJvMUjqUo9yPaVb+GY8SDJMcFk7tjPiqzzjfGHR/H0Qs0+FRERERER+abyamhoaOjqQdtKnjb7MNvByrTNmE1GJVFFOlHBsWK8vLyu6QW0ed983fq9vev2yjrC7Nftu5DcnAo2s+T3DgJmJPP8FOvV61+nugN/54k3S4he8CTPXHH/U/kmKC07RWhw7+4OQ0REREREbkKe6ssOnPhG6fLsw9WSp0BLmWaiiohcjZO0X67G0S+a6aNDMNS7yN7iwI2FJHvnJ0+hgt07SqDNw6NEREREREREbm1dmkDtSPK0WWcmUT0153htxWryjxW3lPkafIgc3I/vPjCR/uHB19V/ZdUZfvP7v/PQrLsZO3LoZc+PFpTwxzc28KNHHyBi4GVHlnSJDR9k4cg7xtMpczGbfLslBhG5ESzEJNo4mnFxSbxPYBhznprFvaFdMHzBXrYV087hUSIiIiIiIiK3ti5LoF5L8rRZZ89EnXr3OJISxwJw5kw1m3dm8/Lr6fzgezMYeXvEDRtHRKTzBBCVOJf/ldhNww+czm+WTu+mwUVEREREREQ6X4+uGOTrJE+bTYiNZtH86Xhqanll2ds4i1w3LC6T0ZfAgJ4EBvTE1i+E5IenM2L4YNZvyaTaU3vDxhEREREREREREZFbU6fPQG2dPB0a0f+akqfNJsRGk7k3l8NHCzt1T1Qfb28S7hzJH/+6nuNFLoZF2jhaUMLb63dR4Czl/IULjBlxG48+NBU/s5GKSjdv/GMrnx0uwLtHD8aOGsqDD1ycBlZ8opzNO/5GQeEJQoIC+cH3ZjDI1rfl+WeHj/GXt97HdbKSwQPC+MH3ZhDcp3fTswLeencHpWUV+JlNTJ04jqmTxuHj7U1pWSX/2LCbzw8XUFdfz+ABYfxw4f1YAy0t2wPcMWYY/9r3OeF9+/DkY7P5LO8Yq/6xldNnqxk6xEZoUOAN//5ERERERERERES+aTp9Buory9Lx1Ny42ZzNM1E7S09/M15eXpyt9gBQ5T7DHWOG86vnHuM/n/kex4tcbN+zH4B33/8n587V8dJPk3l+yUJ69TRz+oynpa/M7Fzmzbqbl376GP5+JjZt38v58xcAqK09hyOvgB99fybPL/k+AH/++/t4as7hLC7jz3/fxMjbI/jNf6bw6HensjXjY3Z9+AkAZ6trGGQL5YWfLOKlnz6Gd48erN64h4aGxnFramr5aP8hvjPjLh575F5KyypZ9c5W7hx3O7/5zxQmT4jh44OHO+07FBERERERERER+abo9Bmo8bF2oiJtLEtdd0MSqU8kzyLviPMGRHZl587Vcf78+Zb7mBG3tVxbAy0MsoVSUlreUmY2Gwmw+GMy+jJv1iSg8RApgPvuGU/k4H4A2IcNxpF3jHN19QD06NGD6ZNi6R8WBMB3ZiSwYtV7FJ84SV6+kwBLT2ZMuQN/PxPWQAtHjhWx/9MvSLhjBBEDwy45fGr40IE48o5RU3sOAG9vb743ZwqjoocA8OHe3Cv2d7Sg5IZ/fyIiIiIiIiIiIt8knZ5AnT97Usu1s7jskmcnK9w896sVV2z3/L8vvOIy/Rh7JDH2yBsbZCvn6uox+PjQ29ITgLwjTtZs2kNJaUVLAjh2dBQAc+9P5G+rt/M/f7EMPz8jkybEMHXiuJa+2jvd3mDwoVdPv5Z7X4MPdfX1nHKfobSsEl+DDz16XJwgbDYZOVV1hppz5yg/5SZ97U6OF7k4c7ZxxuuQQeFt9t1WfyIiIiIiIiIiItK+Tk+gtqe8ogponNkZFGgB4GSlm4pKd7cc4lR//jx7/nWQwN69CAvtw9nqGtLX7yIwoCfPPfUwJpORv63e1lK/t6UnTybPoqEBjjlP8Mc3NmDt3YvhQwdeday6unpOn6luuW+duA0NDsRZXMaFCxdanntqaukd0BODtw+r38vg9FkPzyyei6WXP9syPib/WHGbY4UGB3K0oIS6+nrM+Lb0JyIiIiIiIiIiIu3r9D1QO2JCbDQ/eXIeP3lyXpuHTEVF2nhg6vgbOm5N7Tkqq85QWXWGgsJS/vvPa/nscAEPf2cyfmYjPXr0wNfgg6/BB6OvgS8LSjjyZREA589f4B8bdrPvk8Occp/Bywt6eHU8MXnhwgU278ymsOQkhSUneXfTHsJC+xDeN4gRwyOocp9h0/aPqKh0s//gF2Tt+4wxI27DbDZiMvpi8PHGZPSlvKKK/VfZz3TE8AiqPTVs2Znd0l9mtuO6vz8REREREREREZFvum6dgXotZk6Lv+F9frBrHx/s2gc0LqGPHNyPJT/6Lv3Dg4HGJfjzZ0/iT3/bxM9+tYLR0ZEM7B8KgJeXF+F9g0hfu5NT7jP4eHszIc7OhDg7nppzVx3baPRl+G0DeG35aqpOn2HwgDAee3g6ZpMvtvBg/u2RGbz17g627t6Hn9nE1InjuHvCKLy8YO59Cfz/q97jF7/9CwP79yUqcgAnXBVtjmULD2bhg/fwt9Xb2bp7H4MHhDHaHtluGxEREREREREREQGvhobms9s7V8qSpQCsWLqkpSzviJNX//A2D0wd35IgXb8lkw0fZPHs4w8RFWnritBEvrUKjhXj5eV1TS+gzfvm69bv7V23V9YRZr9b5m9AIre80rJThAb37u4wRERERETkJuSpru/uEDrVTbGEvyPWb8kkfd3O7g5DREREREREREREvkW6LIHa3on0HbHhgyw+3Jt7g6IRERERERERERERubouW/862n4bWfscpKZtZkKsHQBncVmb9Z3FZS3Lej/Mzm3pQ0RERERERERERKSrdFkCdea0ePLynWRmOzp0AvxXl+tbAy3Mnz2ps8ITERERERERERERuUyXJVCDrBb+a8mjZGbnUu2pveRZjD3yitfN/MxG4mPt+JmNnR6niIiIiIiIiIiISDOvhoaGhu4OQkS6R8GxYry8vK7pBbR533zd+r296/bKOsLs12V/AxL51istO0VocO/uDkNERERERG5Cnur67g6hU3XZIVIiIiIiIiIiIiIitxolUEVERERERERERETaoASqiIiIiIiIiIiISBuUQBURERERERERERFpgxKoIiIiIiIiIiIiIm1QAlVERERERERERESkDUqgioiIiIiIiIiIiLRBCVQRERERERERERGRNiiBKiIiIiIiIiIiItIGJVBFRERERERERERE2uDT3QGIiNy6cnl9yRZyvlJqDgkmdup05seEYOiWuDqgdCu/ePkgzFjIS1NCujsaERERERERkZuWEqgiIterV3/mzRqGBaDeRfaOg2S8uYqc3Gm8tNCOX3fH1wUOpC5lWa6FOf+Rwr2h3R2NiIiIiIiIyI2jBKqIyPUyW4mOGUVY021cbDwHUlNZlrON9Fg7ycO6NToRERERERERuQ5KoIqI3HD+xMyIok/uQTKzD5E8bBhwlqPb17H8gxLK68EnZBDJKXOJs9KynP6EfSQL6o6QlldNvY8f0VOns3jK4KYZrO20/zSdlJWF9B0fy9D8/WS4zoOPhcTkR1g4zB+AuqIMXl+RjeM0+PQKY+Z9lq/E/DXimzWLZ+IrWm1j4GbNy0tZQ3+eWDqPmNKPeX3lHnJc5wFv+kRFkzz/HqK+OrSIiIiIiIjITUyHSImIdIbQMGwArhJOAlWZ6fx6UwnYY0lZkMDEXiWsWLqWvNZtcg/yvjma5AUJTBl4HsemNSzPPgsdbH8iy4Fn/CRS5kcz2MdNxor3OABQl8vyZdk4PBbiZyWRfJ+V3I15nGjVtmPx5bE3ZCzJC2IZ3asax+qNvF9q494FSSQOADAyelYSKQviiMBJ2opd5LhDmLMgiZT50dgqj3Hg9I3/qkVEREREREQ6U5fOQHUWuUhft4u8fOc1tzWbjMybPYkJsdE3PjARkU7lInNPJQSO5OmFiYQBceFVOF4+yO5DEBXYVC08lucWJhIAxNm9OfGzXTgyP6Yqdlj77ZuaWxLuZ3GiDRiFIdfBslw3J0qBYgc5NTB0/iMkx/oDo4ihgifSSq4tvqjxPDN7LAbAVpFHziY3R10B3BsziqqcbWRgJCJqFHGhAEfweACLlahhUUSYRxEX2wVftYiIiIiIiMgN1mUJ1JMVbl5Z9jaemlr6hwfjZzJeU3tnsYuVaZuJGmIjyKr1nyJykystwQkQEkYQLo66AA7y/JKDl1QzV1RBc4LSaiWg+YHBRlQIOGpqqb5a+16N1369rvzvakmFu/G5yb+lzDAgmL5cTKB2KD6DEUMHPnqjSOYtHknVKge//rkDfLyxDYtn0YI4BnS8ExEREREREZFu12UJ1G0ZH+OpqWXerLtJShx7ze3Xb8lkwwdZlFdUKYEqIje5sxzYlEc5RuLHDwNcRIRATl0Uzz6VQN9WNQ3mAKhouqmooAoak6h1TvJcwAAjfoS03/5Q+9GEWS2Am/LKCsAKQN3xMk5AU19X6b/iqz1eznCF3yZ+A+/hmZ/fA3VnOVmwk9f+sIdlG8P4zWzb1TsUERERERERuUl0WQLVWeQCID7W3lVDioh0DU8FjgOfNM44rXeRveMgOS6wjJ7GvEiAEOITAlmzOo/UdRbm2AOg3kXOAZi4+J6WJfgUZ/PrVTDHbuJo1l4cwOBYOwFYO9a+LfZRxJoKyV6XznLiGW0uYffGklYVOhhfO2xDAiGnkt2b9hI1NYq+/UpIf2EP1QmjiLUaocJNFTQdiCUiIiIiIiJy6+iSBOqH2Q6cxWUApKZtJnn+dPzMly81dRa5sPUL6YqQRERunNOFpL9Z2HJrDgkmccF05seEtCx5D4h/lF+b17HsnWxW5NC0pH0MBk+rfuwjudfjIPXNplPuZ8xhcby14+3bYhjG4qdcVK/YT/a6bRzoFcbM+6Jwp108Iuq6+gcC4meTUrCa1H17+HXulzyx9B6i7UY27NjDihoAb/pExfK0Zp+KiIiIiIjILcaroaGhobMHef0va8lx5LfcP//vCy9JlH6Y7SB97U48NbVtHhbVvIT/2ccfIipS/wEXuREKjhXj5eV1TS+gzfvm69bv7V23V9YRZr8uPQev85Ru5RcvH+SEfRorkjVLX25OpWWnCA3u3d1hiIiIiIjITchTXd/dIXSqLsk+PPnYbF55PZ3DRwtZsXTJJc9OVrhZmbYZs8mXoRH9OXy0kJVpm4mxR15xluqN4Kk5x2srVpN/rLilzNfgQ+Tgfnz3gYn0Dw++pB7A0ylzMZt8OyUeERERERERERERuTl1+/StnNwvAEhKHMvMafGkrd3J9j37cRa5On2m6dS7x7UcaHXmTDWbd2bz8uvp/OB7Mxh5ewQmoy9PJs8GwGS8scnT5aveo+LUaSVmRUREREREREREbmI9umKQ9VsyW/ZAfXXZ25yscLc8s4U3LuXPyT3C4fxCDuc7ATpt9mlrJqMvgQE9CQzoia1fCMkPT2fE8MGs35JJtacWLy/o1dNMr55mvuYKYxGRqwu9h5eWLtHyfREREREREZGbUJfMQK321OKpqQXgeFHpJc/6WAMwm4w4i8t4ZVk6AGaTEbPZ1BWhXcLH25uEO0fyx7+u53iRi2GRNpaveg+AxQvvZ8MHWXziyMfWL4S9+z9nzn0JTIiz8857GWRlO7hwoYEJcXYefCARk9GXCxca2JWZw8at/8J9pprelp5MmxTL1t37qDh1GoCn/vP/MnNaPA9MHc9nhwt4690dlJZV4Gc2MXXiOKZOGoePt/dlY8+aPoFPPz+K2Wzihwvvx9u7MRe+emMGXxwt0sxWERERERERERGRG6BLEqjzZ0/CWeTi8NFCfv+r/9FSXu2p5cWlb+CpqaV/eDAx9kgO5B6hsLiMV5el8/ySR7tkJmprPf3NeHl5cbb6ykdPFxSW4u9n4unFc+kfFsI7GzJw5H3J//zhg/Tq6cdf07ewcdu/mHtfIpnZubyzIYO59ycwZuRQjheWUlp2iv/1zPdY9Y+tVLnP8m+P3EuApSfO4jL+/PdN3Dn2dqbcNZdjzlJWvbMVX18DSYljLhvbFh5CT38zazd/SHmlm5Cg3lR7avn88HHiYoYpeSoiIiIiIiIiInIDdOseqOu3ZOKpqWVKwhjmz54EwMxp8fzlrc1k7XOwLeNjZk6L79KYzp2r4/z5820+Dw0O5LGH7yXA4k+V+yyOvC+5757xRA7uB8C9U+7g/e0fcarqDJn7PuOOscOZfNcYvLwgMKBnSz++Bh+8vXsQYOmJ2eTLp58fJcDSkxlT7sDfz4Q10MKRY0Xs//QLEu4YcdnYANFRg9i0/SMOHy0kJKg3+ceKOVvtYbQ9shO/IRERERERERERkW+PLkmgpq3dyeGjhQA89Z//zfNLHiXIasFZ5ALgcL6TV5e93VK/2lMDQN4RJ0zriggvOldXj8HHh96Wnld83tPfjK+vAYCq02fx1Jzjr+lb+Gv6lpY61t69cJ+p5lTVGYbfNqBD+6eWllXia/ChR4+L29KaTUZOVZ2h5ty5y8YGCLD4EzXExkcff0bsqCj2f/oFw24bSHCf3l/no4uIiIiIiIiIiMhXdEkC1c9sxGzyxVNzDlt48GXPmw+YulK7rlR//jx7/nWQwN69CAvtc9X6Ab38MZt8mTV9wiWzPnv08MLXx0DvgJ5UnDpNQwNXTaKGBgfiLC7jwoULLWWemlp6B/TE5Nv2cvw7xw7nT3/bxKEjx8k74uTh70zWgVciIiIiIiIiIiI3SJckUGdOiyfviJPDRwv5yZPzWspbX19NczL1RiZVa2rPUVl1BgD36bO8u+mfFBSW8uPHZndoHEsvf6KjBrM78xMG9g8lsHcvSl0VlJVXcdcdIxgz4jbWb8lk8IC+jBgewfHCUsor3Uy+K4Yhg8L5MuNjyivd9A8LYsTwCLbv2c+m7R8x5a4YjjlLydr3Gfcl3YnRaGgzhoH9+xIS1Ju31+/C38/EkEHhN+z7ERERERERERER+bbr1j1QAU5WuNnwQSblFe5LyqMibTwwdXzLfVLiWOJj7Tc0gfrBrn18sGsf0LgnaeTgfiz50Xfpf4VZslfi5QUPPpDIO+9lsPQPb1NXX09wn97Mmj4BgLsnjOLcuTrWbNzDqn9sJcgawHdm3EVDA4wfF80XR4t4cekbjBs1lMUL7+ffHpnBW+/uYOvuffiZTUydOI67J4xqNwZfXx9G2yNJW7uT7z4wsctn7YqIiIiIiIiIiHyTeTU0NDR09iCv/2UtOY78lvvn/30htn4hQOM+p6/+4e3L2phNvvz+V/+js0P7RvjEkU/a2h38zx9+l5Ag7X8qHVdwrBgvL69regFt3jdft35v77q9so4w+3X734BEvjVKy04RGqzfMSIiIiIicjlPdX13h9CpuiT7MHrEbeTlO/HUnGN09BD6WANankVF2nj28Ycua9O6DkC1p5bC4jKGDunf6fHeSs6fv8CH2Q5s/ULpE2jp7nBERERERERERES+UXpcvcr1mxAbjS28ccbpvNmTL1tmHhVpu+wVZL00GZiZncsry9LJO+LsipBvGcUnTpJ/rIgJsdF4e3fJj1NERERERERERORbo8sybs1L9nNyv/ha7as9tTcynG8MW78Qlr7wOKOih3R3KCIiIiIiIiIiIt84XbaBYFLiWDKzc0lft4vMbAd+ZtM1tT9e5AIuX9ovIiIiIiIiIiIi0lm6LIEaZLXwkyfmkbZ2J4ePFl5ze7PJl0Xzp1+2tF9ERERERERERESks3g1NDQ0dHcQItI9Co4V4+XldU0voM375uvW7+1dt1fWEWa/LvsbkMi3XmnZKUKDe3d3GCIiIiIichPyVNd3dwidSqcOiYiIiIiIiIiIiLRBCVQRERERERERERGRNiiBKiIiIiIiIiIiItIGJVBFRERERERERERE2qAEqoiIiIiIiIiIiEgblEAVERERERERERERaYMSqCIiIiIiIiIiIiJtUAJVREREREREREREpA1KoIqIiIiIiIiIiIi0QQlUERERERERERERkTYogSoiIiIiIiIiIiLSBiVQRUS+tlxeX7KUlN9upaSLRjyQupSUJSt4v7SLBuzmcUVERERERES6m093ByAiIh1nn/8DXq3zwc/SiYN8mk7KykL6zljIS1NCum5cERERERERkZuQEqgiIrcQgzmAAPO3Z1wRERERERGR7qYEqojIjVK6lV+8fJATQ6KYUneE7cfPg4+FxORZTDi0md9lleGp96bv+Ok89+Aw/HDx/m9XscYVTGJCPZl7Kqmn8fnTscdYvtzBlzXgExLFk0/dj93cuJR+Wa6FOf+Rwr2hQGkGv1uxH0fleXxMwUycbcWRlgdNs0cb6/dnUYo/m1PzOGEdyYs/HUv59q2s2VGIswbw8cYWO51nHxxGXupSluU2fpwTm1aRsglGL1pC/L6vjOs+RFrqTnYfr6YeMIcPYkHyXOKsrb4H+0gW1B0hLa+aeh8/omfN4pn48G778YiIiIiIiIh8Hd2+B6qzyMWLS98gZclSUpYs5cWlb+AscnV3WCIiX1/+MZwD40mZPwRbvZuMFat4vTiEefMTSAw/z4msPey+ZC/RMrKLw1mwoPn5Rp5LdRExO4lF4y3Uu/JIz7zCv4t1h1j++2wclUZiZyWRPDsE59o8TlxWsZCVqccwD4tizuTGxG32Hjd9JieQsiCJecOMOLM2k34IIiYnkTI+EACLPZaUBUncO/Cr/R0h9bcb2V5sJH5+Einzo7FVHGPF0tXk1rWqlpvH3pCxJC+IZXSvahyrN2oPVREREREREbnldPsM1L+kbaawuIz+4cEAOIvLSE3bzPNLHu3myEREvqao8TwzeywGXJTvyMfpCmNOynQmGCCu/ggZaSUcdQGhzQ3CmNf0PKLiEzKK3UTf9xDzY00wup7srF04jruAkEvHyf2E7BqwzZrH4kQrMIq4XjU8tSL/KwF5E5/8Y5KHXSxJfqHVTbiL3bkHOVrkImDKKOLch1iRVYnfgGHExTSOeaB1d59+TGYN2GbNZmFs47gxVPBE2jG25dRgH/DV7wFsFXnkbHJ/5XOLiIiIiIiI3Py6NIHqLHKx/oMsPJ5a+lgtzJs1qSV5+l9NCdP/vfQNnMVlVHtqSV+3k/IKN2azkZlTx2PrF3KVEUREbgIGI4ZLCrzxayowmLyv0ODi85YuTKY2+rqopMINQJ9A68XCQH8CLqvpT9/AVreeL3l/1WbW5zUuv2/Wt41xLhvXdfm4hnArfSih3O1u9SHajl1ERERERETkVtFlCVRn60xTvgAAIABJREFUkYtXlr2Np6a2sSAf8o44AQgKvHisc1CghcLiMl5c+gbllRf/I553xMlPnnhISVQRkSZhVgvgpryyAmhKZlaepQqukES96GTmNtbkVWMbn8Cc2EHY6vbz6z84LlYwtP+rISykcdy6mhqgMdFbV1xBORBtsbTXVEREREREROSW02V7oK7fkomnppZF86fz2i9/zOjoIZRXurEGWpg5Lb6l3sxp8VgDLZRXuhkdPYTXfvljFs2fjqemlvVbMrsqXBGRm599FLEmcK5LZ3nGJ+zN3swrq/LxXKWZwWxsua6uOMb7HxyhvHWF8GAGAyeydvJhQTFVX+1wxFjiTeBY+zZp2Y3j/m5tCZgGkTTadGM+m4iIiIiIiMhNostmoFZ7Gmeextgj8TMbefKx2Zc8dxa5MJtN2PqF8Nufp1zyLMYeycpWfYiICGAYxuKnzlK3cg/Z67ZxwBTMxNlRuNPy2m0WEH8/KQWrSc3aw4psC4n3DaJvfqs2lkQWLyjjtbRjrPz9W4xetIT4S3qIJPmn92FO3cnutG1sB8zhg0hJnotda/ZFRERERETkG8aroaGhoSsG+stbm8na52C0PZInk2e1lH91ab/ZZCRmRCTzZk3Cr2mW1Ot/WUuOI5/x46J57OHp1x2Lp+Ycr61YTXTUIB6YOv6y5ydcFbz6h7d5+DuTGTtyaLt9fXzwMH/86wZ+9P0HrlpX5GZTcKwYLy+va3oBbd43X7d+b++6vbKOMPt1+zl4N5+CzSz5vYOAGck8P8V69foiHVRadorQ4N7dHYaIiIiIiNyEPNX1V690C+uy7MP82ZPIy3eSk3vkknKz2QQ05nDNJl+ggcxsB84iF88+MQ8/s5EcRz7WQAvzZ0+6oTFl7XMwflw0QdaLe/Y1NMCejz6lyn22Q32MGB7By8//EH+/qy9bbU7cWnv3YvHC+7923CIijZyk/XI1jn7RTB8dgqHeRfYWB24sJNmVPBURERERERG5ETp9D1RnkYsXl77B0z//byqa9jxtLj9Z4SbIauEnT8zDbPLFU3OOmdPiGT8uGmdxGctS1wFgDbRQUenm6Z//Ny8ufQNnkeuGxFZWXkXWPsclZaVlFXy0//MO9+Fr8CEwoCe+Vzl0RUTkxrMQk2jDXORg5ZvbWJF2kFzCmPPUI9wb2t2xiYiIiIiIiHwzdHrWL23tTpzFZfQPDyao1YFRryxLx1NzjkXzpzMhNpqfPDGPF//PKj7MdvBfSx4lL99JXr4TgB8nz2L9lkxOVrpxFpeRmraZ55c8et2xxYy4jb0HDl0yC/XD7Fx6W3rScOHizgalZZX8Y8NuPj9cQF19PYMHhPHDhfdjDbRwtKCEP76xgR89+gCBvXvxm9//nfhYOwc+/YLi0pOEBAXyg+/N4MKFBn63/B08NefIB7Jz8lqW/X92uIC33t1BaVkFIUGBPDJnCrcPHdjS911xdj7MdlB5yn3J2DW159i8I5s9Hx3EfboaS08/Fn73HkbbI6msOtNmLINsfQE49v/au/f4qOs73+PvuWQuCUzIkATIBRRYwCa2IAYL1qwXalFqseJW2morttDW9uy6x/W0u2231raPrsfS0z72aHdrC6icStxeoLYVFAShhJUIRCVKEBCYXCAhV8jcL+ePMGMmmZkkkCt5PR+PeWR+v/n+vr/v8A+/vPP5fr+u03ruv16Rq65BaWazFpYU6e5PlkqSfvunXdpbUaVwOKLrFxTr7jtKZbNaLvnfHMBAytTs0uX6l9LhHgcAAAAAAJevQQ9QjxyvUUFejr7XJfB0e3zyeP2SpPUbt8S1z75QoZp9oer0bHO7CvNzY5tOfX/Ns3LVNQ7I2OYVz5TH49XeN6p0x60L1XC2VQffPqrbb7lOm7fsibXrcHt1ReEk3bPsJoXDYT1TtlW/+/NuffnzSxP2+9/7q/Slz92u8ePStfb5l/SX7fv0pc/dpm8/dK9+9f/+okxHhj6/fLEy0m1y1TXq17/5iz46/0O65WPL9c6Rk3ruv17RP37lbkmS1+tTVfUJ/Y8vfVrBYFD/+eyL2lFeqeVLSxUORxQMhfT3X75LjvEZeq38TZVt3qGpBZNia0omGstX7vukGpta9X/XbtLMK/L11S9+Sj5/QK8feEfBYFibXvqrqqrf1z9+5W6NH5euZ8q26s/b/lvLl5LSAAAAAAAAYGwZknnn3beHiW4OFZ223zVEnT2zUG6PT666Rtltlrj1SQeaxWLWrTeW6IU/7tTCa4u0+/W3lDc5W7NmFMa1mz5tiqZPmxI7vmrWNFVVn5DX50/Y79KPL9TMK/MlScVzrlRV9QmFwxE5xmfIZDLGpv1L0tvvHlemY5xuv+U6ZaTbtOCaq1RRWa0TrtPKdmYqLc2sT99+gwqmZEuSrpw6RU3N7ZI6/x2jFaOS9OEPTVf5G1VqbTuvrAnjk47FHwjqwNvvyWa16LOfvlmZjgxJUsHSUrW1d6iq+v2462675Tq9tP11ebw+2W3WS/tHBwAAAAAAAEaRQQ9QC/Jy5Kpr1GNrntVEZ6Y+detCFebnXtgwyqB7lt2og28f1URnpqbm52hRSbGamttiYZ2rtkGF+bmSpCeeLFPNheUABsrsGYWamOXQ5i179P6pen3xM7fKZIpfGrbuTJPKNu3QqdoGne/wSJJmXJGXtM/O79Y3Zxpb5Kpt0EPffTLu/Mwr85XtzJTJZEq6vqrX59fmLXt04K331NJ2XpFIpMe9k43lTGOLxmXYZbGkxZ1vO9chj9evZ8q26pmyrbHzzgnj5fUFCFABAAAAAAAwpgx6gPrAiiVau3GLXHWNna/aBv3bd1Zpcel8vfjyXrnqGvXI1++R1Dm1v6m5TYX5ubp/xRKt37hFTzz1gh558DMqzM/V2ZZ2FeTl6IEVSwZsfBaLWUtuKtG/r/2Drrn6bzR9Wp7az7tjn4dCYf3uT7t0rsOjh1Yvl2N8hrbt2q9jJ+oG5P6TcrI0NT9XX/787bJ1CSdtVovqzzSlvPaNN49oz75DWnHnzbpq1jS5ahu04bev9Pm+x07Uye8PxIWsmeMzZLdZtGzJ9ZpbPDN23mg0aHxGej+/HQAAAAAAADC6DXqAWpifq+89/AW5PT49tuZZNbV0Tj9fXDpfBw8dVXlFlaqPupTtzNSp2gZ5vL7YxlKS4kLUx7+zalDGOHN6vr72xU8pb3J2j+pTo9Eom9WiNLNJNqtFTc1tOvDWEWU6xvX7PnabRfmTs1VT36i2cx3KHJ+hq6+arp3lb6qislofW1CsUDiig4fe07ziv+m9P6tFBoNB48elKxgMqbyiKumyAt1dfdV0bd99QH946a9auvij8vkDqjh4WLfeWKKi2VfqtfI3Na1gkrImjNeZhmY1NrXpY9dd3e/vDAAAAAAAAIxmxt6bDIyNm3aoqaVdc4tmSOpcv/ORB+/RwmuL1NTSrupjLkmdU9DXb9yiPRVVur6kSPevWCKP16cnnnpBrtqGQRmb2WRS8Zwr5bywbmhXBoO0fOkNkqTvPr5WZZt3avbMqRd9r6WLr5MkPfL9/9CLL+9VYV6O7r/nE6qorNa3fvS0Hn1ivVy1jUpLM/Xa10eKZ2hRSbGeWrdZP/w/G5STnRlXxZpKYV6OvvS523XsRJ2+/eNf6fF/f17+QEAmk0F331GqmdPzteYXL+ibP/hPPffbV2S1pvXeKQAAAAAAAHCZMUQikchQ3OiJJ8t05HiNfv7Db8Q2kUrEVdugJ54qk8frj1Wi7qmo0vqNW2S3WWPT+QFcupMn6mQwGPr1kpT0OPq+689U71Od6wt7+pDsgwdA0pnGVk3KmTDcwwAAAAAwAnncweEewqAasgrUaGh68NBRSdKTazdp1cNr9K0fPh1XWVqYn6tHHrxnWCpRAQAAAAAAAKAr06OPPvroUNxoSq5T+w4e1huV1Xrx5b063dgiZ5ZDzS3tamvv0IJ5c2JtMx0ZKp5zZaz9RGemri8p0kRnpt6orNahwye0uHT+UAwbuKy1tZ4b1RWoaWlD9jcgYMzrcHs1LsM23MMAAAAAMAIFA+HhHsKgGrL0IVpZOrdohmZNL9DCa4v0vYe/IEmxjaUkae3zW/TYmmd7VKJu23VA15cUqSAvJ649AAAAAAAAAAyWIVsDNZnvr3lWNXWNKszLkSS56hrlzHLo8e+s6jzusibqxCyHmlraVZCXEwtfAVw81kAF0FesgQoAAAAgGdZAHWQPrFiigrwcueoa5aprVEFejr6xclns82gl6qzpBWpqades6QV6YMWSYRwxAAAAAAAAgLFi2CtQAQwfKlAB9BUVqAAAAACSoQIVAAAAAAAAAMYoAlQAAAAAAAAASIIAFQAAAAAAAACSIEAFAAAAAAAAgCQIUAEAAAAAAAAgCQJUAAAAAAAAAEiCABUAAAAAAAAAkiBABQAAAAAAAIAkCFABAAAAAAAAIAkCVAAAAAAAAABIggAVAAAAAAAAAJIgQAUAAAAAAACAJAhQAeCSNOilx9do1cNlOtiX5mde0XcfXqNV6w4N9sAAAAAAAMAAIEAFAAAAAAAAgCQIUAEAAAAAAAAgCfNwDwAALjvth7Vx3Q69dsqtoCR73hW6d+VyLXB2bVSv1365Wxur3Qqa01V06xKtvuVKpQ/TkAEAAAAAQGLDEqC6PT69+HK59uyrksfr6/N1E7McWlw6X4tLrxnE0QHApTiqdY//WeXBLJWuWKTZqtdrm6r09JrfKf3R5SqONjv0ll6aW6KV99p0fO8+bf/L7/Uz+0r9yyJnqs4BAAAAAMAQG5YA9cm1m3TkeI3sNotmTS/o83VHjteobPMO2e1WXV9SNIgjBICL9PZ+lXulwmV36r4Sp6SPaJ6a9eDGE9pW6VXx1Avt8kr0z/eVKlPSgnnpanp4qyorDqltUec5AAAAAAAwMgx5gOqqbdCR4zUqyMvRIw/eo3S7tV/XPvbT5/Ti1nICVAAjUn1DuyRpYtYHlaRpeU5NVL2a2ts/aOh0dglKczU9V6r0+uSWCFABAAAAABhBhnwTKbvdplnTC/SpTyzqV3gqSYX5uZo1vUBNLe29NwaAIRGUOyBJZqVJmpLrkCQFvN5Yi0Bds5okTXQ4PrisuVltsQYuVTdIsllZAxUAAAAAgBFmyCtQs50OPfL1e4b6tgAwwNp0/GC1qiv3a0uLpNlXaLYkXT1fi2w1Kt/0gjbqI5quer22qV6yXaHFc21S84XL6yr04+eku4o710CtklS0aD7VpwAAAAAAjDBDHqCebW5X5aGjcZtHzS2aocL83CEbg8fr18+f/p2OnaiLnTMYpEk5Tn320zfrQ7OmDdlYAIxWLr20YbcqJZlzZ+vr981XmiRpplZ+c6ns63botY3btF2SPe8KrVq5XMVpXS4v/rBu81Rp3Qa3guZ0Fd1+l1aXZAzHFwEAAAAAACkYIpFIZChu5Pb49OLL5dq260DCzwvzcnTPsps0e2Zhyn6eeLJMR47X6Ok1D1/0WKIB6owr8rS4dL4kKRIOa/tfD+r1A+/qf37l75Q3eeJF9w+MFidP1MlgMPTrJSnpcfR915+p3qc61xf29GHZBw8Yk840tmpSzoThHgYAAACAEcjjDg73EAbVkKQPbo9PP3mqTK66RjmzHPp46TUqzOusOD3b0q7yfYd05HiNfvKLF3T/iiUpN4hKt1tlt1kGZFw2q0VZmeNixzdcd7Ve3/+uGs62EKACAAAAAAAAGJoA9cm1m+Sqa9TCa4u04s6b4jaPmi3p+pIi7amo0vqNW7R+4xZNzctJOqX/6w/cOShjDIcjevOdY7LbrZp64d6/fO5PkqTV931SkrT/rSN6pmyrHlp9tyTpZ7/8rTxef6wPu82ih1bfrZa2c/qPZ16M6985Yby+9fefiwtsAQAAAAAAAIxsgx6g7qmo0pHjNZo1vUAPfHZJ0nbRqtP1G7eobPNO/dODnxnsoemPW8v1x63lsWPH+HQ9eP8yObMcKa7qNLUgVz/45gMKRyLy+wNa+/xLMplMmpzrVEFejv73v35FktR+rkO/WP9HzZpRoPHj7IP2XQAAAAAAAAAMvEEPUCvffk+S9KlPLJLUuYnU+o1b4tosLCnS9Rde23btV/Uxl842tyvb2TPIdNU2yO3x9bpWal/ceuO1PdZAfWr9Zj20+m4V5uWkvNZsMinTkaFIRPrztr3qcHv1D6uWx6prLZnjFAyF9Ie/7JYzy6EVd94ss8l0yWMGAAAAAAAAMHSMg32DyqpjcmY5YoGnx+NV9TFX3MtV2xBrP694piTJVdeQsL+Nm3boJ794YUDGFl0DNStznJxZDt1+y3XKdIzTkWOuPvdRUXlYO/e8qZUrlihnYmbsfCQibXl1n46frNfKFUvili0AAAAAAAAAMDoMyRqo2V2mxBfm5+rpNQ8nbRtd+9RV2xALU6NctQ06crymT1PsL4Xb40t4PhQKxx0fO1Gn5//wqpYu/qhmXJEX91lF5WG9vPMNrbr3k3HBKgAAAAAAAIDRY0gCVI/3g0Ay1RR+SbFq1InOztBx2679sttt2ltRpeoLlaHR5QAuldfnV0vbeUmdU/j/uu+QmlvaNedCtexEp0NvvXNcjU2tsljStHNPZezaxqY2/fo3L+nKqZM1t3hGrJ+MdJtctQ36ze+366PzP6SCKdlqaTsvo8GgjAwb0/gBAAAAAACAUWTQA9SCvBy56hpja5pGp/B35cxy9AhQp15Yg7Rs8864divuvKlHZerFennnG3p55xux4wmOcfrC392qmVcWSJJuWjRXR47V6Ns//rXGZ6Rr0YIinW1plySdqj2jxqZWNTa16p9/9KtYH1/94h2qO92kDrdXO/ZUaseF0NVus+ih1Xdr+rQpAzJ2AAAAAAAAAIPPEIlEIoN5g2279qts807dcsM1WnHnTSnbumob9NhPn5Mzy6HHv7NKklR91KW1G7eouaVdd9y6cMCqTwFIJ0/UyWAw9OslKelx9H3Xn6nepzrXF/b0ISmiByDpTGOrJuVMGO5hAAAAABiBPO7gcA9hUA36JlKLSorlzHJo++4D2lNRlbTd2eZ2PblusyTFBa2zZxbqew9/Qfcsu1GLS+cP9nABAAAAAAAAIGbQA9R0uzUWiG7ftV9HjtXEpulLnRs2bdt1QI+teVZNLe1aeG1Rjyn66XarFpfOZyd7AAAAAAAAAENqSOa/Rne1d9U16omnypK2Y4o+AAAAAAAAgJFkSALU7CyHnFkOZWc5NHtmoVy1DbFQVeqcpr+opFjZTsdQDAcAAAAAAAAA+mTQN5ECMHKxiRSAvmITKQAAAADJsIkUAAAAAAAAAIxRBKgAAAAAAAAAkAQBKgAAAAAAAAAkQYAKAAAAAAAAAEkQoAIAAAAAAABAEgSoAAAAAAAAAJAEASoAAAAAAAAAJEGACoxRkUhkuIcAAAAAAAAw4hGgAmNUKBQe7iEAAAAAAACMeASowBgVCoWGewgAAAAAAAAjHgEqMEZdbAWqwWAY4JEAAAAAAACMXASowBgVClKBCgAAAAAA0BsCVGCMYgo/AAAAAABA7whQgTGKTaQAAAAAAAB6Zx7uAQAYHj6ff7iHcJlo1r7f/km/r2hUU1CSTHLkTdFty5Zo8czMXq8+uG6Nnjrk0F3/a5VumzTogwUAAAAAAP1EgAqMQcFgSH5/gA2hLlmzXvv5Om04ZdWsG27QXdOs0rl6le+tUtm6HZr8oztVPNxDBAAAAAAAl4QAFRiDOjrcKT8fyGD1sg5pm9/Ua6ckxw3L9MidhRdOfkQLShfrbHOHsod1cAAAAAAAYCAQoAJjkNvtvaTrL+tQ9CK0V1fpVKBQU9OiZ8zKdkan73foVMUObdh6VO+3hCSZNHH2NfqH1aWa0qOn1G07p/sX6P5VGdqyrlqnnR/Wd29t1A821Ktw2Ur9a6nzQj+Hte7bf1b5tBv189XzlT7Y/wAAAGBMiEQiST/j+RAAcDljEylgjIlEIvJ6fXHnog+8g/3ge9k9WDsX6I5iq9RQpR98a42+9uha/WzTLlWf6RpQ+3SkwiXNuUar7l2s+29wyF1doad3NSfosC9ta7R+3QnZ58zWXTfPUea8a7TIJrl27dOpCy0CBw+o3GvSolLCUwAAcHEikUiP10C2BwBgNKECFRhjklWfdg9R+xp2XnahaL9kaN7Kr+rHb+/Q7189qkN1LaraXaGq3RVyzP2EfnBfsdLl1OIHv6bF0UvmmVS5e6sqj9VJsYrRqL60NWnRym9o5ZwPrrqlZIfKd7+v8lppar5X+yrqpawi3TJHAAAAfZYo9OztXKJnwei53toBADBaEKACY4y7w9Ov9jzs9sas7Ks/rtVXf1ySFDhzSBs3bNWuym0qW1islTObte/5TdpQ2SJPsLe++tI2Q5Oz4s9MvblIhbsrVL7rqFYsrdP2aqlw2QJNvcRvBgAALn/dA9Kux6k+636u6zNjJBKJOzYYDISpAIBRjSn8wBji9fp0vsMtgwwyGD544WJ1qK09PulMm1SsxXPSJYUUCEo6vENPv9EizbhGq772Wf3kezeoKFl3/WnblWOBlsyWPIcOadvuark0RUsWdq9uBQAA+ED3afbdp9+Hw+HYT6kz9DQajTKZTDKbzbGXyWSS0WiMqzrten2iKf1M8QcAjDZUoAJjSGtLe7/aE672ona3fvzTKqXNLtLflkyRQ1Kg+bBefNUt2Wbob+dIOmmVPdr+XKMq9u5XVbL+7P1oG8emeSVTpOpjKntV0uxrNC+t14sAAMAYlajKtHuoGQ1Me3seTPQH+a4BavS4e0VqovMAAIxUVKACY4TH45Xbk3j9096kWtuqr+0Hou2Ik79QD66YLXvLUf1uwzY9vWGb1r9cr/TiEv3TN+/UbEmadpMeun2K0o4d0NMbduvgjJmam6y//rTtJu3CZlJS5+ZR5KcAAKC7riFp92rTaOBpMBhilaUX+5xmMBhilarR6ftd75FoHAAAjGSGCP9bAWOC61S9AsFgZ5VAtyn8fX1JSnocleg40ftU5/rKnk4R/Qdc2vjDF7RdRfrud5aw/ikG3JnGVk3KmTDcwwAAXKRk0/Wjx9Hp+YMlFAopHA4nfaaMngMAjE4ed6+bfoxqVKACY8D5824FAoFBvw8PvcPo8H6Vt0iFpWweBQAA4iWqOu36ilacDqZoRWqyMXQdJwAAIw0BKjAGNJ1tGe4hYFB1aM+uY/KweRQAAOgm1ZR9SUpLSxuyP4IbDAalpXUuNJRskylCVADASMQUfuAyd/Zsi9pa2zsfjKNTpQZpCn/3n6nepzrXV0zhB4YOU/gBYPRJVXnaNczsa1/hSERut1dGo1E+v1+hUFiOcenyeH0al5Eus7nvVazBYDA2pT/ZMycAYPS43Kfwkz4Al7G21nNqbWlLGVymCj+TXQMAAICRLVV4KqnP4Wk4HFaH26uW1nOqPnpS4UhYZxpbZLdZ5Pb4ZLWkaaIzU5FIRLnZTs24Il/jx6X32q/ZbJbf709YcRrdeIpnTwDASEEFKnCZ6jjvVn19wwd/ye9n9amkPn0WfZ/oZ6r3qc71FRWowNChAhUARo/e1jy1WCy9PoNFIhEFgiH5fAEdO1GjioPvKBAMKhQKJ2yfZjbLYjErGAorf3KOrp07R5NyUi8tFIlE5Pf7e33mBACMfFSgAhh1vB6f6usbLqmP7ruiXmwfAAAAGF5d1z61Wq29PqMFQ53BqcfbOU3farXIbDbL6/MnvSYQDCoQ7Pzl+fjJWtWdadT0qXkqmjNdk3MnJrwmuoyA3++X0WiMnQMAYKRhEyngMhMIBFVTWz9gC/DzEAsAADB6dK8+jW7WFA6HZTabe3228weCOnfeI7fHF6s2TbfbNSm3fxtVer1+naw5o4qD7+rEqfpYuNqd0WiU2WyOGyebSgEARhoqUIHLiNvtUW3taUXCA7tmVPe+LqZvglgAAIDBlWzqfjSUNJtT//rn9wd1rsOjYDAUd95mtShn4gSdbmhSIBBUut0mg6HzD/d2m1WNTa0J++twe9Th9sgfCMhgNGhaweSE7cxmswKBQMLQlPVQAQAjAQEqcJlobW3XmdONideP6jYdvz8bR/VmIPsCAADAwOgeovYWnvr8Abndvh7hadSknIlyu72aVjhZBhnkGJ+hQDAot9uriCKqO31W7xw5Ia/X1+PautNntbfibRkkFeTlxqbrd2UymRQKhWQ0GmMBKs+VAICRgk2kgFEuEono9OlGtbW2J1+Af4A2kOp6PtH7rj9TvU91rj/YRAoYOmwiBQAjW6qp++FwWOnp6UmvDQZDOtfhkd/fc5p9mtkkq9UiS5pJZrNJkYhkNMY/w4VC4di5A29V6+13j+nceXePvgrzJ+lj131Y2c6e/59EIhF5PB4ZjUYZjUYZDIbYT/5QDwAjH5tIARixQqGQXKfq5PX6BnzKfm+BJw+wAAAAI1PXMDUcDstkMqVs7/b6FAyGe5w3m03KyLDJakmLnUv0CGgyfVBRWnzVDOVkZ+nQu8d0suZ0XEVrw9kWvXe8RhMc42U2x4/JYDDEqlCjz6JM3QcAjBQEqMAoFIlE1NrSrsazTQoFQ71WjQIAAODy133d076sfRoMhuTzBRUOxweoVotZdrs1LjztC6slTYV5uYqEI2o716GzXdZH9fn8OvzeSU3Nn6S8ydk9nlVNJpOCwc6xRD9jOj8AYCToufgMgBErEomopaVN7x15X/X1Z2LhacoHyhTT9zs/Tn5tor7ZQAoAAGBk6boqW6KNpFJVoHa4vT3CU5PRqPR0W7/D0yiDwaDC/ElaVHK1crKzut3Po6MnahUKJ6p4NceNO9l3AwBgqFGBCowS7W3ndPp0owKBwIAHm71VrPZ2fjDWNwUAAEDfJQodewtPw+GwfAnWPbXbLTKbLq3Wxmg0aGr+JDWcbVFLa7uCwZDsdqvGj8uQ3WZVMBCSOcHYTCZTrHJJOz1iAAABVElEQVQ2OoWfKlQAwHAjQAVGMJ/Pr/b2c2ptbZcvwTqn3UPPZJtH9Udf1j9NdS0AAACGTveqzO6bSCXa8T7K5w/GBZRSZ/CZbrclXOv0YhTm5eq94y5NcIxTbo5T2c4JsqSlJR2X0WhUKBSKTeNnHVQAwEhAgAqMIJFIRB0dbrW3nVN7+3kFAgFJPXe772/1aaLp+71N/b/Yz/qKB2EAAICB1XX6ezRETRZURiT5A4EeAazNarnw6cA87+VmZ+m2Wxap/VyHbFZr7DOPzy+LpeevowaDIS487VqJGv2OPEcCAIYaASowxMLhsPz+gAKBgAKBoPx+vwKBoAKBgNxuj8KhzvWgEk2PT1Rt2v24v5tHpbpmIJYJAAAAwODqOn2/63GqsDEUCkky9AhQLWkD+yui0WhUht2qQCAUP8ZwRKFQWKZuSwUYjcYe66BKBKcAgOH1/wFTu+sTPErHRQAAAABJRU5ErkJggg==" height="600" width="800" />]]>
  </system-out>
  <testcase name="myInfoPageSideMenuCount" time="1.229" classname="testcases.MyInfoTest"/>
  <system-out>
    <![CDATA[iVBORw0KGgoAAAANSUhEUgAABVAAAAJcCAYAAAAfG4+9AAAAAXNSR0IArs4c6QAAIABJREFUeJzsvXmcI2d95/9+qnS01Pf0dPfch8ceH2PjC5vDGDAxu8FJyO0EQ5ZkNyQ4wSEkYTfH/sKSbDbsmiRgNhiSkM0mhvxiAgESDMEQgo/4wHhsz/iYGY/tOXqmp+9Travq2T9KUuuokuqpKqklTX1fbn9HUulbT30+9dHnq6ceSUJKKQkjjDBaF5klWD6DXJ5ALk/A0plCPoV5+ruI7BJSghBUZE2rvC0ACQgEEukqAwghkFI2zlXPL99jTbYbsFOuV6c6Gm1enhVCZbi1eLvI0jvOdbPN873hrMqfN5w97V4ZZ1X+vOHc1jpRxNstj/5w7kKdNOTRG86q/HWkTtpJLx2pk9boxR/Oqvyp4azKnzLOnnj097p0PumkpmxT9dJBvqKik3bSiyf+OkQnbaCXjtXJhvmKN5zDCMMu9E+fZjW1xuz8EplsHoB4LMLI8AC9yQQinEANI4w2CjOHPPkQ8th9mMfug8VTOJmGwMpezE4TmodmpfnNlatQ9Fr7ws1/MxJkU1i/SWlSc1XGY5BNoT2PrWiubPTisRkMVCdlOLs+7TzjrMpfm+tEicfmvxlpvk6KucU6aSe9eODPO85u+fOPd/v4SvN14vp09RJudBKgXrpCJ6GvtKb/Cn3FO86uefT/utQRvtIsnXSwrzRFJ2Gct7H2x8eYODdj+9j28c3hBGoYYbR1zDyPeew+jGc/j5h+1tZcNOGt+dA0TckUW2HmNdEkU2xF09u1KyCUgPawe2WcVfkL8k1tm+hEEW+3PLai6e0onTTk0RvOqvx1pE7aSS8dqZPW6MUfzqr8qeGsyp8yzp54bMZkaXfqpKZsU/XSQb6iopN20osn/jpEJ22gl47VyYb5ijecwwjDLk7/7vdIZ7K2j/XEY+EEahhhdEZI5PNfwnjg92H2WIVpVE6KqpsduDXR5jdXLqFQHIhdkea/GWnLFRBe4Au4KbTnsRXNVa1e2mKlUBnOrk87zzir8tfmOlHisflvRpqvk2JusU7aSS8e+POOs1v+/OPdPr7SfJ24Pl29hBudBKiXrtBJ6Cut6b9CX/GOs2se/b8udYSvNEsnHewrTdFJGOdtvPRbj2Ka9ieMpgm0Fo8njDDC8BQCcemPEnnP42i33IXs2wKwbl6FbJoSZANTrMoApmnam2LVdhKHLG2ycMh22zu5mrTJ9UzRKVeXdRqHx3Hb4VGDd73mozqr8BfQeOvh4RXnuttX9IIBjrsBHl5xdsufH5wb4iAbdH9+9VJTrs114sSjEy+KOKued15xLgO8Ntu+d2qxThRwbrpe2sFXasoFq+96ODTbV/zgrMpfoDopZjc6CfC88+vfbaETJ19xiXPd7WzLBqvvjum/XOjbDo+u9RUVnTjx6PT65QHnjvKVZunEJc7t6Cu+dRJGGGXhNHlafCycQA0jjE4KLYJ21c8Rvf1ptJt+DxLDllkJUZGRAtPO3IRNLphkzSRq1XYAAocsbLJ0yHbbF+rUhLDJTk2J0/Z2ZZ3G4XHcdng44VyT7XhxakrseAlovPXw8Ipz3e3L6gY67gZ4eMXZLX9+cG6Ig3AC2h3ODXmsKdfmOnHi0YkXRZxVzzuvOJcBXptt6rZcJwo4N10v7eArNeWC1Xc9HJrtK35wVuUvUJ0UsxudBHje+fXvttCJk6+4xLnudrZlg9V3x/RfLvRth0fX+oqKTpx4dHr98oBzR/lKs3TiEud29BXfOgkjDIUIP8IfRhidHCuT5L/wTsyJx9GcTAwBonC73pX4sgzU1KnbDUgJwmVu2FWURaPNq680ugyV4ZayynCKb67c4F2HN9srulXP94azKn/ecPa0e2WcVfnzhrNb/jZEJ4p4u+XRH85dqJOGPHrDWZW/jtRJO+mlI3XSGr34w1mVPzWcVflTxtkTj/5el84nndSUbapeOshXVHTSTnrxxF+H6KQN9NIuOjG1CGzajdk7gugdwYzGIRJHJoYQmg6ZZTQzD2YOsbaMyKfQlqfByLbYV7zhfF6FNMHMI00DDAOMPBh5ZGbV+ncYpXjxvzxS9/FwAjWMMDo9jCzGP/4ixnN/jyiYiVNzYvuDUw6mCdXm2vzmylUoeq194ea/GQmyKazfbDapuSrjMcim0J7HVjRXVg7yzZN99o6z69POM86q/LW5TpR4bP6bkebrpJhbrJN20osH/rzj7JY//3i3j680XyeuT1cv4UYnAeqlK3QS+kpr+q/QV7zj7JpH/69LHeErzdJJIZvRJHL0AuTQdsxNe0CPKPMVWZmC1Vm05SlEfs0zzhuqk/Mp8hlkJoXMpCCb3ujRbHiEE6hhhHGehPnYXeT/5XcR0kQi7VekyuLkqLsm0vrPen4rzLwmmmSKrWh6u3YFhBLQHnavjLMqf0G+qa19/oboRBFvtzz6w7kLddKQR284q/LXkTppJ710pE5aoxd/OKvyp4azKn/KOHvisRmTpd2pk5qyTdVLB/mKik7aSS+e+OsQnbSBXjZCJ8T7MHZdi9x6AKlpavqow6O2OEFk5hgin26iXrzhHIZNGDnk8hwyvbLRI9mwCCdQwwjjPAp54jvkvvgfEGvzJRPDwdzcfqwfiibb/ObK3UG6HQB1Cjf/zUhbroDwAl/ATaE9j36aWDX+2m6lUBnOrk87zzir8tfmOlHisflvRpqvk2JusU7aSS8e+POOs1v+/OPdPr7SfJ24Pl29hBudBKiXrtBJ6Cut6b9CX/GOs2se/b8udYSvBKwTU48gd16LseMqhB5V58Wlr2izLxOZPQ5GrjN0cr5HPmNNpGZSGz2Slkc4gRpGGOdbLJ4k9/c/DecOV5iY5tB8aFrjJhIBrTDzmmiSKbai6e3aFRBKQHvYvTLOqvwF+aa29vkbohNFvN3y6A/nLtRJQx694azKX0fqpJ300pE6aY1e/OGsyp8azqr8KePsicdmTJZ2p05qyjZVLx3kKyo6aSe9eOKvQ3TSBnpplU7yoxdh7n09JPoceVnM5Dibj7Co95ATEbIiynx8BIHGUGaeqMwRlTmGjDW2RLIMx2POOslnicweR597OWC9eMM5jMYh08vIxekCV+dHhBOoYYRxHoY89Qi5z/4AwszXmCE2zYrjJGpFpvAdqs1rrtwdnNsBUKdw89+MtOUKCC/wBdwU2vPop4lV46/tVgqV4ez6tPOMsyp/ba4TJR6b/2ak+Top5hbrpJ304oE/7zi75c8/3u3jK83XievT1Uu40UmAeukKnYS+0pr+K/QV7zi75tH/61JH+EpAOsnteQ1yx1W233G6mM1zMtfDRGwzq9E+hLBKlg5NghBaoV7Z/aagN7fM9uwUOyNrDMWjtjjri6eJnD3U3joJoxQyl0EuTJ43PzYVTqCGEcZ5GubBvyR33/srfziq0GTg0HxA4yu7lmE2x8xrokmm2Iqmt2tXQCgB7WH3yjir8hfkm1pnnTSz6fWLt1se/eHchTppyKM3nFX560idtJNeOlInrdGLP5xV+VPDWZU/ZZw98diMydLu1ElN2abqpYN8RUUn7aQXT/x1iE7aQC/N1Al6lPxFb0GOXQhCVOC4ms1xyBxgIrGjYjxCVA5cSChNoIpCZQkgkAV8pJTsXn2JSyIpklG9ZsDa2hyRU08izLx7AJulkzAahjQNWDiHzK5t9FCaHuEEahhhnMdhfP0D5L/3F5WTqGXZ7mP9UOfKLpYnuVqJ6sH0XYVib2pfuPlvRtpyBYQX+AJuCu159NPEqvHXdiuFynB2fdp5xlmVvzbXiRKPzXsz0jqdFHOLddJOevHAn3ec3fLnH+/28ZXm68T16eol3OgkQL10hU5CX2lN/xX6inecXfPo/3WpI3zFh05kYoj8/ptgaHvhXgvfnGlyJB3jWN++ugdk4SUx8wYg0DSNSCQC0rofBFKIEt/FaaaLVl/k4niGmK5XDE/LLBE5/SRafq39dBKGTUjk8ixydXGjB9LUCCdQwwjjfA4zR+6eH8Q89W+IgntUNx2aTROCTfNS7UIVK1EDanprokmm2Iqmt2tXQCgB7WH3yjir8hfkm9rGOgmq6a2rE0W83fLoD+cu1ElDHr3hrMpfR+qknfTSkTppjV784azKnxrOqvwp4+yJx2ZMlnanTmrKNlUvHeQrKjppJ7144q9DdNIGemmGTtCj5C7/QUTV5OlSNs9BsZXF+AimqNy/dUNDSkk+n2N+fp6pqWlWlpfRBQwNDjI8PERfbz+JRAKha0ihlSAvj6HMLFcbEwz2RCsGLtLLRE8+5m4larN0EoZSmCtzsDK/0cNoWoQTqGGEcb5HaobsZ96IXDqFQICobVYcJ1Er7q9qHYSob9YeTN9VKPam9oWb/2akLVdAeIEv4KbQnkc/Tawaf223UqgMZ9ennWecVflrc50o8Rj8m5HW66SYW6yTdtKLB/684+yWP/94t4+vNF8nrk9XL+FGJwHqpSt0EvpKa/qv0Fe84+yaR/+vSx3hKx51Ylz8FowtlyIK9YuTpw/HLiKnx5GiuN/iCARISK9lOHv2LJOTk5w4eZKzk5OspVZJJnrYu3sXPfE4fb1Jdu3eyfjWbcR6EoX6orQfq7Qkms9yQ+YoQ/FIxTAjq+fQTz3ZXjoJwzEkErlwDtKrGz2UpkQ4gRpGGGEgTz5E7m9uqWg2qn84qmYSFUH5ZKudG4mi2QbU9NYOvMHmHk2xFU1v166AUALaw+6VcVblL8g3tbXPb0bT21Anini75dEfzl2ok4Y8esNZlb+O1Ek76aUjddIavfjDWZU/NZxV+VPG2ROPzZgs7U6d1JRtql46yFdUdNJOevHEX4fopA30ErROctuvggtvKKBl3X8qLXmy7xKgoBkESM26XRjE3Ows33vsCV55+RWWV1bJG3kMaSI1GBropz/Zg5nPEo9ojI+PMjw6xqbRMbZu3U40nkBi1UOYlH+P6jVLz7EjoVfgrM+8SGTmmEceveEcho+QJubsBOSzGz2SwCOcQA0jjDAAyN1zC+aJh6Cs2aieNK2/EtWhhRAOK1E9mL6rUOxN7Qs3/81IW66A8AJfwE2hPY9+mlg1/tpupVAZzq5PO884q/LX5jpR4jHYNyMbo5NibrFO2kkvHvjzjrNb/vzj3T6+0nyduD5dvYQbnQSol67QSegrrem/Ql/xjrNrHv2/LnWEryjqxBzegXH5D4Gmleos5gy+nbgcIar3KawfiJKSycmzPPCdBzh98jRGPk82l0cKyBsGWjRKLBrDzGYY7O9l6+YRIjqsZDJo0Sgjo6Nc8+rrGd602aorJGBWHOGbVg7XrESNnfkeYmmqPXQSRuMwcpizp8E0G2/bQdFoAlVr0TjCCCOMDY7IG38bWXCZYvNimpXNh1ne5BS2QxYyIKnNUsr1x8uzcMjV25XVqwlpk+uZolOuLus0Do/jrsll+DVs+qq3a9Q8VuWgxlsPD684192+ohcMcNwN8PCKs1v+/ODcEIdG73L96qWmXJvrxIlHJ14UcVY977ziXAZ4bbZ979RinSjg3HS9tIOv1JQLVt/1cGi2r/jBWZW/QHVSzG50EuB559e/20InTr7iEue629mWDVbfHdN/udC3HR5d6ysqOnHi0en1ywPOHeUrCuM19Qj5i96C1LRS3axp8nD8YoTQyv50hNDQhEATMHn2DA/867eZmpqkpyeGYeTpScQYGRmmty9JTzxGai3DcipDai1HXmpkcyarKylmpqc59PQzPPzgQ0xPTUGBIyF0BDqCCEJEeCR5CVnDqBhvbvRSe/4a4OFbJ2F4Cz2KGNi80aNoeYQTqGGEcZ6E2PUG9AvfapmQKDQronYS1TKj9cdlyY1AOOTSPgqXMoUQWLuxydXb2dRZL2iTnZoSp+3tyjqNw+O4a3IVfnWvmFdv59RU2m0X4Hjr4eEV57rbl9UNdNwN8PCKs1v+/ODcEAfhBLQ7nBvyWFOuzXXixKMTL4o4q553XnEuA7w229RtuU4UcG66XtrBV2rKBavvejg021f84KzKX6A6KWY3OgnwvPPr322hEydfcYlz3e1sywar747pv1zo2w6PrvUVFZ048ej0+uUB547yFYXxmlsuh0RfBR7/JreQ03sQaFD4sx63BplJpzh86BlOvPwKe3fvZHlpmWgszuDgED09CTRNs1akZrPkDZOV1RST586RyeeIRqNEI1H6+vrIpNMcfvoZZqdn0ISGVpikFUIgEOT1BI+IrRXjJZYkv/lC5fPOt07C8B49fYhIbKNH0dIIJ1DDCOM8ishNH2b9Su16E2I7iVp8vJClVL8iuOFXdJ3KBnwlumNWQKjwV4aHV5zrbl9WN9BxN8Cj7VYKOY27zvaO4VcvNeXaXCdOPDrxoohzy1dAuOSv5TpRwLnpemkHX6kpF6y+6+HQbF/xg7Mqf4HqpJjd6CTA886vf7eFTpx8xSXOdbezLRusvjum/3Khbzs8utZXVHTixKPT65cHnDvKV1yOV+pRjB1XlvAFeCEtWOwZRaAhRMTKhUlUDUEmneall17k3NRZhgcHWF5cQABra1nOnJni5ZdPMjezyOrqmsVZBAyZwyCPFBJds9aYyrzBzLkpDj55kAcfeICpc1NYQ7MmaosrX5cSYxzNaBXjNob3YGoR9zwGoZMwPIdAQP+mjR5GSyOcQA0jjPMoxPgViP0/ULpiS1kzUjOJSu2V3cJPNGJ7xV9WXQGW7q+QNu2KrlPZgK9Ed8wKiDrjrYeHV5zrbl9WN9BxN8Cj7VYKOY27zvaO4VcvNeXaXCdOPDrxoohzy1dAuOSv5TpRwLnpemkHX6kpF6y+6+HQbF/xg7Mqf4HqpJjd6CTA886vf7eFTpx8xSXOdbezLRusvjum/3Khbzs8utZXVHTixKPT65cHnDvKV1yO19h6BVpPf6le1jR5KbkHTYDQQBcGujAQQmAKDTOf5qknHuPlI0dJLcwx0J/ENATZbJ6V1RUWV1ZZXMuSzpukMyapfBYZlfT2J8mZJmem5jh1doYzEzNMnznHubNnmZ6Z47sHn+HQ4WfJpjPW+DQBQlj/Fhov9+0jZ8r18etRzE173PMYhE7C8BUi3guxxEYPo2URTqCGEcZ5FvqBn7AmSyleQXeYRMX6TlSVFRBm4Uuk2+aKrlPZgK9Ed8wKiAb8ubqyq4Bz3e3L6gY67gZ4tN1KIadx19neMfzqpaZcm+vEiUcnXhRxVj3vvOJcBnhttqnbcp0o4Nx0vbSDr9SUC1bf9XBotq/4wVmVv0B1UsxudBLgeefXv9tCJ06+4hLnutvZlg1W3x3Tf7nQtx0eXesrKjpx4tHp9csDzh3lKy7Ga2oRzJ1XV+DwcjZCPpJEiIg1gyqs35WSGuiaYHFuhjMnXoJ8mtHBfmanJsnmcqyk86zmBVlNJw+sZXOks2m0vEY0bZJfXkTPpImbefqjGpv7Ioz3xdi1qY9tg71E8iaTE+dYW0tb7zmFQGiFj/ILQS6S4JV8rGL8+eHd7nkMQidh+A4xMLLRQ2hZRDZ6AGGEEUZrQ993M0LTMKWJZtNUmqZE08puS1nYjkKTgnWbwm0oXAGuvCIopUIu1KkJlSu6jZqV8rLCesA2S4Vc2EFNVlkB4dQU2jWXtnXVca7Jok72gbMtfzY8+sFZlT/vOLvN3nF2mx3Dr15qyrW5Tpx4tKvrAWclHv3oRJG/lutECecm66UdfEVFJ0HopaxO832l+TpxrRcVndjw2Apf8e/fbaATJ19xiXPX+YoSfwHoxY6/Mh671ldUcHbNo3ecO8pXXOiDoe2IWKK0g5xpcjx5AUIUBqcJay8ShNBAmvREBJuH+sgbJpHIEKunpliYXWE5Y1oMZbPEhEFPRCMpBAPxOFtGBti7Z4yx8WGSvQliyTjDff1EhSTZ288Tz7zAP37zYWanTrG4NM/AyBAUsC8/917u38eeteeJ6ZqFsx7D7B9DX55y9XrnWydh+A4RiSP1KBi5jR5K0yOcQA0jjPMt4oOw7VrExBM1k6UVk6hlTY5Z1uxQvC3Wb1tXAAu5GKLq/tLjNrnkblWhaopOubqslFg9hkLGJuOQVZv16mzXVGL/fC841+R6dYTwjLNb/vzhrMqfN5zd8ucH54b8lbpEf3i71okvnFugEyce/erEI49ecVblr+U6UcC5rfTSLF+pKReQTpx4rHh+c33FD86B+4pT+NVJoHrx599toRMnX/Grk071FQX+AvEVFZ10k680Sycece42XzFG9lbUOZWBfE8PuijcK3TrESFBWt+CqmMS1WBxKUU6J5ibX8IQafrjGgMxjYGoYHwgxp6to+zcuYNdu7exddsOBoc3E+9JkOhNEknE0KICzciRyeQZHB3l3Owc33r8OWZn59mxZw9CWJOkGsI6x4F8JMFEPsIezSjhbPZtQVs+54pH3zoJI5iIJyG1uNGjaHqEE6hhhHEeRuTiHyI78V00UbvitJhNWX2/ZXaWN1mG53RFEABJ6XkbdkW33ETLywrrAa9Xdt1cmW/LFRBl/FVkUSf7wNmWPxse/eCsyp93nN1m7zi7zY7hVy815dpcJ0482tX1gLPqii/POlHkr+U6UcK5yXppB19R0UkQeimrE65AdeDPhsdW+Ip//24DnTj5ikucu85XlPgLQC92/JXx2LW+ooKzax6949xRvuJCHwztqKgzGRku1NAK92sIIZHoaAgEBlLmGRrsR9NjnJiYJqJr9MYjvOrAfvaNDzESybBtIMroYD8jW0dJjg6h9w4Q6+lHRHsRWhQTjbxpogNCg/HxzVx37eU8/twrrK6uYBoG0UgEIbBWv2rWD0hJKZmMjbBXTJdwNpPDrl/vfOskjEBC9PQiz4MJ1PA7UMMI4zwM/eIfsMypYLbl331KWXNT8V2pgGQ9S1l2W9pk4ZDttndyNWmT65miU64u6zQOj+OuyXIdt4ZX1Ku3c2oq7bYLcLz18PCKc93ty+oGOu4GeHjF2S1/fnBuiIPtu9wGeKvopaZcm+vEiUcnXhRxVj3vvOJcBnhttqnbcp0o4Nx0vbSDr9SUC1bf9XBotq/4wVmVv0B1UsxudBLgeefXv9tCJ06+4hLnutvZlg1W3x3Tf7nQtx0eXesrKjpx4tHp9csDzh3lK43G27sJMzFQqpM1DWaSWxBi/XtHhRBoQrMmMgVIwyCbShOLROjrTSKQXLb/Aq66eC/XX7mf6664kAu3jTA+lKAvoRHRDMiBZkbRtAhSSAyZw5R5NAOEIdClJKkbbB3uY3R4gFQqhWGahX2LirEIIZjr3U7WMErjltEkZrzPFR6+dRJGMBHrAU3f6FE0PcIJ1DDCOA9DjOyHkYusyVPpMIlK5ZXfwjML/y/cloXbojZLs3gllMpst32xXs1AbbJTU+K0vV1Zp3HYjdfFuGuyypXz6u2cmkq77QIcbz08vOJcd/uyuoGOuwEeXnF2y58fnBviIJyAdodzQx5ryrW5Tpx4dOJFEWfV884rzmWA12abui3XiQLOTdeLh/POK86B6MRp3PW2r4NDs33FD86q/AWqk2J2o5MAzzu//t0WOnHyFZc4193Otmyw+u6Y/suFvu3w6FpfUdGJE49Or18ecO4oX2kw3vzmC9GEVqozmQUhtMItHU3TEUIgNIkQOgIdTDDyBpomSPQlGds6zvZt44z0JTBTK2iAFotjRhKsyTjLaZ1MGvJpE5mT6GYOyCGNHFreQDNBINFkjmREsmkgSURYPFtcgxDWeMv/5o1KnGVysys8fOskjEBCICCW2OhhND3Cj/CHEcZ5Gvr268lNH0XT1n8oquLj/FReKaYsU3Z7/Uq8y4xNrnC7sqh3BVcA8na0X/8IoqfqeekTyGc+gHn/twAQ7zqB1vtVjE//EmA9h4nbMf72cwhBoRkr5l2I/3QIkflNjL+5e/1+bDIOud6Kh+qMPd6OV+arnu8F55rcgLcK3KmTlfmzcgX+yji7zKV63nB2y58fnBvyJx10ooi3W/784dwCnTjx6FcnHnn0irMqfy3XiQLObaUXz76ixl9gOnHiseL5zfUVPzgH7itO4VcngerFn3+3hU6cfMWvTjrVVxT4C8RXVHTSTb7SLJ14xLmrfCWeLPx2hVVnScSB8tWnGpqwfhAYIZAIDDQyuSyZXA4pNYQGk6fPsGfzMNFIDOL9TJybZvrMBLm8JN7Tw9axQXZsWWHr1hS9/THQY6zmYDWVJS81YnHoERmypoEQklhERy9M3srCgVdfwJkVScZIl3A29Qha4Tia2n+FEViIWA8yvbLRw2hqhBOoYYRxvkbfGEKsT5raTaKW/5AUQOmqYXmWlglLKJhiIZeZWPG2Yy7Uqwlhk6tNEpDPDGL+Y/H+XYi3fhZx/d1o5/ZjPmN/+GL37WhDf4tclAUDL+TrPonYApwoGHuhWbPNhYHU5EJzUPfKeaOm0K65tK3rAt8qnGuyHX82PLpqChvxZ8OjH5xrcr06vnB2m73j7DY7hhu9KPDnB+eW6MSJR7u6HnBW4tGPThT5a7lOlHBusl488LehOglCL2V1mu8rzdeJa72o6MSGx1b4in//bgOdOPmKS5y7zleU+AtAL3b8lfHYtb6igrNrHr3j3FG+0gjn5HAFf4t6r/WReQRCE2gITFE4FiExNUFOwGJ6lTPnpjDROHN2CpnL0de/gy3btzG7mubBg8+zOLdINmuyvLJGXzLChdtHuP7ynVy2bxsYUV46NcPTL59kZjXN9m1b2L9zC1JIUukMoz096IVxIKD8KwWklJimyXJ0EGR6HefkphIe9fiLffBhImOVGMqpb5L7zIfIzznj7By3Ev+99yMO30D63tpHtbf/EbFXX42WiFv7WjuL+cTdZL/yLefdvOETJH54BOODt5Et//etnyN53SaML38/mYdUxtimcR58hD+cQA0jjPM0tL7xmuajYhK1eJuy5qTg9mZZs0PhcYR9FlrV/djkUhdRFW6bjop8Enn/nyAu+z+wC3CYQCXyKsSu5ZJZAAAgAElEQVTb3oH8/z/H+hXcG9CuuQ7yaatc6X5p7a4645BVm/XqbNdUYv98J9zr4RyuQFXH2S1/fnBuyF/p3ZQ/vN3y1/YrhZx49KsTjzx6xVmVv5brRAHnttKLH1/ZCJ048Vjx/Ob6ih+cwxWoXeYrfnXSqb6iwF8gvqKik27ylWbpxCPO3eQrCK2CP03TCn86AmvCUpQNpvg+bTW1xuzCEroWJRGNcMlll3Llqw4wMNDPo9/4FucmzzG2dQc9yQGef+EIr0wvsbCQgvwaO7dvwUit8sKho5w4e5aerVsZ79/MaP8IE3PnMCX0DwwQiURKXAtBBafWnzWsSv5oyCOAPP5x1j51r4Xz1ncRf+/tRH/0UfKf+VpjnSiEeNunid+4G/ndO1m792tItqC94XZilx8AvqVe8N7bSNlM0jYj9Hd/hfjlI3W2mCV/z9vJPu1jJ+EEahhhhNG10TteMh/b5gQrFydVpSxbaVpoHtavxBZuFx8vbC8KzV9Tr+jaPj5ovbrZ9DjFkMe/Cft+CTH4OVi0niiu/y3E0CGY2F86Hgp42ObCDjtmBQTr/FVkUSerNoWN+LPh0Q/ONbleHV84u83ecXabHcONXhT4a/uVQk482tX1gLPqii/POlHkr+U6UcK5yXrxwN+G6iQIvZTVab6vNF8nrvWiohMbHlvhK/79uw104uQrLnHuOl9R4i8AvdjxV8Zj1/qKCs6uefSOc0f5SiOcY30V/K1FekGAEAWexfpkpQAiaMQ1nb54EmmC1GBkZBNXX/UqLti7i8f/7RGef/oQi4spllI5hjdv5rLLL+Hppw6Tml9gfjVPfHCU/tEexl+Z48jcAsuGydpaGvIG/f29jG8ZZ3jTMHokgtQECLNwTFRwuBbth8y5Es4ymizhUVcn5TxI4Ow9GGfehb7pGtg1Quyn3oU+1m/Rs3aM3Gd/ltwRa+WqvlyYeKX8th3JAFcTvepyOPE3pO/9WuG+ScyHPkS6sHpUvPbDxG+5GS0BsIz5wl+S+cy9zjKtXo16eRZjbgv69n7r+Y98iPQXHwNeQ/R9v0N09wiQwXzhWbjkIuSXv5/M9K8Q/7EfQd8UBzLIifvIfOyjmFW7Mo+fQF4+UjpNa2LpBOZJpwddxnkwgRr+iFQYYZynUVyBSsG4QFTelmVNTsGdzEKWWNcCS1cGpURKSttZdQr3Iytulx4vz062Im2yXdNRka9A/PAvQc8JZL0raCsfQE5ehPih2wvjeAPimlfDkf+GSe1x1Bt3TS7DreEV9ertnJpKu+3Kx1edFcfrmBviXZaro972ZXUDHXcDPLzi7JY/Pzg3xMH2XW4DvOs16w3484NzRW6WTpx4dOJFEWfV884rzmWA12abui3XiQLOTdeLh/POK86B6MRp3PW2r4NDs33FD86q/AWqk2J2o5MAzzu//t0WOnHyFZc4193Otmyw+u6Y/suFvu3w6FpfUdGJE49Or18ecO4oX2kwXhnvrRhvKjZk7VxIhEbpDyEKH+03iUmTXqLEtRhrK2tEo1HGtoySzmaYPjfFltFxNo+OMTo+zgX79vATP/aD/OTbbuTK/bsw0llWVlIMbh1hYMc4sZHNTM7N0TM6xIunT0IsztjWbSQSvQisqWFNgkZxIlegadaUVLpnqPL4owlXeFTwIEDsfS/6tn7k3JNw8lnMRz5O+oM3kPrgu8ktX0TkplvtgW8Yt6BtAjnlNMN6K7FbbkacuZu1D97A2j2PwSXvJf72Le53kdiFOHknax/8cbLHs2hXvYsIoL3zg0R3Z8nf8+OkPvgL5KMXlSbyIjfdgh55zDrGP7kTYzprW1o+dAfpLz9pf9qtPUn2f99Bft79UG1D6/7pxXAFKpYol3IplrIplnMpsmYOgIgWYXtyhOFY/waPMIwwgg/RNwZOTUn1FWIhQBaviJZdCSzmRld0NYcruUFc0QXElYvoV64/TaaPwr+8E3mqHgInkd/+FuIn/yPa7k8ht/83RN8TyE89hPiZ9auiyDpXegsD6ZgVENW81eOvjEfHJrDBFXRb/mx49INzTa5XxxfObrN3nN1mx3CjFwX+/ODcEp048WhX1wPOSjz60Ykify3XiRLOTdaLB/42VCdB6KWsTvN9pfk6ca0XFZ3Y8NgKX/Hv322gEydfcYlz1/mKEn8B6MWOvzIeu9ZXVHB2zaN3nDvKVxrpgzI+EVY1IdaxBPTiMQlJBIP56TOcPPwMB3Zs5+jJU6RWU0g9Qk8iymUX7eKyXVuYnpklZ0i2bt9Cz+JpXnvhNnJTZzl2fJmpM2fZv38/17/uerbvv5B0zmR0eIjeGEzOzhKZWEKPRpARAcL6HlZRBEpQ4rD8+GUJh8avdwBi3/tJ3vn+QoWM9R2o//A1GP4RtNe9l+gt/xURLe7hIjsW/cdrb0RLzGI+co9F69Mfwvx3D6Pv+hGYc1lj7VnyX7S+SzU/t0Js3wgaoG3bChN/R/bpSQDyTx0jus86DuPMJHLf1cTe+4cYR75E7rN3Ob4syIfuILPtc8Sv2106XcmdIP/ZACZPz5M4rydQJ1IzPDR1mAfPHeLI0ikWsiss59ZKE6hxLcY9N/4m146EE6hhdF+Iqu9ALf5gVOkHpKi8v+TyUoCwbpe+C9XqLhyzaZoITSvVqcmlLqIqXDYd8ulBzH9Sx0Ae/03kue8i3vghGLwCnr0OKawdC4qGXsjYZByyarNene2aSuyf74h7HZxrcgP+apo8p+yFP+EXZ5e5VM8bzm7584NzQ/5KOvSHt1v+/OHcAp048ehXJx559IqzKn8t14kCzm2lFz++shE6ceKx4vnN9RU/OAfuK07hVyeB6sWff7eFTpx8xa9OOtVXFPgLxFdUdNJNvtIsnXjEuat8JbOK7Okv8ZXILpFLbsKaRMVagVo6BA1kjp5ohAt27qR/ZJDldIqZ1AoTp04xtH8fW8ZGMJcWuHDXZUQjUQwzj8wbTE/Nkl1LITHJZdYwc1mSA0n2bd9CKp0nlogTiwlmFpfoicWJx+Jomo6JRGogZQFRWQRC0pOeLx0/CMilKm476gQqvwO1HNdbbyUytkL+795H9okXif7qw0Sj2MTVLmbG7sOcuwV9268gcJ6kbHXIr/ws6cO3ErnxRvQ3/CHRm54l+7t3kHfY3rz318ht+iti+6yvCTDu+zWyRwIajFn9xQHdF92/xtYhXlo5y0/+6+/x/sf/lL8/8QCH5l/m1Oo0I/EBpClJ5TNctWkfV226cKOHGkYYzYn4YEWTYBaaEtMsZAq5cD9A+ZXAYpZQerzYVIhC02ebscl2zch6ucpc3Yw4bVeeHUKIU8h/+QJs/wBa5CHk109Z47Q7jjrjrsmi0AyWZ6cmsHo7p6bSbjuPONuN1zGr4F0DcJ1cVjfQcTfAwyvObvnzg3NDHIQT0O5wbshjTTnvOFfkZunEiUcnXhRxVj3vvOJcBnhttqnbcp0o4Nx0vbTKV4LSidO4621fB4dm+4ofnFX5C1QnxexGJwGed379uy104uQrLnGuu51t2WD13TH9lwt92+HRtb6iohMnHp1evzzg3FG+0mC8IrNcMd5eI2XdX/oDKcDUQKCBiBBJ9NHTN8Thpw/z7MGnuGzvPsYGB9ELg15ZWWFtaYkYeeI6CKyFNkuLi4xv2cqeC/agiTxmPkssGmVo0zDJZAIME2GabN+yhYHePjRAaAJTCMzCLJQQkuIEaiK/UnH8Wm7NFR4VPFTjnC58nH35Rbj4d9DH1jeXORDDV1vjuvJWtE32fKzHQXJPHYbttxC/9W2F3WxBe8OH6XnvryAefRBzbQTtde9CAOLKD6ONZZAnv9SocMPInzkL299I7MotwIVEXn1R6TC1t/0GkU1Pkvu/d5C+9zFkYnfFJzNrY5L8pz5E7oXDGA9+iMxDk77HVwrDadq2e+K8XIF6ZPEU73v8f/PSylnA+mGcG8Yu58Dgbr559iBrZpZN8X5+64p3oIvzdo45jPMgypsRTVv/wSjTLGS5vhIV1lecmmXNC8XHq5obajIFkwv4ii4ucr3jP/lLmA+ASH+kcFwOV36xyTjkdl0BgUNWWQGhgrMb/oRfnF3mUj1vOLvlzw/ODfmTDjpRxNstf22/UsiJR7868cijV5xV+Wu5ThRwbiu9+PGVjdCJE48Vz2+ur/jBOXBfcQq/OglUL/78uy104uQrfnXSqb6iwF8gvqKik27ylWbpxCPO3eQrSLOCP01bH68mrA/PS2HNfwhNINCI9w3QMzzMyvIimdUVNvf3s2PzGJn0KouLS0zPzSPzWXqigp5kklg8ikgOML2S5cDFe1nJSBYXVkmaEbRogmgkj2ma5HIZkj0xxscGMOIxskJgCgsLYZoIIS1MhURoEk2TpeNfx5uGPNryULz9lbvJXfBhoj//MJHcCYypZSisQM197T70d99Cz50Pw9oxzCV7Piq4+dovkon+EbFXf5DEdf/Vum/tLOYTdwPfInvfAeK33E7iztuxfkTqU2S+MglvaFy7XpifvZPc6IeJvusLRN6VwXzhGCa7IQ+i/xoiN/4o0Z8CyGAev5dcvd8BAeAxcp95zN+g7EIawddsszgvJ1D/6vg3ODT/EgDXjuznF/b/AN86e5DPvPg1cqZF+rsuuJkrhvdu5DDDCKMFYZlPadJUK2tOqGxSrK1rs4TC9oUsKXzsf/12KTt9F2qhjs3wanN1M9Lo8TrNpXUFU8Ijv1w6XsqPt3jbKRd2UJPL8UOhGSxvCu2aS9u6Nng65SJf1VnUyapNYSP+bHjyg3NNrlfHF85us3ec3WbnE7o+zqr8+cG5JTpx4tGurgeclXj0oxNF/lquEyWcm6wXD/xtqE6C0EtZneb7SvN14lovKjqx4bEVvuLfv9tAJ06+4hLnrvMVJf4C0Isdf2U8dq2vqODsmkfvOHeUrzTSx9oCYnhnib+B3DLFr7YUwtqnjkCXAomGIUAkehgYH2VoZBM78zlePnKU/RdeQHIwSSqbY255jSiSwb4k8UQvPYk+Hj78OC9MLfHStx/jqUMJrj9wIQcu2c/+y5OIiA4CTCNPJKIR0xOsSA00rbCqtTAWJAKJECYgGcgtlY5fAlpmpeK2E3/Zj95QB9/HyH38+8nZEXfkD0j/9h/YMUrmd++1vR/A/Mqvk/6Kw4OPfoj0ox+qvf+hO1h7qMG/772NVPluy28Pb0U+/SHWPvYYki3o7/zfxHOT5B4F49HbWHMebmvDCCdQuy5S+QyHF16mR49x2963cOueN/H3Jx7ky6ceLk2e7u4d58d2vQFRehUMI4zujGLTUVx56tjcyPUmpuRK5d+FWvY8GmVscqlu9QBp0HTcjfnHd683Hw5Z3rOb9ZfzuzE+ejdWryFts/k3uwq3Wb8fm4xDVm3Wq7NdU4n9873gHPhKIafm3WXzaL9SwS3OLnOpnjec3fLnB+eG/JXeTfnD2y1/bb9SyIlHvzrxyKNXnFX5a7lOFHBuK7149hU1/gLTiROPFc9vrq/4wTlwX3EKvzoJVC/+/LstdOLkK3510qm+osBfIL6iopNu8pVm6cQjzt3kK6RXKvjrl+myygJrfkMghLUnIQSmptEzvIl9B67gkksu4/TJV5g4dZLLNl9GJBIjk5MsLKcYWFoi2d9H1DQ4cuxFVlZXiBsSMdZPPNlPb2+fNTGby2HKHEYuQ86Q5HW9wHBh71KC0AqHX/zUo8lwPgV6Gc5Zl9+B6lcnnRBju9Bf+16it1jfb0vuLMajd5Pb6HFVhcylG2/U4XHeTaDOZ5fZlhjhPRfdwlWbLuQ3nvg0/zb1LPnCcuPxnmHuuv6XuXhw5waPNIwwWhAF86lYeSrLflCqIhdWlgJ2V3YpZMujLDOrWeEgWN+u/HGEvbcJm6zSpJSbaMVhWw94urJbngs76JgVENW8lfHnmH3gbMufDY9+cFblzzvObrN3nN1mx/Crl5pyba4TJx7t6nrAWXXFl2edKPLXcp0o4dxkvXjgb0N1EoReyuqEK1Ad+LPhsRW+4t+/20AnTr7iEueu8xUl/gLQix1/ZTx2ra+o4OyaR+84d5SvNMBZnzmOufe1pTqjmoFAsz7KL2ThT2ASASERFD7On0yy7cABWF7izPQkx15+kUuuvpREoodoNMbS6iJT03MkElF64lEu3TlOXzzJ1h07ufpVB7hg51Z6e6JIw8DIZTGMFLlMmqyZwNAjIPSyH98pfQEqSElxgnRAFFmzcNZTc6XjaKpOOiGO3EXmD+/a6FHUDYmEzNpGD6Ppcd59wWdCj/PrB36St+98PXc9/w88cO6Z0uRpMhLnt191G68ZvbTwwhVGGN0dxabDNC0zLV5hNQvNjWkWcqG7llTm0v3SukeW3UY45OrtyurVDtAm1zNFp2xz3I7Zw7hrcrE5LM/1mvXqbNdU2m0X4Hjr4eEV57rbl9UNdNwN8PCKs1v+/ODcEAfbd7kN8FbRS025NteJE49OvCjirHreecW5DPDabFO35TpRwLnpemkHX6kpF6y+6+HQbF/xg7Mqf4HqpJjd6CTA886vf7eFTpx8xSXOdbezLRusvjum/3Khbzs8utZXVHTixKPT65cHnDvKVxrhnJqHtcVSnZiusWn1TNkOJaIwiYqwkiY0pK4TGxohPjJG/9g2hjaPo2kR9IhOPBknY0im55eZmDjH8tIiu7aNcunebYz1RUnPTXHy2BFePnqUmZkZ8qaBaeQxTEFORDCFbn3/qrAmPa0JYWuiFKzbm1YmiBa+r1UiEbkUZJZc4eFbJ2EEE9k0SHOjR9H0OO9WoG6K9zMc7+Pbk0/z1PxL3LLjtVzQv40bRi/l6k0XMhTr2+ghhhFGC8P+4/t234Vqea4oXF0VhWcXss0VQeT6lcHyXNq+/H6adEXX4Yqj7RXd0nEq5MIOOmYFRAHnlq2AsOPPhkc/OKvy5x1nt9k7zm6zY/jVS025NteJE492dT3grMSjH50o8tdynSjh3GS9eOBvQ3UShF7K6jTfV5qvE9d6UdGJDY+t8BX//t0GOnHyFZc4d52vKPEXgF7s+CvjsWt9RQVn1zx6x7mjfMWFPrTFCWRisFRnLDvDEjvW64vC5KVY36eJTl4T6IkBNu3eh7EwTSzeQzSmE0vGkLEoSysZInOrjM+v0BOLIIwUQ8k+BpMxenuTxJJJ9HgMKSR5JFkiZIkDeuEYykJa3BZj89rU+m9lINBS865f73zrJIxAQqZXN3oILYnun0DNriLzWURiEIS14FZIkzdrcW4UQ8gTz2Ia30MMPYU2ehHy0lsQA9s2eNBhhNGaqJkslWU/KNWoySnPVndRk7G5v7gfKMsld6seIGqm6JRtjtsankLGJuOQVZv16lwH5+rn2+Feg28VzjW5Xh0hPOPslj9/OKvy5w1nt/z5wbkhf6Uu0R/ernXiC+cW6MSJR7868cijV5xV+Wu5ThRwbiu9NMtXasoFpBMnHiue31xf8YNz4L7iFH51Eqhe/Pl3W+jEyVf86qRTfUWBv0B8RUUn3eQrzdKJR5y7zVfE9HHklstKdbZoaV7JpzFjCayJTAFCUpzUlICQEomOoUUYGNvCqsyhRyPomkksHsHUIixnJcmeCKsZg5HREcBk65ZxtEicaKKX0W07ET1xMvlVDMMka0YxIj1I9AJqonS+URwHEj2fZkxmkJISztrKpGsefeskjGAik9roEbQkunQCVWKefhLjxX/FPPU9yKcRg9vR9t6Atv1qtM37IDGM2HoAKQRMHsY8+k2MZ/8J47n70C/7AfTLfhDRP77RBxJGGE0NIQqTpYVJVE0rW5GKzXegluxPILFuS7n+3agUjLh0pbZ4JVGU5+L+yu4v1KsdoE1WaVLKTbTquEHaZ6mQCzvomBUQBZxbtgLCjj8bHv3grMqfd5zdZu84u82O4VcvNeXaXCdOPNrV9YCz6oovzzpR5K/lOlHCucl68cDfhuokCL2U1Wm+rzRfJ671oqITGx5b4Sv+/bsNdOLkKy5x7jpfUeIvAL3Y8VfGY9f6igrOrnn0jnNH+YoLfWhLZzFzaUQ0AUhims6uxWO8Mvqqwk7LB4D1m8BSEAFMAbFEAm14AFMaRHVBLBoBTWPNkEwvrzIwN0c8EWd0+xb6BwfRE32IeD8iEcdAksubpLI5ciJBXo8jhYaOdDxZd80fIaoJCsNHmHm05SnXr3e+dRKG75D5LBjt9pNWzYnum0A18+Qf+wz5h+9GZpYh0oNIDCKXJzGOfQvRM4B+1a1Erv5p9ANvRz/wdshnMKePYb70APkn/prctz6C8dxXid70QbQ9ryuVllIyNzeHaRhsGhnBNE1eOn6cbDbLFa96VWm7pcVFTk9MsLK8QjKZYGxsnNGx0cKL33osLiyQy+VI9vaSSCSYnJzk7JkzGIbJlq1b2LFjR81zAHK5HGcmJphfWCCfyxONRYnFYkR0HSklmzZtYvPo6DokpsnExATzc3Ok0xkSiR527trF0NDQ+rEheWl5EpBsS46Q0OMV+8wYOc6szZI3Dfb0jXNmbZZ0PossvBoZ0iSmRdmWHKE30gPAdHqRl1bOctXwPuJ61JGyg3MvMtozyI7kqOM2YTQnyj++X1p5qpXdlrIwSWq5j0RifYy/7Hbx8apmBqeMTS4z8YpQNUWnXF1WyoJJK2RsMg5ZtVmvznZNJfbP94Jz4CuFnJoSl/z5w1mVP284u+XPD84N+St1if7wdq0TXzi3QCdOPPrViUceveKsyl/LdaKAc1vppVm+UlMuIJ048Vjx/Ob6ih+cA/cVp/Crk0D14s+/20InTr7iVyed6isK/AXiKyo66SZfaZZOPOLcbb5CPos4+STmvteXeNsmVzmdz2DGkmXHIEpJINGkBKFhCp3EwCBGTCdv5OnRdBLxGFJonJ1bJJ0zSESibB7dR6Kvl0iyFz0eR9Oy5DNZVtI5FjMxRP8QmohgCgCzcp9Yp7iez7A1vwyaVsJZm3ulhENL+q8wfIdcmtnoIbQsumwCVWI8/zVyD9xlrTpNDBG57mcRWw5YIps6gnHiUfKP/x/k7EvEfvTjIHSIxNG2Xo629XLE0A6y9/0O5pmnyX71t4jf9teI4V0A5PN5Pn33pzh18gT//Q//kINPPsn/+sj/pKenhy//0z8ihODkyZN85s/+nEPPPMPy8jJr6TRXXnklv/7B3+CCffsqRvv5z3+eg997kp95939A0zT+7FOf5qmDB8kbeS699DLe8wu/wJtuejO6rpeek8vl+OIXvsCX/uFLbNu2lUQiydEjR1hYXOSSSy4hlUrxtre9jR/7iR+nOPl6/ze+wV//1f9F0zTGx8eZmZlhbHyM//TzP8/Fl1xiHZtpcsfjn0BKyZ2v/kUuH9pTMdbTqRn+8/f+jPnsMn/7xt/hzsP38vT8cfYP7GB37zjPzL/EYm6Vm7ZcxS9f8sMMRnt5eOowf/Tc5/nz1/0alwzusmVsObfGex/5GLdf8nZ+dt+/C+xMCMNdlDcjNZOpsuzj/VVGW++K4HpdHFag2uRCndoB2mSVJqXcRKuOG6R9lgq5sIOOWQFRzZsNfzXZB862/Nnw6AdnVf684+w2e8fZbXYMv3qpKdfmOnHi0a6uB5xVV3x51okify3XiRLOTdaLB/42VCdB6KWsTrgC1YE/Gx5b4Sv+/bsNdOLkKy5x7jpfUeIvAL3Y8VfGY9f6igrOrnn0jnNH+YpLnehnDyF3XgWxJAJBTNPYuXCME6PXgNQKOxel2lb94t4FET2GzOWYmZnn5VdOk84ItEiCnJbh3EqeQ8fOYOhRLliD4c1pkn29aLrGasZkKqXRM7QDQ+9FINAwQUiQZfuyTjx2zL1AVNdKOGPkiMydKOHQkv4rDF8hM6uQXdvoYbQsumoC1TzxGNn7fseaPB3eTeyW/4625/XrG1x4E5HX/yLmicfJPXgX+Sf/lsi176qooR94O/GxS8j+3XuQC6fIfvnXiP/s5wGBpmk8/9xzfO+JJ/j8393Lv3zrm1xzzTWkM2mEEEycPs3H//hP+Kl3vIMP/d6H0TSNhx96iD/873/AB97/q9z5Rx9l/8UXl/Y1cfo037z/fnp6etAjOne8//1s3jzCkReO8Jv/5b/w/jvu4GOfuIvvu/lmAKSU/Nff/h0efvghPvGnf8rVV18NwNLSEr/83ttZWFjgU3/2aZLJJABrqTU+99nP8kd33sknPvmnvPFNbyIajSKl5Pc//GF++idv5c4//iNufutbiWo6RxdPY2KSN/O12EqTo0unmE4vEteiLOZWObY0wS9d/Hbesfct5EyDPz/2VX7/6Xt4buEE99z4W5xLz3NydYr/e/x+/uDq/4gmRE3dTx35CidWz3Fqdcov/WF4iOqP71dMplLW5MiyJgbrcSEEZvG2KQuTpZYZFlyw5v6WX9F1MEulK7rFjE3GIas269XZrqnE/vk45To4hytQ1XF2y58fnBvyV+oS/eHtWie+cG6BTpx49KsTjzx6xVmVv5brRAHnttJLs3ylplxAOnHiseL5zfUVPziHK1C7zFf86qRTfUWBv0B8RUUn3eQrzdKJR5y70leMHJw6iNxnzYUIYBerzKamSPVtoXiKUXpUFIZj/T8iJKSzrC2nefbYCSamlxDxftBjmEaeIytZzi4e4fipabZtH2V40xDJ/j6Sw6Mkx/eRl3GLVdMAbf1ALSytSK5MstNYqeBJn3sFzKwSj751EobnkEjk8txGD6OloW30AAILaZD/3j2QtX79K3rzb1dOnpZCoO1+DfGf+nPk/AnbUtrofiLX/xwgMCcOYp4+WHosErHmnI8eOcInPvlJPnLn/+Jjd90FQLK3l1//4G9w/WuuR9MsaG94wxv4qdvewbGjR/naV++r2E9vbx8A09PT/K+PfpQrr7qS7Tt28Jabv4+ff8/Pk81m+eY37i9t//zzz/Olf/gHrrnmGq666qrS/QMDA/z7t30/j4ZVg60AACAASURBVD36aMU+HnnkEe762Md480038X0330w0an2MXgjBL95+O5lMhr/6y78kk8kAoAut9FeDSdn9US1CsvAR/4gWKdync+PYFfRHEzw28zyGNJlIzZA18vzzme/ynXNP19Rczaf5zItftzBIL9pyEUZzo7wZMc11MypOlhZNq/zKK9hkYZOlQ67af3md2gHaZKemxGl7h+P2Mu6aXAcP11fOq7dzairttgtwvPXw8Ipz3e3L6gY67gZ4eMXZLX9+cG6Ig3AC2h3ODXmsKdfmOnHi0YkXRZxVzzuvOJcBXptt6rZcJwo4N10vHs47rzgHohOncdfbvg4OzfYVPzir8heoTorZjU4CPO/8+ndb6MTJV1ziXHc727LB6rtj+i8X+rbDo2t9RUUnTjw6vX55wLmjfEVhvJGzzyJWFyrwuGL5BfR8mtpZReu9nik0kBqxWIxcJsu56UWmF1LMr6SZnJlncmae5ZTBmpZkxYhzYnKBF46c4JWTZxDxAXpHdpIXMYxIDKmBFhEITUNUzS/o+TSXzx+pHHdujcjMi8rnnW+dhOE90iuQz270KFoaXTOBKhcmMCeeAkAMbkff98b6T4gmibzhfY4Pa3tfj0gOA2Ac/eb6/bqGYRj89G3vYHy88kemhoeH2bZ9e02tvXv2IqVkdna24v5YLAbAzW+9ueY5N9x4IwBnzpzBMAwATp86DcD4+HhNw7Nt+3aEEBw7dgywru7c/8//TDqd5vts6o+NjXHR/v288soJzp45Yx2b0Ep/1RHRNHShIxBoQpCIWBOoMW19EfN0eoG0keO1o5ehC42za3NENJ3p9AJ/dvSrmGVXnDJGjr8+fj950zq2mfQChjQJo7VRmjy1u7KOqLqyW7jKVMiUZ2mThUO2277GxIsDtMlOTYnT9g7HHeS47fCoWdng1MRXb+fUVNptF+B46+HhFee625fVDXTcDfDwirNb/vzg3BAH6QS0O5wb8lhTrs114sSjEy+KOKued15xLgO8NtvUbblOFHBuul7awVdqygWr73o4NNtX/OCsyl+gOilmNzoJ8Lzz699toRMnX3GJc93tbMsGq++O6b9c6NsOj671FRWdOPHo9PrlAeeO8hWF8WJk0Y8/iCx8ulQiiWqCK6Yesz0EKQQ5QzK7uEI8uYmFNZO5lQyZjMQwNExTYOQNUmtrLC8vsrg0TySqc/Gl+7nhDTewd+8FRKJRQCARIATl7+6FEKW/y6ceJ1KYciiONzL1fOXxuzzvfOskDG9h5JBLs42367LongnU5bPIlWkAtG2vAj3W8DmiZ9D5seQmSG4CwDxjrZ4UQpQmFy+86CJX48rn8zz//HNIKUurUosRiVqTj1u3bat53uhm6weVzMIEI0Bvby9gfQ9qdSwtLiKlLE3KplIpjhw5Uvr39554gkPPPMOzhw/z1MGneOzRR9E1jdWVFVZXrVW7utAwTJMjS6c5NP8yzy68Uvo7unianJmnOG9bnDgtrkp9au5F/uT5L7C3fwsfvurdAJxcneLK4QvY1TvGd849zbMLL5fGe2jhZT599B/56b03ATCXXSFznvxyW1uFKHzM3m7ylPUru0Xi7a4ISig8z/sV0qZd0XUqG/CV6I5ZAVFnvPXw8Ipz3e3L6gY67gZ4tN1KIadx19neMfzqpaZcm+vEiUcnXhRxbvkKCJf8tVwnCjg3XS/t4Cs15YLVdz0cmu0rfnBW5S9QnRSzG50EeN759e+20ImTr7jEue52tmWD1XfH9F8u9G2HR9f6iopOnHh0ev3ygHNH+YrieLX5k2gvPQoFnAH6dMFFk4/UHoIQrKymOPbSCbSeAVJmDytZQcaQmLLwHtHMo5s5YjLL1pE+brzhOt5442vZMr6ZaESgC6uWkCbFqc/y+Ush4KIz/0avqByvPnMMfWWq8vhdnne+dRKGekgTc34Syuaqzpfomu9AldkUFK6u1JsYdR1CK7wog1w6s353QbCRsh92Ko/FhQW+/e1v89yzz5HLZTENk6WlJYQQpY/QF6M4GVt9v7UfK+v6OkVXX3M123ds59ChwywtLTEwMACAYRg88J0HEELw5pveDMDa2hrptPVlvk8ffIqTJ06i6xqmKTELK1qvvPoqrr3uOoY3bSrtIyfzPDx1mJeWz1oTqtLAkCbzmWXSxvrybF1Yx/8/nvkcf/LcF1jNr/GTe97Mz1xwM2M9QwCcTc3y1m3XsjUxwkefvZe7j/wjn3zt+zGkyV8fvx9d6Lxn/y38xbH7WM2vkTLSJAsrW8NoTUhZ9cNR5d+JWmxSqpobilkKEIXb1uxpKZevaEUIKH8c+8laW3dzMkW3Vxodrjha+1fM2GQccr0VD9UZm+zUXNo8H6eMTcYh16tT3Zwo4OyWP384q/LnDWe3/PnBuSF/0kEnini71okvnFugEyce/erEI49ecVblr+U6UcC5rfTSLF+pKReQTpx4rHh+c33FD86B+4pT+NVJoHrx599toRMnX/Grk071FQX+AvEVFZ10k680Sycece5aXynU0ScOYvZtIr/lEus3LpCMixy9E//Ks1tehxGJg5Cks3lm5haZX0px6MVXGBseJbppM7lYnOxaFkwTXZpEhGS8P8Fl+3ayY8sIupBIM4cpNUx0pBAITIQEExBogImeT3Ng8hGSohJnbXmSyMyLzq9zDXj0rZMwlEIiYXHqvPvofjG6ZgK1PMonPD1HdtWalAUwan9UyS6+8qUv8yd//Mdc++pXc8f7f4Vdu3YhhODBBx7gn7/+9dLq0GKYhY+sWy8elVG8KxaLlVauJpNJ/vqee/jQ//e73PHL7+O2d95Gb28v3/nOdzh69Cif/PSnuObaawHQdR1NsyY57/jV97N7925Xx5DQ4/ynC9/GZUOV259aneZbkwdZyVuTsjkzj0Bwx6U/wl8c+xqnVqeR0mRz3Jq8XsyuMpNZZFtyMz+95808NvM8Xzr1MLdf/HZSRoZHpp/lP1/+U2zp2URcj7KSW2M5t1Z6fhitCSEKPxhVlmUxs96kaEVzkgIEhWanLIvajCzclhR+SKrsthCl/Uu5Xqd2gDZZpUkpN9Gq46ZwfDVZKuTCDmpyOX4oNIPlTaFdc2lbF/e5mrc6/JWyD5xt+bPh0Q/Oqvx5x9lt9o6z2+wYfvVSU67NdeLEo11dDzgr8ehHJ4r8tVwnSjg3WS8e+NtQnQShl7I6zfeV5uvEtV5UdGLDYyt8xb9/t4FOnHzFJc5d5ytK/AWgFzv+ynjsWl9Rwdk1j95x7ihf8agT7cUH0HqGYGhrCe8+TXDg3CO8OHgpi/ERzkzOMjk1i6bHuO9r3+SmG19NtH8YPdmPTOWQ2Qy6MOnv6+VVl1zARbu3IfIZsukUiUgfhmliIMiagpguERgYaAg0elem2LfwHElRiStrS0TOHraO2+PrnW+dhKEUcmUe0qsbPYwNi675CL+I94FureQ0Tx+E3JqvenJlCrlqfaeD6Olfv7/QZZR/nydYq0D/50c+AsCvfuAD7N69u/BiB7mcNQGrVa1aLa4EtWtc8oVJ21gsVqoDMDQ0xP79+9l/8X5mZ2c5/uJxbrzxRv7+i1/gLW95S2m7vr4+hoetlaAnT9j/WFZ1GNJEOry6SGTFOM3Ctj16jE9c/z7iepQ/P3ofj81Y311yOjWNKSWj8UG2Jzfzi/t/EFNKPv78F/n4c1/g6k0X8WO7biSuR9kcH2Q1n2bFJ2dhqIfdx/eLGVnW5BTIL54fJpW3S4+XZ+GQC48X/8rr1IS0yfVM0SlXl7Ubr8txV+RqHMrwqFnZUK9Zr852TaXddgGOtx4eXnGuu31Z3UDH3QAPrzi75c8Pzg1xsH2X2wBvFb3UlGtznTjx6MSLIs6q551XnMsAr802dVuuEwWcm64XD+edV5wD0YnTuOttXweHZvuKH5xV+QtUJ8XsRicBnnd+/bstdOLkKy5xrrudbdlg9d0x/ZcLfdvh0bW+oqITJx6dXr884NxRvuJRJ8LIoT//dViYQEqzhHufgAPzzzJ88nu8+NJpTpyYYGZmhsnJc3zhC19h4swMOVOgxRLE+gYY37mHK6+5jmuvvYYdW8cY6k8QjegIPcbSioEeHWByap7iqlMhDLZNHeTS+cMkhVnpA2uLRCeehMKnXL2ed751EobLkMiVWViZ3+iBbGh0zwRq/xZE3xgAMrNM/qnPQz7jsZrEOP4dyKet2iMXWPdKWVo1Wh2rq6vMzszQm0yS7E1WPbZSeMGvfE7xu0xzudrlz8XHNL2Sor/97Oc4+OSTfODXfo3b3vlO3v1zP8sb3/Qmenp6KraLRqPc9JbvIxqN8pUvf9mxQVpcWCg9ZmJiStP2x5zy0sCQBqaUmFKSMixsc6bBZUO7+Y0DtyKE4H8c+hwTqRlOrFrfYTIUs7639U3jr+LSwV3885nv8t3ZI7xj701ECytktyY2sWZkWMiu2I4xjOaFXVNpmhJsrwAXr4ja5NLJXXZbOmRsMlXioKJcZXZqSpy2dzhux+xh3HZ4uL5yXoNznebSZvugxlsPD684192+rG6g426Ah1ec3fLnB+eGOFSbiBu8VfRSU67NdeLEoxMvijirnndecS4DvDbb1G25ThRwbrpe2sFXasoFq+96ODTbV/zgrMpfoDopZjc6CfC88+vfbaETJ19xiXPd7WzLBqvvjum/XOjbDo+u9RUVnTjx6PT65QHnjvIVHzrRsikih/8Jbfo4kvVJ1KiucUUixfu2TXGxmGJudgYhTI4dO8Yzh54jZwiS/YPs3LuPN33fW/n3P/wjbL1gL/G+fnoS/URjCUwtjtQSSD3Js8+/xNxiis2zL3LtqQfZk58joomK8Wqrs8ROfReRW/N93vnWSRgNQ5oGcn4SubKw0UPZ8OieCdSBbWjjl5Zu5x/4GMaL/+qpllyaxHjuvtJtbcerS/828sVVo5UTkr29vQwMDnL27FlOnTxVuv/0qdN86YtfREpZ8+NPqZS14jKbrZ1ATa/Zr8Y8e/Ysx48f56/+8v/w0IMP8vhjj3HwySc5efIkhlH5Jb4/8mM/ytt/+Ie575++yv3f+EbN44eeeYa//Mxn1o/NNMmbJnlZ+2XARtn9edNgtTC5XLzvPRfdwm1738ITM0f51e9+khMr54hpUYZj1urdqBbh3Rf+e3KmwaWDu3nN5nWuxnqGyJkGZ9fOv19x2+gofleptaK68rtLy6/smqb9lcDiSuxiLr8iKIX6FdKasLuC6NSUOG1vVzbgK9EdswKiznjr4eEV57rbl9UNdNwN8Gi7lUJO466zvWP41UtNuTbXiROPTrwo4tzyFRAu+Wu5ThRwbrpe2sFXasoFq+96ODTbV/zgrMpfoDopZjc6CfC88+vfbaETJ19xiXPd7WzLBqvvjum/XOjbDo+u9RUVnTjx6PT65QHnjvIVnzoRRg79ua+jnXwKs/CVfEX8R/oSfOD1O/jIa6K8fWeeCzcnyJuSgcHNXHTJZbzujW/m8muvY3TnHnp3XkJsdBdGTx9mtI9UXqN3ZAt6fo2r9EmuOHU/F6QniWu1etEWThM99XjtylOP551vnYRRN6SRQ85OIDOpjR5KW0T3fAeqpqNf8aPWpKmZR6YXyd3/+4i+zf+PvXuPk6su7P//Pmdm9hayYTfJQjbZkJDIxmaFhBAqoUSRu0qg4BfiBTFUsAVra6m21q+o9Nevrcj3q1aw36IGLKUJX6UkViFySQFJLAkQMassTULI5gKby5KNyd5m5vz+OHPmnDNzzuzM7Mzs7fV8PDZnLuec+cznzNkz+87nInPWkrx3Yx0/rIH1t8s68rq739ZL7OcsS/G4HYJmhp6RSESf/tNP65/u/a4+d/vtunLFCvX39+vwoUO65kMf0q6du/TYT3+m1gULdPUf/qEk6fjv7BaXJ05kfxh7e+2Asr+vP32xkKSP3XCDXnnlFX3rm9/0rW8YhqZOnaprPnSt/vyzn1UkElFjY6O+9JUvS5L+8rN/oTPPOlO//+7zVF1dpZdfflnHenr0mT//rAzD0GAyoYhpqsaoCmxlm7ASiplRTY7V6kSiX/2JQU2O1ao31co3Zkb1qdYP6j/f+pW2HdmhfccP6eSqSar1TAp17ewL9I+//XetnHuhb7Ko2ZOaNDlWq6ODnJSVZkj+iaMyloYMJZUaA1VKfUmR774U/D+CluUu5W2xEbSUEXxtC/ofxFxfSnJdRL27NewnApdWAcvUC2QtC2kBEfalMOjLZeB+c9RrSD1nLY0cy2HUc+DxCziOw6nnQo9f8fWc77L4es53GWq450vW7kb5eRJ2HIP2W0Q9F3Qch3OeFHj8Kn6eFFTPZT5fijh+I3qelOJ88eyn/NeV8p8neZ8vhZwnAcexEteV4V+/R8F5EnZdybOex911paDjV4LzJej4eY7juL2uFFLPeR/H4ut5TF1XSnSeRF5/Xsbxw0rMWSqjdorvOMyZ1qAbp52sTyydrzcOdmvn8Yisaaep6qSYTjb7dGxAmlI/TZNjb8o0BmW9vU8nJwdVd/DXqrIG1faOkzz789RfMq7oW79VpGff6Pr+hRCWrONH7TFPQ3phT0SG5UT440G8XwOPf1mJX/0/97HqkxRpvVSx9/yFjPoZ4dsOHFdi92YNbviKrJ4D6YejSz6m2OVflSRZlqUDBw4oHo9rxowZisViWbs52NWlzZs260TvCbUuWKBFixbJMAx1d3fr0KFDmjVzlmrraiVJXW91aXBwQHWTJqmhocG3n97eXh06dEhVVVU65ZRT0o+vX7dOG5/eqOXvWa4zzzpLtTU16uvr14svbtV3771X+/bu01fuvFPXr7w+PfmUZLeEffXV3+rI4SOqqanRmWedqTlz5/qrz0ooYtjbGOkrgC1pWelfhIZht0KNmhElLSu9jWR36Y8YZnpSIsPw78tK//J2JVLjsGSui/Lr+tLkVBhqZS9TF1HTc9FOX8YM93KWdbE27aUMQ0Zq6XvcczUzDMl/dctQpouip1j5LwspTvpLwDC+rActA7YPLXAhJR6yAoqr56JevuB6LvT4FVfP+R6/4dVzvsdvePWd73EcXj2Pw/NkyONYXD0XevzG5Hkyms6XMXmeVOZ8GV49F3r8CqvnQo9fwfVc1HEc3u+liXSeZO22rOfLGLquFHKejKbzpajjN0bOk1FwvlTyPFG0SonmM5U8bYkUiRV2XhRwXYm8/YYiXf8tw4qX4Xwprp4Rzuo/LqvnsJQYHHrlcWbHX23O+fz4ClAlWT37NfDwLUq+9Vv3QTMic8a7FFlwucymBXaQWlUnJROy+o7JOrxTiVcfV3Lfy7KOvZXezGicq+rr/jk9BupIe3HrVv3V5z6vv/6bL+h9F13kC0gTiYSefuopfebTf6qVH/6wPv/Xf6Xa2toRLC3GgoNfsodYMFPhprN0/qfTH6q6XxnM1LXKTD3oPG547ltWar3UtU3KvubZLV0LvNYVeK0N3nGJvmTl2E8pvxTm/pJSpi9XzrLEXwqDj+NwvsQWdvxK+cdTaAuIIus5749d0fVc6PEb5edJQcex/H+MlP88cZYVPk9G0/lSxPErvp7zPX7Dr+/Rc10p/3mS98e1GPmcJyU8X8bFecJ1pTLfv7iuFF/PeR/H4f9eGhPXlTKdJ8mqOlmzz1Fixu/JMKOFH5+QpXl0nyIH/zs11ukYOk8mKCsxIPUcktU/cSf3HipAHT9d+FOM+mZVXfOPGvjxbUoe2iElE1IyoeS+bUru2yaZURm1U6SYHaCq/5isgePyN0s2ZLYsUdX7/27UhKeS9MiPH1F1dbUWn322LzyV7CEELrr4Yk2aNEl1k+oUiURGqJQYS9yLj/3lw9ed3/AvJUMy/P/TO9T/zHuXhunux1kmk0kZhpneX3gB81gqxzJzt5aVukgXsFTAUiHLQr+sZy4L+PKYWc8ysus5vVTIMtd+DKPoes7/O/dw6rnQ41dcPed7/IZTz0Mev/S3xOHVd97nybDquQLnSdhxHO55UuRxLLaeCz1+FT9PCqjnUXW+lOu6krW7Ep0nYcfRt315ryvDqeeSX1fCDPc8Ken5Mrzr96g4T8KuK8M9T8bqdaWA41eS60oh58l4uq6U6zwpsp7H7XWlgPPEHDgh67+fkbnnRSWmzpHZ2KJEw2kyIrHw4xWyNI+9KfN3XTKOH5YR75PKfF0Z9nky0cX7ZfWfsMc4Hegb6dKMeuMuQJUko3GuYu//X4o/+y0ldj0n31mTjMs6flhS+IRFxrR5il301zKmzS97WQtx/Pjx1C+WYAMDA4rH42pra1NVVVUFS4axzL7WpC6ehmepjKVlrydn/fR2Sq2n9Hrp9T1LZdxPP+7ZXxYjYFnIlxTvRdS7W8N+InBpFbBMvUDWMlVvvmWhXwqDvpQE7je4XgOX3uPmXRo5lsOo58DjF3Ach1PPhR6/4us532Xx9ZzvMtRwz5es3Y3y8yTsOAbtt4h6Lug4Duc8KfD4Vfw8Kaiey3y+FHH8RvQ8KcX54tlP+a8r5T9P8j5fCjlPAo5jJa4rw79+j4LzJOy6kmc9j7vrSkHHrwTnS9Dx8xzHcXtdKaSe8z6OxdfzmLqulOs8cZb9v1P0QLus/dtlRquUbGiRTpouq65BRlWNrEi1jLoGWYYps/93UnJAkWRCVm+PzHivjGNvyUzGPce1/NeVYZ8nE4GVtHOwZEJKJKREXErEZfUft28jb+MyQJUkc+YiVV33z0q0/0TxX/0/Jfe8MMQWhoyTpit6/q2Knv1hyRx9VfOe975HTz/1lLZu2arLLr/M91xvb6/+9s479c7f+z1detllIXsA/HyhaeZEUoa7TGZ82Ula7sVWsteTMfTSucp5/6fRu5/sAqqwi2LYMuB928UpYKmApUKWhX5Zz1wGfalU8Pah9a2ApUKWQx634uo53+M3vHou9PgVV8/5Hr/h1POQxy/9LXF49Z33eTKseq7AeRJ2HId7nhR5HIut50KPX8XPkwLqeVSdL+W6rmTtrkTnSdhx9G1f3uvKcOq55NeVMMM9T0p6vgzv+j0qzpOw68pwz5Oxel0p4PiV5LpSyHkynq4r5TpPiqzncXtdGe55Eh9Q5OAuWQd35j5ucufOkAwlUtsn05/jHMu8Ky7XfkLqGSiDcTcGapjkwdeUfO0JJQ/tlHVktzTYK0WrZEyZKWPafEXmXyjz1IVSZHS33Hz03/9d//rgg3rHGWdoyZJzVFtbowMHDuiXm3+pBe9coD+59VbV1dWNdDExRnQ5Y6Aa9tUmaGlZztio9pimUuqrg2GPgWrJPyZq+r7lHwPVsiTTzL7mSUZh17oCr7XBOy7m4lzYRX/YXwpzfEnx7zf/4hZabfaXrOHUc77HsRJfrtwvxcXVc77Hr/h6zvtjV3Q9F3r8Rvl5UtBxLLyeR9954iwrfJ6MpvOliONXfD3ne/yGX9+j57pS/vMk749rMfI5T0p4voyL84TrSmW+f3FdKb6e8z6Ow/+9NCauK+U6T8bwdaUs5wkmrAk3iVROyYSs/mNS79tSMi6ZEal6soya+lEfnDoSiYRee+01Pf+L57W3c48k6aTJk3XBBRfozLPOYuIoFOSt/3lSeoKorImkZEiG/T+KztinRmop2RdP57JoyL7qGamrn3NfqYusvI9nXM0Mw/Tcz1Cmi2IlvvSW58t69vaV+NJb2i/pQ7x8wfVc6PEr5R+12dtX4kvvcOs73+NYiS+9Y+o8GfI4FlfPhR6/MXmejKbzZUyeJ5U5X4ZXz4Uev8LqudDjV3A9F3UcyxGWjs/zJGu3ZT1fxtB1pZDzZDSdL0UdvzFynoyC82XMnicjdl0prp6BIASoAEK99T8nyzDsa41h2BdTQ27o6Q9V/S1NZbhfIcJaoBqpi5hzjaMFajm+1Jfpy5WzLPGXwuDjWIkvV/Zy1LUU8tRz3h+7ouu50OM3ys+Tgo5j+f8YKf954iwrfJ6MpvOliONXfD3ne/yGX9+j57pS/vMk749rMfI5T0p4voyL84TrSmW+f3FdKb6e8z6Ow/+9NCauK+U6T8bwdaUs5wkmrKECVDPnswDGNSt1NbH/Tf1PoTwXRc9Skj2WjW+71NIKWBohy6D1w65qVsAy10UxbJm527ByFFnuoPrIrL+cXz4yl7m+1GQelxKVN1d9FFvPOdf3fRcsYbmHqI9i6znf4zeceh6yHqwhvv0N93zJ2t0oP0/CjmPYcSmwngv93BVbz54Kz14G/u1U4fOkgHou+/kyGq4rWbsr7fmdqx7KfV0ZTj0XevxKep44y3zOkxJ+7oZ7/R4V50nYdSXPes65XuBuS3t+j5nvX3mc30H1MW6vK4WcJ2HHMez3VxH1PKauK+U6T/Ks59F4XRn2eQIUgAAVmMDci5yyL5ryL531A5dGwNIKWQatn9pPQAGzl2FfSsLWD9ptWDmKLHdQfWTWX+iX+Mz1wr6MBK1XwvLmqo9i6znn+p79lrTcQ9RHsfWc7/EbTj0PWQ9GWEXnV89DHses3Y3y8yTsOIYdlwLrudDPXbH17Knw7GXAfit+nhRQz2U/X0bDdSVrd6U9v3PVQ7mvK8Op50KPX0nPE2eZz3lSws/dcK/fo+I8Cbuu5FnPOdcL3G1pz+8x8/0rj/M7qD7G7XWlkPMk7DiG/f4qop7H1HWlXOdJnvU8Gq8rwz5PgALQhR+YwA4ePCjDMPL+kRR637ntXea6nesxAAAAAACAStm2/fWcz9MCFUDJ8P8xAAAAAABgvCFABZCXXOEowSkAAAAAABivCFABDCkoIC1VoEr4CgAAAAAARjMCVAChCDcBAAAAAMBER4AKTHCEpAAAAAAAAOEIUIEJLJ/wlIAVAAAAAABMZASoACS5QWnmMt/tAAAAAAAAxiMCVAAFh6bDfR0AAAAAAICxggAVQMEIQgEAAAAAwERBgAogSykDUsJWAAAAAAAwlhGgAgAAAAAAAEAIml5ZjwAAIABJREFUAlQAAAAAAAAACEGACgAAAAAAAAAhCFABAAAAAAAAIAQBKgAAAAAAAACEIEAFUBDLska6CAAAAAAAABVDgAoAAAAAAAAAIQhQAQAAAAAAACAEASoAAAAAAAAAhCBABQAAAAAAAIAQBKgAAAAAAAAAEIIAFQAAAAAAAABCEKACAAAAAAAAQAgCVAAAAAAAAAAIQYAKAAAAAAAAACEIUAEAAAAAAAAgBAEqAAAAAAAAAIQgQAUAAAAAAACAEASoAAAAAAAAABCCABUAAAAAAAAAQhCgAgAAAAAAAEAIAlQAAAAAAAAACEGACgAAAAAAAAAhCFABAAAAAAAAIAQBKgAAAAAAAACEIEAFAAAAAAAAgBAEqAAAAAAAAAAQggAVAAAAAAAAAEIQoAIAAAAAAABACAJUAAAAAAAAAAhBgAoAAAAAAAAAIQhQAQAAAAAAACAEASoAAAAAAAAAhIiOdAEAVEDfUen1/5J+s0F6u1N6/ZeSpCZJg7OWKFk/UwPzL1Ri9jmyqutHtqwAAAAAAACjiGFZljXShZCk57e0a9v2HerY0anevn5J0tSGerXOb9GVly7TtEZCHaAom74nPf1Nqa9nyFWt6snqW/Yn6l/yMRmGEfgjKfS+c9u7zHU712MAAAAAAACVsG376zmfH/EA9dCRHt2/5nF17OyUJNXWVKmluUmS9Nquven1Ll5+tq6/6sIRKSMwJnV3Sv96s/TmbwreNDG9VSf+8FuyTp5FgAoAAAAAAMa1UR2gdu7r0l33Pqzevn6dcfosrbhsmVrnt/jWeX5Lu9Zv2KQj3T1qaZ6uO27/+AiVFhhDDrRL378+r1anoWrqdXzlD5Q85Z0EqAAAAAAAYNwatQHqid5+3Xn3D3W4u0fXX/VeXbx8Sfq5J599Ub19A2ppnq5FbfN1ordfd927Vnv3H9RFF5ytlVfTEhUI1d0p3XPF8MJTR029jn/iR76WqBIBKgAAAAAAGD+GClDNCpUjy5PPvqjD3T0675yFvvBUktZv2KT1GzbpntXrdOfdP5Qkfe7W69XYUK+nnntJnfu6RqLIwNjwr58sTXgqSX09qn3kM6XZFwAAAAAAwBgU+cpXvvKVkXjhe1Y/qlg0oj+/5UOKxaK+55Yufqda57foaM9xvb7nTbW/+rouXr5EdbU12rZ9hwYGE1r8rvnDK0DvG3ruodX6/sP/rsc2PKGNz23X3miT5p3WqOrh7bkA2/XA5x9Q91nna+6kir0oxrNN35Ne/nFJd2kcPyTVTFZy5iJaoAIAAAAAgHHnza63cz4fzflsmXTu61Jv34AWLZynutrsuHJaY72mNdZrcdt83XXPWr22a686dnTq/KULdf+ax/VaasKp4nVp4z/9X21r/bS+dGOzYpI02KVtD39f39v4R/rshU3D3D8wAvqOSk9/syy7rvrFveo+/VJZ1fWSCFABAAAAAMDEMSIB6onefklSy8yhg8rbbrpaTz77YnrdM06fpdd27R1eAbratfVAq674bCo8laRYkxZ99AtaNLw9AyNn1y8L77p/zdPSSQ9KP/xB7vX6elS3/9camH+RJAJUAAAAAAAwcYxIgFqIutpqrbhsWWl3WlujWnVpT5fUFprhDmr/cw/ogcdeU3c8qpPOuEQ3fvRCnVYr6dhObVz7iDbuOqi+uBSd/m7d+Olr1ForqWuj7vrGHi28Tmp/pF3xP/hLfeH9Ddq/+SH960/adTAuRRvO0CUf+aguPM1+pe496/Wdb/5CezL3BRTitxsKW/+ap6Xpz0j/d4jwNKVq19PpABUAAAAAAGCiGNEA1WmJWohD3T2qraka3gtPPk/XXfFLffMbf6Otsxfqgne/W60LZ6u5Nt0eVYPbHtB3tjbr01/9pJpj0rFtD+g7D2/XX97Yppjiarjwj/WlT05WTIPa+cjX9PAT79YXVjSntm7XL7ddp09/9UY1xaTBbd/TNx+L6SNf+LoWTZYGj2zVL/bEpdMk6aC2tV+iz/2vr2uyerXtga9p7RNLdMeK04b3HjHxdBcwtEU6PP1q3ptEevYVUSgAAAAAAICxzRyJF3W642/bvqOg7Tr3delId49a57UMuwxNF35WX/3qp/XRsyZrzy8f1ne+/EX9zV2PqKNXko5p6y9eU+uF71dzKlOdvOgPdPrOX2mXJE1u1aJ5k1Pd/2Oad8Zp6u4+4tn7Ql3zyXPUFHP3dcaKj2jRZPvZWOM5utC5owa9+4pFsu/VatFZ8/S77mPDfn+YgHb/V37rFRGeSlL00GtFFAoAAAAAAGBsG5EWqHW11TrvnIXavLVdTz77oi5eviSv7dZv2CRJWvSud5SkHLHaZs27YIXmXbBCGjyirQ98U99/ZKG+/tEG9fVK7Q99Xp9/yLvFQi2UpN439NzDj2jjzoP6XV889ZT/PbgV26u+XilWE1OwqGr9d4HRqdDxVQEAAAAAAMaBEYvrZs+crs1bpfUbNqt1XkteE0o565y/dGHpCxRr1DnnzNPDvziiY2pWTa208ONf141t2at2PHKPNkY/rs9+qU2TY5K2PaDP/ypsx7WqqZUG+wYlhYWoQAU98j67FeqnvlxYK9TqyUOvAwAAAAAAMM6MSBf+NY9u1Np1/ylJ6u3r1133Pqwnn30pcF3vOKkrLlum2266evgF6PqZvvNPG7XzyKD72LGdWr+xQ7OXtGmyJmvRu89QxxM/035nlcEubdu6U4OSotEaqbZWNTFJg/u1cWNHjhez9/Xaxp9oZ6pn/uCxbXpuG930UWJzfj//dR95n3TwPXaImqf49NYiCgUAAAAAADC2VbQF6oneft27ep06dnaqsaFeKy5bprWPblRvX7/WrtuoJ599UYvfNV91tTWSpD37utSxo1OzZzbpL2+9rnQFabpEH3n3T/TQ9/9W+w/2KS4pWjNDrVd8Wp86LzUa6Tk36tO9D+iBL39e3XH7+bOuuVELJc1b8VG1fef7+uLn44qedIauPKdVOhj+crXnfFS3HftXPfS11L4aztAlHyGMQok1tOQ/DqrktkT9+E3SD38w5OqJ+pnDKBwAAAAAAMDYZFiWZVXihTr3deme1et0uLtHZ5w+S6s+fIXuvPuH6u3r1/VXvVd79h3U5q3tWdvV1lRpxWXL8h4nFZiwfrNBeujmsu3+2Ae/pYH5F0mSDMNI/3jvO7e9y1y3cz0GAAAAAABQCR27OnM+X5EWqJ37unTXvQ+rt69fF11wtlZefaHuumdt+r4Tjq68+kJ17uvybds6v6USRQTGvtPfbY9T2l+G4SGqJ2uw5ZzS7xcAAAAAAGCUK3uA6g1PP7Hycp2/dKHWPLpRr+3aq1nN07Xy6gvT69bVVhOYAsWqmSJd9FnpZ3eWfNfH3/0nSlbVi3aiAAAAAABgoin7JFLfWb3OF54+v6VdTz33kmprqvS5W68v98sDE8uyT0qnvrOku0xMb9WJsz5W0n0CAAAAAACMFWUPUI9096ileXo6PL1/zePp8LSutrrcLw9MPB/9nt2VvxSqJ+vt9/+f0uwLAAAAAABgDCr7JFJ33bNWr+3aq5bm6ercfzAdnrbMbCrnywIT24F26XvXDW881OrJOvKH31N8+oLQSaOYRAoAAAAAAIx1Q00iVfYWqCuvvlCzUuFpY0M94SlQCTMWSp9+vOju/PFpZ+jgdf+mwWmtJS4YAAAAAADA2FL2FqgARtim70lP/Z+8WqNaVSfp2Lmf0vEzP+prZUoLVAAAAAAAMF4N1QKVABWYCPqOSrt+Kf12g9TdKR34jdR/TFbVSRqY+g4l6meq97T3aLDlHCWr6kPDUwJUAAAAAAAw3hCgAgj1xu79OcNSAlQAAAAAADDejfgYqAAAAAAAAAAwVhGgAgAAAAAAAEAIAlQAAAAAAAAACEGACgAAAAAAAAAhCFABAAAAAAAAIAQBKgAAAAAAAACEIEAFAAAAAAAAgBAEqAAAAAAAAAAQggAVAAAAAAAAAEIQoAIAAAAAAABAiOhwd9Dd3V2KcgDwaGhoGOkiAAAAAAAAQCUIUAl6AAAAAAAAAIxXdOEHAAAAAAAAgBAEqAAAAAAAAAAQggAVAAAAAAAAAEIQoAIAAAAAAABACAJUAAAAAAAAAAhBgAoAAAAAAAAAIQhQAQAAAAAAACAEASoAAAAAAAAAhIiOdAEAoJIMQ4pETZmmIcNQ6scY6WIBo95bB9/WKdNPHuliAAAAACghy7JkWZJlScmkpUQ8Kcsa6VKNPgSoAMY9w5AiEVNmxFAkQlgKAAAAAIBkNyhy2hRFIoZiMVOJhKVkwlIiQZjqIEAFMK5FIoaiMbvFKQAAAAAAyC2SanwUSRqKDyaVSJCiEqACGJdM0/6fM5MWpwAAAAAAFMw0DVVVR5RMWBocTCqZnLhBasUC1I4dnXryuZe0bfuOvNZvaZ6ui5cv0bKlC8tcMgDjjf1L3mRsUwAAAAAAhsmMGKoyTQ30T9wQtSIB6vNb2nX/msclSY0N9ZrWUJ9z/RN9/ercf1Cr1zyujp2dWrXy8koUE8A4EI2ZisXMkS4GAAAAAADjhmEYqq6JaHAgqXg8OdLFqbiyB6gdOzp1/5rHNat5um5aeblaZjbltd2hIz26Z/Wj2rSlXVMb6rXismVlLimAsc5MDXgNAAAAAABKL1ZlKmnZk0xNJGVPGp589kVJKig8laRpjfX63K3Xq7amSk8++1K5igdgnDAMQ1VVkZEuBgJYlpXXDwAAAABg9Kuqiky4IfPKHqBua9+pWc3T0+Fp574urV23USd6+yXZ3ft/8vPNkqQTvf1aveZxvZwaJ7WutlqL2t6h3r5+de7rKndRAYxhVVWmJtjv71EhnyDUMIy8forZNwAAAACgsgzD/ht8IqnIu62rqU7fXr9hk5589iVt2rJdknT/mse1fsMmnei1Q9JNW9r15DMvptdf/K75qq2pUm1tTSWKCmAMMiOGzAjpaTmFBZn5BKHFyrVvglUAAAAAGDkT7e/wikwi5XX91e9T6/wWLVvaJkm6ddVVkuzWpq3zW3T9Ve9V67yW9PqL2+Zr8d/9adnKMzAQ1z9+/xFJ0p/+0TWqqspdJS++8poeXvef+uvPfEQNU04q6LVefOU1/dMDP9Ef33illpx5RtFlBuDHuKelFxSS5rNutkIvqOH78pYhrMVqrucBAAAAAKUTi5nqTyRGuhgVUfEAdVpjvS5eviR9f3HbfN/z3uckexKqqY1TNK2xvizleWPvm9qTGh7gjb1v6h2nzyrL60jSu955ur5+x6c0qY7WtECpRKOmTJOwrBScADJXYJodlhqSDN/wCf51im8d6m9xav9k7i9XqOp9PwAAAACA0jJNQ9GoqXg8OdJFKbuKB6hPPvui1m/YrNtWXaXW+S2665616u3r1x23f9y33vNb2rX20Y3q7bPHSm1pnq5bV11d0iDVsqRNW3+jcxa1SrJvz587q2zjKFbFoqoqsNUqgNwiUcKx4cgVmgaFpc467nNW6r67jmRkbTvU79XMlzIMIzAw9T7vbhccqmZ2+c98DAAAAAAwPJGooXh8pEtRfhUPUPfsO6jevn6dSAWjh7p71NvbpxO9/aqrtcdK7djRqfvXPK7amipdeel5OnSkR5u3tuve1Y9mBa3DsffAQe14fZ9u+dgHJEnff+gxHTz8tpqmnZxeZ3fnm/rev/5Mbx3s1oxTpvq63ncf/Z3+/tsPaeniBdq2fYe6DnVr0cL5uvKyZXrwR0/o9T0HNHPGdN36ias0feoU7XrjgP7phz/RH3/8SjWcPFl//+2HtGxpm17+9X9r/1uH1DStQZ/86Ps1p+XUkr1HYDwzDNH6tAj5h6Zuy1L7ccsXlFqWFRCMWhlLZ928SpZH2Z1wNTg0tVuqZnflJ0wFAAAAgNIzTSPwb7TxpuIB6k0fvlyXLD9bLTObJElfTgWiTngq2a1UJemO229Mtzid1livn/x8szp2dKp1fotK4YWXf6sZp0xV86nTJElN0xu0bfsOXfrecyRJR48d1/cfekyzZkzXn918rY72/E7ff+hnWft59b/36I9vXKHut4/pvgf/Qzt379dHr71Y06ZO0fcf+pkef/oF3fA/Lgkswy9fbNcffeT9mnxSnX7wb4/pZ0+9oE/d8EFFIozpCAyF86QwYcFhUGjqD0yNVHDp2yr1vLcLfbnKnfm6Yc/7g9OhwlSCVAAAAAAYPjMiJcZ5K9SKpw8nevvV2zfgu3+itz9rndqaal93fWdiqc79XSUpx9Ge43qlfZfOX7pQkYipSMTU+UsX6vkXtutoz3FJ0utvHFBvX7/+8P1/oOlTp2j+3Jn6wCXnZe3rvecv0qwZ0zR/7kw1nzpNv9d6ms4+8x2aPbNJ8+fM1L43D/nes9cHLjlP8+fO1CnTG9S2YK56jh3XwOA4/9QBJWKQnw7JO0u9t8WpfwZ7b0tU9zF/MGl5xiENey3/6znd+fPnru+Wb6jXc8vnPOYOIeANSI2M9xxcHwAAAACAwkyEnqEVb4G65tGN2ry1XZ9YebnOX7pQd979gHr7BvSt/+/T6VaoUxun6LVde32tTZ1WqU6QOlztHbt1oOuwvvODR32PG4b93LKlC/XWoW5FTFNVVbH087U1VVn7ynysaVpD+vbJU07SvjcPhZYjaH8A8kPLwXBDtzYNbmnq74JvtzA1DO+YpMHjjgZ15y82kMxs6ep02/fvN3vyqOAxU/1dSTJbptIqFQAAAACGZyL8/VTxALV1fos693elg9BlS9t0+MhRXxf+FZct07bt/61vfPdhtc5r0aEjR3W4u0eLFs5Ld/0fjoGBuDZvbdeKy87X+ee2+Z57/oXt2ry1Xeec1apTpjVoMB7X8RN9akhN/hTWkhRA5ZkT4Jd0oQoJTr2tNe3V3Raf3s3dYNI/7qk3sHTD2LBjMlSY6g1I/dtljqfjLav7XOb7ddZ1W6Z690OQCgAAAAClMRH+Nq94gHr+0oU6f+nC9P2VV1+Ytc60xnp97tbrtX7DJm1r36nGhnpddMHZWnHZspKU4Y29b6rr8FFdf/X8dDDqWNQ2X8/916/1xt43Nfe0GZpUV6v/+PlmXfvB5Tra8zv99InNJSkDgOGjC78rn+A0syu+E0R6W5p6g1I3lLR8+8oOLJ2xUL0BpfNcvoOJW6mye7vie1u+uq8ZHOg6z3vL7h2KwC1DdktVgyAVAAAAAIo0Ef5cqniA2rmvS9vad+qiC85WXW21Xt6+Q4eP9Oji5Wf71muZ2aTbbrq65K9vWdKmrb/RrBnTNKOpMev5GU2NmjVjmjZt/Y0+/j8u1R995Ap9/6HH9MWvfU9N0xq05KxWbXn51ZKXCwCKZYeIwcGp2+oyO3B0Q1PvNu46bvCZGaZ695MdUNr7cpbJvMPHZDJ73VwtT8MCUqfsQa1T/eGrfKFtZgtV7zKojgEAAAAAKmzqizHKsMo8a8bNt9+tM06fpc/ddr0k6a571uq1XXvTY6DefPvdkqT77r7dt13Hjs70OKi1tdVqndeiRW3zfRNLARieN3bvT0+kk++PpND7zm3vMtftXI/lo7au4v8HNKoEtY7MDk4l79im7qRR/tnrnRap2VeEzFA1uwyZr5/ZerNQYaFlUIjplMkbqHoDX/d5ZT3mtnqVvHUUFKR6389EDVLfOvi2Tpl+8kgXAwAAAMAo1HtibE+I3rGrM+fzFUkfevv607dXXn2hXt6+Q4vb5kuSbl11lQ4fOepb/wf/9rg2b233PbZt+w6t37BJ1199oW8IAACYaHKFe04Q6O/GbgW0xPQ+H/SYN4D1d6t31g0LSpPJzG78Q4ep3vfi3T6snP6Jo/ytZf2tU4Nbz2YOBxA85IA/SKVbPwAAAABMTGUPUBctnKdt7TvVua9LLTOb0j8OJ0h1rN+wSZu3tmtW83StuGyZFrfN16EjPerY2am1jz6t+9c8rtnN00symRQAjDVBrTJthi9wtNezcnY997cqDQtN3a7wmZM5JZNWRsjpbud0kfdOOjXU+3Jbktr7cSa5ckJgwzAyXlNZZfOX0Q1TneEKcpXHWx/OdkGTTdGtHwAAAAAmlrJPwXLx8iWSpHtWr1Pnvq6c657o7deTz76kxgZ7EiknXJ3WWK/zly7UbavsMVHXb9hU3kIDwChjB4xB4anhCQktTxjq3M5upensy3nOG7p613Nfx146LUMzu/77y+PuP+h+rp+wbf3l8Jchu0zZZXHem7ceMvfvryu3/pzxY+069gfITlhb5pFwAAAAAAAjrOwtUFvnt+gTKy/X/Wse153/+180taFe0xqn+NZZ1DZPFy9fos59Xert69fFy+0JpoL21dhQr23tO8tdbAAYNXK1OnWDPu8kS4Zn9np/q0s36zMywsnMQNH7XFL+7utGKrj0t1aVnFapwV37w1t+pm+l1jPSr+GfBMt5f95xSp3XSma1kM1skZrZ9T4s93Trzglfve8xvFs/rVEBAAAAYHyqyBio5y9dqGkN9Xry2Re1rX2nDnf3+J63LEsXL1+iqY1T1NhQr9Z5LTn39fL2HeUuMgCMCuGtTv3jg3q7nntblbrb+faa1XLUG7i6r6P0PtzA1DseaXaXf/+2mV3tc79Pd73gfbktQb2PJz3d891yeENSt+u+N+x035uznRsyuy173WDaWd/frd87aRohKgAAAACMT4ZF30Ngwnpj9/50K7p8fySF3ndue5e5bud6LB+1dRX5P6ARET5RlBtgZoaDwSGpf3zS4JDUGyL6W1xm7iPokpHZ0jMzBHX3k90KNezxoP3l/uy4wXLqGV/I7N3U/3mUpKB9+Nfx1nFQoOqti8zXGC/eOvi2Tpl+8kgXAwAAAMAo1HsiPtJFGJaOXZ05nx+/6QMAjFFhXfb93dazW50Gh55uN//M/bn33W2dMUX9XeW9+w6esClzTFXvRE+23N3mM8cWdcrh3U+uCa2cdZ1JppzX8g9rEFSfStelv8Wudz9DtUalSz8AAAAAjGcEqAAwioR12ZdnkijD8E8o5R8L1NkyqBVocKvQoPve8VOzxw71hq3+8Vi9Ezb5x10durODs74bnvoDY2dfmeFs0PvKDlGzW7sGBanue8nc1t8KN3PIAOd906UfAAAAAMYfAlQAGCVyhaf2faWDu/AxS62AYDQ4OPVOzjTUNlL2OKje8kiW5yczvM0vRPS2YrXfX9L3vD849ZchrMzu/rzbOSGnf7vMgNh+Pbe1r79s3mPhvH9CVAAAAAAYjwhQAWAUyG5RGtQC00oHevYq3gmdsveX/VjQc9ktVbO3yWyZ6Qaldpd5b4tNwxeE2pIaOkS1fOv4u+un9pLM7DKf+X78Y51mvo/sCaiCg1T7saAd+cNh51h4h0oI6tJPiFqoLj32D/+iR7qyn4nWNKjtsgu1avlc1VW+YOXz1hP60tdf0ZtNZ+rOv7pEM4LW+fVa3Xz/3qyHo5Pr1NK2RB+79FzNri97SVM69cy/vKAOTdKyqy5XW7308uq7de92adEnbtdt76pUOQAAAIDKIEAFgBGWT3gaNFFUrlanzva5xj6VLM+Yp9717Oec2/6A0QkRvY+7AWkymQwIKu39hYWI3vfhlN27L+/ressUHqT6y+19HdM05A+CJW9waxjyBcL+gNrfGtUpqxvy+sdndW4TohZv6uw5Or3Rudevzu0HtG3dI/rG4A2646KmkSzayKmp18IFjakAOa5DbxzQ65uf099u/pUu+sxHtPK0SfnvK5/gNtBRbd+2W9tUr5ZLpbaKBbcAAADAyCBABYAREtx1PGi806Au+949udsE7d8O9pK+dYOC0+z9uvvxl8EOTN2AM3uyp1zvdyiZ45t6X8N9TbsM/omjjIz9ZIeozjAEbpCaOZ5sdnns57ytYzPHWDV8xypoXNTMlqnIT8v7rtUt3taMPc/qzq9uUedzL2nXRZfr9BEr2Qiqn6Prb/CHnUdfXqsvPbhXT/3z42r7yrVqi5W7EG267e62cr8IAAAAMGoQoALACMgVntr3/eOL2t3FJW+LyOxZ6IO74zvhqWVJmeOKZrba9L5GZnCbGZh6t/e2uPTvN6wrfO7nglqxBrUwzSyTG6Zmt5T17tcJUu1w098K2CuoZbC/rIbvGOUaFzXs+KAA9Y2aKqnz2FEdTT00eORXenD1Rr2wP6G4IpraulC33HCJTq+VpO265/YN2qZZ+sTNk/T46g69Ga/XNV+8WVdM7tILP/oPPbitW71xZ3iA5frY8vmaktr30R1PaPWadrV3JyRJtc1z9LFVV+ncRvvr04Gn7tMdP+vRqe/7gK7seU6rt/YoLqm+9Uzdli5DXEffeEnrH31RW/afUG9cUrROCz/wQd22vEWlyDqnLL5KH9tyj+7r2K31W46qbVnqHQxmvMeGGVpxw1W64rRJ6S73kqSuV3TH7a9ImqVb775ebT2v64WfP6fHXz6oN/skKaKprWfr1lXLNTvmr9db775eiwNLdVQdT/1Uq39+QIdT73nu0mW65aqzNK3sAS8AAABQWuZIFwAAJqqw8NR+LrMrvdsq1bntf9zyrZNMOut6f/xhZHB46r+fTCYDQ8xkMpm+7+zfv1/D85qZP+m9+X7cIQeMjPfoL7/3tb3lch8Pfi/B7zu7nty6C6pbfz379+ef1Mp9j/7Wp4SoxerTnp9u1jZJmj3Dbn361kZ97e+e1KauSWpdNEdL2+o12PGKvvbPz6YDVtte3X9fhw5Fq3Xq7BlqifbphdX/ovu2divWPEtLF81RW1O/tq97Vlt67C0GX/2xvvTdV9R+bJIWLpqjpW0Niu3frfv+brUee8tfsjef/qlW75mkxYtmae5kqafjFX3zp6+nno2rY8Nz2tRVrdPb5mjpolmaW3tC7et+rAdfLVXd1Ki1rUGS9PrOA6nHuvTYt+33OGWe/bot8QN65Ntr9UyPNLV1jpa21qtWsocFWDRHSxfN1VRJ2rlZ928tlLdfAAAgAElEQVQ5othpc7R00Rwtmh3V4Y4t+saP8i/wnkcf0jd+dkBHG2do6aI5Wjovqs7NG/WTnaV6zwAAAEDl0AIVACosu6WmPzwderxMd/3gQM47Vml2t/rM9TMnZworsxvoZrcONQ1DhhmRaZqpVQy7lE4XfGfTjLeRvY4lGZYSiaSspH3bHULA2+LVW5agVrfuCxqGPdmV3W3ffT/eY+AfpzS4HvzHJHc3fP8xDG6JSlf+oW27/27dnPlgtEHXrFyuKZJe/tlL6lS1lt96s244zX76xJYf6s/WvKLH3liulae5m7W8/8O646Lm1L0uPdYtSbN0/Z9dr3NTjw72HJXq7eefXLdbvarTRbfenN7PiS0P6c/WHNAj617UxbcscXfevFR/f7tdJr3xuG7/drt6du7QAc3VDNXo3FV/pnNjnq9cqQmhXn55h1YtmF+CmpKmTJ4kqVuKx1OvsVGP7Jfqz7tGf/uhufZjvS/orv/5nNY/3am7r75Wt8yzx0DtzRwWYPF1undx1NM6NtXidPur6tACteZRnsPdJyTV6eJPfETXnpJ6sOeoTjBeKgAAAMYgAlQAqKB8w1N/61P/9pm33RafVsbjyaxg1HvbOw6qtyWld5uwoDISico0nE4MniDQbYzpxJdZLUK962avY0iWoYhpevpIpFqeWkklEgk5rVWdbvL28Ab+MgYFws77dYLUoBDVO3FVWKgaNJ6pt9u+3ZU/MyQlRC2GbxKp2notbJuvtnlzNSUmSV16s0uS+vXst+/WsxnbHu7x3puhi5Y3e+43adE59XrkZ3t13199V08uaNHiRQu1rG1uqvt+l3Z1SVKjWj0hbF3rLM3VAb2+/6A6Jbv1pqRTFy1Id/tXTUR1krwvf2L/Jq3+0Svq6Oq3u/Cn9Pb1FVYhORw9dty+EU0NL9Bll6Bn8yO6eXPGyt1HJbWE76y3U8+s2ajHdnSrx1vEvn6dyLM8befNUe323Xr8f39T7fNadMaCs/Se8+YXMFEVAAAAMHoQoAJAhRQWnjqP+bf33na7zdsTGAW1DvWvF5xkZgeNyawQNxqNyHACU6vSoZ/9eqYRkRmNSIbz3hKKx5OSJ7V1xiF13oO9XnbY6cgOOcMe85YnO3h11iFELa2sSaQCRdTS2qJTa/2Ptjb616nLGHdzxkU36962HXpm86+0fecOrX+wQ49EG3T9X9yki09R6fS8oHu+vUWvSTq1dY7aaiUd6dKWPflGkfnoU8f2bknS3Hn+iLK2eZbamjK+7s2bonBH9czqR7R2pxRtmqGlC6olHdeubQd1uIASxRZcq7u//Lpe3tKuLds79cy6dXpqXbWW3fxJrVpQU8CeAAAAgJFHgAoAFVB4eBrW0lTyTo6UPU5o0hfI+VuSesuTDHjMu39LpmkqEkmlTpYR1rO98lIBrqGoYjE7OI7HE6n35H8PUtCEVJYbBsupeycAdevOG8K62wUfI+/ruPsVIWpZNenUJkldCdUvvly3LJ3kPjUY11CzM53oOaq6U+br4qvn62JJenmtbn5wr57Z3qWLT2nS6U3Stq4j6nhDWux04e/Yq9clqXm6WiQdyqeY+zv1miS1Xqw7bjlLMdnDDJQyQD368jo92CGpZo5WLLXD0RlN9ZJ61Dt5vj52wxLVpdeOa9D5+ndKk06V9GbXEb0ppVqHHlDHTkmaoVV/8RGdG5Pd9b/AANUeDmGuzr1ors69SNJbT+ivv/6KNm3eoVUL2ob7lgEAAICKIkAFgDILnp1+6PDUmaTIv47T0tRu5ehtJerdn791avA+3fW9+zAUjUbtgNHS6AlNw1iGJEPRiCnDsJS0LMXjcWUH0EZ6cidv0OzmlplDDVhZty3LyHous7u/+zpOUBoWoooQtQQWv/9stWx/Se1r7tOXXm5RS600eKRL2/dM0aq/T4V/gV7V2n/4qV5Qg1oXTFGd4jq0c68kaWpjvaQaXXzVHD123249de99erOtUXXxo6lWnvW65qolQ+WzrnlztFC71d7xnL62eodO1dF0a9Gi9OzW2n/5cSoQjevQGwf0enfCHhv21qvU5hTsXRfqmuZ/0SMd/6nb/6FDi5urpfhxdbx6UC0rb9OfL66R1KK22dK2PXv14Lf+Q4eXt+j0ea1a1Cpt6TigB7+9VtuapEM7U8Fx3o7omftWa21XneYuaNK0qHRi/24dljS1IVfrVwAAAGB0ModeBQBQrKBgLLMr+VDhqbuOd/Z3OwR01s0cz9QZJ1TyziqfHea6gawUi8YUi8ZkyBz9wWkAyzJkyEy/j8xANGicV7denH34605y689+Pumry8zj6w2v3aA7+Jh7DTWJF0KccqG+8MWLtXx2tQ517NaWbbu1vatabVedO8RER/N15Yda1VLfo45tu7Vl2151DjZo0bXX6bbFdvfy2IJr9bd/cqYWTj6u9m27tWV7twab5+jmL67SFYV08Y8t0S2fOVMLJ/erc/tuvfzGJF1z1azi33Nfj10ep9zxas097wJ96Ys36YqZ3v8Xb9IVn7lBN583XVOOHLDXf/WIpixYqivmOes16j2rPqDlzRGd2NOhtQ++qqP1NTr3hmt0TWudBvfv1ZbtRzTlA2drUUGFbNTSq5ZqUVNCndvtsrYfqdPcCz6gL1ydY+xVAAAAYJQyLP5iAyasN3bvT7eAy/dHUuh957Z3met2rsfyUVs3+hvRh8327nbBT6/p2SaolagT6tld//1Bnf95t0u6t+t/9tiodmtJQ7FoVJZGURf9EnFagg7GB31d+70fN2+rUO9n1w09Ld/n29mvfT/4eWcf/oeM9LbOsc9seTraW6G+dfBtnTL95JEuBgAAAIBRqPdEfOiVRrGOXZ05nx/96QMAjFFB4566wWVmS8XMVpD+/fjD0+yJkIJbsCp9OzOglaRYLCpZZtZYqOOF/b4MRSNVkiwNDA546t3whcwBW2fsx99NX3Im7soea9Xexruesz937FrvZ4Gu/AAAAAAwuo2aAPXQkR5J0rTG+hEuCQAMX/ikUW4IGhRqhoWndvDmhKeW5znvzO/+7YPHXpUiZlSRSKTkwalhSIZpyDQMGaZkGoZkuMFiZi7oe8+WlLQsWUmny7xV4vIZqq6qVjwRVyKRUNgEUEGBqhOUJpOWZxzVzCA8OER1W7O661iWkd6nG6wSogIAAADAaDXiAWrHjk6tXvO4DnfbAerUhnqtWnm5WuczRhaAsSk8PJXcMTH9rUTddf333SDRmTTKyljXP5lU5lia/q7rVqo1ZuaEScUxTUNmxFAktSyUkxE6dWUqex/JhKVE0lIikVRqyNeiWZYbHg8ODnhLkno+qFLs+nVue8NO76RRmSFq9tioqVcyvN34rcD9EqICAAAAwOgyogFq574u3bN6nRa1zdcly8+WJD3x7Eu6Z/U63XH7x2mNCmBc8I516m2VGJTX+cdJ9bZydEPYzBaoUlJuKGoFBqgRMyLTHP6v/EjEUCRqKlJEYFoMM2KHs7GYPedhImEpEU8qkRhGAmwZikWrlUwmFE/E5W2NGjSZk13/bhDuDzitVItSKbM7f1DXfm83fm9I6h8PFwAAAAAwmpgj+eJPPPuSWpqn66YPX66WmU1qmdlk326ervUbNo1k0QCgKLkmjZLcCYqCtvPezh7zNLj7vrf1oneWeW9AG4vFhhWeRqKGqqsjqq2Lqqo6UrHwNLAsEUNVqbJUV0cUiRZfFtOMqCpW5XvMP3astwWw/1i4z4cfC3ef3gPuHh/3c+L/rEjBQS4AAAAAYGRUrAXqid5+PfXcSzp05Kha57Vo2dKFOnzkaGBX/db5LerYYc9+9fyWdr22s1PTGqfoogvOVl1tdaWKDAAFKXTSKHdMVPm2yRwrNbPbflhglxm6maYUjVR5uqAXJhYzFY2N6P+z5WRGDFVFIlKVFB9ManCwmD7+hqqrqjQwOOAZq9TzbFZLUrc1sLclqvc4u8c0qCu/dxxV79iwTCoFAAAAAKNVRQLUE739uvPuH8qSNLt5ulaveVx79nVpauOU9ORRXp2p59Y8ulGbtmxX67wW/WJHp55/YbvuuP3jww5Re/sG9K37fqydu/enHzMMQ3Nnn6obr79MzadMVffR3+nvv/2QrrvqvVpy5hl68ZXX9OP/eFZ/8cfXZQ0tYFnSj/7jGe3cvV9/dvO1qq2pynxJABOQd2xM7xiZkjtDvPtc+hlfi9Vc4WnQuJvOOnaX/UhR4eloD06DRFNlLiZItSxDsViVEom4Egl328wA0w1Sc4eo7jHxvoblCUrDJpWiKz8AAAAAjEYV+Qt505btsiR9+faP67abrtYnVl6up557SecvXajNW9v15LMvpdd98tkXta19p85fulBPPfeSVn34Ct1209X68u0fl5XaV6lc+t5z9PU7PqWv3/Ep/d0X/kgNUybru/ev19FjxwPXP3j4qDZvbc96/K2DR/RfL/22ZOUCMPbk6rqfGZ75u4j7b/sD0qHCU++27k80GlUkEpUCJmXKJRo1VVsXHXPhqVc0lnoP0QLfg2UoGokpFnP/XzGzXt3HpVytg73Hx79O5m3JnYTK+1mhKz8AAAAAjCYVa4E6qbY63XJ0WoPdgrNlZpM+sfJyrX30aa1dt1GSVFtTpU+svFxTG6dIkupq7G3qUtuf6O0vWblqqqvUMOWk9P0PXnqevvnPP9KevV2a1Tw9cJvNW9t13jkL061QLUt67r9+raM9xzUtVWYAE0/urvvuuKeZLQzDu2gbsqykZ8zU8PDUu4xGozIUKagVo2na44qOp57isSpT0aip/oG4rDwbpFqWZCiiWEwaHIx7utpnThwlua2H3SEX3ImhzPR2mUM0eI+1u3+ltw/ryg8AAAAAGDkVCVAXt83XT36+WT/5+Wa1zmvR2nUbNat5uupqqzW7ebo+9qFLdfDw25Kk6VNP1oymBk1rrNes5ulau26jVl79PnXs7NTe/Qd126qry1bOWDQiSUokEoHPN586VZIdol556XmSpIOH39av2nfqHafPUjJZzPh7AMa6oGAsrOt+agtlBmve1qjOdm7rQ2f9pLxdxDPD01gsJlmFtbx0gsbxyDClmpqo4vGkBgfy//1sKKKqKkODg4PpxzJDVPeYW7I7c/iPmf0ZcI9VNn93f/s1wrvyMxYqAAAAAIycigSoLTObdOuqq7Tm0Y1av2GTFi2cp+uvfp++ce/D6tjZGbhN67wW3fThK7Tm35/WXfeuVWNDvW5ddVXW+KOlEk8k9MsXfyPTNNV86rTAdWprqvXeZYv00yd/mW6F+tx/vaIZTY1qnjEtPfEVgIkjbOIoZ5xLJ0gL6gLu5040ldnVO7WVZ9/ZM7xXVVXJSuYfsJmmoerqSKG9/MekaNRUJGJqoD+hZDLPprmWqaqYPblU+qHA8VC9gbbkHlcjffwzKzmoS77d0tR53tkPE0oBAAAAwGhQsS78e/cf1B+c25Z+7N7Vj8qSdMdf3KCWmU2+9Tv3dekHax7X6n97TIvf9Q4teMdsSdLe/QfVOq9l2JNIOdZv2KT1Gzal79fV1mjVysvUNO1kdR/9XeA27zxjtn754m+0eWu7fv/sd+rlX+/QjdddqlcJTwFIcrtz+7vaB00OFDSmqTeYs8M+/zr+8VWdlqeFhafRqKlY1fhsdRrGMKTqmogGB5KKx/NrjepMLjWYEaLa+8scm9Q95qaZ2YXfDVWdiacyy2av778f3noVAAAAAFBJZQ9QO/d16a57H1ZtbXV67NMTfXag+pd/cl1WeCrZLVZXXLZM965ep9oaNyw91N2jJ555UZ+7NXi7Ql363nN08fIlkqRoJKKTJtUOOQZgVSymiy44Ww+v/0/tf/OQmk+dptNPayZABSag8Imj7OAzO2Rzu+7nmhgo8zlvd/HMfcaiUcnKPzytqo4oEpm4rRhjVaZM09DAQPBQLVksQ5FIVIlE3P9wxnio7n3/8QlqMerf1h+yusfXacFKK1QAAAAAGGllD1DXb9ik1nmzdNtN7tilHTs69Y3vPpxzO2fyqBWXLVPr/Jb04/f84FGt37DJt79iZU4ila93njFbp05vUHvHbv35LR9SJDKxWnIBCBI2cZQbqGV28c4ey1S+9fwTT2V33Y9EopIieZewuiYi0yR8i0QNVZsR9fflF6KaRkQypXgi7pkoKjMczz6+ppk7TM3c3p0wLHtCqYnkrYNvj3QRAAAAgHHllOknj3QRxryyB6jb2nfq1lVXlWx/y85t072r15Vsf8WIRiK67qoLdfDw2zpt1ikjWhYAIyO49akUPHFU0KRR3nWdGd29EwjZk0Zld/G370ciETvYy1NNbXTIFvYTiWkaqqmJqq8vPvTKkkwzooisrEkG3UBVckNxbxd+pUJrb5hq+IJYW3YY6zzlXXcitELlyx0AAACA0aYiY6DW1ZRmzNJS72s4pk+doulTp4x0MQCMCt6Wgu4M7N7ALLO1qX/29ezb/saJ3oDVDtEiZjRrTNXAkhlSdQ3haRDDtIPl/r54XnUZjURlWUnfRFSZXfezA1V/GJraKuP1nAmjUuXyTCg1UVuhAgAAAMBoUpEAdbSpranSX//ph3Ou0zDlJP3Dl25J319y5hlacuYZoetfeel5uvLS80pWRgCjV76tT70TR2UHdIYsK+l7PGwdf2tDS7FoFeFpiTh11NcXH3LOJsuSYtGY+gcGPCFp1h4967tjmXonn8oMQzNbm3pbJhuG97M0cVqhAgAAAMBowuCdADAs/haC7tiVmWNihrUuzRzf1J2Iyl3fM2lULJbq3j80wtP8GIZUU5Pf/ydalqGqqpiyu9xbWT/eCcMyj6UbrPtbJLufG1qhAgAAAMBoUfYWqLU1Vdq0td3XUqZz/8H0MqwFTdg6m7a2q7amqowlBoDcCmt9mj3ZkLOt08I0+/HMde39RiKmZOX3/141hKcFsVui5jmxlGUqGokqnkj4Whln1ndwK9Hg1qPFtEIFAAAAAFSGYQX9tV5Cz29p19pHn1Zv30BJ9ldbU6Xrr36fzl+6sCT7AyayN3bvT4cx+f5ICr3v3PYuc93O9Vg+ausqPwpJZvd9m3eM08xWhUZW60N3DE0rfdudWEq+dZ3Wi4Zh5N11v7omkpq4CIVKJiz19w8dohqGNDA44Pk8WIHngbOuc9+ZUMq9nXnOeFsz+1uhuuG8P8CvlLcOvs0ETwAAAAAC9Z7Ib4Le0apjV2fO58uePpy/dCFhJ4BxxztplDvBky2o9anbtdu7D+++3O0yx0aVpGg0lld4GqsyCU+HwYwYilWZGhxI5lzPsqRoNKrBwYGMx91w3DBM3+NOa2Un80wmLZmm4XnO8oSp9j68x9wdHoLxTwEAAACgkhgDFQDylBlceWdat5fesU+zebcNavyfTPpDVud2JBKR8hj3NBIxFI3ya324olFTkcjQ9W3IVCQSSR9zb+tj53b48A1hvGOkGukf57PmzU2d0BUAAAAAUF78pQ0ABXLHL3UnDHJaDHoDrvCu+951/OsGvJpMIzJkmQxDqqoeej3kp6o6ktcYshHT25Ejd5jpH97B5h3CwVnH3Zf944x96p2ciuAUAAAAACqHABUA8pTd+tTbrdq7lNyWhOEtEO3wLDgIczaLRmPKZ/b16jxnkUf+8qtTQ7FYLCM496/hHfPWXcfKWj977Fz5lv7PnHObrvwAAAAAMFy5hsIzTYMAFQDykRmEumOgegMttwVqZoiWfd8fpgWFaIZhKJ9f07EqM6/WkiiMYUix2ND17xwjt9t9dnieORZuLs7TTqtm97a9/+DPIgAAAACgWFWxWM7nCFABoADe4NQJPjNbE2Z23ffnW1ZGS8PwsDUaGboFpGGIcU/LKBrLL5y2Wwq7LYrzC9Cz1/cHrem1Az5rdOMHAAAAgFKZenJ9zuf4qxsA8hDefV9yx0OVvK0PnVnX7ftJSVbgOKiOzNan+Yyywrin5ZdPHRsyZRhmzlaomTLHO7Usd2Io+/g7oamzz6DPHt34AQAAAGC4TppUq1mnTlNtdZVMw5RpmKqtrtKsU6fppEm1YtA8ABiCG2i5952QzJngx1m6jxu+QNXezr/PzPvedfJpfRqNmjnHaUFpmKahSNRQIp67xWcsGtXA4ED6vh2IZofp7ucjcxgIS5ZlZIWo/qUU1o2fIBUAAAAAijeprlaT6moDn6MFKgDkyRt4ua0DMyf88bY89AZnTlDmhmCePftu59X61LDHPkVlVFXl09LXVNBEYtm3Mz8LSrc+9Q7xEPTZ8ofydOMHAAAAgErgr28AGEJQ933Ps1ljmnoF5VtBXbftx+3ALBIZOqzLZ3IjlFY+gXU0GlVQwOkGn8FjpGY+lj1Orje8T+2dbvwAAAAAUBH8BQ4ABQjqdu3Olm4ErOuEpO5PZpDmhF/prtp5/Gpm4qjKy6fOTcPbCtXyHdvs4Dz7M+EEp/6WylbGZ02i9SkAAAAAVA5/gQNADv6Qykg/5gZfYd33lbVd9r6z7zsBXC5RWp+OmKHr3pBpGqmxT5XRuji45amznVfubvyW5zOWOTYvAAAAAKDU+CscAPLgTBQlOS1PDQWNY5oZuAaFpM6PM1mQd2xL06T7/miWT92bZjQ9gVTmEA1OS1TvZ8DhHSvXu372+KmG77NIcAoAAAAA5cVf4QCQQ/bYkt7u+5LbHd/bDd9pjervqu2s7wZrQZMM5f61HIkw1uVIG+oYmIbTUtl5xD3O7uRi9uPh3fiNdMDuBqZO935nb5ljovLZAAAAAIByIEAFgBCZLfuyW/oFTRbkBGSGr0VhZrjl7Mo71qVpRgImqfJj7NORFxnyGBiKRMx0N/7Mz0Dmx8j7GXBbpVq+z1RQGOs8l+s+AAAAAGD4oiNdAAAYG7yhVnZw6oRlhmEomfROFJU5E7uR7pqdTCY9j1uK5NF936QF6ojLpxWwaUaUSCQ9LU3drvimaXqGcJAyW5Y6nxPTNLIed1ulyvMcnwkAAAAAKCeaMgHAEIIDK//4p/5xLrPDUmc9b7dtd4Z2Z+e5y0Hr09FjqGNhTwbmbWnsLN1xb92QXb4Wy874qf7gPXwcVHsdWp4CAAAAQLnw1zgA5MEbVnnHP81uAegNTa2sVoVhXbQNw5Cs3AlqJEpLw9FiqGPhnSDKnjAqfIgHf8hqecJT/+fKG6oGfx4BAAAAAOUwol34T/T26yc/36TnX2hXb1+/JKm2plrnn7tQV166THW11SNZPAATnH+GdCfQcieDsh9XxjqS223f8LQ2dVun2l38jdTtpCRD0cjQv46dLt0Yefkci4hpKp6IpycWk7yhqpXahyX/ZFGZIbs/iHUnk/KOm+ptIc1nBAAAAABKbUQD1DWPbtTmre2a1TxddTV2WHqir19PPvuSjp/o100fvnwkiwcAPt7Wg9mPe8endAPTocY/9YZnueQz7iYqy4wYSibCu86bkYiUSKTuBY2DaskwzHQw6gTsTnjqBKqSp5WyR1BrVAAAAABA6Y1ogOqEp1++/eO+x7969w+1eWs7ASqAEeMPrLwtT+VrXSq5E0jZz0neFqiZLU+zw1Z57oeXh8mjRp+ImTtANeRvOZo5DqrN8kwWZbdU9U4w5W4jz778nx3n1RxBYSsAAAAAoHgjOgbqooXztOKyZVmPr7hsmRYtnDcCJQKAcPlOIOV2788c59QbhHnHxMwdnv7/7N17fFT1nT/+1zkzyWQCJBBIhEBQIQKagNxCl6BYNAriBaq24AUrbtEWd9t+1/rtdtu6u3b7q13LPrbdr9SW3WLFFbDVCt5A8AYSWrkKSTUQEAhECBBI0CQzmTnn98fJmfP5nHPmkslMEuD1fDx8zMy5fM7nnBn1wYv35/MBOHy/N4oXasuLPym279wKVcXt9t9LZxaSIiIiIiIiovRQdC7dS3TROnyoHoqidOofAFE/m+/F11jvY21LhD87fUX0ZhWffe5Te1gqLxAE6LoW2W9uM+Y8jRaUGffv9WTE7E8675WS19oSirk/FA5C07RIdalYhWr/d0VV5f3Gq+rYJu+PbIE4n2o6KlBPnDyLS/L7p7xdIiIiIiI6/8X7s9H5rlv/RF53rAG7qw8kde74kpEoGlqQ4h4REcUnDtE337uvlC4O7bcP8RcXkII0D6rH44l5fVaf9l6KCnRk5u77FRXiwmO6bsx/CjgXkjK2icP3rblQLbpLeCr/RomIiIiIiCi1uiVAbWkNYOnyNag5UJd0G2vXV2L0yCIsXjgH2X5fl/rT2hbEL5e9hJLRl+G2m6Z2qS0iuliI86A6kyq3+VDN7fZh2WaIarUZOyDlMO3eS1UUhF1+DyaPqiIcWUgKEIN1VVVslc72KlPj1b2iVPzd8AdCRERERESUTmkPUFtaA/jF0tWoqz+J8SUjMX7sFRg0IKdTbZw604zde/djd/UB/GLpanxv8bwuh6hERLGIgZWz0jRylGMxH3HuSmufW/glVLPGC1BZgdprKaoCxFhIClJlqT0Mdwag1ly5zqH4sYbm2xckIyIiIiIiotRJe4C6cdMO1NWfxG03TXVdMCoRowFMKyvB71auw9bt1di4aUfSbRERpYMxJF9eGEqsIJSrUBVb4BV7+LXKQKzXivfVRNstBqTmqxV8ivs4hQMREREREVFPS3uAumVbNfxZmSkJPOfPnYGt26tRua06rQFqKBzGW+9ux1vvb0dLawBXXzUC995Vgf45fXHi5Bn84dX38fG+w2gPhXD58CF4eMGtyMnpg6XL18Dr9eLhBbfC4zHmuHvp9U04dOQ4/v5v70DtoWNY+ad3cOJkIwoGDcA9d9yAq0Zdmrb7IKLUMQJPZ8rpDD/lsMs8Txy6L6/GrjjOcVxDTbrblGbxw01xmoZYVaW6MO8p4Pa7sIe19hCeiIiIiIiI0iPtfyxvPNOMokJr8adTjc041djsOO6pp1fjF0tfjNlWtt+HUSOG4fQZ5/mp9N6Wj7Bh0z9PtuoAACAASURBVA7c/9Wb8OQPvwGfLxMvvPwOwmENX7S04bKiS/Avjz2An3z/QXhUFS+9vhke1YPJV4/GwcP1ONXYBABo/rwFu6sOYOrkEpw4dQb/88IbGHfVCDz5w0WYNaMMK/6wAQ2nzqb1XogoHRRHxag59Fr87DjLJeSSh/pHuRrTsV4r3vQLkeMU+TchzpkbLxh1ThNhXJmIiIiIiIi6R7fXNS1f+SZ+sXS1Y3tdfQOOHDvhek5NrbX4VNHQAgwrzE9b/wKBduzcux9TJ1+FieOuQN6AHMy6fgpOnT6LpubPMeLSIbj1xqnIH5iLS/IH4MpRl+L0mWa0BYIoGX0ZsnyZ+Kj6AADg08OfQVUUlIy+DHs/PojcnL6YfcOXkDcgB1MmXomCQf1xqO542u6FiLqD4hqM2d9HOxdgQHpe6/RXF/uE2L8l/k6IiIiIiIh6QtqH8Ntl+33Yd9CoQh2UZy0m9fijX3c9vqa2Dr/49Yt4YP4sTCsrwfy5M9Lav7ZgEGebPseGg0ex4f0dke3+rEycbf4CbcF2rH7lXRw51oDPv2gFAIy8rBAAkJvTBxPGFmPn3v2YNqUUW7ZVY8Rlhcjp1wcnTp5B3bEGfPfHT0vXK758aFrvh4i6yhyCbb6Pc3SU+UytqkHNeXwCPaDznzMn1wGokQWm4h/vOCLOZyIiIiIiIkqFbg9Qx4+9ArurD+DZVeuweOEcZPt9ACCFqacam5Ht9+F0YxM2bt4JANi6rRrDC/MxMC8XLa0B6fhUysrMRP/cvhh31QjMnFEW2a4qCrKyMvHbFa/h3Bet+O5DdyKnXx9s3LQDBw7VR46bMn4MPtz5Cf6y82McPnoC37jnZigKcEn+AAwfWoBv3DsbWVk+63q+zLTcBxElz221c/dg1Jq3Uh6KHy8SdTQTG3OxXiteyGn+JNx+U3HOhPjFW4tNAfYfBAuYiYiIiIiI0qvbA9RpZSWoqa3D1u3VeGLJc5gwthjZ/iz4s3woLytBtt+HJ5b8HuYfEFvbAgCAmgN1eOI/VsDfET7+6qd/1+W+tAWCONP0eeSzqijo0ycLE8degQ2bduDKK4Zj+LBL0HzuC9TU1mHGNROQ5ctEhteDLF8mTjc2YeeefcjN6Rtpo3DwIFxaNBivvLkFlw4rwKXDBgMAxl45Au9VfoRtu2twzZRShDUdu6r2Y0LpFfBnMUQlulBZladiFWsnA1a6CCiulaidD167dh4RERERERE5dXuACgAP3j0Lg/JysHHTDmzctDOyvagwH6OLizBv7vV4dtU6AMD3vvU1jC4uQt2xBjy1dDVa2wJ4YP6slPTjrfe24633tkc++7My8d2H7sKXp12NYLAdy1etwxctbeif0xc3XjcJigLcecu1+M2K1/Djn/8Olw4bjNHFw3G8oTHShsejYlpZCfb+9SCmTi5BZqY3cm8PzJuJlX96B69t2IoMrxcTx43ClAljUnIvRNS7mJWC7otJuW+ni40z4GToSURERERE1Psoepr/FL/o0SUYNWIYHntknuv+umMNaGkNINvvQ9HQAum88SUj8ciDcyPbfrdyHbZur8bj/7BAOpaIknP4UD0URenUPwCifjbfi6+x3sfalgh/dnr+Dkis3jP+C6kL761jzCH85mfzP6fWK6Bp9m26cLzRdobXmtbDTbruk1KjtSUUc3+wvQ2A+TtXIlWmbv/eqKr5GVH+/UJHG+K/U5F3kffpqEA9cfIsLsnvn9I2iYiIiIjowhDvz0Xnu275U7k5DN9NrCD09Jlm+XNjEwDA789KTceIiNIk1l9NsfqUDPI8pwCH3hMREREREfVGarovML5kJOrqT6LuWEPC5zz19GoAQF39Saxe8y72HTiKV9/ain0HjwJAZHg/EVFvZi36IwamDE8vJHGz8ISzUB1uuWmyYSpDWCIiIiIiotRJe4BaMX0SAODp5Ws6FaJOnVyCYYX52LhpJ55auhpr11diWGE+pk4uYfUWEaWVW/jk/p8dRZrP1Dqvc+GVEue/xOY0ANT7JPr/o84HmtEqUxP9bRIREREREVGqpH0OVADYsq06UjU6cEAOBuXluh53201TMbq4SNq2cdMOrF7zHqZOLsGDd6dm8SgiMnAO1PjMeUrFuVDti0Npmia8F+c4dZ/3VJwjVdd1+Hw+6FYTDpk+DzweVhT2RuGwjmAgHHW/ogKBQFtH0G7+u9Kxr+O927879jlRjfdW0m7st36PYpvpwjlQiYiIiIgoGs6BmgLTykowaEAONm7agd3VBxxzm5qGVeU7AtTRI4uQNyAH08pKuqOrREQ28f6OSXdUobq9j9m27pwLUzoqzn7qOfH/DtK+AFns7zL2Xzzwd0BERERERNQTuqUClYh6J1agxidWi9rDVLk6Va4+NV/FSlRxKL61XUFmRmbMYdgZGSq8GWmfcYWS0N6uIdQeo3xY0REMBmBO92AG7uJv3qwydfv3St4PiNWmwkVYgUpERERERD3qQq9A5Z/IiYgSYA+3TM7gU4cYtJrzVprDt+1tGgFsjAAOnAO1N9PjfDdy9bDu+hswfkP235b8OzLaktuO9pskIiIiIiKi1GKASkSUAsYiP8Z7KxjVYV9gym1YvxZnIAAD1N4r3ncTbb+1KJT127B+L+K+xBeqIiIiIiIiovRggEpE5EIMraJX+CVaUajb/jGvYbyKi1C594UhWm9kLgoWSzhsLDBl/hTk452/i0Qqlt2Ix/K3QkRERERElFoMUImIEiKGUtHncY02zNp8b63EboVh8Ybwu7VLPS+x78T+3VpzoIohaazpIdwDfPtwfyIiIiIiIkoXBqhERHGIQZn53q1C0Ai1zKH8uq3qUA7MrCHc4gJB0XEYf++jhWN/J9Z3ah5nBqdWtan427DOsX5D9rDeOsf9d0lERERERESpxwCViCgJVpAlJlfikH4lMvTeGYpBOscMXmMJxwnrqPvF+06sofRmUO787sXfhjUlgDg3qvz7cg/uIRxPREREREREqcYAlYgoBnluScC5OroiVY/aAzD78H37sGwzJAvHmQdVC+uc27IX0XU9blVwWAvDqiB1WzQKMYbx24f4A3AM248/BysRERERERF1HQNUIiIXcjWf7rLPPkTfDMAAsbLQDD2tuU/NMFWXzg2HQ3H7xLCs90hg2trId2r/nZjTN1i/BWu72xQQ4rnWPnu1aSKLnhEREREREVEyGKASESXIbaEfczsgD9k2K1HlCkI9Ep6abYmVhfFyLw7j7z3ifRfu859avyFrDlwrKDXnxBWrmMX5Up3XcP89EhERERERUWoxQCUiikIcMi/ORykP04ftGOdCUvbFgsy2rPaNodhanBLTcEjjMP5eQNd1hEKxS1D1jhJV+1y5VpWp8zfhtoCUGJBabxWhGlmuRuXvg4iIiIiIKPUYoBIRJcA9l4q+kFSs1dWNkEueH1VRAE2LPYxf1xMbOk7plch3EAqHYIWj9jlvzQpUwDkVhByyC1eVgnupP8xMiYiIiIiI0ooBKhFRHJ1ZSMoMT+1D9s3jzODUbR5ULc5CUgDiVj5S+iXyHZgLTEWf/9SsVlak7VbI3rkFpDiUn4iIiIiIKH0YoBIRJcSai9IKwJwLSZmVhVZAJp4DiFWobvOgQokzjD+sc5h2D9J1Pe78p8bwfXERKLf5TxE5Rp7L1PpN2AN2MZSXz+HvgYiIiIiIKJ0YoBIRRWGv6nNW+VkVgrGGaAPOuSmt4NWaBxUA2tvb4/YrFGJg1lMSefbtoXbY5ykFxAWh5OPF30CsKR4MsX+TrEQlIiIiIiJKPQaoREQxOKs95apA+zyo4iJB9iH79lXW5bDLqiaMl4GF2rmYVE/QdR2h9tjD98XQ3C30dPsN2If0R1tkzBruH+mRo39ERERERESUet6evHhLawCV26pRua0KdfUnAQBFhfkoLytFeVkJsv2+nuweEVGEtTAUpMDUCsfMIf2KS0WheZ4cjmqaLg3D1nWlY4h4GKrqidmfUEhHRgarDbtTItWnYS0MANI8pvL8uDpUVRGO0YVKU8D4XYnVzAAc858Cuq5I1yAiIiIiIqL06bEAte5YA55a+iIAHeVlpbhtZjkAoKa2DmvXb8Ha9ZV4bPHXUDS0oKe6SERkY82DGtmiy3Oaiq8GBYAmBakm+zaz2VA4hMx4AWq7Bq/XXsVK6ZJI9SkAhEIhmBWmxtQOxnY5JHW9ApyVqohUo8qvgBnYuweuRERERERElEo9MoTfDE/HlxbjyR89hPlzZ6ClNYCW1gDmz52BJ3/0EMaXFuOppS+i7lhDT3SRiAhAtDkmxWH8ijC82j7PqRh2OYdqG8eIiwVZQ791JBDWtXPIdndJ5FnrCMMMNc2FwcTvVh7SH2v4vtyq+BsTh+8zMCUiIiIiIuoePRKgrnrlXRQV5uPBu2dFhulXfliFyg+rAADZfh8evHsWigrzsXrNez3RRSKiCHFuSec0k/aqQJlbxuUM0sztVjuJLSalQYuzIjx1nabpCIXiB9rBoLF4lDyfrVh5Kgfndu55qFyJKhJ/i5z/lIiIiIiIKH26PUA91diMfQeP4vaOIfux3D6zHDUH6nCqsbkbekZEFJscYikdQ7TNodWAHJiZiwVZ+wB5xXWhZdt7c1qAREK7MMOzNNJ1HcFAOP5xCAu/AXOr2yJhxjFm2+ZnqxJZgXP4vnmMIgSx1jYiIiIiIiJKr24PUHdX7Yc/KxOji4sc+1rbAth34Gjkn9HFRfBnZWJ31f7u7iYRUUQyw/iNMMycn9K96jD2HJkK2kPxq1B1HQizCjVtwiHdperYSa4+lb9L8bu1Qnd5gSmxGlkO2RMbvs8glYiIiIiIKH26fRGpltYAigrdF4aqqz+Jp5aujnxetuRRFBUWoKU1kLLrt7YF8ctlL+HAoXrX/Xn9++G7D38Vv1+9DgDwnUV3wp+VmbLrE9H5SVwtPfowfh26bi32Yy0wBZihmqpa50tznurWKu1iFaqmh6Aqsf9T3R7UoKpKZHV3Sg1N09GewMJRmhaWqkQTWdhJDE8VRe14lX9n4vQOYphqX3xMPoeIiIiIiIhSrdsD1Gy/D3X1Jx3bzYWk7OrqG1A+pTRl18/yZeKRhXMRChtDMv/3pY1oav4Cf3vPzfD5MqGqCvpmZ+ORhXMjxxMRmayQEzACLrFK0Jrr0gy1rCH8cjhqnm+f19JswwxdQ6EwMjPi/6c6GAjDl+VhkJYiiQ7dB4D2ULttHlxxGH/H1hjzm4r7o1WnypWq5kJV/K6JiIiIiIi6Q7cHqONLr8DqNe+hprZOGsZfNNRZlVpTW4fWtiBGj3QO90+WogD9+vojnzMzvPB4VOTm9JUqTcVjiIjchkxbK6xHtjqqSq3j7Z/FY83qVfcq1FA4CK8n9l/m6LpRiZrp8yR/kxQRDGqJDd1vD8atPhWH7YtznJqiha3m78F6b11HnPeWQSoREREREVF6dXuAOigvB6NGDMPqNe/i8Ufvj3nsqjXvYtSIYRiUl9NNvbP8dsVrAICHFtyKV9/aio+qD2BYYT7+suNjZGZm4IF5N+H0mWasWVeJUCiM22eWY9b1U6AoQFsgiD++tglbt1VD03RMm1KKu26bzmpWovOc2zB+4zXakH1ruz3w0nUdqqpA04zz7cTAVdN0wKsDeuygLBw2Vov3ert9eusLSiikQUtgXlkd4jy3luh5pjhs33mQXMXqDEx1XXEE8Ry+T0RERERElH498qfshXffjFONTXh6+RrXYfstrQE8vXwNTjc2YeHdN/dAD52O1p/E0MGD8NMfPIirRg3HM8+9itpD9Xj80ftx+8xybNi0HceOn4KuA398dROqP/kU/+fhu/Avj30d9cdP4fWNf+7pWyCiFBEXkTKGWrst9GMfjh17jtLoIZgRmgWDwYT61h7UEA7Hn7eT3IXDOtqDiT2/9vYgzCphc5oGN+6VqAbzNyH+Vkzib8r8DZm/PYamRERERERE3afbK1ABowr1scXz8P+Wr8E//tsyTJtSEllYqq6+AVs+rIbf78Nji+f1SPWpm8Ihg1BeVoI+2VmYPH40/rrvMG6+fgryB+Zi7FUj8Nb723HiZCP69fGjuuZT3HLjVBRfPhQAcPMNX8Kbb/8FrW0B+LN8PXwnRJQsq8pUnu/SYA3dB9wWmlKg61Yw56xYNcI0s6LVbfh2e6gdGd6MuP0MBjT4srioVGdp4c7Me2qEpyIxRDXDUrecUw5J3cNQefEos11zkbLY5xIREREREVFq9UiAChhznv7zo/ejclsVdu2txcZNOwEAo0YMw+0zp6K8rBTZ/t4TNmZmeKGqVsFuli8TOf36AAD6ZGdFFnlpOvcFWtuC+P3q9fj96vWR4/P690NboJ0BKtEFwrmYlPFO1yFsdy4kpSgdQ/IhB27GEG2zbRVmcCZeQ9c16AhDQfx5TgNtxqJSDFETo2k6AgmGp7oeFuapBcQg3V5JaobfYhWqyb361FqUzL6QFBePIiIiIiIi6hk9FqACQLbfh4rpk1AxfVJPdiOlcvv1gT8rE3NmTcP40uLIdlVV0K9Pdg/2jIhSIf5iUroQpsYLuqyqVHEhKeecqMKCUqEQMjLUuPOhAkAwEIYvyxtjTk4CjO8t0cpTKDqCwXbbcHznPKjmNmcVavzfhFh9as57ysWjiIiIiIiIek63BagbN+1AzYGjaHWZ8zQRfr8Po0cWoWL6xBT3LLVy+vVByejL8X7lR7h02CUY0L8fTjQ04uTpJlzzpbE93T0iSgFz6LQ19ylgBF9W9aB7Far8ag/FrKpF96Hh5vb29iAyM3xxV4nXdaCtNcRK1Bg0TUegLdHwFAgGA45AOlqQ6Ra2i8FqtH3Rqk/laR1YiUpERERERNRd0r6IVEtrAE8seQ5r11fCn+WDrus42diEUSOHYdTIYfBnZaLmQF3kc82BOvizMiOfTzY2Qdd1+LN8WLt+C55Y8pzrwlO9haIAd902HcUjhmLJr1/E93/yG6z44wb4fPHnLSSi85EuhF9yFWq0hYXsiwnJYawVzrotLGRew5iDMzGBtnBCq8pfbLRwJ8JTmItGAcZ36haAOhd7ErfJ++XzzHat340uBOTyb4yIiIiIiIi6l6LbS51SbNUr72JXVS3++dH7ke33Ye36StTU1uGxR+YBAOqONeCJ/1iBRxbOAQA8vXwNHv+HBSgaaiwq9dTTqzG6uAi3zyxHS2sA/7rkOUwoLcb8uTPS2W2ii8LhQ/VS4JPIP4A9JHIGROJrrPextiXCn91zs5CIFYDWsHs5SJX/86pL28TFoqxtuut+eZ9ViaqqKryexP9yJtOnwuNJ+9+bnRfCYQ3BgBb/wA6hcDAydy0gD9+Xf/+AOAzf+e+J235jm9i2c+5TcZ7dnqk+PXHyLC7J79/t1yUiIiIiot6vtSXU011Iq7T/SXpXVS1unD4x6oJQZlD69PI1eHr5GmmbXbbfhxunT8Tuqtr0dJaIKCnxqlCtOTKjBcj2wE0+zr5AEToWo9IQ1hL/n1QwoCEUSjw0vFCF2jsXnoa1kC08BezfiVgd6vwLhnh/cWDNccvqUyIiIiIiot4n7QFq45lmFBW6B6IAcKqxGQAwb86XMW/Ol6VtbooKC3D6TPT9RETdwT53qTwXqhmOif/I58Ya6i1WtMYK44wQNQxN78Qw9KCGQCCMNA8+6JV03Riy396eeHiqI4xw2Hi+VsAZK/SW5yt1q1R1BuSA/FuRq1I59ykREREREVHP6vGxnKcbmwAAFdMnoWL6JGkbEdH5w16FqkeqCc3gTa5EtA8HF4dwy3NlmllntHlRw+EQFDXxQNSc+1O/iIpRda1jLlgt8eekKDqCwXaY36G13TmVhRFyRpvjNHpFsfjbsK6jC1XMrD4lIiIiIiLqad0ygWBd/cnIHx5Pn2lGa1sA+w4cBQBUbq+GP8sX+ezP8qFye3Xk+Na2AE6faY7sr6s/2R1dJiKKy6xCtUI0M+gSg0+rctA+z6W9ClRszzrHWqHdnC/V7dxgMAiv1wsFnoT6rutAW1sIGRkqvBk9/ndpadXeriHUiapTAND0MNqD7TGH31vflVwVGq9C1L5wlPhqVZua37n8e2D1KRERERERUfdL+yJSix5dkpZ2ly15NC3tEl1MuIhU1zkDT3EIt3mMvKCU/B4QKw7NY+2LSYntiCGq/T/hHo8HqtK556IoQEamBx7PhRXOhcM62oNhdPb/cpoeQigUhj0YBcRpFsQh+ZG9LsP6ndvFtuR2jffWb0cOZ3s6QOUiUkREREREFM2FvohU2gNUIuq9GKCmhluVoFsAah1vnWcdJx9vP0acF9V5jty+qnrgUTv/bDxeBZmZiVWw9nbBQBjhcOf/9xYKt0PTjGpV+8/S/TduzlVr//cAsBYOcw77dwtn7UFrb6s+ZYBKRERERETRXOgB6oU9bpOIqBvYgy37glLRFpMSz7fmyjTPc04JYFYk2q9rv344HEYoHOz0fYRDOlpbQp1aZKm3aW/X0NoSSio8bQ8FIuGpnfuztsJTcaoG8buMvWiU+eq+cJTb9YmIiIiIiKj7MUAlIkoB+3yl4ryl4iJEiQdj8hBxt+Hg4vlylS+gaTqC7QEkswBRqCOEbA9qnR7+3hN0HWgPGn3u7FynAABFR7C9TarkTeQZyyGpXF3qepkoQbsSZeEo+1y4RERERERE1DN6x/hXIqLznNuCUuIQb3uQ2nEWrPlSrWONbeZCVLqjPWOfLgRw9mDOCtyC7UFkZmQgmb8vC4U0hEIaVI8Cr0eFx9u7qiDDIR2hsAYtiWpTi4ZAIChVf5qiVfjaw1O3Y933WdewmjS/T+vY3jZ0n4iIiIiI6GLHAJWIKE3kofxGUNaxR3i1glLrWEj7Y4Wo5n7nMWYfdATbg/B6vfCo3qQqSrWwjmA4DAQBj0eBx6v22IJT4bCOcEhLaoi+SFGM+U7DYU2qGpXDTmcwbp/zVD7HXiXsbFee+9QerOrnRcUvERERERHRxYYBKhFRikSrQjUXgbKG8VvBmRiYyfOemkGdVZUqhqlmiOq2SrtzKLqCUCiMsKIhw5uBaHOxJiIc1hEOhwEAqqpA9SjwdLymgxbWjWtqGvSUTc2qI9jeDl3XYIWY7oubJRKeuoem7gtFmfOjGu87eqMDiuIMwFl9SkRERERE1DswQCUiSqHYQ/nFkBOwVyjK86iaVakKACPoEytOo4WoVj/Q0Ya1zahGDcDj8cDj8QJ618I5TdOhaTrMtRYVBVBUBaqiQFEBVVEAKWyUzzf7pus6oAOarkPXzNc0VGMqOsKhEMKaBnkxLqlXtrlOEwtPxapg8bs3jxM6Ebmm9Tvh0H0iIiIiIqLejAEqEVGaOatMgXgLDTlDVLkiVQ5mVaE9efi+WwgXDmsIh4PIyPBCgadL9ybSdUAP69CSWLgq3XRoaA+2w6oOlVe9j75olDlvrQoxXLWHp/KCUtGrWs02rHlvO7b2vkdGREREREREHTq/qggREcXkrD40QzvALbgT59u0t+M+RFw81qpiNYNVgy6FecYxckoXCoUQCgehI2Vj43sdHRraQwG0twcBuIWa1nORq03F8No8zvnsxe9Gft6QjhW/Z2s6B/k7ZPUpERERERFR78QKVCKiNEhkPlRxUSkrL7PPYSoHePYKVHMeVXkezVjtQGjPHIYfhKKoyPB6ceH8vZqGYLtYcWqRA2knRVGF46xjnUP7rTA0XnhqtiNe36pGZXhKRERERETUmzFAJSJKE3vgJs9dKi4iJc6Fanx2Cz/NikgxRLX261Jb9tDOZJzj3nawPQhFUeD1egF4urDUVE/RoUNDKBSyVY9GC5AVx3dkPjv7s3QLT83vIlp4Km8S5z7lolFERERERETnEwaoRERpJIZi0UJU4zh7NWrsENXtOFVVpXPs4amzLeN69m1GABmCqqrwerwdqV8XHkJa6dB1HWEtDE0Ld2wzq37N+xKnOYg2N2lkb8cx5j+qI6i2jkskPJWrUMWKVQamRERERERE5wcGqEREaeQWlFmBnPVZHHofL0S12rEPCReviY5KVSezSesagFwBa9A0DUHNmDtUVVV4PB6jD3oPh34d9xUKhaBpGsSFoaTDIh+tRZ7s+8Vt9iH71nbFsc+qQFUcIblbeCpOuQDAFnSz+pSIiIiIiKg3Y4BKRJRmbvOhysP2lYRCVCt0s0I8Y05VJfLebM8MDY123aso5SBXsbUvTzOg6xra27VIG16vF6qidtvq8YoCaLqGUKhd6qfZH7Gv4hyj5n65LcWx3Rq+L1cLy8eL55hVxImHp0IPpGsxPCUiIiIiIurdGKASEXWDzoeo7ucCEAJVAFLYKg8579gitRGrPfdAT5eCSbNa1VjV3goJPaoXimpUqkIHdChGz8x7QuRWpa7Zj1GgQ4cR2OqajrCmQdc16V6se7CHplaI6RZKugWn8md5u6qq0v2b1brG4XL7bgEow1MiIiIiIqILAwNUIqJu0rkQ1QpGrbk8neGm0LrjWsarc7i4uV/TnMEpYM2lapwrBn5yf8RmQ+F2ICz2oaulqc77saYeUByhqX2YvjgfrDMwhetn9yBTgVmR63ac/N46h+EpERERERHRhaPHA9SW1gAqt1Vjd1UtjhxrQGtbAAAwemQRRhcXYerkEgzKy+nhXhIRpUZXQlRzPxC9wtI+vN1qy1lxqqrGZ00T+6NJbVnD4RGZKsBgBYpywBvpTUc79gDXHhjKc7w6q2+Nc8TA1DzWOWRffkbiAk+6rkfu1/7M3F7N+xOrU2NVnDI8JSIiIiIiunD1aIC6dn0lNm7aCb/fh9EjizC+dCSKCgtw6kwz6o414IMPq7B2fSXKy0owb84MZPt9PdldIqKUSCREFY6Gs5rT+iyGk+Yw82jD9e3bTKoqVncaw9atKlPn3KlyFaoYsupSkGj2L5FV783+R6uuNRfEkq9pzUvqNl+p2LY97qzEOgAAIABJREFUPHULQ+VtqtAns3/26l/7fUULWBmeEhERERERnc8U3W1sZ5q1tAawfNU61NQeQcX0Sbh9ZjlaWgM4Wn8SR441YPjQAuQNyMGgvBxs2VaNtesr0cfvw/cWz2OISpRChw/VR0K8RP8BEPWz+V58jfU+1rZE+LN7vIg+aW7zjophqX3OUYOx3zzWbSV3t8/idrPa1G2f9Vbsg3ysWyArXs9e5eoMGeOJNR8rIvvcKmvt4apYBSueKx4rBqvx50gVP5vXFQNue1Us4BaeurV5Pjhx8iwuye/f090gIiIiIqJeqLUl1NNdSKseCVB/t3Iddlftx2OL52FgXi5Wr3kXlduqAQD+rEy0tgUBGMP45835Mgbm5eKppauhAAxRiVKIAWrP6kyIaoWpgFkh6taWvMCUFewZQ/MVx/nOENTtGvaKVCvAjTY9QKrYg1TrWuacp3IVbKzwVGxPrlDVI5W35rlWhWu0UFW+htuCVhdSeAowQCUiIiIiougYoKbYlm3VeHbVOjz+DwsAAE8tfRED83Jw+8xyTCgtjhxXd6wBq155F/sOHsUD82dhQmkx/nXJcxg9sggP3j2rO7tMdMFigNo7uAWQ9qH9bhWpsQJVsy1xu/M/93pkISn5PPkaYnibXBUqIvcU7f7djkus+hSIVvnpdjmj4jTWcP5ov1EAjlDWbR5W53QJ0e7lfMMAlYiIiIiIornQA9RuTx/Wrq/EbTdNxcC8XDyx5DmMHjkMC+++GQCwes27qDt2En6/D/PmzMBjj8zD2vWVWP3KuxhemI/bZ5bj2VXrcPvMci4sRUQXDDEUNN/LAaUxB6hzcSmrElNknm+0LV0pst/8bMx/ag8wYQtknUGlPG+qsc8cEm9f8Mo5h6v9/uX+mcy2zPs02zW3W2GoFVbaK0fl67hvs28Wvwv3PprfiRiMXtjhKRERERER0cWsWwPUXVW1aDzTjIrpk7Bx0w7oABbefTOy/T489fRqnDrTjGllJaiprcMvlq7G44/ej9tnlqOmtg6r17yH7y3+Gtaur0TltircPrM86X60tgXxy2Uv4cCh+sg2RQHyB/bHvDkzMO6qESm428Tt2LMPz/z+VXzz67dh0rhR3XptIuod7CEq4BzSb6/kNReNkgNK57H2MNU8V9webSyCGIjKwageCR/lYNNeHQoAary7l/ouhqbW9RWoqnW/VnjsnNfU9Qq2eVDd8kxnyGkPp8Xr2M+RpzWItMDwlIiIiIiI6LwX70+1KVVTW4dRI4Yh2+/Dlm3VuHH6RGT7fWhpDWDfwaN4cP4s3D6zHI88OBenzzSj5kAdAGD+3BmoOVCHU43NmFBajJraupT056YvT8a/P/4w/v3xh/HkDxdhfGkxfv/ietTVn0xJ+4kae+UI/PvjD2PslUZwu2PPPnz7h/+Fg4c/69Z+AEa4/OR/rcRvV7zW7dcmutjZA0C3ClP3uTbN453TK5jtuFVUWttVqGr0KRusNqJN0eDc7tZGIvcfbToIewDq1id7G+Y/xr2pwjb367q3YT/WbU5awD7fKcDwlIiIiIiI6ELRrQFq3bEGFA0tQEtrAI1nmlFUWCDtb2kLSJ+zs4zFooqGGsedbmxC0dCClAWcWb5MDMjtiwG5fZE3IAczZ5Qh25+FfQdSE9AmKjPDiwG5fZGZcWHM50hEyYsVolqBnnsIKFdL6q4hoDP4hPRZ3uc+1625cr18jBxsyqvbuweb0YJKM8y1rgnHceIxYt+c92u/JzjOsfdRruh1hsDid2Afvh95+gxPiYiIiIiILhjdnthl+32oO9YAABiYlxvZNr5kJJavXId9U0qwa28thhXmY3RxUeQ8f1Ym6uobUFRYgFZb0JouoXAYb727HW+9vx0trQFcfdUI3HtXBfrn9IWm6Xivcjde3/BnNH/egv45fXHHLdfibyZdhWXPv4YvWtrg9/tQ9fGnuPfOCrzy5gf42pwvR4bo/3bFa2g8ew7fWXQnPjtxGs889yq+ef9t2LhpB7btrgEA/OxXL2DkZYX4+rxZ+M/f/AFlE8Zgd1UtGk6dwfiSYtw2sxzP/3EDPj3yGYYOycfiB+Ygf6DxTP+67zBW/ukdnDjZiIJBA3DPHTfgqlGX4uDhz/DMc6/imiml2LKtGmfONuPy4UPw8IJbcbb5C/znb/+I1rYgDgDYtruG0woQ9QD7PJrWvKiAOGTfqoSUh9JbUwBEWuwI/XRheLx9CL99yDyka4jzp5qf3RaUEvsrB4ri/bltc5//VHwe8jXMuVjNvwcUpylQIvdszSHrfi3x3uT94hQB8jM2n6X5DORn7pxCgYiIiIiIiM5v3R6gnmpsRsV0q6LUXAzqkQfnYuOmHdi1txbjS4sdc5y2tgVRVFiAuvoG+LMyU94vTdOx46N9aG0LYNSIYQCA97Z8hA2bduD+r96Ey4ouwctvfIAXXn4HDy+4FVu3V+OPr27Cnbdei4njRuHI0RNoOHU28of0j/cfRtn4Mfj+381Hpi/x/t53VwXGXDEcf1j7PhbddwsuHz4EoXAYAPDJ/iP45tdvx5mz57Ds+ddw4FA97r2zAoMG5uJ/XngD6975EAu+eiPq6k/if154A38z6SrccM2d+Ou+w1jxhw34Pw/fBQBoawuguuYQ/v5vv4JQKITfPPcq3q3cjTmzpuGH370P//2/byA3pw/uvbMCfbKzUvugiSgh9gWI7POiiiGeosgVq/a5ShMJUo3A0qykhLTfOAYQ5x4VQ0z3Yf3OkNa9klNc1Mq9DfG9uHCUvTrXHnoar6qjWtfa715ZKs6tal8oS1F0YTurTomIiIiIiC4G3Rqgji4uwu6qWmT7fRhWmI9dVbVSlWnF9EmomD7Jcd6WbdUAjKH8W7ZVY/TIIscxyVi7vhJr11dGPuf0zca9d1ZgWGEBAoF27Ny7H1MnX4WJ464AAMy6fgp+98IbOHnqLCq3/xVfmnQlrr9mIhQFGJDbV77XkUX4+tdmIjPTizNNnyfcp2x/FvpkZ0FRgL59/OjX1x85/8vTxmPYkEEYOCAHhYMHIX9gbqRvxZcNxbHjp9DaFsTejw8iN6cvZt/wJfTJzsKUiVdi2+4aHKo7jkF5ucjI8OIrs6/FsCGDAACXDx+C043N8Ho8yOnXBx6PGplWgIh6lr2aM341qn3hI7MdZ0WqvVrSrYrVqvQ0F54yQkn5XOuabhWqYh+i3KXjnu0hr3UN87qqS8Wr2ZYzSHW2H+3ZWKyq19hVp+KxREREREREdOHp1gB1QmkxXn1ra0cV6iQ8u2odFAXYtbcWp880O473Z/kwYayxaNTUySXI9vuwu2q/ozo1WTd9eTIqpk9CKBTGS69twhetbRhzxXAoCtAWDOJs0+fYcPAoNry/Q+hTJk42NuFs0+e4suNYN/36ZiMzM7WP1155WzBoQOR9/9y+OHb8FADgxMkzqDvWgO/++Gnp+OLLh2JQXi48Hg/nWyU6j7gN6QfcqlEBKxwVFzyyD0c3jrdXubq9GueoMMNDVRUrVo3rmdc1txtt2sPPWPcXeSfds7MSVg6R5WH+Zh/t9+0Moa2qVXtgrNuenRUix6o6tc4nIiIiIiKiC1G3pmhFQwswrDAfa9dX4sG7Z2Hjph3YuGknbrtpqmtVaV19A9au3wpAx/y5MyLVouVlpSnpj7mIFADcddt1+I9nXsTbm43+ZGVmon9uX4y7agRmziiLnKMqCrxeD/rn9kXj2XOuK2HHo+vGlAHpckn+AAwfWoBv3DsbWR0LcQHG/X524nTarktE6WMPO81t9mpUa6h55ExHkCrOkSoOW49W7SpXoepSoGoPZM3KVrf+xmMPXe0BrBxqGn2w+uQ+nUD0KQfkaQDkthXIUyOw6pSIiIiIiOhipsY/JLUqpk/C1u3V2LKtGo8tnodhhfnYuGkndlfXQlEUFA015ketqz+JjZt2wu/34bHF83C6sQkbN+1ExfRJyPb74lyl8wbl5eDL5ePx/taPcLyhET5fBiaOvQK7qmpx5OgJAEDzuS/wl50fR/bt+GgfNv9lD840fY6Pqg/gnQ92ubbty8xAv77Z+HjfEQSC7ag5UIdPao9E7csl+XnIzMxA/fFTSQWtY68cgXNftGLb7hromoZQKIxtuz/B51+0xj3Xn5WJoYMH4fSZZjSd+6LT1yai9LJCU3tFqhX22atRne+ttoxX6zxx1Xv5GOvVbMesNjW2WXONiu2qqnMV+2j3ZRzrbMNoW5wDFQn1UZ4jVW7XdnXbc0DkPPO9vfKX4SkREREREdHFo1srUOuONWD1K+8ib0AOnl21Dpg/C//86P3Ysq06Uo1qyhuQg2llJaiYPgmnG5vw1NIXXReXSqUvTboSm/+yFxs37cS9d1bgy9OuRjDYjuWr1uGLljb0z+mLG68z5mg19738+mas+MMGDMrLxVdmX+M6j16234dbb/wbrPjDBmz680e4fPgQjC8txvGGRtd+DB08CLNmlGH1mvfw6ltb8c0H5nTqPooK8/HAvJlY+ad38NqGrcjwejFx3ChMmTAmofNvqfgSfrPiNTz2r8/gtpvKcdtNUzt1fSJKr2jVqOY287O1OJO80JS139hnr0q1V2da85k650iV31sVrGYlqvOY+KxpAHRH285r26cpEF/lalN5CgDrfLN94xhx+gJnSMrglIiIiIiI6OKj6Lpb5Jd6dcca8NTSF5Ht9+HJHy3C9/9tGRrPNGN8aTHmzZmBQXk5AICa2joUDS1Att+HltYA3t68E2vXV2Lq5BLMnzsjLdWnRBerw4fqI5V1if4DIOpn8734Gut9rG2J8GdzLl/APdSLFqRaQag4BF8OHu1hqb0a0x5mxvrfSKJzhCZynH0uWLd+GfvcQ1X7PKbO+WHdQ1qzfxd7cHri5Flckt+/p7tBRERERES9UGtLqKe7kFbdEqCa4enokcNQc6AO2f4stLS2Yd7c67Fx0w4crT+JosJ8FA0twKC8XLS0tqGmtg519SeRNyAHt88sx7SyknR3k+iiwwD1whEr+DO3i/+5F+dvjh6mQnovVm3K/+ewwkvreoicn+j/ZsQw01npKoalch+cVaTWe3toar938xqJPL+LHQNUIiIiIiKKhgFqF5nh6fjSYjx49yw8/btXUHOgDo8tnmfNd3qsAbuqalFTWxc5r2hoAUYXF2FCaXE6u0d0UWOAeuGJFwTKQanx2aw4NY7r2CqFqYCz2jPe8Y6exel59PPch9yL5zjnK7Uf715tCumzdFUGpw4MUImIiIiIKJoLPUBNe/rw/5aviYSnv1u5zhGeAkZYWjS0AJiZ7t4QEV3Y3OZCtW835zk1Q0+xgtM+V6pxrrHPCkjlINJs1xlCSq104h7k86zwE5ArTI3P8vyt9jbMSlTrWF1PrGKXiIiIiIiICOiGALW1tQ2KAixftQ67q/Y7wlMiIkq9eEGquM9ZlWpsM45HlG3y0HxnwNmVEFLuh70Z54JX5nZA1+WA1z6M3wp6GZwSERERERFRYtR0X2De3Ouxa+9+fFLrrDwlIqL0EqdXMKpPdZd9ui1MFas2jW3ugar9WvL1zFXtE2cdb00TEft67v2TQ1Lj3nRb3+TnYd9HREREREREZEp7Beq0shIuAEVE1AskWpVqZaxWgCkP9Tf2We2mqcO29q2KU3EKAUAMTMVKU2O/s3OsNiUiIiIiIqLO4AosREQXGbdh/G5hqri/48yOY9wCVfkY5zVj98k+HN9twSqrDXmhKGdgGjs0ZXBKREREREREncEAlYjoIhYrTLW/N49xWxxKPCx6uBqrH/Yt9mH41nZnX90vxtCUiIiIiIiIUoEBKhERAYi2wFTsQNU8Vo861Wlng0urId3WaKyw1H48Q1MiIiIiIiJKFQaoRETkEHsof/xQtQtXTugot/4wMCUiIiIiIqJ0YIBKRERxRQsn7UFmrGM7K1bbDEuJiIiIiIiouzBAJSKipCUSZLoFoYm0xZCUiIiIiIiIegMGqERElFYMQomIiIiIiOh85sV/9QVgrHCswFi+Q4l8VqBDN151PfIZUDqWRBaXXZYbltuTzzc/S1eM0p7UH0Xol26s0BxpRzwAinCi0B9F6JeOyPmR/kjnm58hdUQ+3/05JXJfyT8n2zfo9pyitNcrnlO87y2J+0r+OSXy+3Zvr8vPyU2GD0qfXCh9BkDJGQTPuBnImPoVKAOHxjiJelYVnn50PXbbtnqzBqD0lhvxUHkRMnqkX8lqwJs/X4GXG4Zh8ZJ5mGDffWIDfvzve3Bc2uhBTuEQ3DxnFiqKc7unX3tXY9GzRzF49gL85IaCNF2TiIiIiIiIyBCpQFU6wh6lIzSSwiDHZzMsEloSQjh7e87z9cj58doT+wMhfJNf4XiV02BI56elnU7eV7LPyX5+1OcU53vrsecUr52k7iu555TI7ztae11+Tm7aA9DPNkA/2wAcq0H44y0Irv43eEZ/Cd6pd8A75VYo/QZGOZl6VL9hmDdnDHIAAAEc3Poh3n7pJfy23zfxyNisHu5cGgwfjUXTi4z35+qw8Z0arP71f6Ny9t14/IbC+OebQWzpTCxbWJrABQtQ8e1voLzdi+wudZyIiIiIiIio8yIBqhEeoaMiD3Cr8BMr9KyKP7MBuWG5vegVg/Hak/qjCP2yVTKaFX9WZSNslZXi+ZDDLpfzrQpCoT+O892fUyL3lexzil5ZKX5v7u31iucU73tL4r6Sf07xf9/R2uvyc+qEcM1fEK75C9o3Lodv3g/hGX9j5xuh9PLnoWTC1RjS8XFKqQfH//E97N5eC4xNJCA8z+RchikTzPu6GlOmT8SbS1bi5TfWYWPZg6jISf0lM/y5yPWnvl0iIiIiIiKieFiBygpUVqD2lgrUOLSjn6B1yQKoV5TBN//H8IyaklxDlH4ZXnnofuNHWL78XXxYH0bIm42Sm2bhoRsuRzaAXcuXYGnVMDywqA/WLa/B8bxxeOL75Tj9yktYvvUkmkPGlABT7roV900oQAZCOFL5EpatOYrjIQCu7eVg+pwh2Pd6DY6HAG/BaDzy7VtR6geARlS9vQEvv3MUdW0AvB4Ulc3C9+4a04XqzkLcfP0wvPz8UVRua0TFDXkAGvHhylfw/O4zaA0BOaPH4ZEFN8JfuQyPv9FsnFa1HoseXd8xFN8bo19xphZo/QSrfvsu3j/SghAAf+FluG/hHEzJ4zTfRERERERE1HWq+cZcJVnvSHdiV+hZx0e4VOiZ7UWvGETc9qT9USsZ5f2R822VleJ+94pBONpzq6x07U8n7yvZ5xSrsjJee73iOcX73pK4r2SfUyK/72jtdfk5dYG2fxva/usbCP/1g643RqnX3oiaVz7EbgBFIwsB1GL5ko2obMzDdfMrsOiWAhx/42X8Z2WjcNJRPLv8EPxjRuOO68cgY9ca/HLzSeSWXYtF91XgzglA1e46AEBT5XP4yUtH0TJmIhbdV4F5pUD1Gy/jF283CO01Y9OmAK6bX4EHrh2AjIYa/HJVVce+Bmzb3IyB1xttzxvjQ93WdVj9SRfvuzAPgwHU1Rv9qFn5ApZtb0HR1Gux6L4yjG7Yg5/9dhMySq/FojnDjOkOho/uuIecLvSrDR+ueB1vH/GifH4FFt1XhjJvA7YdDnXxhoiIiIiIiIgMrEBlBSorUM+TClSRfrYBrU9+Db75P0LG7MVdb5C6pmEPHn90j7QpZ2QZFk3PA/ZuQGUbMP6++zF/AgBcjYwDS7B060c4VT6j42gPyhf+HRaOMT41VbYB8GDgpZehtLQA2ROuRoVxIVRuPgNkjcTChTNQCgAT8nDqwIt4e/NOHLxhVkd7Ptyw4E5UXApggge7N6/H7obP8BlKMQRjsPBfxlgdLWzA+1V7cPBYAyBs7poqbNweAEor8NjcqwEAU7yfYduzNdiWMR03j67DqziKZmkqgGT7FUBrK4CsHIwYWYwJeX0wZcL0VN0IEREREREREedATXjOSqGy0rU/nbyvZJ9TrMrKeHOF9ornFO97S+K+LvQ5UKPSNQRW/QTq0NHwXH1DChumThtQgu99eyoGm58z+iDXb/zn9bMGY7j67ueXYNHzwjlZTTgd+dAHgwdYu3LL52LR4Vfw/B9X4DurAO+AfFx31xzMH9OAgw0ACvrAWk5sCEYUAm/XNKEpss2H3GhrV7V+ijdXrMPaGmO4u2lwlMMTVt+I4wCKCguAEztwHACqNmLRoxuFgzw43gigXyr7lYvrFlTg4PJ38fxPn8Gz8GDg8DG4b+EslKZhLlYiIiIiIiK6+LAClRWorEA9DytQI3QdrU9/E9n/+ibUIcUpbJg6JcODnJxc5LrsGlKQA6AZJXcuxMJSj7DHWFG+yuUcIA9T7n4QU+4G2lvrUbniRTy/7HWMeLICIwqA3a1htEaO/QwH6wH0M67f5Nqe5VTlRrxcYwytv6PsMhS178TPfl3dqdt1qseb7xwFMADXleUBOUMwGHtwfPS1+Nn80dJ8sBl+AOdsc8R2tV95V2Pho1djIdrQcmwPfrt0M365Kh9LH5rkuA4RERERERFRZ/VsBWrBOKD4FuO4E3uA2jcc7bEClRWorECNo/UcAv/9D/D/eG0aGqcuGzsJ5VlHUfn6a3gz42qM8ALNh6txsGAWHirv43pK06bf4YldBbh5ehFyEMCRc+GOPQUov3YAXn6pGr9dkY07SnPRXFWJt88BRbMnYgSAXXG6k+H3Rd63NB7Cm1trcRqdrEBtPoQPd3X06VwdNr5Tg0/PAUWzZ+G6HAAoRcXk97B7+4dY/g5w3aU+4NxnqDych4ULpgB5RSjK2om62g+xam8eKi7N60K/GrHxly/gw6HjUDEyFwjVo7mtMzdDREREREREFFvPVKD6cqDOXQkUXSudjqbD0P50D9CwlxWoUdpzVDCyAvXirkDtEN73IUI73oR30s2pb5y6qBgLvz8Hg1dtwNpVG/E2jCH55bdEPyPj0mKM2LYHLz1fgxAAb9YATF80B1MyAJTfjx/jJSxbsw3LdgPwZqNk9h146IaChHqTW34rFh1+Ccu3bsaybTmYfstlGHygpnO3dKQGy543z/Egp3AY5t03CxXFVg3u6LsX4HsFr2P5W5uxbLPRz8vLhqC945nMe2gcmpbvwdvPrkT17AX4yQ3J9suHERPyUfnOTizbaoS6/sLR+M4CVp8SERERERFRaij6r/roADrCIiEDi4RH7hV6VhrUwVGhJ7Ynn69+vRLIGQ59y8+gVz0PBJqhlNwD5YafA9ChPTMWaGuKNBvpjyL0y1bJKB3gWlkpng8h1JIrBuFoT7g/x/nuz0l6kl14Tu7t2b5B3XpR4rTXK55TvO8tiftK/jkl8vuOVoHaxeeUBuqwMcj+6duA6ol/cIfDh+qhKEqn/gEQ9bP5XnyN9T7WtkT4s73xDyKilDhx8iwuye/f090gIiIiIqJeqLUlFP+g85hqvomEHrDCj0i4ZFboQZf2S+wfhfak80vuA/LHQn/zm9B3LIUSMBZYQfUL0FbOBnz9oUz7QaQ96Xq60C+h0s++P9IfIZOz75cqBSMVjnC0F7kvsbLSrT/CfTr6ncxzitKe/XzX5xSlvV7xnOJ9b0ncV7LPKZHfd7T2uvyc0kA7+gna330+/oFERERERERERJSwSICqd4yf1jtK5GLPEWkdH+Go0LPaE89XrrgFaD4Cff9rjuuhYS+w/3XjmEjFoLBfgVThZ1Uyyvsj/ZEqK+X97nNWwtGes7IySn+kSkh0+TlFay96ZaUet71e8ZzifW9J3FeyzymR33e09rr8nNKkffPq9F6AiIiIiIiIiOgi0+0VqPD1B5qORK3U1Bv2ALmXsgKVFagJ3xcrUC3agZ3QzxxP70WIiIiIiIiIiC4i3V6BisBZIKcoaqWmUjDOqERNYwWqctl0eL7zV3juW+NaMahOeRieHxyD5/ZfdaoCVb18OryPVsP7wCsJPyd1xv9Fxo8+RcZPG+H9yq9YgZrEfbECVRbauT79FyEiIiIiIiIiukh0ewWqvv91IPdSKJMfcVwPRdcAV9xiDO9PcwUqAChDxkOd+IBcMejrB6XkK0BGH/m+EqpAFR9H/OekXFEBz5cehN5cj/DLf4/wh8tZgZrEfbECVaYdrkr/RYiIiIiIiIiILhKRJayNyjmzwi9ehZ5Z8SekQS4VelZ7wvnVz0MpvRfKjCeBzBzodZuNE4quhTp5MdCwF/r2pVLFYKQ/USsZzYo/oV8ulZXW+R2y+kO56itQdv4+cr5y9T1QBo913pdQWenaH+hWGg0k9JyUYROBrFzon6xHeMfzMSorreceq7LS+t6iVaB2/jm5V1Y6n3vCzyne95bEfSX/nOL/vqO11+XnlEZ6U0P6L0JEREREREREdJGIBKhGhZxZgWcLgxyfzYo7oSXb8GSxPcf5ta9CKboGyrR/kgvy6j6A9vLdxvlj7wFyhhv9aToM1G0Bzh6WK/0ir3C8SpWVutAfsdLx9H4og68GJtwPZddz0HVAvWouEPwCZpin3vIfUCfcC+3Pv4a24V+gKArUyQ9CrfgX6NWvILz229JzsR6HAvX6H0Cd+i3ox3ZBGToeyOwHfH4c4Q0/hXr1V6GMvM64xuQFyBw7F6G1j0FpOgbPzU9AGTIWUDzAueMIb34a2gdLjfbtw8DN+xO+t6jPHZ18To7nnOTz7kw7Sd2X0J75PSTwnBL5fUdrr8vPKY20U3XpvQARERERERER0UWkeytQ88dBmfuCsUhU8xFjqH7TYegNe4G2s0BDlVGdesPPjLYb9kJva4Iy7l4omTnQty+F9sGTiVUyJlCBqn+2C0rR30AtuQPhnb+HWvYNoOBK6LVvQxk10zim5g3gyluhDJtiVVYOnwpoIWifvh+nAhWA1wcl/wqE31sCJTMb6tRvQZ14D8LvPAn1VC3UyQug/fUNaH99FXr9Xni/9hsoA0civOlXwNljUKfOOy3mAAAgAElEQVQ9DM+MR6E3fwZ9z59YgcoK1Li0kwxQiYiIiIiIiIhSpfsqUEvvgzLr10DzEWirZ0Op+6Cjws86HaX3Qpn9a+jv/KMxjD9/LJTh1xhVqVfcCvWWX0PNGgBt4/dTU4Ha3gZ9/3ooJXdBnfgAlJI7gS9OQTu0GR4zQD2wEXr9LiiFE6FcMQvKFw1QisqgN3wMfc8fHc/Fehwd19FC0Pa8BO2DXxnbS+YA2XnQD24GLr/GOCZwDvqeP0G5+k4oA0dC27cR2lv/ZoR3qgeeWf8MdeS10Pb8iRWorEAlIiIiIiIiIqJuFCma1DvSq86uUh7hUqFntqfkjzPC05N7of2+vCM8tV2vX5EcnuqAes0/Qbnh58b+fa9Be2E2lMnfgjL8WlslY8f1FKFfLpWV0n4Y+7U9q4BAE9QpD0EpuAraJ68BoTbpvvTDlUBGNpRRNwGXXwf4cqHt3yBUWprPSTyt4zpaGGhviftF6NCh9B8OeDOB4BfWc29rBnQNyC10fc5iZaXjuUf73jrxnNwrK+F47m4VqPb2nBWoUb6XTt6XVYEqPPcEnlMiv+9o7XX5OaWRkluQ/osQEREREREREV0kIgGqfdXxRFcpj7B/FNpT5q40Kk9X3Qwl0BxpT7yeWvaIMax/+9JIe9rr34T2zFirvRN7oVe9AKVssVTpF9mvC/0SKyLd9qNjf/0OIzQdNApoPgZ99/OO+9I+eQ04Vw916CSoI2cAgSbg4PuR9qznJJ5meyBxKFCgnz0ChIJAZh/ruWflAIoKNNW7PufI/dm+l5jfWyeeU6dXlxcrUG3tSZWe0b63JO7L7feUyHNK5Pcdrb0uP6c0UvszQCUiIiIiIiIiSpW0V6CixFgMSnvzm1Z46lYxWDAO+r7XIucrpfdCfXALlNlLrfYUQK95FUrRtJRVoOq6Dn3XCmjbf4fwn5+GfrrWeV+nD0D7dDOQPwrK0EnQ67ZBO7YzsQrUBOnQoX+8HvrpA1BHVUC96UfwTHkQ6tRvAKEgtAObXZ8zK1BZgWrHClQiIiIiIiIiotRJfwVq6X3Ayb1Qjn4Qu2IQMCo7O+hV/wt97/9CuWSc1Z4OINgMZPVPWQWqoijQT30Cff33oe9+Iep96Z9uAtrbAK0d2r51zsrKVFSgBs8h/Obj0E8fgGf6t+GZ8wsovn4Iv7vEWEBK6I+9f6xAZQWqyVM8Kf0XISIiIiIiIiK6SCj6r/roACAWyCmRz9Eq9BRYK+J0cFToGXuVR88BO5dCe+f7LhWD1hXV+W8AALSVsyPtqfd0bHthdsdCPIAy7QdQxt6L8NJSoZKxoz+K0C9HZaW1O3J/jopB8Xzzc8eDGjoZnq/+DvrZowgvn21rL/p9JfqcjKOiVVaK7dm+QXshaYz2uuM5SZdxtGevQHXpTxL3lfxzSuT37d5el59TGvX5rz1QEhzGf/hQPRRF6dQ/AKJ+Nt+Lr7Hex9qWCH+2N/5BRJQSJ06exSX5/Xu6G0RERERE1Au1toR6ugtpFUkflI6wp7OrlEfYhieb7SHQBAy7Bkr5DyKHRV7N4wNN0Pe/BuX6JwFfrnGOmKf4cqEEmo3+jboV+pHNcsWfDsernAYL9ye8dmbVdOXKW4HsQdCrXpafl+tzQqefUypXl4/eXvqfU5fbSeq+kntOify+o7XX5eeUJurIiQmHp0REREREREREFF8kQDXCI8CcyzP2HJFixZ/ZgNyw2Z627ptQZz0Dpfyfovci0ATtmRIo034A9SsvQFt1C6DDGMI/9l5g+DXQ970O9dofAAVjob90j6OS0az4syobYaus1DsKAoX7c6kYtLcHHUBmX6gjZgAtp6B9/JpLe85KyM4+p9hze4qVkbZnF6msFL839/bS/pzM/jjOh3R+zO8tiftK/jnF/31Ha6/LzylNvJNmpfcCREREREREREQXmcgQfrdhy9FDJmvYskT6bLUXPfSyFS4W3wL1KyuBhj3QPvj/gCNbgEAzMHwa1MmLgStuhf7Gt6Dt+V9bGOccLh7pTyQcdA4Xd4ZezmHZUsWgUZroGJYd975S+Jyc5wv3Zxt+Hut769HnFO976/R9JfecEvl9R28vBc8pxZRBReiz5M+A6kn4HA7hJ6JEcQg/ERERERFFc9EM4U9XBWqiFYO6rgP7X4e2cjbUW56BescqucFAE7SX74a+73VbCNdLKitZgZrYc2IFatr4vvZPnQpPiYiIiIiIiIgovrTPgZronJWR9uo+gPZMKVAwFkrRtUBWf+hHNhnVqGJI1V1zcibaTrz7StFzclQwmv0Svrfo7fWC5xSvnaTuK7nnlMjv+3yZA1UdNgbeqV9JfcNERERERERERBe53lWBKrZ3Yi/0E3vl4dSdqWRkBWr0740VqBdWBWpWX2R9a2kaGiYiIiIiIiIiItV8E5m3ENb8hZFwyazQgy7tl9g/Cu3Zzzc/26/n1p60Xxf6JVT62fdHzhcyOft+qVIwUuEIR3uR+xIrK93608n7SvY52c93fU5R2usVzyne95bEfSX7nBL5fUdrr8vPKVUUBf7v/A/U4VeluGEiIiIiIiIiIgKEAFXvGD+td5TIxa7Qs46PcKnQM9uLXjGIuO1J+6NWMsr7I+fbKivF/e4Vg3C051ZZ6dqfTt5Xss8pVmVlvPZ6xXOK970lcV/JPqdEft/R2uvyc0oR3z3/Ck/pdaltlIiIiIiIiIiIIliBygpUVqDG+H332grUrL7w/+CPyJj1UIoaJCIiIiIiIiIiN6xAZQUqK1Bj/L57YwWqMngksp9YB89V13S9MSIiIiIiIiIiiimyiJRRIWdW4NnCIMdns+JOaMkWDontJbJqerT2xP5ADKmkVzhepcpKHdL5aWmnk/eV7HNyhHDRnlOc763HnlO8dpK6r+SeUyK/72jtdfk5JUEZMASZtyxGxvULgIys5BohIiIiIiIiIqJOiQSoRnhkVvjFq9AzK/6E8cguFXpWe9EqBuO3J/UnaiWjWfEntONSWWmdH61i0NmeW2Wla386eV/JPqdYlZVKnPZ6xXOK970lcV/JP6f4v+9o7XX5OXWCp/Q6ZEydC+/0uzt/MhERERERERERdQkrUFmBygrU3lKBmp0DteBSqAWXQR08Ap4xU+EZ8zesNiUiIiIiIiIi6kFe/P3nUXcqCb7Gk2g7ibZHRERERERERERE1B288Q8hIqKYmmux8aVNePOTM2gOAfB6MLiwGLctmIUpeefnf2Z3LV+CpVXyNm9WNoomlOOhOVdjUEaaLrx3NRY9exSDZy/AT24A3vz5CrzcMAyLl8zDhDRdkoiIiIiIiCiW8/NP9kREvUVrFZ7++XrsbsvG+NnXoizPB5yrw8Z3arDsj0Mw4aFJ6HLWeGIDfvzve3C8dCaWLSztep+lkLIgxoE+jJ9zLcr6AUAAp3d/hLVbN+IHVbVY/P07McEf/1JGEJuDO/7vItx8SQJ9G3MrfvHPIfz/7N17VNT3ve//J8IwM6CDjICCjhckomG8oEIiRoxK1Jh4qabRpJpKdrFN0pNkb9PdZrfNzkna1TSJ59f07Nj+tC02pg2k0XiJRuMdG2jEKDFMIkaIOFxkEJBRGRCU8wcXMQpiFNDk9Vhr1ny/n+/n8p5hLVm++VwM5gDA1a6PIyIiIiIiItKRlEAVEfnaqtm3eitZ1Ram/2cS85oThCOJjZ9ApTvg+pOnXcpIeORIYps+V3QsEz9N5WerjpG87jDRDw298UMa/Am4tb80ERERERER+YZRAlVE5Oty72N7DtA/koTLZlcGEGBpuq4ke916kjNKcdeBjymQ2AfmkBhtBS7O0oyfHcqRTTmcqAOfkEieePJ+eqWv5LnN7oZusreStHRr48xRH7J3bGPtzgKc1YCPN7aY6TzzwFD8GsfM2bGJ5A+KKWsc0z5tEmNy1/LnxqX5JzavJmkzjFq8lCeGt+8j+w2fwMTAt9iy30H2Q0OxA1X521ix2oGj4jz4WIhbMI/E6CJeX7qVrIYvirUvL2MtDUvxIwv3seadj0k/XkUd4BMYyoKkh5nYm8uW8H9VcWYqy98p4EQd4ONH1NR7SJwSQUD7whcRERERERG5Zt26OgARkVuWpwYPgMXaZgIv563VvLa3lICYCSQtnMDEvlWkv/l3VhyublHLTVpaDRMXJLB4QiAGVw6vpWQTZJ9A0ux+WAD6R5K0MIH5dgvgInOvm16TJzSUDTXizNhC6uGLY766uRjsMSQtTGDhZH9O5JYTMTmBpHGBAFgan9074Fo+dBjhfQHKcZYD7jR+9/tDOLAxf2ECi8cZOfjm30k+auPehQnE94eGrQASSFoYSzhQm3uYLGzMW5hA0oIobJ5i3nwzjcqrDV24hddSCqgcPJqkhQksnmqlbP/Rq7cTERERERERuQ6agSoich1qr1ojm+37ayAshqceiCUAiLV7c+Jnu8lMc5A4dExjPSNTFs0jYQAQ7U3W3q1kuYo52fseYnGykQLcloHERjftgTqUxOdbLKEPc7En+xB5hS4Y6moYM2QETy2KJxSAkYxvrBrkPszKjAr8+g8lNrqtPVCvrjgzhy/xY3rSvIZZuNGhuHNWszajmMRFI6nM2k7aV7cCiH+EZfFNPYzEkO1geXYxedD2QVGeaqqAgL4DsdsH4WcYyfgrzFIVERERERERuZGUQBUR+bqsVvoAZe5yKuHKs1BLijnRWLf5uSEEWyA4Kso52VzRSIDpGsb2fMn7q7ewIadhGXyTPi3HDAltTJ7eSEXkFQJYsVnhxPGG7QW2vLyMLS2rmVxUcuU9Uk8eXMPyd441bD1wLSLu4ekZVaz4YC1P7WzcluC+e1gSZ7vF95oVERERERGRm1mXJlCrPDVs/CCdnKNOnEWlANjCgomMsDFzahx+ZmNXhici0jZDFHGRu3Hk5LC9JL7FIVIAZ6l0+xPQO5Q+HOJEbQ210JDoq3XhrAAirQRBQ7KzzXF8LksQnkzfztqcKmzjJjA3ZiC22gP85g+Ohoe9Q+gDnHAVU4z98iSq4ev/01/16V72VIB57EjsQHF/C2TXEf/Yw8xqOZnVYCTgikMdZu2bx3CaQpm7MJaowcE4U/7Eqpz2jO5P+JSHeWkK1Hpc5G1az6tr3mPNgMdY0PdrfyQRERERERGRNnVZAvXDTAep63ZhNhsZHxPFzGlxAOQcdXLg06N8uM/B/DmTGB8T1VUhiohchYnYRdPI/NVWtrz8B07MGEOM1QinnWzfmcOXYXezfMkYEsbuJmt/Br9bd56JAyAvYx8OjMTER7Vv5qTVhs10AOfRfaR8aiVhgBVDiz8wVZUf4/2Mo5TROAOVkSSM3UvW/kO8ttrIXHsAteWH2XI8gucSx2AIC2YQx/gyYxcfRkzAHhJGgPlKA9eQl/MJ+4oarsuyPmFDtpu6HgN5fE4EAKExkQzanElaynZC74vAQg1l2UepGvcw8yLANjgQsirYs3kfkVMj6dPXiLl5pu1ZTmR9wsZ2JU+Bw+tYur6GhMlD6eUDZeU1gHc7G4uIiIiIiIh8Pd7PP//885096IeZDlalbOHeybH8+NE52PqGUF7hxguIi7EzY0ostXV1vL1+N72sAfTve3179InIlVWeOo2Xl9c1vYBW75uuW763dd1WWXsYDDfBOXiGEGJjQvArKyTzoxwysvI4kHsKU8gQHnroLvqbuxE0PJJwzzH+mfE5GVnHcXos3Lngu/xgeA8ATmRlkOkyMmz8GG7rDuAi84NcTvj3ZtJdg+mBlciIszgP5fPRvmwc/kO5d+JQ+pTnsXffF+z/7BS2u2zU5JTBbSOZHO5P0PAI+pwu5FDWF2Rk5ZHt9CY85nZGDAjEYBzAsJBiHAeO88+MbFz94y7uT9qoIabznMjJ48ChPA4cOs4Xbm9sMRP5adIkBjflb40DuDPGn4rsT9j+YS77Dx3nWLeejBw+iPCevphsA+hTnse/sr4gLcNF+LS7mBBxFuehXNL253G07jbu7FvEUZeFmGl2Ql0ONma56X7bSCaHw9EPD/H52cZn3WpwfXaEPR/l8FFWHp9XGon6zmx+ENWjM3/i31pnq6rp7n8t+0yIiIiIiMi3RV3tha4OoUN51dfX13fmgCfL3Tz765XMn303CfFjcBa6eGX523iqawAwm4z85PEHsfUNYcPWdLanHeC5pY8QZLV0Zpgi3wr5x4pu6QSq2U/bOIt0lpLSU/QO7tnVYYiIiIiIyE3IU1V39Uq3sE6fvrVhazrWQAsJ8Q0nT/9P8npG2SNYuWwpK5ctZZQ9gteT1wMwa1ocZrOR7Wkfd3aYIiIiIiIiIiIiIp2fQM3JdXJP/GgAnIUuyivczGrc/xQakqZlFW6chS4A7okfTVb20c4OU0RERERERERERKTzD5Eqr3BjC2vY07SXNQAAZ5GreYm+s8h1yTNbWAhlFe4bGoOn+hyvrVxD7rGi5jIvLy8G9e/D9+dPI6x3r6/d9zHnCf70t82UlFbwo+/PZMyIITciZBEREREREREREekCXbqBoJ/ZyKiowaSu24XH07AH6oat6YwbG4VfixOmO8rUu8c2byVQV3eeNe+l8YdVG3jm8QcJ6OF/zf1VeWp4853tDLT14T9++ADdu/vd6JBFRERERERERESkE3X6En6zyZeTLWaU9rIGUFbhJjllC8kpWyircOPvdzF5erLCjdnk2yGxmIy+BAZ0JzCgO8G9Arh/6jg81TUcL3B9rf5Ky05RWnaK6OERWAMt+Bp0wI2IiIiIiIiIiMitrNMzfKPst5GR6WB8TBQp63aRnpnN/Nl3M8p+GwDpmdlsT/uY+npYMGcS6fuym591NIOPNwDnz58H4LMj+bz17k5KSssJCQrk4blTuH3IAPLyi/njGxu5Y/RQ/rX/c8L69GLQgFA2bfsXAH/860asPXvwsycfxlNdw19Tt/Ll8RMYfLwZFxPFA/fHYzL6ttpP9udf0i8smI8+/hxfXwOL50+lrMLN+i3p1NWdZ9a0OKZPjsXLC/Lyi3l7w27ynSWcv3CB0cNv45EHp+JnNrLxgww+ceRyW3hf0jIOceFCPXePH8W8+yfg4+3NhQv17E7PYtO2f+E+U0VPS3fm3jeBO8fcTrGrrDnuHv5mHpg5kTvH3M7XPCxdRERERERERETkluT9/PPPP9+ZAwZZLazdvLc5wbfwgXu4O24kfmYjfmYjkRE2LJbuvNtYJ+1fh3h0wXQCLNe+pL41dXXn+ejA54QE9SRysK2h7Px5dv3zIAXFJ5k2KYbyU6f5w6r1jBk5hCUL7yPA4s8776Ux4vZwztXW8c+PPqWk9BTfufcupk2KIXKwjYhBfTn0WR4PzZ3Md2dNpL4e/u+f3iUkKJAf/9t3iB4ewdZdmZwsczN8WDinKs9c1o+z0MXHnxzhjtHDWPhAAqVlp9i4LQOj0ZfHvj+LHt392Ja2H/vQQVh6+HHMeYIgawAPz53MHWOGsfOfB6mtqyNysI0juQVkZh0mYlBf/u3he+kdHMgHuzMZEt6PXoEWPtyXTer63cyeHscjD05jQL/eVFSeIahXAL9fubY57iGD+5GyfheDbL3pFWi5YT8H6XqVp07j5eV1TS+g1fum65bvbV23VdYeBkOnT6IX+dY6W1VNd39TV4chIiIiIiI3obraC10dQofq9Bmotr4hTJkwmtT1uzGbfBkfE3VZnfExUaSu20nq+t1MmTAaW9+QDollw9Z0NmxNb773M5tIXDCNkKCebN7xEQGW7syYcgf+fiZiRw8jMyunOWHp7e3N9+ZOYWTU4Ob23f3NeHmBv5+JgB7+ZGUfxVNdw3dm3EVwrwCCewVw3z3j2LQtA/fpswBX7CcsNIi4mCj8/UyMHRXJZ0fyuXdyLMG9Ahh+ezgf7NlPSWk5/UKDiB5+cXauNdDCQFtvikvKmsv6hYU0f4bht4ezaXvDbNOamlrS93/GHWOGMfmu0Xh5QWBAd4Arxj186CA+O5LPbeH9OuRnISIiIiIiIiIicjPqkk06F8yZRJWnhoz9Dl5d/jYJ8aPpF9aQJC0ocrE97QCe6nOMGxvFgjmTOiyOlodI+Xh7NydAAUpKK3AWunj6l69f0iZiUF+CrAEYDD70uMohUSUnK/Du1g1fX0Nzmdnki6f6HJWNCdQr9eNr8KFbt4sz60xGXyyNh1r5+5ku2Vs156iTtZv3UlxSjqe64SCumFGRrfbVpPrcOU5VnmHYbf0vW5ZfcrKCSvdZfvHSXy4pb9mviIiIiIiIiIjIt0GXnXL06EPTGR8TxYat6byevP6SZ0PC+/HMYw8SGWHr0BiaDpG6kt7BgfTvG8IPvjcDk8l4SZuWMzzb0jsokPMXLnDuXG1zmaf6HGaTLwE9/ClrcZjW13G2qprUDbsJDOjOs08+hMlk5G9rtrerrcnXl54B3Sk/dZr6ei5JovYOCqSnpTuPJ86mZ4vvx+irQ7FEREREREREROTbpVMzYjlHnfiZjc1L8iMjbPwkYj5Vnho+zsoBYMyoSPzMxkvanSx3U1Ze2eEJ1ZaGDwtnd/onZGblcFesnfMX6jmY/QXR13Cg1aABoZhNRt7d/E/m3R9PpfsMm7ZlEBU5CMsNSKB269YNX4MPvgYfjL4Gvswv5uiXhdw+ZMBV2xqNBkYPv40NW9MZ1L8Pw4eFc7yghLIKN2NGDsHPbGRPxifcl3An3t28+OxIPmF9gggfEHpdMYuIiIiIiIiIiNxKOi2BWuWp4fXk9fTvG8Izjz94yTM/s5H3dnyEFzBh3IjL2ia/9T7OolJe+kXSZcnVjmILC2bx/Gm89e5O3tuWgcHHh9EjhhAbPbTdfQT08OexxbP4a+pWfv6bP2Pw8WZcTBQP3B9/Q06zN5t8WTBnEn/622Z+9uuVjIqKYEC/3u1uf/f4kZw7V8vaTXtZ/Y9tBFkD+M6Mu7B09+eH35/ZHLd3t24MGdyP+XPCrj9oERERERERERGRW4hXfX19fUcOUOWpoaColIPZX/Dhvmw81edIXDCdIGsAQwb3I+eokyN5BWzYmo7Z5Ms9E8cSOdhGv7BgnIUuyircJKdsaThwKtZOtP02+oUFd1oiVeSbLP9YEV5eXtf0Alq9b7pu+d7WdVtl7WH207YSIp2lpPQUvYN7dnUYIiIiIiJyE/JU1XV1CB2qw7MPP/vViuZ9P2dNi6PKU0NyypbL6s2cOg4/s5HU9bsvezZlwmhsfUNIXbeT7WkHsAZa+O0vkjo6dBEREREREREREfmWu/x49hts/pzJAEQPv42E+DHMmhZHv7BgzCZfFi+YjtnkS1xMFLOmxZEQP4ZxY6MueWYLC2bBnEmMj4liVOP+o7OmxXV02CIiIiIiIiIiIiIdPwN1fEwUZeWVfJjpwFnoAqCgqJTHE2cTbY/Az2xkefJ6Zk5tSIpm7Hcwf/bdjI+Jan7W1C4n18nMqeMYHxPV0WGLiIiIiIiIiIiIdM4hUlWeGsor3Lzwf1ZfUgY0J0ef/fVKAMwmY/OzpveW7U6WX9/J9SIiIiIiIiIiIiLt1SkJ1LLySoaE92PWtDhOVrjZsDUdj6caAD+zEWughQVzJuFnMpKyfldzktTjqcYaaGHWtDiCAi2XtBMRERERERERERHpaF719fX1XR2EiHSN/GNFeHl5XdMLaPW+6brle1vXbZW1h9mvU/4GJCJASekpegf37OowRERERETkJuSpquvqEDpUhx8iJSIiIiIiIiIiInKrUgJVREREREREREREpBVKoIqIiIiIiIiIiIi0QglUERERERERERERkVYogSoiIiIiIiIiIiLSCiVQRURERERERERERFqhBKqIiIiIiIiIiIhIK5RAFREREREREREREWmFEqgiIiIiIiIiIiIirfDp6gBERG5d2by+dCtZV3pkn8bKRHtnB3QLqCQnbQupO4txnj4PgDkkmJip01kQHYKhi6MTERERERER+SolUEVErlePfsyfPRRLyzKrrauiuYmd5WDyapZn19DLPoLFo0IwUElO2iHS3txOpP1hYq87g+ri/d+uZq2rH48vm0/09XZXso1fvnyIE0qIi4iIiIiIfGspgSoicr3MVqKiRxLa1XHc5GoPrmd5dg19Jj/Ei/eFNZfHRsczy11JgKafioiIiIiIyE1ICVQRkQ7TNBsymPgJdaTvraAOb/qMm85TMcdYscLBl9XgExLJE0/ej90McJa8HetZ8UExZXXgEzKQxKR5xFppng3J5AQSCtNJyanCvngpT4Sk8buVB3BUnMfHFMzEOVYcKTkwYxEvTglpV58n7CNYWHuUlJwq6nz8iJo9m6fjmpKcleTs2ERyU3tTIPZpdgLS9rLHM5infj2HprmZlWl/4Zn1NUx58jEWDGj5XVSSnlYMBJIwIYyvCrAENF7VcTx9DSvXF3CiDvDxI2rqdJZMGYQfcDB5GcuzLcTPDuXIphxO1LX4/tyNnwWAApYvXQYhI3jhp3HUZu7iza1H+bLiPOBNr8jRPLUkvjHpXcfJg+tZ/s4xnNUNYw6KiWNO4D7+v83uhrCyt5K0dCt9ZizixbhyUlbsYs/xKuoAc9hAFibOJtaqX6kiIiIiIiLfRDpESkTkerkO8dzSZSS1eL3+acsKpWQWhbFw4QTiw85zImMTzya7CJ+TwOJxFupcOaSmuwCoTE/lN5uLwR5D0sIJTOxRzMpl68hp0duJndtJqQggekIMCVYHK36fiaPCSMzsBBLnhOBcl9OYRKTdfZKdw76QMSQujGFUjyocazbxfknDo5y3VvNqc/sEFk7250SuN9PjA6E6l+0Hqxs7cfJ+WgWERXHvJclTgBqqqgH8sVi++qxlrG/w4poCqoaOJmlhAvPt4Ni8lld3uFrUcpOWVsPEBQksnhCIwZXDaynZYI1i/sIYRvUACCR+YQJJs6MIooYjmU5o7HPxBAtVOZmsTCtvHvPZN49xsm8UixcmkHSfDQpdmJpaw+IAACAASURBVOwTSJrdr2Frhv6RjfEY2bd6EzuO+xC3IIGkhTHE+LjIzK9r/UOJiIiIiIjILU3TZURErldgFM88OY4+LYoM5pYVQpmfNJ3xBggv/4S0IjdR9z3IghgTjKojM2M3juMNCcL0vRUQOIKnFjXMjowNq8Tx8iH2HIbIwMbuwmJ4aWk8AQAHU3m1Gmyz57Mk3gqMJLZHNU+uzG2s7Gpfn5HjeHrOGAyArTyHrM1u8lxA72y276+BkIvtYSTjAWohav1uHJkOaqPHYMh3kFkBUffF0jSf9KI6qmqv9kU2xmoaTGLipIZZrdFWTua+zY69B8ibMr2xnpEpi+aRMACI9iZr71ayXMUUG+zYo31wfpBJ1ml/7NEjm/dATXj8MRKahmlqk1sE8Q0zg6EfiY9Pb6w/ktj4hqrhONlIAW7LQGKj7UAlezyAyUL44Aiirf7ERsdf7YOJiIiIiIjILeymSKCeLHeTsd8BwKiowdj6hnRxRCIi18DgjcUScIWkYRNv/L6yv6fBZGq8MLY4ed7VkLTkEM8tPXRJfXN5JTQlO63W5rGKyxuWmPcKtF6sHOjfIpZ29nlJHC2UFDfMZg0JvXyPV8MYEsbuxbH/E9LdY+iVfhi3aTAJ0aYrdGSlTwhQcRa3G7jiLNTGWEP86dVcFkp4GOzIqaSyucxIwJWGaFU5+95ax5tZFXgumyjaNKb1kgR46wKYuCiBvORdvPnrP7IKb3r1H8rCxOnY25hZKyIiIiIiIreuLk+gOgtdvLL8bTzVNQBs2JrOM489SGSETrAWkW+bEMJDIKs2kmeenPCVGa0BUH55i1CrBXBTVlEONCZRK85SCY1J1Gvv8xK9Q+gDnHAVU4z9siSqPX4ovfY72JOZRq/95+k1YQxXPqveRGxMKKtyitm+t4iJ9126D2qVuxI/S2OsnvN4mp8Uk1cE9GhIUFdyNT6X/2Y7vIuV+yswR44maXIkkSEFJP/vvTT82c5Kn0DAVc4JuEKS2OfyxLJ1JIlLR5JINVWFh1ixfC+vpQSzfMmYKyehRURERERE5JbWpQnUlsnT+bPvBiB1/W5eT17PTx5/UDNRReTW4CnHcfATnC3LrAOJvWwf0KsJIW5CIGvX5JC83sJcewDUucg6CBOX3EPklZrYRxJjKiBzfSoriGOUuZg963LxcDGBes19XmIkCWP3krX/EK+tNjLXHkBt+WG2HI/gucQxGPpGMSrQwY7NmTjxY0pM63/8MkTP5vGsZJbvfIufuUYwc1QIBirJSXOQfjyAxJcebozVwYrVfsy1B+DOTmfHabDNGE04cPCq8VoJD/OGomLeX5dNr3gboWYjzTsqnC4lM+PjxuQpQBgJkwPZsqaA5OVbqBoXiuG0k+0HjSx86h76W23YTAdwHt1HyqdWEgZ4kZW8hn19R5AwOADqinBXXzEQERERERER+YbosgRqy+Tp4gXTGR8TBYDZbGJVyhZeWf62kqgicms4XUDqmwWXltmnEZt47f9+BcQ9wm/M61n+TiYrswAfb2xDR2PwtNLAMJQlT56ldtVeMtdv56ApmIlzInGn5Hz9Pr8i8qGHSTK8R2pmQ3sfUyD2aVZqAQM27o0PZMf6xsOj+rbVkz/RiYt4Jm0LqTsdrMpu2FLAHBJM3MIEog1giHuEX7KGleubYvUjasZclkxp/3cZOWc2c09vYcPerbyYM4IXfjqJp2e4ef2DA6zMMTJkXiSjsg6R1fz9zOfZuvdI3uRgVa4DfPwYFBOHHwARzF8ygsrkQ+xY9RaOGQ+QGB1M+s4DrMw43xB/WCRPLdLsUxERERERkW8qr/r6+vrOHrS15GmTDzMdrErZgtlkVBJVpAPlHyvCy8vrml5Aq/dN1y3f27puq6w9zH5dvgvJzSl/C0t/7yBgRiLPTbFevf51qj34dx5/s5iohU/w9BX3P5VvgpLSU/QO7tnVYYiIiIiIyE3IU3XZgRPfKJ2efbha8hRoLtNMVBGRq3GS8qs1OPpGMX1UCIY6F5lbHbixkGDv+OQplLNnZzG0eniUiIiIiIiIyK2tUxOo7UmeNunIJKqn+hyvrVxD7rGi5jJfgw8Rg/ry3ZkT6RcWfF39V1Se4aXf/50HZ9/NmBFDLnuel1/MH9/YyI8emUn4gMuOLOkUGz/IwJFzjKeS5mE2+XZJDCJyI1iIjreRl3ZxSbxPYChzn5zNvb07Yfj8fWwvoo3Do0RERERERERubZ2WQL2W5GmTjp6JOvXusSTEjwHgzJkqtuzK5OXXU/nB92Yw4vbwGzaOiEjHCSAyfh7/Fd9Fww+YzkvLpnfR4CIiIiIiIiIdr1tnDPJ1kqdNxsdEsXjBdDzVNbyy/G2cha4bFpfJ6EtgQHcCA7pj6xtC4kPTGT5sEBu2plPlqblh44iIiIiIiIiIiMitqcNnoLZMng4J73dNydMm42OiSN+XzZG8gg7dE9XH25sJd47gj3/dwPFCF0MjbOTlF/P2ht3kO0s4f+ECo4ffxiMPTsXPbKS8ws0b/9jGZ0fy8e7WjTEjh/DAzIvTwIpOlLFl59/ILzhBSFAgP/jeDAba+jQ//+zIMf7y1vu4TlYwqH8oP/jeDIJ79Wx8ls9b7+6kpLQcP7OJqRPHMnXSWHy8vSkpreAfG/fw+ZF8auvqGNQ/lB8uuh9roKV5e4A7Rg/lX/s/J6xPL554dA6f5Rxj9T+2cfpsFUMG2+gdFHjDvz8REREREREREZFvmg6fgfrK8lQ81TduNmfTTNSO0t3fjJeXF2erPABUus9wx+hh/PrZR/n509/jeKGLHXsPAPDu+//k3LlaXvxpIs8tXUSP7mZOn/E095Wemc382Xfz4k8fxd/PxOYd+zh//gIANTXncOTk86Pvz+K5pd8H4M9/fx9P9TmcRaX8+e+bGXF7OC/9PIlHvjuVbWkfs/vDTwA4W1XNQFtvnv/JYl786aN4d+vGmk17qa9vGLe6uoaPDhzmOzPu4tGH76WktILV72zjzrG389LPk5g8PpqPDx3psO9QRERERERERETkm6LDZ6DGxdiJjLCxPHn9DUmkPp44m5yjzhsQ2ZWdO1fL+fPnm++jh9/WfG0NtDDQ1pvikrLmMrPZSIDFH5PRl/mzJwENh0gB3HfPOCIG9QXAPnQQjpxjnKutA6Bbt25MnxRDv9AgAL4zYwIrV79H0YmT5OQ6CbB0Z8aUO/D3M2ENtHD0WCEHPv2CCXcMJ3xA6CWHTw0bMgBHzjGqa84B4O3tzffmTmFk1GAAPtyXfcX+8vKLb/j3JyIiIiIiIiIi8k3S4QnUBXMmNV87i0oveXay3M2zv155xXbP/ceiKy7Tj7ZHEG2PuLFBtnCutg6Djw89Ld0ByDnqZO3mvRSXlDcngGNGRQIw7/54/rZmB//+y+X4+RmZND6aqRPHNvfV1un2BoMPPbr7Nd/7GnyoravjlPsMJaUV+Bp86Nbt4gRhs8nIqcozVJ87R9kpN6nrdnG80MWZsw0zXgcPDGu179b6ExERERERERERkbZ1eAK1LWXllUDDzM6gQAsAJyvclFe4u+QQp7rz59n7r0ME9uxBaO9enK2qJnXDbgIDuvPskw9hMhn525rtzfV7WrrzROJs6uvhmPMEf3xjI9aePRg2ZMBVx6qtreP0marm+5aJ297BgTiLSrlw4ULzc091DT0DumPw9mHNe2mcPuvh6SXzsPTwZ3vax+QeK2p1rN7BgeTlF1NbV4cZ3+b+REREREREREREpG0dvgdqe4yPieInT8znJ0/Mb/WQqcgIGzOnjruh41bXnKOi8gwVlWfILyjhf/68js+O5PPQdybjZzbSrVs3fA0++Bp8MPoa+DK/mKNfFgJw/vwF/rFxD/s/OcIp9xm8vKCbV/sTkxcuXGDLrkwKik9SUHySdzfvJbR3L8L6BDF8WDiV7jNs3vER5RVuDhz6goz9nzF6+G2YzUZMRl8MPt6YjL6UlVdy4Cr7mQ4fFk6Vp5qtuzKb+0vPdFz39yciIiIiIiIiIvJN16UzUK/FrGlxN7zPD3bv54Pd+4GGJfQRg/qy9EffpV9YMNCwBH/BnEn86W+b+dmvVzIqKoIB/XoD4OXlRVifIFLX7eKU+ww+3t6Mj7UzPtaOp/rcVcc2Gn0Zdlt/XluxhsrTZxjUP5RHH5qO2eSLLSyYf3t4Bm+9u5Nte/bjZzYxdeJY7h4/Ei8vmHffBP7/1e/xy9/+hQH9+hAZ0Z8TrvJWx7KFBbPogXv425odbNuzn0H9Qxllj2izjYiIiIiIiIiIiIBXfX3T2e0dK2npMgBWLlvaXJZz1Mmrf3ibmVPHNSdIN2xNZ+MHGTzz2INERtg6IzSRb638Y0V4eXld0wto9b7puuV7W9dtlbWH2e+W+RuQyC2vpPQUvYN7dnUYIiIiIiJyE/JU1XV1CB3qpljC3x4btqaTun5XV4chIiIiIiIiIiIi3yKdlkBt60T69tj4QQYf7su+QdGIiIiIiIiIiIiIXF2nrX8dZb+NjP0OklO2MD7GDoCzqLTV+s6i0uZlvR9mZjf3ISIiIiIiIiIiItJZOi2BOmtaHDm5TtIzHe06Af6ry/WtgRYWzJnUUeGJiIiIiIiIiIiIXKbTEqhBVgv/vfQR0jOzqfLUXPIs2h5xxesmfmYjcTF2/MzGDo9TREREREREREREpIlXfX19fVcHISJdI/9YEV5eXtf0Alq9b7pu+d7WdVtl7WH267S/AYl865WUnqJ3cM+uDkNERERERG5Cnqq6rg6hQ3XaIVIiIiIiIiIiIiIitxolUEVERERERERERERaoQSqiIiIiIiIiIiISCuUQBURERERERERERFphRKoIiIiIiIiIiIiIq1QAlVERERERERERESkFUqgioiIiIiIiIiIiLRCCVQRERERERERERGRViiBKiIiIiIiIiIiItIKJVBFREREREREREREWuHT1QGIiNy6snl96VayvlJqDgkmZup0FkSHYOiSuNqhZBu/fPkQzFjEi1NCujoaERERERERkZuWEqgiIterRz/mzx6KBaDORebOQ6S9uZqs7Gm8uMiOX1fH1wkOJi9jebaFuf+ZxL29uzoaERERERERkRtHCVQRketlthIVPZLQxtvYmDgOJiezPGs7qTF2Eod2aXQiIiIiIiIich2UQBURueH8iZ4RSa/sQ6RnHiZx6FDgLHk71rPig2LK6sAnZCCJSfOItdK8nP6EfQQLa4+SklNFnY8fUVOns2TKoMYZrG20/zSVpFUF9BkXw5DcA6S5zoOPhfjEh1k01B+A2sI0Xl+ZieM0+PQIZdZ9lq/E/DXimz2bp+PKW2xj4Gbty8tYSz8eXzaf6JKPeX3VXrJc5wFvekVGkbjgHiK/OrSIiIiIiIjITUyHSImIdITeodgAXMWcBCrTU/nN5mKwx5C0cAITexSzctk6clq2yT7E++YoEhdOYMqA8zg2r2VF5lloZ/sTGQ484yaRtCCKQT5u0la+x0GA2mxWLM/E4bEQNzuBxPusZG/K4USLtu2LL4d9IWNIXBjDqB5VONZs4v0SG/cuTCC+P4CRUbMTSFoYSzhOUlbuJssdwtyFCSQtiMJWcYyDp2/8Vy0iIiIiIiLSkTp1Bqqz0EXq+t3k5Dqvua3ZZGT+nEmMj4m68YGJiHQoF+l7KyBwBE8tiicUiA2rxPHyIfYchsjAxmphMTy7KJ4AINbuzYmf7caR/jGVMUPbbt/Y3DLhfpbE24CRGLIdLM92c6IEKHKQVQ1DFjxMYow/MJJoynk8pfja4oscx9NzxmAAbOU5ZG12k+cK4N7okVRmbScNI+GRI4ntDXAUjwewWIkcGkm4eSSxMZ3wVYuIiIiIiIjcYJ2WQD1Z7uaV5W/jqa6hX1gwfibjNbV3FrlYlbKFyME2gqxa/ykiN7mSYpwAIaEE4SLPBXCI55YeuqSaubwSmhKUVisBTQ8MNiJDwFFdQ9XV2vdouPbrceV/V4vL3Q3PTf7NZYb+wfThYgK1XfEZjBja8dEbRDB/yQgqVzv4zS8c4OONbWgcixfG0r/9nYiIiIiIiIh0uU5LoG5P+xhPdQ3zZ99NQvyYa26/YWs6Gz/IoKy8UglUEbnJneXg5hzKMBI3bijgIjwEsmojeebJCfRpUdNgDoDyxpvyciqhIYla6yTHBfQ34kdI2+0Ptx1NqNUCuCmrKAesANQeL+UENPZ1lf7Lv9rj5QxX+G3iN+Aenv7FPVB7lpP5u3jtD3tZvimUl+bYrt6hiIiIiIiIyE2i0xKozkIXAHEx9s4aUkSkc3jKcRz8pGHGaZ2LzJ2HyHKBZdQ05kcAhBA3IZC1a3JIXm9hrj0A6lxkHYSJS+5pXoJPUSa/WQ1z7SbyMvbhAAbF2AnA2r72rbGPJMZUQOb6VFYQxyhzMXs2Fbeo0M742mAbHAhZFezZvI/IqZH06VtM6vN7qZowkhirEcrdVELjgVgiIiIiIiIit45OSaB+mOnAWVQKQHLKFhIXTMfPfPlSU2ehC1vfkM4ISUTkxjldQOqbBc235pBg4hdOZ0F0SPOS94C4R/iNeT3L38lkZRaNS9pHY/C06Mc+gns9DpLfbDzlfsZclsRZ29++NYahLHnSRdXKA2Su387BHqHMui8Sd8rFI6Kuq38gIG4OSflrSN6/l99kf8njy+4hym5k4869rKwG8KZXZAxPafapiIiIiIiI3GK86uvr6zt6kNf/so4sR27z/XP/seiSROmHmQ5S1+3CU13T6mFRTUv4n3nsQSIj9B9wkRsh/1gRXl5e1/QCWr1vum753tZ1W2XtYfbr1HPwOk7JNn758iFO2KexMlGz9OXmVFJ6it7BPbs6DBERERERuQl5quq6OoQO1SnZhycencMrr6dyJK+AlcuWXvLsZLmbVSlbMJt8GRLejyN5BaxK2UK0PeKKs1RvBE/1OV5buYbcY0XNZb4GHyIG9eW7MyfSLyz4knoATyXNw2zy7ZB4RERERERERERE5ObU5dO3srK/ACAhfgyzpsWRsm4XO/YewFno6vCZplPvHtt8oNWZM1Vs2ZXJy6+n8oPvzWDE7eGYjL48kTgHAJPxxiZPV6x+j/JTp5WYFRERERERERERuYl164xBNmxNb94D9dXlb3Oy3N38zBbWsJQ/K/soR3ILOJLrBOiw2actmYy+BAZ0JzCgO7a+ISQ+NJ3hwwaxYWs6VZ4avLygR3czPbqb+ZorjEVErq73Pby4bKmW74uIiIiIiIjchDplBmqVpwZPdQ0AxwtLLnnWyxqA2WTEWVTKK8tTATCbjJjNps4I7RI+3t5MuHMEf/zrBo4XuhgaYWPF6vcAWLLofjZ+kMEnjlxsfUPYd+Bz5t43gfGxdt55L42MTAcXLtQzPtbOAzPjMRl9uXChnt3pWWza9i/cZ6roaenOtEkxbNuzn/JTpwF48uf/l1nT4pg5dRyfHcnnrXd3UlJajp/ZxNSJY5k6aSw+3t6XjT17+ng+/TwPs9nEDxfdj7d3Qy58zaY0vsgr1MxWERERERERERGRG6BTEqgL5kzCWejiSF4Bv//1/2our/LU8MKyN/BU19AvLJhoewQHs49SUFTKq8tTeW7pI50yE7Wl7v5mvLy8OFt15aOn8wtK8Pcz8dSSefQLDeGdjWk4cr7k33/4AD26+/HX1K1s2v4v5t0XT3pmNu9sTGPe/RMYPWIIxwtKKCk9xX89/T1W/2Mble6z/NvD9xJg6Y6zqJQ//30zd465nSl3zeOYs4TV72zD19dAQvzoy8a2hYXQ3d/Mui0fUlbhJiSoJ1WeGj4/cpzY6KFKnoqIiIiIiIiIiNwAXboH6oat6Xiqa5gyYTQL5kwCYNa0OP7y1hYy9jvYnvYxs6bFdWpM587Vcv78+Vaf9w4O5NGH7iXA4k+l+yyOnC+5755xRAzqC8C9U+7g/R0fcaryDOn7P+OOMcOYfNdovLwgMKB7cz++Bh+8vbsRYOmO2eTLp5/nEWDpzowpd+DvZ8IaaOHosUIOfPoFE+4YftnYAFGRA9m84yOO5BUQEtST3GNFnK3yMMoe0YHfkIiIiIiIiIiIyLdHpyRQU9bt4kheAQBP/vx/eG7pIwRZLTgLXQAcyXXy6vK3m+tXeaoByDnqhGmdEeFF52rrMPj40NPS/YrPu/ub8fU1AFB5+iye6nP8NXUrf03d2lzH2rMH7jNVnKo8w7Db+rdr/9SS0gp8DT5063ZxW1qzycipyjNUnzt32dgAARZ/Igfb+Ojjz4gZGcmBT79g6G0DCO7V8+t8dBEREREREREREfmKTkmg+pmNmE2+eKrPYQsLvux50wFTV2rXmerOn2fvvw4R2LMHob17XbV+QA9/zCZfZk8ff8msz27dvPD1MdAzoDvlp05TX89Vk6i9gwNxFpVy4cKF5jJPdQ09A7pj8m19Of6dY4bxp79t5vDR4+QcdfLQdybrwCsREREREREREZEbpFMSqLOmxZFz1MmRvAJ+8sT85vKW11fTlEy9kUnV6ppzVFSeAcB9+izvbv4n+QUl/PjROe0ax9LDn6jIQexJ/4QB/XoT2LMHJa5ySssqueuO4YwefhsbtqYzqH8fhg8L53hBCWUVbibfFc3ggWF8mfYxZRVu+oUGMXxYODv2HmDzjo+Yclc0x5wlZOz/jPsS7sRoNLQaw4B+fQgJ6snbG3bj72di8MCwG/b9iIiIiIiIiIiIfNt16R6oACfL3Wz8IJ2ycvcl5ZERNmZOHdd8nxA/hrgY+w1NoH6wez8f7N4PNOxJGjGoL0t/9F36XWGW7JV4ecEDM+N55700lv3hbWrr6gju1ZPZ08cDcPf4kZw7V8vaTXtZ/Y9tBFkD+M6Mu6ivh3Fjo/gir5AXlr3B2JFDWLLofv7t4Rm89e5Otu3Zj5/ZxNSJY7l7/Mg2Y/D19WGUPYKUdbv47syJnT5rV0RERERERERE5JvMq76+vr6jB3n9L+vIcuQ23z/3H4uw9Q0BGvY5ffUPb1/Wxmzy5fe//l8dHdo3wieOXFLW7eTff/hdQoK0/6m0X/6xIry8vK7pBbR633Td8r2t67bK2sPs1+V/AxL51igpPUXvYP2OERERERGRy3mq6ro6hA7VKdmHUcNvIyfXiaf6HKOiBtPLGtD8LDLCxjOPPXhZm5Z1AKo8NRQUlTJkcL8Oj/dWcv78BT7MdGDr25tegZauDkdEREREREREROQbpdvVq1y/8TFR2MIaZpzOnzP5smXmkRG2y15B1kuTgemZ2byyPJWco87OCPmWUXTiJLnHChkfE4W3d6f8OEVERERERERERL41Oi3j1rRkPyv7i6/VvspTcyPD+caw9Q1h2fOPMTJqcFeHIiIiIiIiIiIi8o3TaRsIJsSPIT0zm9T1u0nPdOBnNl1T++OFLuDypf0iIiIiIiIiIiIiHaXTEqhBVgs/eXw+Ket2cSSv4Jrbm02+LF4w/bKl/SIiIiIiIiIiIiIdxau+vr6+q4MQka6Rf6wILy+va3oBrd43Xbd8b+u6rbL2MPt12t+ARL71SkpP0Tu4Z1eHISIiIiIiNyFPVV1Xh9ChdOqQiIiIiIiIiIiISCuUQBURERERERERERFphRKoIiIiIiIiIiIiIq1QAlVERERERERERESkFUqgioiIiIiIiIiIiLRCCVQRERERERERERGRViiBKiIiIiIiIiIiItIKJVBFREREREREREREWqEEqoiIiIiIiIiIiEgrlEAVERERERERERERaYUSqCIiIiIiIiIiIiKtUAJVRORry+b1pctI+u02ijtpxIPJy0haupL3SzppwC4eV0RERERERKSr+XR1ACIi0n72BT/g1Vof/CwdOMinqSStKqDPjEW8OCWk88YVERERERERuQkpgSoicgsxmAMIMH97xhURERERERHpakqgiojcKCXb+OXLhzgxOJIptUfZcfw8+FiIT5zN+MNb+F1GKZ46b/qMm86zDwzFDxfv/3Y1a13BxE+oI31vBXU0PH8q5hgrVjj4shp8QiJ54sn7sZsbltIvz7Yw9z+TuLc3UJLG71YewFFxHh9TMBPnWHGk5EDj7NGG+v1YnOTPluQcTlhH8MJPx1C2YxtrdxbgrAZ8vLHFTOeZB4aSk7yM5dkNH+fE5tUkbYZRi5cSt/8r47oPk5K8iz3Hq6gDzGEDWZg4j1hri+/BPoKFtUdJyamizsePqNmzeTourMt+PCIiIiIiIiJfR5fvgeosdPHCsjdIWrqMpKXLeGHZGzgLXV0dlojI15d7DOeAOJIWDMZW5yZt5WpeLwph/oIJxIed50TGXvZcspdoKZlFYSxc2PR8E88muwifk8DicRbqXDmkpl/h38Xaw6z4fSaOCiMxsxNInBOCc10OJy6rWMCq5GOYh0Yyd3JD4jZzr5tekyeQtDCB+UONODO2kHoYwicnkDQuEACLPYakhQncO+Cr/R0l+beb2FFkJG5BAkkLorCVH2PlsjVk17aolp3DvpAxJC6MYVSPKhxrNmkPVREREREREbnldPkM1L+kbKGgqJR+YcEAOItKSU7ZwnNLH+niyEREvqbIcTw9ZwwGXJTtzMXpCmVu0nTGGyC27ihpKcXkuYDeTQ1Cmd/4PLz8E9KK3ETd9yALYkwwqo7MjN04jruAkEvHyf6EzGqwzZ7PkngrMJLYHtU8uTL3KwF5E5f4YxKHXixJfL7FTZiLPdmHyCt0ETBlJLHuw6zMqMCv/1BioxvGPNiyu08/Jr0abLPnsCimYdxoynk85Rjbs6qx9//q9wC28hyyNru/8rlFREREREREbn6dmkB1FrrY8EEGHk8NvawW5s+e1Jw8/e/GhOn/XvYGzqJSqjw1pK7fRVm5G7PZyKyp47D1DbnKCCIiNwGDEcMlBd74NRYYTN5XaHDxeXMXJlMrfV1UXO4GoFeg9WJhoD8Bl9X0p09gi1vPl7y/egsbchqW3zfp08o4SvLOkgAAIABJREFUl43runxcQ5iVXhRT5na3+BCtxy4iIiIiIiJyq+i0BKqz0MUry9/GU13TUJALOUedAAQFXjzWOSjQQkFRKS8se4Oyiov/Ec856uQnjz+oJKqISKNQqwVwU1ZRDjQmMyvOUglXSKJedDJ9O2tzqrCNm8DcmIHYag/wmz84LlYwtP2rITSkYdza6mqgIdFbW1ROGRBlsbTVVEREREREROSW02l7oG7Ymo6nuobFC6bz2q9+zKiowZRVuLEGWpg1La653qxpcVgDLZRVuBkVNZjXfvVjFi+Yjqe6hg1b0zsrXBGRm599JDEmcK5PZUXaJ+zL3MIrq3PxXKWZwWxsvq4qP8b7HxylrGWFsGAGAScydvFhfhGVX+1w+BjiTOBY9zYpmQ3j/m5dMZgGkjDKdGM+m4iIiIiIiMhNotNmoFZ5GmaeRtsj8DMbeeLROZc8dxa6MJtN2PqG8NtfJF3yLNoewaoWfYiICGAYypInz1K7ai+Z67dz0BTMxDmRuFNy2mwWEHc/SflrSM7Yy8pMC/H3DaRPbos2lniWLCzltZRjrPr9W4xavJS4S3qIIPGn92FO3sWelO3sAMxhA0lKnIdda/ZFRERERETkG8arvr6+vjMG+stbW8jY72CUPYInEmc3l391ab/ZZCR6eATzZ0/Cr3GW1Ot/WUeWI5dxY6N49KHp1x2Lp/ocr61cQ1TkQGZOHXfZ8xOucl79w9s89J3JjBkxpM2+Pj50hD/+dSM/+v7Mq9YVudnkHyvCy8vrml5Aq/dN1y3f27puq6w9zH5dfg7ezSd/C0t/7yBgRiLPTbFevb5IO5WUnqJ3cM+uDkNERERERG5Cnqq6q1e6hXVa9mHBnEnk5DrJyj56SbnZbAIacrhmky9QT3qmA2ehi2cen4+f2UiWIxdroIUFcybd0Jgy9jsYNzaKIOvFPfvq62HvR59S6T7brj6GDwvn5ed+iL/f1ZetNiVurT17sGTR/V87bhGRBk5SfrUGR98opo8KwVDnInOrAzcWEuxKnoqIiIiIiIjcCB2+B6qz0MULy97gqV/8D+WNe542lZ8sdxNktfCTx+djNvniqT7HrGlxjBsbhbOolOXJ6wGwBloor3Dz1C/+hxeWvYGz0HVDYistqyRjv+OSspLScj468Hm7+/A1+BAY0B3fqxy6IiJy41mIjrdhLnSw6s3trEw5RDahzH3yYe7t3dWxiYiIiIiIiHwzdHjWL2XdLpxFpfQLCyaoxYFRryxPxVN9jsULpjM+JoqfPD6fF/7Paj7MdPDfSx8hJ9dJTq4TgB8nzmbD1nROVrhxFpWSnLKF55Y+ct2xRQ+/jX0HD18yC/XDzGx6WrpTf+HizgYlpRX8Y+MePj+ST21dHYP6h/LDRfdjDbSQl1/MH9/YyI8emUlgzx689Pu/Exdj5+CnX1BUcpKQoEB+8L0ZXLhQz+9WvIOn+hy5QGZWTvOy/8+O5PPWuzspKS0nJCiQh+dO4fYhA5r7vivWzoeZDipOuS8Zu7rmHFt2ZrL3o0O4T1dh6e7Hou/ewyh7BBWVZ1qNZaCtDwDHnCdY/Y9tOItcGHx8GBcTxQP3xwPwzntpZGQ6uHChnvGxdh6YGY/J6Hvd37mI3EgBRMbP47/iuzoOERERERERkW+uDk+gHskroF9YMP/dIuFZ5anBU30OgFUpWy6pH/T/2rv38Kire9/jn7kmk8CEDCRILtw3YBOriMGCle2FWiptsequ9GIrtmBre/Z2H7en3aftrrXt0+2x9LTPPtq9awuonEo8vUBtK1goCCVWIhCVWIKAyJAEMuQ2kLnP/M4fYYZMMjMJkCt5v55nnsz8Zv3Wb4V/XH7yXWudq1CdcK7q9HSLV6XFhYlDp76z+lm5Gzz9Mra55TPl9wf06uu1+thtC9R0uk373zqs22+9Xps270606/AFNLV0ou5ZdrNisZieqdyiX/9hl774maUp+/3r3lp94dO3a+yYHK15/iX9cdsefeHTH9E3Hvqsfv5//6g8Z64+c9di5eZky93g0S9++Ud9YN77dOsH79Lbh97Tc//vT/rnB+6WJAUCQdXWHdN/+8InFIlE9F/PvqjtVTW6a+kixWKGItGo/vGLd8o5NlevVL2hyk3bNblkYmJPyVRjeeDej8rT3Kb/s2ajZk4t1pc+/3EFQ2G9tu9tRSIxbXzpL6qte1f//MDdGjsmR89UbtEftv5Vdy0lpQEAAAAAAMDoMijrzrsfDxM/HCq+bL9riDp7Zql8/qDcDR45su1J+5P2N7vdqttuqtALv9uhBdeVaddrb6roigmaNaM0qd30KZM0fcqkxOcrZ01Rbd0xBYKhlP0u/dACzZxWLEkqnzNNtXXHFIsZco7NlcViTiz7l6S3/nZUec4xuv3W65Wbk635116p6po6HXOf1ARXnmw2qz5x+40qmTRBkjRt8iQ1t3gldf47xitGJen975uuqtdr1dZ+VvnjxqYdSygc0b633lF2ll2f+sQtynPmSpJKli5Su7dDtXXvJt33kVuv10vbXpM/EJQjO+vS/tEBAAAAAACAEWTAA9SSogK5Gzx6bPWzGu/K08dvW6DS4sJzB0aZdM+ym7T/rcMa78rT5OICLawoV3NLeyKsc9c3qbS4UJL0xJOVOnFuO4D+MntGqcbnO7Vp8269e7xRn//kbbJYkreGbTjVrMqN23W8vklnO/ySpBlTi9L22fm79c0pT6vc9U166FtPJl2fOa1YE1x5slgsafdXDQRD2rR5t/a9+Y5a28/KMIwez043llOeVo3JdchutyVdbz/TIX8gpGcqt+iZyi2J665xYxUIhglQAQAAAAAAMKoMeIB6//IlWrNhs9wNns5XfZP+/ZsrtXjRPL348qtyN3j0yFfukdS5tL+5pV2lxYW6b/kSrduwWU889YIeefCTKi0u1OlWr0qKCnT/8iX9Nj673aolN1foP9b8Vtde9XeaPqVI3rO+xPfRaEy//v1Onenw66FVd8k5Nldbd+7VkWMN/fL8iQX5mlxcqC9+5nZldwkns7PsajzVnPHe1984pN17Dmj5HbfoyllT5K5v0vpf/anPzz1yrEGhUDgpZM0bmytHtl3Lltyga8pnJq6bzSaNzc25wN8OAAAAAAAAGNkGPEAtLS7Utx/+nHz+oB5b/ayaWzuXny9eNE/7DxxWVXWt6g67NcGVp+P1TfIHgomDpSQlhaiPf3PlgIxx5vRiffnzH1fRFRN6VJ+azWZlZ9lls1qUnWVXc0u79r15SHnOMRf8HEe2XcVXTNCJRo/az3Qob2yurrpyunZUvaHqmjp9cH65ojFD+w+8o7nlf9d7f1l2mUwmjR2To0gkqqrq2rTbCnR31ZXTtW3XPv32pb9o6eIPKBgKq3r/Qd12U4XKZk/TK1VvaErJROWPG6tTTS3yNLfrg9dfdcG/MwAAAAAAADCSmXtv0j82bNyu5lavrimbIalz/85HHrxHC64rU3OrV3VH3JI6l6Cv27BZu6trdUNFme5bvkT+QFBPPPWC3PVNAzI2q8Wi8jnT5Dq3b2hXJpN019IbJUnfenyNKjft0OyZky/6WUsXXy9JeuQ7/6kXX35VpUUFuu+eD6u6pk5f//7TevSJdXLXe2SzWXrt6+ryGVpYUa6n1m7S9/73ehVMyEuqYs2ktKhAX/j07TpyrEHf+MHP9fh/PK9QOCyLxaS7P7ZIM6cXa/VPX9DXvvtfeu5Xf1JWlq33TgEAAAAAAIDLjMkwDGMwHvTEk5U6dPSEfvK9ryYOkUrFXd+kJ56qlD8QSlSi7q6u1boNm+XIzkos5wdw6d471iCTyXRBL0lpP8ffd/2Z6X2ma33hyBmUc/AASDrladPEgnFDPQwAAAAAw5DfFxnqIQyoQatAjYem+w8cliQ9uWajVj68Wl//3tNJlaWlxYV65MF7hqQSFQAAAAAAAAC6sjz66KOPDsaDJhW6tGf/Qb1eU6cXX35VJz2tcuU71dLqVbu3Q/Pnzkm0zXPmqnzOtET78a483VBRpvGuPL1eU6cDB49p8aJ5gzFs4LLW3nZmRFeg2myD9jcgYNTr8AU0Jjd7qIcBAAAAYBiKhGNDPYQBNWjpQ7yy9JqyGZo1vUQLrivTtx/+nCQlDpaSpDXPb9Zjq5/tUYm6dec+3VBRppKigqT2AAAAAAAAADBQBm0P1HS+s/pZnWjwqLSoQJLkbvDIle/U499c2fm5y56o4/Odam71qqSoIBG+Arh47IEKoK/YAxUAAABAOuyBOsDuX75EJUUFcjd45G7wqKSoQF9dsSzxfbwSddb0EjW3ejVreonuX75kCEcMAAAAAAAAYLQY8gpUAEOHClQAfUUFKgAAAIB0qEAFAAAAAAAAgFGKABUAAAAAAAAA0iBABQAAAAAAAIA0CFABAAAAAAAAIA0CVAAAAAAAAABIgwAVAAAAAAAAANIgQAUAAAAAAACANAhQAQAAAAAAACANAlQAAAAAAAAASIMAFQAAAAAAAADSIEAFAAAAAAAAgDQIUAEAAAAAAAAgDQJUALgkTXrp8dVa+XCl9vel+ak/6VsPr9bKtQcGemAAAAAAAKAfEKACAAAAAAAAQBoEqAAAAAAAAACQhnWoBwAAlx3vQW1Yu12vHPcpIslRNFWfXXGX5ru6NmrUKz/bpQ11PkWsOSq7bYlW3TpNOUM0ZAAAAAAAkNqQBKg+f1Avvlyl3Xtq5Q8E+3zf+HynFi+ap8WLrh3A0QHApTistY//QVWRfC1avlCz1ahXNtbq6dW/Vs6jd6k83uzAm3rpmgqt+Gy2jr66R9v++Bv92LFC/3OhK1PnAAAAAABgkA1JgPrkmo06dPSEHNl2zZpe0uf7Dh09ocpN2+VwZOmGirIBHCEAXKS39qoqIJUuu0P3VrgkXa25atGDG45pa01A5ZPPtSuq0L/eu0h5kubPzVHzw1tUU31A7Qs7rwEAAAAAgOFh0ANUd32TDh09oZKiAj3y4D3KcWRd0L2P/eg5vbiligAVwLDU2OSVJI3PP19Jaityabwa1ez1nm/ocnUJSgs1vVCqCQTlkwhQAQAAAAAYRgb9ECmHI1uzppfo4x9eeEHhqSSVFhdq1vQSNbd6e28MAIMiIl9YkqyySZpU6JQkhQOBRItwQ4uaJY13Os/f1tKi9kQDt+qaJGVnsQcqAAAAAADDzKBXoE5wOfXIV+4Z7McCQD9r19H9daqr2avNrZJmT9VsSbpqnhZmn1DVxhe0QVdruhr1ysZGKXuqFl+TLbWcu72hWj94TrqzvHMP1FpJZQvnUX0KAAAAAMAwM+gB6ukWr2oOHE46POqashkqLS4ctDH4AyH95Olf68ixhsQ1k0maWODSpz5xi943a8qgjQXASOXWS+t3qUaStXC2vnLvPNkkSTO14mtL5Vi7Xa9s2KptkhxFU7VyxV0qt3W5vfz9+oi/VmvX+xSx5qjs9ju1qiJ3KH4RAAAAAACQgckwDGMwHuTzB/Xiy1XaunNfyu9Liwp0z7KbNXtmacZ+nniyUoeOntDTqx++6LHEA9QZU4u0eNE8SZIRi2nbX/brtX1/039/4B9UdMX4i+4fGCneO9Ygk8l0QS9JaT/H33f9mel9pmt94cgZknPwgFHplKdNEwvGDfUwAAAAAAxDfl9kqIcwoAYlffD5g/rhU5VyN3jkynfqQ4uuVWlRZ8Xp6VavqvYc0KGjJ/TDn76g+5YvyXhAVI4jS45se7+MKzvLrvy8MYnPN15/lV7b+zc1nW4lQAUAAAAAAAAwOAHqk2s2yt3g0YLryrT8jpuTDo+aLemGijLtrq7Vug2btW7DZk0uKki7pP8r998xIGOMxQy98fYRORxZmnzu2T977veSpFX3flSStPfNQ3qmcoseWnW3JOnHP/uV/IFQog9Htl0Prbpbre1n9J/PvJjUv2vcWH39Hz+dFNgCAAAAAAAAGN4GPEDdXV2rQ0dPaNb0Et3/qSVp28WrTtdt2KzKTTv0Lw9+cqCHpt9tqdLvtlQlPjvH5ujB+5bJle/McFenySWF+u7X7lfMMBQKhbXm+ZdksVh0RaFLJUUF+l//9oAkyXumQz9d9zvNmlGisWMcA/a7AAAAAAAAAOh/Ax6g1rz1jiTp4x9eKKnzEKl1GzYntVlQUaYbzr227tyruiNunW7xaoKrZ5Dprm+Szx/sda/Uvrjtput67IH61LpNemjV3SotKsh4r9ViUZ4zV4Yh/WHrq+rwBfRPK+9KVNfa88YoEo3qt3/cJVe+U8vvuEVWi+WSxwwAAAAAAABg8JgH+gE1tUfkyncmAk+/P6C6I+6kl7u+KdF+bvlMSZK7oSllfxs2btcPf/pCv4wtvgdqft4YufKduv3W65XnHKNDR9x97qO65qB27H5DK5YvUcH4vMR1w5A2/3mPjr7XqBXLlyRtWwAAAAAAAABgZBiUPVAndFkSX1pcqKdXP5y2bXzvU3d9UyJMjXPXN+nQ0RN9WmJ/KXz+YMrr0Wgs6fORYw16/rd/1tLFH9CMqUVJ31XXHNTLO17Xys9+NClYBQAAAAAAADByDEqA6g+cDyQzLeGXlKhGHe/qDB237twrhyNbr1bXqu5cZWh8O4BLFQiG1Np+VlLnEv6/7Dmgllav5pyrlh3vcurNt4/K09wmu92mHbtrEvd6mtv1i1++pGmTr9A15TMS/eTmZMtd36Rf/mabPjDvfSqZNEGt7WdlNpmUm5vNMn4AAAAAAABgBBnwALWkqEDuBk9iT9P4Ev6uXPnOHgHq5HN7kFZu2pHUbvkdN/eoTL1YL+94XS/veD3xeZxzjD73D7dp5rQSSdLNC6/RoSMn9I0f/EJjc3O0cH6ZTrd6JUnH60/J09wmT3Ob/vX7P0/08aXPf0wNJ5vV4Qto++4abT8Xujqy7Xpo1d2aPmVSv4wdAAAAAAAAwMAzGYZhDOQDtu7cq8pNO3Trjddq+R03Z2zrrm/SYz96Tq58px7/5kpJUt1ht9Zs2KyWVq8+dtuCfqs+BSC9d6xBJpPpgl6S0n6Ov+/6M9P7TNf6wpEzKEX0ACSd8rRpYsG4oR4GAAAAgGHI74sM9RAG1IAfIrWwolyufKe27dqn3dW1adudbvHqybWbJCkpaJ09s1TffvhzumfZTVq8aN5ADxcAAAAAAAAAEgY8QM1xZCUC0W079+rQkROJZfpS54FNW3fu02Orn1Vzq1cLrivrsUQ/x5GlxYvmcZI9AAAAAAAAgEE1KOtf46fauxs8euKpyrTtWKIPAAAAAAAAYDgZlAB1Qr5TrnynJuQ7NXtmqdz1TYlQVepcpr+wolwTXM7BGA4AAAAAAAAA9MmAHyIFYPjiECkAfcUhUgAAAADS4RApAAAAAAAAABilCFABAAAAAAAAIA0CVAAAAAAAAABIgwAVAAAAAAAAANIgQAUAAAAAAACANAhQAQAAAAAAACANAlQAAAAAAAAASIMAFRilDMMY6iEAAAAAAAAMewSowCgVjcaGeggAAAAAAADDHgEqMEpFo9GhHgIAAAAAAMCwR4AKjFIXW4FqMpn6eSQAAAAAAADDFwEqMEpFI1SgAgAAAAAA9IYAFRilWMIPAAAAAADQOwJUYJTiECkAAAAAAIDeWYd6AACGRjAYGuohXCZatOdXv9dvqj1qjkiSRc6iSfrIsiVaPDOv17v3r12tpw44def/WKmPTBzwwQIAAAAAgAtEgAqMQpFIVKFQmAOhLlmLXvnJWq0/nqVZN96oO6dkSWcaVfVqrSrXbtcV379D5UM9RAAAAAAAcEkIUIFRqKPDl/H7/gxWL+uQtuUNvXJcct64TI/cUXru4tWav2ixTrd0aMKQDg4AAAAAAPQHAlRgFPL5Apd0/2Udil4Eb12tjodLNdkWv2LVBFd8+X6Hjldv1/oth/Vua1SSReNnX6t/WrVIk3r0lLlt53L/Et23Mleb19bppOv9+tZtHn13faNKl63Qvy1ynevnoNZ+4w+qmnKTfrJqnnIG+h8AAACMCoZhpP2O+SEA4HLGIVLAKGMYhgKBYNK1+IR3oCe+l93E2jVfHyvPkppq9d2vr9aXH12jH2/cqbpTXQPqoA5Vu6U512rlZxfrvhud8tVV6+mdLSk67EvbE1q39pgcc2brzlvmKG/utVqYLbl37tHxcy3C+/epKmDRwkWEpwAA4OIYhtHj1Z/tAQAYSahABUaZdNWn3UPUvoadl10oekFyNXfFl/SDt7brN38+rAMNrardVa3aXdVyXvNhfffecuXIpcUPflmL47fMtahm1xbVHGmQEhWjcX1pa9HCFV/Vijnn77q1Yruqdr2rqnppcnFAe6obpfwy3TpHAAAAfZYq9OztWqq5YPxab+0AABgpCFCBUcbX4b+g9kx2e2PVhKs+pFVXfUiSFD51QBvWb9HOmq2qXFCuFTNbtOf5jVpf0yp/pLe++tI2V1fkJ1+ZfEuZSndVq2rnYS1f2qBtdVLpsvmafIm/GQAAuPx1D0i7fs70XfdrXeeMhmEkfTaZTISpAIARjSX8wCgSCAR1tsMnk0wymc6/cLE61O5NTjptE8u1eE6OpKjCEUkHt+vp11ulGddq5Zc/pR9++0aVpevuQtp25ZyvJbMl/4ED2rqrTm5N0pIF3atbAQAAzuu+zL778vtYLJb4KXWGnmazWRaLRVarNfGyWCwym81JVadd70+1pJ8l/gCAkYYKVGAUaWv1XlB7wtVe1O/SD35UK9vsMv19xSQ5JYVbDurFP/uk7Bn6+zmS3suSI97+jEfVr+5Vbbr+HBfQNkm25lZMkuqOqPLPkmZfq7m2Xm8CAACjVKoq0+6hZjww7W0+mOoP8l0D1Pjn7hWpqa4DADBcUYEKjBJ+f0A+f+r9T3uTaW+rvrbvj7bDTvECPbh8thyth/Xr9Vv19PqtWvdyo3LKK/QvX7tDsyVpys166PZJsh3Zp6fX79L+GTN1Tbr+LqRtN7Zzh0lJnYdHkZ8CAIDuuoak3atN44GnyWRKVJZe7DzNZDIlKlXjy/e7PiPVOAAAGM5MBv+1AkYF9/FGhSORziqBbkv4+/qSlPZzXKrPqd5nutZXjhyK6M9za8P3XtA2lelb31zC/qfod6c8bZpYMG6ohwEAuEjpluvHP8eX5w+UaDSqWCyWdk4ZvwYAGJn8vl4P/RjRqEAFRoGzZ30Kh8MD/hwmvUPo4F5VtUqlizg8CgAAJEtVddr1Fa84HUjxitR0Y+g6TgAAhhsCVGAUaD7dOtRDwIDq0O6dR+Tn8CgAANBNpiX7kmSz2Qbtj+Amk0k2W+dGQ+kOmSJEBQAMRyzhBy5zp0+3qr3N2zkxji+VGqAl/N1/Znqf6VpfsYQfGDws4QeAkSdT5WnXMLOvfUWjMVmtFkWjneFrzDBkMZtkGJLZ3PMwqUwikUhiSX+6OScAYOS43Jfwkz4Al7H2tjNqa23PGFxmCj/T3QMAAIDhLVN4KqnP4WkkElVLm1dnzvoUCkU0sXB8Ur9mc+cf5y1Wi7LsVplNZtlsvW8HYLVaFQqFUlacxg+eYu4JABguCFCBy1THWZ88nubzf8nvVn0qXXqIyqQWAABg+Oltz1O73d5rH8FQWCebmvWe+6TePd6oYDCogoJ8ZWXZlZvjSLSLRs+9CUcUDIZlsZhks1qV48iSxZJ5xzibzaZQKJTyO0JUAMBwQoAKXIYC/qAaG5suqY/up6JebB8AAAAYWl33Ps3Kyso4R4vFYmptP6u6w+/p7bp3FY5EFIl0pqRtbWcUCoeVK0fae2MxKRqJKRAMK8dhV25OdtpnxbcRCIVCMpvNiWsAAAw3BKjAZSYcjuhEfWO//cWeSSwAAMDI0b36NH5YUywWk9Vq7TU8Pd3SpleqatTS5lUoFE76PhgKq8PnV36eM+MYYoYhGYbOdgQUCkU1dky2rNbUy/rNZrOsVqsikYjMZrNisVhSmEoVKgBgOCBABS4jPp9f9fUnZcT6d6LZva+L6ZuJLwAAwMBKt3Q/HqJarZn/96/uyHG9c9Stk03NPb7r3ApK8geC6twdyiSz2axoNCaTSYrFUp9NHI5EdOasXw6HXdlZqbcOsFqtCofDSePv+lxCVADAUCNABS4TbW1enTrpSX2Sabfl+Bey52lv+rMvAAAA9I/uIWpv4amnuVUH/nZUpzwtPb7LstuUlWXX1MmTVFpUqLyxubJaLYrGYjKbTQqFIorFDIVCYYUj0aR7DcNQKByRyWyS1WqRxWxOOV+0WCyKRqMym82JAJV5JQBguCBABUY4wzB08qRH7W3eXieZvR0glWnf04GYwDIpBgAA6B+9HRxls9nS3huLxTqX7be2J1V/ms0mWa1Wzbv6ShVdMUH548YqK8uu+AwufkiU1WFRLBZTjsMufyCksx2BHs8IBsOKxWJyjslJuZzfZrMpEokkxtv1d6IKFQAw1AhQgREsGo3KfbxBgUCw35fsp+ovVRUrAAAAhpeuAWQsFpPFknr/0bi/7q1V46nTPa5Pm1ykmdNKNH1qsay99BHftzQ3J1t2u01nO/wKhSJJbaLRc4dLWcwyp9giKl6FGp+LEpoCAIYLAlRgBDIMQ22tXnlONysaiaasIs1UTQoAAIDLT/d9T/uy92lLm1cHDh7tcb14UoHmXjVbVxS6LnhOabNaNCY3Wx2moILB8wdRxWKG/IGQ7Har7LaeY7JYLIpEIorFYolnspwfADAcEKACI4hhGGpr88rT1KxIJNK3oDTeRqnD1Uz3puqbA6QAAACGl67L7lMt5U9XgWoYhva/eSjp/rgPzr9aLpfzoudxNqtVWfaYQqFIj/GFw5GUAarValUgEEiMu3sVKhWpAIChQoAKjBDe9jM6edKjcDjc78Hmxe5/mimEZXILAAAweFLtHZopPJWk+kaPWtu9CoXCSdcXVlylwoL8Sx5TdpZNsVhMHb5g0pj8gZCy7LaUe6FaLJZE5WzXEFVd6xEpAAABYklEQVRifgkAGDoEqMAwFgyG5PWeUVubV8EU+5x2Dz17VJhexDL+vux/muleAAAADJ7u1aNdl/AbhpHYm7S7WCymcCSilrYzSdcLxo/TlbOmyjCkS53amUwm2W02+U0hRbtWocYMRWMxWdUzQDWbzYpGo4ll/FSdAgCGAwJUYBgxDEMdHT5528/I6z2rcLizGqD7kvsLrT5NtXy/t6X/F/tdXzERBgAA6F9dl+3HQ9R0AaphSMeONyoYDCVdnzq5qF/C0ziLxaysLJt8/uD5Z0sKhSKyWa0ym3vOa7uGp10rUeO/I/NIAMBgI0AFBlksFlMoFFY4HFY4HFEoFFI4HFE4HJbP51csGpOUenl8qmrT7p8v9PCoTPf0xzYBAAAAGFhdl+93/ZwpbOzw+dXanlx9mpOTrTG52crNye63sZnNJtltVvkDQcWHaBiGwpFoj/C0s705afxdfyfmogCAofL/Aa6l2N9voA1TAAAAAElFTkSuQmCC
<img src="data:image/png;base64,iVBORw0KGgoAAAANSUhEUgAABVAAAAJcCAYAAAAfG4+9AAAAAXNSR0IArs4c6QAAIABJREFUeJzsvXmcI2d95/9+qnS01Pf0dPfch8ceH2PjC5vDGDAxu8FJyO0EQ5ZkNyQ4wSEkYTfH/sKSbDbsmiRgNhiSkM0mhvxiAgESDMEQgo/4wHhsz/iYGY/tOXqmp+9Travq2T9KUuuokuqpKqklTX1fbn9HUulbT30+9dHnq6ceSUJKKQkjjDBaF5klWD6DXJ5ALk/A0plCPoV5+ruI7BJSghBUZE2rvC0ACQgEEukqAwghkFI2zlXPL99jTbYbsFOuV6c6Gm1enhVCZbi1eLvI0jvOdbPN873hrMqfN5w97V4ZZ1X+vOHc1jpRxNstj/5w7kKdNOTRG86q/HWkTtpJLx2pk9boxR/Oqvyp4azKnzLOnnj097p0PumkpmxT9dJBvqKik3bSiyf+OkQnbaCXjtXJhvmKN5zDCMMu9E+fZjW1xuz8EplsHoB4LMLI8AC9yQQinEANI4w2CjOHPPkQ8th9mMfug8VTOJmGwMpezE4TmodmpfnNlatQ9Fr7ws1/MxJkU1i/SWlSc1XGY5BNoT2PrWiubPTisRkMVCdlOLs+7TzjrMpfm+tEicfmvxlpvk6KucU6aSe9eODPO85u+fOPd/v4SvN14vp09RJudBKgXrpCJ6GvtKb/Cn3FO86uefT/utQRvtIsnXSwrzRFJ2Gct7H2x8eYODdj+9j28c3hBGoYYbR1zDyPeew+jGc/j5h+1tZcNOGt+dA0TckUW2HmNdEkU2xF09u1KyCUgPawe2WcVfkL8k1tm+hEEW+3PLai6e0onTTk0RvOqvx1pE7aSS8dqZPW6MUfzqr8qeGsyp8yzp54bMZkaXfqpKZsU/XSQb6iopN20osn/jpEJ22gl47VyYb5ijecwwjDLk7/7vdIZ7K2j/XEY+EEahhhdEZI5PNfwnjg92H2WIVpVE6KqpsduDXR5jdXLqFQHIhdkea/GWnLFRBe4Au4KbTnsRXNVa1e2mKlUBnOrk87zzir8tfmOlHisflvRpqvk2JusU7aSS8e+POOs1v+/OPdPr7SfJ24Pl29hBudBKiXrtBJ6Cut6b9CX/GOs2se/b8udYSvNEsnHewrTdFJGOdtvPRbj2Ka9ieMpgm0Fo8njDDC8BQCcemPEnnP42i33IXs2wKwbl6FbJoSZANTrMoApmnam2LVdhKHLG2ycMh22zu5mrTJ9UzRKVeXdRqHx3Hb4VGDd73mozqr8BfQeOvh4RXnuttX9IIBjrsBHl5xdsufH5wb4iAbdH9+9VJTrs114sSjEy+KOKued15xLgO8Ntu+d2qxThRwbrpe2sFXasoFq+96ODTbV/zgrMpfoDopZjc6CfC88+vfbaETJ19xiXPd7WzLBqvvjum/XOjbDo+u9RUVnTjx6PT65QHnjvKVZunEJc7t6Cu+dRJGGGXhNHlafCycQA0jjE4KLYJ21c8Rvf1ptJt+DxLDllkJUZGRAtPO3IRNLphkzSRq1XYAAocsbLJ0yHbbF+rUhLDJTk2J0/Z2ZZ3G4XHcdng44VyT7XhxakrseAlovPXw8Ipz3e3L6gY67gZ4eMXZLX9+cG6Ig3AC2h3ODXmsKdfmOnHi0YkXRZxVzzuvOJcBXptt6rZcJwo4N10v7eArNeWC1Xc9HJrtK35wVuUvUJ0UsxudBHje+fXvttCJk6+4xLnudrZlg9V3x/RfLvRth0fX+oqKTpx4dHr98oBzR/lKs3TiEud29BXfOgkjDIUIP8IfRhidHCuT5L/wTsyJx9GcTAwBonC73pX4sgzU1KnbDUgJwmVu2FWURaPNq680ugyV4ZayynCKb67c4F2HN9srulXP94azKn/ecPa0e2WcVfnzhrNb/jZEJ4p4u+XRH85dqJOGPHrDWZW/jtRJO+mlI3XSGr34w1mVPzWcVflTxtkTj/5el84nndSUbapeOshXVHTSTnrxxF+H6KQN9NIuOjG1CGzajdk7gugdwYzGIRJHJoYQmg6ZZTQzD2YOsbaMyKfQlqfByLbYV7zhfF6FNMHMI00DDAOMPBh5ZGbV+ncYpXjxvzxS9/FwAjWMMDo9jCzGP/4ixnN/jyiYiVNzYvuDUw6mCdXm2vzmylUoeq194ea/GQmyKazfbDapuSrjMcim0J7HVjRXVg7yzZN99o6z69POM86q/LW5TpR4bP6bkebrpJhbrJN20osH/rzj7JY//3i3j680XyeuT1cv4UYnAeqlK3QS+kpr+q/QV7zj7JpH/69LHeErzdJJIZvRJHL0AuTQdsxNe0CPKPMVWZmC1Vm05SlEfs0zzhuqk/Mp8hlkJoXMpCCb3ujRbHiEE6hhhHGehPnYXeT/5XcR0kQi7VekyuLkqLsm0vrPen4rzLwmmmSKrWh6u3YFhBLQHnavjLMqf0G+qa19/oboRBFvtzz6w7kLddKQR284q/LXkTppJ710pE5aoxd/OKvyp4azKn/KOHvisRmTpd2pk5qyTdVLB/mKik7aSS+e+OsQnbSBXjZCJ8T7MHZdi9x6AKlpavqow6O2OEFk5hgin26iXrzhHIZNGDnk8hwyvbLRI9mwCCdQwwjjPAp54jvkvvgfEGvzJRPDwdzcfqwfiibb/ObK3UG6HQB1Cjf/zUhbroDwAl/ATaE9j36aWDX+2m6lUBnOrk87zzir8tfmOlHisflvRpqvk2JusU7aSS8e+POOs1v+/OPdPr7SfJ24Pl29hBudBKiXrtBJ6Cut6b9CX/GOs2se/b8udYSvBKwTU48gd16LseMqhB5V58Wlr2izLxOZPQ5GrjN0cr5HPmNNpGZSGz2Slkc4gRpGGOdbLJ4k9/c/DecOV5iY5tB8aFrjJhIBrTDzmmiSKbai6e3aFRBKQHvYvTLOqvwF+aa29vkbohNFvN3y6A/nLtRJQx694azKX0fqpJ300pE6aY1e/OGsyp8azqr8KePsicdmTJZ2p05qyjZVLx3kKyo6aSe9eOKvQ3TSBnpplU7yoxdh7n09JPoceVnM5Dibj7Co95ATEbIiynx8BIHGUGaeqMwRlTmGjDW2RLIMx2POOslnicweR597OWC9eMM5jMYh08vIxekCV+dHhBOoYYRxHoY89Qi5z/4AwszXmCE2zYrjJGpFpvAdqs1rrtwdnNsBUKdw89+MtOUKCC/wBdwU2vPop4lV46/tVgqV4ez6tPOMsyp/ba4TJR6b/2ak+Top5hbrpJ304oE/7zi75c8/3u3jK83XievT1Uu40UmAeukKnYS+0pr+K/QV7zi75tH/61JH+EpAOsnteQ1yx1W233G6mM1zMtfDRGwzq9E+hLBKlg5NghBaoV7Z/aagN7fM9uwUOyNrDMWjtjjri6eJnD3U3joJoxQyl0EuTJ43PzYVTqCGEcZ5GubBvyR33/srfziq0GTg0HxA4yu7lmE2x8xrokmm2Iqmt2tXQCgB7WH3yjir8hfkm1pnnTSz6fWLt1se/eHchTppyKM3nFX560idtJNeOlInrdGLP5xV+VPDWZU/ZZw98diMydLu1ElN2abqpYN8RUUn7aQXT/x1iE7aQC/N1Al6lPxFb0GOXQhCVOC4ms1xyBxgIrGjYjxCVA5cSChNoIpCZQkgkAV8pJTsXn2JSyIpklG9ZsDa2hyRU08izLx7AJulkzAahjQNWDiHzK5t9FCaHuEEahhhnMdhfP0D5L/3F5WTqGXZ7mP9UOfKLpYnuVqJ6sH0XYVib2pfuPlvRtpyBYQX+AJuCu159NPEqvHXdiuFynB2fdp5xlmVvzbXiRKPzXsz0jqdFHOLddJOevHAn3ec3fLnH+/28ZXm68T16eol3OgkQL10hU5CX2lN/xX6inecXfPo/3WpI3zFh05kYoj8/ptgaHvhXgvfnGlyJB3jWN++ugdk4SUx8wYg0DSNSCQC0rofBFKIEt/FaaaLVl/k4niGmK5XDE/LLBE5/SRafq39dBKGTUjk8ixydXGjB9LUCCdQwwjjfA4zR+6eH8Q89W+IgntUNx2aTROCTfNS7UIVK1EDanprokmm2Iqmt2tXQCgB7WH3yjir8hfkm9rGOgmq6a2rE0W83fLoD+cu1ElDHr3hrMpfR+qknfTSkTppjV784azKnxrOqvwp4+yJx2ZMlnanTmrKNlUvHeQrKjppJ7144q9DdNIGemmGTtCj5C7/QUTV5OlSNs9BsZXF+AimqNy/dUNDSkk+n2N+fp6pqWlWlpfRBQwNDjI8PERfbz+JRAKha0ihlSAvj6HMLFcbEwz2RCsGLtLLRE8+5m4larN0EoZSmCtzsDK/0cNoWoQTqGGEcb5HaobsZ96IXDqFQICobVYcJ1Er7q9qHYSob9YeTN9VKPam9oWb/2akLVdAeIEv4KbQnkc/Tawaf223UqgMZ9ennWecVflrc50o8Rj8m5HW66SYW6yTdtKLB/684+yWP/94t4+vNF8nrk9XL+FGJwHqpSt0EvpKa/qv0Fe84+yaR/+vSx3hKx51Ylz8FowtlyIK9YuTpw/HLiKnx5GiuN/iCARISK9lOHv2LJOTk5w4eZKzk5OspVZJJnrYu3sXPfE4fb1Jdu3eyfjWbcR6EoX6orQfq7Qkms9yQ+YoQ/FIxTAjq+fQTz3ZXjoJwzEkErlwDtKrGz2UpkQ4gRpGGGEgTz5E7m9uqWg2qn84qmYSFUH5ZKudG4mi2QbU9NYOvMHmHk2xFU1v166AUALaw+6VcVblL8g3tbXPb0bT21Anini75dEfzl2ok4Y8esNZlb+O1Ek76aUjddIavfjDWZU/NZxV+VPG2ROPzZgs7U6d1JRtql46yFdUdNJOevHEX4fopA30ErROctuvggtvKKBl3X8qLXmy7xKgoBkESM26XRjE3Ows33vsCV55+RWWV1bJG3kMaSI1GBropz/Zg5nPEo9ojI+PMjw6xqbRMbZu3U40nkBi1UOYlH+P6jVLz7EjoVfgrM+8SGTmmEceveEcho+QJubsBOSzGz2SwCOcQA0jjDAAyN1zC+aJh6Cs2aieNK2/EtWhhRAOK1E9mL6rUOxN7Qs3/81IW66A8AJfwE2hPY9+mlg1/tpupVAZzq5PO884q/LX5jpR4jHYNyMbo5NibrFO2kkvHvjzjrNb/vzj3T6+0nyduD5dvYQbnQSol67QSegrrem/Ql/xjrNrHv2/LnWEryjqxBzegXH5D4Gmleos5gy+nbgcIar3KawfiJKSycmzPPCdBzh98jRGPk82l0cKyBsGWjRKLBrDzGYY7O9l6+YRIjqsZDJo0Sgjo6Nc8+rrGd602aorJGBWHOGbVg7XrESNnfkeYmmqPXQSRuMwcpizp8E0G2/bQdFoAlVr0TjCCCOMDY7IG38bWXCZYvNimpXNh1ne5BS2QxYyIKnNUsr1x8uzcMjV25XVqwlpk+uZolOuLus0Do/jrsll+DVs+qq3a9Q8VuWgxlsPD684192+ohcMcNwN8PCKs1v+/ODcEIdG73L96qWmXJvrxIlHJ14UcVY977ziXAZ4bbZ979RinSjg3HS9tIOv1JQLVt/1cGi2r/jBWZW/QHVSzG50EuB559e/20InTr7iEue629mWDVbfHdN/udC3HR5d6ysqOnHi0en1ywPOHeUrCuM19Qj5i96C1LRS3axp8nD8YoTQyv50hNDQhEATMHn2DA/867eZmpqkpyeGYeTpScQYGRmmty9JTzxGai3DcipDai1HXmpkcyarKylmpqc59PQzPPzgQ0xPTUGBIyF0BDqCCEJEeCR5CVnDqBhvbvRSe/4a4OFbJ2F4Cz2KGNi80aNoeYQTqGGEcZ6E2PUG9AvfapmQKDQronYS1TKj9cdlyY1AOOTSPgqXMoUQWLuxydXb2dRZL2iTnZoSp+3tyjqNw+O4a3IVfnWvmFdv59RU2m0X4Hjr4eEV57rbl9UNdNwN8PCKs1v+/ODcEAfhBLQ7nBvyWFOuzXXixKMTL4o4q553XnEuA7w229RtuU4UcG66XtrBV2rKBavvejg021f84KzKX6A6KWY3OgnwvPPr322hEydfcYlz3e1sywar747pv1zo2w6PrvUVFZ048ej0+uUB547yFYXxmlsuh0RfBR7/JreQ03sQaFD4sx63BplJpzh86BlOvPwKe3fvZHlpmWgszuDgED09CTRNs1akZrPkDZOV1RST586RyeeIRqNEI1H6+vrIpNMcfvoZZqdn0ISGVpikFUIgEOT1BI+IrRXjJZYkv/lC5fPOt07C8B49fYhIbKNH0dIIJ1DDCOM8ishNH2b9Su16E2I7iVp8vJClVL8iuOFXdJ3KBnwlumNWQKjwV4aHV5zrbl9WN9BxN8Cj7VYKOY27zvaO4VcvNeXaXCdOPDrxoohzy1dAuOSv5TpRwLnpemkHX6kpF6y+6+HQbF/xg7Mqf4HqpJjd6CTA886vf7eFTpx8xSXOdbezLRusvjum/3Khbzs8utZXVHTixKPT65cHnDvKV1yOV+pRjB1XlvAFeCEtWOwZRaAhRMTKhUlUDUEmneall17k3NRZhgcHWF5cQABra1nOnJni5ZdPMjezyOrqmsVZBAyZwyCPFBJds9aYyrzBzLkpDj55kAcfeICpc1NYQ7MmaosrX5cSYxzNaBXjNob3YGoR9zwGoZMwPIdAQP+mjR5GSyOcQA0jjPMoxPgViP0/ULpiS1kzUjOJSu2V3cJPNGJ7xV9WXQGW7q+QNu2KrlPZgK9Ed8wKiDrjrYeHV5zrbl9WN9BxN8Cj7VYKOY27zvaO4VcvNeXaXCdOPDrxoohzy1dAuOSv5TpRwLnpemkHX6kpF6y+6+HQbF/xg7Mqf4HqpJjd6CTA886vf7eFTpx8xSXOdbezLRusvjum/3Khbzs8utZXVHTixKPT65cHnDvKV1yO19h6BVpPf6le1jR5KbkHTYDQQBcGujAQQmAKDTOf5qknHuPlI0dJLcwx0J/ENATZbJ6V1RUWV1ZZXMuSzpukMyapfBYZlfT2J8mZJmem5jh1doYzEzNMnznHubNnmZ6Z47sHn+HQ4WfJpjPW+DQBQlj/Fhov9+0jZ8r18etRzE173PMYhE7C8BUi3guxxEYPo2URTqCGEcZ5FvqBn7AmSyleQXeYRMX6TlSVFRBm4Uuk2+aKrlPZgK9Ed8wKiAb8ubqyq4Bz3e3L6gY67gZ4tN1KIadx19neMfzqpaZcm+vEiUcnXhRxVj3vvOJcBnhttqnbcp0o4Nx0vbSDr9SUC1bf9XBotq/4wVmVv0B1UsxudBLgeefXv9tCJ06+4hLnutvZlg1W3x3Tf7nQtx0eXesrKjpx4tHp9csDzh3lKy7Ga2oRzJ1XV+DwcjZCPpJEiIg1gyqs35WSGuiaYHFuhjMnXoJ8mtHBfmanJsnmcqyk86zmBVlNJw+sZXOks2m0vEY0bZJfXkTPpImbefqjGpv7Ioz3xdi1qY9tg71E8iaTE+dYW0tb7zmFQGiFj/ILQS6S4JV8rGL8+eHd7nkMQidh+A4xMLLRQ2hZRDZ6AGGEEUZrQ993M0LTMKWJZtNUmqZE08puS1nYjkKTgnWbwm0oXAGuvCIopUIu1KkJlSu6jZqV8rLCesA2S4Vc2EFNVlkB4dQU2jWXtnXVca7Jok72gbMtfzY8+sFZlT/vOLvN3nF2mx3Dr15qyrW5Tpx4tKvrAWclHv3oRJG/lutECecm66UdfEVFJ0HopaxO832l+TpxrRcVndjw2Apf8e/fbaATJ19xiXPX+YoSfwHoxY6/Mh671ldUcHbNo3ecO8pXXOiDoe2IWKK0g5xpcjx5AUIUBqcJay8ShNBAmvREBJuH+sgbJpHIEKunpliYXWE5Y1oMZbPEhEFPRCMpBAPxOFtGBti7Z4yx8WGSvQliyTjDff1EhSTZ288Tz7zAP37zYWanTrG4NM/AyBAUsC8/917u38eeteeJ6ZqFsx7D7B9DX55y9XrnWydh+A4RiSP1KBi5jR5K0yOcQA0jjPMt4oOw7VrExBM1k6UVk6hlTY5Z1uxQvC3Wb1tXAAu5GKLq/tLjNrnkblWhaopOubqslFg9hkLGJuOQVZv16mzXVGL/fC841+R6dYTwjLNb/vzhrMqfN5zd8ucH54b8lbpEf3i71okvnFugEyce/erEI49ecVblr+U6UcC5rfTSLF+pKReQTpx4rHh+c33FD86B+4pT+NVJoHrx599toRMnX/Grk071FQX+AvEVFZ10k680Sycece42XzFG9lbUOZWBfE8PuijcK3TrESFBWt+CqmMS1WBxKUU6J5ibX8IQafrjGgMxjYGoYHwgxp6to+zcuYNdu7exddsOBoc3E+9JkOhNEknE0KICzciRyeQZHB3l3Owc33r8OWZn59mxZw9CWJOkGsI6x4F8JMFEPsIezSjhbPZtQVs+54pH3zoJI5iIJyG1uNGjaHqEE6hhhHEeRuTiHyI78V00UbvitJhNWX2/ZXaWN1mG53RFEABJ6XkbdkW33ETLywrrAa9Xdt1cmW/LFRBl/FVkUSf7wNmWPxse/eCsyp93nN1m7zi7zY7hVy815dpcJ0482tX1gLPqii/POlHkr+U6UcK5yXppB19R0UkQeimrE65AdeDPhsdW+Ip//24DnTj5ikucu85XlPgLQC92/JXx2LW+ooKzax6949xRvuJCHwztqKgzGRku1NAK92sIIZHoaAgEBlLmGRrsR9NjnJiYJqJr9MYjvOrAfvaNDzESybBtIMroYD8jW0dJjg6h9w4Q6+lHRHsRWhQTjbxpogNCg/HxzVx37eU8/twrrK6uYBoG0UgEIbBWv2rWD0hJKZmMjbBXTJdwNpPDrl/vfOskjEBC9PQiz4MJ1PA7UMMI4zwM/eIfsMypYLbl331KWXNT8V2pgGQ9S1l2W9pk4ZDttndyNWmT65miU64u6zQOj+OuyXIdt4ZX1Ku3c2oq7bYLcLz18PCKc93ty+oGOu4GeHjF2S1/fnBuiIPtu9wGeKvopaZcm+vEiUcnXhRxVj3vvOJcBnhttqnbcp0o4Nx0vbSDr9SUC1bf9XBotq/4wVmVv0B1UsxudBLgeefXv9tCJ06+4hLnutvZlg1W3x3Tf7nQtx0eXesrKjpx4tHp9csDzh3lK43G27sJMzFQqpM1DWaSWxBi/XtHhRBoQrMmMgVIwyCbShOLROjrTSKQXLb/Aq66eC/XX7mf6664kAu3jTA+lKAvoRHRDMiBZkbRtAhSSAyZw5R5NAOEIdClJKkbbB3uY3R4gFQqhWGahX2LirEIIZjr3U7WMErjltEkZrzPFR6+dRJGMBHrAU3f6FE0PcIJ1DDCOA9DjOyHkYusyVPpMIlK5ZXfwjML/y/cloXbojZLs3gllMpst32xXs1AbbJTU+K0vV1Zp3HYjdfFuGuyypXz6u2cmkq77QIcbz08vOJcd/uyuoGOuwEeXnF2y58fnBviIJyAdodzQx5ryrW5Tpx4dOJFEWfV884rzmWA12abui3XiQLOTdeLh/POK86B6MRp3PW2r4NDs33FD86q/AWqk2J2o5MAzzu//t0WOnHyFZc4193Otmyw+u6Y/suFvu3w6FpfUdGJE49Or18ecO4oX2kw3vzmC9GEVqozmQUhtMItHU3TEUIgNIkQOgIdTDDyBpomSPQlGds6zvZt44z0JTBTK2iAFotjRhKsyTjLaZ1MGvJpE5mT6GYOyCGNHFreQDNBINFkjmREsmkgSURYPFtcgxDWeMv/5o1KnGVysys8fOskjEBCICCW2OhhND3Cj/CHEcZ5Gvr268lNH0XT1n8oquLj/FReKaYsU3Z7/Uq8y4xNrnC7sqh3BVcA8na0X/8IoqfqeekTyGc+gHn/twAQ7zqB1vtVjE//EmA9h4nbMf72cwhBoRkr5l2I/3QIkflNjL+5e/1+bDIOud6Kh+qMPd6OV+arnu8F55rcgLcK3KmTlfmzcgX+yji7zKV63nB2y58fnBvyJx10ooi3W/784dwCnTjx6FcnHnn0irMqfy3XiQLObaUXz76ixl9gOnHiseL5zfUVPzgH7itO4VcngerFn3+3hU6cfMWvTjrVVxT4C8RXVHTSTb7SLJ14xLmrfCWeLPx2hVVnScSB8tWnGpqwfhAYIZAIDDQyuSyZXA4pNYQGk6fPsGfzMNFIDOL9TJybZvrMBLm8JN7Tw9axQXZsWWHr1hS9/THQY6zmYDWVJS81YnHoERmypoEQklhERy9M3srCgVdfwJkVScZIl3A29Qha4Tia2n+FEViIWA8yvbLRw2hqhBOoYYRxvkbfGEKsT5raTaKW/5AUQOmqYXmWlglLKJhiIZeZWPG2Yy7Uqwlhk6tNEpDPDGL+Y/H+XYi3fhZx/d1o5/ZjPmN/+GL37WhDf4tclAUDL+TrPonYApwoGHuhWbPNhYHU5EJzUPfKeaOm0K65tK3rAt8qnGuyHX82PLpqChvxZ8OjH5xrcr06vnB2m73j7DY7hhu9KPDnB+eW6MSJR7u6HnBW4tGPThT5a7lOlHBusl488LehOglCL2V1mu8rzdeJa72o6MSGx1b4in//bgOdOPmKS5y7zleU+AtAL3b8lfHYtb6igrNrHr3j3FG+0gjn5HAFf4t6r/WReQRCE2gITFE4FiExNUFOwGJ6lTPnpjDROHN2CpnL0de/gy3btzG7mubBg8+zOLdINmuyvLJGXzLChdtHuP7ynVy2bxsYUV46NcPTL59kZjXN9m1b2L9zC1JIUukMoz096IVxIKD8KwWklJimyXJ0EGR6HefkphIe9fiLffBhImOVGMqpb5L7zIfIzznj7By3Ev+99yMO30D63tpHtbf/EbFXX42WiFv7WjuL+cTdZL/yLefdvOETJH54BOODt5Et//etnyN53SaML38/mYdUxtimcR58hD+cQA0jjPM0tL7xmuajYhK1eJuy5qTg9mZZs0PhcYR9FlrV/djkUhdRFW6bjop8Enn/nyAu+z+wC3CYQCXyKsSu5ZJZAAAgAElEQVTb3oH8/z/H+hXcG9CuuQ7yaatc6X5p7a4645BVm/XqbNdUYv98J9zr4RyuQFXH2S1/fnBuyF/p3ZQ/vN3y1/YrhZx49KsTjzx6xVmVv5brRAHnttKLH1/ZCJ048Vjx/Ob6ih+cwxWoXeYrfnXSqb6iwF8gvqKik27ylWbpxCPO3eQrCK2CP03TCn86AmvCUpQNpvg+bTW1xuzCEroWJRGNcMlll3Llqw4wMNDPo9/4FucmzzG2dQc9yQGef+EIr0wvsbCQgvwaO7dvwUit8sKho5w4e5aerVsZ79/MaP8IE3PnMCX0DwwQiURKXAtBBafWnzWsSv5oyCOAPP5x1j51r4Xz1ncRf+/tRH/0UfKf+VpjnSiEeNunid+4G/ndO1m792tItqC94XZilx8AvqVe8N7bSNlM0jYj9Hd/hfjlI3W2mCV/z9vJPu1jJ+EEahhhhNG10TteMh/b5gQrFydVpSxbaVpoHtavxBZuFx8vbC8KzV9Tr+jaPj5ovbrZ9DjFkMe/Cft+CTH4OVi0niiu/y3E0CGY2F86Hgp42ObCDjtmBQTr/FVkUSerNoWN+LPh0Q/ONbleHV84u83ecXabHcONXhT4a/uVQk482tX1gLPqii/POlHkr+U6UcK5yXrxwN+G6iQIvZTVab6vNF8nrvWiohMbHlvhK/79uw104uQrLnHuOl9R4i8AvdjxV8Zj1/qKCs6uefSOc0f5SiOcY30V/K1FekGAEAWexfpkpQAiaMQ1nb54EmmC1GBkZBNXX/UqLti7i8f/7RGef/oQi4spllI5hjdv5rLLL+Hppw6Tml9gfjVPfHCU/tEexl+Z48jcAsuGydpaGvIG/f29jG8ZZ3jTMHokgtQECLNwTFRwuBbth8y5Es4ymizhUVcn5TxI4Ow9GGfehb7pGtg1Quyn3oU+1m/Rs3aM3Gd/ltwRa+WqvlyYeKX8th3JAFcTvepyOPE3pO/9WuG+ScyHPkS6sHpUvPbDxG+5GS0BsIz5wl+S+cy9zjKtXo16eRZjbgv69n7r+Y98iPQXHwNeQ/R9v0N09wiQwXzhWbjkIuSXv5/M9K8Q/7EfQd8UBzLIifvIfOyjmFW7Mo+fQF4+UjpNa2LpBOZJpwddxnkwgRr+iFQYYZynUVyBSsG4QFTelmVNTsGdzEKWWNcCS1cGpURKSttZdQr3Iytulx4vz062Im2yXdNRka9A/PAvQc8JZL0raCsfQE5ehPih2wvjeAPimlfDkf+GSe1x1Bt3TS7DreEV9ertnJpKu+3Kx1edFcfrmBviXZaro972ZXUDHXcDPLzi7JY/Pzg3xMH2XW4DvOs16w3484NzRW6WTpx4dOJFEWfV884rzmWA12abui3XiQLOTdeLh/POK86B6MRp3PW2r4NDs33FD86q/AWqk2J2o5MAzzu//t0WOnHyFZc4193Otmyw+u6Y/suFvu3w6FpfUdGJE49Or18ecO4oX2kwXhnvrRhvKjZk7VxIhEbpDyEKH+03iUmTXqLEtRhrK2tEo1HGtoySzmaYPjfFltFxNo+OMTo+zgX79vATP/aD/OTbbuTK/bsw0llWVlIMbh1hYMc4sZHNTM7N0TM6xIunT0IsztjWbSQSvQisqWFNgkZxIlegadaUVLpnqPL4owlXeFTwIEDsfS/6tn7k3JNw8lnMRz5O+oM3kPrgu8ktX0TkplvtgW8Yt6BtAjnlNMN6K7FbbkacuZu1D97A2j2PwSXvJf72Le53kdiFOHknax/8cbLHs2hXvYsIoL3zg0R3Z8nf8+OkPvgL5KMXlSbyIjfdgh55zDrGP7kTYzprW1o+dAfpLz9pf9qtPUn2f99Bft79UG1D6/7pxXAFKpYol3IplrIplnMpsmYOgIgWYXtyhOFY/waPMIwwgg/RNwZOTUn1FWIhQBaviJZdCSzmRld0NYcruUFc0QXElYvoV64/TaaPwr+8E3mqHgInkd/+FuIn/yPa7k8ht/83RN8TyE89hPiZ9auiyDpXegsD6ZgVENW81eOvjEfHJrDBFXRb/mx49INzTa5XxxfObrN3nN1mx3CjFwX+/ODcEp048WhX1wPOSjz60Ykify3XiRLOTdaLB/42VCdB6KWsTvN9pfk6ca0XFZ3Y8NgKX/Hv322gEydfcYlz1/mKEn8B6MWOvzIeu9ZXVHB2zaN3nDvKVxrpgzI+EVY1IdaxBPTiMQlJBIP56TOcPPwMB3Zs5+jJU6RWU0g9Qk8iymUX7eKyXVuYnpklZ0i2bt9Cz+JpXnvhNnJTZzl2fJmpM2fZv38/17/uerbvv5B0zmR0eIjeGEzOzhKZWEKPRpARAcL6HlZRBEpQ4rD8+GUJh8avdwBi3/tJ3vn+QoWM9R2o//A1GP4RtNe9l+gt/xURLe7hIjsW/cdrb0RLzGI+co9F69Mfwvx3D6Pv+hGYc1lj7VnyX7S+SzU/t0Js3wgaoG3bChN/R/bpSQDyTx0jus86DuPMJHLf1cTe+4cYR75E7rN3Ob4syIfuILPtc8Sv2106XcmdIP/ZACZPz5M4rydQJ1IzPDR1mAfPHeLI0ikWsiss59ZKE6hxLcY9N/4m146EE6hhdF+Iqu9ALf5gVOkHpKi8v+TyUoCwbpe+C9XqLhyzaZoITSvVqcmlLqIqXDYd8ulBzH9Sx0Ae/03kue8i3vghGLwCnr0OKawdC4qGXsjYZByyarNene2aSuyf74h7HZxrcgP+apo8p+yFP+EXZ5e5VM8bzm7584NzQ/5KOvSHt1v+/OHcAp048ehXJx559IqzKn8t14kCzm2lFz++shE6ceKx4vnN9RU/OAfuK07hVyeB6sWff7eFTpx8xa9OOtVXFPgLxFdUdNJNvtIsnXjEuat8JbOK7Okv8ZXILpFLbsKaRMVagVo6BA1kjp5ohAt27qR/ZJDldIqZ1AoTp04xtH8fW8ZGMJcWuHDXZUQjUQwzj8wbTE/Nkl1LITHJZdYwc1mSA0n2bd9CKp0nlogTiwlmFpfoicWJx+Jomo6JRGogZQFRWQRC0pOeLx0/CMilKm476gQqvwO1HNdbbyUytkL+795H9okXif7qw0Sj2MTVLmbG7sOcuwV9268gcJ6kbHXIr/ws6cO3ErnxRvQ3/CHRm54l+7t3kHfY3rz318ht+iti+6yvCTDu+zWyRwIajFn9xQHdF92/xtYhXlo5y0/+6+/x/sf/lL8/8QCH5l/m1Oo0I/EBpClJ5TNctWkfV226cKOHGkYYzYn4YEWTYBaaEtMsZAq5cD9A+ZXAYpZQerzYVIhC02ebscl2zch6ucpc3Yw4bVeeHUKIU8h/+QJs/wBa5CHk109Z47Q7jjrjrsmi0AyWZ6cmsHo7p6bSbjuPONuN1zGr4F0DcJ1cVjfQcTfAwyvObvnzg3NDHIQT0O5wbshjTTnvOFfkZunEiUcnXhRxVj3vvOJcBnhttqnbcp0o4Nx0vbTKV4LSidO4621fB4dm+4ofnFX5C1QnxexGJwGed379uy104uQrLnGuu51t2WD13TH9lwt92+HRtb6iohMnHp1evzzg3FG+0mC8IrNcMd5eI2XdX/oDKcDUQKCBiBBJ9NHTN8Thpw/z7MGnuGzvPsYGB9ELg15ZWWFtaYkYeeI6CKyFNkuLi4xv2cqeC/agiTxmPkssGmVo0zDJZAIME2GabN+yhYHePjRAaAJTCMzCLJQQkuIEaiK/UnH8Wm7NFR4VPFTjnC58nH35Rbj4d9DH1jeXORDDV1vjuvJWtE32fKzHQXJPHYbttxC/9W2F3WxBe8OH6XnvryAefRBzbQTtde9CAOLKD6ONZZAnv9SocMPInzkL299I7MotwIVEXn1R6TC1t/0GkU1Pkvu/d5C+9zFkYnfFJzNrY5L8pz5E7oXDGA9+iMxDk77HVwrDadq2e+K8XIF6ZPEU73v8f/PSylnA+mGcG8Yu58Dgbr559iBrZpZN8X5+64p3oIvzdo45jPMgypsRTVv/wSjTLGS5vhIV1lecmmXNC8XHq5obajIFkwv4ii4ucr3jP/lLmA+ASH+kcFwOV36xyTjkdl0BgUNWWQGhgrMb/oRfnF3mUj1vOLvlzw/ODfmTDjpRxNstf22/UsiJR7868cijV5xV+Wu5ThRwbiu9+PGVjdCJE48Vz2+ur/jBOXBfcQq/OglUL/78uy104uQrfnXSqb6iwF8gvqKik27ylWbpxCPO3eQrSLOCP01bH68mrA/PS2HNfwhNINCI9w3QMzzMyvIimdUVNvf3s2PzGJn0KouLS0zPzSPzWXqigp5kklg8ikgOML2S5cDFe1nJSBYXVkmaEbRogmgkj2ma5HIZkj0xxscGMOIxskJgCgsLYZoIIS1MhURoEk2TpeNfx5uGPNryULz9lbvJXfBhoj//MJHcCYypZSisQM197T70d99Cz50Pw9oxzCV7Piq4+dovkon+EbFXf5DEdf/Vum/tLOYTdwPfInvfAeK33E7iztuxfkTqU2S+MglvaFy7XpifvZPc6IeJvusLRN6VwXzhGCa7IQ+i/xoiN/4o0Z8CyGAev5dcvd8BAeAxcp95zN+g7EIawddsszgvJ1D/6vg3ODT/EgDXjuznF/b/AN86e5DPvPg1cqZF+rsuuJkrhvdu5DDDCKMFYZlPadJUK2tOqGxSrK1rs4TC9oUsKXzsf/12KTt9F2qhjs3wanN1M9Lo8TrNpXUFU8Ijv1w6XsqPt3jbKRd2UJPL8UOhGSxvCu2aS9u6Nng65SJf1VnUyapNYSP+bHjyg3NNrlfHF85us3ec3WbnE7o+zqr8+cG5JTpx4tGurgeclXj0oxNF/lquEyWcm6wXD/xtqE6C0EtZneb7SvN14lovKjqx4bEVvuLfv9tAJ06+4hLnrvMVJf4C0Isdf2U8dq2vqODsmkfvOHeUrzTSx9oCYnhnib+B3DLFr7YUwtqnjkCXAomGIUAkehgYH2VoZBM78zlePnKU/RdeQHIwSSqbY255jSiSwb4k8UQvPYk+Hj78OC9MLfHStx/jqUMJrj9wIQcu2c/+y5OIiA4CTCNPJKIR0xOsSA00rbCqtTAWJAKJECYgGcgtlY5fAlpmpeK2E3/Zj95QB9/HyH38+8nZEXfkD0j/9h/YMUrmd++1vR/A/Mqvk/6Kw4OPfoj0ox+qvf+hO1h7qMG/772NVPluy28Pb0U+/SHWPvYYki3o7/zfxHOT5B4F49HbWHMebmvDCCdQuy5S+QyHF16mR49x2963cOueN/H3Jx7ky6ceLk2e7u4d58d2vQFRehUMI4zujGLTUVx56tjcyPUmpuRK5d+FWvY8GmVscqlu9QBp0HTcjfnHd683Hw5Z3rOb9ZfzuzE+ejdWryFts/k3uwq3Wb8fm4xDVm3Wq7NdU4n9873gHPhKIafm3WXzaL9SwS3OLnOpnjec3fLnB+eG/JXeTfnD2y1/bb9SyIlHvzrxyKNXnFX5a7lOFHBuK7149hU1/gLTiROPFc9vrq/4wTlwX3EKvzoJVC/+/LstdOLkK3510qm+osBfIL6iopNu8pVm6cQjzt3kK6RXKvjrl+myygJrfkMghLUnIQSmptEzvIl9B67gkksu4/TJV5g4dZLLNl9GJBIjk5MsLKcYWFoi2d9H1DQ4cuxFVlZXiBsSMdZPPNlPb2+fNTGby2HKHEYuQ86Q5HW9wHBh71KC0AqHX/zUo8lwPgV6Gc5Zl9+B6lcnnRBju9Bf+16it1jfb0vuLMajd5Pb6HFVhcylG2/U4XHeTaDOZ5fZlhjhPRfdwlWbLuQ3nvg0/zb1LPnCcuPxnmHuuv6XuXhw5waPNIwwWhAF86lYeSrLflCqIhdWlgJ2V3YpZMujLDOrWeEgWN+u/HGEvbcJm6zSpJSbaMVhWw94urJbngs76JgVENW8lfHnmH3gbMufDY9+cFblzzvObrN3nN1mx/Crl5pyba4TJx7t6nrAWXXFl2edKPLXcp0o4dxkvXjgb0N1EoReyuqEK1Ad+LPhsRW+4t+/20AnTr7iEueu8xUl/gLQix1/ZTx2ra+o4OyaR+84d5SvNMBZnzmOufe1pTqjmoFAsz7KL2ThT2ASASERFD7On0yy7cABWF7izPQkx15+kUuuvpREoodoNMbS6iJT03MkElF64lEu3TlOXzzJ1h07ufpVB7hg51Z6e6JIw8DIZTGMFLlMmqyZwNAjIPSyH98pfQEqSElxgnRAFFmzcNZTc6XjaKpOOiGO3EXmD+/a6FHUDYmEzNpGD6Ppcd59wWdCj/PrB36St+98PXc9/w88cO6Z0uRpMhLnt191G68ZvbTwwhVGGN0dxabDNC0zLV5hNQvNjWkWcqG7llTm0v3SukeW3UY45OrtyurVDtAm1zNFp2xz3I7Zw7hrcrE5LM/1mvXqbNdU2m0X4Hjr4eEV57rbl9UNdNwN8PCKs1v+/ODcEAfbd7kN8FbRS025NteJE49OvCjirHreecW5DPDabFO35TpRwLnpemkHX6kpF6y+6+HQbF/xg7Mqf4HqpJjd6CTA886vf7eFTpx8xSXOdbezLRusvjum/3Khbzs8utZXVHTixKPT65cHnDvKVxrhnJqHtcVSnZiusWn1TNkOJaIwiYqwkiY0pK4TGxohPjJG/9g2hjaPo2kR9IhOPBknY0im55eZmDjH8tIiu7aNcunebYz1RUnPTXHy2BFePnqUmZkZ8qaBaeQxTEFORDCFbn3/qrAmPa0JYWuiFKzbm1YmiBa+r1UiEbkUZJZc4eFbJ2EEE9k0SHOjR9H0OO9WoG6K9zMc7+Pbk0/z1PxL3LLjtVzQv40bRi/l6k0XMhTr2+ghhhFGC8P+4/t234Vqea4oXF0VhWcXss0VQeT6lcHyXNq+/H6adEXX4Yqj7RXd0nEq5MIOOmYFRAHnlq2AsOPPhkc/OKvy5x1nt9k7zm6zY/jVS025NteJE492dT3grMSjH50o8tdynSjh3GS9eOBvQ3UShF7K6jTfV5qvE9d6UdGJDY+t8BX//t0GOnHyFZc4d52vKPEXgF7s+CvjsWt9RQVn1zx6x7mjfMWFPrTFCWRisFRnLDvDEjvW64vC5KVY36eJTl4T6IkBNu3eh7EwTSzeQzSmE0vGkLEoSysZInOrjM+v0BOLIIwUQ8k+BpMxenuTxJJJ9HgMKSR5JFkiZIkDeuEYykJa3BZj89rU+m9lINBS865f73zrJIxAQqZXN3oILYnun0DNriLzWURiEIS14FZIkzdrcW4UQ8gTz2Ia30MMPYU2ehHy0lsQA9s2eNBhhNGaqJkslWU/KNWoySnPVndRk7G5v7gfKMsld6seIGqm6JRtjtsankLGJuOQVZv16lwH5+rn2+Feg28VzjW5Xh0hPOPslj9/OKvy5w1nt/z5wbkhf6Uu0R/ernXiC+cW6MSJR7868cijV5xV+Wu5ThRwbiu9NMtXasoFpBMnHiue31xf8YNz4L7iFH51Eqhe/Pl3W+jEyVf86qRTfUWBv0B8RUUn3eQrzdKJR5y7zVfE9HHklstKdbZoaV7JpzFjCayJTAFCUpzUlICQEomOoUUYGNvCqsyhRyPomkksHsHUIixnJcmeCKsZg5HREcBk65ZxtEicaKKX0W07ET1xMvlVDMMka0YxIj1I9AJqonS+URwHEj2fZkxmkJISztrKpGsefeskjGAik9roEbQkunQCVWKefhLjxX/FPPU9yKcRg9vR9t6Atv1qtM37IDGM2HoAKQRMHsY8+k2MZ/8J47n70C/7AfTLfhDRP77RBxJGGE0NIQqTpYVJVE0rW5GKzXegluxPILFuS7n+3agUjLh0pbZ4JVGU5+L+yu4v1KsdoE1WaVLKTbTquEHaZ6mQCzvomBUQBZxbtgLCjj8bHv3grMqfd5zdZu84u82O4VcvNeXaXCdOPNrV9YCz6oovzzpR5K/lOlHCucl68cDfhuokCL2U1Wm+rzRfJ671oqITGx5b4Sv+/bsNdOLkKy5x7jpfUeIvAL3Y8VfGY9f6igrOrnn0jnNH+YoLfWhLZzFzaUQ0AUhims6uxWO8Mvqqwk7LB4D1m8BSEAFMAbFEAm14AFMaRHVBLBoBTWPNkEwvrzIwN0c8EWd0+xb6BwfRE32IeD8iEcdAksubpLI5ciJBXo8jhYaOdDxZd80fIaoJCsNHmHm05SnXr3e+dRKG75D5LBjt9pNWzYnum0A18+Qf+wz5h+9GZpYh0oNIDCKXJzGOfQvRM4B+1a1Erv5p9ANvRz/wdshnMKePYb70APkn/prctz6C8dxXid70QbQ9ryuVllIyNzeHaRhsGhnBNE1eOn6cbDbLFa96VWm7pcVFTk9MsLK8QjKZYGxsnNGx0cKL33osLiyQy+VI9vaSSCSYnJzk7JkzGIbJlq1b2LFjR81zAHK5HGcmJphfWCCfyxONRYnFYkR0HSklmzZtYvPo6DokpsnExATzc3Ok0xkSiR527trF0NDQ+rEheWl5EpBsS46Q0OMV+8wYOc6szZI3Dfb0jXNmbZZ0PossvBoZ0iSmRdmWHKE30gPAdHqRl1bOctXwPuJ61JGyg3MvMtozyI7kqOM2YTQnyj++X1p5qpXdlrIwSWq5j0RifYy/7Hbx8apmBqeMTS4z8YpQNUWnXF1WyoJJK2RsMg5ZtVmvznZNJfbP94Jz4CuFnJoSl/z5w1mVP284u+XPD84N+St1if7wdq0TXzi3QCdOPPrViUceveKsyl/LdaKAc1vppVm+UlMuIJ048Vjx/Ob6ih+cA/cVp/Crk0D14s+/20InTr7iVyed6isK/AXiKyo66SZfaZZOPOLcbb5CPos4+STmvteXeNsmVzmdz2DGkmXHIEpJINGkBKFhCp3EwCBGTCdv5OnRdBLxGFJonJ1bJJ0zSESibB7dR6Kvl0iyFz0eR9Oy5DNZVtI5FjMxRP8QmohgCgCzcp9Yp7iez7A1vwyaVsJZm3ulhENL+q8wfIdcmtnoIbQsumwCVWI8/zVyD9xlrTpNDBG57mcRWw5YIps6gnHiUfKP/x/k7EvEfvTjIHSIxNG2Xo629XLE0A6y9/0O5pmnyX71t4jf9teI4V0A5PN5Pn33pzh18gT//Q//kINPPsn/+sj/pKenhy//0z8ihODkyZN85s/+nEPPPMPy8jJr6TRXXnklv/7B3+CCffsqRvv5z3+eg997kp95939A0zT+7FOf5qmDB8kbeS699DLe8wu/wJtuejO6rpeek8vl+OIXvsCX/uFLbNu2lUQiydEjR1hYXOSSSy4hlUrxtre9jR/7iR+nOPl6/ze+wV//1f9F0zTGx8eZmZlhbHyM//TzP8/Fl1xiHZtpcsfjn0BKyZ2v/kUuH9pTMdbTqRn+8/f+jPnsMn/7xt/hzsP38vT8cfYP7GB37zjPzL/EYm6Vm7ZcxS9f8sMMRnt5eOowf/Tc5/nz1/0alwzusmVsObfGex/5GLdf8nZ+dt+/C+xMCMNdlDcjNZOpsuzj/VVGW++K4HpdHFag2uRCndoB2mSVJqXcRKuOG6R9lgq5sIOOWQFRzZsNfzXZB862/Nnw6AdnVf684+w2e8fZbXYMv3qpKdfmOnHi0a6uB5xVV3x51okify3XiRLOTdaLB/42VCdB6KWsTrgC1YE/Gx5b4Sv+/bsNdOLkKy5x7jpfUeIvAL3Y8VfGY9f6igrOrnn0jnNH+YpLnehnDyF3XgWxJAJBTNPYuXCME6PXgNQKOxel2lb94t4FET2GzOWYmZnn5VdOk84ItEiCnJbh3EqeQ8fOYOhRLliD4c1pkn29aLrGasZkKqXRM7QDQ+9FINAwQUiQZfuyTjx2zL1AVNdKOGPkiMydKOHQkv4rDF8hM6uQXdvoYbQsumoC1TzxGNn7fseaPB3eTeyW/4625/XrG1x4E5HX/yLmicfJPXgX+Sf/lsi176qooR94O/GxS8j+3XuQC6fIfvnXiP/s5wGBpmk8/9xzfO+JJ/j8393Lv3zrm1xzzTWkM2mEEEycPs3H//hP+Kl3vIMP/d6H0TSNhx96iD/873/AB97/q9z5Rx9l/8UXl/Y1cfo037z/fnp6etAjOne8//1s3jzCkReO8Jv/5b/w/jvu4GOfuIvvu/lmAKSU/Nff/h0efvghPvGnf8rVV18NwNLSEr/83ttZWFjgU3/2aZLJJABrqTU+99nP8kd33sknPvmnvPFNbyIajSKl5Pc//GF++idv5c4//iNufutbiWo6RxdPY2KSN/O12EqTo0unmE4vEteiLOZWObY0wS9d/Hbesfct5EyDPz/2VX7/6Xt4buEE99z4W5xLz3NydYr/e/x+/uDq/4gmRE3dTx35CidWz3Fqdcov/WF4iOqP71dMplLW5MiyJgbrcSEEZvG2KQuTpZYZFlyw5v6WX9F1MEulK7rFjE3GIas269XZrqnE/vk45To4hytQ1XF2y58fnBvyV+oS/eHtWie+cG6BTpx49KsTjzx6xVmVv5brRAHnttJLs3ylplxAOnHiseL5zfUVPziHK1C7zFf86qRTfUWBv0B8RUUn3eQrzdKJR5y70leMHJw6iNxnzYUIYBerzKamSPVtoXiKUXpUFIZj/T8iJKSzrC2nefbYCSamlxDxftBjmEaeIytZzi4e4fipabZtH2V40xDJ/j6Sw6Mkx/eRl3GLVdMAbf1ALSytSK5MstNYqeBJn3sFzKwSj751EobnkEjk8txGD6OloW30AAILaZD/3j2QtX79K3rzb1dOnpZCoO1+DfGf+nPk/AnbUtrofiLX/xwgMCcOYp4+WHosErHmnI8eOcInPvlJPnLn/+Jjd90FQLK3l1//4G9w/WuuR9MsaG94wxv4qdvewbGjR/naV++r2E9vbx8A09PT/K+PfpQrr7qS7Tt28Jabv4+ff8/Pk81m+eY37i9t//zzz/Olf/gHrrnmGq666qrS/QMDA/z7t30/j4ZVg60AACAASURBVD36aMU+HnnkEe762Md480038X0330w0an2MXgjBL95+O5lMhr/6y78kk8kAoAut9FeDSdn9US1CsvAR/4gWKdync+PYFfRHEzw28zyGNJlIzZA18vzzme/ynXNP19Rczaf5zItftzBIL9pyEUZzo7wZMc11MypOlhZNq/zKK9hkYZOlQ67af3md2gHaZKemxGl7h+P2Mu6aXAcP11fOq7dzairttgtwvPXw8Ipz3e3L6gY67gZ4eMXZLX9+cG6Ig3AC2h3ODXmsKdfmOnHi0YkXRZxVzzuvOJcBXptt6rZcJwo4N10vHs47rzgHohOncdfbvg4OzfYVPzir8heoTorZjU4CPO/8+ndb6MTJV1ziXHc727LB6rtj+i8X+rbDo2t9RUUnTjw6vX55wLmjfEVhvJGzzyJWFyrwuGL5BfR8mtpZReu9nik0kBqxWIxcJsu56UWmF1LMr6SZnJlncmae5ZTBmpZkxYhzYnKBF46c4JWTZxDxAXpHdpIXMYxIDKmBFhEITUNUzS/o+TSXzx+pHHdujcjMi8rnnW+dhOE90iuQz270KFoaXTOBKhcmMCeeAkAMbkff98b6T4gmibzhfY4Pa3tfj0gOA2Ac/eb6/bqGYRj89G3vYHy88kemhoeH2bZ9e02tvXv2IqVkdna24v5YLAbAzW+9ueY5N9x4IwBnzpzBMAwATp86DcD4+HhNw7Nt+3aEEBw7dgywru7c/8//TDqd5vts6o+NjXHR/v288soJzp45Yx2b0Ep/1RHRNHShIxBoQpCIWBOoMW19EfN0eoG0keO1o5ehC42za3NENJ3p9AJ/dvSrmGVXnDJGjr8+fj950zq2mfQChjQJo7VRmjy1u7KOqLqyW7jKVMiUZ2mThUO2277GxIsDtMlOTYnT9g7HHeS47fCoWdng1MRXb+fUVNptF+B46+HhFee625fVDXTcDfDwirNb/vzg3BAH6QS0O5wb8lhTrs114sSjEy+KOKued15xLgO8NtvUbblOFHBuul7awVdqygWr73o4NNtX/OCsyl+gOilmNzoJ8Lzz699toRMnX3GJc93tbMsGq++O6b9c6NsOj671FRWdOPHo9PrlAeeO8hWF8WJk0Y8/iCx8ulQiiWqCK6Yesz0EKQQ5QzK7uEI8uYmFNZO5lQyZjMQwNExTYOQNUmtrLC8vsrg0TySqc/Gl+7nhDTewd+8FRKJRQCARIATl7+6FEKW/y6ceJ1KYciiONzL1fOXxuzzvfOskDG9h5JBLs42367LongnU5bPIlWkAtG2vAj3W8DmiZ9D5seQmSG4CwDxjrZ4UQpQmFy+86CJX48rn8zz//HNIKUurUosRiVqTj1u3bat53uhm6weVzMIEI0Bvby9gfQ9qdSwtLiKlLE3KplIpjhw5Uvr39554gkPPPMOzhw/z1MGneOzRR9E1jdWVFVZXrVW7utAwTJMjS6c5NP8yzy68Uvo7unianJmnOG9bnDgtrkp9au5F/uT5L7C3fwsfvurdAJxcneLK4QvY1TvGd849zbMLL5fGe2jhZT599B/56b03ATCXXSFznvxyW1uFKHzM3m7ylPUru0Xi7a4ISig8z/sV0qZd0XUqG/CV6I5ZAVFnvPXw8Ipz3e3L6gY67gZ4tN1KIadx19neMfzqpaZcm+vEiUcnXhRxbvkKCJf8tVwnCjg3XS/t4Cs15YLVdz0cmu0rfnBW5S9QnRSzG50EeN759e+20ImTr7jEue52tmWD1XfH9F8u9G2HR9f6iopOnHh0ev3ygHNH+YrieLX5k2gvPQoFnAH6dMFFk4/UHoIQrKymOPbSCbSeAVJmDytZQcaQmLLwHtHMo5s5YjLL1pE+brzhOt5442vZMr6ZaESgC6uWkCbFqc/y+Ush4KIz/0avqByvPnMMfWWq8vhdnne+dRKGekgTc34Syuaqzpfomu9AldkUFK6u1JsYdR1CK7wog1w6s353QbCRsh92Ko/FhQW+/e1v89yzz5HLZTENk6WlJYQQpY/QF6M4GVt9v7UfK+v6OkVXX3M123ds59ChwywtLTEwMACAYRg88J0HEELw5pveDMDa2hrptPVlvk8ffIqTJ06i6xqmKTELK1qvvPoqrr3uOoY3bSrtIyfzPDx1mJeWz1oTqtLAkCbzmWXSxvrybF1Yx/8/nvkcf/LcF1jNr/GTe97Mz1xwM2M9QwCcTc3y1m3XsjUxwkefvZe7j/wjn3zt+zGkyV8fvx9d6Lxn/y38xbH7WM2vkTLSJAsrW8NoTUhZ9cNR5d+JWmxSqpobilkKEIXb1uxpKZevaEUIKH8c+8laW3dzMkW3Vxodrjha+1fM2GQccr0VD9UZm+zUXNo8H6eMTcYh16tT3Zwo4OyWP384q/LnDWe3/PnBuSF/0kEnini71okvnFugEyce/erEI49ecVblr+U6UcC5rfTSLF+pKReQTpx4rHh+c33FD86B+4pT+NVJoHrx599toRMnX/Grk071FQX+AvEVFZ10k680Sycece5aXynU0ScOYvZtIr/lEus3LpCMixy9E//Ks1tehxGJg5Cks3lm5haZX0px6MVXGBseJbppM7lYnOxaFkwTXZpEhGS8P8Fl+3ayY8sIupBIM4cpNUx0pBAITIQEExBogImeT3Ng8hGSohJnbXmSyMyLzq9zDXj0rZMwlEIiYXHqvPvofjG6ZgK1PMonPD1HdtWalAUwan9UyS6+8qUv8yd//Mdc++pXc8f7f4Vdu3YhhODBBx7gn7/+9dLq0GKYhY+sWy8elVG8KxaLlVauJpNJ/vqee/jQ//e73PHL7+O2d95Gb28v3/nOdzh69Cif/PSnuObaawHQdR1NsyY57/jV97N7925Xx5DQ4/ynC9/GZUOV259aneZbkwdZyVuTsjkzj0Bwx6U/wl8c+xqnVqeR0mRz3Jq8XsyuMpNZZFtyMz+95808NvM8Xzr1MLdf/HZSRoZHpp/lP1/+U2zp2URcj7KSW2M5t1Z6fhitCSEKPxhVlmUxs96kaEVzkgIEhWanLIvajCzclhR+SKrsthCl/Uu5Xqd2gDZZpUkpN9Gq46ZwfDVZKuTCDmpyOX4oNIPlTaFdc2lbF/e5mrc6/JWyD5xt+bPh0Q/Oqvx5x9lt9o6z2+wYfvVSU67NdeLEo11dDzgr8ehHJ4r8tVwnSjg3WS8e+NtQnQShl7I6zfeV5uvEtV5UdGLDYyt8xb9/t4FOnHzFJc5d5ytK/AWgFzv+ynjsWl9Rwdk1j95x7ihf8agT7cUH0HqGYGhrCe8+TXDg3CO8OHgpi/ERzkzOMjk1i6bHuO9r3+SmG19NtH8YPdmPTOWQ2Qy6MOnv6+VVl1zARbu3IfIZsukUiUgfhmliIMiagpguERgYaAg0elem2LfwHElRiStrS0TOHraO2+PrnW+dhKEUcmUe0qsbPYwNi675CL+I94FureQ0Tx+E3JqvenJlCrlqfaeD6Olfv7/QZZR/nydYq0D/50c+AsCvfuAD7N69u/BiB7mcNQGrVa1aLa4EtWtc8oVJ21gsVqoDMDQ0xP79+9l/8X5mZ2c5/uJxbrzxRv7+i1/gLW95S2m7vr4+hoetlaAnT9j/WFZ1GNJEOry6SGTFOM3Ctj16jE9c/z7iepQ/P3ofj81Y311yOjWNKSWj8UG2Jzfzi/t/EFNKPv78F/n4c1/g6k0X8WO7biSuR9kcH2Q1n2bFJ2dhqIfdx/eLGVnW5BTIL54fJpW3S4+XZ+GQC48X/8rr1IS0yfVM0SlXl7Ubr8txV+RqHMrwqFnZUK9Zr852TaXddgGOtx4eXnGuu31Z3UDH3QAPrzi75c8Pzg1xsH2X2wBvFb3UlGtznTjx6MSLIs6q551XnMsAr802dVuuEwWcm64XD+edV5wD0YnTuOttXweHZvuKH5xV+QtUJ8XsRicBnnd+/bstdOLkKy5xrrudbdlg9d0x/ZcLfdvh0bW+oqITJx6dXr884NxRvuJRJ8LIoT//dViYQEqzhHufgAPzzzJ88nu8+NJpTpyYYGZmhsnJc3zhC19h4swMOVOgxRLE+gYY37mHK6+5jmuvvYYdW8cY6k8QjegIPcbSioEeHWByap7iqlMhDLZNHeTS+cMkhVnpA2uLRCeehMKnXL2ed751EobLkMiVWViZ3+iBbGh0zwRq/xZE3xgAMrNM/qnPQz7jsZrEOP4dyKet2iMXWPdKWVo1Wh2rq6vMzszQm0yS7E1WPbZSeMGvfE7xu0xzudrlz8XHNL2Sor/97Oc4+OSTfODXfo3b3vlO3v1zP8sb3/Qmenp6KraLRqPc9JbvIxqN8pUvf9mxQVpcWCg9ZmJiStP2x5zy0sCQBqaUmFKSMixsc6bBZUO7+Y0DtyKE4H8c+hwTqRlOrFrfYTIUs7639U3jr+LSwV3885nv8t3ZI7xj701ECytktyY2sWZkWMiu2I4xjOaFXVNpmhJsrwAXr4ja5NLJXXZbOmRsMlXioKJcZXZqSpy2dzhux+xh3HZ4uL5yXoNznebSZvugxlsPD684192+rG6g426Ah1ec3fLnB+eGOFSbiBu8VfRSU67NdeLEoxMvijirnndecS4DvDbb1G25ThRwbrpe2sFXasoFq+96ODTbV/zgrMpfoDopZjc6CfC88+vfbaETJ19xiXPd7WzLBqvvjum/XOjbDo+u9RUVnTjx6PT65QHnjvIVHzrRsikih/8Jbfo4kvVJ1KiucUUixfu2TXGxmGJudgYhTI4dO8Yzh54jZwiS/YPs3LuPN33fW/n3P/wjbL1gL/G+fnoS/URjCUwtjtQSSD3Js8+/xNxiis2zL3LtqQfZk58joomK8Wqrs8ROfReRW/N93vnWSRgNQ5oGcn4SubKw0UPZ8OieCdSBbWjjl5Zu5x/4GMaL/+qpllyaxHjuvtJtbcerS/828sVVo5UTkr29vQwMDnL27FlOnTxVuv/0qdN86YtfREpZ8+NPqZS14jKbrZ1ATa/Zr8Y8e/Ysx48f56/+8v/w0IMP8vhjj3HwySc5efIkhlH5Jb4/8mM/ytt/+Ie575++yv3f+EbN44eeeYa//Mxn1o/NNMmbJnlZ+2XARtn9edNgtTC5XLzvPRfdwm1738ITM0f51e9+khMr54hpUYZj1urdqBbh3Rf+e3KmwaWDu3nN5nWuxnqGyJkGZ9fOv19x2+gofleptaK68rtLy6/smqb9lcDiSuxiLr8iKIX6FdKasLuC6NSUOG1vVzbgK9EdswKiznjr4eEV57rbl9UNdNwN8Gi7lUJO466zvWP41UtNuTbXiROPTrwo4tzyFRAu+Wu5ThRwbrpe2sFXasoFq+96ODTbV/zgrMpfoDopZjc6CfC88+vfbaETJ19xiXPd7WzLBqvvjum/XOjbDo+u9RUVnTjx6PT65QHnjvIVnzoRRg79ua+jnXwKs/CVfEX8R/oSfOD1O/jIa6K8fWeeCzcnyJuSgcHNXHTJZbzujW/m8muvY3TnHnp3XkJsdBdGTx9mtI9UXqN3ZAt6fo2r9EmuOHU/F6QniWu1etEWThM99XjtylOP551vnYRRN6SRQ85OIDOpjR5KW0T3fAeqpqNf8aPWpKmZR6YXyd3/+4i+zf+PvXuPk6su7P//Pmdm9hayYTfJQjbZkJDIxmaFhBAqoUSRu0qg4BfiBTFUsAVra6m21q+o9Nevrcj3q1aw36IGLKUJX6UkViFySQFJLAkQMassTULI5gKby5KNyd5m5vz+OHPmnDNzzuzM7Mzs7fV8PDZnLuec+cznzNkz+87nInPWkrx3Yx0/rIH1t8s68rq739ZL7OcsS/G4HYJmhp6RSESf/tNP65/u/a4+d/vtunLFCvX39+vwoUO65kMf0q6du/TYT3+m1gULdPUf/qEk6fjv7BaXJ05kfxh7e+2Asr+vP32xkKSP3XCDXnnlFX3rm9/0rW8YhqZOnaprPnSt/vyzn1UkElFjY6O+9JUvS5L+8rN/oTPPOlO//+7zVF1dpZdfflnHenr0mT//rAzD0GAyoYhpqsaoCmxlm7ASiplRTY7V6kSiX/2JQU2O1ao31co3Zkb1qdYP6j/f+pW2HdmhfccP6eSqSar1TAp17ewL9I+//XetnHuhb7Ko2ZOaNDlWq6ODnJSVZkj+iaMyloYMJZUaA1VKfUmR774U/D+CluUu5W2xEbSUEXxtC/ofxFxfSnJdRL27NewnApdWAcvUC2QtC2kBEfalMOjLZeB+c9RrSD1nLY0cy2HUc+DxCziOw6nnQo9f8fWc77L4es53GWq450vW7kb5eRJ2HIP2W0Q9F3Qch3OeFHj8Kn6eFFTPZT5fijh+I3qelOJ88eyn/NeV8p8neZ8vhZwnAcexEteV4V+/R8F5EnZdybOex911paDjV4LzJej4eY7juL2uFFLPeR/H4ut5TF1XSnSeRF5/Xsbxw0rMWSqjdorvOMyZ1qAbp52sTyydrzcOdmvn8Yisaaep6qSYTjb7dGxAmlI/TZNjb8o0BmW9vU8nJwdVd/DXqrIG1faOkzz789RfMq7oW79VpGff6Pr+hRCWrONH7TFPQ3phT0SG5UT440G8XwOPf1mJX/0/97HqkxRpvVSx9/yFjPoZ4dsOHFdi92YNbviKrJ4D6YejSz6m2OVflSRZlqUDBw4oHo9rxowZisViWbs52NWlzZs260TvCbUuWKBFixbJMAx1d3fr0KFDmjVzlmrraiVJXW91aXBwQHWTJqmhocG3n97eXh06dEhVVVU65ZRT0o+vX7dOG5/eqOXvWa4zzzpLtTU16uvr14svbtV3771X+/bu01fuvFPXr7w+PfmUZLeEffXV3+rI4SOqqanRmWedqTlz5/qrz0ooYtjbGOkrgC1pWelfhIZht0KNmhElLSu9jWR36Y8YZnpSIsPw78tK//J2JVLjsGSui/Lr+tLkVBhqZS9TF1HTc9FOX8YM93KWdbE27aUMQ0Zq6XvcczUzDMl/dctQpouip1j5LwspTvpLwDC+rActA7YPLXAhJR6yAoqr56JevuB6LvT4FVfP+R6/4dVzvsdvePWd73EcXj2Pw/NkyONYXD0XevzG5Hkyms6XMXmeVOZ8GV49F3r8CqvnQo9fwfVc1HEc3u+liXSeZO22rOfLGLquFHKejKbzpajjN0bOk1FwvlTyPFG0SonmM5U8bYkUiRV2XhRwXYm8/YYiXf8tw4qX4Xwprp4Rzuo/LqvnsJQYHHrlcWbHX23O+fz4ClAlWT37NfDwLUq+9Vv3QTMic8a7FFlwucymBXaQWlUnJROy+o7JOrxTiVcfV3Lfy7KOvZXezGicq+rr/jk9BupIe3HrVv3V5z6vv/6bL+h9F13kC0gTiYSefuopfebTf6qVH/6wPv/Xf6Xa2toRLC3GgoNfsodYMFPhprN0/qfTH6q6XxnM1LXKTD3oPG547ltWar3UtU3KvubZLV0LvNYVeK0N3nGJvmTl2E8pvxTm/pJSpi9XzrLEXwqDj+NwvsQWdvxK+cdTaAuIIus5749d0fVc6PEb5edJQcex/H+MlP88cZYVPk9G0/lSxPErvp7zPX7Dr+/Rc10p/3mS98e1GPmcJyU8X8bFecJ1pTLfv7iuFF/PeR/H4f9eGhPXlTKdJ8mqOlmzz1Fixu/JMKOFH5+QpXl0nyIH/zs11ukYOk8mKCsxIPUcktU/cSf3HipAHT9d+FOM+mZVXfOPGvjxbUoe2iElE1IyoeS+bUru2yaZURm1U6SYHaCq/5isgePyN0s2ZLYsUdX7/27UhKeS9MiPH1F1dbUWn322LzyV7CEELrr4Yk2aNEl1k+oUiURGqJQYS9yLj/3lw9ed3/AvJUMy/P/TO9T/zHuXhunux1kmk0kZhpneX3gB81gqxzJzt5aVukgXsFTAUiHLQr+sZy4L+PKYWc8ysus5vVTIMtd+DKPoes7/O/dw6rnQ41dcPed7/IZTz0Mev/S3xOHVd97nybDquQLnSdhxHO55UuRxLLaeCz1+FT9PCqjnUXW+lOu6krW7Ep0nYcfRt315ryvDqeeSX1fCDPc8Ken5Mrzr96g4T8KuK8M9T8bqdaWA41eS60oh58l4uq6U6zwpsp7H7XWlgPPEHDgh67+fkbnnRSWmzpHZ2KJEw2kyIrHw4xWyNI+9KfN3XTKOH5YR75PKfF0Z9nky0cX7ZfWfsMc4Hegb6dKMeuMuQJUko3GuYu//X4o/+y0ldj0n31mTjMs6flhS+IRFxrR5il301zKmzS97WQtx/Pjx1C+WYAMDA4rH42pra1NVVVUFS4axzL7WpC6ehmepjKVlrydn/fR2Sq2n9Hrp9T1LZdxPP+7ZXxYjYFnIlxTvRdS7W8N+InBpFbBMvUDWMlVvvmWhXwqDvpQE7je4XgOX3uPmXRo5lsOo58DjF3Ach1PPhR6/4us532Xx9ZzvMtRwz5es3Y3y8yTsOAbtt4h6Lug4Duc8KfD4Vfw8Kaiey3y+FHH8RvQ8KcX54tlP+a8r5T9P8j5fCjlPAo5jJa4rw79+j4LzJOy6kmc9j7vrSkHHrwTnS9Dx8xzHcXtdKaSe8z6OxdfzmLqulOs8cZb9v1P0QLus/dtlRquUbGiRTpouq65BRlWNrEi1jLoGWYYps/93UnJAkWRCVm+PzHivjGNvyUzGPce1/NeVYZ8nE4GVtHOwZEJKJKREXErEZfUft28jb+MyQJUkc+YiVV33z0q0/0TxX/0/Jfe8MMQWhoyTpit6/q2Knv1hyRx9VfOe975HTz/1lLZu2arLLr/M91xvb6/+9s479c7f+z1detllIXsA/HyhaeZEUoa7TGZ82Ula7sVWsteTMfTSucp5/6fRu5/sAqqwi2LYMuB928UpYKmApUKWhX5Zz1wGfalU8Pah9a2ApUKWQx634uo53+M3vHou9PgVV8/5Hr/h1POQxy/9LXF49Z33eTKseq7AeRJ2HId7nhR5HIut50KPX8XPkwLqeVSdL+W6rmTtrkTnSdhx9G1f3uvKcOq55NeVMMM9T0p6vgzv+j0qzpOw68pwz5Oxel0p4PiV5LpSyHkynq4r5TpPiqzncXtdGe55Eh9Q5OAuWQd35j5ucufOkAwlUtsn05/jHMu8Ky7XfkLqGSiDcTcGapjkwdeUfO0JJQ/tlHVktzTYK0WrZEyZKWPafEXmXyjz1IVSZHS33Hz03/9d//rgg3rHGWdoyZJzVFtbowMHDuiXm3+pBe9coD+59VbV1dWNdDExRnQ5Y6Aa9tUmaGlZztio9pimUuqrg2GPgWrJPyZq+r7lHwPVsiTTzL7mSUZh17oCr7XBOy7m4lzYRX/YXwpzfEnx7zf/4hZabfaXrOHUc77HsRJfrtwvxcXVc77Hr/h6zvtjV3Q9F3r8Rvl5UtBxLLyeR9954iwrfJ6MpvOliONXfD3ne/yGX9+j57pS/vMk749rMfI5T0p4voyL84TrSmW+f3FdKb6e8z6Ow/+9NCauK+U6T8bwdaUs5wkmrAk3iVROyYSs/mNS79tSMi6ZEal6soya+lEfnDoSiYRee+01Pf+L57W3c48k6aTJk3XBBRfozLPOYuIoFOSt/3lSeoKorImkZEiG/T+KztinRmop2RdP57JoyL7qGamrn3NfqYusvI9nXM0Mw/Tcz1Cmi2IlvvSW58t69vaV+NJb2i/pQ7x8wfVc6PEr5R+12dtX4kvvcOs73+NYiS+9Y+o8GfI4FlfPhR6/MXmejKbzZUyeJ5U5X4ZXz4Uev8LqudDjV3A9F3UcyxGWjs/zJGu3ZT1fxtB1pZDzZDSdL0UdvzFynoyC82XMnicjdl0prp6BIASoAEK99T8nyzDsa41h2BdTQ27o6Q9V/S1NZbhfIcJaoBqpi5hzjaMFajm+1Jfpy5WzLPGXwuDjWIkvV/Zy1LUU8tRz3h+7ouu50OM3ys+Tgo5j+f8YKf954iwrfJ6MpvOliONXfD3ne/yGX9+j57pS/vMk749rMfI5T0p4voyL84TrSmW+f3FdKb6e8z6Ow/+9NCauK+U6T8bwdaUs5wkmrKECVDPnswDGNSt1NbH/Tf1PoTwXRc9Skj2WjW+71NIKWBohy6D1w65qVsAy10UxbJm527ByFFnuoPrIrL+cXz4yl7m+1GQelxKVN1d9FFvPOdf3fRcsYbmHqI9i6znf4zeceh6yHqwhvv0N93zJ2t0oP0/CjmPYcSmwngv93BVbz54Kz14G/u1U4fOkgHou+/kyGq4rWbsr7fmdqx7KfV0ZTj0XevxKep44y3zOkxJ+7oZ7/R4V50nYdSXPes65XuBuS3t+j5nvX3mc30H1MW6vK4WcJ2HHMez3VxH1PKauK+U6T/Ks59F4XRn2eQIUgAAVmMDci5yyL5ryL531A5dGwNIKWQatn9pPQAGzl2FfSsLWD9ptWDmKLHdQfWTWX+iX+Mz1wr6MBK1XwvLmqo9i6znn+p79lrTcQ9RHsfWc7/EbTj0PWQ9GWEXnV89DHses3Y3y8yTsOIYdlwLrudDPXbH17Knw7GXAfit+nhRQz2U/X0bDdSVrd6U9v3PVQ7mvK8Op50KPX0nPE2eZz3lSws/dcK/fo+I8Cbuu5FnPOdcL3G1pz+8x8/0rj/M7qD7G7XWlkPMk7DiG/f4qop7H1HWlXOdJnvU8Gq8rwz5PgALQhR+YwA4ePCjDMPL+kRR637ntXea6nesxAAAAAACAStm2/fWcz9MCFUDJ8P8xAAAAAABgvCFABZCXXOEowSkAAAAAABivCFABDCkoIC1VoEr4CgAAAAAARjMCVAChCDcBAAAAAMBER4AKTHCEpAAAAAAAAOEIUIEJLJ/wlIAVAAAAAABMZASoACS5QWnmMt/tAAAAAAAAxiMCVAAFh6bDfR0AAAAAAICxggAVQMEIQgEAAAAAwERBgAogSykDUsJWAAAAAAAwlhGgAgAAAAAAAEAIml5ZjwAAIABJREFUAlQAAAAAAAAACEGACgAAAAAAAAAhCFABAAAAAAAAIAQBKgAAAAAAAACEIEAFUBDLska6CAAAAAAAABVDgAoAAAAAAAAAIQhQAQAAAAAAACAEASoAAAAAAAAAhCBABQAAAAAAAIAQBKgAAAAAAAAAEIIAFQAAAAAAAABCEKACAAAAAAAAQAgCVAAAAAAAAAAIQYAKAAAAAAAAACEIUAEAAAAAAAAgBAEqAAAAAAAAAIQgQAUAAAAAAACAEASoAAAAAAAAABCCABUAAAAAAAAAQhCgAgAAAAAAAEAIAlQAAAAAAAAACEGACgAAAAAAAAAhCFABAAAAAAAAIAQBKgAAAAAAAACEIEAFAAAAAAAAgBAEqAAAAAAAAAAQggAVAAAAAAAAAEIQoAIAAAAAAABACAJUAAAAAAAAAAhBgAoAAAAAAAAAIQhQAQAAAAAAACAEASoAAAAAAAAAhIiOdAEAVEDfUen1/5J+s0F6u1N6/ZeSpCZJg7OWKFk/UwPzL1Ri9jmyqutHtqwAAAAAAACjiGFZljXShZCk57e0a9v2HerY0anevn5J0tSGerXOb9GVly7TtEZCHaAom74nPf1Nqa9nyFWt6snqW/Yn6l/yMRmGEfgjKfS+c9u7zHU712MAAAAAAACVsG376zmfH/EA9dCRHt2/5nF17OyUJNXWVKmluUmS9Nquven1Ll5+tq6/6sIRKSMwJnV3Sv96s/TmbwreNDG9VSf+8FuyTp5FgAoAAAAAAMa1UR2gdu7r0l33Pqzevn6dcfosrbhsmVrnt/jWeX5Lu9Zv2KQj3T1qaZ6uO27/+AiVFhhDDrRL378+r1anoWrqdXzlD5Q85Z0EqAAAAAAAYNwatQHqid5+3Xn3D3W4u0fXX/VeXbx8Sfq5J599Ub19A2ppnq5FbfN1ordfd927Vnv3H9RFF5ytlVfTEhUI1d0p3XPF8MJTR029jn/iR76WqBIBKgAAAAAAGD+GClDNCpUjy5PPvqjD3T0675yFvvBUktZv2KT1GzbpntXrdOfdP5Qkfe7W69XYUK+nnntJnfu6RqLIwNjwr58sTXgqSX09qn3kM6XZFwAAAAAAwBgU+cpXvvKVkXjhe1Y/qlg0oj+/5UOKxaK+55Yufqda57foaM9xvb7nTbW/+rouXr5EdbU12rZ9hwYGE1r8rvnDK0DvG3ruodX6/sP/rsc2PKGNz23X3miT5p3WqOrh7bkA2/XA5x9Q91nna+6kir0oxrNN35Ne/nFJd2kcPyTVTFZy5iJaoAIAAAAAgHHnza63cz4fzflsmXTu61Jv34AWLZynutrsuHJaY72mNdZrcdt83XXPWr22a686dnTq/KULdf+ax/VaasKp4nVp4z/9X21r/bS+dGOzYpI02KVtD39f39v4R/rshU3D3D8wAvqOSk9/syy7rvrFveo+/VJZ1fWSCFABAAAAAMDEMSIB6onefklSy8yhg8rbbrpaTz77YnrdM06fpdd27R1eAbratfVAq674bCo8laRYkxZ99AtaNLw9AyNn1y8L77p/zdPSSQ9KP/xB7vX6elS3/9camH+RJAJUAAAAAAAwcYxIgFqIutpqrbhsWWl3WlujWnVpT5fUFprhDmr/cw/ogcdeU3c8qpPOuEQ3fvRCnVYr6dhObVz7iDbuOqi+uBSd/m7d+Olr1ForqWuj7vrGHi28Tmp/pF3xP/hLfeH9Ddq/+SH960/adTAuRRvO0CUf+aguPM1+pe496/Wdb/5CezL3BRTitxsKW/+ap6Xpz0j/d4jwNKVq19PpABUAAAAAAGCiGNEA1WmJWohD3T2qraka3gtPPk/XXfFLffMbf6Otsxfqgne/W60LZ6u5Nt0eVYPbHtB3tjbr01/9pJpj0rFtD+g7D2/XX97Yppjiarjwj/WlT05WTIPa+cjX9PAT79YXVjSntm7XL7ddp09/9UY1xaTBbd/TNx+L6SNf+LoWTZYGj2zVL/bEpdMk6aC2tV+iz/2vr2uyerXtga9p7RNLdMeK04b3HjHxdBcwtEU6PP1q3ptEevYVUSgAAAAAAICxzRyJF3W642/bvqOg7Tr3delId49a57UMuwxNF35WX/3qp/XRsyZrzy8f1ne+/EX9zV2PqKNXko5p6y9eU+uF71dzKlOdvOgPdPrOX2mXJE1u1aJ5k1Pd/2Oad8Zp6u4+4tn7Ql3zyXPUFHP3dcaKj2jRZPvZWOM5utC5owa9+4pFsu/VatFZ8/S77mPDfn+YgHb/V37rFRGeSlL00GtFFAoAAAAAAGBsG5EWqHW11TrvnIXavLVdTz77oi5eviSv7dZv2CRJWvSud5SkHLHaZs27YIXmXbBCGjyirQ98U99/ZKG+/tEG9fVK7Q99Xp9/yLvFQi2UpN439NzDj2jjzoP6XV889ZT/PbgV26u+XilWE1OwqGr9d4HRqdDxVQEAAAAAAMaBEYvrZs+crs1bpfUbNqt1XkteE0o565y/dGHpCxRr1DnnzNPDvziiY2pWTa208ONf141t2at2PHKPNkY/rs9+qU2TY5K2PaDP/ypsx7WqqZUG+wYlhYWoQAU98j67FeqnvlxYK9TqyUOvAwAAAAAAMM6MSBf+NY9u1Np1/ylJ6u3r1133Pqwnn30pcF3vOKkrLlum2266evgF6PqZvvNPG7XzyKD72LGdWr+xQ7OXtGmyJmvRu89QxxM/035nlcEubdu6U4OSotEaqbZWNTFJg/u1cWNHjhez9/Xaxp9oZ6pn/uCxbXpuG930UWJzfj//dR95n3TwPXaImqf49NYiCgUAAAAAADC2VbQF6oneft27ep06dnaqsaFeKy5bprWPblRvX7/WrtuoJ599UYvfNV91tTWSpD37utSxo1OzZzbpL2+9rnQFabpEH3n3T/TQ9/9W+w/2KS4pWjNDrVd8Wp86LzUa6Tk36tO9D+iBL39e3XH7+bOuuVELJc1b8VG1fef7+uLn44qedIauPKdVOhj+crXnfFS3HftXPfS11L4aztAlHyGMQok1tOQ/DqrktkT9+E3SD38w5OqJ+pnDKBwAAAAAAMDYZFiWZVXihTr3deme1et0uLtHZ5w+S6s+fIXuvPuH6u3r1/VXvVd79h3U5q3tWdvV1lRpxWXL8h4nFZiwfrNBeujmsu3+2Ae/pYH5F0mSDMNI/3jvO7e9y1y3cz0GAAAAAABQCR27OnM+X5EWqJ37unTXvQ+rt69fF11wtlZefaHuumdt+r4Tjq68+kJ17uvybds6v6USRQTGvtPfbY9T2l+G4SGqJ2uw5ZzS7xcAAAAAAGCUK3uA6g1PP7Hycp2/dKHWPLpRr+3aq1nN07Xy6gvT69bVVhOYAsWqmSJd9FnpZ3eWfNfH3/0nSlbVi3aiAAAAAABgoin7JFLfWb3OF54+v6VdTz33kmprqvS5W68v98sDE8uyT0qnvrOku0xMb9WJsz5W0n0CAAAAAACMFWUPUI9096ileXo6PL1/zePp8LSutrrcLw9MPB/9nt2VvxSqJ+vt9/+f0uwLAAAAAABgDCr7JFJ33bNWr+3aq5bm6ercfzAdnrbMbCrnywIT24F26XvXDW881OrJOvKH31N8+oLQSaOYRAoAAAAAAIx1Q00iVfYWqCuvvlCzUuFpY0M94SlQCTMWSp9+vOju/PFpZ+jgdf+mwWmtJS4YAAAAAADA2FL2FqgARtim70lP/Z+8WqNaVSfp2Lmf0vEzP+prZUoLVAAAAAAAMF4N1QKVABWYCPqOSrt+Kf12g9TdKR34jdR/TFbVSRqY+g4l6meq97T3aLDlHCWr6kPDUwJUAAAAAAAw3hCgAgj1xu79OcNSAlQAAAAAADDejfgYqAAAAAAAAAAwVhGgAgAAAAAAAEAIAlQAAAAAAAAACEGACgAAAAAAAAAhCFABAAAAAAAAIAQBKgAAAAAAAACEIEAFAAAAAAAAgBAEqAAAAAAAAAAQggAVAAAAAAAAAEIQoAIAAAAAAABAiOhwd9Dd3V2KcgDwaGhoGOkiAAAAAAAAQCUIUAl6AAAAAAAAAIxXdOEHAAAAAAAAgBAEqAAAAAAAAAAQggAVAAAAAAAAAEIQoAIAAAAAAABACAJUAAAAAAAAAAhBgAoAAAAAAAAAIQhQAQAAAAAAACAEASoAAAAAAAAAhIiOdAEAoJIMQ4pETZmmIcNQ6scY6WIBo95bB9/WKdNPHuliAAAAACghy7JkWZJlScmkpUQ8Kcsa6VKNPgSoAMY9w5AiEVNmxFAkQlgKAAAAAIBkNyhy2hRFIoZiMVOJhKVkwlIiQZjqIEAFMK5FIoaiMbvFKQAAAAAAyC2SanwUSRqKDyaVSJCiEqACGJdM0/6fM5MWpwAAAAAAFMw0DVVVR5RMWBocTCqZnLhBasUC1I4dnXryuZe0bfuOvNZvaZ6ui5cv0bKlC8tcMgDjjf1L3mRsUwAAAAAAhsmMGKoyTQ30T9wQtSIB6vNb2nX/msclSY0N9ZrWUJ9z/RN9/ercf1Cr1zyujp2dWrXy8koUE8A4EI2ZisXMkS4GAAAAAADjhmEYqq6JaHAgqXg8OdLFqbiyB6gdOzp1/5rHNat5um5aeblaZjbltd2hIz26Z/Wj2rSlXVMb6rXismVlLimAsc5MDXgNAAAAAABKL1ZlKmnZk0xNJGVPGp589kVJKig8laRpjfX63K3Xq7amSk8++1K5igdgnDAMQ1VVkZEuBgJYlpXXDwAAAABg9Kuqiky4IfPKHqBua9+pWc3T0+Fp574urV23USd6+yXZ3ft/8vPNkqQTvf1aveZxvZwaJ7WutlqL2t6h3r5+de7rKndRAYxhVVWmJtjv71EhnyDUMIy8forZNwAAAACgsgzD/ht8IqnIu62rqU7fXr9hk5589iVt2rJdknT/mse1fsMmnei1Q9JNW9r15DMvptdf/K75qq2pUm1tTSWKCmAMMiOGzAjpaTmFBZn5BKHFyrVvglUAAAAAGDkT7e/wikwi5XX91e9T6/wWLVvaJkm6ddVVkuzWpq3zW3T9Ve9V67yW9PqL2+Zr8d/9adnKMzAQ1z9+/xFJ0p/+0TWqqspdJS++8poeXvef+uvPfEQNU04q6LVefOU1/dMDP9Ef33illpx5RtFlBuDHuKelFxSS5rNutkIvqOH78pYhrMVqrucBAAAAAKUTi5nqTyRGuhgVUfEAdVpjvS5eviR9f3HbfN/z3uckexKqqY1TNK2xvizleWPvm9qTGh7gjb1v6h2nzyrL60jSu955ur5+x6c0qY7WtECpRKOmTJOwrBScADJXYJodlhqSDN/wCf51im8d6m9xav9k7i9XqOp9PwAAAACA0jJNQ9GoqXg8OdJFKbuKB6hPPvui1m/YrNtWXaXW+S2665616u3r1x23f9y33vNb2rX20Y3q7bPHSm1pnq5bV11d0iDVsqRNW3+jcxa1SrJvz587q2zjKFbFoqoqsNUqgNwiUcKx4cgVmgaFpc467nNW6r67jmRkbTvU79XMlzIMIzAw9T7vbhccqmZ2+c98DAAAAAAwPJGooXh8pEtRfhUPUPfsO6jevn6dSAWjh7p71NvbpxO9/aqrtcdK7djRqfvXPK7amipdeel5OnSkR5u3tuve1Y9mBa3DsffAQe14fZ9u+dgHJEnff+gxHTz8tpqmnZxeZ3fnm/rev/5Mbx3s1oxTpvq63ncf/Z3+/tsPaeniBdq2fYe6DnVr0cL5uvKyZXrwR0/o9T0HNHPGdN36ias0feoU7XrjgP7phz/RH3/8SjWcPFl//+2HtGxpm17+9X9r/1uH1DStQZ/86Ps1p+XUkr1HYDwzDNH6tAj5h6Zuy1L7ccsXlFqWFRCMWhlLZ928SpZH2Z1wNTg0tVuqZnflJ0wFAAAAgNIzTSPwb7TxpuIB6k0fvlyXLD9bLTObJElfTgWiTngq2a1UJemO229Mtzid1livn/x8szp2dKp1fotK4YWXf6sZp0xV86nTJElN0xu0bfsOXfrecyRJR48d1/cfekyzZkzXn918rY72/E7ff+hnWft59b/36I9vXKHut4/pvgf/Qzt379dHr71Y06ZO0fcf+pkef/oF3fA/Lgkswy9fbNcffeT9mnxSnX7wb4/pZ0+9oE/d8EFFIozpCAyF86QwYcFhUGjqD0yNVHDp2yr1vLcLfbnKnfm6Yc/7g9OhwlSCVAAAAAAYPjMiJcZ5K9SKpw8nevvV2zfgu3+itz9rndqaal93fWdiqc79XSUpx9Ge43qlfZfOX7pQkYipSMTU+UsX6vkXtutoz3FJ0utvHFBvX7/+8P1/oOlTp2j+3Jn6wCXnZe3rvecv0qwZ0zR/7kw1nzpNv9d6ms4+8x2aPbNJ8+fM1L43D/nes9cHLjlP8+fO1CnTG9S2YK56jh3XwOA4/9QBJWKQnw7JO0u9t8WpfwZ7b0tU9zF/MGl5xiENey3/6znd+fPnru+Wb6jXc8vnPOYOIeANSI2M9xxcHwAAAACAwkyEnqEVb4G65tGN2ry1XZ9YebnOX7pQd979gHr7BvSt/+/T6VaoUxun6LVde32tTZ1WqU6QOlztHbt1oOuwvvODR32PG4b93LKlC/XWoW5FTFNVVbH087U1VVn7ynysaVpD+vbJU07SvjcPhZYjaH8A8kPLwXBDtzYNbmnq74JvtzA1DO+YpMHjjgZ15y82kMxs6ep02/fvN3vyqOAxU/1dSTJbptIqFQAAAACGZyL8/VTxALV1fos693elg9BlS9t0+MhRXxf+FZct07bt/61vfPdhtc5r0aEjR3W4u0eLFs5Ld/0fjoGBuDZvbdeKy87X+ee2+Z57/oXt2ry1Xeec1apTpjVoMB7X8RN9akhN/hTWkhRA5ZkT4Jd0oQoJTr2tNe3V3Raf3s3dYNI/7qk3sHTD2LBjMlSY6g1I/dtljqfjLav7XOb7ddZ1W6Z690OQCgAAAAClMRH+Nq94gHr+0oU6f+nC9P2VV1+Ytc60xnp97tbrtX7DJm1r36nGhnpddMHZWnHZspKU4Y29b6rr8FFdf/X8dDDqWNQ2X8/916/1xt43Nfe0GZpUV6v/+PlmXfvB5Tra8zv99InNJSkDgOGjC78rn+A0syu+E0R6W5p6g1I3lLR8+8oOLJ2xUL0BpfNcvoOJW6mye7vie1u+uq8ZHOg6z3vL7h2KwC1DdktVgyAVAAAAAIo0Ef5cqniA2rmvS9vad+qiC85WXW21Xt6+Q4eP9Oji5Wf71muZ2aTbbrq65K9vWdKmrb/RrBnTNKOpMev5GU2NmjVjmjZt/Y0+/j8u1R995Ap9/6HH9MWvfU9N0xq05KxWbXn51ZKXCwCKZYeIwcGp2+oyO3B0Q1PvNu46bvCZGaZ695MdUNr7cpbJvMPHZDJ73VwtT8MCUqfsQa1T/eGrfKFtZgtV7zKojgEAAAAAKmzqizHKsMo8a8bNt9+tM06fpc/ddr0k6a571uq1XXvTY6DefPvdkqT77r7dt13Hjs70OKi1tdVqndeiRW3zfRNLARieN3bvT0+kk++PpND7zm3vMtftXI/lo7au4v8HNKoEtY7MDk4l79im7qRR/tnrnRap2VeEzFA1uwyZr5/ZerNQYaFlUIjplMkbqHoDX/d5ZT3mtnqVvHUUFKR6389EDVLfOvi2Tpl+8kgXAwAAAMAo1HtibE+I3rGrM+fzFUkfevv607dXXn2hXt6+Q4vb5kuSbl11lQ4fOepb/wf/9rg2b233PbZt+w6t37BJ1199oW8IAACYaHKFe04Q6O/GbgW0xPQ+H/SYN4D1d6t31g0LSpPJzG78Q4ep3vfi3T6snP6Jo/ytZf2tU4Nbz2YOBxA85IA/SKVbPwAAAABMTGUPUBctnKdt7TvVua9LLTOb0j8OJ0h1rN+wSZu3tmtW83StuGyZFrfN16EjPerY2am1jz6t+9c8rtnN00symRQAjDVBrTJthi9wtNezcnY997cqDQtN3a7wmZM5JZNWRsjpbud0kfdOOjXU+3Jbktr7cSa5ckJgwzAyXlNZZfOX0Q1TneEKcpXHWx/OdkGTTdGtHwAAAAAmlrJPwXLx8iWSpHtWr1Pnvq6c657o7deTz76kxgZ7EiknXJ3WWK/zly7UbavsMVHXb9hU3kIDwChjB4xB4anhCQktTxjq3M5upensy3nOG7p613Nfx146LUMzu/77y+PuP+h+rp+wbf3l8Jchu0zZZXHem7ceMvfvryu3/pzxY+069gfITlhb5pFwAAAAAAAjrOwtUFvnt+gTKy/X/Wse153/+180taFe0xqn+NZZ1DZPFy9fos59Xert69fFy+0JpoL21dhQr23tO8tdbAAYNXK1OnWDPu8kS4Zn9np/q0s36zMywsnMQNH7XFL+7utGKrj0t1aVnFapwV37w1t+pm+l1jPSr+GfBMt5f95xSp3XSma1kM1skZrZ9T4s93Trzglfve8xvFs/rVEBAAAAYHyqyBio5y9dqGkN9Xry2Re1rX2nDnf3+J63LEsXL1+iqY1T1NhQr9Z5LTn39fL2HeUuMgCMCuGtTv3jg3q7nntblbrb+faa1XLUG7i6r6P0PtzA1DseaXaXf/+2mV3tc79Pd73gfbktQb2PJz3d891yeENSt+u+N+x035uznRsyuy173WDaWd/frd87aRohKgAAAACMT4ZF30Ngwnpj9/50K7p8fySF3ndue5e5bud6LB+1dRX5P6ARET5RlBtgZoaDwSGpf3zS4JDUGyL6W1xm7iPokpHZ0jMzBHX3k90KNezxoP3l/uy4wXLqGV/I7N3U/3mUpKB9+Nfx1nFQoOqti8zXGC/eOvi2Tpl+8kgXAwAAAMAo1HsiPtJFGJaOXZ05nx+/6QMAjFFhXfb93dazW50Gh55uN//M/bn33W2dMUX9XeW9+w6esClzTFXvRE+23N3mM8cWdcrh3U+uCa2cdZ1JppzX8g9rEFSfStelv8Wudz9DtUalSz8AAAAAjGcEqAAwioR12ZdnkijD8E8o5R8L1NkyqBVocKvQoPve8VOzxw71hq3+8Vi9Ezb5x10durODs74bnvoDY2dfmeFs0PvKDlGzW7sGBanue8nc1t8KN3PIAOd906UfAAAAAMYfAlQAGCVyhaf2faWDu/AxS62AYDQ4OPVOzjTUNlL2OKje8kiW5yczvM0vRPS2YrXfX9L3vD849ZchrMzu/rzbOSGnf7vMgNh+Pbe1r79s3mPhvH9CVAAAAAAYjwhQAWAUyG5RGtQC00oHevYq3gmdsveX/VjQc9ktVbO3yWyZ6Qaldpd5b4tNwxeE2pIaOkS1fOv4u+un9pLM7DKf+X78Y51mvo/sCaiCg1T7saAd+cNh51h4h0oI6tJPiFqoLj32D/+iR7qyn4nWNKjtsgu1avlc1VW+YOXz1hP60tdf0ZtNZ+rOv7pEM4LW+fVa3Xz/3qyHo5Pr1NK2RB+79FzNri97SVM69cy/vKAOTdKyqy5XW7308uq7de92adEnbtdt76pUOQAAAIDKIEAFgBGWT3gaNFFUrlanzva5xj6VLM+Yp9717Oec2/6A0QkRvY+7AWkymQwIKu39hYWI3vfhlN27L+/ressUHqT6y+19HdM05A+CJW9waxjyBcL+gNrfGtUpqxvy+sdndW4TohZv6uw5Or3Rudevzu0HtG3dI/rG4A2646KmkSzayKmp18IFjakAOa5DbxzQ65uf099u/pUu+sxHtPK0SfnvK5/gNtBRbd+2W9tUr5ZLpbaKBbcAAADAyCBABYAREtx1PGi806Au+949udsE7d8O9pK+dYOC0+z9uvvxl8EOTN2AM3uyp1zvdyiZ45t6X8N9TbsM/omjjIz9ZIeozjAEbpCaOZ5sdnns57ytYzPHWDV8xypoXNTMlqnIT8v7rtUt3taMPc/qzq9uUedzL2nXRZfr9BEr2Qiqn6Prb/CHnUdfXqsvPbhXT/3z42r7yrVqi5W7EG267e62cr8IAAAAMGoQoALACMgVntr3/eOL2t3FJW+LyOxZ6IO74zvhqWVJmeOKZrba9L5GZnCbGZh6t/e2uPTvN6wrfO7nglqxBrUwzSyTG6Zmt5T17tcJUu1w098K2CuoZbC/rIbvGOUaFzXs+KAA9Y2aKqnz2FEdTT00eORXenD1Rr2wP6G4IpraulC33HCJTq+VpO265/YN2qZZ+sTNk/T46g69Ga/XNV+8WVdM7tILP/oPPbitW71xZ3iA5frY8vmaktr30R1PaPWadrV3JyRJtc1z9LFVV+ncRvvr04Gn7tMdP+vRqe/7gK7seU6rt/YoLqm+9Uzdli5DXEffeEnrH31RW/afUG9cUrROCz/wQd22vEWlyDqnLL5KH9tyj+7r2K31W46qbVnqHQxmvMeGGVpxw1W64rRJ6S73kqSuV3TH7a9ImqVb775ebT2v64WfP6fHXz6oN/skKaKprWfr1lXLNTvmr9db775eiwNLdVQdT/1Uq39+QIdT73nu0mW65aqzNK3sAS8AAABQWuZIFwAAJqqw8NR+LrMrvdsq1bntf9zyrZNMOut6f/xhZHB46r+fTCYDQ8xkMpm+7+zfv1/D85qZP+m9+X7cIQeMjPfoL7/3tb3lch8Pfi/B7zu7nty6C6pbfz379+ef1Mp9j/7Wp4SoxerTnp9u1jZJmj3Dbn361kZ97e+e1KauSWpdNEdL2+o12PGKvvbPz6YDVtte3X9fhw5Fq3Xq7BlqifbphdX/ovu2divWPEtLF81RW1O/tq97Vlt67C0GX/2xvvTdV9R+bJIWLpqjpW0Niu3frfv+brUee8tfsjef/qlW75mkxYtmae5kqafjFX3zp6+nno2rY8Nz2tRVrdPb5mjpolmaW3tC7et+rAdfLVXd1Ki1rUGS9PrOA6nHuvTYt+33OGWe/bot8QN65Ntr9UyPNLV1jpa21qtWsocFWDRHSxfN1VRJ2rlZ928tlLdfAAAgAElEQVQ5othpc7R00Rwtmh3V4Y4t+saP8i/wnkcf0jd+dkBHG2do6aI5Wjovqs7NG/WTnaV6zwAAAEDl0AIVACosu6WmPzwderxMd/3gQM47Vml2t/rM9TMnZworsxvoZrcONQ1DhhmRaZqpVQy7lE4XfGfTjLeRvY4lGZYSiaSspH3bHULA2+LVW5agVrfuCxqGPdmV3W3ffT/eY+AfpzS4HvzHJHc3fP8xDG6JSlf+oW27/27dnPlgtEHXrFyuKZJe/tlL6lS1lt96s244zX76xJYf6s/WvKLH3liulae5m7W8/8O646Lm1L0uPdYtSbN0/Z9dr3NTjw72HJXq7eefXLdbvarTRbfenN7PiS0P6c/WHNAj617UxbcscXfevFR/f7tdJr3xuG7/drt6du7QAc3VDNXo3FV/pnNjnq9cqQmhXn55h1YtmF+CmpKmTJ4kqVuKx1OvsVGP7Jfqz7tGf/uhufZjvS/orv/5nNY/3am7r75Wt8yzx0DtzRwWYPF1undx1NM6NtXidPur6tACteZRnsPdJyTV6eJPfETXnpJ6sOeoTjBeKgAAAMYgAlQAqKB8w1N/61P/9pm33RafVsbjyaxg1HvbOw6qtyWld5uwoDISico0nE4MniDQbYzpxJdZLUK962avY0iWoYhpevpIpFqeWkklEgk5rVWdbvL28Ab+MgYFws77dYLUoBDVO3FVWKgaNJ6pt9u+3ZU/MyQlRC2GbxKp2notbJuvtnlzNSUmSV16s0uS+vXst+/WsxnbHu7x3puhi5Y3e+43adE59XrkZ3t13199V08uaNHiRQu1rG1uqvt+l3Z1SVKjWj0hbF3rLM3VAb2+/6A6Jbv1pqRTFy1Id/tXTUR1krwvf2L/Jq3+0Svq6Oq3u/Cn9Pb1FVYhORw9dty+EU0NL9Bll6Bn8yO6eXPGyt1HJbWE76y3U8+s2ajHdnSrx1vEvn6dyLM8befNUe323Xr8f39T7fNadMaCs/Se8+YXMFEVAAAAMHoQoAJAhRQWnjqP+bf33na7zdsTGAW1DvWvF5xkZgeNyawQNxqNyHACU6vSoZ/9eqYRkRmNSIbz3hKKx5OSJ7V1xiF13oO9XnbY6cgOOcMe85YnO3h11iFELa2sSaQCRdTS2qJTa/2Ptjb616nLGHdzxkU36962HXpm86+0fecOrX+wQ49EG3T9X9yki09R6fS8oHu+vUWvSTq1dY7aaiUd6dKWPflGkfnoU8f2bknS3Hn+iLK2eZbamjK+7s2bonBH9czqR7R2pxRtmqGlC6olHdeubQd1uIASxRZcq7u//Lpe3tKuLds79cy6dXpqXbWW3fxJrVpQU8CeAAAAgJFHgAoAFVB4eBrW0lTyTo6UPU5o0hfI+VuSesuTDHjMu39LpmkqEkmlTpYR1rO98lIBrqGoYjE7OI7HE6n35H8PUtCEVJYbBsupeycAdevOG8K62wUfI+/ruPsVIWpZNenUJkldCdUvvly3LJ3kPjUY11CzM53oOaq6U+br4qvn62JJenmtbn5wr57Z3qWLT2nS6U3Stq4j6nhDWux04e/Yq9clqXm6WiQdyqeY+zv1miS1Xqw7bjlLMdnDDJQyQD368jo92CGpZo5WLLXD0RlN9ZJ61Dt5vj52wxLVpdeOa9D5+ndKk06V9GbXEb0ppVqHHlDHTkmaoVV/8RGdG5Pd9b/AANUeDmGuzr1ors69SNJbT+ivv/6KNm3eoVUL2ob7lgEAAICKIkAFgDILnp1+6PDUmaTIv47T0tRu5ehtJerdn791avA+3fW9+zAUjUbtgNHS6AlNw1iGJEPRiCnDsJS0LMXjcWUH0EZ6cidv0OzmlplDDVhZty3LyHous7u/+zpOUBoWoooQtQQWv/9stWx/Se1r7tOXXm5RS600eKRL2/dM0aq/T4V/gV7V2n/4qV5Qg1oXTFGd4jq0c68kaWpjvaQaXXzVHD123249de99erOtUXXxo6lWnvW65qolQ+WzrnlztFC71d7xnL62eodO1dF0a9Gi9OzW2n/5cSoQjevQGwf0enfCHhv21qvU5hTsXRfqmuZ/0SMd/6nb/6FDi5urpfhxdbx6UC0rb9OfL66R1KK22dK2PXv14Lf+Q4eXt+j0ea1a1Cpt6TigB7+9VtuapEM7U8Fx3o7omftWa21XneYuaNK0qHRi/24dljS1IVfrVwAAAGB0ModeBQBQrKBgLLMr+VDhqbuOd/Z3OwR01s0cz9QZJ1TyziqfHea6gawUi8YUi8ZkyBz9wWkAyzJkyEy/j8xANGicV7denH34605y689+Pumry8zj6w2v3aA7+Jh7DTWJF0KccqG+8MWLtXx2tQ517NaWbbu1vatabVedO8RER/N15Yda1VLfo45tu7Vl2151DjZo0bXX6bbFdvfy2IJr9bd/cqYWTj6u9m27tWV7twab5+jmL67SFYV08Y8t0S2fOVMLJ/erc/tuvfzGJF1z1azi33Nfj10ep9zxas097wJ96Ys36YqZ3v8Xb9IVn7lBN583XVOOHLDXf/WIpixYqivmOes16j2rPqDlzRGd2NOhtQ++qqP1NTr3hmt0TWudBvfv1ZbtRzTlA2drUUGFbNTSq5ZqUVNCndvtsrYfqdPcCz6gL1ydY+xVAAAAYJQyLP5iAyasN3bvT7eAy/dHUuh957Z3met2rsfyUVs3+hvRh8327nbBT6/p2SaolagT6tld//1Bnf95t0u6t+t/9tiodmtJQ7FoVJZGURf9EnFagg7GB31d+70fN2+rUO9n1w09Ld/n29mvfT/4eWcf/oeM9LbOsc9seTraW6G+dfBtnTL95JEuBgAAAIBRqPdEfOiVRrGOXZ05nx/96QMAjFFB4566wWVmS8XMVpD+/fjD0+yJkIJbsCp9OzOglaRYLCpZZtZYqOOF/b4MRSNVkiwNDA546t3whcwBW2fsx99NX3Im7soea9Xexruesz937FrvZ4Gu/AAAAAAwuo2aAPXQkR5J0rTG+hEuCQAMX/ikUW4IGhRqhoWndvDmhKeW5znvzO/+7YPHXpUiZlSRSKTkwalhSIZpyDQMGaZkGoZkuMFiZi7oe8+WlLQsWUmny7xV4vIZqq6qVjwRVyKRUNgEUEGBqhOUJpOWZxzVzCA8OER1W7O661iWkd6nG6wSogIAAADAaDXiAWrHjk6tXvO4DnfbAerUhnqtWnm5WuczRhaAsSk8PJXcMTH9rUTddf333SDRmTTKyljXP5lU5lia/q7rVqo1ZuaEScUxTUNmxFAktSyUkxE6dWUqex/JhKVE0lIikVRqyNeiWZYbHg8ODnhLkno+qFLs+nVue8NO76RRmSFq9tioqVcyvN34rcD9EqICAAAAwOgyogFq574u3bN6nRa1zdcly8+WJD3x7Eu6Z/U63XH7x2mNCmBc8I516m2VGJTX+cdJ9bZydEPYzBaoUlJuKGoFBqgRMyLTHP6v/EjEUCRqKlJEYFoMM2KHs7GYPedhImEpEU8qkRhGAmwZikWrlUwmFE/E5W2NGjSZk13/bhDuDzitVItSKbM7f1DXfm83fm9I6h8PFwAAAAAwmpgj+eJPPPuSWpqn66YPX66WmU1qmdlk326ervUbNo1k0QCgKLkmjZLcCYqCtvPezh7zNLj7vrf1oneWeW9AG4vFhhWeRqKGqqsjqq2Lqqo6UrHwNLAsEUNVqbJUV0cUiRZfFtOMqCpW5XvMP3astwWw/1i4z4cfC3ef3gPuHh/3c+L/rEjBQS4AAAAAYGRUrAXqid5+PfXcSzp05Kha57Vo2dKFOnzkaGBX/db5LerYYc9+9fyWdr22s1PTGqfoogvOVl1tdaWKDAAFKXTSKHdMVPm2yRwrNbPbflhglxm6maYUjVR5uqAXJhYzFY2N6P+z5WRGDFVFIlKVFB9ManCwmD7+hqqrqjQwOOAZq9TzbFZLUrc1sLclqvc4u8c0qCu/dxxV79iwTCoFAAAAAKNVRQLUE739uvPuH8qSNLt5ulaveVx79nVpauOU9ORRXp2p59Y8ulGbtmxX67wW/WJHp55/YbvuuP3jww5Re/sG9K37fqydu/enHzMMQ3Nnn6obr79MzadMVffR3+nvv/2QrrvqvVpy5hl68ZXX9OP/eFZ/8cfXZQ0tYFnSj/7jGe3cvV9/dvO1qq2pynxJABOQd2xM7xiZkjtDvPtc+hlfi9Vc4WnQuJvOOnaX/UhR4eloD06DRFNlLiZItSxDsViVEom4Egl328wA0w1Sc4eo7jHxvoblCUrDJpWiKz8AAAAAjEYV+Qt505btsiR9+faP67abrtYnVl6up557SecvXajNW9v15LMvpdd98tkXta19p85fulBPPfeSVn34Ct1209X68u0fl5XaV6lc+t5z9PU7PqWv3/Ep/d0X/kgNUybru/ev19FjxwPXP3j4qDZvbc96/K2DR/RfL/22ZOUCMPbk6rqfGZ75u4j7b/sD0qHCU++27k80GlUkEpUCJmXKJRo1VVsXHXPhqVc0lnoP0QLfg2UoGokpFnP/XzGzXt3HpVytg73Hx79O5m3JnYTK+1mhKz8AAAAAjCYVa4E6qbY63XJ0WoPdgrNlZpM+sfJyrX30aa1dt1GSVFtTpU+svFxTG6dIkupq7G3qUtuf6O0vWblqqqvUMOWk9P0PXnqevvnPP9KevV2a1Tw9cJvNW9t13jkL061QLUt67r9+raM9xzUtVWYAE0/urvvuuKeZLQzDu2gbsqykZ8zU8PDUu4xGozIUKagVo2na44qOp57isSpT0aip/oG4rDwbpFqWZCiiWEwaHIx7utpnThwlua2H3SEX3ImhzPR2mUM0eI+1u3+ltw/ryg8AAAAAGDkVCVAXt83XT36+WT/5+Wa1zmvR2nUbNat5uupqqzW7ebo+9qFLdfDw25Kk6VNP1oymBk1rrNes5ulau26jVl79PnXs7NTe/Qd126qry1bOWDQiSUokEoHPN586VZIdol556XmSpIOH39av2nfqHafPUjJZzPh7AMa6oGAsrOt+agtlBmve1qjOdm7rQ2f9pLxdxDPD01gsJlmFtbx0gsbxyDClmpqo4vGkBgfy//1sKKKqKkODg4PpxzJDVPeYW7I7c/iPmf0ZcI9VNn93f/s1wrvyMxYqAAAAAIycigSoLTObdOuqq7Tm0Y1av2GTFi2cp+uvfp++ce/D6tjZGbhN67wW3fThK7Tm35/WXfeuVWNDvW5ddVXW+KOlEk8k9MsXfyPTNNV86rTAdWprqvXeZYv00yd/mW6F+tx/vaIZTY1qnjEtPfEVgIkjbOIoZ5xLJ0gL6gLu5040ldnVO7WVZ9/ZM7xXVVXJSuYfsJmmoerqSKG9/MekaNRUJGJqoD+hZDLPprmWqaqYPblU+qHA8VC9gbbkHlcjffwzKzmoS77d0tR53tkPE0oBAAAAwGhQsS78e/cf1B+c25Z+7N7Vj8qSdMdf3KCWmU2+9Tv3dekHax7X6n97TIvf9Q4teMdsSdLe/QfVOq9l2JNIOdZv2KT1Gzal79fV1mjVysvUNO1kdR/9XeA27zxjtn754m+0eWu7fv/sd+rlX+/QjdddqlcJTwFIcrtz+7vaB00OFDSmqTeYs8M+/zr+8VWdlqeFhafRqKlY1fhsdRrGMKTqmogGB5KKx/NrjepMLjWYEaLa+8scm9Q95qaZ2YXfDVWdiacyy2av778f3noVAAAAAFBJZQ9QO/d16a57H1ZtbXV67NMTfXag+pd/cl1WeCrZLVZXXLZM965ep9oaNyw91N2jJ555UZ+7NXi7Ql363nN08fIlkqRoJKKTJtUOOQZgVSymiy44Ww+v/0/tf/OQmk+dptNPayZABSag8Imj7OAzO2Rzu+7nmhgo8zlvd/HMfcaiUcnKPzytqo4oEpm4rRhjVaZM09DAQPBQLVksQ5FIVIlE3P9wxnio7n3/8QlqMerf1h+yusfXacFKK1QAAAAAGGllD1DXb9ik1nmzdNtN7tilHTs69Y3vPpxzO2fyqBWXLVPr/Jb04/f84FGt37DJt79iZU4ila93njFbp05vUHvHbv35LR9SJDKxWnIBCBI2cZQbqGV28c4ey1S+9fwTT2V33Y9EopIieZewuiYi0yR8i0QNVZsR9fflF6KaRkQypXgi7pkoKjMczz6+ppk7TM3c3p0wLHtCqYnkrYNvj3QRAAAAgHHllOknj3QRxryyB6jb2nfq1lVXlWx/y85t072r15Vsf8WIRiK67qoLdfDw2zpt1ikjWhYAIyO49akUPHFU0KRR3nWdGd29EwjZk0Zld/G370ciETvYy1NNbXTIFvYTiWkaqqmJqq8vPvTKkkwzooisrEkG3UBVckNxbxd+pUJrb5hq+IJYW3YY6zzlXXcitELlyx0AAACA0aYiY6DW1ZRmzNJS72s4pk+doulTp4x0MQCMCt6Wgu4M7N7ALLO1qX/29ezb/saJ3oDVDtEiZjRrTNXAkhlSdQ3haRDDtIPl/r54XnUZjURlWUnfRFSZXfezA1V/GJraKuP1nAmjUuXyTCg1UVuhAgAAAMBoUpEAdbSpranSX//ph3Ou0zDlJP3Dl25J319y5hlacuYZoetfeel5uvLS80pWRgCjV76tT70TR2UHdIYsK+l7PGwdf2tDS7FoFeFpiTh11NcXH3LOJsuSYtGY+gcGPCFp1h4967tjmXonn8oMQzNbm3pbJhuG97M0cVqhAgAAAMBowuCdADAs/haC7tiVmWNihrUuzRzf1J2Iyl3fM2lULJbq3j80wtP8GIZUU5Pf/ydalqGqqpiyu9xbWT/eCcMyj6UbrPtbJLufG1qhAgAAAMBoUfYWqLU1Vdq0td3XUqZz/8H0MqwFTdg6m7a2q7amqowlBoDcCmt9mj3ZkLOt08I0+/HMde39RiKmZOX3/141hKcFsVui5jmxlGUqGokqnkj4Whln1ndwK9Hg1qPFtEIFAAAAAFSGYQX9tV5Cz29p19pHn1Zv30BJ9ldbU6Xrr36fzl+6sCT7AyayN3bvT4cx+f5ICr3v3PYuc93O9Vg+ausqPwpJZvd9m3eM08xWhUZW60N3DE0rfdudWEq+dZ3Wi4Zh5N11v7omkpq4CIVKJiz19w8dohqGNDA44Pk8WIHngbOuc9+ZUMq9nXnOeFsz+1uhuuG8P8CvlLcOvs0ETwAAAAAC9Z7Ib4Le0apjV2fO58uePpy/dCFhJ4BxxztplDvBky2o9anbtdu7D+++3O0yx0aVpGg0lld4GqsyCU+HwYwYilWZGhxI5lzPsqRoNKrBwYGMx91w3DBM3+NOa2Un80wmLZmm4XnO8oSp9j68x9wdHoLxTwEAAACgkhgDFQDylBlceWdat5fesU+zebcNavyfTPpDVud2JBKR8hj3NBIxFI3ya324olFTkcjQ9W3IVCQSSR9zb+tj53b48A1hvGOkGukf57PmzU2d0BUAAAAAUF78pQ0ABXLHL3UnDHJaDHoDrvCu+951/OsGvJpMIzJkmQxDqqoeej3kp6o6ktcYshHT25Ejd5jpH97B5h3CwVnH3Zf944x96p2ciuAUAAAAACqHABUA8pTd+tTbrdq7lNyWhOEtEO3wLDgIczaLRmPKZ/b16jxnkUf+8qtTQ7FYLCM496/hHfPWXcfKWj977Fz5lv7PnHObrvwAAAAAMFy5hsIzTYMAFQDykRmEumOgegMttwVqZoiWfd8fpgWFaIZhKJ9f07EqM6/WkiiMYUix2ND17xwjt9t9dnieORZuLs7TTqtm97a9/+DPIgAAAACgWFWxWM7nCFABoADe4NQJPjNbE2Z23ffnW1ZGS8PwsDUaGboFpGGIcU/LKBrLL5y2Wwq7LYrzC9Cz1/cHrem1Az5rdOMHAAAAgFKZenJ9zuf4qxsA8hDefV9yx0OVvK0PnVnX7ftJSVbgOKiOzNan+Yyywrin5ZdPHRsyZRhmzlaomTLHO7Usd2Io+/g7oamzz6DPHt34AQAAAGC4TppUq1mnTlNtdZVMw5RpmKqtrtKsU6fppEm1YtA8ABiCG2i5952QzJngx1m6jxu+QNXezr/PzPvedfJpfRqNmjnHaUFpmKahSNRQIp67xWcsGtXA4ED6vh2IZofp7ucjcxgIS5ZlZIWo/qUU1o2fIBUAAAAAijeprlaT6moDn6MFKgDkyRt4ua0DMyf88bY89AZnTlDmhmCePftu59X61LDHPkVlVFXl09LXVNBEYtm3Mz8LSrc+9Q7xEPTZ8ofydOMHAAAAgErgr28AGEJQ933Ps1ljmnoF5VtBXbftx+3ALBIZOqzLZ3IjlFY+gXU0GlVQwOkGn8FjpGY+lj1Orje8T+2dbvwAAAAAUBH8BQ4ABQjqdu3Olm4ErOuEpO5PZpDmhF/prtp5/Gpm4qjKy6fOTcPbCtXyHdvs4Dz7M+EEp/6WylbGZ02i9SkAAAAAVA5/gQNADv6Qykg/5gZfYd33lbVd9r6z7zsBXC5RWp+OmKHr3pBpGqmxT5XRuji45amznVfubvyW5zOWOTYvAAAAAKDU+CscAPLgTBQlOS1PDQWNY5oZuAaFpM6PM1mQd2xL06T7/miWT92bZjQ9gVTmEA1OS1TvZ8DhHSvXu372+KmG77NIcAoAAAAA5cVf4QCQQ/bYkt7u+5LbHd/bDd9pjervqu2s7wZrQZMM5f61HIkw1uVIG+oYmIbTUtl5xD3O7uRi9uPh3fiNdMDuBqZO935nb5ljovLZAAAAAIByIEAFgBCZLfuyW/oFTRbkBGSGr0VhZrjl7Mo71qVpRgImqfJj7NORFxnyGBiKRMx0N/7Mz0Dmx8j7GXBbpVq+z1RQGOs8l+s+AAAAAGD4oiNdAAAYG7yhVnZw6oRlhmEomfROFJU5E7uR7pqdTCY9j1uK5NF936QF6ojLpxWwaUaUSCQ9LU3drvimaXqGcJAyW5Y6nxPTNLIed1ulyvMcnwkAAAAAKCeaMgHAEIIDK//4p/5xLrPDUmc9b7dtd4Z2Z+e5y0Hr09FjqGNhTwbmbWnsLN1xb92QXb4Wy874qf7gPXwcVHsdWp4CAAAAQLnw1zgA5MEbVnnHP81uAegNTa2sVoVhXbQNw5Cs3AlqJEpLw9FiqGPhnSDKnjAqfIgHf8hqecJT/+fKG6oGfx4BAAAAAOUwol34T/T26yc/36TnX2hXb1+/JKm2plrnn7tQV166THW11SNZPAATnH+GdCfQcieDsh9XxjqS223f8LQ2dVun2l38jdTtpCRD0cjQv46dLt0Yefkci4hpKp6IpycWk7yhqpXahyX/ZFGZIbs/iHUnk/KOm+ptIc1nBAAAAABKbUQD1DWPbtTmre2a1TxddTV2WHqir19PPvuSjp/o100fvnwkiwcAPt7Wg9mPe8endAPTocY/9YZnueQz7iYqy4wYSibCu86bkYiUSKTuBY2DaskwzHQw6gTsTnjqBKqSp5WyR1BrVAAAAABA6Y1ogOqEp1++/eO+x7969w+1eWs7ASqAEeMPrLwtT+VrXSq5E0jZz0neFqiZLU+zw1Z57oeXh8mjRp+ImTtANeRvOZo5DqrN8kwWZbdU9U4w5W4jz778nx3n1RxBYSsAAAAAoHgjOgbqooXztOKyZVmPr7hsmRYtnDcCJQKAcPlOIOV2788c59QbhHnHxMwdnv7/7N17fFT1nT/+1zkzyWQCJBBIhEBQIQKagNxCl6BYNAriBaq24AUrbtEWd9t+1/rtdtu6u3b7q13LPrbdr9SW3WLFFbDVCt5A8AYSWrkKSTUQEAhECBBI0CQzmTnn98fJmfP5nHPmkslMEuD1fDx8zMy5fM7nnBn1wYv35/MBOHy/N4oXasuLPym279wKVcXt9t9LZxaSIiIiIiIiovRQdC7dS3TROnyoHoqidOofAFE/m+/F11jvY21LhD87fUX0ZhWffe5Te1gqLxAE6LoW2W9uM+Y8jRaUGffv9WTE7E8675WS19oSirk/FA5C07RIdalYhWr/d0VV5f3Gq+rYJu+PbIE4n2o6KlBPnDyLS/L7p7xdIiIiIiI6/8X7s9H5rlv/RF53rAG7qw8kde74kpEoGlqQ4h4REcUnDtE337uvlC4O7bcP8RcXkII0D6rH44l5fVaf9l6KCnRk5u77FRXiwmO6bsx/CjgXkjK2icP3rblQLbpLeCr/RomIiIiIiCi1uiVAbWkNYOnyNag5UJd0G2vXV2L0yCIsXjgH2X5fl/rT2hbEL5e9hJLRl+G2m6Z2qS0iuliI86A6kyq3+VDN7fZh2WaIarUZOyDlMO3eS1UUhF1+DyaPqiIcWUgKEIN1VVVslc72KlPj1b2iVPzd8AdCRERERESUTmkPUFtaA/jF0tWoqz+J8SUjMX7sFRg0IKdTbZw604zde/djd/UB/GLpanxv8bwuh6hERLGIgZWz0jRylGMxH3HuSmufW/glVLPGC1BZgdprKaoCxFhIClJlqT0Mdwag1ly5zqH4sYbm2xckIyIiIiIiotRJe4C6cdMO1NWfxG03TXVdMCoRowFMKyvB71auw9bt1di4aUfSbRERpYMxJF9eGEqsIJSrUBVb4BV7+LXKQKzXivfVRNstBqTmqxV8ivs4hQMREREREVFPS3uAumVbNfxZmSkJPOfPnYGt26tRua06rQFqKBzGW+9ux1vvb0dLawBXXzUC995Vgf45fXHi5Bn84dX38fG+w2gPhXD58CF4eMGtyMnpg6XL18Dr9eLhBbfC4zHmuHvp9U04dOQ4/v5v70DtoWNY+ad3cOJkIwoGDcA9d9yAq0Zdmrb7IKLUMQJPZ8rpDD/lsMs8Txy6L6/GrjjOcVxDTbrblGbxw01xmoZYVaW6MO8p4Pa7sIe19hCeiIiIiIiI0iPtfyxvPNOMokJr8adTjc041djsOO6pp1fjF0tfjNlWtt+HUSOG4fQZ5/mp9N6Wj7Bh0z9PtuoAACAASURBVA7c/9Wb8OQPvwGfLxMvvPwOwmENX7S04bKiS/Avjz2An3z/QXhUFS+9vhke1YPJV4/GwcP1ONXYBABo/rwFu6sOYOrkEpw4dQb/88IbGHfVCDz5w0WYNaMMK/6wAQ2nzqb1XogoHRRHxag59Fr87DjLJeSSh/pHuRrTsV4r3vQLkeMU+TchzpkbLxh1ThNhXJmIiIiIiIi6R7fXNS1f+SZ+sXS1Y3tdfQOOHDvhek5NrbX4VNHQAgwrzE9b/wKBduzcux9TJ1+FieOuQN6AHMy6fgpOnT6LpubPMeLSIbj1xqnIH5iLS/IH4MpRl+L0mWa0BYIoGX0ZsnyZ+Kj6AADg08OfQVUUlIy+DHs/PojcnL6YfcOXkDcgB1MmXomCQf1xqO542u6FiLqD4hqM2d9HOxdgQHpe6/RXF/uE2L8l/k6IiIiIiIh6QtqH8Ntl+33Yd9CoQh2UZy0m9fijX3c9vqa2Dr/49Yt4YP4sTCsrwfy5M9Lav7ZgEGebPseGg0ex4f0dke3+rEycbf4CbcF2rH7lXRw51oDPv2gFAIy8rBAAkJvTBxPGFmPn3v2YNqUUW7ZVY8Rlhcjp1wcnTp5B3bEGfPfHT0vXK758aFrvh4i6yhyCbb6Pc3SU+UytqkHNeXwCPaDznzMn1wGokQWm4h/vOCLOZyIiIiIiIkqFbg9Qx4+9ArurD+DZVeuweOEcZPt9ACCFqacam5Ht9+F0YxM2bt4JANi6rRrDC/MxMC8XLa0B6fhUysrMRP/cvhh31QjMnFEW2a4qCrKyMvHbFa/h3Bet+O5DdyKnXx9s3LQDBw7VR46bMn4MPtz5Cf6y82McPnoC37jnZigKcEn+AAwfWoBv3DsbWVk+63q+zLTcBxElz221c/dg1Jq3Uh6KHy8SdTQTG3OxXiteyGn+JNx+U3HOhPjFW4tNAfYfBAuYiYiIiIiI0qvbA9RpZSWoqa3D1u3VeGLJc5gwthjZ/iz4s3woLytBtt+HJ5b8HuYfEFvbAgCAmgN1eOI/VsDfET7+6qd/1+W+tAWCONP0eeSzqijo0ycLE8degQ2bduDKK4Zj+LBL0HzuC9TU1mHGNROQ5ctEhteDLF8mTjc2YeeefcjN6Rtpo3DwIFxaNBivvLkFlw4rwKXDBgMAxl45Au9VfoRtu2twzZRShDUdu6r2Y0LpFfBnMUQlulBZladiFWsnA1a6CCiulaidD167dh4RERERERE5dXuACgAP3j0Lg/JysHHTDmzctDOyvagwH6OLizBv7vV4dtU6AMD3vvU1jC4uQt2xBjy1dDVa2wJ4YP6slPTjrfe24633tkc++7My8d2H7sKXp12NYLAdy1etwxctbeif0xc3XjcJigLcecu1+M2K1/Djn/8Olw4bjNHFw3G8oTHShsejYlpZCfb+9SCmTi5BZqY3cm8PzJuJlX96B69t2IoMrxcTx43ClAljUnIvRNS7mJWC7otJuW+ni40z4GToSURERERE1Psoepr/FL/o0SUYNWIYHntknuv+umMNaGkNINvvQ9HQAum88SUj8ciDcyPbfrdyHbZur8bj/7BAOpaIknP4UD0URenUPwCifjbfi6+x3sfalgh/dnr+Dkis3jP+C6kL761jzCH85mfzP6fWK6Bp9m26cLzRdobXmtbDTbruk1KjtSUUc3+wvQ2A+TtXIlWmbv/eqKr5GVH+/UJHG+K/U5F3kffpqEA9cfIsLsnvn9I2iYiIiIjowhDvz0Xnu275U7k5DN9NrCD09Jlm+XNjEwDA789KTceIiNIk1l9NsfqUDPI8pwCH3hMREREREfVGarovML5kJOrqT6LuWEPC5zz19GoAQF39Saxe8y72HTiKV9/ain0HjwJAZHg/EVFvZi36IwamDE8vJHGz8ISzUB1uuWmyYSpDWCIiIiIiotRJe4BaMX0SAODp5Ws6FaJOnVyCYYX52LhpJ55auhpr11diWGE+pk4uYfUWEaWVW/jk/p8dRZrP1Dqvc+GVEue/xOY0ANT7JPr/o84HmtEqUxP9bRIREREREVGqpH0OVADYsq06UjU6cEAOBuXluh53201TMbq4SNq2cdMOrF7zHqZOLsGDd6dm8SgiMnAO1PjMeUrFuVDti0Npmia8F+c4dZ/3VJwjVdd1+Hw+6FYTDpk+DzweVhT2RuGwjmAgHHW/ogKBQFtH0G7+u9Kxr+O927879jlRjfdW0m7st36PYpvpwjlQiYiIiIgoGs6BmgLTykowaEAONm7agd3VBxxzm5qGVeU7AtTRI4uQNyAH08pKuqOrREQ28f6OSXdUobq9j9m27pwLUzoqzn7qOfH/DtK+AFns7zL2Xzzwd0BERERERNQTuqUClYh6J1agxidWi9rDVLk6Va4+NV/FSlRxKL61XUFmRmbMYdgZGSq8GWmfcYWS0N6uIdQeo3xY0REMBmBO92AG7uJv3qwydfv3St4PiNWmwkVYgUpERERERD3qQq9A5Z/IiYgSYA+3TM7gU4cYtJrzVprDt+1tGgFsjAAOnAO1N9PjfDdy9bDu+hswfkP235b8OzLaktuO9pskIiIiIiKi1GKASkSUAsYiP8Z7KxjVYV9gym1YvxZnIAAD1N4r3ncTbb+1KJT127B+L+K+xBeqIiIiIiIiovRggEpE5EIMraJX+CVaUajb/jGvYbyKi1C594UhWm9kLgoWSzhsLDBl/hTk452/i0Qqlt2Ix/K3QkRERERElFoMUImIEiKGUtHncY02zNp8b63EboVh8Ybwu7VLPS+x78T+3VpzoIohaazpIdwDfPtwfyIiIiIiIkoXBqhERHGIQZn53q1C0Ai1zKH8uq3qUA7MrCHc4gJB0XEYf++jhWN/J9Z3ah5nBqdWtan427DOsX5D9rDeOsf9d0lERERERESpxwCViCgJVpAlJlfikH4lMvTeGYpBOscMXmMJxwnrqPvF+06sofRmUO787sXfhjUlgDg3qvz7cg/uIRxPREREREREqcYAlYgoBnluScC5OroiVY/aAzD78H37sGwzJAvHmQdVC+uc27IX0XU9blVwWAvDqiB1WzQKMYbx24f4A3AM248/BysRERERERF1HQNUIiIXcjWf7rLPPkTfDMAAsbLQDD2tuU/NMFWXzg2HQ3H7xLCs90hg2trId2r/nZjTN1i/BWu72xQQ4rnWPnu1aSKLnhEREREREVEyGKASESXIbaEfczsgD9k2K1HlCkI9Ep6abYmVhfFyLw7j7z3ifRfu859avyFrDlwrKDXnxBWrmMX5Up3XcP89EhERERERUWoxQCUiikIcMi/ORykP04ftGOdCUvbFgsy2rPaNodhanBLTcEjjMP5eQNd1hEKxS1D1jhJV+1y5VpWp8zfhtoCUGJBabxWhGlmuRuXvg4iIiIiIKPUYoBIRJcA9l4q+kFSs1dWNkEueH1VRAE2LPYxf1xMbOk7plch3EAqHYIWj9jlvzQpUwDkVhByyC1eVgnupP8xMiYiIiIiI0ooBKhFRHJ1ZSMoMT+1D9s3jzODUbR5ULc5CUgDiVj5S+iXyHZgLTEWf/9SsVlak7VbI3rkFpDiUn4iIiIiIKH0YoBIRJcSai9IKwJwLSZmVhVZAJp4DiFWobvOgQokzjD+sc5h2D9J1Pe78p8bwfXERKLf5TxE5Rp7L1PpN2AN2MZSXz+HvgYiIiIiIKJ0YoBIRRWGv6nNW+VkVgrGGaAPOuSmt4NWaBxUA2tvb4/YrFGJg1lMSefbtoXbY5ykFxAWh5OPF30CsKR4MsX+TrEQlIiIiIiJKPQaoREQxOKs95apA+zyo4iJB9iH79lXW5bDLqiaMl4GF2rmYVE/QdR2h9tjD98XQ3C30dPsN2If0R1tkzBruH+mRo39ERERERESUet6evHhLawCV26pRua0KdfUnAQBFhfkoLytFeVkJsv2+nuweEVGEtTAUpMDUCsfMIf2KS0WheZ4cjmqaLg3D1nWlY4h4GKrqidmfUEhHRgarDbtTItWnYS0MANI8pvL8uDpUVRGO0YVKU8D4XYnVzAAc858Cuq5I1yAiIiIiIqL06bEAte5YA55a+iIAHeVlpbhtZjkAoKa2DmvXb8Ha9ZV4bPHXUDS0oKe6SERkY82DGtmiy3Oaiq8GBYAmBakm+zaz2VA4hMx4AWq7Bq/XXsVK6ZJI9SkAhEIhmBWmxtQOxnY5JHW9ApyVqohUo8qvgBnYuweuRERERERElEo9MoTfDE/HlxbjyR89hPlzZ6ClNYCW1gDmz52BJ3/0EMaXFuOppS+i7lhDT3SRiAhAtDkmxWH8ijC82j7PqRh2OYdqG8eIiwVZQ791JBDWtXPIdndJ5FnrCMMMNc2FwcTvVh7SH2v4vtyq+BsTh+8zMCUiIiIiIuoePRKgrnrlXRQV5uPBu2dFhulXfliFyg+rAADZfh8evHsWigrzsXrNez3RRSKiCHFuSec0k/aqQJlbxuUM0sztVjuJLSalQYuzIjx1nabpCIXiB9rBoLF4lDyfrVh5Kgfndu55qFyJKhJ/i5z/lIiIiIiIKH26PUA91diMfQeP4vaOIfux3D6zHDUH6nCqsbkbekZEFJscYikdQ7TNodWAHJiZiwVZ+wB5xXWhZdt7c1qAREK7MMOzNNJ1HcFAOP5xCAu/AXOr2yJhxjFm2+ZnqxJZgXP4vnmMIgSx1jYiIiIiIiJKr24PUHdX7Yc/KxOji4sc+1rbAth34Gjkn9HFRfBnZWJ31f7u7iYRUUQyw/iNMMycn9K96jD2HJkK2kPxq1B1HQizCjVtwiHdperYSa4+lb9L8bu1Qnd5gSmxGlkO2RMbvs8glYiIiIiIKH26fRGpltYAigrdF4aqqz+Jp5aujnxetuRRFBUWoKU1kLLrt7YF8ctlL+HAoXrX/Xn9++G7D38Vv1+9DgDwnUV3wp+VmbLrE9H5SVwtPfowfh26bi32Yy0wBZihmqpa50tznurWKu1iFaqmh6Aqsf9T3R7UoKpKZHV3Sg1N09GewMJRmhaWqkQTWdhJDE8VRe14lX9n4vQOYphqX3xMPoeIiIiIiIhSrdsD1Gy/D3X1Jx3bzYWk7OrqG1A+pTRl18/yZeKRhXMRChtDMv/3pY1oav4Cf3vPzfD5MqGqCvpmZ+ORhXMjxxMRmayQEzACLrFK0Jrr0gy1rCH8cjhqnm+f19JswwxdQ6EwMjPi/6c6GAjDl+VhkJYiiQ7dB4D2ULttHlxxGH/H1hjzm4r7o1WnypWq5kJV/K6JiIiIiIi6Q7cHqONLr8DqNe+hprZOGsZfNNRZlVpTW4fWtiBGj3QO90+WogD9+vojnzMzvPB4VOTm9JUqTcVjiIjchkxbK6xHtjqqSq3j7Z/FY83qVfcq1FA4CK8n9l/m6LpRiZrp8yR/kxQRDGqJDd1vD8atPhWH7YtznJqiha3m78F6b11HnPeWQSoREREREVF6dXuAOigvB6NGDMPqNe/i8Ufvj3nsqjXvYtSIYRiUl9NNvbP8dsVrAICHFtyKV9/aio+qD2BYYT7+suNjZGZm4IF5N+H0mWasWVeJUCiM22eWY9b1U6AoQFsgiD++tglbt1VD03RMm1KKu26bzmpWovOc2zB+4zXakH1ruz3w0nUdqqpA04zz7cTAVdN0wKsDeuygLBw2Vov3ert9eusLSiikQUtgXlkd4jy3luh5pjhs33mQXMXqDEx1XXEE8Ry+T0RERERElH498qfshXffjFONTXh6+RrXYfstrQE8vXwNTjc2YeHdN/dAD52O1p/E0MGD8NMfPIirRg3HM8+9itpD9Xj80ftx+8xybNi0HceOn4KuA398dROqP/kU/+fhu/Avj30d9cdP4fWNf+7pWyCiFBEXkTKGWrst9GMfjh17jtLoIZgRmgWDwYT61h7UEA7Hn7eT3IXDOtqDiT2/9vYgzCphc5oGN+6VqAbzNyH+Vkzib8r8DZm/PYamRERERERE3afbK1ABowr1scXz8P+Wr8E//tsyTJtSEllYqq6+AVs+rIbf78Nji+f1SPWpm8Ihg1BeVoI+2VmYPH40/rrvMG6+fgryB+Zi7FUj8Nb723HiZCP69fGjuuZT3HLjVBRfPhQAcPMNX8Kbb/8FrW0B+LN8PXwnRJQsq8pUnu/SYA3dB9wWmlKg61Yw56xYNcI0s6LVbfh2e6gdGd6MuP0MBjT4srioVGdp4c7Me2qEpyIxRDXDUrecUw5J3cNQefEos11zkbLY5xIREREREVFq9UiAChhznv7zo/ejclsVdu2txcZNOwEAo0YMw+0zp6K8rBTZ/t4TNmZmeKGqVsFuli8TOf36AAD6ZGdFFnlpOvcFWtuC+P3q9fj96vWR4/P690NboJ0BKtEFwrmYlPFO1yFsdy4kpSgdQ/IhB27GEG2zbRVmcCZeQ9c16AhDQfx5TgNtxqJSDFETo2k6AgmGp7oeFuapBcQg3V5JaobfYhWqyb361FqUzL6QFBePIiIiIiIi6hk9FqACQLbfh4rpk1AxfVJPdiOlcvv1gT8rE3NmTcP40uLIdlVV0K9Pdg/2jIhSIf5iUroQpsYLuqyqVHEhKeecqMKCUqEQMjLUuPOhAkAwEIYvyxtjTk4CjO8t0cpTKDqCwXbbcHznPKjmNmcVavzfhFh9as57ysWjiIiIiIiIek63BagbN+1AzYGjaHWZ8zQRfr8Po0cWoWL6xBT3LLVy+vVByejL8X7lR7h02CUY0L8fTjQ04uTpJlzzpbE93T0iSgFz6LQ19ylgBF9W9aB7Far8ag/FrKpF96Hh5vb29iAyM3xxV4nXdaCtNcRK1Bg0TUegLdHwFAgGA45AOlqQ6Ra2i8FqtH3Rqk/laR1YiUpERERERNRd0r6IVEtrAE8seQ5r11fCn+WDrus42diEUSOHYdTIYfBnZaLmQF3kc82BOvizMiOfTzY2Qdd1+LN8WLt+C55Y8pzrwlO9haIAd902HcUjhmLJr1/E93/yG6z44wb4fPHnLSSi85EuhF9yFWq0hYXsiwnJYawVzrotLGRew5iDMzGBtnBCq8pfbLRwJ8JTmItGAcZ36haAOhd7ErfJ++XzzHat340uBOTyb4yIiIiIiIi6l6LbS51SbNUr72JXVS3++dH7ke33Ye36StTU1uGxR+YBAOqONeCJ/1iBRxbOAQA8vXwNHv+HBSgaaiwq9dTTqzG6uAi3zyxHS2sA/7rkOUwoLcb8uTPS2W2ii8LhQ/VS4JPIP4A9JHIGROJrrPextiXCn91zs5CIFYDWsHs5SJX/86pL28TFoqxtuut+eZ9ViaqqKryexP9yJtOnwuNJ+9+bnRfCYQ3BgBb/wA6hcDAydy0gD9+Xf/+AOAzf+e+J235jm9i2c+5TcZ7dnqk+PXHyLC7J79/t1yUiIiIiot6vtSXU011Iq7T/SXpXVS1unD4x6oJQZlD69PI1eHr5GmmbXbbfhxunT8Tuqtr0dJaIKCnxqlCtOTKjBcj2wE0+zr5AEToWo9IQ1hL/n1QwoCEUSjw0vFCF2jsXnoa1kC08BezfiVgd6vwLhnh/cWDNccvqUyIiIiIiot4n7QFq45lmFBW6B6IAcKqxGQAwb86XMW/Ol6VtbooKC3D6TPT9RETdwT53qTwXqhmOif/I58Ya6i1WtMYK44wQNQxN78Qw9KCGQCCMNA8+6JV03Riy396eeHiqI4xw2Hi+VsAZK/SW5yt1q1R1BuSA/FuRq1I59ykREREREVHP6vGxnKcbmwAAFdMnoWL6JGkbEdH5w16FqkeqCc3gTa5EtA8HF4dwy3NlmllntHlRw+EQFDXxQNSc+1O/iIpRda1jLlgt8eekKDqCwXaY36G13TmVhRFyRpvjNHpFsfjbsK6jC1XMrD4lIiIiIiLqad0ygWBd/cnIHx5Pn2lGa1sA+w4cBQBUbq+GP8sX+ezP8qFye3Xk+Na2AE6faY7sr6s/2R1dJiKKy6xCtUI0M+gSg0+rctA+z6W9ClRszzrHWqHdnC/V7dxgMAiv1wsFnoT6rutAW1sIGRkqvBk9/ndpadXeriHUiapTAND0MNqD7TGH31vflVwVGq9C1L5wlPhqVZua37n8e2D1KRERERERUfdL+yJSix5dkpZ2ly15NC3tEl1MuIhU1zkDT3EIt3mMvKCU/B4QKw7NY+2LSYntiCGq/T/hHo8HqtK556IoQEamBx7PhRXOhcM62oNhdPb/cpoeQigUhj0YBcRpFsQh+ZG9LsP6ndvFtuR2jffWb0cOZ3s6QOUiUkREREREFM2FvohU2gNUIuq9GKCmhluVoFsAah1vnWcdJx9vP0acF9V5jty+qnrgUTv/bDxeBZmZiVWw9nbBQBjhcOf/9xYKt0PTjGpV+8/S/TduzlVr//cAsBYOcw77dwtn7UFrb6s+ZYBKRERERETRXOgB6oU9bpOIqBvYgy37glLRFpMSz7fmyjTPc04JYFYk2q9rv344HEYoHOz0fYRDOlpbQp1aZKm3aW/X0NoSSio8bQ8FIuGpnfuztsJTcaoG8buMvWiU+eq+cJTb9YmIiIiIiKj7MUAlIkoB+3yl4ryl4iJEiQdj8hBxt+Hg4vlylS+gaTqC7QEkswBRqCOEbA9qnR7+3hN0HWgPGn3u7FynAABFR7C9TarkTeQZyyGpXF3qepkoQbsSZeEo+1y4RERERERE1DN6x/hXIqLznNuCUuIQb3uQ2nEWrPlSrWONbeZCVLqjPWOfLgRw9mDOCtyC7UFkZmQgmb8vC4U0hEIaVI8Cr0eFx9u7qiDDIR2hsAYtiWpTi4ZAIChVf5qiVfjaw1O3Y933WdewmjS/T+vY3jZ0n4iIiIiI6GLHAJWIKE3kofxGUNaxR3i1glLrWEj7Y4Wo5n7nMWYfdATbg/B6vfCo3qQqSrWwjmA4DAQBj0eBx6v22IJT4bCOcEhLaoi+SFGM+U7DYU2qGpXDTmcwbp/zVD7HXiXsbFee+9QerOrnRcUvERERERHRxYYBKhFRikSrQjUXgbKG8VvBmRiYyfOemkGdVZUqhqlmiOq2SrtzKLqCUCiMsKIhw5uBaHOxJiIc1hEOhwEAqqpA9SjwdLymgxbWjWtqGvSUTc2qI9jeDl3XYIWY7oubJRKeuoem7gtFmfOjGu87eqMDiuIMwFl9SkRERERE1DswQCUiSqHYQ/nFkBOwVyjK86iaVakKACPoEytOo4WoVj/Q0Ya1zahGDcDj8cDj8QJ618I5TdOhaTrMtRYVBVBUBaqiQFEBVVEAKWyUzzf7pus6oAOarkPXzNc0VGMqOsKhEMKaBnkxLqlXtrlOEwtPxapg8bs3jxM6Ebmm9Tvh0H0iIiIiIqLejAEqEVGaOatMgXgLDTlDVLkiVQ5mVaE9efi+WwgXDmsIh4PIyPBCgadL9ybSdUAP69CSWLgq3XRoaA+2w6oOlVe9j75olDlvrQoxXLWHp/KCUtGrWs02rHlvO7b2vkdGREREREREHTq/qggREcXkrD40QzvALbgT59u0t+M+RFw81qpiNYNVgy6FecYxckoXCoUQCgehI2Vj43sdHRraQwG0twcBuIWa1nORq03F8No8zvnsxe9Gft6QjhW/Z2s6B/k7ZPUpERERERFR78QKVCKiNEhkPlRxUSkrL7PPYSoHePYKVHMeVXkezVjtQGjPHIYfhKKoyPB6ceH8vZqGYLtYcWqRA2knRVGF46xjnUP7rTA0XnhqtiNe36pGZXhKRERERETUmzFAJSJKE3vgJs9dKi4iJc6Fanx2Cz/NikgxRLX261Jb9tDOZJzj3nawPQhFUeD1egF4urDUVE/RoUNDKBSyVY9GC5AVx3dkPjv7s3QLT83vIlp4Km8S5z7lolFERERERETnEwaoRERpJIZi0UJU4zh7NWrsENXtOFVVpXPs4amzLeN69m1GABmCqqrwerwdqV8XHkJa6dB1HWEtDE0Ld2wzq37N+xKnOYg2N2lkb8cx5j+qI6i2jkskPJWrUMWKVQamRERERERE5wcGqEREaeQWlFmBnPVZHHofL0S12rEPCReviY5KVSezSesagFwBa9A0DUHNmDtUVVV4PB6jD3oPh34d9xUKhaBpGsSFoaTDIh+tRZ7s+8Vt9iH71nbFsc+qQFUcIblbeCpOuQDAFnSz+pSIiIiIiKg3Y4BKRJRmbvOhysP2lYRCVCt0s0I8Y05VJfLebM8MDY123aso5SBXsbUvTzOg6xra27VIG16vF6qidtvq8YoCaLqGUKhd6qfZH7Gv4hyj5n65LcWx3Rq+L1cLy8eL55hVxImHp0IPpGsxPCUiIiIiIurdGKASEXWDzoeo7ucCEAJVAFLYKg8579gitRGrPfdAT5eCSbNa1VjV3goJPaoXimpUqkIHdChGz8x7QuRWpa7Zj1GgQ4cR2OqajrCmQdc16V6se7CHplaI6RZKugWn8md5u6qq0v2b1brG4XL7bgEow1MiIiIiIqILAwNUIqJu0rkQ1QpGrbk8neGm0LrjWsarc7i4uV/TnMEpYM2lapwrBn5yf8RmQ+F2ICz2oaulqc77saYeUByhqX2YvjgfrDMwhetn9yBTgVmR63ac/N46h+EpERERERHRhaPHA9SW1gAqt1Vjd1UtjhxrQGtbAAAwemQRRhcXYerkEgzKy+nhXhIRpUZXQlRzPxC9wtI+vN1qy1lxqqrGZ00T+6NJbVnD4RGZKsBgBYpywBvpTUc79gDXHhjKc7w6q2+Nc8TA1DzWOWRffkbiAk+6rkfu1/7M3F7N+xOrU2NVnDI8JSIiIiIiunD1aIC6dn0lNm7aCb/fh9EjizC+dCSKCgtw6kwz6o414IMPq7B2fSXKy0owb84MZPt9PdldIqKUSCREFY6Gs5rT+iyGk+Yw82jD9e3bTKoqVncaw9atKlPn3KlyFaoYsupSkGj2L5FV783+R6uuNRfEkq9pzUvqNl+p2LY97qzEOgAAIABJREFUPHULQ+VtqtAns3/26l/7fUULWBmeEhERERERnc8U3W1sZ5q1tAawfNU61NQeQcX0Sbh9ZjlaWgM4Wn8SR441YPjQAuQNyMGgvBxs2VaNtesr0cfvw/cWz2OISpRChw/VR0K8RP8BEPWz+V58jfU+1rZE+LN7vIg+aW7zjophqX3OUYOx3zzWbSV3t8/idrPa1G2f9Vbsg3ysWyArXs9e5eoMGeOJNR8rIvvcKmvt4apYBSueKx4rBqvx50gVP5vXFQNue1Us4BaeurV5Pjhx8iwuye/f090gIiIiIqJeqLUl1NNdSKseCVB/t3Iddlftx2OL52FgXi5Wr3kXlduqAQD+rEy0tgUBGMP45835Mgbm5eKppauhAAxRiVKIAWrP6kyIaoWpgFkh6taWvMCUFewZQ/MVx/nOENTtGvaKVCvAjTY9QKrYg1TrWuacp3IVbKzwVGxPrlDVI5W35rlWhWu0UFW+htuCVhdSeAowQCUiIiIiougYoKbYlm3VeHbVOjz+DwsAAE8tfRED83Jw+8xyTCgtjhxXd6wBq155F/sOHsUD82dhQmkx/nXJcxg9sggP3j2rO7tMdMFigNo7uAWQ9qH9bhWpsQJVsy1xu/M/93pkISn5PPkaYnibXBUqIvcU7f7djkus+hSIVvnpdjmj4jTWcP5ov1EAjlDWbR5W53QJ0e7lfMMAlYiIiIiIornQA9RuTx/Wrq/EbTdNxcC8XDyx5DmMHjkMC+++GQCwes27qDt2En6/D/PmzMBjj8zD2vWVWP3KuxhemI/bZ5bj2VXrcPvMci4sRUQXDDEUNN/LAaUxB6hzcSmrElNknm+0LV0pst/8bMx/ag8wYQtknUGlPG+qsc8cEm9f8Mo5h6v9/uX+mcy2zPs02zW3W2GoFVbaK0fl67hvs28Wvwv3PprfiRiMXtjhKRERERER0cWsWwPUXVW1aDzTjIrpk7Bx0w7oABbefTOy/T489fRqnDrTjGllJaiprcMvlq7G44/ej9tnlqOmtg6r17yH7y3+Gtaur0TltircPrM86X60tgXxy2Uv4cCh+sg2RQHyB/bHvDkzMO6qESm428Tt2LMPz/z+VXzz67dh0rhR3XptIuod7CEq4BzSb6/kNReNkgNK57H2MNU8V9webSyCGIjKwageCR/lYNNeHQoAary7l/ouhqbW9RWoqnW/VnjsnNfU9Qq2eVDd8kxnyGkPp8Xr2M+RpzWItMDwlIiIiIiI6LwX70+1KVVTW4dRI4Yh2+/Dlm3VuHH6RGT7fWhpDWDfwaN4cP4s3D6zHI88OBenzzSj5kAdAGD+3BmoOVCHU43NmFBajJraupT056YvT8a/P/4w/v3xh/HkDxdhfGkxfv/ietTVn0xJ+4kae+UI/PvjD2PslUZwu2PPPnz7h/+Fg4c/69Z+AEa4/OR/rcRvV7zW7dcmutjZA0C3ClP3uTbN453TK5jtuFVUWttVqGr0KRusNqJN0eDc7tZGIvcfbToIewDq1id7G+Y/xr2pwjb367q3YT/WbU5awD7fKcDwlIiIiIiI6ELRrQFq3bEGFA0tQEtrAI1nmlFUWCDtb2kLSJ+zs4zFooqGGsedbmxC0dCClAWcWb5MDMjtiwG5fZE3IAczZ5Qh25+FfQdSE9AmKjPDiwG5fZGZcWHM50hEyYsVolqBnnsIKFdL6q4hoDP4hPRZ3uc+1625cr18jBxsyqvbuweb0YJKM8y1rgnHceIxYt+c92u/JzjOsfdRruh1hsDid2Afvh95+gxPiYiIiIiILhjdnthl+32oO9YAABiYlxvZNr5kJJavXId9U0qwa28thhXmY3RxUeQ8f1Ym6uobUFRYgFZb0JouoXAYb727HW+9vx0trQFcfdUI3HtXBfrn9IWm6Xivcjde3/BnNH/egv45fXHHLdfibyZdhWXPv4YvWtrg9/tQ9fGnuPfOCrzy5gf42pwvR4bo/3bFa2g8ew7fWXQnPjtxGs889yq+ef9t2LhpB7btrgEA/OxXL2DkZYX4+rxZ+M/f/AFlE8Zgd1UtGk6dwfiSYtw2sxzP/3EDPj3yGYYOycfiB+Ygf6DxTP+67zBW/ukdnDjZiIJBA3DPHTfgqlGX4uDhz/DMc6/imiml2LKtGmfONuPy4UPw8IJbcbb5C/znb/+I1rYgDgDYtruG0woQ9QD7PJrWvKiAOGTfqoSUh9JbUwBEWuwI/XRheLx9CL99yDyka4jzp5qf3RaUEvsrB4ri/bltc5//VHwe8jXMuVjNvwcUpylQIvdszSHrfi3x3uT94hQB8jM2n6X5DORn7pxCgYiIiIiIiM5v3R6gnmpsRsV0q6LUXAzqkQfnYuOmHdi1txbjS4sdc5y2tgVRVFiAuvoG+LMyU94vTdOx46N9aG0LYNSIYQCA97Z8hA2bduD+r96Ey4ouwctvfIAXXn4HDy+4FVu3V+OPr27Cnbdei4njRuHI0RNoOHU28of0j/cfRtn4Mfj+381Hpi/x/t53VwXGXDEcf1j7PhbddwsuHz4EoXAYAPDJ/iP45tdvx5mz57Ds+ddw4FA97r2zAoMG5uJ/XngD6975EAu+eiPq6k/if154A38z6SrccM2d+Ou+w1jxhw34Pw/fBQBoawuguuYQ/v5vv4JQKITfPPcq3q3cjTmzpuGH370P//2/byA3pw/uvbMCfbKzUvugiSgh9gWI7POiiiGeosgVq/a5ShMJUo3A0qykhLTfOAYQ5x4VQ0z3Yf3OkNa9klNc1Mq9DfG9uHCUvTrXHnoar6qjWtfa715ZKs6tal8oS1F0YTurTomIiIiIiC4G3Rqgji4uwu6qWmT7fRhWmI9dVbVSlWnF9EmomD7Jcd6WbdUAjKH8W7ZVY/TIIscxyVi7vhJr11dGPuf0zca9d1ZgWGEBAoF27Ny7H1MnX4WJ464AAMy6fgp+98IbOHnqLCq3/xVfmnQlrr9mIhQFGJDbV77XkUX4+tdmIjPTizNNnyfcp2x/FvpkZ0FRgL59/OjX1x85/8vTxmPYkEEYOCAHhYMHIX9gbqRvxZcNxbHjp9DaFsTejw8iN6cvZt/wJfTJzsKUiVdi2+4aHKo7jkF5ucjI8OIrs6/FsCGDAACXDx+C043N8Ho8yOnXBx6PGplWgIh6lr2aM341qn3hI7MdZ0WqvVrSrYrVqvQ0F54yQkn5XOuabhWqYh+i3KXjnu0hr3UN87qqS8Wr2ZYzSHW2H+3ZWKyq19hVp+KxREREREREdOHp1gB1QmkxXn1ra0cV6iQ8u2odFAXYtbcWp880O473Z/kwYayxaNTUySXI9vuwu2q/ozo1WTd9eTIqpk9CKBTGS69twhetbRhzxXAoCtAWDOJs0+fYcPAoNry/Q+hTJk42NuFs0+e4suNYN/36ZiMzM7WP1155WzBoQOR9/9y+OHb8FADgxMkzqDvWgO/++Gnp+OLLh2JQXi48Hg/nWyU6j7gN6QfcqlEBKxwVFzyyD0c3jrdXubq9GueoMMNDVRUrVo3rmdc1txtt2sPPWPcXeSfds7MSVg6R5WH+Zh/t9+0Moa2qVXtgrNuenRUix6o6tc4nIiIiIiKiC1G3pmhFQwswrDAfa9dX4sG7Z2Hjph3YuGknbrtpqmtVaV19A9au3wpAx/y5MyLVouVlpSnpj7mIFADcddt1+I9nXsTbm43+ZGVmon9uX4y7agRmziiLnKMqCrxeD/rn9kXj2XOuK2HHo+vGlAHpckn+AAwfWoBv3DsbWR0LcQHG/X524nTarktE6WMPO81t9mpUa6h55ExHkCrOkSoOW49W7SpXoepSoGoPZM3KVrf+xmMPXe0BrBxqGn2w+uQ+nUD0KQfkaQDkthXIUyOw6pSIiIiIiOhipsY/JLUqpk/C1u3V2LKtGo8tnodhhfnYuGkndlfXQlEUFA015ketqz+JjZt2wu/34bHF83C6sQkbN+1ExfRJyPb74lyl8wbl5eDL5ePx/taPcLyhET5fBiaOvQK7qmpx5OgJAEDzuS/wl50fR/bt+GgfNv9lD840fY6Pqg/gnQ92ubbty8xAv77Z+HjfEQSC7ag5UIdPao9E7csl+XnIzMxA/fFTSQWtY68cgXNftGLb7hromoZQKIxtuz/B51+0xj3Xn5WJoYMH4fSZZjSd+6LT1yai9LJCU3tFqhX22atRne+ttoxX6zxx1Xv5GOvVbMesNjW2WXONiu2qqnMV+2j3ZRzrbMNoW5wDFQn1UZ4jVW7XdnXbc0DkPPO9vfKX4SkREREREdHFo1srUOuONWD1K+8ib0AOnl21Dpg/C//86P3Ysq06Uo1qyhuQg2llJaiYPgmnG5vw1NIXXReXSqUvTboSm/+yFxs37cS9d1bgy9OuRjDYjuWr1uGLljb0z+mLG68z5mg19738+mas+MMGDMrLxVdmX+M6j16234dbb/wbrPjDBmz680e4fPgQjC8txvGGRtd+DB08CLNmlGH1mvfw6ltb8c0H5nTqPooK8/HAvJlY+ad38NqGrcjwejFx3ChMmTAmofNvqfgSfrPiNTz2r8/gtpvKcdtNUzt1fSJKr2jVqOY287O1OJO80JS139hnr0q1V2da85k650iV31sVrGYlqvOY+KxpAHRH285r26cpEF/lalN5CgDrfLN94xhx+gJnSMrglIiIiIiI6OKj6Lpb5Jd6dcca8NTSF5Ht9+HJHy3C9/9tGRrPNGN8aTHmzZmBQXk5AICa2joUDS1Att+HltYA3t68E2vXV2Lq5BLMnzsjLdWnRBerw4fqI5V1if4DIOpn8734Gut9rG2J8GdzLl/APdSLFqRaQag4BF8OHu1hqb0a0x5mxvrfSKJzhCZynH0uWLd+GfvcQ1X7PKbO+WHdQ1qzfxd7cHri5Flckt+/p7tBRERERES9UGtLqKe7kFbdEqCa4enokcNQc6AO2f4stLS2Yd7c67Fx0w4crT+JosJ8FA0twKC8XLS0tqGmtg519SeRNyAHt88sx7SyknR3k+iiwwD1whEr+DO3i/+5F+dvjh6mQnovVm3K/+ewwkvreoicn+j/ZsQw01npKoalch+cVaTWe3toar938xqJPL+LHQNUIiIiIiKKhgFqF5nh6fjSYjx49yw8/btXUHOgDo8tnmfNd3qsAbuqalFTWxc5r2hoAUYXF2FCaXE6u0d0UWOAeuGJFwTKQanx2aw4NY7r2CqFqYCz2jPe8Y6exel59PPch9yL5zjnK7Uf715tCumzdFUGpw4MUImIiIiIKJoLPUBNe/rw/5aviYSnv1u5zhGeAkZYWjS0AJiZ7t4QEV3Y3OZCtW835zk1Q0+xgtM+V6pxrrHPCkjlINJs1xlCSq104h7k86zwE5ArTI3P8vyt9jbMSlTrWF1PrGKXiIiIiIiICOiGALW1tQ2KAixftQ67q/Y7wlMiIkq9eEGquM9ZlWpsM45HlG3y0HxnwNmVEFLuh70Z54JX5nZA1+WA1z6M3wp6GZwSERERERFRYtR0X2De3Ouxa+9+fFLrrDwlIqL0EqdXMKpPdZd9ui1MFas2jW3ugar9WvL1zFXtE2cdb00TEft67v2TQ1Lj3nRb3+TnYd9HREREREREZEp7Beq0shIuAEVE1AskWpVqZaxWgCkP9Tf2We2mqcO29q2KU3EKAUAMTMVKU2O/s3OsNiUiIiIiIqLO4AosREQXGbdh/G5hqri/48yOY9wCVfkY5zVj98k+HN9twSqrDXmhKGdgGjs0ZXBKREREREREncEAlYjoIhYrTLW/N49xWxxKPCx6uBqrH/Yt9mH41nZnX90vxtCUiIiIiIiIUoEBKhERAYi2wFTsQNU8Vo861Wlng0urId3WaKyw1H48Q1MiIiIiIiJKFQaoRETkEHsof/xQtQtXTugot/4wMCUiIiIiIqJ0YIBKRERxRQsn7UFmrGM7K1bbDEuJiIiIiIiouzBAJSKipCUSZLoFoYm0xZCUiIiIiIiIegMGqERElFYMQomIiIiIiOh85sV/9QVgrHCswFi+Q4l8VqBDN151PfIZUDqWRBaXXZYbltuTzzc/S1eM0p7UH0Xol26s0BxpRzwAinCi0B9F6JeOyPmR/kjnm58hdUQ+3/05JXJfyT8n2zfo9pyitNcrnlO87y2J+0r+OSXy+3Zvr8vPyU2GD0qfXCh9BkDJGQTPuBnImPoVKAOHxjiJelYVnn50PXbbtnqzBqD0lhvxUHkRMnqkX8lqwJs/X4GXG4Zh8ZJ5mGDffWIDfvzve3Bc2uhBTuEQ3DxnFiqKc7unX3tXY9GzRzF49gL85IaCNF2TiIiIiIiIyBCpQFU6wh6lIzSSwiDHZzMsEloSQjh7e87z9cj58doT+wMhfJNf4XiV02BI56elnU7eV7LPyX5+1OcU53vrsecUr52k7iu555TI7ztae11+Tm7aA9DPNkA/2wAcq0H44y0Irv43eEZ/Cd6pd8A75VYo/QZGOZl6VL9hmDdnDHIAAAEc3Poh3n7pJfy23zfxyNisHu5cGgwfjUXTi4z35+qw8Z0arP71f6Ny9t14/IbC+OebQWzpTCxbWJrABQtQ8e1voLzdi+wudZyIiIiIiIio8yIBqhEeoaMiD3Cr8BMr9KyKP7MBuWG5vegVg/Hak/qjCP2yVTKaFX9WZSNslZXi+ZDDLpfzrQpCoT+O892fUyL3lexzil5ZKX5v7u31iucU73tL4r6Sf07xf9/R2uvyc+qEcM1fEK75C9o3Lodv3g/hGX9j5xuh9PLnoWTC1RjS8XFKqQfH//E97N5eC4xNJCA8z+RchikTzPu6GlOmT8SbS1bi5TfWYWPZg6jISf0lM/y5yPWnvl0iIiIiIiKieFiBygpUVqD2lgrUOLSjn6B1yQKoV5TBN//H8IyaklxDlH4ZXnnofuNHWL78XXxYH0bIm42Sm2bhoRsuRzaAXcuXYGnVMDywqA/WLa/B8bxxeOL75Tj9yktYvvUkmkPGlABT7roV900oQAZCOFL5EpatOYrjIQCu7eVg+pwh2Pd6DY6HAG/BaDzy7VtR6geARlS9vQEvv3MUdW0AvB4Ulc3C9+4a04XqzkLcfP0wvPz8UVRua0TFDXkAGvHhylfw/O4zaA0BOaPH4ZEFN8JfuQyPv9FsnFa1HoseXd8xFN8bo19xphZo/QSrfvsu3j/SghAAf+FluG/hHEzJ4zTfRERERERE1HWq+cZcJVnvSHdiV+hZx0e4VOiZ7UWvGETc9qT9USsZ5f2R822VleJ+94pBONpzq6x07U8n7yvZ5xSrsjJee73iOcX73pK4r2SfUyK/72jtdfk5dYG2fxva/usbCP/1g643RqnX3oiaVz7EbgBFIwsB1GL5ko2obMzDdfMrsOiWAhx/42X8Z2WjcNJRPLv8EPxjRuOO68cgY9ca/HLzSeSWXYtF91XgzglA1e46AEBT5XP4yUtH0TJmIhbdV4F5pUD1Gy/jF283CO01Y9OmAK6bX4EHrh2AjIYa/HJVVce+Bmzb3IyB1xttzxvjQ93WdVj9SRfvuzAPgwHU1Rv9qFn5ApZtb0HR1Gux6L4yjG7Yg5/9dhMySq/FojnDjOkOho/uuIecLvSrDR+ueB1vH/GifH4FFt1XhjJvA7YdDnXxhoiIiIiIiIgMrEBlBSorUM+TClSRfrYBrU9+Db75P0LG7MVdb5C6pmEPHn90j7QpZ2QZFk3PA/ZuQGUbMP6++zF/AgBcjYwDS7B060c4VT6j42gPyhf+HRaOMT41VbYB8GDgpZehtLQA2ROuRoVxIVRuPgNkjcTChTNQCgAT8nDqwIt4e/NOHLxhVkd7Ptyw4E5UXApggge7N6/H7obP8BlKMQRjsPBfxlgdLWzA+1V7cPBYAyBs7poqbNweAEor8NjcqwEAU7yfYduzNdiWMR03j67DqziKZmkqgGT7FUBrK4CsHIwYWYwJeX0wZcL0VN0IEREREREREedATXjOSqGy0rU/nbyvZJ9TrMrKeHOF9ornFO97S+K+LvQ5UKPSNQRW/QTq0NHwXH1DChumThtQgu99eyoGm58z+iDXb/zn9bMGY7j67ueXYNHzwjlZTTgd+dAHgwdYu3LL52LR4Vfw/B9X4DurAO+AfFx31xzMH9OAgw0ACvrAWk5sCEYUAm/XNKEpss2H3GhrV7V+ijdXrMPaGmO4u2lwlMMTVt+I4wCKCguAEztwHACqNmLRoxuFgzw43gigXyr7lYvrFlTg4PJ38fxPn8Gz8GDg8DG4b+EslKZhLlYiIiIiIiK6+LAClRWorEA9DytQI3QdrU9/E9n/+ibUIcUpbJg6JcODnJxc5LrsGlKQA6AZJXcuxMJSj7DHWFG+yuUcIA9T7n4QU+4G2lvrUbniRTy/7HWMeLICIwqA3a1htEaO/QwH6wH0M67f5Nqe5VTlRrxcYwytv6PsMhS178TPfl3dqdt1qseb7xwFMADXleUBOUMwGHtwfPS1+Nn80dJ8sBl+AOdsc8R2tV95V2Pho1djIdrQcmwPfrt0M365Kh9LH5rkuA4RERERERFRZ/VsBWrBOKD4FuO4E3uA2jcc7bEClRWorECNo/UcAv/9D/D/eG0aGqcuGzsJ5VlHUfn6a3gz42qM8ALNh6txsGAWHirv43pK06bf4YldBbh5ehFyEMCRc+GOPQUov3YAXn6pGr9dkY07SnPRXFWJt88BRbMnYgSAXXG6k+H3Rd63NB7Cm1trcRqdrEBtPoQPd3X06VwdNr5Tg0/PAUWzZ+G6HAAoRcXk97B7+4dY/g5w3aU+4NxnqDych4ULpgB5RSjK2om62g+xam8eKi7N60K/GrHxly/gw6HjUDEyFwjVo7mtMzdDREREREREFFvPVKD6cqDOXQkUXSudjqbD0P50D9CwlxWoUdpzVDCyAvXirkDtEN73IUI73oR30s2pb5y6qBgLvz8Hg1dtwNpVG/E2jCH55bdEPyPj0mKM2LYHLz1fgxAAb9YATF80B1MyAJTfjx/jJSxbsw3LdgPwZqNk9h146IaChHqTW34rFh1+Ccu3bsaybTmYfstlGHygpnO3dKQGy543z/Egp3AY5t03CxXFVg3u6LsX4HsFr2P5W5uxbLPRz8vLhqC945nMe2gcmpbvwdvPrkT17AX4yQ3J9suHERPyUfnOTizbaoS6/sLR+M4CVp8SERERERFRaij6r/roADrCIiEDi4RH7hV6VhrUwVGhJ7Ynn69+vRLIGQ59y8+gVz0PBJqhlNwD5YafA9ChPTMWaGuKNBvpjyL0y1bJKB3gWlkpng8h1JIrBuFoT7g/x/nuz0l6kl14Tu7t2b5B3XpR4rTXK55TvO8tiftK/jkl8vuOVoHaxeeUBuqwMcj+6duA6ol/cIfDh+qhKEqn/gEQ9bP5XnyN9T7WtkT4s73xDyKilDhx8iwuye/f090gIiIiIqJeqLUlFP+g85hqvomEHrDCj0i4ZFboQZf2S+wfhfak80vuA/LHQn/zm9B3LIUSMBZYQfUL0FbOBnz9oUz7QaQ96Xq60C+h0s++P9IfIZOz75cqBSMVjnC0F7kvsbLSrT/CfTr6ncxzitKe/XzX5xSlvV7xnOJ9b0ncV7LPKZHfd7T2uvyc0kA7+gna330+/oFERERERERERJSwSICqd4yf1jtK5GLPEWkdH+Go0LPaE89XrrgFaD4Cff9rjuuhYS+w/3XjmEjFoLBfgVThZ1Uyyvsj/ZEqK+X97nNWwtGes7IySn+kSkh0+TlFay96ZaUet71e8ZzifW9J3FeyzymR33e09rr8nNKkffPq9F6AiIiIiIiIiOgi0+0VqPD1B5qORK3U1Bv2ALmXsgKVFagJ3xcrUC3agZ3QzxxP70WIiIiIiIiIiC4i3V6BisBZIKcoaqWmUjDOqERNYwWqctl0eL7zV3juW+NaMahOeRieHxyD5/ZfdaoCVb18OryPVsP7wCsJPyd1xv9Fxo8+RcZPG+H9yq9YgZrEfbECVRbauT79FyEiIiIiIiIiukh0ewWqvv91IPdSKJMfcVwPRdcAV9xiDO9PcwUqAChDxkOd+IBcMejrB6XkK0BGH/m+EqpAFR9H/OekXFEBz5cehN5cj/DLf4/wh8tZgZrEfbECVaYdrkr/RYiIiIiIiIiILhKRJayNyjmzwi9ehZ5Z8SekQS4VelZ7wvnVz0MpvRfKjCeBzBzodZuNE4quhTp5MdCwF/r2pVLFYKQ/USsZzYo/oV8ulZXW+R2y+kO56itQdv4+cr5y9T1QBo913pdQWenaH+hWGg0k9JyUYROBrFzon6xHeMfzMSorreceq7LS+t6iVaB2/jm5V1Y6n3vCzyne95bEfSX/nOL/vqO11+XnlEZ6U0P6L0JEREREREREdJGIBKhGhZxZgWcLgxyfzYo7oSXb8GSxPcf5ta9CKboGyrR/kgvy6j6A9vLdxvlj7wFyhhv9aToM1G0Bzh6WK/0ir3C8SpWVutAfsdLx9H4og68GJtwPZddz0HVAvWouEPwCZpin3vIfUCfcC+3Pv4a24V+gKArUyQ9CrfgX6NWvILz229JzsR6HAvX6H0Cd+i3ox3ZBGToeyOwHfH4c4Q0/hXr1V6GMvM64xuQFyBw7F6G1j0FpOgbPzU9AGTIWUDzAueMIb34a2gdLjfbtw8DN+xO+t6jPHZ18To7nnOTz7kw7Sd2X0J75PSTwnBL5fUdrr8vPKY20U3XpvQARERERERER0UWkeytQ88dBmfuCsUhU8xFjqH7TYegNe4G2s0BDlVGdesPPjLYb9kJva4Iy7l4omTnQty+F9sGTiVUyJlCBqn+2C0rR30AtuQPhnb+HWvYNoOBK6LVvQxk10zim5g3gyluhDJtiVVYOnwpoIWifvh+nAhWA1wcl/wqE31sCJTMb6tRvQZ14D8LvPAn1VC3UyQug/fUNaH99FXr9Xni/9hsoA0civOlXwNljUKfOOy3mAAAgAElEQVQ9DM+MR6E3fwZ9z59YgcoK1Li0kwxQiYiIiIiIiIhSpfsqUEvvgzLr10DzEWirZ0Op+6Cjws86HaX3Qpn9a+jv/KMxjD9/LJTh1xhVqVfcCvWWX0PNGgBt4/dTU4Ha3gZ9/3ooJXdBnfgAlJI7gS9OQTu0GR4zQD2wEXr9LiiFE6FcMQvKFw1QisqgN3wMfc8fHc/Fehwd19FC0Pa8BO2DXxnbS+YA2XnQD24GLr/GOCZwDvqeP0G5+k4oA0dC27cR2lv/ZoR3qgeeWf8MdeS10Pb8iRWorEAlIiIiIiIiIqJuFCma1DvSq86uUh7hUqFntqfkjzPC05N7of2+vCM8tV2vX5EcnuqAes0/Qbnh58b+fa9Be2E2lMnfgjL8WlslY8f1FKFfLpWV0n4Y+7U9q4BAE9QpD0EpuAraJ68BoTbpvvTDlUBGNpRRNwGXXwf4cqHt3yBUWprPSTyt4zpaGGhviftF6NCh9B8OeDOB4BfWc29rBnQNyC10fc5iZaXjuUf73jrxnNwrK+F47m4VqPb2nBWoUb6XTt6XVYEqPPcEnlMiv+9o7XX5OaWRkluQ/osQEREREREREV0kIgGqfdXxRFcpj7B/FNpT5q40Kk9X3Qwl0BxpT7yeWvaIMax/+9JIe9rr34T2zFirvRN7oVe9AKVssVTpF9mvC/0SKyLd9qNjf/0OIzQdNApoPgZ99/OO+9I+eQ04Vw916CSoI2cAgSbg4PuR9qznJJ5meyBxKFCgnz0ChIJAZh/ruWflAIoKNNW7PufI/dm+l5jfWyeeU6dXlxcrUG3tSZWe0b63JO7L7feUyHNK5Pcdrb0uP6c0UvszQCUiIiIiIiIiSpW0V6CixFgMSnvzm1Z46lYxWDAO+r7XIucrpfdCfXALlNlLrfYUQK95FUrRtJRVoOq6Dn3XCmjbf4fwn5+GfrrWeV+nD0D7dDOQPwrK0EnQ67ZBO7YzsQrUBOnQoX+8HvrpA1BHVUC96UfwTHkQ6tRvAKEgtAObXZ8zK1BZgWrHClQiIiIiIiIiotRJfwVq6X3Ayb1Qjn4Qu2IQMCo7O+hV/wt97/9CuWSc1Z4OINgMZPVPWQWqoijQT30Cff33oe9+Iep96Z9uAtrbAK0d2r51zsrKVFSgBs8h/Obj0E8fgGf6t+GZ8wsovn4Iv7vEWEBK6I+9f6xAZQWqyVM8Kf0XISIiIiIiIiK6SCj6r/roACAWyCmRz9Eq9BRYK+J0cFToGXuVR88BO5dCe+f7LhWD1hXV+W8AALSVsyPtqfd0bHthdsdCPIAy7QdQxt6L8NJSoZKxoz+K0C9HZaW1O3J/jopB8Xzzc8eDGjoZnq/+DvrZowgvn21rL/p9JfqcjKOiVVaK7dm+QXshaYz2uuM5SZdxtGevQHXpTxL3lfxzSuT37d5el59TGvX5rz1QEhzGf/hQPRRF6dQ/AKJ+Nt+Lr7Hex9qWCH+2N/5BRJQSJ06exSX5/Xu6G0RERERE1Au1toR6ugtpFUkflI6wp7OrlEfYhieb7SHQBAy7Bkr5DyKHRV7N4wNN0Pe/BuX6JwFfrnGOmKf4cqEEmo3+jboV+pHNcsWfDsernAYL9ye8dmbVdOXKW4HsQdCrXpafl+tzQqefUypXl4/eXvqfU5fbSeq+kntOify+o7XX5eeUJurIiQmHp0REREREREREFF8kQDXCI8CcyzP2HJFixZ/ZgNyw2Z627ptQZz0Dpfyfovci0ATtmRIo034A9SsvQFt1C6DDGMI/9l5g+DXQ970O9dofAAVjob90j6OS0az4syobYaus1DsKAoX7c6kYtLcHHUBmX6gjZgAtp6B9/JpLe85KyM4+p9hze4qVkbZnF6msFL839/bS/pzM/jjOh3R+zO8tiftK/jnF/31Ha6/LzylNvJNmpfcCREREREREREQXmcgQfrdhy9FDJmvYskT6bLUXPfSyFS4W3wL1KyuBhj3QPvj/gCNbgEAzMHwa1MmLgStuhf7Gt6Dt+V9bGOccLh7pTyQcdA4Xd4ZezmHZUsWgUZroGJYd975S+Jyc5wv3Zxt+Hut769HnFO976/R9JfecEvl9R28vBc8pxZRBReiz5M+A6kn4HA7hJ6JEcQg/ERERERFFc9EM4U9XBWqiFYO6rgP7X4e2cjbUW56BescqucFAE7SX74a+73VbCNdLKitZgZrYc2IFatr4vvZPnQpPiYiIiIiIiIgovrTPgZronJWR9uo+gPZMKVAwFkrRtUBWf+hHNhnVqGJI1V1zcibaTrz7StFzclQwmv0Svrfo7fWC5xSvnaTuK7nnlMjv+3yZA1UdNgbeqV9JfcNERERERERERBe53lWBKrZ3Yi/0E3vl4dSdqWRkBWr0740VqBdWBWpWX2R9a2kaGiYiIiIiIiIiItV8E5m3ENb8hZFwyazQgy7tl9g/Cu3Zzzc/26/n1p60Xxf6JVT62fdHzhcyOft+qVIwUuEIR3uR+xIrK93608n7SvY52c93fU5R2usVzyne95bEfSX7nBL5fUdrr8vPKVUUBf7v/A/U4VeluGEiIiIiIiIiIgKEAFXvGD+td5TIxa7Qs46PcKnQM9uLXjGIuO1J+6NWMsr7I+fbKivF/e4Vg3C051ZZ6dqfTt5Xss8pVmVlvPZ6xXOK970lcV/JPqdEft/R2uvyc0oR3z3/Ck/pdaltlIiIiIiIiIiIIliBygpUVqDG+H332grUrL7w/+CPyJj1UIoaJCIiIiIiIiIiN6xAZQUqK1Bj/L57YwWqMngksp9YB89V13S9MSIiIiIiIiIiiimyiJRRIWdW4NnCIMdns+JOaMkWDontJbJqerT2xP5ADKmkVzhepcpKHdL5aWmnk/eV7HNyhHDRnlOc763HnlO8dpK6r+SeUyK/72jtdfk5JUEZMASZtyxGxvULgIys5BohIiIiIiIiIqJOiQSoRnhkVvjFq9AzK/6E8cguFXpWe9EqBuO3J/UnaiWjWfEntONSWWmdH61i0NmeW2Wla386eV/JPqdYlZVKnPZ6xXOK970lcV/JP6f4v+9o7XX5OXWCp/Q6ZEydC+/0uzt/MhERERERERERdQkrUFmBygrU3lKBmp0DteBSqAWXQR08Ap4xU+EZ8zesNiUiIiIiIiIi6kFe/P3nUXcqCb7Gk2g7ibZHRERERERERERE1B288Q8hIqKYmmux8aVNePOTM2gOAfB6MLiwGLctmIUpeefnf2Z3LV+CpVXyNm9WNoomlOOhOVdjUEaaLrx3NRY9exSDZy/AT24A3vz5CrzcMAyLl8zDhDRdkoiIiIiIiCiW8/NP9kREvUVrFZ7++XrsbsvG+NnXoizPB5yrw8Z3arDsj0Mw4aFJ6HLWeGIDfvzve3C8dCaWLSztep+lkLIgxoE+jJ9zLcr6AUAAp3d/hLVbN+IHVbVY/P07McEf/1JGEJuDO/7vItx8SQJ9G3MrfvHPIfz/7N17VNT3ve//J8IwM6CDjICCjhckomG8oEIiRoxK1Jh4qabRpJpKdrFN0pNkb9PdZrfNzkna1TSJ59f07Nj+tC02pg2k0XiJRuMdG2jEKDFMIkaIOFxkEJBRGRCU8wcXMQpiFNDk9Vhr1ny/n+/n8p5hLVm++VwM5gDA1a6PIyIiIiIiItKRlEAVEfnaqtm3eitZ1Ram/2cS85oThCOJjZ9ApTvg+pOnXcpIeORIYps+V3QsEz9N5WerjpG87jDRDw298UMa/Am4tb80ERERERER+YZRAlVE5Oty72N7DtA/koTLZlcGEGBpuq4ke916kjNKcdeBjymQ2AfmkBhtBS7O0oyfHcqRTTmcqAOfkEieePJ+eqWv5LnN7oZusreStHRr48xRH7J3bGPtzgKc1YCPN7aY6TzzwFD8GsfM2bGJ5A+KKWsc0z5tEmNy1/LnxqX5JzavJmkzjFq8lCeGt+8j+w2fwMTAt9iy30H2Q0OxA1X521ix2oGj4jz4WIhbMI/E6CJeX7qVrIYvirUvL2MtDUvxIwv3seadj0k/XkUd4BMYyoKkh5nYm8uW8H9VcWYqy98p4EQd4ONH1NR7SJwSQUD7whcRERERERG5Zt26OgARkVuWpwYPgMXaZgIv563VvLa3lICYCSQtnMDEvlWkv/l3VhyublHLTVpaDRMXJLB4QiAGVw6vpWQTZJ9A0ux+WAD6R5K0MIH5dgvgInOvm16TJzSUDTXizNhC6uGLY766uRjsMSQtTGDhZH9O5JYTMTmBpHGBAFgan9074Fo+dBjhfQHKcZYD7jR+9/tDOLAxf2ECi8cZOfjm30k+auPehQnE94eGrQASSFoYSzhQm3uYLGzMW5hA0oIobJ5i3nwzjcqrDV24hddSCqgcPJqkhQksnmqlbP/Rq7cTERERERERuQ6agSoich1qr1ojm+37ayAshqceiCUAiLV7c+Jnu8lMc5A4dExjPSNTFs0jYQAQ7U3W3q1kuYo52fseYnGykQLcloHERjftgTqUxOdbLKEPc7En+xB5hS4Y6moYM2QETy2KJxSAkYxvrBrkPszKjAr8+g8lNrqtPVCvrjgzhy/xY3rSvIZZuNGhuHNWszajmMRFI6nM2k7aV7cCiH+EZfFNPYzEkO1geXYxedD2QVGeaqqAgL4DsdsH4WcYyfgrzFIVERERERERuZGUQBUR+bqsVvoAZe5yKuHKs1BLijnRWLf5uSEEWyA4Kso52VzRSIDpGsb2fMn7q7ewIadhGXyTPi3HDAltTJ7eSEXkFQJYsVnhxPGG7QW2vLyMLS2rmVxUcuU9Uk8eXMPyd441bD1wLSLu4ekZVaz4YC1P7WzcluC+e1gSZ7vF95oVERERERGRm1mXJlCrPDVs/CCdnKNOnEWlANjCgomMsDFzahx+ZmNXhici0jZDFHGRu3Hk5LC9JL7FIVIAZ6l0+xPQO5Q+HOJEbQ210JDoq3XhrAAirQRBQ7KzzXF8LksQnkzfztqcKmzjJjA3ZiC22gP85g+Ohoe9Q+gDnHAVU4z98iSq4ev/01/16V72VIB57EjsQHF/C2TXEf/Yw8xqOZnVYCTgikMdZu2bx3CaQpm7MJaowcE4U/7Eqpz2jO5P+JSHeWkK1Hpc5G1az6tr3mPNgMdY0PdrfyQRERERERGRNnVZAvXDTAep63ZhNhsZHxPFzGlxAOQcdXLg06N8uM/B/DmTGB8T1VUhiohchYnYRdPI/NVWtrz8B07MGEOM1QinnWzfmcOXYXezfMkYEsbuJmt/Br9bd56JAyAvYx8OjMTER7Vv5qTVhs10AOfRfaR8aiVhgBVDiz8wVZUf4/2Mo5TROAOVkSSM3UvW/kO8ttrIXHsAteWH2XI8gucSx2AIC2YQx/gyYxcfRkzAHhJGgPlKA9eQl/MJ+4oarsuyPmFDtpu6HgN5fE4EAKExkQzanElaynZC74vAQg1l2UepGvcw8yLANjgQsirYs3kfkVMj6dPXiLl5pu1ZTmR9wsZ2JU+Bw+tYur6GhMlD6eUDZeU1gHc7G4uIiIiIiIh8Pd7PP//885096IeZDlalbOHeybH8+NE52PqGUF7hxguIi7EzY0ostXV1vL1+N72sAfTve3179InIlVWeOo2Xl9c1vYBW75uuW763dd1WWXsYDDfBOXiGEGJjQvArKyTzoxwysvI4kHsKU8gQHnroLvqbuxE0PJJwzzH+mfE5GVnHcXos3Lngu/xgeA8ATmRlkOkyMmz8GG7rDuAi84NcTvj3ZtJdg+mBlciIszgP5fPRvmwc/kO5d+JQ+pTnsXffF+z/7BS2u2zU5JTBbSOZHO5P0PAI+pwu5FDWF2Rk5ZHt9CY85nZGDAjEYBzAsJBiHAeO88+MbFz94y7uT9qoIabznMjJ48ChPA4cOs4Xbm9sMRP5adIkBjflb40DuDPGn4rsT9j+YS77Dx3nWLeejBw+iPCevphsA+hTnse/sr4gLcNF+LS7mBBxFuehXNL253G07jbu7FvEUZeFmGl2Ql0ONma56X7bSCaHw9EPD/H52cZn3WpwfXaEPR/l8FFWHp9XGon6zmx+ENWjM3/i31pnq6rp7n8t+0yIiIiIiMi3RV3tha4OoUN51dfX13fmgCfL3Tz765XMn303CfFjcBa6eGX523iqawAwm4z85PEHsfUNYcPWdLanHeC5pY8QZLV0Zpgi3wr5x4pu6QSq2U/bOIt0lpLSU/QO7tnVYYiIiIiIyE3IU1V39Uq3sE6fvrVhazrWQAsJ8Q0nT/9P8npG2SNYuWwpK5ctZZQ9gteT1wMwa1ocZrOR7Wkfd3aYIiIiIiIiIiIiIp2fQM3JdXJP/GgAnIUuyivczGrc/xQakqZlFW6chS4A7okfTVb20c4OU0RERERERERERKTzD5Eqr3BjC2vY07SXNQAAZ5GreYm+s8h1yTNbWAhlFe4bGoOn+hyvrVxD7rGi5jIvLy8G9e/D9+dPI6x3r6/d9zHnCf70t82UlFbwo+/PZMyIITciZBEREREREREREekCXbqBoJ/ZyKiowaSu24XH07AH6oat6YwbG4VfixOmO8rUu8c2byVQV3eeNe+l8YdVG3jm8QcJ6OF/zf1VeWp4853tDLT14T9++ADdu/vd6JBFRERERERERESkE3X6En6zyZeTLWaU9rIGUFbhJjllC8kpWyircOPvdzF5erLCjdnk2yGxmIy+BAZ0JzCgO8G9Arh/6jg81TUcL3B9rf5Ky05RWnaK6OERWAMt+Bp0wI2IiIiIiIiIiMitrNMzfKPst5GR6WB8TBQp63aRnpnN/Nl3M8p+GwDpmdlsT/uY+npYMGcS6fuym591NIOPNwDnz58H4LMj+bz17k5KSssJCQrk4blTuH3IAPLyi/njGxu5Y/RQ/rX/c8L69GLQgFA2bfsXAH/860asPXvwsycfxlNdw19Tt/Ll8RMYfLwZFxPFA/fHYzL6ttpP9udf0i8smI8+/hxfXwOL50+lrMLN+i3p1NWdZ9a0OKZPjsXLC/Lyi3l7w27ynSWcv3CB0cNv45EHp+JnNrLxgww+ceRyW3hf0jIOceFCPXePH8W8+yfg4+3NhQv17E7PYtO2f+E+U0VPS3fm3jeBO8fcTrGrrDnuHv5mHpg5kTvH3M7XPCxdRERERERERETkluT9/PPPP9+ZAwZZLazdvLc5wbfwgXu4O24kfmYjfmYjkRE2LJbuvNtYJ+1fh3h0wXQCLNe+pL41dXXn+ejA54QE9SRysK2h7Px5dv3zIAXFJ5k2KYbyU6f5w6r1jBk5hCUL7yPA4s8776Ux4vZwztXW8c+PPqWk9BTfufcupk2KIXKwjYhBfTn0WR4PzZ3Md2dNpL4e/u+f3iUkKJAf/9t3iB4ewdZdmZwsczN8WDinKs9c1o+z0MXHnxzhjtHDWPhAAqVlp9i4LQOj0ZfHvj+LHt392Ja2H/vQQVh6+HHMeYIgawAPz53MHWOGsfOfB6mtqyNysI0juQVkZh0mYlBf/u3he+kdHMgHuzMZEt6PXoEWPtyXTer63cyeHscjD05jQL/eVFSeIahXAL9fubY57iGD+5GyfheDbL3pFWi5YT8H6XqVp07j5eV1TS+g1fum65bvbV23VdYeBkOnT6IX+dY6W1VNd39TV4chIiIiIiI3obraC10dQofq9Bmotr4hTJkwmtT1uzGbfBkfE3VZnfExUaSu20nq+t1MmTAaW9+QDollw9Z0NmxNb773M5tIXDCNkKCebN7xEQGW7syYcgf+fiZiRw8jMyunOWHp7e3N9+ZOYWTU4Ob23f3NeHmBv5+JgB7+ZGUfxVNdw3dm3EVwrwCCewVw3z3j2LQtA/fpswBX7CcsNIi4mCj8/UyMHRXJZ0fyuXdyLMG9Ahh+ezgf7NlPSWk5/UKDiB5+cXauNdDCQFtvikvKmsv6hYU0f4bht4ezaXvDbNOamlrS93/GHWOGMfmu0Xh5QWBAd4Arxj186CA+O5LPbeH9OuRnISIiIiIiIiIicjPqkk06F8yZRJWnhoz9Dl5d/jYJ8aPpF9aQJC0ocrE97QCe6nOMGxvFgjmTOiyOlodI+Xh7NydAAUpKK3AWunj6l69f0iZiUF+CrAEYDD70uMohUSUnK/Du1g1fX0Nzmdnki6f6HJWNCdQr9eNr8KFbt4sz60xGXyyNh1r5+5ku2Vs156iTtZv3UlxSjqe64SCumFGRrfbVpPrcOU5VnmHYbf0vW5ZfcrKCSvdZfvHSXy4pb9mviIiIiIiIiIjIt0GXnXL06EPTGR8TxYat6byevP6SZ0PC+/HMYw8SGWHr0BiaDpG6kt7BgfTvG8IPvjcDk8l4SZuWMzzb0jsokPMXLnDuXG1zmaf6HGaTLwE9/ClrcZjW13G2qprUDbsJDOjOs08+hMlk5G9rtrerrcnXl54B3Sk/dZr6ei5JovYOCqSnpTuPJ86mZ4vvx+irQ7FEREREREREROTbpVMzYjlHnfiZjc1L8iMjbPwkYj5Vnho+zsoBYMyoSPzMxkvanSx3U1Ze2eEJ1ZaGDwtnd/onZGblcFesnfMX6jmY/QXR13Cg1aABoZhNRt7d/E/m3R9PpfsMm7ZlEBU5CMsNSKB269YNX4MPvgYfjL4Gvswv5uiXhdw+ZMBV2xqNBkYPv40NW9MZ1L8Pw4eFc7yghLIKN2NGDsHPbGRPxifcl3An3t28+OxIPmF9gggfEHpdMYuIiIiIiIiIiNxKOi2BWuWp4fXk9fTvG8Izjz94yTM/s5H3dnyEFzBh3IjL2ia/9T7OolJe+kXSZcnVjmILC2bx/Gm89e5O3tuWgcHHh9EjhhAbPbTdfQT08OexxbP4a+pWfv6bP2Pw8WZcTBQP3B9/Q06zN5t8WTBnEn/622Z+9uuVjIqKYEC/3u1uf/f4kZw7V8vaTXtZ/Y9tBFkD+M6Mu7B09+eH35/ZHLd3t24MGdyP+XPCrj9oERERERERERGRW4hXfX19fUcOUOWpoaColIPZX/Dhvmw81edIXDCdIGsAQwb3I+eokyN5BWzYmo7Z5Ms9E8cSOdhGv7BgnIUuyircJKdsaThwKtZOtP02+oUFd1oiVeSbLP9YEV5eXtf0Alq9b7pu+d7WdVtl7WH207YSIp2lpPQUvYN7dnUYIiIiIiJyE/JU1XV1CB2qw7MPP/vViuZ9P2dNi6PKU0NyypbL6s2cOg4/s5HU9bsvezZlwmhsfUNIXbeT7WkHsAZa+O0vkjo6dBEREREREREREfmWu/x49hts/pzJAEQPv42E+DHMmhZHv7BgzCZfFi+YjtnkS1xMFLOmxZEQP4ZxY6MueWYLC2bBnEmMj4liVOP+o7OmxXV02CIiIiIiIiIiIiIdPwN1fEwUZeWVfJjpwFnoAqCgqJTHE2cTbY/Az2xkefJ6Zk5tSIpm7Hcwf/bdjI+Jan7W1C4n18nMqeMYHxPV0WGLiIiIiIiIiIiIdM4hUlWeGsor3Lzwf1ZfUgY0J0ef/fVKAMwmY/OzpveW7U6WX9/J9SIiIiIiIiIiIiLt1SkJ1LLySoaE92PWtDhOVrjZsDUdj6caAD+zEWughQVzJuFnMpKyfldzktTjqcYaaGHWtDiCAi2XtBMRERERERERERHpaF719fX1XR2EiHSN/GNFeHl5XdMLaPW+6brle1vXbZW1h9mvU/4GJCJASekpegf37OowRERERETkJuSpquvqEDpUhx8iJSIiIiIiIiIiInKrUgJVREREREREREREpBVKoIqIiIiIiIiIiIi0QglUERERERERERERkVYogSoiIiIiIiIiIiLSCiVQRURERERERERERFqhBKqIiIiIiIiIiIhIK5RAFREREREREREREWmFEqgiIiIiIiIiIiIirfDp6gBERG5d2by+dCtZV3pkn8bKRHtnB3QLqCQnbQupO4txnj4PgDkkmJip01kQHYKhi6MTERERERER+SolUEVErlePfsyfPRRLyzKrrauiuYmd5WDyapZn19DLPoLFo0IwUElO2iHS3txOpP1hYq87g+ri/d+uZq2rH48vm0/09XZXso1fvnyIE0qIi4iIiIiIfGspgSoicr3MVqKiRxLa1XHc5GoPrmd5dg19Jj/Ei/eFNZfHRsczy11JgKafioiIiIiIyE1ICVQRkQ7TNBsymPgJdaTvraAOb/qMm85TMcdYscLBl9XgExLJE0/ej90McJa8HetZ8UExZXXgEzKQxKR5xFppng3J5AQSCtNJyanCvngpT4Sk8buVB3BUnMfHFMzEOVYcKTkwYxEvTglpV58n7CNYWHuUlJwq6nz8iJo9m6fjmpKcleTs2ERyU3tTIPZpdgLS9rLHM5infj2HprmZlWl/4Zn1NUx58jEWDGj5XVSSnlYMBJIwIYyvCrAENF7VcTx9DSvXF3CiDvDxI2rqdJZMGYQfcDB5GcuzLcTPDuXIphxO1LX4/tyNnwWAApYvXQYhI3jhp3HUZu7iza1H+bLiPOBNr8jRPLUkvjHpXcfJg+tZ/s4xnNUNYw6KiWNO4D7+v83uhrCyt5K0dCt9ZizixbhyUlbsYs/xKuoAc9hAFibOJtaqX6kiIiIiIiLfRDpESkTkerkO8dzSZSS1eL3+acsKpWQWhbFw4QTiw85zImMTzya7CJ+TwOJxFupcOaSmuwCoTE/lN5uLwR5D0sIJTOxRzMpl68hp0duJndtJqQggekIMCVYHK36fiaPCSMzsBBLnhOBcl9OYRKTdfZKdw76QMSQujGFUjyocazbxfknDo5y3VvNqc/sEFk7250SuN9PjA6E6l+0Hqxs7cfJ+WgWERXHvJclTgBqqqgH8sVi++qxlrG/w4poCqoaOJmlhAvPt4Ni8lld3uFrUcpOWVsPEBQksnhCIwZXDaynZYI1i/sIYRvUACCR+YQJJs6MIooYjmU5o7HPxBAtVOZmsTCtvHvPZN49xsm8UixcmkHSfDQpdmJpaw+IAACAASURBVOwTSJrdr2Frhv6RjfEY2bd6EzuO+xC3IIGkhTHE+LjIzK9r/UOJiIiIiIjILU3TZURErldgFM88OY4+LYoM5pYVQpmfNJ3xBggv/4S0IjdR9z3IghgTjKojM2M3juMNCcL0vRUQOIKnFjXMjowNq8Tx8iH2HIbIwMbuwmJ4aWk8AQAHU3m1Gmyz57Mk3gqMJLZHNU+uzG2s7Gpfn5HjeHrOGAyArTyHrM1u8lxA72y276+BkIvtYSTjAWohav1uHJkOaqPHYMh3kFkBUffF0jSf9KI6qmqv9kU2xmoaTGLipIZZrdFWTua+zY69B8ibMr2xnpEpi+aRMACI9iZr71ayXMUUG+zYo31wfpBJ1ml/7NEjm/dATXj8MRKahmlqk1sE8Q0zg6EfiY9Pb6w/ktj4hqrhONlIAW7LQGKj7UAlezyAyUL44Aiirf7ERsdf7YOJiIiIiIjILeymSKCeLHeTsd8BwKiowdj6hnRxRCIi18DgjcUScIWkYRNv/L6yv6fBZGq8MLY4ed7VkLTkEM8tPXRJfXN5JTQlO63W5rGKyxuWmPcKtF6sHOjfIpZ29nlJHC2UFDfMZg0JvXyPV8MYEsbuxbH/E9LdY+iVfhi3aTAJ0aYrdGSlTwhQcRa3G7jiLNTGWEP86dVcFkp4GOzIqaSyucxIwJWGaFU5+95ax5tZFXgumyjaNKb1kgR46wKYuCiBvORdvPnrP7IKb3r1H8rCxOnY25hZKyIiIiIiIreuLk+gOgtdvLL8bTzVNQBs2JrOM489SGSETrAWkW+bEMJDIKs2kmeenPCVGa0BUH55i1CrBXBTVlEONCZRK85SCY1J1Gvv8xK9Q+gDnHAVU4z9siSqPX4ovfY72JOZRq/95+k1YQxXPqveRGxMKKtyitm+t4iJ9126D2qVuxI/S2OsnvN4mp8Uk1cE9GhIUFdyNT6X/2Y7vIuV+yswR44maXIkkSEFJP/vvTT82c5Kn0DAVc4JuEKS2OfyxLJ1JIlLR5JINVWFh1ixfC+vpQSzfMmYKyehRURERERE5JbWpQnUlsnT+bPvBiB1/W5eT17PTx5/UDNRReTW4CnHcfATnC3LrAOJvWwf0KsJIW5CIGvX5JC83sJcewDUucg6CBOX3EPklZrYRxJjKiBzfSoriGOUuZg963LxcDGBes19XmIkCWP3krX/EK+tNjLXHkBt+WG2HI/gucQxGPpGMSrQwY7NmTjxY0pM63/8MkTP5vGsZJbvfIufuUYwc1QIBirJSXOQfjyAxJcebozVwYrVfsy1B+DOTmfHabDNGE04cPCq8VoJD/OGomLeX5dNr3gboWYjzTsqnC4lM+PjxuQpQBgJkwPZsqaA5OVbqBoXiuG0k+0HjSx86h76W23YTAdwHt1HyqdWEgZ4kZW8hn19R5AwOADqinBXXzEQERERERER+YbosgRqy+Tp4gXTGR8TBYDZbGJVyhZeWf62kqgicms4XUDqmwWXltmnEZt47f9+BcQ9wm/M61n+TiYrswAfb2xDR2PwtNLAMJQlT56ldtVeMtdv56ApmIlzInGn5Hz9Pr8i8qGHSTK8R2pmQ3sfUyD2aVZqAQM27o0PZMf6xsOj+rbVkz/RiYt4Jm0LqTsdrMpu2FLAHBJM3MIEog1giHuEX7KGleubYvUjasZclkxp/3cZOWc2c09vYcPerbyYM4IXfjqJp2e4ef2DA6zMMTJkXiSjsg6R1fz9zOfZuvdI3uRgVa4DfPwYFBOHHwARzF8ygsrkQ+xY9RaOGQ+QGB1M+s4DrMw43xB/WCRPLdLsUxERERERkW8qr/r6+vrOHrS15GmTDzMdrErZgtlkVBJVpAPlHyvCy8vrml5Aq/dN1y3f27puq6w9zH5dvgvJzSl/C0t/7yBgRiLPTbFevf51qj34dx5/s5iohU/w9BX3P5VvgpLSU/QO7tnVYYiIiIiIyE3IU3XZgRPfKJ2efbha8hRoLtNMVBGRq3GS8qs1OPpGMX1UCIY6F5lbHbixkGDv+OQplLNnZzG0eniUiIiIiIiIyK2tUxOo7UmeNunIJKqn+hyvrVxD7rGi5jJfgw8Rg/ry3ZkT6RcWfF39V1Se4aXf/50HZ9/NmBFDLnuel1/MH9/YyI8emUn4gMuOLOkUGz/IwJFzjKeS5mE2+XZJDCJyI1iIjreRl3ZxSbxPYChzn5zNvb07Yfj8fWwvoo3Do0RERERERERubZ2WQL2W5GmTjp6JOvXusSTEjwHgzJkqtuzK5OXXU/nB92Yw4vbwGzaOiEjHCSAyfh7/Fd9Fww+YzkvLpnfR4CIiIiIiIiIdr1tnDPJ1kqdNxsdEsXjBdDzVNbyy/G2cha4bFpfJ6EtgQHcCA7pj6xtC4kPTGT5sEBu2plPlqblh44iIiIiIiIiIiMitqcNnoLZMng4J73dNydMm42OiSN+XzZG8gg7dE9XH25sJd47gj3/dwPFCF0MjbOTlF/P2ht3kO0s4f+ECo4ffxiMPTsXPbKS8ws0b/9jGZ0fy8e7WjTEjh/DAzIvTwIpOlLFl59/ILzhBSFAgP/jeDAba+jQ//+zIMf7y1vu4TlYwqH8oP/jeDIJ79Wx8ls9b7+6kpLQcP7OJqRPHMnXSWHy8vSkpreAfG/fw+ZF8auvqGNQ/lB8uuh9roKV5e4A7Rg/lX/s/J6xPL554dA6f5Rxj9T+2cfpsFUMG2+gdFHjDvz8REREREREREZFvmg6fgfrK8lQ81TduNmfTTNSO0t3fjJeXF2erPABUus9wx+hh/PrZR/n509/jeKGLHXsPAPDu+//k3LlaXvxpIs8tXUSP7mZOn/E095Wemc382Xfz4k8fxd/PxOYd+zh//gIANTXncOTk86Pvz+K5pd8H4M9/fx9P9TmcRaX8+e+bGXF7OC/9PIlHvjuVbWkfs/vDTwA4W1XNQFtvnv/JYl786aN4d+vGmk17qa9vGLe6uoaPDhzmOzPu4tGH76WktILV72zjzrG389LPk5g8PpqPDx3psO9QRERERERERETkm6LDZ6DGxdiJjLCxPHn9DUmkPp44m5yjzhsQ2ZWdO1fL+fPnm++jh9/WfG0NtDDQ1pvikrLmMrPZSIDFH5PRl/mzJwENh0gB3HfPOCIG9QXAPnQQjpxjnKutA6Bbt25MnxRDv9AgAL4zYwIrV79H0YmT5OQ6CbB0Z8aUO/D3M2ENtHD0WCEHPv2CCXcMJ3xA6CWHTw0bMgBHzjGqa84B4O3tzffmTmFk1GAAPtyXfcX+8vKLb/j3JyIiIiIiIiIi8k3S4QnUBXMmNV87i0oveXay3M2zv155xXbP/ceiKy7Tj7ZHEG2PuLFBtnCutg6Djw89Ld0ByDnqZO3mvRSXlDcngGNGRQIw7/54/rZmB//+y+X4+RmZND6aqRPHNvfV1un2BoMPPbr7Nd/7GnyoravjlPsMJaUV+Bp86Nbt4gRhs8nIqcozVJ87R9kpN6nrdnG80MWZsw0zXgcPDGu179b6ExERERERERERkbZ1eAK1LWXllUDDzM6gQAsAJyvclFe4u+QQp7rz59n7r0ME9uxBaO9enK2qJnXDbgIDuvPskw9hMhn525rtzfV7WrrzROJs6uvhmPMEf3xjI9aePRg2ZMBVx6qtreP0marm+5aJ297BgTiLSrlw4ULzc091DT0DumPw9mHNe2mcPuvh6SXzsPTwZ3vax+QeK2p1rN7BgeTlF1NbV4cZ3+b+REREREREREREpG0dvgdqe4yPieInT8znJ0/Mb/WQqcgIGzOnjruh41bXnKOi8gwVlWfILyjhf/68js+O5PPQdybjZzbSrVs3fA0++Bp8MPoa+DK/mKNfFgJw/vwF/rFxD/s/OcIp9xm8vKCbV/sTkxcuXGDLrkwKik9SUHySdzfvJbR3L8L6BDF8WDiV7jNs3vER5RVuDhz6goz9nzF6+G2YzUZMRl8MPt6YjL6UlVdy4Cr7mQ4fFk6Vp5qtuzKb+0vPdFz39yciIiIiIiIiIvJN16UzUK/FrGlxN7zPD3bv54Pd+4GGJfQRg/qy9EffpV9YMNCwBH/BnEn86W+b+dmvVzIqKoIB/XoD4OXlRVifIFLX7eKU+ww+3t6Mj7UzPtaOp/rcVcc2Gn0Zdlt/XluxhsrTZxjUP5RHH5qO2eSLLSyYf3t4Bm+9u5Nte/bjZzYxdeJY7h4/Ei8vmHffBP7/1e/xy9/+hQH9+hAZ0Z8TrvJWx7KFBbPogXv425odbNuzn0H9Qxllj2izjYiIiIiIiIiIiIBXfX3T2e0dK2npMgBWLlvaXJZz1Mmrf3ibmVPHNSdIN2xNZ+MHGTzz2INERtg6IzSRb638Y0V4eXld0wto9b7puuV7W9dtlbWH2e+W+RuQyC2vpPQUvYN7dnUYIiIiIiJyE/JU1XV1CB3qpljC3x4btqaTun5XV4chIiIiIiIiIiIi3yKdlkBt60T69tj4QQYf7su+QdGIiIiIiIiIiIiIXF2nrX8dZb+NjP0OklO2MD7GDoCzqLTV+s6i0uZlvR9mZjf3ISIiIiIiIiIiItJZOi2BOmtaHDm5TtIzHe06Af6ry/WtgRYWzJnUUeGJiIiIiIiIiIiIXKbTEqhBVgv/vfQR0jOzqfLUXPIs2h5xxesmfmYjcTF2/MzGDo9TREREREREREREpIlXfX19fVcHISJdI/9YEV5eXtf0Alq9b7pu+d7WdVtl7WH267S/AYl865WUnqJ3cM+uDkNERERERG5Cnqq6rg6hQ3XaIVIiIiIiIiIiIiIitxolUEVERERERERERERaoQSqiIiIiIiIiIiISCuUQBURERERERERERFphRKoIiIiIiIiIiIiIq1QAlVERERERERERESkFUqgioiIiIiIiIiIiLRCCVQRERERERERERGRViiBKiIiIiIiIiIiItIKJVBFREREREREREREWuHT1QGIiNy6snl96VayvlJqDgkmZup0FkSHYOiSuNqhZBu/fPkQzFjEi1NCujoaERERERERkZuWEqgiIterRz/mzx6KBaDORebOQ6S9uZqs7Gm8uMiOX1fH1wkOJi9jebaFuf+ZxL29uzoaERERERERkRtHCVQRketlthIVPZLQxtvYmDgOJiezPGs7qTF2Eod2aXQiIiIiIiIich2UQBURueH8iZ4RSa/sQ6RnHiZx6FDgLHk71rPig2LK6sAnZCCJSfOItdK8nP6EfQQLa4+SklNFnY8fUVOns2TKoMYZrG20/zSVpFUF9BkXw5DcA6S5zoOPhfjEh1k01B+A2sI0Xl+ZieM0+PQIZdZ9lq/E/DXimz2bp+PKW2xj4Gbty8tYSz8eXzaf6JKPeX3VXrJc5wFvekVGkbjgHiK/OrSIiIiIiIjITUyHSImIdITeodgAXMWcBCrTU/nN5mKwx5C0cAITexSzctk6clq2yT7E++YoEhdOYMqA8zg2r2VF5lloZ/sTGQ484yaRtCCKQT5u0la+x0GA2mxWLM/E4bEQNzuBxPusZG/K4USLtu2LL4d9IWNIXBjDqB5VONZs4v0SG/cuTCC+P4CRUbMTSFoYSzhOUlbuJssdwtyFCSQtiMJWcYyDp2/8Vy0iIiIiIiLSkTp1Bqqz0EXq+t3k5Dqvua3ZZGT+nEmMj4m68YGJiHQoF+l7KyBwBE8tiicUiA2rxPHyIfYchsjAxmphMTy7KJ4AINbuzYmf7caR/jGVMUPbbt/Y3DLhfpbE24CRGLIdLM92c6IEKHKQVQ1DFjxMYow/MJJoynk8pfja4oscx9NzxmAAbOU5ZG12k+cK4N7okVRmbScNI+GRI4ntDXAUjwewWIkcGkm4eSSxMZ3wVYuIiIiIiIjcYJ2WQD1Z7uaV5W/jqa6hX1gwfibjNbV3FrlYlbKFyME2gqxa/ykiN7mSYpwAIaEE4SLPBXCI55YeuqSaubwSmhKUVisBTQ8MNiJDwFFdQ9XV2vdouPbrceV/V4vL3Q3PTf7NZYb+wfThYgK1XfEZjBja8dEbRDB/yQgqVzv4zS8c4OONbWgcixfG0r/9nYiIiIiIiIh0uU5LoG5P+xhPdQ3zZ99NQvyYa26/YWs6Gz/IoKy8UglUEbnJneXg5hzKMBI3bijgIjwEsmojeebJCfRpUdNgDoDyxpvyciqhIYla6yTHBfQ34kdI2+0Ptx1NqNUCuCmrKAesANQeL+UENPZ1lf7Lv9rj5QxX+G3iN+Aenv7FPVB7lpP5u3jtD3tZvimUl+bYrt6hiIiIiIiIyE2i0xKozkIXAHEx9s4aUkSkc3jKcRz8pGHGaZ2LzJ2HyHKBZdQ05kcAhBA3IZC1a3JIXm9hrj0A6lxkHYSJS+5pXoJPUSa/WQ1z7SbyMvbhAAbF2AnA2r72rbGPJMZUQOb6VFYQxyhzMXs2Fbeo0M742mAbHAhZFezZvI/IqZH06VtM6vN7qZowkhirEcrdVELjgVgiIiIiIiIit45OSaB+mOnAWVQKQHLKFhIXTMfPfPlSU2ehC1vfkM4ISUTkxjldQOqbBc235pBg4hdOZ0F0SPOS94C4R/iNeT3L38lkZRaNS9pHY/C06Mc+gns9DpLfbDzlfsZclsRZ29++NYahLHnSRdXKA2Su387BHqHMui8Sd8rFI6Kuq38gIG4OSflrSN6/l99kf8njy+4hym5k4869rKwG8KZXZAxPafapiIiIiIiI3GK86uvr6zt6kNf/so4sR27z/XP/seiSROmHmQ5S1+3CU13T6mFRTUv4n3nsQSIj9B9wkRsh/1gRXl5e1/QCWr1vum753tZ1W2XtYfbr1HPwOk7JNn758iFO2KexMlGz9OXmVFJ6it7BPbs6DBERERERuQl5quq6OoQO1SnZhycencMrr6dyJK+AlcuWXvLsZLmbVSlbMJt8GRLejyN5BaxK2UK0PeKKs1RvBE/1OV5buYbcY0XNZb4GHyIG9eW7MyfSLyz4knoATyXNw2zy7ZB4RERERERERERE5ObU5dO3srK/ACAhfgyzpsWRsm4XO/YewFno6vCZplPvHtt8oNWZM1Vs2ZXJy6+n8oPvzWDE7eGYjL48kTgHAJPxxiZPV6x+j/JTp5WYFRERERERERERuYl164xBNmxNb94D9dXlb3Oy3N38zBbWsJQ/K/soR3ILOJLrBOiw2actmYy+BAZ0JzCgO7a+ISQ+NJ3hwwaxYWs6VZ4avLygR3czPbqb+ZorjEVErq73Pby4bKmW74uIiIiIiIjchDplBmqVpwZPdQ0AxwtLLnnWyxqA2WTEWVTKK8tTATCbjJjNps4I7RI+3t5MuHMEf/zrBo4XuhgaYWPF6vcAWLLofjZ+kMEnjlxsfUPYd+Bz5t43gfGxdt55L42MTAcXLtQzPtbOAzPjMRl9uXChnt3pWWza9i/cZ6roaenOtEkxbNuzn/JTpwF48uf/l1nT4pg5dRyfHcnnrXd3UlJajp/ZxNSJY5k6aSw+3t6XjT17+ng+/TwPs9nEDxfdj7d3Qy58zaY0vsgr1MxWERERERERERGRG6BTEqgL5kzCWejiSF4Bv//1/2our/LU8MKyN/BU19AvLJhoewQHs49SUFTKq8tTeW7pI50yE7Wl7v5mvLy8OFt15aOn8wtK8Pcz8dSSefQLDeGdjWk4cr7k33/4AD26+/HX1K1s2v4v5t0XT3pmNu9sTGPe/RMYPWIIxwtKKCk9xX89/T1W/2Mble6z/NvD9xJg6Y6zqJQ//30zd465nSl3zeOYs4TV72zD19dAQvzoy8a2hYXQ3d/Mui0fUlbhJiSoJ1WeGj4/cpzY6KFKnoqIiIiIiIiIiNwAXboH6oat6Xiqa5gyYTQL5kwCYNa0OP7y1hYy9jvYnvYxs6bFdWpM587Vcv78+Vaf9w4O5NGH7iXA4k+l+yyOnC+5755xRAzqC8C9U+7g/R0fcaryDOn7P+OOMcOYfNdovLwgMKB7cz++Bh+8vbsRYOmO2eTLp5/nEWDpzowpd+DvZ8IaaOHosUIOfPoFE+4YftnYAFGRA9m84yOO5BUQEtST3GNFnK3yMMoe0YHfkIiIiIiIiIiIyLdHpyRQU9bt4kheAQBP/vx/eG7pIwRZLTgLXQAcyXXy6vK3m+tXeaoByDnqhGmdEeFF52rrMPj40NPS/YrPu/ub8fU1AFB5+iye6nP8NXUrf03d2lzH2rMH7jNVnKo8w7Db+rdr/9SS0gp8DT5063ZxW1qzycipyjNUnzt32dgAARZ/Igfb+Ojjz4gZGcmBT79g6G0DCO7V8+t8dBEREREREREREfmKTkmg+pmNmE2+eKrPYQsLvux50wFTV2rXmerOn2fvvw4R2LMHob17XbV+QA9/zCZfZk8ff8msz27dvPD1MdAzoDvlp05TX89Vk6i9gwNxFpVy4cKF5jJPdQ09A7pj8m19Of6dY4bxp79t5vDR4+QcdfLQdybrwCsREREREREREZEbpFMSqLOmxZFz1MmRvAJ+8sT85vKW11fTlEy9kUnV6ppzVFSeAcB9+izvbv4n+QUl/PjROe0ax9LDn6jIQexJ/4QB/XoT2LMHJa5ySssqueuO4YwefhsbtqYzqH8fhg8L53hBCWUVbibfFc3ggWF8mfYxZRVu+oUGMXxYODv2HmDzjo+Yclc0x5wlZOz/jPsS7sRoNLQaw4B+fQgJ6snbG3bj72di8MCwG/b9iIiIiIiIiIiIfNt16R6oACfL3Wz8IJ2ycvcl5ZERNmZOHdd8nxA/hrgY+w1NoH6wez8f7N4PNOxJGjGoL0t/9F36XWGW7JV4ecEDM+N55700lv3hbWrr6gju1ZPZ08cDcPf4kZw7V8vaTXtZ/Y9tBFkD+M6Mu6ivh3Fjo/gir5AXlr3B2JFDWLLofv7t4Rm89e5Otu3Zj5/ZxNSJY7l7/Mg2Y/D19WGUPYKUdbv47syJnT5rV0RERERERERE5JvMq76+vr6jB3n9L+vIcuQ23z/3H4uw9Q0BGvY5ffUPb1/Wxmzy5fe//l8dHdo3wieOXFLW7eTff/hdQoK0/6m0X/6xIry8vK7pBbR633Td8r2t67bK2sPs1+V/AxL51igpPUXvYP2OERERERGRy3mq6ro6hA7VKdmHUcNvIyfXiaf6HKOiBtPLGtD8LDLCxjOPPXhZm5Z1AKo8NRQUlTJkcL8Oj/dWcv78BT7MdGDr25tegZauDkdEREREREREROQbpdvVq1y/8TFR2MIaZpzOnzP5smXmkRG2y15B1kuTgemZ2byyPJWco87OCPmWUXTiJLnHChkfE4W3d6f8OEVERERERERERL41Oi3j1rRkPyv7i6/VvspTcyPD+caw9Q1h2fOPMTJqcFeHIiIiIiIiIiIi8o3TaRsIJsSPIT0zm9T1u0nPdOBnNl1T++OFLuDypf0iIiIiIiIiIiIiHaXTEqhBVgs/eXw+Ket2cSSv4Jrbm02+LF4w/bKl/SIiIiIiIiIiIiIdxau+vr6+q4MQka6Rf6wILy+va3oBrd43Xbd8b+u6rbL2MPt12t+ARL71SkpP0Tu4Z1eHISIiIiIiNyFPVV1Xh9ChdOqQiIiIiIiIiIiISCuUQBURERERERERERFphRKoIiIiIiIiIiIiIq1QAlVERERERERERESkFUqgioiIiIiIiIiIiLRCCVQRERERERERERGRViiBKiIiIiIiIiIiItIKJVBFREREREREREREWqEEqoiIiIiIiIiIiEgrlEAVERERERERERERaYUSqCIiIiIiIiIiIiKtUAJVRORry+b1pctI+u02ijtpxIPJy0haupL3SzppwC4eV0RERERERKSr+XR1ACIi0n72BT/g1Vof/CwdOMinqSStKqDPjEW8OCWk88YVERERERERuQkpgSoicgsxmAMIMH97xhURERERERHpakqgiojcKCXb+OXLhzgxOJIptUfZcfw8+FiIT5zN+MNb+F1GKZ46b/qMm86zDwzFDxfv/3Y1a13BxE+oI31vBXU0PH8q5hgrVjj4shp8QiJ54sn7sZsbltIvz7Yw9z+TuLc3UJLG71YewFFxHh9TMBPnWHGk5EDj7NGG+v1YnOTPluQcTlhH8MJPx1C2YxtrdxbgrAZ8vLHFTOeZB4aSk7yM5dkNH+fE5tUkbYZRi5cSt/8r47oPk5K8iz3Hq6gDzGEDWZg4j1hri+/BPoKFtUdJyamizsePqNmzeTourMt+PCIiIiIiIiJfR5fvgeosdPHCsjdIWrqMpKXLeGHZGzgLXV0dlojI15d7DOeAOJIWDMZW5yZt5WpeLwph/oIJxIed50TGXvZcspdoKZlFYSxc2PR8E88muwifk8DicRbqXDmkpl/h38Xaw6z4fSaOCiMxsxNInBOCc10OJy6rWMCq5GOYh0Yyd3JD4jZzr5tekyeQtDCB+UONODO2kHoYwicnkDQuEACLPYakhQncO+Cr/R0l+beb2FFkJG5BAkkLorCVH2PlsjVk17aolp3DvpAxJC6MYVSPKhxrNmkPVREREREREbnldPkM1L+kbKGgqJR+YcEAOItKSU7ZwnNLH+niyEREvqbIcTw9ZwwGXJTtzMXpCmVu0nTGGyC27ihpKcXkuYDeTQ1Cmd/4PLz8E9KK3ETd9yALYkwwqo7MjN04jruAkEvHyf6EzGqwzZ7PkngrMJLYHtU8uTL3KwF5E5f4YxKHXixJfL7FTZiLPdmHyCt0ETBlJLHuw6zMqMCv/1BioxvGPNiyu08/Jr0abLPnsCimYdxoynk85Rjbs6qx9//q9wC28hyyNru/8rlFREREREREbn6dmkB1FrrY8EEGHk8NvawW5s+e1Jw8/e/GhOn/XvYGzqJSqjw1pK7fRVm5G7PZyKyp47D1DbnKCCIiNwGDEcMlBd74NRYYTN5XaHDxeXMXJlMrfV1UXO4GoFeg9WJhoD8Bl9X0p09gi1vPl7y/egsbchqW3zfp08o4SvLOkgAAIABJREFUl43runxcQ5iVXhRT5na3+BCtxy4iIiIiIiJyq+i0BKqz0MUry9/GU13TUJALOUedAAQFXjzWOSjQQkFRKS8se4Oyiov/Ec856uQnjz+oJKqISKNQqwVwU1ZRDjQmMyvOUglXSKJedDJ9O2tzqrCNm8DcmIHYag/wmz84LlYwtP2rITSkYdza6mqgIdFbW1ROGRBlsbTVVEREREREROSW02l7oG7Ymo6nuobFC6bz2q9+zKiowZRVuLEGWpg1La653qxpcVgDLZRVuBkVNZjXfvVjFi+Yjqe6hg1b0zsrXBGRm599JDEmcK5PZUXaJ+zL3MIrq3PxXKWZwWxsvq4qP8b7HxylrGWFsGAGAScydvFhfhGVX+1w+BjiTOBY9zYpmQ3j/m5dMZgGkjDKdGM+m4iIiIiIiMhNotNmoFZ5GmaeRtsj8DMbeeLROZc8dxa6MJtN2PqG8NtfJF3yLNoewaoWfYiICGAYypInz1K7ai+Z67dz0BTMxDmRuFNy2mwWEHc/SflrSM7Yy8pMC/H3DaRPbos2lniWLCzltZRjrPr9W4xavJS4S3qIIPGn92FO3sWelO3sAMxhA0lKnIdda/ZFRERERETkG8arvr6+vjMG+stbW8jY72CUPYInEmc3l391ab/ZZCR6eATzZ0/Cr3GW1Ot/WUeWI5dxY6N49KHp1x2Lp/ocr61cQ1TkQGZOHXfZ8xOucl79w9s89J3JjBkxpM2+Pj50hD/+dSM/+v7Mq9YVudnkHyvCy8vrml5Aq/dN1y3f27puq6w9zH5dfg7ezSd/C0t/7yBgRiLPTbFevb5IO5WUnqJ3cM+uDkNERERERG5Cnqq6q1e6hXVa9mHBnEnk5DrJyj56SbnZbAIacrhmky9QT3qmA2ehi2cen4+f2UiWIxdroIUFcybd0Jgy9jsYNzaKIOvFPfvq62HvR59S6T7brj6GDwvn5ed+iL/f1ZetNiVurT17sGTR/V87bhGRBk5SfrUGR98opo8KwVDnInOrAzcWEuxKnoqIiIiIiIjcCB2+B6qz0MULy97gqV/8D+WNe542lZ8sdxNktfCTx+djNvniqT7HrGlxjBsbhbOolOXJ6wGwBloor3Dz1C/+hxeWvYGz0HVDYistqyRjv+OSspLScj468Hm7+/A1+BAY0B3fqxy6IiJy41mIjrdhLnSw6s3trEw5RDahzH3yYe7t3dWxiYiIiIiIiHwzdHjWL2XdLpxFpfQLCyaoxYFRryxPxVN9jsULpjM+JoqfPD6fF/7Paj7MdPDfSx8hJ9dJTq4TgB8nzmbD1nROVrhxFpWSnLKF55Y+ct2xRQ+/jX0HD18yC/XDzGx6WrpTf+HizgYlpRX8Y+MePj+ST21dHYP6h/LDRfdjDbSQl1/MH9/YyI8emUlgzx689Pu/Exdj5+CnX1BUcpKQoEB+8L0ZXLhQz+9WvIOn+hy5QGZWTvOy/8+O5PPWuzspKS0nJCiQh+dO4fYhA5r7vivWzoeZDipOuS8Zu7rmHFt2ZrL3o0O4T1dh6e7Hou/ewyh7BBWVZ1qNZaCtDwDHnCdY/Y9tOItcGHx8GBcTxQP3xwPwzntpZGQ6uHChnvGxdh6YGY/J6Hvd37mI3EgBRMbP47/iuzoOERERERERkW+uDk+gHskroF9YMP/dIuFZ5anBU30OgFUpWy6pH/T/2rv38Kire9/jn7kmk8CEDCRILtw3YBOriMGCle2FWiptsequ9GIrtmBre/Z2H7en3aftrrXt0+2x9LTPPtq9awuonEo8vUBtK1goCCVWIhCVWIKAyJAEMuQ2kLnP/M4fYYZMMjMJkCt5v55nnsz8Zv3Wb4V/XH7yXWudq1CdcK7q9HSLV6XFhYlDp76z+lm5Gzz9Mra55TPl9wf06uu1+thtC9R0uk373zqs22+9Xps270606/AFNLV0ou5ZdrNisZieqdyiX/9hl774maUp+/3r3lp94dO3a+yYHK15/iX9cdsefeHTH9E3Hvqsfv5//6g8Z64+c9di5eZky93g0S9++Ud9YN77dOsH79Lbh97Tc//vT/rnB+6WJAUCQdXWHdN/+8InFIlE9F/PvqjtVTW6a+kixWKGItGo/vGLd8o5NlevVL2hyk3bNblkYmJPyVRjeeDej8rT3Kb/s2ajZk4t1pc+/3EFQ2G9tu9tRSIxbXzpL6qte1f//MDdGjsmR89UbtEftv5Vdy0lpQEAAAAAAMDoMijrzrsfDxM/HCq+bL9riDp7Zql8/qDcDR45su1J+5P2N7vdqttuqtALv9uhBdeVaddrb6roigmaNaM0qd30KZM0fcqkxOcrZ01Rbd0xBYKhlP0u/dACzZxWLEkqnzNNtXXHFIsZco7NlcViTiz7l6S3/nZUec4xuv3W65Wbk635116p6po6HXOf1ARXnmw2qz5x+40qmTRBkjRt8iQ1t3gldf47xitGJen975uuqtdr1dZ+VvnjxqYdSygc0b633lF2ll2f+sQtynPmSpJKli5Su7dDtXXvJt33kVuv10vbXpM/EJQjO+vS/tEBAAAAAACAEWTAA9SSogK5Gzx6bPWzGu/K08dvW6DS4sJzB0aZdM+ym7T/rcMa78rT5OICLawoV3NLeyKsc9c3qbS4UJL0xJOVOnFuO4D+MntGqcbnO7Vp8269e7xRn//kbbJYkreGbTjVrMqN23W8vklnO/ySpBlTi9L22fm79c0pT6vc9U166FtPJl2fOa1YE1x5slgsafdXDQRD2rR5t/a9+Y5a28/KMIwez043llOeVo3JdchutyVdbz/TIX8gpGcqt+iZyi2J665xYxUIhglQAQAAAAAAMKoMeIB6//IlWrNhs9wNns5XfZP+/ZsrtXjRPL348qtyN3j0yFfukdS5tL+5pV2lxYW6b/kSrduwWU889YIeefCTKi0u1OlWr0qKCnT/8iX9Nj673aolN1foP9b8Vtde9XeaPqVI3rO+xPfRaEy//v1Onenw66FVd8k5Nldbd+7VkWMN/fL8iQX5mlxcqC9+5nZldwkns7PsajzVnPHe1984pN17Dmj5HbfoyllT5K5v0vpf/anPzz1yrEGhUDgpZM0bmytHtl3Lltyga8pnJq6bzSaNzc25wN8OAAAAAAAAGNkGPEAtLS7Utx/+nHz+oB5b/ayaWzuXny9eNE/7DxxWVXWt6g67NcGVp+P1TfIHgomDpSQlhaiPf3PlgIxx5vRiffnzH1fRFRN6VJ+azWZlZ9lls1qUnWVXc0u79r15SHnOMRf8HEe2XcVXTNCJRo/az3Qob2yurrpyunZUvaHqmjp9cH65ojFD+w+8o7nlf9d7f1l2mUwmjR2To0gkqqrq2rTbCnR31ZXTtW3XPv32pb9o6eIPKBgKq3r/Qd12U4XKZk/TK1VvaErJROWPG6tTTS3yNLfrg9dfdcG/MwAAAAAAADCSmXtv0j82bNyu5lavrimbIalz/85HHrxHC64rU3OrV3VH3JI6l6Cv27BZu6trdUNFme5bvkT+QFBPPPWC3PVNAzI2q8Wi8jnT5Dq3b2hXJpN019IbJUnfenyNKjft0OyZky/6WUsXXy9JeuQ7/6kXX35VpUUFuu+eD6u6pk5f//7TevSJdXLXe2SzWXrt6+ryGVpYUa6n1m7S9/73ehVMyEuqYs2ktKhAX/j07TpyrEHf+MHP9fh/PK9QOCyLxaS7P7ZIM6cXa/VPX9DXvvtfeu5Xf1JWlq33TgEAAAAAAIDLjMkwDGMwHvTEk5U6dPSEfvK9ryYOkUrFXd+kJ56qlD8QSlSi7q6u1boNm+XIzkos5wdw6d471iCTyXRBL0lpP8ffd/2Z6X2ma33hyBmUc/AASDrladPEgnFDPQwAAAAAw5DfFxnqIQyoQatAjYem+w8cliQ9uWajVj68Wl//3tNJlaWlxYV65MF7hqQSFQAAAAAAAAC6sjz66KOPDsaDJhW6tGf/Qb1eU6cXX35VJz2tcuU71dLqVbu3Q/Pnzkm0zXPmqnzOtET78a483VBRpvGuPL1eU6cDB49p8aJ5gzFs4LLW3nZmRFeg2myD9jcgYNTr8AU0Jjd7qIcBAAAAYBiKhGNDPYQBNWjpQ7yy9JqyGZo1vUQLrivTtx/+nCQlDpaSpDXPb9Zjq5/tUYm6dec+3VBRppKigqT2AAAAAAAAADBQBm0P1HS+s/pZnWjwqLSoQJLkbvDIle/U499c2fm5y56o4/Odam71qqSoIBG+Arh47IEKoK/YAxUAAABAOuyBOsDuX75EJUUFcjd45G7wqKSoQF9dsSzxfbwSddb0EjW3ejVreonuX75kCEcMAAAAAAAAYLQY8gpUAEOHClQAfUUFKgAAAIB0qEAFAAAAAAAAgFGKABUAAAAAAAAA0iBABQAAAAAAAIA0CFABAAAAAAAAIA0CVAAAAAAAAABIgwAVAAAAAAAAANIgQAUAAAAAAACANAhQAQAAAAAAACANAlQAAAAAAAAASIMAFQAAAAAAAADSIEAFAAAAAAAAgDQIUAEAAAAAAAAgDQJUALgkTXrp8dVa+XCl9vel+ak/6VsPr9bKtQcGemAAAAAAAKAfEKACAAAAAAAAQBoEqAAAAAAAAACQhnWoBwAAlx3vQW1Yu12vHPcpIslRNFWfXXGX5ru6NmrUKz/bpQ11PkWsOSq7bYlW3TpNOUM0ZAAAAAAAkNqQBKg+f1Avvlyl3Xtq5Q8E+3zf+HynFi+ap8WLrh3A0QHApTistY//QVWRfC1avlCz1ahXNtbq6dW/Vs6jd6k83uzAm3rpmgqt+Gy2jr66R9v++Bv92LFC/3OhK1PnAAAAAABgkA1JgPrkmo06dPSEHNl2zZpe0uf7Dh09ocpN2+VwZOmGirIBHCEAXKS39qoqIJUuu0P3VrgkXa25atGDG45pa01A5ZPPtSuq0L/eu0h5kubPzVHzw1tUU31A7Qs7rwEAAAAAgOFh0ANUd32TDh09oZKiAj3y4D3KcWRd0L2P/eg5vbiligAVwLDU2OSVJI3PP19Jaityabwa1ez1nm/ocnUJSgs1vVCqCQTlkwhQAQAAAAAYRgb9ECmHI1uzppfo4x9eeEHhqSSVFhdq1vQSNbd6e28MAIMiIl9YkqyySZpU6JQkhQOBRItwQ4uaJY13Os/f1tKi9kQDt+qaJGVnsQcqAAAAAADDzKBXoE5wOfXIV+4Z7McCQD9r19H9daqr2avNrZJmT9VsSbpqnhZmn1DVxhe0QVdruhr1ysZGKXuqFl+TLbWcu72hWj94TrqzvHMP1FpJZQvnUX0KAAAAAMAwM+gB6ukWr2oOHE46POqashkqLS4ctDH4AyH95Olf68ixhsQ1k0maWODSpz5xi943a8qgjQXASOXWS+t3qUaStXC2vnLvPNkkSTO14mtL5Vi7Xa9s2KptkhxFU7VyxV0qt3W5vfz9+oi/VmvX+xSx5qjs9ju1qiJ3KH4RAAAAAACQgckwDGMwHuTzB/Xiy1XaunNfyu9Liwp0z7KbNXtmacZ+nniyUoeOntDTqx++6LHEA9QZU4u0eNE8SZIRi2nbX/brtX1/039/4B9UdMX4i+4fGCneO9Ygk8l0QS9JaT/H33f9mel9pmt94cgZknPwgFHplKdNEwvGDfUwAAAAAAxDfl9kqIcwoAYlffD5g/rhU5VyN3jkynfqQ4uuVWlRZ8Xp6VavqvYc0KGjJ/TDn76g+5YvyXhAVI4jS45se7+MKzvLrvy8MYnPN15/lV7b+zc1nW4lQAUAAAAAAAAwOAHqk2s2yt3g0YLryrT8jpuTDo+aLemGijLtrq7Vug2btW7DZk0uKki7pP8r998xIGOMxQy98fYRORxZmnzu2T977veSpFX3flSStPfNQ3qmcoseWnW3JOnHP/uV/IFQog9Htl0Prbpbre1n9J/PvJjUv2vcWH39Hz+dFNgCAAAAAAAAGN4GPEDdXV2rQ0dPaNb0Et3/qSVp28WrTtdt2KzKTTv0Lw9+cqCHpt9tqdLvtlQlPjvH5ujB+5bJle/McFenySWF+u7X7lfMMBQKhbXm+ZdksVh0RaFLJUUF+l//9oAkyXumQz9d9zvNmlGisWMcA/a7AAAAAAAAAOh/Ax6g1rz1jiTp4x9eKKnzEKl1GzYntVlQUaYbzr227tyruiNunW7xaoKrZ5Dprm+Szx/sda/Uvrjtput67IH61LpNemjV3SotKsh4r9ViUZ4zV4Yh/WHrq+rwBfRPK+9KVNfa88YoEo3qt3/cJVe+U8vvuEVWi+WSxwwAAAAAAABg8JgH+gE1tUfkyncmAk+/P6C6I+6kl7u+KdF+bvlMSZK7oSllfxs2btcPf/pCv4wtvgdqft4YufKduv3W65XnHKNDR9x97qO65qB27H5DK5YvUcH4vMR1w5A2/3mPjr7XqBXLlyRtWwAAAAAAAABgZBiUPVAndFkSX1pcqKdXP5y2bXzvU3d9UyJMjXPXN+nQ0RN9WmJ/KXz+YMrr0Wgs6fORYw16/rd/1tLFH9CMqUVJ31XXHNTLO17Xys9+NClYBQAAAAAAADByDEqA6g+cDyQzLeGXlKhGHe/qDB237twrhyNbr1bXqu5cZWh8O4BLFQiG1Np+VlLnEv6/7Dmgllav5pyrlh3vcurNt4/K09wmu92mHbtrEvd6mtv1i1++pGmTr9A15TMS/eTmZMtd36Rf/mabPjDvfSqZNEGt7WdlNpmUm5vNMn4AAAAAAABgBBnwALWkqEDuBk9iT9P4Ev6uXPnOHgHq5HN7kFZu2pHUbvkdN/eoTL1YL+94XS/veD3xeZxzjD73D7dp5rQSSdLNC6/RoSMn9I0f/EJjc3O0cH6ZTrd6JUnH60/J09wmT3Ob/vX7P0/08aXPf0wNJ5vV4Qto++4abT8Xujqy7Xpo1d2aPmVSv4wdAAAAAAAAwMAzGYZhDOQDtu7cq8pNO3Trjddq+R03Z2zrrm/SYz96Tq58px7/5kpJUt1ht9Zs2KyWVq8+dtuCfqs+BSC9d6xBJpPpgl6S0n6Ov+/6M9P7TNf6wpEzKEX0ACSd8rRpYsG4oR4GAAAAgGHI74sM9RAG1IAfIrWwolyufKe27dqn3dW1adudbvHqybWbJCkpaJ09s1TffvhzumfZTVq8aN5ADxcAAAAAAAAAEgY8QM1xZCUC0W079+rQkROJZfpS54FNW3fu02Orn1Vzq1cLrivrsUQ/x5GlxYvmcZI9AAAAAAAAgEE1KOtf46fauxs8euKpyrTtWKIPAAAAAAAAYDgZlAB1Qr5TrnynJuQ7NXtmqdz1TYlQVepcpr+wolwTXM7BGA4AAAAAAAAA9MmAHyIFYPjiECkAfcUhUgAAAADS4RApAAAAAAAAABilCFABAAAAAAAAIA0CVAAAAAAAAABIgwAVAAAAAAAAANIgQAUAAAAAAACANAhQAQAAAAAAACANAlQAAAAAAAAASIMAFRilDMMY6iEAAAAAAAAMewSowCgVjcaGeggAAAAAAADDHgEqMEpFo9GhHgIAAAAAAMCwR4AKjFIXW4FqMpn6eSQAAAAAAADDFwEqMEpFI1SgAgAAAAAA9IYAFRilWMIPAAAAAADQOwJUYJTiECkAAAAAAIDeWYd6AACGRjAYGuohXCZatOdXv9dvqj1qjkiSRc6iSfrIsiVaPDOv17v3r12tpw44def/WKmPTBzwwQIAAAAAgAtEgAqMQpFIVKFQmAOhLlmLXvnJWq0/nqVZN96oO6dkSWcaVfVqrSrXbtcV379D5UM9RAAAAAAAcEkIUIFRqKPDl/H7/gxWL+uQtuUNvXJcct64TI/cUXru4tWav2ixTrd0aMKQDg4AAAAAAPQHAlRgFPL5Apd0/2Udil4Eb12tjodLNdkWv2LVBFd8+X6Hjldv1/oth/Vua1SSReNnX6t/WrVIk3r0lLlt53L/Et23Mleb19bppOv9+tZtHn13faNKl63Qvy1ynevnoNZ+4w+qmnKTfrJqnnIG+h8AAACMCoZhpP2O+SEA4HLGIVLAKGMYhgKBYNK1+IR3oCe+l93E2jVfHyvPkppq9d2vr9aXH12jH2/cqbpTXQPqoA5Vu6U512rlZxfrvhud8tVV6+mdLSk67EvbE1q39pgcc2brzlvmKG/utVqYLbl37tHxcy3C+/epKmDRwkWEpwAA4OIYhtHj1Z/tAQAYSahABUaZdNWn3UPUvoadl10oekFyNXfFl/SDt7brN38+rAMNrardVa3aXdVyXvNhfffecuXIpcUPflmL47fMtahm1xbVHGmQEhWjcX1pa9HCFV/Vijnn77q1Yruqdr2rqnppcnFAe6obpfwy3TpHAAAAfZYq9OztWqq5YPxab+0AABgpCFCBUcbX4b+g9kx2e2PVhKs+pFVXfUiSFD51QBvWb9HOmq2qXFCuFTNbtOf5jVpf0yp/pLe++tI2V1fkJ1+ZfEuZSndVq2rnYS1f2qBtdVLpsvmafIm/GQAAuPx1D0i7fs70XfdrXeeMhmEkfTaZTISpAIARjSX8wCgSCAR1tsMnk0wymc6/cLE61O5NTjptE8u1eE6OpKjCEUkHt+vp11ulGddq5Zc/pR9++0aVpevuQtp25ZyvJbMl/4ED2rqrTm5N0pIF3atbAQAAzuu+zL778vtYLJb4KXWGnmazWRaLRVarNfGyWCwym81JVadd70+1pJ8l/gCAkYYKVGAUaWv1XlB7wtVe1O/SD35UK9vsMv19xSQ5JYVbDurFP/uk7Bn6+zmS3suSI97+jEfVr+5Vbbr+HBfQNkm25lZMkuqOqPLPkmZfq7m2Xm8CAACjVKoq0+6hZjww7W0+mOoP8l0D1Pjn7hWpqa4DADBcUYEKjBJ+f0A+f+r9T3uTaW+rvrbvj7bDTvECPbh8thyth/Xr9Vv19PqtWvdyo3LKK/QvX7tDsyVpys166PZJsh3Zp6fX79L+GTN1Tbr+LqRtN7Zzh0lJnYdHkZ8CAIDuuoak3atN44GnyWRKVJZe7DzNZDIlKlXjy/e7PiPVOAAAGM5MBv+1AkYF9/FGhSORziqBbkv4+/qSlPZzXKrPqd5nutZXjhyK6M9za8P3XtA2lelb31zC/qfod6c8bZpYMG6ohwEAuEjpluvHP8eX5w+UaDSqWCyWdk4ZvwYAGJn8vl4P/RjRqEAFRoGzZ30Kh8MD/hwmvUPo4F5VtUqlizg8CgAAJEtVddr1Fa84HUjxitR0Y+g6TgAAhhsCVGAUaD7dOtRDwIDq0O6dR+Tn8CgAANBNpiX7kmSz2Qbtj+Amk0k2W+dGQ+kOmSJEBQAMRyzhBy5zp0+3qr3N2zkxji+VGqAl/N1/Znqf6VpfsYQfGDws4QeAkSdT5WnXMLOvfUWjMVmtFkWjneFrzDBkMZtkGJLZ3PMwqUwikUhiSX+6OScAYOS43Jfwkz4Al7H2tjNqa23PGFxmCj/T3QMAAIDhLVN4KqnP4WkkElVLm1dnzvoUCkU0sXB8Ur9mc+cf5y1Wi7LsVplNZtlsvW8HYLVaFQqFUlacxg+eYu4JABguCFCBy1THWZ88nubzf8nvVn0qXXqIyqQWAABg+Oltz1O73d5rH8FQWCebmvWe+6TePd6oYDCogoJ8ZWXZlZvjSLSLRs+9CUcUDIZlsZhks1qV48iSxZJ5xzibzaZQKJTyO0JUAMBwQoAKXIYC/qAaG5suqY/up6JebB8AAAAYWl33Ps3Kyso4R4vFYmptP6u6w+/p7bp3FY5EFIl0pqRtbWcUCoeVK0fae2MxKRqJKRAMK8dhV25OdtpnxbcRCIVCMpvNiWsAAAw3BKjAZSYcjuhEfWO//cWeSSwAAMDI0b36NH5YUywWk9Vq7TU8Pd3SpleqatTS5lUoFE76PhgKq8PnV36eM+MYYoYhGYbOdgQUCkU1dky2rNbUy/rNZrOsVqsikYjMZrNisVhSmEoVKgBgOCBABS4jPp9f9fUnZcT6d6LZva+L6ZuJLwAAwMBKt3Q/HqJarZn/96/uyHG9c9Stk03NPb7r3ApK8geC6twdyiSz2axoNCaTSYrFUp9NHI5EdOasXw6HXdlZqbcOsFqtCofDSePv+lxCVADAUCNABS4TbW1enTrpSX2Sabfl+Bey52lv+rMvAAAA9I/uIWpv4amnuVUH/nZUpzwtPb7LstuUlWXX1MmTVFpUqLyxubJaLYrGYjKbTQqFIorFDIVCYYUj0aR7DcNQKByRyWyS1WqRxWxOOV+0WCyKRqMym82JAJV5JQBguCBABUY4wzB08qRH7W3eXieZvR0glWnf04GYwDIpBgAA6B+9HRxls9nS3huLxTqX7be2J1V/ms0mWa1Wzbv6ShVdMUH548YqK8uu+AwufkiU1WFRLBZTjsMufyCksx2BHs8IBsOKxWJyjslJuZzfZrMpEokkxtv1d6IKFQAw1AhQgREsGo3KfbxBgUCw35fsp+ovVRUrAAAAhpeuAWQsFpPFknr/0bi/7q1V46nTPa5Pm1ykmdNKNH1qsay99BHftzQ3J1t2u01nO/wKhSJJbaLRc4dLWcwyp9giKl6FGp+LEpoCAIYLAlRgBDIMQ22tXnlONysaiaasIs1UTQoAAIDLT/d9T/uy92lLm1cHDh7tcb14UoHmXjVbVxS6LnhOabNaNCY3Wx2moILB8wdRxWKG/IGQ7Har7LaeY7JYLIpEIorFYolnspwfADAcEKACI4hhGGpr88rT1KxIJNK3oDTeRqnD1Uz3puqbA6QAAACGl67L7lMt5U9XgWoYhva/eSjp/rgPzr9aLpfzoudxNqtVWfaYQqFIj/GFw5GUAarValUgEEiMu3sVKhWpAIChQoAKjBDe9jM6edKjcDjc78Hmxe5/mimEZXILAAAweFLtHZopPJWk+kaPWtu9CoXCSdcXVlylwoL8Sx5TdpZNsVhMHb5g0pj8gZCy7LaUe6FaLJZE5WzXEFVd6xEpAAABYklEQVRifgkAGDoEqMAwFgyG5PWeUVubV8EU+5x2Dz17VJhexDL+vux/muleAAAADJ7u1aNdl/AbhpHYm7S7WCymcCSilrYzSdcLxo/TlbOmyjCkS53amUwm2W02+U0hRbtWocYMRWMxWdUzQDWbzYpGo4ll/FSdAgCGAwJUYBgxDEMdHT5528/I6z2rcLizGqD7kvsLrT5NtXy/t6X/F/tdXzERBgAA6F9dl+3HQ9R0AaphSMeONyoYDCVdnzq5qF/C0ziLxaysLJt8/uD5Z0sKhSKyWa0ym3vOa7uGp10rUeO/I/NIAMBgI0AFBlksFlMoFFY4HFY4HFEoFFI4HFE4HJbP51csGpOUenl8qmrT7p8v9PCoTPf0xzYBAAAAGFhdl+93/ZwpbOzw+dXanlx9mpOTrTG52crNye63sZnNJtltVvkDQcWHaBiGwpFoj/C0s705afxdfyfmogCAofL/Aa6l2N9voA1TAAAAAElFTkSuQmCC" height="600" width="800" />]]>
  </system-out>
</testsuite> <!-- testcases.MyInfoTest -->
