<?xml version="1.0" encoding="UTF-8"?>
<!-- Generated by org.testng.reporters.JUnitReportReporter -->
<testsuite skipped="0" hostname="LAPTOP-JEI8AS0O" name="testcases.MyInfoTest" tests="2" failures="1" timestamp="2022-10-16T16:24:26 EDT" time="5.134" errors="0">
  <testcase name="myInfoPageSideMenuItemText" time="3.804" classname="testcases.MyInfoTest">
    <failure type="java.lang.AssertionError" message="The following asserts failed:
	expected [Immigratio] but found [Immigration],
	expected [Membership] but found [Memberships]">
      <![CDATA[java.lang.AssertionError: The following asserts failed:
expected [Immigratio] but found [Immigration],
expected [Membership] but found [Memberships]
at org.testng.asserts.SoftAssert.assertAll(SoftAssert.java:47)
at org.testng.asserts.SoftAssert.assertAll(SoftAssert.java:31)
at testcases.MyInfoTest.myInfoPageSideMenuItemText(MyInfoTest.java:69)
at sun.reflect.NativeMethodAccessorImpl.invoke0(Native Method)
at sun.reflect.NativeMethodAccessorImpl.invoke(NativeMethodAccessorImpl.java:62)
at sun.reflect.DelegatingMethodAccessorImpl.invoke(DelegatingMethodAccessorImpl.java:43)
at java.lang.reflect.Method.invoke(Method.java:498)
at org.testng.internal.MethodInvocationHelper.invokeMethod(MethodInvocationHelper.java:133)
at org.testng.internal.TestInvoker.invokeMethod(TestInvoker.java:598)
at org.testng.internal.TestInvoker.invokeTestMethod(TestInvoker.java:173)
at org.testng.internal.MethodRunner.runInSequence(MethodRunner.java:46)
at org.testng.internal.TestInvoker$MethodInvocationAgent.invoke(TestInvoker.java:824)
at org.testng.internal.TestInvoker.invokeTestMethods(TestInvoker.java:146)
at org.testng.internal.TestMethodWorker.invokeTestMethods(TestMethodWorker.java:146)
at org.testng.internal.TestMethodWorker.run(TestMethodWorker.java:128)
at java.util.ArrayList.forEach(ArrayList.java:1259)
at org.testng.TestRunner.privateRun(TestRunner.java:794)
at org.testng.TestRunner.run(TestRunner.java:596)
at org.testng.SuiteRunner.runTest(SuiteRunner.java:377)
at org.testng.SuiteRunner.runSequentially(SuiteRunner.java:371)
at org.testng.SuiteRunner.privateRun(SuiteRunner.java:332)
at org.testng.SuiteRunner.run(SuiteRunner.java:276)
at org.testng.SuiteRunnerWorker.runSuite(SuiteRunnerWorker.java:53)
at org.testng.SuiteRunnerWorker.run(SuiteRunnerWorker.java:96)
at org.testng.TestNG.runSuitesSequentially(TestNG.java:1212)
at org.testng.TestNG.runSuitesLocally(TestNG.java:1134)
at org.testng.TestNG.runSuites(TestNG.java:1063)
at org.testng.TestNG.run(TestNG.java:1031)
at org.apache.maven.surefire.testng.TestNGExecutor.run(TestNGExecutor.java:324)
at org.apache.maven.surefire.testng.TestNGXmlTestSuite.execute(TestNGXmlTestSuite.java:74)
at org.apache.maven.surefire.testng.TestNGProvider.invoke(TestNGProvider.java:123)
at org.apache.maven.surefire.booter.ForkedBooter.runSuitesInProcess(ForkedBooter.java:456)
at org.apache.maven.surefire.booter.ForkedBooter.execute(ForkedBooter.java:169)
at org.apache.maven.surefire.booter.ForkedBooter.run(ForkedBooter.java:595)
at org.apache.maven.surefire.booter.ForkedBooter.main(ForkedBooter.java:581)
]]>
    </failure>
  </testcase> <!-- myInfoPageSideMenuItemText -->
  <system-out>
    <![CDATA[iVBORw0KGgoAAAANSUhEUgAABVAAAAJcCAYAAAAfG4+9AAAAAXNSR0IArs4c6QAAIABJREFUeJzsvXmcI2d95/9+qnS01Pf0dPfch8ceH2PjC5vDGDAxu8FJyO0EQ5ZkNyQ4wSEkYTfH/sKSbDbsmiRgNhiSkM0mhvxiAgESDMEQgo/4wHhsz/iYGY/tOXqmp+9Travq2T9KUuuokuqpKqklTX1fbn9HUulbT30+9dHnq6ceSUJKKQkjjDBaF5klWD6DXJ5ALk/A0plCPoV5+ruI7BJSghBUZE2rvC0ACQgEEukqAwghkFI2zlXPL99jTbYbsFOuV6c6Gm1enhVCZbi1eLvI0jvOdbPN873hrMqfN5w97V4ZZ1X+vOHc1jpRxNstj/5w7kKdNOTRG86q/HWkTtpJLx2pk9boxR/Oqvyp4azKnzLOnnj097p0PumkpmxT9dJBvqKik3bSiyf+OkQnbaCXjtXJhvmKN5zDCMMu9E+fZjW1xuz8EplsHoB4LMLI8AC9yQQinEANI4w2CjOHPPkQ8th9mMfug8VTOJmGwMpezE4TmodmpfnNlatQ9Fr7ws1/MxJkU1i/SWlSc1XGY5BNoT2PrWiubPTisRkMVCdlOLs+7TzjrMpfm+tEicfmvxlpvk6KucU6aSe9eODPO85u+fOPd/v4SvN14vp09RJudBKgXrpCJ6GvtKb/Cn3FO86uefT/utQRvtIsnXSwrzRFJ2Gct7H2x8eYODdj+9j28c3hBGoYYbR1zDyPeew+jGc/j5h+1tZcNOGt+dA0TckUW2HmNdEkU2xF09u1KyCUgPawe2WcVfkL8k1tm+hEEW+3PLai6e0onTTk0RvOqvx1pE7aSS8dqZPW6MUfzqr8qeGsyp8yzp54bMZkaXfqpKZsU/XSQb6iopN20osn/jpEJ22gl47VyYb5ijecwwjDLk7/7vdIZ7K2j/XEY+EEahhhdEZI5PNfwnjg92H2WIVpVE6KqpsduDXR5jdXLqFQHIhdkea/GWnLFRBe4Au4KbTnsRXNVa1e2mKlUBnOrk87zzir8tfmOlHisflvRpqvk2JusU7aSS8e+POOs1v+/OPdPr7SfJ24Pl29hBudBKiXrtBJ6Cut6b9CX/GOs2se/b8udYSvNEsnHewrTdFJGOdtvPRbj2Ka9ieMpgm0Fo8njDDC8BQCcemPEnnP42i33IXs2wKwbl6FbJoSZANTrMoApmnam2LVdhKHLG2ycMh22zu5mrTJ9UzRKVeXdRqHx3Hb4VGDd73mozqr8BfQeOvh4RXnuttX9IIBjrsBHl5xdsufH5wb4iAbdH9+9VJTrs114sSjEy+KOKued15xLgO8Ntu+d2qxThRwbrpe2sFXasoFq+96ODTbV/zgrMpfoDopZjc6CfC88+vfbaETJ19xiXPd7WzLBqvvjum/XOjbDo+u9RUVnTjx6PT65QHnjvKVZunEJc7t6Cu+dRJGGGXhNHlafCycQA0jjE4KLYJ21c8Rvf1ptJt+DxLDllkJUZGRAtPO3IRNLphkzSRq1XYAAocsbLJ0yHbbF+rUhLDJTk2J0/Z2ZZ3G4XHcdng44VyT7XhxakrseAlovPXw8Ipz3e3L6gY67gZ4eMXZLX9+cG6Ig3AC2h3ODXmsKdfmOnHi0YkXRZxVzzuvOJcBXptt6rZcJwo4N10v7eArNeWC1Xc9HJrtK35wVuUvUJ0UsxudBHje+fXvttCJk6+4xLnudrZlg9V3x/RfLvRth0fX+oqKTpx4dHr98oBzR/lKs3TiEud29BXfOgkjDIUIP8IfRhidHCuT5L/wTsyJx9GcTAwBonC73pX4sgzU1KnbDUgJwmVu2FWURaPNq680ugyV4ZayynCKb67c4F2HN9srulXP94azKn/ecPa0e2WcVfnzhrNb/jZEJ4p4u+XRH85dqJOGPHrDWZW/jtRJO+mlI3XSGr34w1mVPzWcVflTxtkTj/5el84nndSUbapeOshXVHTSTnrxxF+H6KQN9NIuOjG1CGzajdk7gugdwYzGIRJHJoYQmg6ZZTQzD2YOsbaMyKfQlqfByLbYV7zhfF6FNMHMI00DDAOMPBh5ZGbV+ncYpXjxvzxS9/FwAjWMMDo9jCzGP/4ixnN/jyiYiVNzYvuDUw6mCdXm2vzmylUoeq194ea/GQmyKazfbDapuSrjMcim0J7HVjRXVg7yzZN99o6z69POM86q/LW5TpR4bP6bkebrpJhbrJN20osH/rzj7JY//3i3j680XyeuT1cv4UYnAeqlK3QS+kpr+q/QV7zj7JpH/69LHeErzdJJIZvRJHL0AuTQdsxNe0CPKPMVWZmC1Vm05SlEfs0zzhuqk/Mp8hlkJoXMpCCb3ujRbHiEE6hhhHGehPnYXeT/5XcR0kQi7VekyuLkqLsm0vrPen4rzLwmmmSKrWh6u3YFhBLQHnavjLMqf0G+qa19/oboRBFvtzz6w7kLddKQR284q/LXkTppJ710pE5aoxd/OKvyp4azKn/KOHvisRmTpd2pk5qyTdVLB/mKik7aSS+e+OsQnbSBXjZCJ8T7MHZdi9x6AKlpavqow6O2OEFk5hgin26iXrzhHIZNGDnk8hwyvbLRI9mwCCdQwwjjPAp54jvkvvgfEGvzJRPDwdzcfqwfiibb/ObK3UG6HQB1Cjf/zUhbroDwAl/ATaE9j36aWDX+2m6lUBnOrk87zzir8tfmOlHisflvRpqvk2JusU7aSS8e+POOs1v+/OPdPr7SfJ24Pl29hBudBKiXrtBJ6Cut6b9CX/GOs2se/b8udYSvBKwTU48gd16LseMqhB5V58Wlr2izLxOZPQ5GrjN0cr5HPmNNpGZSGz2Slkc4gRpGGOdbLJ4k9/c/DecOV5iY5tB8aFrjJhIBrTDzmmiSKbai6e3aFRBKQHvYvTLOqvwF+aa29vkbohNFvN3y6A/nLtRJQx694azKX0fqpJ300pE6aY1e/OGsyp8azqr8KePsicdmTJZ2p05qyjZVLx3kKyo6aSe9eOKvQ3TSBnpplU7yoxdh7n09JPoceVnM5Dibj7Co95ATEbIiynx8BIHGUGaeqMwRlTmGjDW2RLIMx2POOslnicweR597OWC9eMM5jMYh08vIxekCV+dHhBOoYYRxHoY89Qi5z/4AwszXmCE2zYrjJGpFpvAdqs1rrtwdnNsBUKdw89+MtOUKCC/wBdwU2vPop4lV46/tVgqV4ez6tPOMsyp/ba4TJR6b/2ak+Top5hbrpJ304oE/7zi75c8/3u3jK83XievT1Uu40UmAeukKnYS+0pr+K/QV7zi75tH/61JH+EpAOsnteQ1yx1W233G6mM1zMtfDRGwzq9E+hLBKlg5NghBaoV7Z/aagN7fM9uwUOyNrDMWjtjjri6eJnD3U3joJoxQyl0EuTJ43PzYVTqCGEcZ5GubBvyR33/srfziq0GTg0HxA4yu7lmE2x8xrokmm2Iqmt2tXQCgB7WH3yjir8hfkm1pnnTSz6fWLt1se/eHchTppyKM3nFX560idtJNeOlInrdGLP5xV+VPDWZU/ZZw98diMydLu1ElN2abqpYN8RUUn7aQXT/x1iE7aQC/N1Al6lPxFb0GOXQhCVOC4ms1xyBxgIrGjYjxCVA5cSChNoIpCZQkgkAV8pJTsXn2JSyIpklG9ZsDa2hyRU08izLx7AJulkzAahjQNWDiHzK5t9FCaHuEEahhhnMdhfP0D5L/3F5WTqGXZ7mP9UOfKLpYnuVqJ6sH0XYVib2pfuPlvRtpyBYQX+AJuCu159NPEqvHXdiuFynB2fdp5xlmVvzbXiRKPzXsz0jqdFHOLddJOevHAn3ec3fLnH+/28ZXm68T16eol3OgkQL10hU5CX2lN/xX6inecXfPo/3WpI3zFh05kYoj8/ptgaHvhXgvfnGlyJB3jWN++ugdk4SUx8wYg0DSNSCQC0rofBFKIEt/FaaaLVl/k4niGmK5XDE/LLBE5/SRafq39dBKGTUjk8ixydXGjB9LUCCdQwwjjfA4zR+6eH8Q89W+IgntUNx2aTROCTfNS7UIVK1EDanprokmm2Iqmt2tXQCgB7WH3yjir8hfkm9rGOgmq6a2rE0W83fLoD+cu1ElDHr3hrMpfR+qknfTSkTppjV784azKnxrOqvwp4+yJx2ZMlnanTmrKNlUvHeQrKjppJ7144q9DdNIGemmGTtCj5C7/QUTV5OlSNs9BsZXF+AimqNy/dUNDSkk+n2N+fp6pqWlWlpfRBQwNDjI8PERfbz+JRAKha0ihlSAvj6HMLFcbEwz2RCsGLtLLRE8+5m4larN0EoZSmCtzsDK/0cNoWoQTqGGEcb5HaobsZ96IXDqFQICobVYcJ1Er7q9qHYSob9YeTN9VKPam9oWb/2akLVdAeIEv4KbQnkc/Tawaf223UqgMZ9ennWecVflrc50o8Rj8m5HW66SYW6yTdtKLB/684+yWP/94t4+vNF8nrk9XL+FGJwHqpSt0EvpKa/qv0Fe84+yaR/+vSx3hKx51Ylz8FowtlyIK9YuTpw/HLiKnx5GiuN/iCARISK9lOHv2LJOTk5w4eZKzk5OspVZJJnrYu3sXPfE4fb1Jdu3eyfjWbcR6EoX6orQfq7Qkms9yQ+YoQ/FIxTAjq+fQTz3ZXjoJwzEkErlwDtKrGz2UpkQ4gRpGGGEgTz5E7m9uqWg2qn84qmYSFUH5ZKudG4mi2QbU9NYOvMHmHk2xFU1v166AUALaw+6VcVblL8g3tbXPb0bT21Anini75dEfzl2ok4Y8esNZlb+O1Ek76aUjddIavfjDWZU/NZxV+VPG2ROPzZgs7U6d1JRtql46yFdUdNJOevHEX4fopA30ErROctuvggtvKKBl3X8qLXmy7xKgoBkESM26XRjE3Ows33vsCV55+RWWV1bJG3kMaSI1GBropz/Zg5nPEo9ojI+PMjw6xqbRMbZu3U40nkBi1UOYlH+P6jVLz7EjoVfgrM+8SGTmmEceveEcho+QJubsBOSzGz2SwCOcQA0jjDAAyN1zC+aJh6Cs2aieNK2/EtWhhRAOK1E9mL6rUOxN7Qs3/81IW66A8AJfwE2hPY9+mlg1/tpupVAZzq5PO884q/LX5jpR4jHYNyMbo5NibrFO2kkvHvjzjrNb/vzj3T6+0nyduD5dvYQbnQSol67QSegrrem/Ql/xjrNrHv2/LnWEryjqxBzegXH5D4Gmleos5gy+nbgcIar3KawfiJKSycmzPPCdBzh98jRGPk82l0cKyBsGWjRKLBrDzGYY7O9l6+YRIjqsZDJo0Sgjo6Nc8+rrGd602aorJGBWHOGbVg7XrESNnfkeYmmqPXQSRuMwcpizp8E0G2/bQdFoAlVr0TjCCCOMDY7IG38bWXCZYvNimpXNh1ne5BS2QxYyIKnNUsr1x8uzcMjV25XVqwlpk+uZolOuLus0Do/jrsll+DVs+qq3a9Q8VuWgxlsPD684192+ohcMcNwN8PCKs1v+/ODcEIdG73L96qWmXJvrxIlHJ14UcVY977ziXAZ4bbZ979RinSjg3HS9tIOv1JQLVt/1cGi2r/jBWZW/QHVSzG50EuB559e/20InTr7iEue629mWDVbfHdN/udC3HR5d6ysqOnHi0en1ywPOHeUrCuM19Qj5i96C1LRS3axp8nD8YoTQyv50hNDQhEATMHn2DA/867eZmpqkpyeGYeTpScQYGRmmty9JTzxGai3DcipDai1HXmpkcyarKylmpqc59PQzPPzgQ0xPTUGBIyF0BDqCCEJEeCR5CVnDqBhvbvRSe/4a4OFbJ2F4Cz2KGNi80aNoeYQTqGGEcZ6E2PUG9AvfapmQKDQronYS1TKj9cdlyY1AOOTSPgqXMoUQWLuxydXb2dRZL2iTnZoSp+3tyjqNw+O4a3IVfnWvmFdv59RU2m0X4Hjr4eEV57rbl9UNdNwN8PCKs1v+/ODcEAfhBLQ7nBvyWFOuzXXixKMTL4o4q553XnEuA7w229RtuU4UcG66XtrBV2rKBavvejg021f84KzKX6A6KWY3OgnwvPPr322hEydfcYlz3e1sywar747pv1zo2w6PrvUVFZ048ej0+uUB547yFYXxmlsuh0RfBR7/JreQ03sQaFD4sx63BplJpzh86BlOvPwKe3fvZHlpmWgszuDgED09CTRNs1akZrPkDZOV1RST586RyeeIRqNEI1H6+vrIpNMcfvoZZqdn0ISGVpikFUIgEOT1BI+IrRXjJZYkv/lC5fPOt07C8B49fYhIbKNH0dIIJ1DDCOM8ishNH2b9Su16E2I7iVp8vJClVL8iuOFXdJ3KBnwlumNWQKjwV4aHV5zrbl9WN9BxN8Cj7VYKOY27zvaO4VcvNeXaXCdOPDrxoohzy1dAuOSv5TpRwLnpemkHX6kpF6y+6+HQbF/xg7Mqf4HqpJjd6CTA886vf7eFTpx8xSXOdbezLRusvjum/3Khbzs8utZXVHTixKPT65cHnDvKV1yOV+pRjB1XlvAFeCEtWOwZRaAhRMTKhUlUDUEmneall17k3NRZhgcHWF5cQABra1nOnJni5ZdPMjezyOrqmsVZBAyZwyCPFBJds9aYyrzBzLkpDj55kAcfeICpc1NYQ7MmaosrX5cSYxzNaBXjNob3YGoR9zwGoZMwPIdAQP+mjR5GSyOcQA0jjPMoxPgViP0/ULpiS1kzUjOJSu2V3cJPNGJ7xV9WXQGW7q+QNu2KrlPZgK9Ed8wKiDrjrYeHV5zrbl9WN9BxN8Cj7VYKOY27zvaO4VcvNeXaXCdOPDrxoohzy1dAuOSv5TpRwLnpemkHX6kpF6y+6+HQbF/xg7Mqf4HqpJjd6CTA886vf7eFTpx8xSXOdbezLRusvjum/3Khbzs8utZXVHTixKPT65cHnDvKV1yO19h6BVpPf6le1jR5KbkHTYDQQBcGujAQQmAKDTOf5qknHuPlI0dJLcwx0J/ENATZbJ6V1RUWV1ZZXMuSzpukMyapfBYZlfT2J8mZJmem5jh1doYzEzNMnznHubNnmZ6Z47sHn+HQ4WfJpjPW+DQBQlj/Fhov9+0jZ8r18etRzE173PMYhE7C8BUi3guxxEYPo2URTqCGEcZ5FvqBn7AmSyleQXeYRMX6TlSVFRBm4Uuk2+aKrlPZgK9Ed8wKiAb8ubqyq4Bz3e3L6gY67gZ4tN1KIadx19neMfzqpaZcm+vEiUcnXhRxVj3vvOJcBnhttqnbcp0o4Nx0vbSDr9SUC1bf9XBotq/4wVmVv0B1UsxudBLgeefXv9tCJ06+4hLnutvZlg1W3x3Tf7nQtx0eXesrKjpx4tHp9csDzh3lKy7Ga2oRzJ1XV+DwcjZCPpJEiIg1gyqs35WSGuiaYHFuhjMnXoJ8mtHBfmanJsnmcqyk86zmBVlNJw+sZXOks2m0vEY0bZJfXkTPpImbefqjGpv7Ioz3xdi1qY9tg71E8iaTE+dYW0tb7zmFQGiFj/ILQS6S4JV8rGL8+eHd7nkMQidh+A4xMLLRQ2hZRDZ6AGGEEUZrQ993M0LTMKWJZtNUmqZE08puS1nYjkKTgnWbwm0oXAGuvCIopUIu1KkJlSu6jZqV8rLCesA2S4Vc2EFNVlkB4dQU2jWXtnXVca7Jok72gbMtfzY8+sFZlT/vOLvN3nF2mx3Dr15qyrW5Tpx4tKvrAWclHv3oRJG/lutECecm66UdfEVFJ0HopaxO832l+TpxrRcVndjw2Apf8e/fbaATJ19xiXPX+YoSfwHoxY6/Mh671ldUcHbNo3ecO8pXXOiDoe2IWKK0g5xpcjx5AUIUBqcJay8ShNBAmvREBJuH+sgbJpHIEKunpliYXWE5Y1oMZbPEhEFPRCMpBAPxOFtGBti7Z4yx8WGSvQliyTjDff1EhSTZ288Tz7zAP37zYWanTrG4NM/AyBAUsC8/917u38eeteeJ6ZqFsx7D7B9DX55y9XrnWydh+A4RiSP1KBi5jR5K0yOcQA0jjPMt4oOw7VrExBM1k6UVk6hlTY5Z1uxQvC3Wb1tXAAu5GKLq/tLjNrnkblWhaopOubqslFg9hkLGJuOQVZv16mzXVGL/fC841+R6dYTwjLNb/vzhrMqfN5zd8ucH54b8lbpEf3i71okvnFugEyce/erEI49ecVblr+U6UcC5rfTSLF+pKReQTpx4rHh+c33FD86B+4pT+NVJoHrx599toRMnX/Grk071FQX+AvEVFZ10k680Sycece42XzFG9lbUOZWBfE8PuijcK3TrESFBWt+CqmMS1WBxKUU6J5ibX8IQafrjGgMxjYGoYHwgxp6to+zcuYNdu7exddsOBoc3E+9JkOhNEknE0KICzciRyeQZHB3l3Owc33r8OWZn59mxZw9CWJOkGsI6x4F8JMFEPsIezSjhbPZtQVs+54pH3zoJI5iIJyG1uNGjaHqEE6hhhHEeRuTiHyI78V00UbvitJhNWX2/ZXaWN1mG53RFEABJ6XkbdkW33ETLywrrAa9Xdt1cmW/LFRBl/FVkUSf7wNmWPxse/eCsyp93nN1m7zi7zY7hVy815dpcJ0482tX1gLPqii/POlHkr+U6UcK5yXppB19R0UkQeimrE65AdeDPhsdW+Ip//24DnTj5ikucu85XlPgLQC92/JXx2LW+ooKzax6949xRvuJCHwztqKgzGRku1NAK92sIIZHoaAgEBlLmGRrsR9NjnJiYJqJr9MYjvOrAfvaNDzESybBtIMroYD8jW0dJjg6h9w4Q6+lHRHsRWhQTjbxpogNCg/HxzVx37eU8/twrrK6uYBoG0UgEIbBWv2rWD0hJKZmMjbBXTJdwNpPDrl/vfOskjEBC9PQiz4MJ1PA7UMMI4zwM/eIfsMypYLbl331KWXNT8V2pgGQ9S1l2W9pk4ZDttndyNWmT65miU64u6zQOj+OuyXIdt4ZX1Ku3c2oq7bYLcLz18PCKc93ty+oGOu4GeHjF2S1/fnBuiIPtu9wGeKvopaZcm+vEiUcnXhRxVj3vvOJcBnhttqnbcp0o4Nx0vbSDr9SUC1bf9XBotq/4wVmVv0B1UsxudBLgeefXv9tCJ06+4hLnutvZlg1W3x3Tf7nQtx0eXesrKjpx4tHp9csDzh3lK43G27sJMzFQqpM1DWaSWxBi/XtHhRBoQrMmMgVIwyCbShOLROjrTSKQXLb/Aq66eC/XX7mf6664kAu3jTA+lKAvoRHRDMiBZkbRtAhSSAyZw5R5NAOEIdClJKkbbB3uY3R4gFQqhWGahX2LirEIIZjr3U7WMErjltEkZrzPFR6+dRJGMBHrAU3f6FE0PcIJ1DDCOA9DjOyHkYusyVPpMIlK5ZXfwjML/y/cloXbojZLs3gllMpst32xXs1AbbJTU+K0vV1Zp3HYjdfFuGuyypXz6u2cmkq77QIcbz08vOJcd/uyuoGOuwEeXnF2y58fnBviIJyAdodzQx5ryrW5Tpx4dOJFEWfV884rzmWA12abui3XiQLOTdeLh/POK86B6MRp3PW2r4NDs33FD86q/AWqk2J2o5MAzzu//t0WOnHyFZc4193Otmyw+u6Y/suFvu3w6FpfUdGJE49Or18ecO4oX2kw3vzmC9GEVqozmQUhtMItHU3TEUIgNIkQOgIdTDDyBpomSPQlGds6zvZt44z0JTBTK2iAFotjRhKsyTjLaZ1MGvJpE5mT6GYOyCGNHFreQDNBINFkjmREsmkgSURYPFtcgxDWeMv/5o1KnGVysys8fOskjEBCICCW2OhhND3Cj/CHEcZ5Gvr268lNH0XT1n8oquLj/FReKaYsU3Z7/Uq8y4xNrnC7sqh3BVcA8na0X/8IoqfqeekTyGc+gHn/twAQ7zqB1vtVjE//EmA9h4nbMf72cwhBoRkr5l2I/3QIkflNjL+5e/1+bDIOud6Kh+qMPd6OV+arnu8F55rcgLcK3KmTlfmzcgX+yji7zKV63nB2y58fnBvyJx10ooi3W/784dwCnTjx6FcnHnn0irMqfy3XiQLObaUXz76ixl9gOnHiseL5zfUVPzgH7itO4VcngerFn3+3hU6cfMWvTjrVVxT4C8RXVHTSTb7SLJ14xLmrfCWeLPx2hVVnScSB8tWnGpqwfhAYIZAIDDQyuSyZXA4pNYQGk6fPsGfzMNFIDOL9TJybZvrMBLm8JN7Tw9axQXZsWWHr1hS9/THQY6zmYDWVJS81YnHoERmypoEQklhERy9M3srCgVdfwJkVScZIl3A29Qha4Tia2n+FEViIWA8yvbLRw2hqhBOoYYRxvkbfGEKsT5raTaKW/5AUQOmqYXmWlglLKJhiIZeZWPG2Yy7Uqwlhk6tNEpDPDGL+Y/H+XYi3fhZx/d1o5/ZjPmN/+GL37WhDf4tclAUDL+TrPonYApwoGHuhWbPNhYHU5EJzUPfKeaOm0K65tK3rAt8qnGuyHX82PLpqChvxZ8OjH5xrcr06vnB2m73j7DY7hhu9KPDnB+eW6MSJR7u6HnBW4tGPThT5a7lOlHBusl488LehOglCL2V1mu8rzdeJa72o6MSGx1b4in//bgOdOPmKS5y7zleU+AtAL3b8lfHYtb6igrNrHr3j3FG+0gjn5HAFf4t6r/WReQRCE2gITFE4FiExNUFOwGJ6lTPnpjDROHN2CpnL0de/gy3btzG7mubBg8+zOLdINmuyvLJGXzLChdtHuP7ynVy2bxsYUV46NcPTL59kZjXN9m1b2L9zC1JIUukMoz096IVxIKD8KwWklJimyXJ0EGR6HefkphIe9fiLffBhImOVGMqpb5L7zIfIzznj7By3Ev+99yMO30D63tpHtbf/EbFXX42WiFv7WjuL+cTdZL/yLefdvOETJH54BOODt5Et//etnyN53SaML38/mYdUxtimcR58hD+cQA0jjPM0tL7xmuajYhK1eJuy5qTg9mZZs0PhcYR9FlrV/djkUhdRFW6bjop8Enn/nyAu+z+wC3CYQCXyKsSu5ZJZAAAgAElEQVTb3oH8/z/H+hXcG9CuuQ7yaatc6X5p7a4645BVm/XqbNdUYv98J9zr4RyuQFXH2S1/fnBuyF/p3ZQ/vN3y1/YrhZx49KsTjzx6xVmVv5brRAHnttKLH1/ZCJ048Vjx/Ob6ih+cwxWoXeYrfnXSqb6iwF8gvqKik27ylWbpxCPO3eQrCK2CP03TCn86AmvCUpQNpvg+bTW1xuzCEroWJRGNcMlll3Llqw4wMNDPo9/4FucmzzG2dQc9yQGef+EIr0wvsbCQgvwaO7dvwUit8sKho5w4e5aerVsZ79/MaP8IE3PnMCX0DwwQiURKXAtBBafWnzWsSv5oyCOAPP5x1j51r4Xz1ncRf+/tRH/0UfKf+VpjnSiEeNunid+4G/ndO1m792tItqC94XZilx8AvqVe8N7bSNlM0jYj9Hd/hfjlI3W2mCV/z9vJPu1jJ+EEahhhhNG10TteMh/b5gQrFydVpSxbaVpoHtavxBZuFx8vbC8KzV9Tr+jaPj5ovbrZ9DjFkMe/Cft+CTH4OVi0niiu/y3E0CGY2F86Hgp42ObCDjtmBQTr/FVkUSerNoWN+LPh0Q/ONbleHV84u83ecXabHcONXhT4a/uVQk482tX1gLPqii/POlHkr+U6UcK5yXrxwN+G6iQIvZTVab6vNF8nrvWiohMbHlvhK/79uw104uQrLnHuOl9R4i8AvdjxV8Zj1/qKCs6uefSOc0f5SiOcY30V/K1FekGAEAWexfpkpQAiaMQ1nb54EmmC1GBkZBNXX/UqLti7i8f/7RGef/oQi4spllI5hjdv5rLLL+Hppw6Tml9gfjVPfHCU/tEexl+Z48jcAsuGydpaGvIG/f29jG8ZZ3jTMHokgtQECLNwTFRwuBbth8y5Es4ymizhUVcn5TxI4Ow9GGfehb7pGtg1Quyn3oU+1m/Rs3aM3Gd/ltwRa+WqvlyYeKX8th3JAFcTvepyOPE3pO/9WuG+ScyHPkS6sHpUvPbDxG+5GS0BsIz5wl+S+cy9zjKtXo16eRZjbgv69n7r+Y98iPQXHwNeQ/R9v0N09wiQwXzhWbjkIuSXv5/M9K8Q/7EfQd8UBzLIifvIfOyjmFW7Mo+fQF4+UjpNa2LpBOZJpwddxnkwgRr+iFQYYZynUVyBSsG4QFTelmVNTsGdzEKWWNcCS1cGpURKSttZdQr3Iytulx4vz062Im2yXdNRka9A/PAvQc8JZL0raCsfQE5ehPih2wvjeAPimlfDkf+GSe1x1Bt3TS7DreEV9ertnJpKu+3Kx1edFcfrmBviXZaro972ZXUDHXcDPLzi7JY/Pzg3xMH2XW4DvOs16w3484NzRW6WTpx4dOJFEWfV884rzmWA12abui3XiQLOTdeLh/POK86B6MRp3PW2r4NDs33FD86q/AWqk2J2o5MAzzu//t0WOnHyFZc4193Otmyw+u6Y/suFvu3w6FpfUdGJE49Or18ecO4oX2kwXhnvrRhvKjZk7VxIhEbpDyEKH+03iUmTXqLEtRhrK2tEo1HGtoySzmaYPjfFltFxNo+OMTo+zgX79vATP/aD/OTbbuTK/bsw0llWVlIMbh1hYMc4sZHNTM7N0TM6xIunT0IsztjWbSQSvQisqWFNgkZxIlegadaUVLpnqPL4owlXeFTwIEDsfS/6tn7k3JNw8lnMRz5O+oM3kPrgu8ktX0TkplvtgW8Yt6BtAjnlNMN6K7FbbkacuZu1D97A2j2PwSXvJf72Le53kdiFOHknax/8cbLHs2hXvYsIoL3zg0R3Z8nf8+OkPvgL5KMXlSbyIjfdgh55zDrGP7kTYzprW1o+dAfpLz9pf9qtPUn2f99Bft79UG1D6/7pxXAFKpYol3IplrIplnMpsmYOgIgWYXtyhOFY/waPMIwwgg/RNwZOTUn1FWIhQBaviJZdCSzmRld0NYcruUFc0QXElYvoV64/TaaPwr+8E3mqHgInkd/+FuIn/yPa7k8ht/83RN8TyE89hPiZ9auiyDpXegsD6ZgVENW81eOvjEfHJrDBFXRb/mx49INzTa5XxxfObrN3nN1mx3CjFwX+/ODcEp048WhX1wPOSjz60Ykify3XiRLOTdaLB/42VCdB6KWsTvN9pfk6ca0XFZ3Y8NgKX/Hv322gEydfcYlz1/mKEn8B6MWOvzIeu9ZXVHB2zaN3nDvKVxrpgzI+EVY1IdaxBPTiMQlJBIP56TOcPPwMB3Zs5+jJU6RWU0g9Qk8iymUX7eKyXVuYnpklZ0i2bt9Cz+JpXnvhNnJTZzl2fJmpM2fZv38/17/uerbvv5B0zmR0eIjeGEzOzhKZWEKPRpARAcL6HlZRBEpQ4rD8+GUJh8avdwBi3/tJ3vn+QoWM9R2o//A1GP4RtNe9l+gt/xURLe7hIjsW/cdrb0RLzGI+co9F69Mfwvx3D6Pv+hGYc1lj7VnyX7S+SzU/t0Js3wgaoG3bChN/R/bpSQDyTx0jus86DuPMJHLf1cTe+4cYR75E7rN3Ob4syIfuILPtc8Sv2106XcmdIP/ZACZPz5M4rydQJ1IzPDR1mAfPHeLI0ikWsiss59ZKE6hxLcY9N/4m146EE6hhdF+Iqu9ALf5gVOkHpKi8v+TyUoCwbpe+C9XqLhyzaZoITSvVqcmlLqIqXDYd8ulBzH9Sx0Ae/03kue8i3vghGLwCnr0OKawdC4qGXsjYZByyarNene2aSuyf74h7HZxrcgP+apo8p+yFP+EXZ5e5VM8bzm7584NzQ/5KOvSHt1v+/OHcAp048ehXJx559IqzKn8t14kCzm2lFz++shE6ceKx4vnN9RU/OAfuK07hVyeB6sWff7eFTpx8xa9OOtVXFPgLxFdUdNJNvtIsnXjEuat8JbOK7Okv8ZXILpFLbsKaRMVagVo6BA1kjp5ohAt27qR/ZJDldIqZ1AoTp04xtH8fW8ZGMJcWuHDXZUQjUQwzj8wbTE/Nkl1LITHJZdYwc1mSA0n2bd9CKp0nlogTiwlmFpfoicWJx+Jomo6JRGogZQFRWQRC0pOeLx0/CMilKm476gQqvwO1HNdbbyUytkL+795H9okXif7qw0Sj2MTVLmbG7sOcuwV9268gcJ6kbHXIr/ws6cO3ErnxRvQ3/CHRm54l+7t3kHfY3rz318ht+iti+6yvCTDu+zWyRwIajFn9xQHdF92/xtYhXlo5y0/+6+/x/sf/lL8/8QCH5l/m1Oo0I/EBpClJ5TNctWkfV226cKOHGkYYzYn4YEWTYBaaEtMsZAq5cD9A+ZXAYpZQerzYVIhC02ebscl2zch6ucpc3Yw4bVeeHUKIU8h/+QJs/wBa5CHk109Z47Q7jjrjrsmi0AyWZ6cmsHo7p6bSbjuPONuN1zGr4F0DcJ1cVjfQcTfAwyvObvnzg3NDHIQT0O5wbshjTTnvOFfkZunEiUcnXhRxVj3vvOJcBnhttqnbcp0o4Nx0vbTKV4LSidO4621fB4dm+4ofnFX5C1QnxexGJwGed379uy104uQrLnGuu51t2WD13TH9lwt92+HRtb6iohMnHp1evzzg3FG+0mC8IrNcMd5eI2XdX/oDKcDUQKCBiBBJ9NHTN8Thpw/z7MGnuGzvPsYGB9ELg15ZWWFtaYkYeeI6CKyFNkuLi4xv2cqeC/agiTxmPkssGmVo0zDJZAIME2GabN+yhYHePjRAaAJTCMzCLJQQkuIEaiK/UnH8Wm7NFR4VPFTjnC58nH35Rbj4d9DH1jeXORDDV1vjuvJWtE32fKzHQXJPHYbttxC/9W2F3WxBe8OH6XnvryAefRBzbQTtde9CAOLKD6ONZZAnv9SocMPInzkL299I7MotwIVEXn1R6TC1t/0GkU1Pkvu/d5C+9zFkYnfFJzNrY5L8pz5E7oXDGA9+iMxDk77HVwrDadq2e+K8XIF6ZPEU73v8f/PSylnA+mGcG8Yu58Dgbr559iBrZpZN8X5+64p3oIvzdo45jPMgypsRTVv/wSjTLGS5vhIV1lecmmXNC8XHq5obajIFkwv4ii4ucr3jP/lLmA+ASH+kcFwOV36xyTjkdl0BgUNWWQGhgrMb/oRfnF3mUj1vOLvlzw/ODfmTDjpRxNstf22/UsiJR7868cijV5xV+Wu5ThRwbiu9+PGVjdCJE48Vz2+ur/jBOXBfcQq/OglUL/78uy104uQrfnXSqb6iwF8gvqKik27ylWbpxCPO3eQrSLOCP01bH68mrA/PS2HNfwhNINCI9w3QMzzMyvIimdUVNvf3s2PzGJn0KouLS0zPzSPzWXqigp5kklg8ikgOML2S5cDFe1nJSBYXVkmaEbRogmgkj2ma5HIZkj0xxscGMOIxskJgCgsLYZoIIS1MhURoEk2TpeNfx5uGPNryULz9lbvJXfBhoj//MJHcCYypZSisQM197T70d99Cz50Pw9oxzCV7Piq4+dovkon+EbFXf5DEdf/Vum/tLOYTdwPfInvfAeK33E7iztuxfkTqU2S+MglvaFy7XpifvZPc6IeJvusLRN6VwXzhGCa7IQ+i/xoiN/4o0Z8CyGAev5dcvd8BAeAxcp95zN+g7EIawddsszgvJ1D/6vg3ODT/EgDXjuznF/b/AN86e5DPvPg1cqZF+rsuuJkrhvdu5DDDCKMFYZlPadJUK2tOqGxSrK1rs4TC9oUsKXzsf/12KTt9F2qhjs3wanN1M9Lo8TrNpXUFU8Ijv1w6XsqPt3jbKRd2UJPL8UOhGSxvCu2aS9u6Nng65SJf1VnUyapNYSP+bHjyg3NNrlfHF85us3ec3WbnE7o+zqr8+cG5JTpx4tGurgeclXj0oxNF/lquEyWcm6wXD/xtqE6C0EtZneb7SvN14lovKjqx4bEVvuLfv9tAJ06+4hLnrvMVJf4C0Isdf2U8dq2vqODsmkfvOHeUrzTSx9oCYnhnib+B3DLFr7YUwtqnjkCXAomGIUAkehgYH2VoZBM78zlePnKU/RdeQHIwSSqbY255jSiSwb4k8UQvPYk+Hj78OC9MLfHStx/jqUMJrj9wIQcu2c/+y5OIiA4CTCNPJKIR0xOsSA00rbCqtTAWJAKJECYgGcgtlY5fAlpmpeK2E3/Zj95QB9/HyH38+8nZEXfkD0j/9h/YMUrmd++1vR/A/Mqvk/6Kw4OPfoj0ox+qvf+hO1h7qMG/772NVPluy28Pb0U+/SHWPvYYki3o7/zfxHOT5B4F49HbWHMebmvDCCdQuy5S+QyHF16mR49x2963cOueN/H3Jx7ky6ceLk2e7u4d58d2vQFRehUMI4zujGLTUVx56tjcyPUmpuRK5d+FWvY8GmVscqlu9QBp0HTcjfnHd683Hw5Z3rOb9ZfzuzE+ejdWryFts/k3uwq3Wb8fm4xDVm3Wq7NdU4n9873gHPhKIafm3WXzaL9SwS3OLnOpnjec3fLnB+eG/JXeTfnD2y1/bb9SyIlHvzrxyKNXnFX5a7lOFHBuK7149hU1/gLTiROPFc9vrq/4wTlwX3EKvzoJVC/+/LstdOLkK3510qm+osBfIL6iopNu8pVm6cQjzt3kK6RXKvjrl+myygJrfkMghLUnIQSmptEzvIl9B67gkksu4/TJV5g4dZLLNl9GJBIjk5MsLKcYWFoi2d9H1DQ4cuxFVlZXiBsSMdZPPNlPb2+fNTGby2HKHEYuQ86Q5HW9wHBh71KC0AqHX/zUo8lwPgV6Gc5Zl9+B6lcnnRBju9Bf+16it1jfb0vuLMajd5Pb6HFVhcylG2/U4XHeTaDOZ5fZlhjhPRfdwlWbLuQ3nvg0/zb1LPnCcuPxnmHuuv6XuXhw5waPNIwwWhAF86lYeSrLflCqIhdWlgJ2V3YpZMujLDOrWeEgWN+u/HGEvbcJm6zSpJSbaMVhWw94urJbngs76JgVENW8lfHnmH3gbMufDY9+cFblzzvObrN3nN1mx/Crl5pyba4TJx7t6nrAWXXFl2edKPLXcp0o4dxkvXjgb0N1EoReyuqEK1Ad+LPhsRW+4t+/20AnTr7iEueu8xUl/gLQix1/ZTx2ra+o4OyaR+84d5SvNMBZnzmOufe1pTqjmoFAsz7KL2ThT2ASASERFD7On0yy7cABWF7izPQkx15+kUuuvpREoodoNMbS6iJT03MkElF64lEu3TlOXzzJ1h07ufpVB7hg51Z6e6JIw8DIZTGMFLlMmqyZwNAjIPSyH98pfQEqSElxgnRAFFmzcNZTc6XjaKpOOiGO3EXmD+/a6FHUDYmEzNpGD6Ppcd59wWdCj/PrB36St+98PXc9/w88cO6Z0uRpMhLnt191G68ZvbTwwhVGGN0dxabDNC0zLV5hNQvNjWkWcqG7llTm0v3SukeW3UY45OrtyurVDtAm1zNFp2xz3I7Zw7hrcrE5LM/1mvXqbNdU2m0X4Hjr4eEV57rbl9UNdNwN8PCKs1v+/ODcEAfbd7kN8FbRS025NteJE49OvCjirHreecW5DPDabFO35TpRwLnpemkHX6kpF6y+6+HQbF/xg7Mqf4HqpJjd6CTA886vf7eFTpx8xSXOdbezLRusvjum/3Khbzs8utZXVHTixKPT65cHnDvKVxrhnJqHtcVSnZiusWn1TNkOJaIwiYqwkiY0pK4TGxohPjJG/9g2hjaPo2kR9IhOPBknY0im55eZmDjH8tIiu7aNcunebYz1RUnPTXHy2BFePnqUmZkZ8qaBaeQxTEFORDCFbn3/qrAmPa0JYWuiFKzbm1YmiBa+r1UiEbkUZJZc4eFbJ2EEE9k0SHOjR9H0OO9WoG6K9zMc7+Pbk0/z1PxL3LLjtVzQv40bRi/l6k0XMhTr2+ghhhFGC8P+4/t234Vqea4oXF0VhWcXss0VQeT6lcHyXNq+/H6adEXX4Yqj7RXd0nEq5MIOOmYFRAHnlq2AsOPPhkc/OKvy5x1nt9k7zm6zY/jVS025NteJE492dT3grMSjH50o8tdynSjh3GS9eOBvQ3UShF7K6jTfV5qvE9d6UdGJDY+t8BX//t0GOnHyFZc4d52vKPEXgF7s+CvjsWt9RQVn1zx6x7mjfMWFPrTFCWRisFRnLDvDEjvW64vC5KVY36eJTl4T6IkBNu3eh7EwTSzeQzSmE0vGkLEoSysZInOrjM+v0BOLIIwUQ8k+BpMxenuTxJJJ9HgMKSR5JFkiZIkDeuEYykJa3BZj89rU+m9lINBS865f73zrJIxAQqZXN3oILYnun0DNriLzWURiEIS14FZIkzdrcW4UQ8gTz2Ia30MMPYU2ehHy0lsQA9s2eNBhhNGaqJkslWU/KNWoySnPVndRk7G5v7gfKMsld6seIGqm6JRtjtsankLGJuOQVZv16lwH5+rn2+Feg28VzjW5Xh0hPOPslj9/OKvy5w1nt/z5wbkhf6Uu0R/ernXiC+cW6MSJR7868cijV5xV+Wu5ThRwbiu9NMtXasoFpBMnHiue31xf8YNz4L7iFH51Eqhe/Pl3W+jEyVf86qRTfUWBv0B8RUUn3eQrzdKJR5y7zVfE9HHklstKdbZoaV7JpzFjCayJTAFCUpzUlICQEomOoUUYGNvCqsyhRyPomkksHsHUIixnJcmeCKsZg5HREcBk65ZxtEicaKKX0W07ET1xMvlVDMMka0YxIj1I9AJqonS+URwHEj2fZkxmkJISztrKpGsefeskjGAik9roEbQkunQCVWKefhLjxX/FPPU9yKcRg9vR9t6Atv1qtM37IDGM2HoAKQRMHsY8+k2MZ/8J47n70C/7AfTLfhDRP77RBxJGGE0NIQqTpYVJVE0rW5GKzXegluxPILFuS7n+3agUjLh0pbZ4JVGU5+L+yu4v1KsdoE1WaVLKTbTquEHaZ6mQCzvomBUQBZxbtgLCjj8bHv3grMqfd5zdZu84u82O4VcvNeXaXCdOPNrV9YCz6oovzzpR5K/lOlHCucl68cDfhuokCL2U1Wm+rzRfJ671oqITGx5b4Sv+/bsNdOLkKy5x7jpfUeIvAL3Y8VfGY9f6igrOrnn0jnNH+YoLfWhLZzFzaUQ0AUhims6uxWO8Mvqqwk7LB4D1m8BSEAFMAbFEAm14AFMaRHVBLBoBTWPNkEwvrzIwN0c8EWd0+xb6BwfRE32IeD8iEcdAksubpLI5ciJBXo8jhYaOdDxZd80fIaoJCsNHmHm05SnXr3e+dRKG75D5LBjt9pNWzYnum0A18+Qf+wz5h+9GZpYh0oNIDCKXJzGOfQvRM4B+1a1Erv5p9ANvRz/wdshnMKePYb70APkn/prctz6C8dxXid70QbQ9ryuVllIyNzeHaRhsGhnBNE1eOn6cbDbLFa96VWm7pcVFTk9MsLK8QjKZYGxsnNGx0cKL33osLiyQy+VI9vaSSCSYnJzk7JkzGIbJlq1b2LFjR81zAHK5HGcmJphfWCCfyxONRYnFYkR0HSklmzZtYvPo6DokpsnExATzc3Ok0xkSiR527trF0NDQ+rEheWl5EpBsS46Q0OMV+8wYOc6szZI3Dfb0jXNmbZZ0PossvBoZ0iSmRdmWHKE30gPAdHqRl1bOctXwPuJ61JGyg3MvMtozyI7kqOM2YTQnyj++X1p5qpXdlrIwSWq5j0RifYy/7Hbx8apmBqeMTS4z8YpQNUWnXF1WyoJJK2RsMg5ZtVmvznZNJfbP94Jz4CuFnJoSl/z5w1mVP284u+XPD84N+St1if7wdq0TXzi3QCdOPPrViUceveKsyl/LdaKAc1vppVm+UlMuIJ048Vjx/Ob6ih+cA/cVp/Crk0D14s+/20InTr7iVyed6isK/AXiKyo66SZfaZZOPOLcbb5CPos4+STmvteXeNsmVzmdz2DGkmXHIEpJINGkBKFhCp3EwCBGTCdv5OnRdBLxGFJonJ1bJJ0zSESibB7dR6Kvl0iyFz0eR9Oy5DNZVtI5FjMxRP8QmohgCgCzcp9Yp7iez7A1vwyaVsJZm3ulhENL+q8wfIdcmtnoIbQsumwCVWI8/zVyD9xlrTpNDBG57mcRWw5YIps6gnHiUfKP/x/k7EvEfvTjIHSIxNG2Xo629XLE0A6y9/0O5pmnyX71t4jf9teI4V0A5PN5Pn33pzh18gT//Q//kINPPsn/+sj/pKenhy//0z8ihODkyZN85s/+nEPPPMPy8jJr6TRXXnklv/7B3+CCffsqRvv5z3+eg997kp95939A0zT+7FOf5qmDB8kbeS699DLe8wu/wJtuejO6rpeek8vl+OIXvsCX/uFLbNu2lUQiydEjR1hYXOSSSy4hlUrxtre9jR/7iR+nOPl6/ze+wV//1f9F0zTGx8eZmZlhbHyM//TzP8/Fl1xiHZtpcsfjn0BKyZ2v/kUuH9pTMdbTqRn+8/f+jPnsMn/7xt/hzsP38vT8cfYP7GB37zjPzL/EYm6Vm7ZcxS9f8sMMRnt5eOowf/Tc5/nz1/0alwzusmVsObfGex/5GLdf8nZ+dt+/C+xMCMNdlDcjNZOpsuzj/VVGW++K4HpdHFag2uRCndoB2mSVJqXcRKuOG6R9lgq5sIOOWQFRzZsNfzXZB862/Nnw6AdnVf684+w2e8fZbXYMv3qpKdfmOnHi0a6uB5xVV3x51okify3XiRLOTdaLB/42VCdB6KWsTrgC1YE/Gx5b4Sv+/bsNdOLkKy5x7jpfUeIvAL3Y8VfGY9f6igrOrnn0jnNH+YpLnehnDyF3XgWxJAJBTNPYuXCME6PXgNQKOxel2lb94t4FET2GzOWYmZnn5VdOk84ItEiCnJbh3EqeQ8fOYOhRLliD4c1pkn29aLrGasZkKqXRM7QDQ+9FINAwQUiQZfuyTjx2zL1AVNdKOGPkiMydKOHQkv4rDF8hM6uQXdvoYbQsumoC1TzxGNn7fseaPB3eTeyW/4625/XrG1x4E5HX/yLmicfJPXgX+Sf/lsi176qooR94O/GxS8j+3XuQC6fIfvnXiP/s5wGBpmk8/9xzfO+JJ/j8393Lv3zrm1xzzTWkM2mEEEycPs3H//hP+Kl3vIMP/d6H0TSNhx96iD/873/AB97/q9z5Rx9l/8UXl/Y1cfo037z/fnp6etAjOne8//1s3jzCkReO8Jv/5b/w/jvu4GOfuIvvu/lmAKSU/Nff/h0efvghPvGnf8rVV18NwNLSEr/83ttZWFjgU3/2aZLJJABrqTU+99nP8kd33sknPvmnvPFNbyIajSKl5Pc//GF++idv5c4//iNufutbiWo6RxdPY2KSN/O12EqTo0unmE4vEteiLOZWObY0wS9d/Hbesfct5EyDPz/2VX7/6Xt4buEE99z4W5xLz3NydYr/e/x+/uDq/4gmRE3dTx35CidWz3Fqdcov/WF4iOqP71dMplLW5MiyJgbrcSEEZvG2KQuTpZYZFlyw5v6WX9F1MEulK7rFjE3GIas269XZrqnE/vk45To4hytQ1XF2y58fnBvyV+oS/eHtWie+cG6BTpx49KsTjzx6xVmVv5brRAHnttJLs3ylplxAOnHiseL5zfUVPziHK1C7zFf86qRTfUWBv0B8RUUn3eQrzdKJR5y70leMHJw6iNxnzYUIYBerzKamSPVtoXiKUXpUFIZj/T8iJKSzrC2nefbYCSamlxDxftBjmEaeIytZzi4e4fipabZtH2V40xDJ/j6Sw6Mkx/eRl3GLVdMAbf1ALSytSK5MstNYqeBJn3sFzKwSj751EobnkEjk8txGD6OloW30AAILaZD/3j2QtX79K3rzb1dOnpZCoO1+DfGf+nPk/AnbUtrofiLX/xwgMCcOYp4+WHosErHmnI8eOcInPvlJPnLn/+Jjd90FQLK3l1//4G9w/WuuR9MsaG94wxv4qdvewbGjR/naV++r2E9vbx8A09PT/K+PfpQrr7qS7Tt28Jabv4+ff8/Pk81m+eY37i9t//zzz/Olf/gHrrnmGq666qrS/QMDA/z7t30/j4ZVg60AACAASURBVD36aMU+HnnkEe762Md480038X0330w0an2MXgjBL95+O5lMhr/6y78kk8kAoAut9FeDSdn9US1CsvAR/4gWKdync+PYFfRHEzw28zyGNJlIzZA18vzzme/ynXNP19Rczaf5zItftzBIL9pyEUZzo7wZMc11MypOlhZNq/zKK9hkYZOlQ67af3md2gHaZKemxGl7h+P2Mu6aXAcP11fOq7dzairttgtwvPXw8Ipz3e3L6gY67gZ4eMXZLX9+cG6Ig3AC2h3ODXmsKdfmOnHi0YkXRZxVzzuvOJcBXptt6rZcJwo4N10vHs47rzgHohOncdfbvg4OzfYVPzir8heoTorZjU4CPO/8+ndb6MTJV1ziXHc727LB6rtj+i8X+rbDo2t9RUUnTjw6vX55wLmjfEVhvJGzzyJWFyrwuGL5BfR8mtpZReu9nik0kBqxWIxcJsu56UWmF1LMr6SZnJlncmae5ZTBmpZkxYhzYnKBF46c4JWTZxDxAXpHdpIXMYxIDKmBFhEITUNUzS/o+TSXzx+pHHdujcjMi8rnnW+dhOE90iuQz270KFoaXTOBKhcmMCeeAkAMbkff98b6T4gmibzhfY4Pa3tfj0gOA2Ac/eb6/bqGYRj89G3vYHy88kemhoeH2bZ9e02tvXv2IqVkdna24v5YLAbAzW+9ueY5N9x4IwBnzpzBMAwATp86DcD4+HhNw7Nt+3aEEBw7dgywru7c/8//TDqd5vts6o+NjXHR/v288soJzp45Yx2b0Ep/1RHRNHShIxBoQpCIWBOoMW19EfN0eoG0keO1o5ehC42za3NENJ3p9AJ/dvSrmGVXnDJGjr8+fj950zq2mfQChjQJo7VRmjy1u7KOqLqyW7jKVMiUZ2mThUO2277GxIsDtMlOTYnT9g7HHeS47fCoWdng1MRXb+fUVNptF+B46+HhFee625fVDXTcDfDwirNb/vzg3BAH6QS0O5wb8lhTrs114sSjEy+KOKued15xLgO8NtvUbblOFHBuul7awVdqygWr73o4NNtX/OCsyl+gOilmNzoJ8Lzz699toRMnX3GJc93tbMsGq++O6b9c6NsOj671FRWdOPHo9PrlAeeO8hWF8WJk0Y8/iCx8ulQiiWqCK6Yesz0EKQQ5QzK7uEI8uYmFNZO5lQyZjMQwNExTYOQNUmtrLC8vsrg0TySqc/Gl+7nhDTewd+8FRKJRQCARIATl7+6FEKW/y6ceJ1KYciiONzL1fOXxuzzvfOskDG9h5JBLs42367LongnU5bPIlWkAtG2vAj3W8DmiZ9D5seQmSG4CwDxjrZ4UQpQmFy+86CJX48rn8zz//HNIKUurUosRiVqTj1u3bat53uhm6weVzMIEI0Bvby9gfQ9qdSwtLiKlLE3KplIpjhw5Uvr39554gkPPPMOzhw/z1MGneOzRR9E1jdWVFVZXrVW7utAwTJMjS6c5NP8yzy68Uvo7unianJmnOG9bnDgtrkp9au5F/uT5L7C3fwsfvurdAJxcneLK4QvY1TvGd849zbMLL5fGe2jhZT599B/56b03ATCXXSFznvxyW1uFKHzM3m7ylPUru0Xi7a4ISig8z/sV0qZd0XUqG/CV6I5ZAVFnvPXw8Ipz3e3L6gY67gZ4tN1KIadx19neMfzqpaZcm+vEiUcnXhRxbvkKCJf8tVwnCjg3XS/t4Cs15YLVdz0cmu0rfnBW5S9QnRSzG50EeN759e+20ImTr7jEue52tmWD1XfH9F8u9G2HR9f6iopOnHh0ev3ygHNH+YrieLX5k2gvPQoFnAH6dMFFk4/UHoIQrKymOPbSCbSeAVJmDytZQcaQmLLwHtHMo5s5YjLL1pE+brzhOt5442vZMr6ZaESgC6uWkCbFqc/y+Ush4KIz/0avqByvPnMMfWWq8vhdnne+dRKGekgTc34Syuaqzpfomu9AldkUFK6u1JsYdR1CK7wog1w6s353QbCRsh92Ko/FhQW+/e1v89yzz5HLZTENk6WlJYQQpY/QF6M4GVt9v7UfK+v6OkVXX3M123ds59ChwywtLTEwMACAYRg88J0HEELw5pveDMDa2hrptPVlvk8ffIqTJ06i6xqmKTELK1qvvPoqrr3uOoY3bSrtIyfzPDx1mJeWz1oTqtLAkCbzmWXSxvrybF1Yx/8/nvkcf/LcF1jNr/GTe97Mz1xwM2M9QwCcTc3y1m3XsjUxwkefvZe7j/wjn3zt+zGkyV8fvx9d6Lxn/y38xbH7WM2vkTLSJAsrW8NoTUhZ9cNR5d+JWmxSqpobilkKEIXb1uxpKZevaEUIKH8c+8laW3dzMkW3Vxodrjha+1fM2GQccr0VD9UZm+zUXNo8H6eMTcYh16tT3Zwo4OyWP384q/LnDWe3/PnBuSF/0kEnini71okvnFugEyce/erEI49ecVblr+U6UcC5rfTSLF+pKReQTpx4rHh+c33FD86B+4pT+NVJoHrx599toRMnX/Grk071FQX+AvEVFZ10k680Sycece5aXynU0ScOYvZtIr/lEus3LpCMixy9E//Ks1tehxGJg5Cks3lm5haZX0px6MVXGBseJbppM7lYnOxaFkwTXZpEhGS8P8Fl+3ayY8sIupBIM4cpNUx0pBAITIQEExBogImeT3Ng8hGSohJnbXmSyMyLzq9zDXj0rZMwlEIiYXHqvPvofjG6ZgK1PMonPD1HdtWalAUwan9UyS6+8qUv8yd//Mdc++pXc8f7f4Vdu3YhhODBBx7gn7/+9dLq0GKYhY+sWy8elVG8KxaLlVauJpNJ/vqee/jQ//e73PHL7+O2d95Gb28v3/nOdzh69Cif/PSnuObaawHQdR1NsyY57/jV97N7925Xx5DQ4/ynC9/GZUOV259aneZbkwdZyVuTsjkzj0Bwx6U/wl8c+xqnVqeR0mRz3Jq8XsyuMpNZZFtyMz+95808NvM8Xzr1MLdf/HZSRoZHpp/lP1/+U2zp2URcj7KSW2M5t1Z6fhitCSEKPxhVlmUxs96kaEVzkgIEhWanLIvajCzclhR+SKrsthCl/Uu5Xqd2gDZZpUkpN9Gq46ZwfDVZKuTCDmpyOX4oNIPlTaFdc2lbF/e5mrc6/JWyD5xt+bPh0Q/Oqvx5x9lt9o6z2+wYfvVSU67NdeLEo11dDzgr8ehHJ4r8tVwnSjg3WS8e+NtQnQShl7I6zfeV5uvEtV5UdGLDYyt8xb9/t4FOnHzFJc5d5ytK/AWgFzv+ynjsWl9Rwdk1j95x7ihf8agT7cUH0HqGYGhrCe8+TXDg3CO8OHgpi/ERzkzOMjk1i6bHuO9r3+SmG19NtH8YPdmPTOWQ2Qy6MOnv6+VVl1zARbu3IfIZsukUiUgfhmliIMiagpguERgYaAg0elem2LfwHElRiStrS0TOHraO2+PrnW+dhKEUcmUe0qsbPYwNi675CL+I94FureQ0Tx+E3JqvenJlCrlqfaeD6Olfv7/QZZR/nydYq0D/50c+AsCvfuAD7N69u/BiB7mcNQGrVa1aLa4EtWtc8oVJ21gsVqoDMDQ0xP79+9l/8X5mZ2c5/uJxbrzxRv7+i1/gLW95S2m7vr4+hoetlaAnT9j/WFZ1GNJEOry6SGTFOM3Ctj16jE9c/z7iepQ/P3ofj81Y311yOjWNKSWj8UG2Jzfzi/t/EFNKPv78F/n4c1/g6k0X8WO7biSuR9kcH2Q1n2bFJ2dhqIfdx/eLGVnW5BTIL54fJpW3S4+XZ+GQC48X/8rr1IS0yfVM0SlXl7Ubr8txV+RqHMrwqFnZUK9Zr852TaXddgGOtx4eXnGuu31Z3UDH3QAPrzi75c8Pzg1xsH2X2wBvFb3UlGtznTjx6MSLIs6q551XnMsAr802dVuuEwWcm64XD+edV5wD0YnTuOttXweHZvuKH5xV+QtUJ8XsRicBnnd+/bstdOLkKy5xrrudbdlg9d0x/ZcLfdvh0bW+oqITJx6dXr884NxRvuJRJ8LIoT//dViYQEqzhHufgAPzzzJ88nu8+NJpTpyYYGZmhsnJc3zhC19h4swMOVOgxRLE+gYY37mHK6+5jmuvvYYdW8cY6k8QjegIPcbSioEeHWByap7iqlMhDLZNHeTS+cMkhVnpA2uLRCeehMKnXL2ed751EobLkMiVWViZ3+iBbGh0zwRq/xZE3xgAMrNM/qnPQz7jsZrEOP4dyKet2iMXWPdKWVo1Wh2rq6vMzszQm0yS7E1WPbZSeMGvfE7xu0xzudrlz8XHNL2Sor/97Oc4+OSTfODXfo3b3vlO3v1zP8sb3/Qmenp6KraLRqPc9JbvIxqN8pUvf9mxQVpcWCg9ZmJiStP2x5zy0sCQBqaUmFKSMixsc6bBZUO7+Y0DtyKE4H8c+hwTqRlOrFrfYTIUs7639U3jr+LSwV3885nv8t3ZI7xj701ECytktyY2sWZkWMiu2I4xjOaFXVNpmhJsrwAXr4ja5NLJXXZbOmRsMlXioKJcZXZqSpy2dzhux+xh3HZ4uL5yXoNznebSZvugxlsPD684192+rG6g426Ah1ec3fLnB+eGOFSbiBu8VfRSU67NdeLEoxMvijirnndecS4DvDbb1G25ThRwbrpe2sFXasoFq+96ODTbV/zgrMpfoDopZjc6CfC88+vfbaETJ19xiXPd7WzLBqvvjum/XOjbDo+u9RUVnTjx6PT65QHnjvIVHzrRsikih/8Jbfo4kvVJ1KiucUUixfu2TXGxmGJudgYhTI4dO8Yzh54jZwiS/YPs3LuPN33fW/n3P/wjbL1gL/G+fnoS/URjCUwtjtQSSD3Js8+/xNxiis2zL3LtqQfZk58joomK8Wqrs8ROfReRW/N93vnWSRgNQ5oGcn4SubKw0UPZ8OieCdSBbWjjl5Zu5x/4GMaL/+qpllyaxHjuvtJtbcerS/828sVVo5UTkr29vQwMDnL27FlOnTxVuv/0qdN86YtfREpZ8+NPqZS14jKbrZ1ATa/Zr8Y8e/Ysx48f56/+8v/w0IMP8vhjj3HwySc5efIkhlH5Jb4/8mM/ytt/+Ie575++yv3f+EbN44eeeYa//Mxn1o/NNMmbJnlZ+2XARtn9edNgtTC5XLzvPRfdwm1738ITM0f51e9+khMr54hpUYZj1urdqBbh3Rf+e3KmwaWDu3nN5nWuxnqGyJkGZ9fOv19x2+gofleptaK68rtLy6/smqb9lcDiSuxiLr8iKIX6FdKasLuC6NSUOG1vVzbgK9EdswKiznjr4eEV57rbl9UNdNwN8Gi7lUJO466zvWP41UtNuTbXiROPTrwo4tzyFRAu+Wu5ThRwbrpe2sFXasoFq+96ODTbV/zgrMpfoDopZjc6CfC88+vfbaETJ19xiXPd7WzLBqvvjum/XOjbDo+u9RUVnTjx6PT65QHnjvIVnzoRRg79ua+jnXwKs/CVfEX8R/oSfOD1O/jIa6K8fWeeCzcnyJuSgcHNXHTJZbzujW/m8muvY3TnHnp3XkJsdBdGTx9mtI9UXqN3ZAt6fo2r9EmuOHU/F6QniWu1etEWThM99XjtylOP551vnYRRN6SRQ85OIDOpjR5KW0T3fAeqpqNf8aPWpKmZR6YXyd3/+4i+zf+PvXuPj6I89Ab+m5ndTTaQQK5AIMglJbRJNQh4BCstBW9tBY72FeodW20Penqz7WlPj7b1vOftObW+r+2p9rzHWrS1HvBtOYKtQkVRqMQKSLSJGkq4hevmRhKSzWZ3Z94/ZmdnZndms/dskt/388HJ7s48++wzGWb98VwgzlgYdzFKfyeGtt0PpeuoXm7NVeprioJAQA1BI0NPSZJw39/fh/94/Of45v334/pVq+Dz+dDZ0YEbPvtZHGk9gpf+8CJq5s/Hmr/9WwBA/wW1x+XAQPQvo9erBpS+QV/4ZgEAt952G95991385NFHTfsLgoDS0lLc8Nkb8dWvfQ2SJKGkpAQPfP97AIBvfO3ruPiSi/E3ly9BXp4LBw8eRF9vL7781a9BEAT45SAkUUS+4LLsZRtUgnCKDhQ63RgI+uAL+lHodMMb6uXrFB34Ys1n8Nq5d9DYdRin+jsw2TUBbsOiUDfOvBL//v5/Y93s5abFomZOqECh040ePy/KbBMA88JREVsBAmSE5kAFQl9SYHoMWP+LoKLoWxh7bFhtIVjf26z+BTHWl5JYN1FjsYL6guVWSWAbeoOobSI9IOy+FFp9ubQsN0a72rRz1FaIsU2hnS3Pn8V5TKWdEz1/ybdzvNvk2znera1Ur5eo4nL8OrE7j1blJtHOCZ3HVK6TBM9f1q+ThNo5w9dLEudvRK+TdFwvhnIyf1/J/HUS9/WSyHVicR6zcV9J/f6dA9eJ3X0lznYec/eVhM5fGq4Xq/NnOI9j9r6SSDvHfR6Tb+dRdV9J03UiHX0DQn8ngrMWQ3BPMp2HWWXFuKNsMu5cXI3j7d1o7ZeglF0E10QnJouD6BsCJhWVodB5FqLgh3L+FCbLfhS0/wUuxY+6D000lGdoPzkAx7n3IfWeyq3vX2RDgdLfo855ajMKezwSFC3CHwsCPgxt/x6C7/w//bm8iZBqrobz41+HUDTN/tihfgSPNcC/4/tQes+En3YsvBXOa38AAFAUBWfOnEEgEMC0adPgdDqjimn3eNCwtwED3gHUzJ+P+vp6CIKA7u5udHR0YMb0GXAXuAEAnnMe+P1DKJgwAcXFxaZyvF4vOjo64HK5MGXKlPDz27Zuxa5Xd2HZx5fh4ksugTs/H4ODPhw4sB8/f/xxnDp5Ct9/6CGsXbc2vPgUoPaE/eCD99HV2YX8/HxcfMnFmDV7trn5lCAkQT1GCN8BVLKihP8iFAS1F6pDlCArSvgYQB3SLwlieFEiQTCXpYT/8tYFQ/OwRO5Lmed5oDAUhirR29BNVDTctMO3MUG/nUXdrEV1C0GAENqanjfczQQBMN/dImTopmioVvzbRKoT/hKQwpd1q63F8bYVTqTGwzZAcu2c1Nsn3M6Jnr/k2jne85daO8d7/lJr73jPY2rtPAavk2HPY3LtnOj5G5XXSS5dL6PyOsnO9ZJaOyd6/hJr50TPX8LtnNR5TO3vpfF0nUQVm9HrZRTdVxK5TnLpeknq/I2S6yQHrpdsXidwuBCsvBjyRQsByZnYdZHAfUU6fxyS568QlEAGrpfk2pnsKb5+KL2dQNA//M5jzOF/aIj5+tgKUAEovacx9Nw9kM+9rz8pShCnfRTS/GshVsxXg1RXASAHoQz2QelsRfCD7ZBPHYTSdy58mFAyG3k3/Wd4DtSRdmD/fvzDN7+Fb//jd/DJFStMAWkwGMSrr7yCL9/391j3uc/hW9/+B7jd7hGsLY0G7Q+oUyyIoXBT22r/0mkOVfWvDGLoXiWGntSeFwyPFSW0X+jeBkTf89Sergne6xK811oXnKYvWTHKSeeXwthfUjL05UrbpvlLofV5TOVLbGLnL53/82TbAyLJdo771y7pdk70/OX4dZLQecz8/4xk/jrRtlm+TnLpekni/CXfzvGev9TbO3fuK5m/TuL+dU1GPNdJGq+XMXGd8L6Sne9fvK8k385xn8fU/14aFfeVDF0nsqsAysxFCE77CATRkfj5sdmKPacgtf81NNfpKLpOxiklOAT0dkDxjd/FvYcLUMfOEP4QoagSrhv+HUO/uxdyx2FADgJyEPKpRsinGgHRAcE9CXCqASp8fVCG+mHulixArFoI16f+JWfCUwDY8rstyMvLw4JLLzWFp4A6hcCKlSsxYcIEFEwogCRJI1RLGk30m4/65cM0nF8wbwEBEMz/0jvcv8wbt4Kol6NtZVmGIIjh8uwrGMcWMbaRxSpK6CadwBYWW9hsE/2yHrlN4MtjZDtDiG7n8BY221jlCELS7Rz/d+5U2jnR85dcO8d7/lJp52HPX/hbYmrtHfd1klI7Z+E6sTuPqV4nSZ7HZNs50fOX9eskgXbOqeslU/eVqOLSdJ3YnUfT8Zm9r6TSzmm/r9hJ9TpJ6/WS2v07J64Tu/tKqtfJaL2vJHD+0nJfSeQ6GUv3lUxdJ0m285i9ryRwnYhDA1D++jrEEwcQLJ0FsaQKweKLIEhO+/NlsxX7zkK84IHQ3wkhMAhk+L6S8nUy3gV8UHwD6hynQ4MjXZucN+YCVAAQSmbD+an/hcDunyB4ZA9MV40cgNLfCcB+wSKhbC6cK74Noaw643VNRH9/f+gvFmtDQ0MIBAKoq6uDy+XKYs1oNFPvNaGbp2DYImKrqPtB2z98HEL7IbxfeH/DFhGPw88byosiWGwT+ZJivIkaixXUFyy3SgLb0BtEbUPtZtom+qXQ6kuJZbnW7Wq5NZ4341aIsU2hnS3Pn8V5TKWdEz1/ybdzvNvk2znera1Ur5eo4nL8OrE7j1blJtHOCZ3HVK6TBM9f1q+ThNo5w9dLEudvRK+TdFwvhnIyf1/J/HUS9/WSyHVicR6zcV9J/f6dA9eJ3X0lznYec/eVhM5fGq4Xq/NnOI9j9r6SSDvHfR6Tb+dRdV/J1HWibX0X4DjTDOV0E0SHC3JxFTCxHEpBMQRXPhQpD0JBMRRBhOi7AMhDkOQgFG8vxIAXQt85iHLAcF4zf19J+ToZDxRZzcHkIBAMAsEAEAxA8fWrP1PcxmSACgDi9Hq4bvpPBJtfQOCd/wf5xFvDHCFAmFgOxxUb4Lj0c4CYe03z8U98HK++8gr279uPa669xvSa1+vFPz/0ED78kY/g6muusSmByMwUmkYuJCXoWzniy46s6DdbQN0PwvBb7S5n/JdGYznRFURiN0W7rcXnVquTwBYWW9hsE/2yHrm1+lIJ6+Nt2xsWW9hshz1vybVzvOcvtXZO9Pwl187xnr9U2nnY8xf+lphae8d9naTUzlm4TuzOY6rXSZLnMdl2TvT8Zf06SaCdc+p6ydR9Jaq4NF0ndufRdHxm7yuptHPa7yt2Ur1O0nq9pHb/zonrxO6+kup1MlrvKwmcv7TcVxK5TsbSfSVT10mS7Txm7yupXieBIUjtR6C0t8Y+b9DXzgAEBEPHy+Hf4xjbuBsuVjk27UyUAWNuDlQ7cvshyIdehtzRCqXrGOD3Ag4XhEnTIZRVQ6peDnFqLSDlds/N5//7v/GbZ57Bh+bNw8KFi+B25+PMmTN4s+FNzP/wfPzdhg0oKCgY6WrSKOHR5kAV1LuN1VZRtLlR1TlNgdBXB0GdA1WBeU7U8GPFPAeqogCiGH3PA4TE7nUJ3mutC07m5pzYTT/lL4UxvqSYy42/uok2m/olK5V2jvc8ZuPLlf6lOLl2jvf8Jd/Ocf/aJd3OiZ6/HL9OEjqPibdz7l0n2jbL10kuXS9JnL/k2zne85d6e+fOfSXz10ncv67JiOc6SeP1MiauE95XsvP9i/eV5Ns57vOY+t9Lo+K+kqnrZBTfVzJyndC4Ne4WkYpJDkLx9QHe84AcAEQJyCuEkF+U88GpJhgM4tChQ3jjT2/gZNsJAMDEwkJceeWVuPiSS7hwFCXk3D9NDC8QFbWQFARAUP9FUZv7VAhtAfXmqd0WBah3PSF099MeI3SThfH5iLuZIIiGxxEydFPMxpfezHxZjz4+G1960/slfZi3T7idEz1/6fyf2ujjs/GlN9X2jvc8ZuNL76i6ToY9j8m1c6Lnb1ReJ7l0vYzK6yQ710tq7Zzo+UusnRM9fwm3c1LnMRNh6di8TqKKzej1MoruK4lcJ7l0vSR1/kbJdZID18uovU5G7L6SXDsTWWGASkS2zv1TIQRBvdcIgnozFaCHnuZQ1dzTFIL+FcKuB6oQuolp9zj2QM3El/oMfbnStmn+Umh9HrPx5Urd5lxPIUM7x/1rl3Q7J3r+cvw6Seg8Zv5/RjJ/nWjbLF8nuXS9JHH+km/neM9f6u2dO/eVzF8ncf+6JiOe6ySN18uYuE54X8nO9y/eV5Jv57jPY+p/L42K+0qmrpNRfF/JyHVC49ZwAaoY81UiGtOU0N1E/W/oXwphuCkatgDUuWxMx4W2isVWsNla7W93V1MstrFuinbbyGLt6pFkva3aI7L9Yn75iNzG+lITeV7SVN9Y7ZFsO8fc3/RdMI31HqY9km3neM9fKu08bDsow3z7S/V6iSoux68Tu/Nod14SbOdEf++SbWdDg0dvLf/fKcvXSQLtnPHrJRfuK1HFpff6jtUOmb6vpNLOiZ6/tF4n2jae6ySNv3ep3r9z4jqxu6/E2c4x97MsNr3X96j5/hXH9W3VHmP2vpLIdWJ3Hu3+/kqinUfVfSVT10mc7ZyL95WUrxOiBDBAJRrH9Jscom+aMG+1/S23gsVWsdla7R8qx6KC0Vu7LyV2+1sVa1ePJOtt1R6R7Wf7JT5yP7svI1b7pbG+sdoj2XaOub+h3LTWe5j2SLad4z1/qbTzsO0g2DV0fO087HmMKi7HrxO782h3XhJs50R/75JtZ0ODR28tys36dZJAO2f8esmF+0pUcem9vmO1Q6bvK6m0c6LnL63XibaN5zpJ4+9dqvfvnLhO7O4rcbZzzP0si03v9T1qvn/FcX1btceYva8kcp3YnUe7v7+SaOdRdV/J1HUSZzvn4n0l5euEKAEcwk80jrW3t0MQhLj/ALB9rP1s3Mb6OdZzRERERERERETZ0th0NObr7IFKRGnDf48hIiIiIiIiorGGASoRxSVWOMrglIiIiIiIiIjGKgaoRDQsq4A0XYEqw1ciIiIiIiIiymUMUInIFsNNIiIiIiIiIhrvGKASjXMMSYmIiIiIiIiI7DFAJRrH4glPGbASERERERER0XjGAJWIAOhBaeQ23uOIiIiIiIiIiMYiBqhElHBomur7EBERERERERGNFgxQiShhDEKJiIiIiIiIaLxggEpEUdIZkDJsJSIiIiIiIqLRjAEqERERERERERERkQ0GqEREREREREREREQ2GKASERERERERERER2WCASkREKeW5xgAAIABJREFURERERERERGSDASoRERERERERERGRDQaoRJQQRVFGugpERERERERERFnDAJWIiIiIiIiIiIjIBgNUIiIiIiIiIiIiIhsMUImIiIiIiIiIiIhsMEAlIiIiIiIiIiIissEAlYiIiIiIiIiIiMgGA1QiIiIiIiIiIiIiGwxQiYiIiIiIiIiIiGwwQCUiIiIiIiIiIiKywQCViIiIiIiIiIiIyAYDVCIiIiIiIiIiIiIbDFCJiIiIiIiIiIiIbDBAJSIiIiIiIiIiIrLBAJWIiIiIiIiIiIjIBgNUIiIiIiIiIiIiIhsMUImIiIiIiIiIiIhsMEAlIiIiIiIiIiIissEAlYiIiIiIiIiIiMgGA1QiIiIiIiIiIiIiGwxQiYiIiIiIiIiIiGwwQCUiIiIiIiIiIiKywQCViIiIiIiIiIiIyAYDVCIiIiIiIiIiIiIbDFCJiIiIiIiIiIiIbDBAJSIiIiIiIiIiIrLBAJWIiIiIiIiIiIjIBgNUIiIiIiIiIiIiIhsMUImIiIiIiIiIiIhsOEa6AkSUBYM9wNE/A+/tAM63AUffBABUAPDPWAi5aDqGqpcjOHMRlLyika0rEREREREREVEOERRFUUa6EgDwxr5mNDYdRsvhNngHfQCA0uIi1FRX4fqrl6KshKEOUVL2/gJ49VFgsHfYXZW8Qgwu/Tv4Ft4KQRAs/wCwfaz9bNzG+jnWc0RERERERERE2dDYdDTm6yMeoHZ09eKpTdvR0toGAHDnu1BVWQEAOHTkZHi/lcsuxdrVy0ekjkSjUncb8Ju7gbPvJXxosLwGA3/7EyiTZzBAJSIiIiIiIqIxLacD1LZTHjz8+HPwDvowb84MrLpmKWqqq0z7vLGvGdt27EVXdy+qKsvx4P23j1BtiUaRM83Ak2vj6nVqK78I/et+CXnKhxmgEhEREREREdGYlbMB6oDXh4ce+RU6u3uxdvUnsHLZwvBrO3cfgHdwCFWV5aivq8aA14eHH9+Mk6fbseLKS7FuDXuiEtnqbgMeuy618FSTX4T+O39r6okKMEAlIiIiIiIiorFjuABVzFI9ouzcfQCd3b1YsqjWFJ4CwLYde7Ftx148tnErHnrkVwCAb25Yi5LiIryy5220nfKMRJWJRofffCE94SkADPbCveXL6SmLiIiIiIiIiGgUkr7//e9/fyTe+LGNz8PpkPDVez4Lp9Nhem3xgg+jproKPb39OHriLJo/OIqVyxaiwJ2PxqbDGPIHseCj1alVwHsce57diCef+2+8tONl7NrThJOOCsy9qAR5qZWcgCY8/a2n0X3JFZg9IWtvSmPZ3l8AB3+X1iKF/g4gvxDy9Hr2QCUiIiIiIiKiMees53zM1x0xX82QtlMeeAeHUF87FwXu6LiyrKQIZSVFWFBXjYcf24xDR06i5XAbrlhci6c2bceh0IJTyfNg13/8XzTW3IcH7qiEEwD8HjQ+9yR+sevz+NryihTLJxoBgz3Aq49mpGjXnx5H95yroeQVAWCASkRERERERETjx4gEqANeHwCgavrwQeW9d63Bzt0HwvvOmzMDh46cTK0CnmbsP1OD674WCk8BwFmB+lu+g/rUSiYaOUfeTHzo/g2vAhOfAX71y9j7Dfai4PRfMFS9AgADVCIiIiIiIiIaP0YkQE1EgTsPq65Zmt5C3flww4MTHqDONsP14/Sep/H0S4fQHXBg4ryrcMcty3GRG0BfK3Zt3oJdR9oxGAAc5ZfjjvtuQI0bgGcXHv7xCdTeBDRvaUbgY9/Adz5VjNMNz+I3LzSjPQA4iufhqptvwfKL1HfqPrENP3v0TzgRWRZRIt7fkdj+N7wKlL8O/N9hwtMQ15FXwwEqEREREREREdF4MaIBqtYTNREd3b1w57tSe+PCJbjpujfx6I//Eftn1uLKyy9HTe1MVLrD/VHhb3waP9tfift+8AVUOoG+xqfxs+ea8I076uBEAMXLv4QHvlAIJ/xo3fJDPPfy5fjOqsrQ0c14s/Em3PeDO1DhBPyNv8CjLzlx83d+hPpCwN+1H386EQAuAoB2NDZfhW/+rx+hEF40Pv1DbH55IR5cdVFqn5HGn+4EprYIh6c/iPsQqfdUEpUiIiIiIiIiIhrdxJF4U204fmPT4YSOazvlQVd3L2rmVqVch4rlX8MPfnAfbrmkECfefA4/+9538Y8Pb0GLFwD6sP9Ph1Cz/FOoDGWqhfUfw5zWd3AEAAprUD+3MDT834m58y5Cd3eXofRa3PCFRahw6mXNW3Uz6gvVV50li7Bce4BiXH5dPdRHbtRfMhcXuvtS/nw0Dh37c3z7JRGeAoCj41ASlSIiIiIiIiIiGt1GpAdqgTsPSxbVomF/M3buPoCVyxbGddy2HXsBAPUf/VBa6uF0V2Lulasw98pVgL8L+59+FE9uqcWPbinGoBdofvZb+NazxiNqUQsA3uPY89wW7Gptx4XBQOgl82fQG9aLQS/gzHfCmgNu80Oi3JTo/KpERERERERERGPAiMV1M6eXo2E/sG1HA2rmVsW1oJS2zxWLa9NfIWcJFi2ai+f+1IU+VCLfDdTe/iPcURe9a8uWx7DLcTu+9kAdCp0AGp/Gt96xK9iNfDfgH/QDsAtRibJoyyfVXqhf/F5ivVDzCoffh4iIiIiIiIhojBmRIfybnt+FzVtfAwB4B314+PHnsHP325b7GudJXXXNUtx715rUK+B5ET/7j11o7fLrz/W1YtuuFsxcWIdCFKL+8nloeflFnNZ28XvQuL8VfgAORz7gdiPfCcB/Grt2tcR4M7WsQ7teQGtoZL6/rxF7GjlMn9Js1t/Ev++WTwLtH1dD1DgFymuSqBQRERERERER0eiW1R6oA14fHt+4FS2tbSgpLsKqa5Zi8/O74B30YfPWXdi5+wAWfLQaBe58AMCJUx60HG7DzOkV+MaGm9JXkYqrcPPlL+DZJ/8Zp9sHEQDgyJ+GmuvuwxeXhGYjXXQH7vM+jae/9y10B9TXL7nhDtQCmLvqFtT97El891sBOCbOw/WLaoB2+7dzL7oF9/b9Bs/+MFRW8TxcdTPDKEqz4qr450EF9J6ot98F/OqXw+4eLJqeQuWIiIiIiIiIiEYnQVEUJRtv1HbKg8c2bkVndy/mzZmB9Z+7Dg898it4B31Yu/oTOHGqHQ37m6OOc+e7sOqapXHPk0o0br23A3j27owV3/eZn2CoegUAQBCE8B/jY+1n4zbWz7GeIyIiIiIiIiLKhpYjbTFfz0oP1LZTHjz8+HPwDvqw4spLsW7Ncjz82ObwYy0cXbdmOdpOeUzH1lRXZaOKRKPfnMvVeUp9GZgeIq8Q/qpF6S+XiIiIiIiIiCjHZTxANYand667FlcsrsWm53fh0JGTmFFZjnVrlof3LXDnMTAlSlb+JGDF14AXH0p70f2X/x1kVxHYT5SIiIiIiIiIxpuMLyL1s41bTeHpG/ua8cqet+HOd+GbG9Zm+u2JxpelXwCmfjitRQbLazBwya1pLZOIiIiIiIiIaLTIeIDa1d2LqsrycHj61Kbt4fC0wJ2X6bcnGn9u+YU6lD8d8gpx/lP/Jz1lERERERERERGNQhlfROrhxzbj0JGTqKosR9vp9nB4WjW9IpNvSzS+nWkGfnFTavOh5hWi629/gUD5fNtFo7iIFBERERERERGNdsMtIpXxHqjr1izHjFB4WlJcxPCUKBum1QL3bU96OH+gbB7ab/ov+Mtq0lwxIiIiIiIiIqLRJeM9UIlohO39BfDK/4mrN6rimoi+y76I/otvMfUyZQ9UIiIiIiIiIhqrhuuBygCVaDwY7AGOvAm8vwPobgPOvAf4+qC4JmKo9EMIFk2H96KPw1+1CLKryDY8ZYBKRERERERERGMNA1QisnX82OmYYSkDVCIiIiIiIiIa60Z8DlQiIiIiIiIiIiKi0YoBKhEREREREREREZENBqhERERERERERERENhigEhEREREREREREdlggEpERERERERERERkgwEqERERERERERERkQ0GqEREREREREREREQ2GKASERERERERERER2WCASkRERERERERERGSDASoRERERERERERGRDUeqBXR3d6ejHkRkUFxcPNJVICIiIiIiIiIipCFAZdBDREREREREREREYxWH8BMRERERERERERHZYIBKREREREREREREZIMBKhEREREREREREZENBqhERERERERERERENhigEhEREREREREREdlggEpERERERERERERkgwEqERERERERERERkQ0GqEREREREREREREQ2HCNdASKibBIEQHKIEEUBgoDQH2Gkq0WU8861n8eU8skjXQ0iIiIiIkojRVGgKICiALKsIBiQoSgjXavcwwCViMY8QQAkSYQoCZAkhqVEREREREREgNqhSOtTJEkCnE4RwaACOaggGGSYqmGASkRjmiQJcDjVHqdEREREREREFJsU6nwkyQICfhnBIFNUBqhENCaJovovZyJ7nBIRERERERElTBQFuPIkyEEFfr8MWR6/QWrWAtSWw23YuedtNDYdjmv/qspyrFy2EEsX12a4ZkQ01qh/yYuc25SIiIiIiIgoRaIkwCWKGPKN3xA1KwHqG/ua8dSm7QCAkuIilBUXxdx/YNCHttPt2LhpO1pa27B+3bXZqCYRjQEOpwinUxzpahARERERERGNGYIgIC9fgn9IRiAgj3R1si7jAWrL4TY8tWk7ZlSW465116JqekVcx3V09eKxjc9j775mlBYXYdU1SzNcUyIa7cTQhNdERERERERElH5OlwhZUReZGk8ynjTs3H0AABIKTwGgrKQI39ywFu58F3bufjtT1SOiMUIQBLhc0khXgywoihLXHyIiIiIiIsp9Lpc07qbMy3iA2tjcihmV5eHwtO2UB5u37sKA1wdAHd7/wh8bAAADXh82btqOg6F5Ugvceaiv+xC8gz60nfJkuqpENIq5XCLG2d/fOSGeIFQQhLj+JFM2ERERERERZZcgqP8PPp5k5dMW5OeFf962Yy927n4be/c1AQCe2rQd23bsxYBXDUn37mvGztcPhPdf8NFquPNdcLvzs1FVIhqFREmAKDE9zSS7IDOeIDRZscpmsEpERERERDRyxtv/h2dlESmjtWs+iZrqKixdXAcA2LB+NQC1t2lNdRXWrv4EauZWhfdfUFeNBf/y9xmrz9BQAP/+5BYAwN9//ga4XLGb5MC7h/Dc1tfw7S/fjOJJExN6rwPvHsJ/PP0CvnTH9Vh48byk60xEZpz3NP2sQtJ49o2W6A3VvixjHex6rMZ6nYiIiIiIiNLH6RThCwZHuhpZkfUAtaykCCuXLQw/XlBXbXrd+BqgLkJVWjIJZSVFGanP8ZNncSI0PcDxk2fxoTkzMvI+APDRD8/Bjx78IiYUsDctUbo4HCJEkWFZOmgBZKzANDosFQAIpukTzPsk3zvU3ONU/RNZXqxQ1fh5iIiIiIiIKL1EUYDDISIQkEe6KhmX9QB15+4D2LajAfeuX42a6io8/NhmeAd9ePD+2037vbGvGZuf3wXvoDpXalVlOTasX5PWIFVRgL3738Oi+hoA6s/Vs2dkbB5Fl9MBV4K9VokoNsnBcCwVsUJTq7BU20d/TQk91vcBhKhjh/t7NfKtBEGwDEyNr+vHWYeqkUP+I58jIiIiIiKi1EgOAYHASNci87IeoJ441Q7voA8DoWC0o7sXXu8gBrw+FLjVuVJbDrfhqU3b4c534fqrl6CjqxcN+5vx+Mbno4LWVJw8047DR0/hnls/DQB48tmX0N55HhVlk8P7HGs7i1/85kWca+/GtCmlpqH33T0X8K8/fRaLF8xHY9NheDq6UV9bjeuvWYpnfvsyjp44g+nTyrHhztUoL52EI8fP4D9+9QK+dPv1KJ5ciH/96bNYurgOB//yV5w+14GKsmJ84ZZPYVbV1LR9RqKxTBDA3qdJiD801XuWqs8rpqBUURSLYFSJ2Gr7xlWzOOquhavWoanaUzV6KD/DVCIiIiIiovQTRcHy/9HGmqwHqHd97lpctexSVE2vAAB8LxSIauEpoPZSBYAH778j3OO0rKQIL/yxAS2H21BTXYV0eOvg+5g2pRSVU8sAABXlxWhsOoyrP7EIANDT148nn30JM6aV4yt334ie3gt48tkXo8r54K8n8KU7VqH7fB+eeOb3aD12GrfcuBJlpZPw5LMvYvurb+G2/3GVZR3ePNCMz9/8KRROLMAv/+slvPjKW/jibZ+BJHFOR6Lh8DpJjF1waBWamgNTIRRcmo4KvW4cQp+peke+r93r5uB0uDCVQSoREREREVHqRAkIjvFeqFlPHwa8PngHh0yPB7y+qH3c+Xmm4frawlJtpz1pqUdPbz/ebT6CKxbXQpJESJKIKxbX4o23mtDT2w8AOHr8DLyDPvztpz6G8tJJqJ49HZ++aklUWZ+4oh4zppWhevZ0VE4tw0dqLsKlF38IM6dXoHrWdJw622H6zEafvmoJqmdPx5TyYtTNn43evn4M+cf4bx1RmgjMT4dlXKXe2OPUvIK9sSeq/pw5mFQM85DavZf5/bTh/PHT99frN9z76fXTntOnEDAGpELEZ7ZuDyIiIiIiIkrMeBgZmvUeqJue34WG/c24c921uGJxLR565Gl4B4fwk/95X7gXamnJJBw6ctLU21TrlaoFqalqbjmGM55O/OyXz5ueFwT1taWLa3GuoxuSKMLlcoZfd+e7osqKfK6irDj88+RJE3HqbIdtPazKI6L4sOegveF7m1r3NDUPwVd7mAqCcU5S63lHrYbzJxtIRvZ01Ybtm8uNXjzKes5U81CSyJ6p7JVKRERERESUmvHw/09ZD1BrqqvQdtoTDkKXLq5DZ1ePaQj/qmuWorHpr/jxz59DzdwqdHT1oLO7F/W1c8ND/1MxNBRAw/5mrLrmClxxWZ3ptTfeakLD/mYsuqQGU8qK4Q8E0D8wiOLQ4k92PUmJKPvEcfCXdKISCU6NvTXV3fUen8bD9WDSPO+pMbDUw1i7czJcmGoMSM3HRc6nY6yr/lrk59X21XumGsthkEpERERERJQe4+H/zbMeoF6xuBZXLK4NP163ZnnUPmUlRfjmhrXYtmMvGptbUVJchBVXXopV1yxNSx2OnzwLT2cP1q6pDgejmvq6auz5819w/ORZzL5oGiYUuPH7Pzbgxs8sQ0/vBfzh5Ya01IGIUsch/Lp4gtPIofhaEGnsaWoMSvVQUjGVFR1YanOhGgNK7bV4JxNXQnU3DsU39nzV39M60NVeN9bdOBWBXofonqoCg1QiIiIiIqIkjYf/Xcp6gNp2yoPG5lasuPJSFLjzcLDpMDq7erFy2aWm/aqmV+Deu9ak/f0VBdi7/z3MmFaGaRUlUa9PqyjBjGll2Lv/Pdz+P67G52++Dk8++xK++8NfoKKsGAsvqcG+gx+kvV5ERMlSQ0Tr4FTvdRkdOOqhqfEYfR89+IwMU43lRAeUalnaVo47fJTl6H1j9Ty1C0i1ulv1TjWHrzCFtpE9VI1bqzYmIiIiIiIiJLb0xSglKBleNePu+x/BvDkz8M171wIAHn5sMw4dORmeA/Xu+x8BADzxyP2m41oOt4XnQXW781Aztwr1ddWmhaWIKDXHj50OL6QT7x8Ato+1n43bWD/Hei4e7oKs/xtQTrHqHRkdnALGuU31RaPMq9drPVKj7wiRoWp0HSLfP7L3ZqLsQkurEFOrkzFQNQa++uuIek7v9QoY28gqSDV+nvEapJ5rP48p5ZNHuhpERERERJSDvAOje0H0liNtMV/PSvrgHfSFf163ZjkONh3GgrpqAMCG9avR2dVj2v+X/7UdDfubTc81Nh3Gth17sXbNctMUAERE402scE8LAs3D2BWLnpjG162eMwaw5mH12r52QaksRw7jHz5MNX4W4/F29TQvHGXuLWvunWrdezZyOgDrKQfMQSqH9RMREREREY1PGQ9Q62vnorG5FW2nPKiaXhH+o9GCVM22HXvRsL8ZMyrLseqapVhQV42Orl60tLZh8/Ov4qlN2zGzsjwti0kREY02Vr0yVYIpcFT3U2IOPTf3KrULTfWh8JGLOcmyEhFy6sdpQ+SNi04N97n0nqRqOdoiV1oILAhCxHsiqm7mOuphqjZdQaz6GNtDO85qsSkO6yciIiIiIhpfMr4Ey8plCwEAj23cirZTnpj7Dnh92Ln7bZQUq4tIaeFqWUkRrlhci3vXq3OibtuxN7OVJiLKMWrAaBWeCoaQUDGEodrP0b00tbK014yhq3E//X3UrdYzNHLov7k+evlWj2P9sTvWXA9zHaLrFF0X7bMZ2yGyfHNb6e2nzR+rtrE5QNbC2gzPhENEREREREQjLOM9UGuqq3Dnumvx1KbteOh//xqlxUUoK5lk2qe+bi5WLluItlMeeAd9WLlMXWDKqqyS4iI0NrdmutpERDkjVq9TPegzLrIkGFavN/e61LM+ISKcjAwUja/JMA9fF0LBpbm3KqD1SrUe2m/f8zP8U2g/Ifwe5kWwtM9nnKdUey85qodsZI/UyKH3drmn3nZa+Gr8jPbD+tkblYiIiIiIaGzKyhyoVyyuRVlxEXbuPoDG5lZ0dveaXlcUBSuXLURpySSUFBehZm5VzLIONh3OdJWJiHKCfa9T8/ygxqHnxl6l+nGmUqN6jhoDV/19EC5DD0yN85FGD/k3Hxs51D7259T3sy5L7wlqfF42DM/X62EMSfWh+8awU/9s2nF6yKz37NWDaW1/87B+46JpDFGJiIiIiIjGJkHh2EOicev4sdPhXnTx/gFg+1j72biN9XOs5+LhLsjKvwGNCPuFovQAMzIctA5JzfOTWoekxhDR3OMysgyrW0ZkT8/IEFQvJ7oXqt3zVuXF/t3Rg+XQK6aQ2Xio+fcRAKzKMO9jbGOrQNXYFpHvMVacaz+PKeWTR7oaRERERESUg7wDgZGuQkpajrTFfH3spg9ERKOU3ZB987D16F6n1qGnPsw/sjz9sX6sNqeoeai8sWzrBZsi51Q1LvSkij1sPnJuUa0exnJiLWil7astMqW9l3laA6v2RLgtzT12jeUM1xuVQ/qJiIiIiIjGMgaoREQ5xG7IPgyLRAmCeUEp81yg2pFWvUCte4VaPTbOnxo9d6gxbDXPx2pcsMk87+rwgx20/fXw1BwYa2VFhrNWnys6RI3u7WoVpOqfJfJYcy/cyCkDtM/NIf1ERERERERjDwNUIqIcESs8VR8jHNzZz1mqWASj1sGpcXGm4Y4BoudBNdYHUAx/IsPb+EJEYy9W9fPJptfNwam5DnZ11sszHqeFnObjIgNi9f303r7muhnPhfb5GaISERERERGNRQxQiYhyQHSPUqsemEo40FN3MS7oFF1e9HNWr0X3VI0+JrJnph6UqkPmjT02BVMQqpIxfIiqmPYxD9cPlSJHDpmP/DzmuU4jP0f0AlTWQar6nFVB5nBYOxfGqRKshvQzRE2UBy/926+xxRP9iiO/GHXXLMf6ZbNRkP2KZc65l/HAj97F2YqL8dA/XIVpVvv8ZTPufupk1NOOwgJU1S3ErVdfhplFGa9pSBte//VbaMEELF19LeqKgIMbH8HjTUD9nffj3o9mqx5ERERERNnBAJWIaITFE55aLRQVq9epdnysuU8BxTDnqXE/9TXtZ3PAqIWIxuf1gFSWZYugUi3PLkQ0fg6t7sayjO9rrJN9kGqut/F9RFGAOQgGjMGtIMAUCJsDanNvVK2ueshrnp9V+5khavJKZ87CnBLtkQ9tTWfQuHULfuy/DQ+uqBjJqo2c/CLUzi8JBcgBdBw/g6MNe/DPDe9gxZdvxrqLJsRfVjzBraUeNDUeQyOKUHU1UJe14JaIiIiIaGQwQCUiGiHWQ8et5ju1GrJvLEk/xqp8NdiTTftaBafR5erlmOugBqZ6wBm92FOszzucyPlNje+hv6daB/PCUUJEOdEhqjYNgR6kRs4nG10f9TVj79jIOVYF07mymhc1smcqxafqkzfiHmNvxt7deOgH+9C2520cWXEt5oxYzUZQ0Sysvc0cdvYc3IwHnjmJV/5zO+q+fyPqnJmuRB3ufaQu029CRERERJQzGKASEY2AWOGp+tg8v6g6XBww9oiMXoXeeji+Fp4qChA5r2hkr03je0QGt5GBqfF4Y49Lc7l2Q+Fjv2bVi9Wqh2lknfQwNbqnrLFcLUhVw01zL2Ajq57B5roKpnMUa15Uu/NDCSgqQSmAtr4e9ISe8ne9g2c27sJbp4MIQEJpTS3uue0qzHEDQBMeu38HGjEDd949Ads3tuBsoAg3fPduXFfowVu//T2eaeyGN6BND7AMty6rxqRQ2T2HX8bGTc1o7g4CANyVs3Dr+tW4rET9+nTmlSfw4Iu9mPrJT+P63j3YuL8XAQBFNRfj3nAdAug5/ja2PX8A+04PwBsA4ChA7ac/g3uXVSEdWeekBatx677H8ETLMWzb14O6paFP4I/4jMXTsOq21bjuognhIfcAAM+7ePD+dwHMwIZH1qKu9yje+uMebD/YjrODACChtOZSbFi/DDOd5nbd8MhaLLCsVQ9aXvkDNv7xDDpDn3n24qW4Z/UlKMt4wEtERERElF7iSFeAiGi8sgtP1dcih9LrvVK1n83PK6Z9ZFnb1/jHHEZah6fmx7IsW4aYsiyHH2vlm8sVDO8Z+SdcmumPPuWAEPEZzfU3vrexXvrz1p/F+nNHt5PedlZta25nc3nmRa30z2jufcoQNVmDOPGHBjQCwMxpau/Tc7vww3/Zib2eCaipn4XFdUXwt7yLH/7n7nDAqjqJp55oQYcjD1NnTkOVYxBvbfw1ntjfDWflDCyun4W6Ch+atu7Gvl71CP8Hv8MDP38XzX0TUFs/C4vriuE8fQxP/MtGvHTOXLOzr/4BG09MwIL6GZhdCPS2vItH/3A09GoALTv2YK8nD3PuskMmAAAgAElEQVTqZmFx/QzMdg+geevv8MwH6WqbfNTUFQMAjraeCT3nwUs/VT/jpLnq+1YFzmDLTzfj9V6gtGYWFtcUwQ2o0wLUz8Li+tkoBYDWBjy1rwvOi2Zhcf0s1M90oLNlH3782/grfOL5Z/HjF8+gp2QaFtfPwuK5DrQ17MILren6zERERERE2cMeqEREWRbdU9Mcng4/X6a+v3UgZ5yrNHpYfeT+kYsz2dVZD3Sje4eKggBBlCCKYmgXQa2lNgRfOzTiY0TvowCCgmBQhiKrP+tTCBh7vBrrYtXrVn9DQVAXu1KH7eufx3gOzPOUWreD+ZzEHoZvPofWPVE5lH94jU89grsjn3QU44Z1yzAJwMEX30Yb8rBsw9247SL15YF9v8JXNr2Ll44vw7qL9MOqPvU5PLiiMvTIg5e6AWAG1n5lLS4LPevv7QGK1Nd3bj0GLwqwYsPd4XIG9j2Lr2w6gy1bD2DlPQv1wisX41/vV+uE49tx/0+b0dt6GGcwG9OQj8vWfwWXOQ1fuUILQh08eBjr51enoaWASYUTAHQDgUDoPXZhy2mgaMkN+OfPzlaf876Fh/9pD7a92oZH1tyIe+aqc6B6I6cFWHATHl/gMPSODfU4bfoALZiPmjjq09k9AKAAK++8GTdOCT3Z24MBzpdKRERERKMQA1QioiyKNzw19z41Hx/5s97jU4l4Xo4KRo0/G+dBNfakNB5jF1RKkgOioA1iMASBemdMLb6M6hFq3Dd6HwFQBEiiaBgjEep5qsgIBoPQeqtqw+TV6Q3MdbQKhLXPqwWpViGqceEqu1DVaj5T47B9dSh/ZEjKEDUZpkWk3EWoratG3dzZmOQEAA/OegDAh90/fQS7I47t7DU+moYVyyoNjytQv6gIW148iSf+4efYOb8KC+prsbRudmj4vgdHPABQghpDCFtQMwOzcQZHT7ejDVB7bwKYWj8/POwf+RIKABjffuD0Xmz87bto8fjUIfwh3sHBxBokhp6+fvUHR2h6AY9ag96GLbi7IWLn7h4AVfaFedvw+qZdeOlwN3qNVRz0YSDO+tQtmQV30zFs/9+PonluFebNvwQfX1KdwEJVRERERES5gwEqEVGWJBaeas+Zjzf+rA+bVxcwsuodat7POsmMDhrlqBDX4ZAgaIGpku3QT30/UZAgOiRA0D5bEIGADBhSW20eUu0zqPtFh52a6JDT7jljfaKDV20fhqjpFbWIlCUJVTVVmOo2P1tTYt6nIGLezWkr7sbjdYfxesM7aGo9jG3PtGCLoxhrv34XVk5B+vS+hcd+ug+HAEytmYU6N4AuD/adiDeKjMcgWpq6AQCz55ojSnflDNRVRHzdmzsJ9nrw+sYt2NwKOCqmYfH8PAD9ONLYjs4EauScfyMe+d5RHNzXjH1NbXh961a8sjUPS+/+AtbPz0+gJCIiIiKikccAlYgoCxIPT+16mgLGxZGi5wmVTYGcuSepsT6yxXPG8hWIoghJCqVOimA3sj37QgGuAAecTjU4DgSCoc9k/gyA1YJUih4GQ2t7LQDV284YwurHWZ8j4/vo5YIhakZVYGoFAE8QRQuuxT2LJ+gv+QMYbnWmgd4eFEypxso11VgJAAc34+5nTuL1Jg9WTqnAnAqg0dOFluPAAm0If8tJHAWAynJUAeiIp5qn23AIAGpW4sF7LoET6jQD6QxQew5uxTMtAPJnYdViNRydVlEEoBfewmrcettCFIT3DsCvff2bUoGpAM56unAWCPUOPYOWVgCYhvVfvxmXOaEO/U8wQFWnQ5iNy1bMxmUrAJx7Gd/+0bvY23AY6+fXpfqRiYiIiIiyigEqEVGGWa9OP3x4qi1SZN5H62mq9nI09hI1lmfunWpdpr6/sQwBDodDDRgV5E5oakcRAAhwSCIEQYGsKAgEAogOoIXw4k7GoFnPLSOnGlCiflYUIeq1yOH++vtoQaldiAqGqGmw4FOXoqrpbTRvegIPHKxClRvwd3nQdGIS1v9rKPyz9AE2/9sf8BaKUTN/EgoQQEfrSQBAaUkRgHysXD0LLz1xDK88/gTO1pWgINAT6uVZhBtWLxwun9XNnYVaHENzyx78cONhTEVPuLdoUnqPYfOvfxcKRAPoOH4GR7uD6tywG1ajTqvYR5fjhspfY0vLa7j/31qwoDIPCPSj5YN2VK27F19dkA+gCnUzgcYTJ/HMT36PzmVVmDO3BvU1wL6WM3jmp5vRWAF0tIaC47h14fUnNmKzpwCz51egzAEMnD6GTgClxbF6vxIRERER5SZx+F2IiChZVsFY5FDy4cJTfR/j6u9qCKjtGzmfqTZPKGBcVT46zNUDWcDpcMLpcEKAmPvBqQVFESBADH+OyEDUap5XvV20MsxtB+jtp74um9oy8vwaw2s96LY+50bDLeJFNqYsx3e+uxLLZuaho+UY9jUeQ5MnD3WrLxtmoaNqXP/ZGlQV9aKl8Rj2NZ5Em78Y9TfehHsXqMPLnfNvxD//3cWoLexHc+Mx7Gvqhr9yFu7+7npcl8gQf+dC3PPli1Fb6ENb0zEcPD4BN6yekfxnHuxV66PVO5CH2UuuxAPfvQvXTTf+u3gFrvvybbh7STkmdZ1R9/+gC5PmL8Z1c7X9SvDx9Z/GskoJAydasPmZD9BTlI/LbrsBN9QUwH/6JPY1dWHSpy9FfUKVLMHi1YtRXxFEW5Na1+auAsy+8tP4zpoYc68SEREREeUoQeH/sRGNW8ePnQ73gIv3DwDbx9rPxm2sn2M9Fw93Qe53ordb7V0fgh/e03CMVS9RLdRTh/6bgzrz6/qQdOPQ/+i5UdXekgKcDgcU5NAQ/TTReoL6A37T0H7jr5uxV6jxd1cPPRXT77dWrvrY+nWtDPNTQvhY7dxH9jzN9V6o59rPY0r55JGuBhERERER5SDvQGD4nXJYy5G2mK/nfvpARDRKWc17qgeXkT0VI3tBmssxh6fRCyFZ92BF+OfIgBYAnE4HoIhRc6GOFernEuCQXAAUDPmHDO0umEJmi6MjyjEP0we0hbui51pVjzHup5Wnz11r/F3gUH4iIiIiIqLcljMBakdXLwCgrKRohGtCRJQ6+0Wj9BDUKtS0C0/V4E0LTxXDa8aV383HW8+9CkiiA5IkpT049Q56ceHCBfRd6ENfXx96+/owODgIvz8AfyAAfyAI39AQACDP5YbT6YDT4YDT6UB+vhuFEwtQVFiIwokTUThxAvLz3cO8YyIE5LnyEAgGEAwGYbcAlFWgqgWlsqwY5lGNDMKtQ1S9N6u+j6II4TK5qBQREREREVHuG/EAteVwGzZu2o7ObjVALS0uwvp116KmmnNkEdHoZB+eAvqcmOZeovq+5sd671Jt0SglYl/zYlKRc2mah64rod6YkQsmJefChQs41+6Bp92Ds+fOwesdHOYIEVos6B8agj8UpqoVFaEgaNrb7c7H1IoKTJlSjoryMkycMDGl+iqKHh77/Yb3hn14qrWv9rMx7DQuGhUZokbPjRp6J8E4jF+xLJchKhERERERUW4Z0QC17ZQHj23civq6aly17FIAwMu738ZjG7fiwftvZ29UIhoTjHOdGnslWuV15nlSjb0c9RA2sgcqIEMPRRXLAFUSJYhian/l9/b1ob29E552D86c88Dr9YZ7ZOrzgsYSHRKaXo04fnDQh2MnTuLY8VNQFAUFBW5MnVqOKeVlKC8rw8SJE5L7IIoApyMPshxEIBiAsTeqdb3MUyiYA04l1KNU/3yR5Zg/l94j1RiSmufDJSIiIiIiolwyootI/fK/tqOzqwffvHet6fmHH9uM0pJJuOtz145QzYjGBy4ilX7DLRqlPq/vazwuemuc89QuPNV7L5rLC/8Ep9MJKGLSn+nCwAUcP96GI0fb0NfXh3A30tAq88mcP0GQzE8oIgDZULb2vHVv2cLCCZgzqwqzZs1Egbsg4fc3vEFobtRwzUL1M9ZV+/3We5xa/b5rIWrkglTmbfR7jJZFpbiIFBERERER2eEiUmky4PXhlT1vo6OrBzVzq7B0cS06u3osh+rXVFeh5bBa8Tf2NeNQaxvKSiZhxZWXosCdl60qExElJNFFo/Q5UWE6JnKu1HjD08jek6IIOCSXYQh6Yrq6O9H8fgvaTp7Rn4xYWV4PFqPnETX3sBQgy7JluBzukZpA3fr6+vHOXz7AO3/5ADOmT0HtR2pQUlySxKcUkOdyYcg/ZAq5w69G9STVewMb6288z3ojWQ3lN86jag5VuagUERERERFRbspKgDrg9eGhR34FBcDMynJs3LQdJ055UFoyKbx4lFFb6LVNz+/C3n1NqJlbhT8dbsMbbzXhwftvTzlE9Q4O4SdP/A6tx06HnxMEAbNnTsUda69B5ZRSdPdcwL/+9FnctPoTWHjxPBx49xB+9/vd+PqXboqaWkBRgN/+/nW0HjuNr9x9I9z5rpTqR0Rjg3FuTOtFo4wLSoVfMQSkscNTq3k3tX3UIftSUuHpOc85NL3fAo+nI1x27M+p9W6VTftHBroOQTQEggKgAKKo9kSVZQUCYAoOAUAQRYRDYsAUsmr7nDx1DidPnUNFRSnqPlKDKRUVCX1eRRHgdLoQDAYQDMqGzxXdI1R9PnaIqp8Tc131oNRuUSkO5SciIiIiIspFyY/pTMDefU1QAHzv/ttx711rcOe6a/HKnrdxxeJaNOxvxs7db4f33bn7ABqbW3HF4lq8sudtrP/cdbj3rjX43v23QwmVlS5Xf2IRfvTgF/GjB7+If/nO51E8qRA/f2obevr6Lfdv7+xBw/7mqOfPtXfhz2+/n7Z6EdHoE2vofmR4ZgxHI382B6TDhafGY/U/DocDkuRA9Hj42LrPd2Pna69j1+694fA0Fu3zyrIcWtnePJ2DVm9RVIPTYDAIh8MBURQhSVJoMSc/hoaGIIoiRFGMCmuNUxPEmjNVEAR4PJ3Y9XoDdr66G93nzyf02aEIcEhOOJ36vytGtqv+PBCrd7Dx/Jj3ifwZ0BehMv6uWM+lSkRERERERCMjaz1QJ7jzwj1Hy4rVHpxV0ytw57prsfn5V7F56y4AgDvfhTvXXYvSkkkAgIJ89ZiC0PEDXl/a6pWf50LxJH1V589cvQSP/udvceKkBzMqyy2PadjfjCWLasO9UBUF2PPnv6Cntx9loToT0fgTe+i+Po9nZA9D+yHaAhRFDi84ZexxGnm8cetwOCBASqgX49CQD41/acKRoyeiPk8s4QWqJAmCAASDgfAwfUmSIMty+PNJkgRACD+nBa55eXlwOBzw+fyGoe3muWHjHeav1bmjsxvb//ga5s6ZiYsv/gjyXflxtYOiAAIkOJ2A3x8w1Sd6OL15OL8xCNV65Oo9Us3l6PXV31c73m4oPxEREREREY2crASoC+qq8cIfG/DCHxtQM7cKm7fuwozKchS48zCzshy3fvZqtHeqvYXKSydjWkUxykqKMKOyHJu37sK6NZ9ES2sbTp5ux73r12Ssnk6HOpRU+x/7SJVTSwGoIer1Vy8BALR3nsc7za340JwZkGXZ8jgiGtusgjG7ofuhIxAZrBl7o2rH6b0Ptf1lGIeIR4aniS4WJcsyWo8cQVPT+xjyB9SSLUJMS+qqRwgEZCAYgCSJAEQIogBJFBGUg4CiBalqWS6HC0NDQ8jLc6HA7YTfH0BfXy+CgSAmTJwIp9MJRZEhK4DP54OiqAtgFbgLMOQfQkCWAUGMqIZ9uNh65AROtJ3GxR+dj+o5cyCK8bWNAAkulwC/3x9+LjJE1c+5AnUwh/mcqb8D+rmKZh7ur76H/VB+zoVKREREREQ0crISoFZNr8CG9aux6fld2LZjL+pr52Ltmk/ix48/h5ZW61WuauZW4a7PXYdN//0qHn58M0qKi7Bh/eqo+UfTJRAM4s0D70EURVROLbPcx52fh08srccfdr4Z7oW658/vYlpFCSqnlYUXviKi8cNu4ShtnkstSLMaAm6mLzQVOdQ7dJShbHMPTQBwuVxQ5PgDNq/Xi4aGP6Ojszv07np4CiCqt2dUyYoAQRDhznNBVmQE/AGIkog8lwvBYBBBRYEjNEzfO+TFgNcLhyBClmUMDHghhNotLy8PhRMLIQgC/ENDgCJAdEhwOvMgSer+fX0X4HI5IUKAHK6JXjurYe7aOQkEgnj7YDNOnDiDK5Ysgtvtjq+BFBEup7q4VPgpy/lQjYG2sV5C+PxHtp5VOK32NNVe18rhglJERERERES5IGtD+E+ebsfHLqsLP/f4xuehAHjw67eharp5wY+2Ux78ctN2bPyvl7Dgox/C/A/NBACcPN2OmrlVKS8ipdm2Yy+27dgbflzgzsf6ddegomwyunsuWB7z4Xkz8eaB99Cwvxl/c+mHcfAvh3HHTVfjA4anRARAH85tHmpvtTiQ1ZymxmBO7blp3sc8v6rW8zSx8NTj8aDhzX0YGvLr85gCgBB71lQh4pGiKPD7/XA4HMjPz4fP58PAgBeSJCHPlYcLFy7gxIkTaGtrw/nz5+Ht70cwGITL5YIoKHBIDhQXF2Pq1KmYOrUCkyeVIj8/H95Br9qbFmpI63S61LYQ7Xt0DhcsdnZ1Y/vLr2Hp5QvjXmRKW1zKHxGiau9nDkL1c671dI1cVEr7ObKu5uDUuPgU5z4lIiIiIiLKBRkPUNtOefDw48/B7c4Lz306MKgGqt/4u5uiwlNA7bG66pqleHzjVrjz9bC0o7sXL79+AN/cYH1coq7+xCKsXLYQAOCQJEyc4MZwnXtcTidWXHkpntv2Gk6f7UDl1DLMuaiSASrROGS/cJQafEaHbPrQ/VhD5CNfMw4XjyzT6XCYu47GEAwG8UFLC95771DU3JrxdGw053oCRFGtixyUIShAnssFWZZx4cIFHDt6FI3vvIPW1lb4fOrc1YosQ5FlBAIBADJKJhcjEAhgaGgQra2H4HDkY+6cakyfPg15eZOhKEEEg0EIoqgOlDeuXB+ulRiqv/UHUBQFCA2LH/IP4bXdb6L2I/Pwkfnz4hvSrwiQJAeCwUBUucb5UPXH5vNjVS/zseaQVT+/Wg9W9kIlIiIiIiIaaRkPULft2IuauTNw71363KUth9vw458/F/M4bfGoVdcsRU11Vfj5x375PLbt2GsqL1mRi0jF68PzZmJqeTGaW47hq/d8NjT3HxGNb3YLR+mBWuQQ7+i5TGHaz7zwVPTQfUlyAJDiql0gEMCbb72F06fP2XQztR5mbgrtQj1gRUFSF7iCAFEbln+hH2fPncWRI0dw9uxZeDwenO/thSiKmFhYiKEhH/r7+5HnysPkiRORl+dCyeTJKC8vQ57LiZ6eHnR1taPtxBEUFRZizpzZmDdvHopLSiAIEkQBkGWYQk+1eZVwoGust1Z3IfKvZwF47/1D6OntxWWLLlUD6GGIggSIQCAYMCwUFT1tQOT51QJmY32s2tj4ut2CUuPJufbzI10FIiIiIqIxZUr55JGuwqiX8QC1sbkVG9avTlt5Sy+rw+Mbt6atvGQ4JAk3rV6O9s7zuGjGlBGtCxGNDOvep4D1wlFWi0YZ99VWdDcuIKQuGhU9xF99LEmSGuzFYXDQhzfebEBnVzcgar0yIz6P4QkhtG6VYAgrRVGCCBHBYBCiICAYqo9/yI/33nsPhw4dwtGjRzHg9aKgoECd81RUh/YLECBJTrjdBfD7/QgEApg8eTJKS0sxcUIBvF4vBr0DuNDXg4GBC1CCPhz6oB+esycxa/ZsVM+bB/eEiXA4HGo7ywpkRYEkSpAVdd0swRBUC4KgLgYoAJIUOWeq+tlPnT6N3X/y4sqlS+ByuYZtQ1GUIEGJWmRQD1QBPRQ3DuEHRDGyZ6pgCmLN9Qs9UvRewcZ9x0MvVH65IyIiIiKiXJOVOVAL8tMzZ2m6y0pFeekklJdOGulqEFFOMPYU1FdgNwZmkb1NzauvR/9s7pxoDFjVEE0SHVFzqlrxer3YtedPuHBBn9fZOnyL7KqpAKHPIEkOBPwBOEQFTodDXewJQOvhVhw8+DZa/9qKjo4OFBYWobS0FLIsQxIdcLqc8AcC8A36MBQMQBAVFBQUoMCdH54ftb9kMiRJxIW+XijBAAonFKBoYgFmVE6Dd2AAJ460YqC/HzW1dSiYUAhJlOB0ueCQJMjailuCCCUigJQkCYKoT6dgNZ9oZ1cXXtuzBx9bugQF7oJh29IhOaAocmhu2lArRQzdjw5UzWGo1rbmc6ctGKU+Mi4oNV57oRIREREREeWSrASoucad78K3//5zMfcpnjQR//bAPeHHCy+eh4UXz7Pd//qrl+D6q5ekrY5ElLvi7X1qXDgqOuwUoCiy6Xm7fcyBpwKnwxVXeNrb24vdb7yJAe9A1GvRw8mtXxcACIoCpyTB5/NBlmV4B7x4fddrOHbsGI4fOw6X0wl3Xh5cDicG+vsBQYDT5YJ3wIuhgB+yLAOCgLy8fOTn5WHCxEL4vAMYGBjA+e5OSJIASRAQDARRNHEiKkoqIMgCCvILIAo+tB1vw+kzHhROmoyp06aiqqoKhUVFECUnRFGELKjtJElOBIMygsEAJEmCLGttZwytzZ/7fE8vdu3eg2UfuwKFE2JP6aIogNPhhG9oyBCSRrWsYX99LlNj79jo6RLMvU2NPZMFwfi7NH56oRIREREREeWScRmgEhGlz3C9T6MXjooMKyNXc48OVg2LRjmdoeH9sfl8PjTs248Br9e02JFeJ/NnUIM6wbQXAEiCiEAggEAwiIICN86ePYs9r+/GB++3YNDrRZ7TiTyXC6IkYeLEAgQUGd3nu+HwOQBRQFCW1YWgBAH9F4II+P0YHBxEYGgIciCA/DwniiZMRF5ePiArEAWgp+cCJhVOQH9///9n786DJTvP+75/3/c9S+93v3NnBwYYAMRgIwmACxRJlCmSUbSV7ViLY0WSJbsixSlVWS4nZTuLXKmyLclVSZXoSlKRFKtKIu2SJUUbRUISBYWkhE0AgQEwA8xggDvLXeauvZ31ffPH6fVuMyBmANl6Pqjh7T59+vS55zSAwo/P+zw02y3CSpVWq831tXXOv36Oqalp7rn3Pu65517qjQaZzYvfyGi0NijlFb1addGrdRhisuNxEUx2Ol2+9udP8y1PPEEYHrzKwTlFEPgkScLusHTHVVXjS/lHg89+aDo6IEyqUIUQQgghhBDiL6fbHqCWSwFfffbsWKXM4tXVwc/9Kmj22+erz56lXLpxvzohhLhd3ln16e5hQ/339sPS3dt37lsc1xhdNPy8gSzP+f++9udsbTXHwtPRCe97nY8xGmctDofp7+McntEY43jr0gWeeuopXnn5FUBRLpcpl8o0ajWyPGe71WRrawulNdrzivNNc5RWvcDR4fsVut0YAJtbtpsd2q0ugW8ol0rcefIO7jhxjAtvnCdJYsJShfWNDTCacqWMbTvOnTvPm5cucW1pmUcffZQjR46B0eSZI8tStNZ4nkeWZahe/9HiOuSA3lGVWtzP7e02X/3zp/nmJz6OMTfoLes0nvHI8nxXGLvzmu7+d9ze1aPfSBWqEEIIIYQQQoj3hnJ7/df6LfSVZ87y+d/8I7pRckuOVy4FfN/3fhtPPHbmlhxPiL/K3rp0dRDG3OwfYN/n/cejPw96fNC2m1GuvPdF9DuX7xdGe5zu7HM6DFD7P4c9NN3g8XCwFGP7FtuLz7yZpfvWWr729DNcvbY8tv2G17g3eMnoImBU/fPKi2Xwi5ff4ktf+hJvv/02RhmM8ajVaszPzbF+fY1ms8lWqwhs/SBAa41zjjRNMb6HtZbcacrlMp4XkGU5aRSRxglaOcrlMtVKmWNHDjM9MUmexmxurtOJOmjPoxNH0BtqleU5URyjlGbh8GE++tGPc/c9p7FWkaYpvu8Pl+8rO3bf+venf347r8rRIwt85LEPo/XBQbVSkKQJoxWke/190N+3/7w/UGr4eOffMyOVwDuqUIfh/HiA/15ZXt2UAU9CCCGEEEKIPXU72ft9Cu/KuYuLB75+29OHJx47I2GnEOI/OaPL9ocDngp7VZ/2g9C9ep4Ol3j3A1i7Kyj1PP+m+p6+/MorY+HpzQZs1lq0UmityeIE3/cxStOJYhYXF/nTp/6E1eUV6tUaWmvm5w8RBCHXrlylub3NdrOJU1CpVDh8+DD1ep12u43Wmma7xfb2NhO1BlmW0+l0iaOUJEnwNIR+QJZZkjRjbX2DwPeplkuEpRLNdout7Q1K1SpGe2Q2I+p2iaKIcrXG5cVF/rD9h6Rpygc+cAZjDFmWDULU0ZBRKQVOYW3eu9jsKhu9cnWZl199lYfOHPzvLefA8zzSNNmxfRiO95fw97ePLt0vrrlD69Fl/aPnWhxj9J73B1NJ/1MhhBBCCCGEeG9JD1QhhLhJO4Orfr/Tvfqc7mW4hH7v/YbVqIzso4ol5TfR9/Ta0hLnXr/Y27dXDelGA9r9Kxe1soPzK5VKpGlKmkWkWcwX/+D3WV1dxfM8PM/j5MmTTExM8Prrb7C1vU0SJdRrDabnpvF9n6np4qcxBq01naiL7/vMTE2xsbVNtxujtUZrTZ7npOR4XoDvB5TLZYIgJE5ilNYEpZCKUkU7Ag1Kg8tzjDGkcUK5WmF7c4svf/nL5Lnj7rvvJgxDkihCe14vxFQowGgPS9GTVWs9MmRq3OtvvMnczAyHFxYOvN4KjTGGPB9twzDe1mH0ug/2ODAAHfZC3fld292/VcJUIYQQQgghhHgvSIAqhBDv0LB/6bDv6TDM2l1Zunvp/uixxvfd49PQ6gY9OYF2p82fPfP8IDwdp8YKLfcK3Pqfrx3kLgeXk2UZr587TxzHlMOQzY1N5k9Nc+fJ47z80lneuvgmDk2pXOXw0WNo44rwMkmI45gsy0iShHa7XZxju0273SbPc5yiCFCdI3eWNE1pNrdpN7dYX19jaqLO5NQExvNImi3CIAAFlhzP86h4HvXGJC0KljkAACAASURBVPV6Hc8PyfOcNy9cxDnH6dOnmZiYIIoiLAyC3DzPcc7h+/5gsNV+AeTTz73Apz/5rZTC0oHX3WiPPO9XoR5cIjz6XenbXYU6rD4dvV+7B41JcCqEEEIIIYQQ7xUJUIUQ4ibtrj4dVqHuHhi1f6XpeKC6d+jWf5vn+dxo+npuLX/29HOkaYqiv2x8GKTeTM5WTK+HPElxLkcrxerqMteuXWFmZopLFy8Rhj6HDx8myzLWN9YoV8oo5WG8kK2tbazNCMNwUCxbqVRoNtu0Wl0UinZrmWanXVTtKoPneSjt0CicsqSpBRyq3SKOu4Rln4mJiaIfqesF1r0KUqcU9WqVUqlEpxOxsbmJ74d4nkfcjbjvvvuoTzQwaDJrcc6S58VP3/fRvV6v+wXXaZry7PMv8MRHP3KDoFLh+z5Zlg62jC7Th2FIurNSeVgRPD4gamcV6nCYFIP7OVqFKoQQQgghhBDi3dFa7Vn01H9NAlQhhLgJOyv+RnugDgOt4eOdudzu527s8e5K1N5QIg4eZgTw5luXWN/Y7O3fD077A400/T6tB/x2OOcwKDAGheLFF19ke3ODqakpzr9+Dptb7jp1isnGBG+9dYlut0MQ+Ph+mSjOWFpaYXp6EqUyNre2SbOUSrlMFMXEaYwxBmtzfN8HNEprrM1xWCwKpS1GG3xPMzHRQJETJwmdbptyuUS71SGJY7RnelWuKWvX19B6g+12h9XVVeZmD5GnGdeuXcNay333f4DpqRnI7aDi1Fpg1zXacS0o9l1aXuXipUvcdeedB17//j0aLrsfVijvbJuws53CnnfD9QdPMTjW6DCpnaGvVKMKIYQQQgghxLsT+D5RnOz7mgSoQgjxDowGp+PVpsNqwp1L98fzrp3v2z9s9cyN/xHd6Xb4+kuv7tiqhhPh3WDT2Oujm/s5XZ6lZFnGK6+c5esv/gUPP/gQ58+/RqfVJvA9nLVsbm6wdG0Jz/OpVuosr6zj0PieR5pmbG5uESUxWhuiKAYgCIveplor0IooTjC+h1NFsJknMZ24Q8UPURiyPOXw4UNUymU21ta4fn0NZy02zcmynNRa8izD8wP8wKcbJWituXz5MsbzqNVqrK2v0426PP74RylVK72eqwbnHFrrfUPHnQOdXn7lHEcWDlEuVw68D57njw2U2lmFuvu52xGKjleh9r9n48OkhoG9LOMXQgghhBBCiFtnZrLBleXr+74mAaoQQtyE/Zfvw35L94uKx/7zYtDQfksC+u/pH2NYPXqwl8++RpanFHv3KiEVOOV62xwKi3XFwCSLxqLI0SgFns3Q5DiXYZTj3PnX+PIfPsn05CQuTdneWCP0FKVajVK1zNZ2k1K5yuTkLFevXiNNU+IkpVqtkiQRSZaRobHWYQHlFKHng/KwGbSjDqnKII/BgKehUq1SK1UIfUWWpTijWN3YIGh3SbsZzWaErz2iTkSaZKAcvoYkivF8nyjNyDKLCUtsd7q0sy3qWcYLL73MyVOnuKNyEqMV1maD62NxRVVsngOglUJZcCgcGnphZppZXnr1PI9/6JGDvx9olBoNZndXoe6+3+P9Tp1Tg36oWheVw8712zCMt2OQZfxCCCGEEEIIcevUqmWOLcyytrFNnBT/7RgGHjNTDaqVsgSoQghxIzdevj/8Odw+Pom9eN/4MXc+H93nZqpPr6+t8dbi5d65qSIZVKOBm0M5x7BqsbeUv9cawNms6POSZWhteeP8G3zpi39Ap9nk3jtP4SlFFsXYNGbuyDHKnqHkeVQrFVaW12huN0nTIoDsdCPSLCPH4ZTBC4p+pFmS0u506LQ7GO3RzVLwHMopDAqDIUsTKAVgA7qduDiOtTgLNrN4xiNPcwKjsXmOcjnWKLI8JYljcmVIc4vNc0I/xGhDnliuXl3hxRde5viRE1hVXIMgCIiTBGUMWV70elW966VUrzZXqbFK0LcXr3LnyePMzcwceD98zyPZowp1dEBU75WxKtPifhXbnVM7hlvt/AmyjF8IIYQQQgghbr1qpUy1Ut7ztRuXNwkhhAAYC7z6y6r723ZWorpBcDl8DRgLwUaOPPb4ZqpPHY4XXnq590yjMChlepWQI5+hQOmRz+1lrcYYlFLkWYqvFd1Wm+eefZqtzXWq5YDJiRrrayskccT0xATXl6/y+rlX8bSh1Wyytb2NH5RIspw0V3TTHOcHeOUqyg+wDnLrUEaTO4VFkZAVEa7TeCqk4lcItE8ed2lvrtHcWqfk+cxOTNMo12hUa8xOTVOvVKiEAZ4CT+UYcrRN8bFom1PzDQuzUzTKZSpeQL1cQTuNTXKur1yn2WwDCs8L8HwPay26H2AOmo0W12q/+uCXzr6278CpIc3wu7D7vg7t/C6M908d/w6Nf7fGQ/n9h2AJIYQQQgghhLh1pAJVCCFuYK/l+yOv7lq+P2qvfGtnwDY+QEphjLnhOS0tL7OxsVWcmyqm1CsUrt+fVSuUc4PurGo0KOyFdaZoSYoxiq31daJ2i5nJCXzjUS6FdNrbHD28gOdpllfW6HRTFq9cplKfJqw1WNq4SmINuQO/VMIahVWaDEuW5ZAmGFQRWAKec/hKo5WPlyvyVopzMWQxuuyhM4iiLjYIUP2/PEM1CKlUixYAofJQ2mFwBIGP8Qxp5ohzh86gmVuyqEMep1gNaZqQpjFK1ekmXaphrVger3ZXeo5FnGo8nFzf2GL5+goLc4cOvC+e55Flaf+qj1WfKjUafI73RO1/D/rbbqYVgCzjF0IIIYQQQoj3hgSoQgjxDtzM8v3xfWG8WpUd+zAW5DnnBlPdDzqHs68Ug6OUUiNHG22Q2euF2g/YsFgLxi+RZ5Ysy/C1xnMK7XI6rW0W5mepV8usrqywvr7C0aPHCMOQ5uYWYblGttVhs9lFV2Crk9KKczKn8bwAtE+cJ9gkKa6Ns2AtRml8rcHm+M6hbY5LLZ7SaGfBxhiXEBjHxITH5OQUpVKJIAxJ0pg0SwlLJZSC0A+ol0oEvsFmKbVajUajgVIeS9fXef3iW2Sr20RJijWWTGmSqM3W9gZT0xNFf1XncKpfzdnvNdq7ZhStBVDsGVi+8toFDs3OHxhWajWsQlVqeIxhiDq8/6Ph+jA47bcTGK1Uvrll/EIIIYQQQgghbg8JUIUQ4gDjQdroEuudy6h3Lt8fNR6sDo+9+3k/gDvI0soSG5tbI1tML/9zRRWq6i3dVxqtFfSGJxmjsa433EkpHBbPaPI4wTNwz1138tprrzExWadUKtGJuly+co3Z2Vni5XUyZ8hSy9LKGpnVZLkizy2+Dy7PIUtxWULgazwF2BRDUeXq0gwvT/E9n4pfRjtHpVRiojHN3OwEd5w8yuR0mVqtQrlcJup2ML5hYmoCpyDNUqqVKo1KDeUsWRJTLpfwvIBypcpWu8sXn/xjOs++xMZ2TJanOGVYXrnGSy99ncNHj1CplkmSokepxYEehs+jzRn2s7GxxfLqKgvz8wfsNRwENawOHe+Dunf+Or5xLFAfvG88NC2Oo3a9RwghhBBCCCHErSUBqhBC3ISdAVh/OvrIHoP9hvYa9jO+7NpaO9gODq0P/sdyUX362vATlMI5Cxi0KnqNul4/T+sohjUpDcV4p17/T12crS3+x2Yph+dmOXfuNdbWVotl+Dbn9fMXuPDmJQ4fOcF2q4t1ijhO8AjILHgGVJ6j85RAGwJlsSrHzzOUS1GklI1PueRjKj5lv0K1XCb0fOZmZrjrjjuYm5ulMVGjXq+itMW5nDAMSdOE2kSdmblZTGDwSwGVSpVAe7g8Q2FxNqcbpaSZpT41zeOPPUaz1eGZ579Oq5uCgm67zYU3LhBFMdVanTzPMMYUASr9hfsj91KNXtfdgeS51y/eIEAFrYtl/OODoRhUvI5+JbTeqw/q8F4XFbKj5zg6dGo8nBVCCCGEEEIIcXtIgCqEEAfYHUyNLt+HwWT7kaXWRUhqe/vvXr7fD73Gs9X+k4OX729sbrCxuTXelxWFUeNVsaB7K/ldrxtn3psu3+t/qj3IMlAOnCXqtul2OkxPTXHp8hW2tpqE5RLlagOrPZrtFpubW2i/RO4UnSjBOEvgGxQZOknwbIpyKSUfqiWPiWqNmck6czPTzEzOUJmoMz01yeGFWaphSK1SJayU8YMSQRBgvBJKa6rlMl7g4QcGlCInx+qirysOlHEoq8BpAmUwDprtiFOnT5ElGVvbLf7i7HmS2OEsdNodNja2mJ6awzmH73mkeTa8hm74w8FgwNTOe++cY219k43NTaYmJ/e9R7r3vvEl+2pwjKIdbb+aefi+8WX8eiwcHT3O8LR29kSVEFUIIYQQQgghbgcJUIUQYh87Q7Rhn9PBlt7P3cv3i+rSncHqeO/T/n7942qt91nePbR4ZXHwWKn+sKn+sv/R89MoZcE5nHIoPKzTeJ5HnFuUzjA+uNSSZhkbm+scP3GU62ur1Eol2ltbHLvjLur1aa6vLpOmKVGSE6qcKN4CB9pTlIOARhhQCQy+S2hUAuYnq8w0ykzVKsxMNpiZmmZiapL61ASVaplyPUQZDUbj+R7ahPheCe2FKGXQxscpTTctplwpE4J1WJeDSsEqlNVgLdYVFZ1GexhjueP0KR5ffZiry0u0VtqksSNOYlqbGygNykJuMwaFn6539VxRVTzaUXY/l69eOzBALQaBaay1Y1Wlalewytj2fu/UoirV7Vi2r3aFscWxdlY4SzWqEEIIIYQQQtxqEqAKIcRNOaj/6XAi+jA4HVamDsPV4Xv2Wr5vtOEgubW89dbijq39gUP9ANX1t+IwaFUsUs97n6McaBQ4i6eLz1VaUalUUDiOHj6C74egPOrVKmHJ8tLZs7TbHfIsgcDHUxBWyhxemGNhdpITC4eoGAdxi+l6mYWpGqHKKBkIfJ8wCCj7jrJOCZRGO1cEpV4ZSHGkOBXgyMkperMqpcAVgSK5RSnIlcMZTXGVimub2xTf91E6IQh9tKd5+MH7eOXc67y19gpaObIsJ4o6GF9jUzOWYI5WoarBfd5dzTkaVC5evsaZ++4dDqDag9aGvHfe/WX8/XvTX8bfr1Ye3LORCtR+L9Wd22/UB1UIIYQQQgghxK0nAaoQQtzAaOXpfv1P+5lWf4l2kY2ODgEahpujVar9/QcfcUAB5MrKEnGSoJQZLPFmcGZ2cExVrBHvDZbqDzUCpcE6Cw6cdaRZQklpNIrm5hbN5jZ33XWadrtLtdag1W1z+coyNk1p1GpUKxV8bajVaiwcPsRDD51hYW6S6XoVog7J1irGJlQ9R6Ag0ArfZHgKPOVhVIxyQAo5HtoLMUEJ7Rm0Adu7HtYVbQVwdrxfrAZXrOLHjFw/rcDoYmm+bcfMTjW48/gR6mcv0c5j8syyuraGpRiq1T9Gn2IkpGR3H9Lxe6WI4oS19XXmZmf3vVfFMLBhVjvsWToeuvfPYHxQFGi9s+/u/n1Q++cpladCCCGEEEIIcXtIgCqEEDdh2PN09LEbCVRHq1LtYLhTf9+d1aduJBwchF+7gtlxb1++zHiIpgahmUIVg5UGr/ZDtv4QogSlfZQD42lQOTbLsS6j222zfv06k5MTKBxZmtBsNYkTy+TkJFevLTE7M0mtUqPdajE3M82hhWnmp2scPzKHj8XphCz1sUlGSWdUAw9fOYLAoLWHHyg8YzHKYbTCZYo8dni+j+cFuH7vWK1wuujdap0tfi8FCl0Mv3Kg+kvarcVDQ5ahcotvchIb4/KI40cWqFdCNrqWTrvNtWvXyLKs6DDbD5lHl9fve99He5cO91q8cu3AAHW0WnT4XRkG5kqNV6EOQ9bR/UYrXIeDqIY9UfvnOPxuCiGEEEIIIYS49d7XALXTjfntL36Vrzx9lm4UA1AuhTzx+Bm+61Mfp1IO38/TE0L8Fbd3/9PhMKhiOzv2geGy/X6A5kbCLwa9UYvHFlB45uB/HFvnuLa03HufHh+ApEb6n/YHFCmFUq4XrFKUnxYxJLm1aKPxwxJ0m7jc4hmPmekZ+qFwo9GgE2dsN7s466jUQhYOzbGhFXNTdaqBob21hluYxAs8rLLkLsNTlsAobJ5ilcNaMMbrnZdX9ColJEejrAe5h7M+KI1SRUhalKkOh3AVy9l7m3vlo8q5oh2BAvIcnxyV5QQGrM2YmajSqJSpdyGNI7Y2t4pr3esxqnrXanCfR0LO0TR1Z49RKJbgX11a4YMPHVz1abQmGwyr2tkH1Q16nY73OR1Woo72QS3eMwxZR4P08SX9UoUqhBBCCCGEELfa+xqgfu43/5ivPXuWY0fmqJSKsLQTxTz51PO0OzE/+gOfeT9PTwghxvSX4e/XH3N0qX4/ML1R/9PR8OwgzeYWSZKitWE0PCs6mvb+6gemg0C1WPo9OL4rXrMZWJsThoZON2H9+jq+55GkCZ24S1gpU2s08OKMVieiVC4xPz/HiRNHIeowUatQDnyiVpNOc5vG7DSxzYnjmJKvwBQDnkzg4bQidQaHAethXECagtMeGg+XK5Q1eH4JqywohcORYYuJT2icU2jloZ1C964jrhdE95bwB54h6rTwjcNqh6cc1VJIvaqI44jA8zAojK9A6x0Dvdzw6u+Y8LRfIJkkKdutJhP1xr73TBsDed4/8B59UN1IJeowYFcjgfh+FbD9bcU57nsKQgghhBBCCCFugfc1QO2Hp//TP/yhse3/y8//W7727FkJUIUQ75vxwGq8OelodSmML6EeDUrHl10Xgd/usJWR5/ufz+radcZLI4vPUbpf3TisZiwO6Hp9Mx1aKcDD5gyOUSmVsVkXayHqRNTrNbI8o9XuMDE5gVOWyekJmp0uR44dplatMDnR4G1y0m6XeskjTVO2N7aYqlYxxscvVbE2xWpFEIQozyO3lijJ0TmEzpFj8QOLFyiM1ijAJilZblCeRXnF8nZfa7RnsHk/0CwqaV2WFUvbVREaO+fQRuEs+L4h6WxjcChnybOENOpQK4cszM2wtbnOzOwcdqQvbT88vVGEvVdf1LW19QMD1H4bhYP6oIIbGRZV/J47l/YXrzFyrPHvTv/TRs9PKlGFEEIIIYQQ4tZ5XwPUR87cxccff2DX9u/+9Mf56tMvvw9nJIQQ+7vZAVLDqlM39ng0BBvd3g/NDrKycn1HKDZcxq+UQdGrouz193S9TFXhinTQ0Vv6bzBGgdKkSYanNZ7nU6+V2W5tEcUR3XbOzHwJLwyYnJqkEydo59hYXyPPMvIkJe5GVKohWilya6mUq9gkJem2yJTDGh/n+cVQKJsRZ44kysh0QhlHqBSZzfAyRxBAuRJgcDjrcLnDqeK6ZrnFWUUSpfhKEygN2gCQk2OMIleOOE3wfQ/PeMTdDmHgE/iGwPdwSuH5hjSJi4vi3KDVges/7ge0B95/NRaAr65tcOqOO/bdv9/7tB9wjw4U6/cxHe1rujNcL4Z/3fwgKSGEEEIIIYQQt8f7GqD+5I9+757bP/jA3Xzwgbvf47MRQojd9ltePwxLdw+Q6u3RC7fUoOfp7j6qxes3qhZ0zrF6fa33TI+9NvrefgWj6n8+vQX+CsBgnSO3liTLUVqhtEeGoxtFeEbTarcxnodLM5IkYWlpCYemVquyurTElUtvkjS3Ob4wT7VaRmvIMkuSa7xSjRKGFLh+fZWos4YG/LCM0h4OhV8OqTnoJAm+6RL6AZ6JCcIYZx1B6HA6QxldDJXSPs5qnPbJHeTWkWtNGJbQxsdaS5xlVEMfpw25zXFKE9kcHQZYHM5ZKpUaxig8YwiDgCRNsc7i6Ieng1sxCKF3fweG17j/fPX6+g2rPbXWg3YNu79H49WmWvfv1f6DpPrns9dnSuWpEEIIIYQQQtwe72mAunhlhRfOXviG3vvImbs4fnT+Fp+REELc2OgS/f7jYaXpaGA1HpSOL/EfHSDFWB9UY8yBn9+NuiRJOnjf7p+2F5sWfzRqsEy93xM1x+KMwtocHRqc8VD4+GFAlEeYRNGOIqamp7EYuu2I3Dpa3YjNrSZX375MHkdUA1MMdMLiMFTqU5QnplHlBq12l7eW17l44RLrq2skSUJu814bUE25VmN+tsFEJaBa8pmbnKJRrTHR6KBsRLWucTbDMwpf+6AClCphtU8r7tKJYpI8R+Nh/ACrNWiYaFSIm1v4Kme6XoZSic3NddbW14i7DhP4JFlGKShDblFKYTDkLu9Nphre216Cuud9GK0QBUjTjG7UpVKuHPDd0YwOHiuCUj043uggqWLb6PL9vZoLuJF7P/o54wPNhBBCCCGEEELcOu9JgNrpxnz2l36LcxcWv+Fj/L9/8FXuves4P/Ej30OlHL6r8+lGCf/b//XrnLn3Dr7rUx97V8cSQvxVMVo5ujup2qsfan/7zmX8/RB1eMwbDJBqNXvHHt9PqeHU9p1Lu4seocVzNwjdFNrTKOVjHeQ2wzOaxKaUKbGxuUm11qDVarPZbHH36Xu4cvVVFt++zPK1JQ7NTDI/d4iwFBCnKXOHpjl89DALR4/S7nR5/eIlnnn2RZauXqXTauMclEoljAlotro0txaplD2qFZ/Jepljhw9xeG6aQ9N1jh6ZYXaqQuArKoEPfkieGbqJohWlvHV1iY1Om5WNDZaWV2nFKWGpTK1RZ3ZmkrS9zdH5OR596H6qkxU2NrZptTsoVUMpjTaGarVCkiaYIBipCi2ukVJq39uwV//T/vZ2u3NggGq0Jh8MkurdD9cfJDW+rH/nZw1bPuxVWbp7Ob8QQgghhBBCiNvjtgeonW7Mz3328yxeXeWRM3fxyIOnmZ3af+jGXq5vbPPCS6/zwtkL/NxnP89P/8T3vesQVQghDrI7NNsrpNo9zGe0D+rwtb3Cr5Fq1hsEYK1Wa9dS/Z1B22Dxvupt2BHy2t7HOufIVY4FtNHkObS6HVwWk2Qpr71+Hoem3e5y+MhRNtbX2d7aIPQNU5MTOBxRElMtl5iem2FqZhptNBcvXeSFl86yeHUJhSao1SmXauQ5ZFlOJ26REZCqgPVOxkaryVY7Y/n6Okdma3SiTezRWSZqJVStigkt3ciyurLFyvUmS2trrGw3ubS6zLXVNbpxRlir0ahViQ4tMNWogFVcvbLCPLMYHWAzhSn5pFlGtVKhVqvSbHXRfnFtjDHkvSFS/btUBKnjbRJ2D2wabm+2O8zNHnDzxipLd3YH2B2A9r8/o71Sx187uDoW2HcfIYQQQgghhBDfmNseoD751HMsXl3luz71Mb770x//ho5xL/DEY2f4xV/7Al979ixPPvXcN3wsIYS4HYol+eODoUYrCMerUNWOwOvg5dftdnvwGXuHY4O15+wV9PYzVaeKpf3WObwgQCtLt5mQOcv2dpf1zW06nQjPD1FKc+nim6RxRKNSxvd9Hvvwh3E2pVGvcvLYMU6eupMgLLG6usrzzz7HxQtv4PsBlWqNMCzTaEyilU+UZDjtsbq6ToZC+wEO2OzmdKItonYLZVM8ck4eO0StXidKMzY2t7l29TrXlteI4ozW9hYqzZmZmiao1qk1JphrTFIPQxZmp5lq1MnilOVry7RjS5plBFqTZClBKcQYM7j2o39GA1NXpMy7ruF4ID7U6Xb3v3F73g0G93L3UKnhPRwdHlUs8xdCCCGEEEII8X657QHqV545S7kU3JLA8/u/9xN87dmzfPWZs7c1QM3ynC/+8bN88U+epdONefj+U/ztv/lJJhs1llc3+Pe//Se8ev4t0izjzhOH+ft/5ztpNKp89pd+C8/z+Pt/5zsxpvgP8l//3ae49PYS/+Dv/nXeuHSFX/uNP2J5dZ352Sl+8K//Ne6/5+Rt+z2EELdOEZ7tDtB2h597DSAaX7o/GqaOh597a7bbg4BNa138VMO+qUoVrTyVUsXCbjUcRuScK5bwU/RK9bRBKQ9nLXme02q1cJmj0+kAmsbEFO12h1IpJMsy5mZm6JRCFIr5+VnmZqcxWrFwaB7f99lYX+f8q+d447VXyaMulSDAw1EplZmcnKRWbbC2ucn1tQA/hNw5uklMGFRIMketNMHK+gp5kjAz0+AoIeXaDMo5TNPSjq+xsdFic6tFK4nItKM8WWdydo752UMcn1tgshwy25igWg2wZKy312hvXMfzPDzj4bTlxIkTNJtNyuUqnSQuhjvlFqXHKz0Vao+7PNouYfzVbjc68N6Nt2k4qKrUjfQ9hb2+Fzuz850hvBBCCCGEEEKI20PfeJd3Z31jm+NHhsOfrq9vc319e9d+P/sLn+fnPvvvDjxWpRxyz6ljrG3sfv+t9OWvvMiXnnqOH/ovP8W/+Cc/RhgG/Op/+CPy3NLuRNxx/BD/8z/6Yf75P/5RjNb8+u/+KUYbHn34Xi6+dZXr61sAbLc6vPDyBT726BmWr2/wf//q7/HQ/af4F//kx/nMJx7jV/79l1i5vnlbfxchxO2gdhUp9pdejz7f9a49Qq79KhtHRdH+IV2/t2n/4GMVqr3QzwDOWgyaPM0wSmPTjEBp5qamMUpRLpWZnJwmDEugDOVylYmJCer1GocOzXHk8CEOH17gyNEjHDlymEq1SrvZ5NIbF/j6889xfXkJ5XLibkSn3abV3mZ9/TpeYHjkkYf4zGc+xTd/y8epVAOcTUmTGOUcW9tt0gziVNPsQm1qnsbcYQ4dP8nkoQV0qUziFFZ7eH6JzDoshijLCSpVnHNMNyY5cmiBWrlC6Ps0GjV831Cv14mSmHq9ztGjR/E8D2stxhi01sUwJ6XQehhMv1PtzsEVqCO3Yuw+j/bMvVEwurtNBEjfUyGEEEIIIYR477wnQ6RG/dKv/T5rG9v8i3/642PbF6+u7Puec28scu/dxwE4fnSeThTftvOL45TnX3qdjz16Px966DQAn/m2x/nFX/09trZbnDp5mFMnDw/2/8A9Jzl77hJRnHDm3jv4vT/8c148e4FPfeujvPnWNbRSnLn3Dr7yb5MqHAAAIABJREFUzMtMNGp8x1/7CNVKicc/9AGeeeEclxaXmJ+dvG2/jxDidlM4NxxItFdIdtB7+1PVD9p1fAjRyLtHprGr0ferYRVqb3QUuvc5RhsMitD4kHSxcQKZZf36GqVKlTy3NJtNarUafuDTbcVUKyVmpyZZWDjE5EQDsHRaLS6/vci5V1/l6uIiLs3QXolms4XuJnRSy9LKOucvvEm9UWd2dpYTJ45x7+nTVCvXWHzrKtYZQt/DpZpUWbpxRqU2xdTsHAqLX9ri6IkTGK/C9ZV1tjpt/KhNWg4JJhqsN7exrTaTgU8edZicrGFVQnWywsKheWr1Kt1WzuzcHOVyuQirbVF1WlTxahx2UF1a3Ae7q9C4f51Hq0f799bmlnfm4OBz52eMP77t/5+nEEIIIYQQQog9vOcBaqUccv5iUYU6Oz0cJvU//sP/es/9z72xyM/9m3/HD3//Z3jisTN8//d+4raeX5QkbG61+NLFy3zpT54bbC+XAja320RJyud/8495+8oKrXZReXTXHUcAmGhU+eCDd/P8S6/zxOMP8JVnznLqjiM06lWWVzdYvLLCT/2zXxj7vLvvPHpbfx8hxLs1OpDpxlV/+/UzHVYN2t373+CYaZLd+BxVbxTVoCB1uBjd4YqJ79bhez55bvG0xuGolip85IMf5tryNVbW1llZW6fTiWg2W8zNzBSVmUZRbzRoNBpoo0njhO3tbZaWrvHmhYtsrW/gm4DUKqwzdLsJm511nNZst1uUSiHffucdPPTwh2i12mysrXPvXSdYvrZMt9XG15Yoiul0IzpRRKvZoVzxqU82uPPeU9TqkyTpa1xaWeLNlWXOL11h4tA805U6j5w6TbSxwexEjWNHFzh2fI7cWUzgU5uokweahcNHUKrof6qN6Q3PykdaHvRC0l4Qvl8l6ugS/v4+1t58gLr7sA7QgwFTN95/1x43eC6EEEIIIYQQ4lZ4zwPURx48zQtnL/DLn/sCP/Ej30OlHAKMhanX17eplEPW1rd48k+fB+Brz5zlxJE5ZqYn6HTjsf1vpVIQMDlR46H7T/HpTzw22K6VolQK+D9/5Xdotrv81N/7GzTqVZ586jkuXLo62O/xR+7j6edf48+ff5W3Li/zYz/4n6MUHJqb4sTReX7sb38HpVI4/LwwuC2/hxDiG7fXtPO9g9Fh38rxpfg3ikR3HeZARZGjZiwgU3awRF8Vo49ADR6he5OjnCsSWg/IexPmM5eicgg9Q2h9KqbMdH2KTidmK+yitWFzYxN7/CilUgmtFUHJJyz5xN0u3Sii3enQbnfIcsfE5Az1xhTXtztcW16lNjEBnocOQiaymCTtcvc9p3n8Yx9hfrbBF377N0laHe48PMsrX3+FpStXmZ+dxsYpUbvL1tYWfjBBUPcpmzJ2XXF+8S3Wo4RgcoZ48TKr19c5/vAxTj/yIJdeepHFpWvEUZvqXI1ZM0WlUcILfUzumJqcIUsdlbIiczkGXdzj3p8idHZopXBK4W6iSrS43MVQroP3Hb7nnbUI6PdNZfBZwzYRB/dGFUIIIYQQQghxa73nAeoTj53h3BuLfO3Zs/zMz/9bPvjg3VTKJcqlkI8/doZKOeRnfv7/of8fiN3ecv1zFxb5mX/9K5R74eP//r/+t+/6XKI4YWOrNXiulaJaLfGhB0/zpaee4wOnT3Di2CG2m23OvbHIJ77pg5TCAN8zlMKAtfUtnv/6eSYatcExjizMcvL4Ar/5+1/h5LF5Th5bAODBD5ziy199kWdeOMc3Pf4AuXX8xcuv88EHTlMuSYgqxH+qhpWno1Ws7yxgzfdYJj4a4o1Gbf1RSLix+K1Ymq40WRrjexqyDF85tq+v8bv/4TfYam0ye/QITitKRhNFEVG7Q2V6EmctYamCH5Zot9tYa7F5Rhh4HD+ywNz0LDOzc5w9d57NtWUW5ic4ceoUvh8wOT2F8eDRM/ewvfw2VZ3xHd/6TaRRxMrSKl6Wkra3CTXEUZvN9XVsfhyb5ThPE4Rlpufn+MQnP8G19W2ubG0SVgPWt7d45IEHuPvUSearIW+/+hrTtTK5zTGeR6AMDkjTlEqlitYGpXqVp674V1/uHJp+CXA/6aSXPu9vtBI1TdN3dC8POOqelajvPHh9d+8TQgghhBBCCLHbex6gAvzoD3yG2ekGTz71HE8+9fxg+/Ejc9x793G+73u/jV/+3BcA+On/5m9x793HWbyyws9+9vN0o5gf/v7P3JLz+OKXn+WLX3528LxcCvipv/c3+dYnHiZJUn7pc1+g3YmYbNT49m/5MErB3/gv/jP+j1/5Hf7Zv/xFTh5b4N67T7C0sj44hjGaJx47w0uvXORjj54hCLzB7/bD3/dpfu03/ojf+dLX8D2PDz10D49/8L5b8rsIIf5y6VcK7j1Mau/t++kvEx/t1dn/s9exgSIIHAnRrAKw4Cw+BsghSXjpuT/j2qUL5Dbnofs/QHlykm6zyfW1NZYWLzM/M01ic6q1BmgDxuD5PkYr5qYnqIc+h6Zn2N7a5vh8g8lvfoyllVXc9ip3nTnD1FSDMAxw26s0u+uUPM182bDWjlBRi/mJKnceO0xze4uo2+Lq5UXiB+7D5pokzbEa6vU6Dz38ICc6EeudDo88dD9JklGulAm05uSJExybm6ZRLeOMBT8gzR0OR7fbZWJigkqtSpqnBKUySWZRRvdqeosQVSvVq0Z1NxVv9++hte+w2nj8KPvfPyGEEEIIIYQQf2m8LwEqwHd/+uN896c/zuKVFTrdmEo55PjReaCoUv3lz32BR87cNTY86pEHTvO1Z4ul/O9GuRTw3/+DHzhwn+/45Ef4jk9+ZNf26akG/8N/94MHvvfhM3fxb/7VT+3afv89J/nn//hH3tnJCiH+ytNaj/Xa3CtAHa1C1f1+Aw6UczhNbzm/w/cNSmXYPCXpNNlcXiJtt3n8o4/yd3/ov+LClct02i2mGxOcv/AGFy5coDEzydrGOtutJr7vY3BMTU2SNLcIXY5nExolzckPPkC5UubsK6+xtLRMurVCoiP8apUkC/DLJfAMNvDRSReSLqGnqFZKpEmXVqfF2uoSa6urLBw6hDE+cZLiB6Xi93cJZB0aJZ/S5AS1ep3Q8zFGUZqfJAw88iyhm2YkUYJzjlarNeh3mkNxXbQatDdQ/WpTV1QGv9M4VN+gWlUIIYQQQgghxH/83pMAtb8Mfy/90HQvaxvb48/XtwAol0u35sSEEOI2OajA9J1Un0JR2d5fkr27N2t/Cf94qDr4SRELOoqQ1eY5zmWUAh9nNKWwROh5PPqhDzM/P8sX/vBLLC9f5eiJk3TTmMRZ1jc2uXTpEmurq0xNTmCThFIpYGqiQaosgXJQ8qiUPMqhx8MPfIDTp04SRV2CwEcp0ErjeR46z8iiLt1WkySJyNIM4xmsAussnU6bjfUNok5EqV7D0walIAh8ZqcnqVRKrK9tEHXbJFpTajTwPB8T+OBrNAZji360BgW5HVyLcrlEkheBtHOu+InF9cdtKVUM4BqpDB29Vzvvm3MOo9/Nv0bH+5z2jylVqEIIIYQQQgjxl8ttD1AfOXMXL5y9wOKVlQPD0lE/+wufB2Dx6iqf/60/5oMPnObchUXOX7wMwC9/7gv89E/8rdt2zkIIcSv0h/6MB2/vfMm3ZzyyLB883xmkKhyqN1QKNRIG9j6ueKSLmFBZcGC0plStMTc3j9Y+xvPodLrkNufee+4hTnOOHlmgmyZEV1Oidoc0TjBKYR14xuD7HpmGqN0hDANsnmHTlHq5zHS9Wixxd5YkjXG2CJXzJCaOY9IkIU8daZaSZBndOMUPAiYmGxgDSdyhXCtRDj3SPCfwApQ2hIHPVGOSLHfEaQaA8Q1aa7C2CIitRTlHnmXMTE0zUa/jed6gvtQYQ57nQBGuOgXWgR7cmtFq39H7N/rTARbf1wffvJvOQvcOTr/RMFVCWCGEEEIIIYS4dW57gPrJb/4wL5y9wC/80m/xkz/yPTcdon7s0TMsXl3hyaeeH/RJPXZkjuNH5geVqEIIcTvsFT7tXTSqUGq8R2kRtr2zQVFKg9s9J2pgZmaKq9eWdwen+4Rk/apUGKxMR7kiXFUKnPKIsowAw6GjxwgqNbLcceniW7z4F1+n1emQO8sdp+6iPlFnfnoG4xxxu4V28yjlwCn8ICDzQxLbJM8tUbuNp6Dke6Q2Iwg8nLMoZ7E4ssyRRF3yNMWlGZ6GpBvR2tomi7ucuvsYd919N5OTDbI8xpESGJ9ONwKn0J5HWCoRlipgfKpAlmU4LMpmJHEXm1ucteRphrKOD9x7H41aHWsdcRRhwhI2K5b0W6VQ/Z6nWmEBZR3K7XE9e5WhO6tQJyYaN3eP33GgubsyVeu9w9q9hk8JIYQQQgghhLh1bnuAeu/dx/nh7/8Mv/y5L/Az//pXmJlqMDs9see+3/Wpj3Hv3cf5Rz/5fYNtTz71HJ//rS/zsUfP8KM/cGuGRwkhxDemH57tn1bttzp/WMk4Hq7ezGr+arWy41h7LNXvbxupQLW9z9FuuJ9D43Dk1pHkloVjx5mYmsZoj4sXL/LmhYvEaUKWZSxdXebbPvMpvvPbP027u0m9ViXPUpR1OOvQ2mCdQ3sezjq2NjZwaUw1DPB9g8uKClyUxWU5oDBa44cBWkEaRyxfvcrStSscOX6MD33oQ5w4cYRKGOAZB3lCmhmMLgY9ecZHY2i22qS5RfkBvqdRCozLybMM8hybWWyaUQpCHrj/fkLPJ3IWcPh+QJxkFCmpG7uGThXXbWdMuV94ClCplA+8d6PB5u6gs/gu7Beu3jgY3fl93N0SQAghhBBCCCHEu/ee9EB94rEzzE41ePKp53jh7IVdvU37jr08Nxga1XfvXceZnmrwxGNn3otTFUKIHW6UcI6Ha/s9PvDY7uDgq1opjw+MGjmm1roISFGDhedWQZEC9kPT3lMHxjNkWRGtat8nqFSZXlhguxOxubGGTWIqgUekoNVuUi+X+PZv/iaW11dIkpg0S/CNpt3ukEQR260mUbOJzXICo0lzR6fTxvc0Rmu0Z8gB6xyZUwTlMvghM4eO8vriCpeXVsi0xwOPfoQHP/wRXBYRqAyHBjyU0wRBSJT1KlmTGD/0qVQqREmEy4swNHcWpyw5DueKpfyHZmdZWJgnJ0c5R7VUJkszfGPIyDFak/cqUBW2V3nqUGoYoe51//r3whhD9QYBav8eDw9z8L3er8K4eCwBqRBCCCGEEEK8H96TABWKStSd4ejNOH50nn/5T3/8NpyREEJ8o/q9TYdblFJY68ae7x46tPu1Ihg7OBSr12o3c0rFOfU/3w02o0deGH6uIXOOkh9w6r576CYpcRpTr1XJbEbZD7i+ucn09DTnXzvH3OE5chI6SQLOkqUpnU6HJEtpdruo3JIbTRh4dLsemWeolsvgTK/YU+Frh1aKICyT1BSXFq9Rn5zl4QfOcN8DD7HditF5jFf1sEqj0JArclKyNMXzPcIgxGhDmsVorUBpbJ6R5zl5noGzOJuDszz0wAM0JiboZGB8jzzPyNIcv+yjbI6juIm6PzjKFcv3Hfn4tVX9m+fo7TD4WdtRHbzrtuz4juyqet2jynQ8LKf4Pcde799ZIYQQQgghhBDvhfcsQBVCiP+Y7VcBurtAsb80fLi03rm9l4H3nztnYdfC8aFatXrg+aCKsUf9LcoVR1O9lHdwDoDNLblzBEGAyzN04HH8zlO88hdPU6uVaXfaWG1pd2IWDi2wub7B1194gQfcA4TlkDSKQVn8ICTNMrpRSpzkqDxH+ZokTYnjBJubIuz0FZ7noxX42mDR+EGVlSurvHl1icN3nKYxtcAr5y5xfeUKJ4/OMT9V5Z47T2BoorUHnocyCqMs3SgiBLQxaGMwxhBbS55bsiRDuxRrU8Ig4PR997CVWBLbG8SVW7TvY4whcSlKqUH1rnJuGGOr8Ya0RezZu6+98LS/rVq5UYA6WjW6e7l+/97s7G+7V7uInWHrcP931nNXCCGEEEIIIcQ7IwGqEELcAkVAyiAMK4LR3WFpUak6HtDZXhXkfsIwPHBgVL/6tJ+uaYpITfeGRykg6/UfzWyOMT4YRZKktPKEqUPzBJUypbLH9PQU281NTLVGt93h5Rde5JGHHmRteYW77zmNczm5y4i6HaI4pd1NaHUTDBaFJk5SukmCUgFplqJTg68M2vPRXkAQlmjGlqeefYHLWx06S+u8sfIMG1tNPC9neXWBWgDnz7/Okdk57rjjJGHoY13OsTvuIKjU6Ha7lMplnHPFEKleP1ZjDHkSgbW9/qyKThRhSnUs4AU+VnvEWTq4nloV10cVNahFv9YD7nPxtuG9DIPwoK/FWFXyqNGhUMNq1H516mhv22H4LoQQQgghhBDi/SEBqhBC7GE0tOpXCe6x155VpUVopkYGR7nB/uOfUfy01qKN2fdclNKUyyW63WhwbmPnx3i9Yj88LZamF59jen09Pc8jd444TQl8nzRLqNdrnDh5BxdffZkzDz7Ic08/je+FBF7G1voab128yESjzokTx8E5fM+jYx1hqQRKE2c5Hg6fnG6SUM1KpJ7FWod1DotDKw1+gPVLvHb+PE/+2dM0raKzuY21hnY3xnMJeZZT8R2Lb19mbrLBq6+9wdbmOh/9+OOcPHU31UqFZrvdW9Lv9673/8/evUfLdZZ3nv++796163ZuOjddj2TLsmRbspFtbIIgbhwENklsk4aOoemQQE9CFsxMp5tmZWalh+7O9KzJCkOv7umGJmE6JJAOmJA0NnQag8PFiUWDsTGxBEiWwfaRZEs650jnVpd9ed/5Y59d+1J1LjK6YT+fLK2q2rVr73fvqsiLn573eSO0AkcpjDUYa1GOQ2gjnHIZXS7TbAcoFfeMDX2fkudijIkrP0nqfy2WYiXo8otI9dXruX6pvURRtPQdpt95evjijyo5t1pm6v7yfVCz45PAVQghhBBCCCHOLwlQhRBiTbJhV/eU6bTqlK7tQKb61Ga2mdzjSgb6+zoBava4neFkWgbExah66VEtzTy3aDShMTiOQ9MP8TwPp+QRWcvmbVdy+oUTnD3Z5NZbX8XeV9xItdrH17/+VUaH13FmZoZy2UNHisAEWOIqT2sVUaQwUYRjLKWmT6sSoBW0vDaO6+J4BqUgUhBay+N/9yRTZ2bB66Ox2MAQV6hGPswvNmk7AeWhftZv3MLExg00Fud5xStuZGhoHa1WGxOGuJUKWimiKCAK2mgF1kYEUYQfhuBWaIeGyEK75RNEESVXobXGdV200qi4OWsndCbpR1to15AN0rP6+9fQmzbXXAGyi1RlQ9LuKfxp2No7DC1O95fAVAghhBBCCCEuFAlQhRBiFdlQNHmeTtXP7qkAk5l2zVL/0/i9bCVj+hx6LUpVNDo6zMlTU/FZVpjOH59KYZeqKdNxx41RoyCiVHLjfY3BKGj6bQYGBti2cxdPHfkBZ06fZt3oOLff/npKlTJTZ85w4oUTvOq1P8PY+lEsEdVqhbNnZil5Hko5RCbADw2tdshio4kixFFxr9WSCQmjACfwCcIQAp+RepV5P6LkuczOL1LSVRzHEPk+fev6uGH3bt64//Vs27KFMGjR318lCkKIDPVyFWXBbyyiNWgMUegT+D5tPyQIoeSVsLhEVoGjKbsOJowIwxCtFNZEcd9TlX5ztvNM5e5p5/4VQsqhgcHlvzCKlaZLjQIyU/Kz/U/TsDT5PSQj0oVjpvtmq1lX+u0IIYQQQgghhPjJSIAqhBAvQjplOptcZad6Z4NSco95Sbi2chXhhvXrOfT9I53gLVcVmV3pnfgcpjO938LSLtZGOFphowjXUSgnXnBKuS4NY+jbsJ433HUXT33/EIOjo1jP5UxjnheOH6fZWOCZZ37Ehk1jRGFEpVLGK5foq/dRq9ZYDEJM5NPyQxaaTRQR1oRUqxXccjzV3nE12jqsH6gz3lfFTM/iuh7WjaiXFaMj69m+fYJrd1zBVVs3s26ghqsMJc8haDdwHcBqImNwlV2ash8Q+C3CqI2jHJRTQhuLQRNZcJwSAWkvUmvjStxkury1Zil4zqSS2dBy6WtR8eR+wHYqjcdHx1b8jaTfdRLKFr/jNCjN/m7yFa/5Rais7a5U7Xz3Mm1fCCGEEEIIIS4ICVCFEGIF2SrTpFp06Z3Oo1K2sE8aisXb0un7yX7ZRaWstUTGoNXyfVD7anUG+vpZbDSWTp0NXnPDyawmTxy4AUrHvVaV1vF0e6XRaIwJUcrBKovjlhjatJnXbtlMf7nKwuwZNmzaxK5duwj8BvONBRyvBG1ottpUq1VKJYd6rUxjzhJFETaytBRoY7DGZX5xAcdzcR1FSVWI/IDBaokNQ4NE7RDlumzbsJ0rtl/J1buuZvd117BuoI7x2zQXFrFRgLUBjqOJfJ/IOkTWgAORCbDGj/cJI0JlwSoiq4kMhDhYpXCUTgNSFCStE3LhpAZrUYWKz6WuqEv7JtPxLf31KvVafcXfTmQisuFnsRVA8lvoPY0/3wc1WbwqO7L4GArJTYUQQgghhBDiwpIAVQgheshX8/Xud5qfop9WDGarTdOFffIVhcaYznaAKArR7vIBKsCmTet56uizJFP+l+pKsZ2hmjjsW1rhXSknHp/SgIlXlcKiFXEVpgWr3aX+qBGhVYRhfJTW2VlOPPMsruux0GgwNXWSp350hG07rmJi2wQ2CAjDELfkUC47lDxF07dorYhQNP0QpSxz8wsoDJ6r6a9XabfbeJ7LK66/ll3XgnbK9A/0Mza+gf6BOmMDA5RLJVyvTN0rUy65eF4fzWYDlEMQWSJrCY2hVHKwkaLtB5goAq2IIkOEQ0iJUDvYpWA0TpFdFCafMC/RSWuFTlDa/TvIBuKbN61f8btKvtNk2n76G6Dz/aSVp+n2tOdpfiGoXlP889XMaRgslahCCCGEEEIIcX5JgCqEEGu0Yu/RTFiaTN/P97zsvZBUMi17LX1QN2/asBSgrmWchTBtxVBtaSq7dnArLtiIKAgp9fWz6Ef88NBBKhXN3r034TgltHYJw2Zcyeo4lCpl3LIHrXYcYlqwkaHVNjgLYE1ErVanv69Fq9nGK7msXz+G69XRjotXqaKVxoYBUydfoOw6jKxbh8YwdXIKx3WoVDxK5SqlUhmLIYxCTBSC9UErlBOHq8YqrNJES2mjyvY07bx+cbJVwxvXrxygLtf/NBvCap0PSpPvLQ3b8/1Se42n14JmQgghhBBCCCHOLwlQhRBiGcUV2LPVpOk0/XwFavw8v5BUXHGa9kVNem+mYWk8td9Yu2LA19/XR19fjcXG4prG3xmPWj1kM1pjI4uJIvwoolwqM7ZlK7fU+2mGITMnn+eeu99Cf3+dIGzhaIf+gQFa7TauV8KteOhmiXa7RRAZHGVpRwHhUqVqtTJLf70OaPr76pyaOoPvhxgLfhDQbLSYOj2FjSKCMOSKrRPUqhVmZqapVCts3TbB4PAoQxs20j80iFep0fYXidoRFoNVCkMUT9t3PKxywOpOkvmTxozZ8LReq1KtVFfc3y61CUgrTLPfPyilcwtIaZ1UquYXkMrmpunztGq1WI2a/c0KIYQQQgghhDg/JEAVQog16F0ZuvxCUtnAFPJTtJP3slWpYDEmxNGlFcewaeM4Tz3941XHW+y3uWqjTKux2mJQuKUqYRigMIROiZ3X38hjs3MsNHwGBgdoNlqgLK1WA1Tcv9Url6nUyvi+T6TiQLDl+6ggQjd8zp6ZZ3Bggb7+fiyWH//4R5yemkFrl8D38X2fvvoAG9dvIAgCTNBGVTwcFfcsPXLkCD5PMTS+ge27rmZi22YcFWKNwVqFVYowUgTWIbIOBgerdH4KfrYadfkbsWrQumH9yotHAYRL0/fTqffF/qfdFajFQHWtC0itVLUshBBCCCGEEOInJwGqEEKs4lwWkkqn6Gen7Jvc/kkGVuyDaozBya9h1GX9+OgKAeqL64GZFNQqHJTrEEUGax20U6I6OESl1cY3cPzkaa7Yvo1a2CZoL1D2SrRcjespHM/FcV2UGy/chONh2z6tdoDnuLQCw8zZWaq1fgDq9Rrz8wsMDQ0xMjLC0MAgg30DjI9voFwuUyqVqNVq+GGIAdySx1yrTeBqKrUqpZJL5AcYLEorTKTj3qi4GOViifufnnst5uqfGBsZXnWfOCRPv+vu/qf5c/Xqi3ouC0hJ1akQQgghhBBCXDgSoAohxJokgVg+9CouJJWdtp9fXCo+RrYKtVcfVJZWkl/OQP8AQ0MDzM/P57bHfTJXLzRdTrzSfLKQksJxXUJjcFQJ7ZRwKlUiwCqFVynRboVYG6G0xXU0jquxWmO1AuMQGksrNHgoHK+KUQ5+YEE5bNo8QaVa59ixY3huifHxcSqeh1MqY5VlvjGP65QIjKHW14frerhlj3UD/ahyGWMMi81ZUGm1r0URWkWkXXA8jHJIGiJoC+Yc7ku2SrT4ODjQR39f/4qfj6fvZ7/flfuf5sNPldsvu8hUfop/vG+ykNhagl8hhBBCCCGEEC/OKrVOQgjx8lWs6uuu8ksrBLsXArKdwAvSEC49FoXt8WMQBKuO6aort53TuFejAGUjtDVYA1ZpDBpDvB59pV5nw+YtlGpVQhsB4DgOEGFNgNaWkqNxXRetHfzIsNhu0woMgVUYx6FUrlEqVwgiQxRFKKVwXQ3KEPotrI2oVMs4JYeTp07xzLHnODkzTTOKcCpllFcCx4nvlALtOBhrMcYQGUMYRhg0aBerXSx66cri/8zpNU5zV6vcv6uu3Lbq/Q3CgGyAXvwNFD+e/Q0kVarZIDUJx9MRZsa76m9UCCGEEEIIIcRPSipQhRBiBd2L8mQXkoJiH9Q0JMtWoGaPlw3IsuFZWk2YXZiql/HRMer1GouLjZ5jXW7MK4tXqNcqXswKpdCOQxRAlrgoAAAgAElEQVRG9PX3MXHlVryKR9x0wOBohVYKR6u4AtVRuDpeGKnV9okii7Ewt9BgaLAPPeShlMPM7CwRFmyE63koawkinzAsgQLHK1Ef7MeiqQ8N4VYrWMcBxwVriawhjEIiE6EAY0KiCPzQYLUHOl5AKq6W1ahOdebaG4Vaa3suylSvVRlZt/L0/TQ07x16FvuddvWqJV1MKtmn2P80u4BUsQ2ABKhCCCGEEEIIcf5d0gC10Wxz4NFDHHj0IJMnTgMwsWmMfbfsYd8tu6lVy5dyeEII0bGWPqjFFdGLYWhalRrrNY3fWksURWjtLDsWrTU7tl/B9578PnGNaFz1qpQmW7kYDyvpv7rChAMLUEJjcazBojDWxOvAOxqjIur1MoYIbAAmxFEKRym00riOE9d7KnBLJYzShFgirQmVYma+Qbk6h1EeFeNhNfT11akO9OM6mlrFo+KUsMpgXYeB8RGUW8Ut1wi0g7aWMhajIbCGyERYowiDCBMagjAiNBrcMtYpEeAQaheNjqfT27j1QLZn6Gp6BdHbr9i6akAZmWjp89mQNH/MbG/T7DmKoWh+qn7uy+pcSxqyCiGEEEIIIYS4UC5ZgDp5/BQf+uhnAcu+W/Zw1x37ADh8dJIHHnyEBx48wAfe+8tMbB6/VEMUQoiClfqg5qs/85WlpmdVaXFbctgwCvFWCFAB1o+tp1J+Gn+FKf/nUpGosChr0qhOgdLxIkyRiSiVKxD5hBasiRdustg4SAUcZXG0wvNKVCplwoUmobFo12VhscGx532a7T7W9dWxgaFc8ujvr1KrV+mrVnGUxq3WUKUyde1iHQ/rlNCOg9Yaq+M2Ayb0CYMwDpoNtAJDO7Cokof2avEUfpMsyJQkl0shsnrxXWvKZY/x0dFV9wvDkGT6frYnbT4k7SVfTZqvTLWFR+jV/1SCVCGEEEIIIYS4MC5JD9QkPN27Zwe/9y9+g7e9+XYazTaNZpu3vfl2fu9f/AZ79+zgQx/9LJPHT12KIQohBLBcj8nsNH7VeSxOE8+HXSozZTv5k1YhxsdLe2RaDCvRWrPr6qte5FUVKNBx3Wn8R8XLLxmbBIEO5WoNr1pFlzwcr0SIITQRXqlE1Svj6RKudnAAz3XRWmOMpeWHzDVazDV8pufanJqZ5+zcIq1mAxuFlF2HcrlMtV7DdUsAOI7G81zKZRfXBaUCwEfZAB35WBNiLARG0QwVLeMSuHVCXQU0ymqUBbXUWsFil65p5XvauR1d0+ph5/YrlkLZ5dm4cQBJ5XHa3qFYfZz/PWR/E90hqCX7G8v2VZXAVAghhBBCCCEujksSoH7m819jYtMY7377nZ1p+ge+fZAD3z4IQK1a5t1vv5OJTWPcd//XL8UQhRCiI7sAVHdv0mJVYF6vjKs7SEu2p8dZbTEpgI0bNjIyPEz8V3nvP9bGCykpnBX+KFiqPlUqrbJVKo5ULZqSV8X1KoTGoEolAmNoNJvMTM+wcHYOz3GpVMq4roujHcxS4Oe4ZYx2mWsGTM+3mW9ZGs2A2dl5FhcazM8vcmZugbnFJn4QEJmQKApoNeYJmgvYqIUiQFmfKGphTYSxlvlGk1NnFln0NaX6CKFTJ1AVUC6uW+pcmVaAtlhte34Xq1FKMTI8xPrx1WdD+H68eFT6OyhOz88H593n6jmCzjiKAX32t1hcpEwIIYQQQgghxPlz0QPUqZk5jvzoGHcvTdlfyd137OPw05NMzcxdhJEJIcTK8iGWWpqinUythnxgFodlaeVhvso0H4apwvOkLcDqFZPX7NwRL0tv9Yp/VgvY4sC0OKalikil46n0yiGMQqwxmCgiCELm5xc5eXKKqamzgKa/r59SqYTWDk7JwygH3DI4ZZqR4sxCi1MzC8ycbTA922B6dpGZswucObvI1NQUiwsL+H6LwG9C5GODNjZo47cbtJtNDJbIas7Mt2hGCqcyiCnVsLqK0R5WLS2GZSyaCJTBZlvCdr6Llf6kAbKjNbt2bF/1e7BEmd9A9h72et79W0grkYsLS+V/W2kQm24TQgghhBBCCHFhXfQeqE8cfIpqxWPXjomu95qtNkeePtZ5vWvHBNWKxxMHn2L/bTdfzGEKIURHr2n86dRsSKdqZ6f3FxeZyi8oFR+HzjHS/qnpMYMwwCutvJhevVbnim1bePa5Ey/+AlGgLBaN6oS2FmsNjrJg4yn9KFCRxZoIgggbWdp+yNTsHHNzi4Q4VOr9lKv9DA1p2lNn8COfIALllkHDou9jWm38MGKuFTCy0GJsbIyxEY+K0jhBhPYjgiAgCAy1vipBFIK1hJFhodVkas6nTZmB4Q1U+9bRjixaV4isikNTE6GsQlsILRht0Vb1qA9e3baJTdSqtVX38/2gqz/pcv1PswFpMWzNLyyVTt9PFjHLhqnZUFyCVCGEEEIIIYS4cC56gNpotpnY1Hsq5OSJ03zoo/d1Xn/8w+9nYtM4jWb7vJ2/2fL59x//C55+pnfYMDzUz2+95x/wJ/d9CYB/8utvoVrxztv5hRA/nbILMi0/jd8uTZm3PQNRAK3Tz+d6ntpsMJsGcMaGaLXyX9Xbr9zG9MxZFhebL/Lq4qn6GksyMcFmL9SauE+qMShrUWGICiJMENFotFho+kzPLzB9ZgE/hGrfIOXaAOgSTqlCO7JEYRT3dQ1Cmn7A7EKT02cXGJiaZePZJlvmWwwN9zEyovB8S+D7eBUP3yoiYzDG0Gi3OLvQAm+A8c1bMU6NZhChVKlzPw0mXjPKqKXK07gHKsSBqjmHnLFer7F1y5ZV9zMmygWba1nYKRueqqXFrfLhafy9pB/Phqnd0/clQBVCCCGEEEKIC+eiB6i1apnJE6e7ticLSRVNnjjFvlv3nLfzV8oe73vXmwmjCID/8hcPMTu3yD/+h2+iXPbQWtFXq/G+d725s78QQiTylX/JtPd0cZ/s4kHZELVXlWqvhaeSYyShaxhGeKWV/6p2HYfrd+/i2995MnOOc2OJe6WiTJKeopMQMB49jlY4gAoN1g8wYcT8QoOz8wtMn11gbr6BH1lOzcyh3Sr1gSFcz0NpB+0ogrAZV7I6ZYIo4mwzZLG9wMJig2PPHWNguJ/h4XVUaxWq1Qq1Wo1ytQrAYrNFuVpmfNMWBscnMI5HM4jQymEpaUZZhVUWR8cxcDohP35il7nfvWit2XPNThzHWXXfIFy++jSxUn/T7PvLVafmK1WThaokNBVCCCGEEEKIi+GiB6h791zNffd/ncNHJ3PT+Cc2d1elHj46SbPls+uq7un+L5ZS0N9X7bz2Si6Ooxkc6MtVmmb3EUKI1afxQ3bV9V7T9fOvs/sm1au9q1DDyMd1Vv7HnL56neuu2c6hHxztUZG4hqDNgNJxNWNkDUZprHJwFVhjcLSi7GqqjkNkQgK/hd/0aTdDFuYDZhd8mqEhiMCWPJp+wPz0NNpxKZcrVMplSm4Jx/Ow1kEpRUlrXBUSmTaNqE3j9Dynp+YxUZu+viqu51Kp1qgODLBx8xbGx7bSP7YZo8osNEPcchXleERLSalSFheNcsA68bU4KJRx47uZWSAr/e4KCzMt3a1rrt5OvbaGqfuBv2r1adorN/4uun9L9Hyd/B7S5+l5ZPq+EEIIIYQQQlw8Fz1AHR0eYOf2Ldx3/9f44PvfueK+n7n/a+zcvoXR4YGLNLrUH37qiwD8xq/8Il/48jf53qGn2bJpjG899gM8r8Sv3ftGps/Mcf+XDhCGEXffsY87f+5WlIJW2+dzX3yYbz56CGMsr7l1D2+96zapZhXip1yvafx2qVqz95T9dHsx8LLWorXCmPjzRdnA1RgLriW3GlIPG9aPc+bsHCeeP3XO1+ZojYkiSp6L3/KxVlOqlHCsIQwVJbdEc2EeoywtPyCMDC3fZ7HdxjcWYyEIIlpBiNUWg0Y5miCICKIWbT+g7Lg4bojjVahW6hgNKIdy1cOzVcoljashDFsEQQutNPX+fq64agfXXLeHSt8gbaNohxHVeh+hdQgjg9Uu2tFYG4DJ3ybFyvFxV/hoLZs2jLNhvHermdyunRrXlQPR7GiKlaa9x5LtmZr9DSmZvi+EEEIIIYQQl4C+FCd919vfxNTMLB/5xP09p+03mm0+8on7mZ6Z5V1vf9MlGGG3YydOs3nDKP/X//5urtu5lY998gscfeYEH3z/O7n7jn185eHvcPyFKayFz33hYQ798Mf80/e8lX/1gV/lxAtT/LeH/selvgQhxHmSVhqmq7Wni0kV90v30Xr5oGv5ECwOzXzfX9PYdu64kuF1g2vaNyuyBu1qUA5WOTglj8XFRfzIoF2HwXUjRGjakQWnhG8UjSCkHYT4UYgfhJhIoXFRaLR24qpJHVebRsbSDkIazRaLC4ucOXOGmekZpqanmJ6aZvrsGaZmZpiamWFufg6tFRNbJ9h741727N7N4OAALT/AWIvreQRBEIeHrgtKYYwBo7uiaNPzagt3WKVVocPDQ1y9/co13bMg8EmqhJM2DcsdP37s/p6T30T2t5LI/qaSMSa/PQlNhRBCCCGEEOLiuegVqBBXoX7gvffyHz9xP//bv/k4r7l1d2dhqckTp3jk24eoVst84L33XpLq0142bRxl3y27qdcqvHLvLr5/5Fne9HO3MjYyyPXXbefL3/gOJ0/P0F+vcujwj/mFN7yaHVduBuBNr38V//2vv0Wz1aZaWXlFbSHE5SutMs33u4ylU/eh10JTCmvTOK+7YjUO05KK1l7Tt4MwoOSWVhyjs9QP9fEnDrGw2Din64tDSYdSqYRyHJTjop0SC/MNIqsZXDfGzOw0VaVohbDYCGm0Avx2hLUKR5ewinjRp0jFK2YtBYTGGKwF7SgUliBsE1pLYAP8RouyA1G7yfjYOq695mpuuul6tl5xBa7nYbVLaCylUgk/Iq7a1S6GZAp+nGAm9zL/jfTWK4AcGOhjz7Vr7Xvqd50hG6ImYWmvnDMfkvYOQ/OLRyXHTRYpW/mzQgghhBBCCCHOr0sSoELc8/Rfvv+dHHj0IN998igPPfw4ADu3b+HuO17Nvlv2UKtePmGjV3LROi3YrZQ9BvrrANRrlc4iL7PzizRbPn9y34P8yX0PdvYfHuqn1Q4kQBXiJaJ7Man4mbXZvprdC0kptTQln3zgFk/RTo6dLIFE7hzWGiwR8VJOy3Ndl1dcfw2Pf+8QzR5V/stxHA1KEQQBirh36eSx45x+4QW2bd7Ixo0TPHVwirm5WVoBhFYTBhBFFmsUxliMjZ9bZbHGYoyJw8Sla7fGENk2JrKUHLA2wNqIer3O9uuu5qYbb+Daa3awfnwUP/RptQNcr4RyXALfoLSOK1rDAO25uQgzshans0r92haLSkLIer3K9bt34bqr/2fR2qiwWFe+Ijn7mITf2SrURO/q03RRsuJCUrJ4lBBCCCGEEEJcGpcsQAWoVcvsv+1m9t9286Ucxnk12F+nWvG4587XsHfPjs52rRX99dUXJBFCXN5WX0zKZsLU1YKutCo1u5BUd+1kZkGpMKRU0qv2Qy2Xy+y94Toef+IQvh+s6bpKbokgDHHcEkFkmJqe4sknD+GVHAaHRkDByOhGfjw9zcxsg4WGT4TCoglDQ4giAtAKrTSRiVBLAaVSoFEoZdHKQbkWrQxlx2F03QB7rruG63buYOfOHdSrHlHog41AGbRSqPiwaKWwGLxSiXYQoEtpRW68UNTSvVeg1pChKqWoVsu8Ys81eKWVq3vjD1h8PyhMx+/ug5ps665CXf03ka0+TfqeyuJRQgghhBBCCHHpXLQA9aGHH+Pw08fOqRoqq1ots+uqCfbfdtN5Htn5NdBfZ/euK/nGge+xbct61g31c/LUDKenZ3ntq66/1MMTQpwHthMKZnuexuFgUj3Yuwo1/1gMxdKqxd5Tw5PtQeDjlco92gTkVSsVbt67h7879EMWF5urXlcQBARRRLWvTnOhxdTMNIEx1Jwq7dDQCtpUBofpGx7n5KnTzDZ8FtsBfhQRGIPRTlwjacBak1nAyaIBpZYqRI3BcRQlDYP9Fa7evo2911/L5k0bqXgOjra0200iY0AptLIYG4GJUCi040AYUXJcImNRysSz+Fla2EkpsL1jzaKk8tTz1rDInwLfb3dNy18uyOwVtmeD1eXeW676NN/WQSpRhRBCCCGEEOJiueCLSDWabX73w5/kgQcPUK2UsdZyemaWnVdtYedVW6hWPA4/Pdl5ffjpSaoVr/P69Mws1lqqlTIPPPgIv/vhT/ZceOpyoRS89a7b2LF9Mx/+T5/lt//PP+BTn/sK5fIaKpuEED+FbCb8ylehLrewUHExoXwYm4azvRYWSs4R9+BcXaVS5sYbdjM40Lf6lSjwKmVarSZzc3NgNdVqnWcnj3F65izW9WgZS31klNFNW/D6+mlFhsUgwLrx9P84FrZYlqbuK4sm/uPYEK0sJW2plV3WDdTZsmGMrZs3MDzYR8lRuK4iDALC0Edri7IWEwaYKG5+qhW4SlPy3Pi+WIvCouzSnc7eqlXyxXVDA9x4w3VUymtrrRIvGpUcuFcA2r3YU3Zb/v3855Ljpr8bmwnI878xIYQQQgghhBAXl7JrbRT3In3m81/juweP8i/f/05q1TIPPHiAw0cn+cD77gVg8vgpfvfffor3veseAD7yifv54D/7FSY2x4tKfegj97FrxwR337GPRrPNv/7wJ7lxzw7e9ubbL+SwhXhZePaZE7nAZy1/oBgSdQdE2ceVnq+0bS2qtUvXhSRbAZhOu88Hqfm/Xm1uW3axqHSb7fl+/r20ElVrjeus7R9nwiji+0eOMj11NjemJJezS//nlavMzC7w3PFTzC+0aDSaHDn8FPv23codb3g9rcYcrYUzzM2c5pmjT3HwySc5eOgQc3PzGKMIwxAFONpBYdDGgDU4ClwHHGXwtEOt4rF54wYmtmxi08ZxJiY2sn58nEqljDURURRgiNAlj3K9Tjs0vDB1lvrQGMap0gigXKnTagU4yeJbCpYaInSiRm3jV7YQPo6MDLL7mp253tYr3z+/07sW8tP387//+PzZgDT//ye93o+3ZY/d3fs022f30lSfnjx9lvVjQxf9vEIIIYQQQojLX7MRXuohXFAXvAL1uweP8obbblp2QagkKP3IJ+7nI5+4P7etqFYt84bbbuKJg0cvzGCFEOJFWa0KNZ1MvlyAXAzc8vsVFyiK/xhjiMza/iPlOg57rtnJtm2bUFolC9djrcHYCIvBas3cYotTp88wO7+AH4R4lRrjGzfx2c/9Jc8eO8Fis01gFS1jUdUa5YFB+taN4Nb6CJXGt2C0S2ANSuk4urQRxoRYBa6jGKx7bBweZMPoOgb76tgoYmZ6munp0zQbi4S+v9Tz1AGlCKOQyAYsthZphQHWdTHaZbEd93ZVWLSN0Daet28sGDQoB4WDxkEpDTq+r1ds28yea3etOTyNTFgIT7u/k2x1aPc/MKz2Dwdpj1upPhVCCCGEEEKIy88FD1Bnzswxsal3IAowNTMHwL33vI5773ldblsvE5vGmT6z/PtCCHExFHuX5nuhJuFY9k/+sytN9c5WtK4UxsUhahT3B10DrRTbt05ww55d8YJJNu4VqpVGKQesw9TUDKenZ1A4lLwK5XKZ4eFh+uoD/KePfIyzZ+cIQ4PWJcLQ0Gi2qVRq1Ot9lMplyuUyynXwg4im78c9SrWL45bQ2qHilRkaGGTbli1s27yZ4cFB+ioekd9kYfYsC3Oz+H4La0x83SjiVqguUWTRuoRWJcrlKlEYLVXQLvVBxQDxwlMkrzMrSXmexw17dnHF1i1rruC0RERRlLn32e+w+/ss9ivtVanaHZBD/reSr0qV3qdCCCGEEEIIcWld8AB1NdMzswDsv+1m9t92c26bEEL89ChWodpONWESvOUrEYvTwbNTuPO9MpNwdrm+qFEUovTaKxSHBwd55d7dDA32Aw5KuYSRYnLyeX7042eZnV1gcbHJ/Pw8CwuLeJ7HwMAgJ068wGc+/eecfGEKrUo4TomzZ+doByGO6+F5ZbxqDe2U0I6L1Rqrnbjy03GpV2uMjoxwxZYtbJ3YxOjIEAN9FQb6qwwP9FEpuygVoZSJq1atQSkHpUu4boUwAMep4LeDeKGqzmJMZul+hqAiUEuPne2WocF+Xrl3N+uGBtd8n5Sy+H7Q+Q7z31c+OLW2+3vLfrfLVRRnfxvpeWymilmqT4UQQgghhBDiUrsoDQQnT5zu/I/H6TNzNFttjjx9DIAD3zlEtVLuvK5Wyhz4zqHO/s1Wm+kzc533J0+cvhhDFkKIVSVVqGmIlgRd2eAzrRws9rkstqDOHi/9TLpCe9Ivtddnfd/HdV0UzprGXi6XecX11/LCydP88MgkU1NnOX7iJI2GT6sdMrcww0KjwdjYGH3VGn7bRynNt771KI6KuOsX3oTrljHG0mq1abbb+EGEBbRbotrXj7Ihkd/GYFBuif6BdUxs2cT2q7aycXSAcskljIK4L2pJodwSXqWM62jQDkq7aNcFVcKPQKkyQ4OjPH3sJJEN6B8aRBl/aSGpuI/r0p0jntivcBzNVVdsZsOG8XOq3DQ2IvCDFaffp99Vvip0tfMUF47KPqbVpsl3nv89SPWpEEIIIYQQQlx8FyVAve/+r3Vt+9BH71v29YFHD3Hg0UOd15MnTudeCyHE5Ss7hTvestxSfd1hWLpIVFLBaq1CqXz42itkBQjDEMexaLW2v9qVUmzcMM66dYP89Te+je8b2n7E/GKDZqOJ7/ucPXuW+dlZarUqGzdtYO7sFI8//gQjQ8OUyy6LDR8/iIisAsclCkNAodBUK3149T4G+/vor1VYPzzMFVdNsH7DMPWyQlmDaxyUDSi5Cqfk4rguJa+MdUoY5YLysNrl5POnWVxss254PfPf/zEnZ2Z5xdAIWlmMDbGEWK1A2c6CUps3jLF9Ygue563pfiSMDQmX2gMUv6NsWF6sNk2D8+J7xYrUvLR6Nfs6vyiZEEIIIYQQQohL54IHqB//8Psv9CmEEOKS6VWFutyCUplPLb1nSQOy4iJF6VT/uPI0OU53oJcNUaMowmpw9Nr/eq+Uy/zCG3+Wa3dewSf+7IscO/4CynWoVCp4rkuz2WBkZIR2u4HSMDc/z1e/8XXWDfZTrVSIjCWKLI7rgXIwxlByXMoVj4H+GtdcvYNtE5sZHx1mXbWEZxsY41N2y5jAp9Xy8XSZkufheh5JWwGvXKNtwFEljj9/iqHRTQQGTs/M8syzx1m/YTMbx4eJIkC7OFphbEB/vcZ1u3bRX+tb8z1IhFGAMaZzb4v3Ovs8rQzOTsVP+9NCMQzNHqf4m+g+jlSfCiGEEEIIIcTl4aJUoAohxEtZMdjKLygVB2OZd5f9fBK2JUFaEuTlj5PvndprSn8URVhrcJ1zq7zcfsUE/+q338Oj3z3I5x98mKd/fIz5+TnCMODMmSkWG/P01eu0mw1mpqcJ/Dbj42OEERhDPP3eWowxDPT30VevMjw4wMS2rezevZvhkSGcoIk/d4pg/gxhFOGUPCqqD+U6KOVgI01toI9WENHyQyhVmVtoUPIqXLfnBhYWm7heGT+IeOTAt3j9617DyLo6yobU62U2b9nIyPAI+kWEjUHYXrVauLuXaXHBJ4vWemlfOu93t11QhcdscG67xiHhqRBCCCGEEEJcOhKgCiHEedCrCjWeig9J5WhaSZpaPhjLVhym07mTKf3ZhaWKIWocvlp808YreWRDutU4juZnXnkDP/PKGzj4g6f43ANf5luPPUmzFRKFbSqVMiW3RMlxaTZbnD49Ra3WB8rBWkW5XGFwsJ/hkWE2b9zI1i0b2bhhnEq9TsmrUK9X0X1lmrM15mamCJpNarU6hAERGuWUaLR8rFMCx8X1yvzo8A/ZvmMntf4Bmgs+5VofbqXG0aeeYvwHh/n5/fvYsX0LA/3nXnEa3zCL77eTF5172Hm7R3haDEfz7+crTovHSWSn7se/lfi7lepTIYQQQgghhLi8SIAqhBDnwcpT+dUKU/mTfqnpvtnp3NlwND9lPB+iZmUrHf3AxyuVAH3O17Tn2qvZc+3VnJqe5m++9R0efOgbfP/gDxlaN8Dc2Vnq9TrWKrxylWqtTslzqVQqjIyPsXXrFjZt3MiG8RFqlTKuV8VxXHxrwanjDlfp8waZm36ehcVZytrFuB6OV8MPIqq1PpQu8eyxU4xsmGDDtquYml+Ech8NA4OjI/zG627h1ldczYax0XO+tpSh3fYLbRNivatOVw5Ps1P4e23rDmiT7zPdV8JTIYQQQgghhLi8KFtcylkI8bLx7DMnMovdrO0PsOzr5Hn2caXnK21bi2rt8vo3oO7FnYqhaGfPwj5JBWJx36T/aXb/ZF9Iw1lLsQo1OVfSZ9V1XRztLjtFfa1+eOQpvvzX3+CRA4/RaLQ5dWqKkdFxNm3ewrrRdUQmYmhoiNGxMYbXDTI2PoLnOGgs9WqZSqWKUhbPUTg2ojU3xfzp51HGp+y6eG4Jr1ql0Qo4OTWLbxU7r99LpBzm222GR8eoODA+PPgTXYdScb/TKEraJCTT8fMBZzEYz07b7/Wbzy8alfQ6VZnfeDYQLQarNvcZuLwC1JOnz7J+bOhSD0MIIYQQQghxGWo2wks9hAtKAlQhXsYkQD3/elUPJoFncpnZIDUfdBYfVw5TVwpRu8Pa+D6X3BLnMqV/JadOT/HE332fI0efZaFpGBoZo+W3qVarDAz0ozSsHxuhWqsQ+T4KS3//IJ5XxkQBDiFu1MI05wiaczhRhIlCtOPSaAc0AsuVu65lYHgEp+RSKZfPy7jBEoQB1hq6K0LzFaRrCU+XC02T9/OP+XNAdir/5V19KgGqEEIIIYQQYjkSoAohXrIkQL0wlgtR86/TfbOfy4egSTiaBH2rh6i9jhk/drbgOA6O44I9v+Fc2w84u9Bg5ssmLI0AACAASURBVMw8gbE0Wj5g6e/rIzKGubkFwsgwODRMf62CDZoQNOgrO7g2xEQhpXKFSv8AXqWKWzpfgekSZYnCkMgY0sW4FMWfX+/f8srhafH97vC1eOz87+RyD09BAlQhhBBCCCHE8l7qAerlmT4IIcRLSPafqdLwtPe/XRXDu2IrAKXSsDQN9jTZQDA9b+8QLooMUeRTKrkonJ/o2rLKXon1w4OsX/P0+oHzdu7VWAyBH5BOk8+GnystGpX0rdUUK0tXCk+zxymOJPkNZN+Xf8oUQgghhBBCiMvXua8qIoQQYkXZitNs9eLSu13BXZKjFQO3tNK31+eyfTTT8DStPu3uvVkMbcMwJIx8LIaXKoshCNsEgQ/0CjXT+5Kfqp/vUZv9DrP3PvvdFKtNs/tmv+e0nUP+O7ycq0+FEEIIIYQQ4uVMKlCFEOICKE7h7tUP1do0nMv24MxOwc8HoN0VqPFxklAu2x5gueOQOR4YYzHGRylNyXV56fy7msEPshWnqXwg3U0pndkv3bc4FT+592sJT5PjZM+fVqNKeCqEEEIIIYQQlzMJUIUQ4gIpBm7ZafdpiArZKtIkXOsVfiYVkdkQNX3f5o5VDO0S8Wd6H9sPfJRSuK4LOOdpqamLyWIxhGFYqB5dLkDu1Z/Udn0vy4WnyXexXHia35TtfZoNuyU8FUIIIYQQQojLnQSoQghxAS2/UJDNTOXuVY26cojaaz+tde4zxfC0+1jx+Yrb4gAyRGuN67hLqd9PcBMuqHixrchEGBMtbUuqfpPryrY5WG3RsvyUe6V0V1Cd7reW8DRfhZqtWJXAVAghhBBCCCF+OkiAKoQQF1CvoCwN5NLX2an3q4Wo6XGKU8Kz52SpUrVbcsj0HJCvgI0ZY/BN3DtUa43jOPEY7CUO/ZauKwxDjDFkF4bK7dZ5mS7yVHw/u604ZT/drrreSytQVVdI3is8zbZcAApBt1SfCiGEEEIIIcTlTAJUIYS4wHr1Q81P21drClHT0C0N8eKeqqrzPDleEhrGx+1dRZkPclXh+Pk2A9YagsB0juG6Llrpi7Z6vFJgrCEMg9w4k/Fkx5rtMZq8nz+W6tqeTt/PVwvn989+JqkiXnt4mhlB7lwSngohhBBCCCHE5U0CVCGEuAjOPUTt/VkgE6gCubA1P+V8aUvuGCsdr3egZ3PBZFKtGq9qn4aEjnZROq5UxYJFxSNLronOpeaGVtxHYbHEga01lsgYrDW5a0mvoRiapiFmr1CyV3Caf53frrXOXX9SrRvvnj9+rwBUwlMhhBBCCCGEeGmQAFUIIS6ScwtR02A07eXZHW5mjt51rvixe7p48r4x3cEppL1U489mA7/8eLKHDaMAouwYftLS1O7rSVsPqK7QtDhNP9sPtjswpefr3kGmIqnI7bVf/nn6GQlPhRBCCCGEEOKl45IHqI1mmwOPHuKJg0d57vgpmq02ALuummDXjgle/crdjA4PXOJRCiHE+fGThKjJ+7B8hWVxent6rO6KU63j18Zkx2Nyx0qnw9NpFRBLA8V8wNsZzdJxigFuMTDM93jtrr6NP5MNTJN9u6fs5+9RdoEna23neov3rNdjcn3Z6tSVKk4lPBVCCCGEEEKIl65LGqA+8OABHnr4carVMruummDvnquY2DTO1Jk5Jo+f4m+/fZAHHjzAvlt2c+89t1Orli/lcIUQ4rxYS4ia2Zvuas70dTacTKaZLzddv7gtoXW2ujOetp5WmXb3Ts1XoWZDVpsLEpPxrWXV+2T8y1XXJgti5c+Z9iXt1a80e+xieNorDM1v05kxJeMrVv8Wr2u5gFXCUyGEEEIIIYT4aaZsr7mdF1ij2eYTn/kSh48+x/7bbubuO/bRaLY5duI0zx0/xdbN4wyvG2B0eIBHHj3EAw8eoF4t88/fe6+EqEKcR88+c6IT4q31D7Ds6+R59nGl5yttW4tq7ZIX0b9ovfqOZsPSYs/RWPx+sm+vldx7vc5uT6pNe72XPs2OIb9vr0A2e75ilWt3yLialfqx0nmvV2VtMVzNVsFmP5vdNxusrt4jNfs6OW824C5WxUKv8LTXMX8anDx9lvVjQ5d6GEIIIYQQQojLULMRXuohXFCXJED9o09/iScOPsUH3nsvI8OD3Hf/1zjw6CEAqhWPZssH4mn8997zOkaGB/nQR+9DgYSoQpxHEqBeWucSoqZhKiQVor2OlV9gKg324qn5quvz3SFor3MUK1LTAHe59gDnSzFITc+V9DzNV8GuFJ5mj5evULWdytvks2mF63Khav4cvRa0eimFpyABqhBCCCGEEGJ5EqCeZ488eog//syX+OA/+xUAPvTRzzIyPMDdd+zjxj07OvtNHj/FZz7/NY786Bi/9rY7uXHPDv71hz/JrqsmePfb77yYQxbiJUsC1MtDrwCyOLW/V0XqSoFqcqzs9u6/7m1nIan85/LnyIa3L64Klc41LXf9vfZbW/UpLFf52et0ccXpStP5l/uNAl2hbK8+rN3tEpa7lp82EqAKIYQQQgghlvNSD1AvevrwwIMHuOuNr2ZkeJDf/fAn2XXVFt719jcBcN/9X2Py+Gmq1TL33nM7H3jfvTzw4AHu+/zX2LppjLvv2Mcff+ZL3H3HPllYSgjxkpENBZPn+YAy7gHavbhUWomZlXw+PnbuTJ33k9dx/9NigEkhkO0OKvN9U+P3kinxxQWvunu4Fq8/P75EcqzkOpPjJtvTMDQNK4uVo/nz9N5W3Jz9LnqPMflOssHoSzs8FUIIIYQQQoiXs4saoH734FFmzsyx/7abeejhx7DAu97+JmrVMh/6yH1MnZnjNbfs5vDRSf6fj97HB9//Tu6+Yx+Hj05y3/1f55+/95d54MEDHHj0IHffse9Fj6PZ8vn3H/8Lnn7mRGebUjA2MsS999zODddtPw9Xu3aP/d0RPvYnX+A3f/Uubr5h50U9txDi8lAMUaF7Sn+xkjdZNCofUHbvWwxTk89mty83FyEbiOaDUdsJH/PBZrE6FECvdvW5sWdD0/T8Cq3T603D4+6+pj3PUOiD2ivP7A45i+F09jzFz+TbGnSOIOGpEEIIIYQQQvzUW+1/1Z5Xh49OsnP7FmrVMo88eog33HYTtWqZRrPNkR8d491vu5O779jH+979ZqbPzHH46UkA3vbm2zn89CRTM3PcuGcHh49OnpfxvPF1r+T3P/gefv+D7+H3fufX2btnB3/y2QeZPHH6vBx/ra6/dju//8H3cP21cXD72N8d4X/9nf/Aj559/qKOA+Jw+ff+w6f5w0998aKfW4iXu2IA2KvCtHevzWT/7vYKyXF6VVSm2zVaL9+yIT3Gci0aurf3OsZarn+5dhDFALTXmIrHSP7E16Yz23qft/cxivv26kkLxX6nIOGpEEIIIYQQQrxUXNQAdfL4KSY2j9Notpk5M8fEpvHc+41WO/e6VokXi5rYHO83PTPLxObx8xZwVsoe6wb7WDfYx/C6Ae64/RZq1QpHnj4/Ae1aeSWXdYN9eKWXRj9HIcSLt1KImgZ6vUPAfLWk7RkCdgef5F7n3+vd6zZZuT6/Tz7YzK9u3zvYXC6oTMLc9Jx07ZfdJzu27ustXhNdnymOMV/R2x0CZ7+D4vT9zt2X8FQIIYQQQgghXjIuemJXq5aZPH4KgJHhwc62vbuv4hOf/hJHbt3Nd588ypZNY+zaMdH5XLXiMXniFBObxmkWgtYLJYwivvy17/Dlb3yHRrPNK67bzjveup+hgT6MsXz9wBP8t6/8D+YWGgwN9PH3f+Fn+Zmbr+Pjf/pFFhstqtUyB3/wY97xlv18/r//Lb98z+s6U/T/8FNfZObsPP/k19/C8yen+dgnv8BvvvMuHnr4MR594jAA//f/+2dcdcUmfvXeO/l3f/Dn3HLjNTxx8Cinps6wd/cO7rpjH3/6ua/w4+eeZ/PGMd77a/cwNhLf0+8feZZP/9evcvL0DOOj6/iHf//1XLdzGz969nk+9skv8Npb9/DIo4c4c3aOK7du5D2/8oucnVvk3/3h52i2fJ4GHn3isLQVEOISKPbRTPuiQnbKfloJmZ9Kn7YA6BxxKfSzmenxxSn8xSnz5M6R7Z+avO61oFR2vPlAMXt9vbb17n+avR/5cyS9WJN/B8y2KVCda057yPY+V/ba8u9nWwTk73FyL5N7kL/n3S0UhBBCCCGEEEL8dLvoAerUzBz7b0srSpPFoN737jfz0MOP8d0nj7J3z46uHqfNls/EpnEmT5yiWvHO+7iMsTz2vSM0W212bt8CwNcf+R5fefgx3vkP3sgVE+v5y7/6W/7sL7/Ke37lF/nmdw7xuS88zFt+8We56YadPHfsJKemznb+R/oPnnqWW/Zew2//z2/DK699vP/orfu55uqt/PkD3+DX/9EvcOXWjYRRBMAPn3qO3/zVuzlzdp6P/+kXefqZE7zjLfsZHRnkP//ZX/Glr36bX/kHb2DyxGn+85/9FT9z83W8/rVv4ftHnuVTf/4V/ul73gpAq9Xm0OFn+F/+8S8RhiF/8Mkv8LUDT3DPna/hd37rH/H//Ze/YnCgzjvesp96rXJ+b7QQYk2KCxAV+6JmQzyl8hWrxV6lawlS48AyqaQk9368D2R7j2ZDzN7T+rtD2t6VnNlFrXofI/s8u3BUsTq3GHrGj7qrWjd9v3dlaba3anGhLKVsZrtUnQohhBBCCCHEy8FFDVB37ZjgiYNHqVXLbNk0xncPHs1Vme6/7Wb233Zz1+ceefQQEE/lf+TRQ+y6aqJrnxfjgQcP8MCDBzqvB/pqvOMt+9myaZx2O+DxJ5/i1a+8jptuuBqAO3/uVv7oz/6K01NnOfCd7/Oqm6/l5157E0rBusG+/LVeNcGv/vIdeJ7LmdmFNY+pVq1Qr1VQCvrqVfr7qp3Pv+41e9mycZSRdQNs2jDK2MhgZ2w7rtjM8RemaLZ8nvzBjxgc6OPnX/8q6rUKt950LY8+cZhnJl9gdHiQUsnll37+Z9mycRSAK7duZHpmDtdxGOiv4zi601ZACHFpFas5V69GLS58lBynuyK1WC3Zq4o1rfRMFp6KQ8n8Z9Nz9qpQzY5hmavsuuZiyJueIzmv7lHxmhyrO0jtPv5y9yaVVr2uXHWa3VcIIYQQQgghxEvPRQ1Qb9yzgy98+ZtLVag388ef+RJKwXefPMr0mbmu/auVMjdeHy8a9epX7qZWLfPEwae6qlNfrDe+7pXsv+1mwjDiL774MIvNFtdcvRWloOX7nJ1d4Cs/OsZXvvFYZkwep2dmOTu7wLVL+/bS31fD887v7S1W3o6Prus8Hxrs4/gLUwCcPH2GyeOn+K3/4yO5/XdcuZnR4UEcx5F+q0L8FOk1pR96VaNCGo5mFzwqTkeP9y9WufZ6jD+jScJDrbMVq/H5kvMm2+NjFsPPla6v8yx3zd2VsPkQOT/NPxlj8bq7Q+i0arUYGNvCvUtD5JWqTtPPCyGEEEIIIYR4KbqoKdrE5nG2bBrjgQcP8O6338lDDz/GQw8/zl1vfHXPqtLJE6d44MFvApa3vfn2TrXovlv2nJfxJItIAbz1rr/Hv/3YZ/nrv4nHU/E8hgb7uOG67dxx+y2dz2ilcF2HocE+Zs7O91wJezXWxi0DLpT1Y+vYunmc/+kdP09laSEuiK/3+ZPTF+y8QogLpxh2JtuK1ajpVPPOJ7uC1GyP1Oy09eWqXfNVqDYXqBYD2aSytdd4V1MMXYsBbD7UjMeQjql3O4HlWw7k2wDkj63It0aQqlMhhBBCCCGEeDnTq+9yfu2/7Wa++Z1DPPLoIT7w3nvZsmmMhx5+nCcOHUUpxcTmuD/q5InTPPTw41SrZT7w3nuZnpnloYcfZ/9tN1Orllc5y7kbHR7gdfv28o1vfo8XTs1QLpe46fqr+e7Bozx37CQAc/OLfOvxH3Tee+x7R/ibb/0dZ2YX+N6hp/nq336357HLXon+vho/OPIcbT/g8NOT/PDoc8uOZf3YMJ5X4sQLUy8qaL3+2u3MLzZ59InDWGMIw4hHn/ghC4vNVT9brXhs3jDK9Jk5ZucXz/ncQogLKw1NixWpadhXrEbtfp4eK35MP5dd9T6/T/qYHCepNo23pb1Gs8fVunsV++WuK963+xjxsbM9UFnTGPM9UvPHLZy9cB/ofC55Xqz8lfBUCCGEEEIIIV4+LmoF6uTxU9z3+a8xvG6AP/7Ml+Btd/Iv3/9OHnn0UKcaNTG8boDX3LKb/bfdzPTMLB/66Gd7Li51Pr3q5mv5m289yUMPP8473rKf173mFfh+wCc+8yUWGy2GBvp4w9+Le7Qm7/3lf/sbPvXnX2F0eJBf+vnX9uyjV6uW+cU3/Ayf+vOv8PD/+B5Xbt3I3j07eOHUTM9xbN4wyp2338J993+dL3z5m/zmr91zTtcxsWmMX7v3Dj79X7/KF7/yTUquy0037OTWG69Z0+d/Yf+r+INPfZEP/OuPcdcb93HXG199TucXQlxYy1WjJtuS1+niTPmFptL34/eKVanF6sy0n2l3j9T887SCNalE7d5ndWkbANt17O5zF9sUZB/z1ab5FgDp55Pjx/tk2xd0h6QSnAohhBBCCCHEy4+ytlfkd/5NHj/Fhz76WWrVMr/3L36d3/43H2fmzBx79+zg3ntuZ3R4AIDDRyeZ2DxOrVqm0Wzz13/zOA88eIBXv3I3b3vz7Rek+lSIl6tnnznRqaxb6x9g2dfJ8+zjSs9X2rYW1Zr08oXeod5yQWoahGan4OeDx2JYWqzGLIaZK/1nZK09QteyX7EXbK9xxe/1DlWLfUy7+8P2DmmT8b3cg9OTp8+yfmzoUg9DCCGEEEIIcRlqNsJLPYQL6qIEqEl4uuuqLRx+epJatUKj2eLeN/8cDz38GMdOnGZi0xgTm8cZHR6k0Wxx+OgkkydOM7xugLvv2Mdrbtl9oYcpxMuOBKgvHSsFf8n27F/32f7Ny4ep5J5nqzbz/+VIw8v0fHQ+v9b/zGTDzO5K12xYmh9DdxVp+rwYmhavPTnHWu7fy50EqEIIIYQQQojlSID6E0rC0717dvDut9/JR/7o8xx+epIPvPfetN/p8VN89+BRDh+d7HxuYvM4u3ZMcOOeHRdyeEK8rEmA+tKzWhCYD0rj10nFabzf0tZcmArd1Z6r7d81slVGvvznek+5z36mu19pcf/e1abkXufOKsFpFwlQhRBCCCGEEMt5qQeoFzx9+I+fuL8Tnv7Rp7/UFZ5CHJZObB6HOy70aIQQ4qWtVy/U4vakz2kSemYrOIu9Uv9/9u49PKr63Pv/eyaZTA4wIYEEEghICARNOARIWoIJAhEQVBCsoII17oZddT/a38Zu696t213rr7a7PL9t9yP1kbaxhSq4BQHlJEeDhkoQYkiUICAQSEKAhATJgRzm98ckk5lkJucDyOd1XblmZq31vde9vjOXvXpzr/W1jbXtayyQOhciG+I2L0I6RWnHNTiPayx+gnOHqe2z8/Nbm8Zo6ERtPNZqbVvHroiIiIiIiAj0QAG1oqISgwFS124nM/vrZsVTERHpeq0VUh33Ne9KtW2zHY+bbc635jcvcHamCOmcR9MwzRe8atgOVqtzgbfpbfyNhV4VTkVERERERKRtjN19gkXzp3Pk6NccO9G881RERLqX4+MVbN2nVhf7rE2KqY5dm7ZtrguqTc/lfL6GVe3brvH4xsdEtHw+1/k5F0lt12ZtkpvzfDTdJyIiIiIiItKg2ztQp8RGaQEoEZEbQFu7UhtrrI0FTOdb/W37GuN2U8JN4jd2nDo+QgAcC6aOnaa2/c2TU7epiIiIiIiItIdWYBERucW4uo3fVTHVcX/9yPpjXBVUnY9pfs6Wc2p6O76rBasaYzgvFNW8YNpy0VSFUxEREREREWkPFVBFRG5hLRVTm75vOMbV4lCOh7kvrraUR9MtTW/Db9zePFfXJ1PRVERERERERLqCCqgiIgK4W2Cq5YJqw7FWt486bW/hsjGQtUnQloqlTY9X0VRERERERES6igqoIiLSTMu38rdeVO3Emdt0lKt8VDAVERERERGR7qACqoiItMpdcbJpIbOlY9urpdgqloqIiIiIiEhPUQFVREQ6rC2FTFeF0LbEUpFUREREREREbgQqoIqISLdSIVRERERERERuZp78dx/AtsKxAdvyHQb7ZwNWrLZXq9X+GQz1SyI7LrvsHNg5nvP4hs9OZ3QTzykfg0NeVtsKzfY4jgdgcBjokI/BIS8r9vH2fJzGN3zGKRHn8a7nqS3X1fF5avINuponN/FuiHlq7XvrwHV1fJ7a8vt2Ha/T8+SKyYzBzx+DXwAGywA8xk7DNPkBDP0HtzBIelc2ry/fQWaTrZ7eAUTPvZtl8WGYeiWvjipi229Ws6FoCE+tWERM090XdvKL32ZR6LTRA0toCPfMm01ShH/P5HV0HSlvnWPQnKW8PCO4m84pIiIiIiIiYmPvQDXUF3sM9UUjp2JQs88NxSKHSA5FuKbxmo+32se3Fs8xHxyKb86vNHt1rgbjNL5b4rTzujo6T03Hu52nVr63Xpun1uJ06Lo6Nk9t+X27i9fpeXKlugrrlSKsV4rgfC61X33K9XW/wiPye3hOXoBn3L0Y+vZ3M1h6Vd8hLJo3GgsAVZw6cJDd69fzZt8f8/QY715OrhsMjSQlMcz2/moeu/bksu4PfyR9zsO8OCO09fENhdjoWaxKjm7DCYNJeuZHxFd74tupxEVERERERETaz15AtRWPqO/IA1cdfo4deo0dfw0BnAM7x3PfMdhaPKd8DA55NelkbOj4a+xspElnpeN4nItdLsY3dhA65NNsvOt5ast1dXSe3HdWOn5vruPdEPPU2vfWgevq+Dy1/vt2F6/T89QOtbmfUZv7GdW7UjEv+jc8xt/d/iDSvXwCiYoZR0j9x7hoDwp/to/MQydgTFsKhDcZy23ExTRc1zjiEiewbcU7bNi6nV2xT5Bk6fpTmnz88ffp+rgiIiIiIiIirVEHqjpQ1YF6o3SgtqLu3DEqVizFODIW8+Jf4DEqrmOBpPuZPJ1v3S/+gtTUvRzMr6XG05eombNZNmM4vsCR1BWszB7C4yl+bE/NpTBwLL98Pp7LG9eTeuAiZTW2RwLEPXgvS2KCMVHD2fT1rNp0jsIawGU8C4nzQji+JZfCGvAMjuTpZ+4l2gegmOzdO9mw5xx5lYCnB2Gxs3nuwdGd6O4M5Z7pQ9iw5hzpGcUkzQgEijn4zkbWZJZQUQOWyLE8vfRufNJX8eLWMtuw7B2kLN9Rfyu+Zwt5tfJogYpjrH1zLx+fLacG8Am9jSXJ84gL1GO+RUREREREpPOMDW8aVkm21ld3Wu7QazzezkWHXkM89x2DtBrPab/bTkbn/fbxTTorHfe77hikWTxXnZUu82nndXV0nlrqrGwt3g0xT619bx24ro7OU1t+3+7idXqeOqHu6wwq//tH1H75SeeDSderLiZ340EygbARocAJUlfsIr04kKmLk0iZG0zh1g38V3qxw6BzvJV6Gp/RkSyYPhrTkU28tv8i/rEJpCxJYmEMZGfmAVCa/ldeXn+O8tETSFmSxKJoyNm6gd/tLnKIV0ZaWhVTFyfxeEIApqJcXlubXb+viIz9ZfSfbou9aLSZvAPbWXesk9cdGsggIC/flkfuO2+z6lA5YZMTSFkSS2RRFr9+Mw1TdAIp84bYHncwNLL+GiydyKuSg6u3sPusJ/GLk0hZEkusZxEZZ2o6eUEiIiIiIiIiNupAVQeqOlBvkg5UR9YrRVS8+hDmxT/HNOepzgeUzinK4sXlWU6bLCNiSUkMhKM7Sa+E8UseY3EMwDhMJ1ew8sAXXIqfVn+0B/HJ/0TyaNun0vRKwIP+w24jOjoY35hxJNlORPr+EvAeQXLyNKIBYgK5dPJddu8/zKkZs+vjmZmxdCFJw4AYDzL37yCzqIACoglhNMkvjW5MNLSIj7OzOHW+CBw2d042uw5VQXQSP50/DoA4zwIy3solw5TIPZF5fMA5ypweBdDRvKqoqAC8LYSPiCAm0I+4mMSuuhARERERERERPQO1zc+sdOisdJlPO6+ro/PUUmdla88KvSHmqbXvrQPX9V1/Bqpb1jqq1r6McXAkHuNmdGFgabeAKJ57ZjKDGj6b/PD3sf3ntaDIdrt65poVpKxxGONdymX7Bz8GBTTu8o+fT8qZjax5bzXPrgXPgCCmPjiPxaOLOFUEBPvRuJxYCOGhsDu3lFL7NjP+7tauqviGbau3sznXdrt7g0FuDm+z/GIKgbDQYLjwOYUA2btIWb7L4SAPCouBvl2Zlz9TlyZxKnUva155g7fwoP/Q0SxJnk10NzyLVURERERERG496kBVB6o6UG/CDlQ7q5WK13+M739swxgS0YWBpV1MHlgs/vi72BUSbAHKiFqYTHK0h8Me24ry2S7GQCBxDz9B3MNQXZFP+up3WbNqC+GvJhEeDJkVtVTYjy3gVD7Q13b+UpfxGl1K38WGXNut9QtibyOs+jC//kNOuy63uXy27TkHBDA1NhAsIQwii8LIBH69ONLpebAmH+Bqk2fEdjavwHEkLx9HMpWUn8/izZX7eW1tECuXTWx2HhEREREREZH26t0O1OCxEDHXdtyFLDixtVk8daCqA1UdqK2ouErVH/8Zn19s7obg0mljJhLvfY70LR+yzTSOcE8oO5PDqeDZLIv3czmkNO3P/PJIMPckhmGhirNXa+v3BBOfEMCG9Tm8udqXBdH+lGWns/sqhM2ZQDhwpJV0TD5m+/vy4tNsO3CCy7SzA7XsNAeP1Od0NY9de3L55iqEzZnNVAtANEmT9pF56CCpe2DqMDNcLSD9TCDJS+MgMIww78PknTjI2qOBJA0L7ERexex67W0ODh5L0gh/qMmnrLI9FyMiIiIiIiLSst7pQDVbMM5/B8ISnIZTeoa69x+BoqPqQHUTFXgnJgAAIABJREFUr1kHozpQb+0O1Hq1xw9S8/k2PCfe0/XBpZMiSH5+HoPW7mTz2l3sxnZLfvxc9yNMwyIIz8hi/ZpcagBP7wASU+YRZwLiH+MXrGfVpgxWZQKevkTNWcCyGcFtysY//l5Szqwn9cB+VmVYSJx7G4NO5rbvks7msmpNwxgPLKFDWLRkNkkRjT24kQ8v5bngLaR+tJ9V+215Do8Nobp+ThYtG0tpaha733qHnDlLeXlGR/MyEx4TRPqew6w6YCvq+oRG8uxSdZ+KiIiIiIhI1zBYf+9nBeqLRQ41MHvxyHWHXmM1qF6zDj3HeM7jjT9MB8tQrJ/+Gmv2GqgqwxD1CIYZvwGs1L0xBipL7WHt+Rgc8mrSyeh0gMvOSsfxOBS1nDsGaRbP4fqajXc9T04z2Yl5ch2vyTdobXwxtBLvhpin1r63DlxXx+epLb9vdx2onZynbmAcMhrfV3aD0aP1g+udOZ2PwWBo1x/g9nPDe8fXlt63tK0tfHw9Wz9IRLrEhYtXGBjUr7fTEBERERGRG1BFeU3rB93EjA1v7EUPGosf9uJSQ4ceVqf9Tpp+dIjnND5qCQSNwbrtx1g/X4mhyrbACjlvU/fOHDD3wzDlBXs8p/NZHfJy6PRrut+ej0NNrul+p05Be4cjzeLZr8uxs9JVPg7X2SzvjsyTm3hNx7ucJzfxboh5au1768B1dXSe2vL7dhev0/PUDerOHaN675rWDxQRERERERERkTazF1Ct9fdPW+tb5Fp+RmTj8XbNOvQa4zmON4ycC2VnsX79YbPzUXQUvt5iO8beMeiw34BTh19jJ6Pzfns+Tp2VzvtdP7OSZvGad1a6ycepE5JOz5O7eO47K62txrsh5qm1760D19XReWrL79tdvE7PUzep3r+ue08gIiIiIiIiInKL6fEOVMz9oPSs205Na1EW+A9TB6o6UNt8XepAbVR38jDWksLuPYmIiIiIiIiIyC2kxztQqboCljC3nZqG4LG2TtRu7EA13JaIx7Nf4rFkk8uOQWPcP+Lxwnk87v99uzpQjcMT8Vyeg+fjG9s8T8Zp/4Lp599geqUYzwd+rw7UDlyXOlCd1Rze0f0nERERERERERG5RfR4B6r16y3gPwzDpKebnY+wO2HkXNvt/d3cgQpgCBmPccLjzh2D5r4Yoh4Ak5/zdbWpA9VxOlqfJ8PIJDy+9wTWsnxqN/wvag+mqgO1A9elDlRndWeyu/8kIiIiIiIiIiK3CPsS1rbOuYYOv9Y69Bo6/hyqQS469BrjOYzPWYMh+lEM014FLwvWvP22AWEJGCc9BUVHsR5a6dQxaM/HbSdjQ8efQ14uOisbx9fz7ofhjgcwHP6Lfbxh3CMYBo1pfl0OnZUu88HaWI2GNs2TYcgE8PbHemwHtZ+vaaGzsnHeW+qsbPze3HWgtn+eXHdWNp/3Ns9Ta99bB66r4/PU+u/bXbxOz1M3spYWdf9JRERERERERERuEfYCqq1DrqEDr0kxqNnnho47h0hNbk92jNds/IkPMITdiWHKvzo35OV9Qt2Gh23jxzwClqG2fErPQN6ncOWMc6ef/ZVmr06dlVaHfBw7HS9/jWHQOIh5DMORv2K1gvGO+XD9Gg3FPOPc/40x5lHq/v4H6na+hMFgwDjpCYxJL2HN2Ujt5mec5qVxOgwYp7+AcfKTWM8fwTB4PHj1hW8Lqd35CsZxP8AwYqrtHJOW4jVmPjWbf4qh9Dwe9/wSQ8gYMHjA1UJq979O3ScrbfGb3gbecH0O35vbeaed89Rsnjs43+2J06HrcojX8D20YZ7a8vt2F6/T89SN6i7lde8JRERERERERERuIT3bgRo0FsP8t22LRJWdtd2qX3oGa9FRqLwCRdm27tQZv7bFLjqKtbIUw9hHMXhZsB5aSd0nr7atk7ENHajWgiMYwr6PMWoBtYf/gjH2RxB8O9YTuzGMmmU7Jncr3H4vhiFxjZ2VQydDXQ1133zcSgcq4GnGEDSS2n0rMHj5Ypz8JMYJj1C751WMl05gnLSUui+3UvflB1jzj+L50P/F0H8EtWm/hyvnMU75RzymLcdaVoA16311oKoDtVV1F1VAFRERERERERHpKj3XgRq9BMPsP0DZWerWzcGQ90l9h1/jcKIfxTDnD1j3/Mx2G3/QGAxD77R1pY68F+PcP2D0DqBu1/Nd04FaXYn16x0Yoh7EOOFxDFEL4dol6k7vx6OhgHpyF9b8IxhCJ2AYORvDtSIMYbFYi77CmvVes3lpnI7689TVUJe1nrpPfm/bHjUPfAOxntoPw++0HVN1FWvW+xjGLcTQfwR1x3dR99GvbMU7owces/8d44gE6rLeVweqOlBFRERERERERKQH2ZsmrfXVq/auUm7nokOvIZ4haKyteHrxKHV/ia8vnjY5X98w5+KpFYx3/iuGGb+x7T/+IXVvz8Ew6UkMQxOadDLWn8/gkJeLzkqn/dj212WthapSjHHLMATfQd2xD6Gm0um6rGfSweSLYdRMGD4VzP7Ufb3TodOyYZ4ch9Wfp64Wqstb/SKsWDH0GwqeXnD9WuO8V5aBtQ78Q13Os2NnZbN5d/e9tWOeXHdW0mzeXXWgNo3XvAPVzffSzutq7EB1mPc2zFNbft/u4nV6nrqRwT+4+08iIiIiIiIiInKLsBdQm6463tZVyu2afnSIZ5j/jq3zdO09GKrK7PEcz2eMfdp2W/+hlfZ4dVt+TN0bYxrjXTiKNfttDLFPOXX62fdbHfJy7Ih0tZ/6/fmf24qmA0ZB2XmsmWuaXVfdsQ/haj7GwRMxjpgGVaVw6mN7vMZ5chzWZEJaYcCA9cpZqLkOXn6N8+5tAYMRSvNdzrP9+pp8Ly1+b+2Yp3avLu/YgdoknlOnp7vvrQPX5er31JZ5asvv2128Ts9TNzL2UwFVRERERERERKSrdHsHKlG2xaDqtv24sXjqqmMweCzW4x/axxuiH8X4xKcY5qxsjGcAa+4HGMKmdFkHqtVqxXpkNXWH/kzt31/HevlE8+u6fJK6b/ZD0CgMgydizcug7vzhtnWgtpEVK9avdmC9fBLjqCSMM3+OR9wTGCf/CGquU3dyv8t5VgeqOlCbUgeqiIiIiIiIiEjX6f4O1OglcPEohnOftNwxCLbOznrW7L9hPfo3DAPHNsazAtfLwLtfl3WgGgwGrJeOYd3xPNbMt91el/WbNKiuhLpq6o5vb95Z2RUdqNevUrvtRayXT+KR+Awe836HwdyX2r0rbAtIOeTTND91oKoDtYFHxMTuP4mIiIiIiIiIyC3CYP29nxXAsUHOYP/srkPPQOOKOPWadejZ9hqWX4XDK6nb87yLjsHGMxoXbwWg7p059njGR+q3vT2nfiEeMEx5AcOYR6ldGe3QyVifj8Ehr2adlY277dfXrGPQcXzD5/qJGjwJjx/8GeuVc9SmzmkSz/11tXWebEe566x0jNfkG2zaSNpCvJ6YJ6fTNIvXtAPVRT4duK6Oz1Nbft+u43V6nrqR339nYWjjbfxnTudjMBja9Qe4/dzw3vG1pfctbWsLH1/P1g8SkS5x4eIVBgb16+00RERERETkBlRRXtPbKXQre/XBUF/sae8q5XZNbk9uiEdVKQy5E0P8C/bD7K8Nx1eVYv36QwzTXwWzv22MYz3F7I+hqsyW36h7sZ7d79zxZ6XZq3M12OH6HF7bs2q64fZ7wXcA1uwNzvPlcp5o9zx15ery7uN1/zx1Ok6Hrqtj89SW37e7eJ2ep25iHDGhzcVTERERERERERFpnb2AaiseQcOzPFt+RqRjx19DAOfADfHqtv8Y4+w3MMT/q/ssqkqpeyMKw5QXMD7wNnVr54IV2y38Yx6FoXdiPb4FY8ILEDwG6/pHmnUyNnT8NXY20qSz0lrfEOhwfS46BpvGwwp49cEYPg3KL1H31Ycu4jXvhGzvPLX8bE/Hzsgmc2fvrHT83lzH6/Z5asin2Xicxrf4vXXgujo+T63/vt3F6/Q8dRPPibO79wQiIiIiIiIiIrcY+y38rm5bdl9karxt2YnT58Z47oteTRoXI+ZifOAdKMqi7pP/F85+ClVlMHQKxklPwch7sW59krqsvzUpxjW/Xdyej7042Px28eZFr+a3ZTt1DNpaE5vdlt3qdXXhPDUf73B9TW4/b+l769V5au17a/d1dWye2vL7dh+vC+apixkGhOG34u9g9GjzGN3CLyJtpVv4RURERETEnVvmFv7u6kBta8eg1WqFr7dQ984cjHPfwLhgrXPAqlLqNjyM9fiWJkW4G6SzUh2obZsndaB2G/ND/9qu4qmIiIiIiIiIiLSu25+B2tZnVtrj5X1C3RvREDwGQ1gCePfDejbN1o3qWKTqqWdytjVOa9fVRfPUrIOxIS+H7819vBtgnlqL06Hr6tg8teX3fbM8A9U4ZDSekx/o+sAiIiIiIiIiIre4G6sD1THehaNYLxx1vp26PZ2M6kB1/72pA/W71YHq3QfvJ1d2Q2ARERERERERETE2vLE/t5DG5xfai0sNHXpYnfY7afrRIV7T8Q2fm57PVTyn/VaHvBw6/Zrut493qMk13e/UKWjvcKRZPPt1OXZWusqnndfV0XlqOt7lPLmJd0PMU2vfWweuq6Pz1Jbft7t4nZ6nrmIw4PPsnzAOvaOLA4uIiIiIiIiICDgUUK31909b61vkWu7QazzezkWHXkM89x2DtBrPab/bTkbn/fbxTTorHfe77hikWTxXnZUu82nndXV0nlrqrGwt3g0xT619bx24ro7OU1t+3+7idXqeuoj5kf/AI3pq1wYVERERERERERE7daCqA1UdqC38vm/YDlTvPvi88B6m2cu6KKCIiIiIiIiIiLiiDlR1oKoDtYXf943YgWoYNALfX27H4447Ox9MRERERERERERaZF9EytYh19CB16QY1OxzQ8edQ6QmxSHHeG1ZNd1dPMd8cCxSOb3S7NWps9KK0/huidPO6+roPDUrwrmbp1a+t16bp9bidOi6OjZPbfl9u4vX6XnqAENACF5zn8I0fSmYvDsWRERERERERERE2sVeQLUVjxo6/Frr0Gvo+HO4H9lFh15jPHcdg63Hc8rHbSdjQ8efQxwXnZWN4911DDaP56qz0mU+7byujs5TS52Vhlbi3RDz1Nr31oHr6vg8tf77dhev0/PUDh7RUzFNno9n4sPtHywiIiIiIiIiIp2iDlR1oKoD9UbpQPW1YAwehjH4NoyDwvEYPRmP0d9Xt6mIiIiIiIiISC/y5H9963anoY2vrWlrnLbGExEREREREREREekJnq0fIiIiLSo7wa71aWw7VkJZDeDpwaDQCO5bOpu4wJvzP7NHUlewMtt5m6e3L2Ex8SybN44Bpm468dF1pLx1jkFzlvLyDNj2m9VsKBrCUysWEdNNpxQRERERERFpyc35/+xFRG4UFdm8/psdZFb6Mn5OArGBZriax649uax6L4SYZRPpdK3xwk5+8dssCqNnsSo5uvM5OxUpg1s40Mz4eQnE9gWo4nLmF2w+sIsXsk/w1PMLifFp/VS2QqyFBf+Swj0D25Db6Hv53b/XYPLxB4radDkiIiIiIiIi3UkFVBGRDqvk4OodZFZamP0vKSy0FwjHEZeYQGmZf+eLp73KTHjkOOIarismjqlH1/Gzt06TuvEYMQ+P7vpTmvzwv7knTURERERERL5jVEAVEemosoPsygWGRpLUrLvSH39Lw/tSsjduIvXARcpqwNM7gLgH55McEwg0dmkmzgvh+JZcCmvAMziSp5+5l/7pq3hxa5ktTPYOUpbvqO8c9SR790427DlHXiXg6UFY7Gyee3A0vvXnzN29hdSPCrhcf87oWdOYeHIDf6q/Nb9w62pStsL4x5fz9Ji2XbLvmASmBrzD9kM5ZD88mmig/MxO3lydQ05JLXhaiF+8kOSYfF5fvoNM20Sx4bcr2IDtVvzI8wdZ/97npJ8tpwbwDAhhccojTB1Is1v4myrIWMfK985RWAN4+hI1826SZ0Tg37b0RURERERERNrN2NsJiIjctCqqqACwBLZYwMt9ZzWv7b+If2wCKUsSmDq4nPQ1b/PmsUqHo8pIS6ti6uIkHk8IwFSUy2trsxkQnUDKvCFYAIZGkrIkiUXRFqCIjP1l9J+eYNs22kzege2sO9Z4zt9tLYDoWFKWJLFkuh+FJ4uJmJ5EyuQAACz1++4Z1p6LDiV8MEAxecVAWRr/9fsscghj0ZIkHp9s5siat0k9EcY9S5JIHAq2RwEkkbIkjnCg+uQxMglj4ZIkUhZHEVZRwJo1aZS2durz23lt7TlKR0wgZUkSj88M5PKhE62PExEREREREekEdaCKiHRCdatHZLPrUBWExvLsg3H4A3HRHhT+bB8ZaTkkj55Yf5yZGUsXkjQMiPEgc/8OMosKuDTwbuLI4wPOUWa5jbiYhmegjib5JYdb6EOL+Dg7i1Pni2B0ke2cwWN5dmkiIQCMY0r9oQPKjrHqQAm+Q0cTF9PSM1BbV5CRyzf4Mjtloa0LNyaEstzVbDhQQPLScZRm7iKt6aMAEh9jRWJDhHGYsnNYmV3AKWh5oaiKSsoB/8G3ER09HF/TOKa46FIVERERERER6UoqoIqIdFRgIIOAy2XFlILrLtQLBRTWH2vfbwomLABySoq5ZD/QjL93O85d8Q3bVm9nc67tNvgGgxzPGRxSXzztSvmcOg8QSFggFJ61PV5g+29XsN3xMO8iSnH9jNRLR9az8r3TtkcPtEfE3fxkTjlvfrSBZ/fUP5Zg7t0siw+7yZ81KyIiIiIiIjeyXi2glldU8cFH6eSeyCMv/yIAYaFBREaEcd/MeHx9zL2ZnohIy0xRxEfuIyc3l10XEh0WkQK4RmmZH/4DQxhEFoXVVVSDrdBXXUReCRAZyACwFTtbPI9nswLhpfRdbMgtJ2xyAgtibyOs+jC//kOObefAYAYBhUUFFBDdvIhq6vh/+suP7ufjEvCZNI5ooGCoBbJrSHzyEe53bGY1mfF3eapjbFhzmjzvEBYsiSNqRBB5a//IW7ltObsf4TMe4dUZUF1RxKktm/jd+g9ZP+xJFg/u8CWJiIiIiIiItKjXCqifZuSwbuNefHzMTImN4r5Z8QDknsjj8NETfHowh0XzpzElNqq3UhQRaYU3cUtnkfGrHWz/7R8onDOR2EAzXM1j155cvgm9i5XLJpI0aR+Zhw7wXxtrmToMTh04SA5mYhOj2tY5GRhGmPdh8k4cZO3RQJKGBWJy+Aem8uLTbDtwgsvUd6AyjqRJ+8k8lMVrq80siPanuvgY289G8GLyREyhQQznNN8c2MunEQlEB4fi7+PqxFWcyv2Cg/m295czv2Bzdhk1fW/jqfkRAITERjJ8awZpa3cRMjcCC1Vczj5B+eRHWBgBYSMCILOEj7ceJHJmJIMGm/Gxd9peozDzCz5oU/EUOLaR5ZuqSJo+mv6ecLm4CvBo42ARERERERGRjvF46aWXXurpk36akcNba7dzz/Q4/umJ+YQNDqa4pAwDEB8bzZwZcVTX1PDupn30D/Rn6ODOPaNPRFwrvXIVg8HQrj/A7eeG946vLb1vaVtbmEw3wDp4pmDiYoPxvXyejM9yOZB5isMnr+AdPIqHH76ToT5GBoyJJLziNJ8c+IoDmWfJq7Dw/cU/4Edj+gJQmHmAjCIzt0+ZyMg+AEVkfHSSQr+BTLtzBH0JJDLiGnlZZ/jsYDY5fqO5Z+poBhWfYv/Brzn05RXC7gyjKvcyjBzH9HA/BoyJYNDV82Rlfs2BzFNk53kQHnsHY4cFYDIP4/bgAnIOn+WTA9kUDY1vfD5pPVtOtRTmnuJw1ikOZ53l6zIPwmKn8nzKNEY01G/Nw/h+rB8l2V+w69OTHMo6y2ljP8aNGU54Py+8w4YxqPgUf8/8mrQDRYTPupOEiGvkZZ0k7dApTtSM5PuD8zlRZCF2VjQhRTl8kFlGn5HjmB4OJz7N4qtr9fuMVRR9eZyPP8vls8xTfFVqJuqBefwoqm9PfuO3rGvllfTxa89zJkRERERE5FZRU13X2yl0K4PVarX25AkvFZfxwiurWDTvLpISJ5J3voj/XPkuFZVVAPh4m/npUw8RNjiYzTvS2ZV2mBeXP8aAQEtPpilySzhzOv+mLqD6+OoxziI95cLFKwwM6tfbaYiIiIiIyA2oorym9YNuYj3evrV5RzqBARaSEm0rT/+f1E2Mj45g1YrlrFqxnPHREbyeugmA+2fF4+NjZlfa5z2dpoiIiIiIiIiIiEjPF1BzT+Zxd+IEAPLOF1FcUsb99c8/BVvR9HJJGXnniwC4O3ECmdknejpNERERERERERERkZ5fRKq4pIywUNszTfsH+gOQl19kv0U/L7/IaV9YaDCXS8q6NIeKyuu8tmo9J0/n27cZDAaGDx3EDxfNInRg/w7HPp1XyB//tpULF0v48Q/vY+LYUV2RsoiIiIiIiIiIiPSCXn2AoK+PmfFRI1i3cS8VFbZnoG7ekc7kSVH4Oqww3V1m3jXJ/iiBmppa1n+Yxh/e2sxzTz2Ef1+/dscrr6hizXu7uC1sEP/8jw/Sp49vV6csIiIiIiIiIiIiPajHb+H38fbikkNHaf9Afy6XlJG6djupa7dzuaQMP9/G4umlkjJ8vL26JRdvsxcB/n0I8O9DUH9/7p05mYrKKs6eK+pQvIuXr3Dx8hVixkQQGGDBy6QFbkRERERERERERG5mPV7hGx89kgMZOUyJjWLtxr2kZ2SzaN5djI8eCUB6Rja70j7HaoXF86eRfjDbvq+7mTw9AKitrQXgy+NneOf9PVy4WEzwgAAeWTCDO0YN49SZAt746wd8b8Jo/n7oK0IH9Wf4sBC27Pw7AG/85QMC+/XlZ888QkVlFX9Zt4NvzhZi8vRgcmwUD96biLfZy22c7K++YUhoEJ99/hVeXiYeXzSTyyVlbNqeTk1NLffPimf29DgMBjh1poB3N+/jTN4FauvqmDBmJI89NBNfHzMffHSAL3JOMjJ8MGkHsqirs3LXlPEsvDcBTw8P6uqs7EvPZMvOv1P2bTn9LH1YMDeB70+8g4Kiy/a8+/r58OB9U/n+xDvo4GLpIiIiIiIiIiIiNyWPl1566aWePOGAQAsbtu63F/iWPHg3d8WPw9fHjK+PmciIMCyWPrxff0za37N4YvFs/C3tv6XenZqaWj47/BXBA/oROSLMtq22lr2fHOFcwSVmTYul+MpV/vDWJiaOG8WyJXPxt/jx3odpjL0jnOvVNXzy2VEuXLzCA/fcyaxpsUSOCCNi+GCyvjzFwwum84P7p2K1wn//8X2CBwTwT//wADFjItixN4NLl8sYc3s4V0q/bRYn73wRn39xnO9NuJ0lDyZx8fIVPth5ALPZiyd/eD99+/iyM+0Q0aOHY+nry+m8QgYE+vPIgul8b+Lt7PnkCNU1NUSOCOP4yXNkZB4jYvhg/uGRexgYFMBH+zIYFT6E/gEWPj2YzbpN+5g3O57HHprFsCEDKSn9lgH9/fn9qg32vEeNGMLaTXsZHjaQ/gGWLvsepPeVXrmKwWBo1x/g9nPDe8fXlt63tK0tTKYeb6IXuWVdK6+kj593b6chIiIiIiI3oJrqut5OoVv1eAdq2OBgZiRMYN2mffh4ezElNqrZMVNio1i3cQ/rNu1jRsIEwgYHd0sum3eks3lHuv2zr483yYtnETygH1t3f4a/pQ9zZnwPP19v4ibcTkZmrr1g6eHhwaMLZjAuaoR9fB8/HwwG8PP1xr+vH5nZJ6iorOKBOXcS1N+foP7+zL17Mlt2HqDs6jUAl3FCQwYQHxuFn683k8ZH8uXxM9wzPY6g/v6MuSOcjz4+xIWLxQwJGUDMmMbu3MAAC7eFDaTgwmX7tiGhwfZrGHNHOFt22bpNq6qqST/0Jd+beDvT75yAwQAB/n0AXOY9ZvRwvjx+hpHhQ7rluxAREREREREREbkR9cpDOhfPn0Z5RRUHDuXwu5XvkpQ4gSGhtiLpufwidqUdpqLyOpMnRbF4/rRuy8NxESlPDw97ARTgwsUS8s4X8ZNfvO40JmL4YAYE+mMyedK3lUWiLlwqwcNoxMvLZN/m4+1FReV1SusLqK7ieJk8MRobO+u8zV5Y6he18vP1dnq2au6JPDZs3U/BhWIqKm0LccWOj3Qbq0Hl9etcKf2W20cObXZb/oVLJZSWXePnr/7ZabtjXBERERERERERkVtBr61y9MTDs5kSG8XmHem8nrrJad+o8CE89+RDREaEdWsODYtIuTIwKIChg4P50aNz8PY2O41x7PBsycABAdTW1XH9erV9W0XldXy8vfDv68dlh8W0OuJaeSXrNu8jwL8PLzzzMN7eZv62flebxnp7edHPvw/FV65iteJURB04IIB+lj48lTyPfg7zY/bSolgiIiIiIiIiInJr6dGKWO6JPHx9zPZb8iMjwvhpxCLKK6r4PDMXgInjI/H1MTuNu1RcxuXi0m4vqDoac3s4+9K/ICMzlzvjoqmts3Ik+2ti2rGg1fBhIfh4m3l/6ycsvDeR0rJv2bLzAFGRw7F0QQHVaDTiZfLEy+SJ2cvEN2cKOPHNee4YNazVsWaziQljRrJ5RzrDhw5izO3hnD13gcslZUwcNwpfHzMfH/iCuUnfx8No4MvjZwgdNIDwYSGdyllERERERERERORm0mMF1PKKKl5P3cTQwcE899RDTvt8fcx8uPszDEDC5LHNxqa+s428/Iu8+vOUZsXV7hIWGsTji2bxzvt7+HDnAUyenkwYO4q4mNFtjuHf148nH7+fv6zbwb/9+k+YPD2YHBvFg/cmdslq9j7eXiyeP40//m0rP3tlFeOjIhg2ZGCbx981ZRzXr1ezYct+Vv/PTgYE+vPAnDux9PHjH394nz1vD6ORUSOGsGh+aOeTFhERERERERERuYkYrFartTvVUIq6AAAgAElEQVRPUF5Rxbn8ixzJ/ppPD2ZTUXmd5MWzGRDoz6gRQ8g9kcfxU+fYvCMdH28v7p46icgRYQwJDSLvfBGXS8pIXbvdtuBUXDQx0SMZEhrUY4VUke+yM6fzMRgM7foD3H5ueO/42tL7lra1hY+vHish0lMuXLzCwKB+vZ2GiIiIiIjcgCrKa3o7hW7V7dWHn/3qTftzP++fFU95RRWpa7c3O+6+mZPx9TGzbtO+ZvtmJEwgbHAw6zbuYVfaYQIDLPzm5yndnbqIiIiIiIiIiIjc4povz97FFs2fDkDMmJEkJU7k/lnxDAkNwsfbi8cXz8bH24v42CjunxVPUuJEJk+KctoXFhrE4vnTmBIbxfj654/ePyu+u9MWERERERERERER6f4O1CmxUVwuLuXTjBzyzhcBcC7/Ik8lzyMmOgJfHzMrUzdx30xbUfTAoRwWzbuLKbFR9n0N43JP5nHfzMlMiY3q7rRFREREREREREREemYRqfKKKopLyvjl/17ttA2wF0dfeGUVAD7eZvu+hlfHcZeKO7dyvYiIiIiIiIiIiEhb9UgB9XJxKaPCh3D/rHgulZSxeUc6FRWVAPj6mAkMsLB4/jR8vc2s3bTXXiStqKgkMMDC/bPiGRBgcRonIiIiIiIiIiIi0t0MVqvV2ttJiEjvOHM6H4PB0K4/wO3nhveOry29b2lbW/j49si/AYkIcOHiFQYG9evtNERERERE5AZUUV7T2yl0q25fREpERERERERERETkZqUCqoiIiIiIiIiIiIgbKqCKiIiIiIiIiIiIuKECqoiIiIiIiIiIiIgbKqCKiIiIiIiIiIiIuKECqoiIiIiIiIiIiIgbKqCKiIiIiIiIiIiIuKECqoiIiIiIiIiIiIgbKqCKiIiIiIiIiIiIuOHZ2wmIiNy8snl9+Q4yXe2KnsWq5OieTugmUEpu2nbW7Skg72otAD7BQcTOnM3imGBMvZydiIiIiIiISFMqoIqIdFbfISyaNxqL47bAsN7K5gZ2jSOpq1mZXUX/6LE8Pj4YE6XkpmWRtmYXkdGPENfpCmoR236zmg1FQ3hqxSJiOhvuwk5+8dssClUQFxERERERuWWpgCoi0lk+gUTFjCOkt/O4wVUf2cTK7CoGTX+Yl+eG2rfHxSRyf1kp/mo/FRERERERkRuQCqgiIt2moRsyiMSEGtL3l1CDB4Mmz+bZ2NO8+WYO31SCZ3AkTz9zL9E+ANc4tXsTb35UwOUa8Ay+jeSUhcQFYu+GZHoSSefTWZtbTvTjy3k6OI3/WnWYnJJaPL2DmDo/kJy1uTBnKS/PCG5TzMLosSypPsHa3HJqPH2JmjePn8Q3FDlLyd29hdSG8d4BRM+Kxj9tPx9XjODZV+bT0JtZmvZnnttUxYxnnmTxMMe5KCU9rQAIICkhlKb8Lf7172o4m76eVZvOUVgDePoSNXM2y2YMxxc4krqCldkWEueFcHxLLoU1DvNXVn8tAJxj5fIVEDyWXz4fT3XGXtbsOME3JbWAB/0jJ/DsssT6oncNl45sYuV7p8mrtJ1zeGw88wMO8v9tLbOllb2DlOU7GDRnKS/HF7P2zb18fLacGsAn9DaWJM8jLlD/kyoiIiIiIvJdpEWkREQ6qyiLF5evIMXh7/WjjgdcJCM/lCVLEkgMraXwwBZeSC0ifH4Sj0+2UFOUy7r0IgBK09fx660FEB1LypIEpvYtYNWKjeQ6RCvcs4u1Jf7EJMSSFJjDm7/PIKfETOy8JJLnB5O3Mbe+iEibY5Kdy8HgiSQviWV833Jy1m9h2wXbrtx3VvM7+/gklkz3o/CkB7MTA6DyJLuOVNYHyWNbWgmERnGPU/EUoIrySgA/LJam+xxz/Ssvrz9H+egJpCxJYlE05GzdwO92FzkcVUZaWhVTFyfxeEIApqJcXlubDYFRLFoSy/i+AAEkLkkiZV4UA6jieEYe1Md8PMFCeW4Gq9KK7ed8Yc1pLg2O4vElSaTMDYPzRXhHJ5Ayb4jt0QxDI+vzMXNw9RZ2n/UkfnESKUtiifUsIuNMjfuLEhERERERkZua2mVERDorIIrnnpnMIIdNJh/HA0JYlDKbKSYIL/6CtPwyouY+xOJYbxhfQ8aBfeSctRUI0/eXQMBYnl1q646MCy0l57dZfHwMIgPqw4XG8uryRPwBjqzjd5UQNm8RyxIDgXHE9a3kmVUn6w8ualvMyMn8ZP5ETEBYcS6ZW8s4VQQMzGbXoSoIbhwP45gCUA1Rm/aRk5FDdcxETGdyyCiBqLlxNPSTNqqhvLq1iazP1XsEycnTbF2tMYFcOvkuu/cf5tSM2fXHmZmxdCFJw4AYDzL37yCzqIACUzTRMZ7kfZRB5lU/omPG2Z+BmvTUkyQ1nKZhzMl8SLR1BsMQkp+aXX/8OOISbYeGk8cHnKPMchtxMdFAKR9XAN4WwkdEEBPoR1xMYmsXJiIiIiIiIjexG6KAeqm4jAOHcgAYHzWCsMHBvZyRiEg7mDywWPxdFA0beODb5PmeJm/v+jdmh5Xni2xFS7J4cXmW0/E+xaXQUOwMDLSfq6DYdot5/4DAxoMD/BxyaWNMpzwcXCiwdbMGhzR/xqtpIkmT9pNz6AvSyybSP/0YZd4jSIrxdhEokEHBQMk1ysoAl12o9bkG+9Hfvi2E8FDYnVtKqX2bGX9Xp3CrmIPvbGRNZgkVzRpFG84Z6FQAd8+fqUuTOJW6lzWvvMFbeNB/6GiWJM8muoXOWhEREREREbl59XoBNe98Ef+58l0qKqsA2LwjneeefIjICK1gLSK3mmDCgyGzOpLnnklo0tHqD8XNR4QEWoAyLpcUA/VF1JJrlEJ9EbX9MZ0MDGYQUFhUQAHRzYqo0Ymj6X8oh48z0uh/qJb+CRNxvVa9N3GxIbyVW8Cu/flMnev8HNTyslJ8LfW5VtRSYd9TwKl8oK+tQF1Kazyb/y/bsb2sOlSCT+QEUqZHEhl8jtT/2I/tn+0CGRQAFBVTCC6KxJ7NC8uB40hePo5kKik/n8WbK/fz2togVi6b6LoILSIiIiIiIje1Xi2gOhZPF827C4B1m/bxeuomfvrUQ+pEFZGbQ0UxOUe+IM9xW+BtxDV7DmhrgolPCGDD+lxSN1lYEO0PNUVkHoGpy+4m0tWQ6HHEep8jY9M63iSe8T4FfLzxJBU0FlDbHdPJOJIm7SfzUBavrTazINqf6uJjbD8bwYvJEzENjmJ8QA67t2aQhy8zYt3/45cpZh5PZaaycs87/KxoLPeND8ZEKblpOaSf9Sf51Ufqc83hzdW+LIj2pyw7nd1XIWzOBMKBI63mG0h4qAfkF7BtYzb9E8MI8TFjf6LC1YtkHPi8vngKEErS9AC2rz9H6srtlE8OwXQ1j11HzCx59m6GBoYR5n2YvBMHWXs0kKRhBjJT13Nw8FiSRvhDTT5llS4TERERERERke+IXiugOhZPH188mymxUQD4+Hjz1trt/OfKd1VEFZGbw9VzrFtzznlb9Cziktv/3y//+Mf4tc8mVr6XwapMwNODsNETMFW4GWAazbJnrlH91n4yNu3iiHcQU+dHUrY2t+Mxm4h8+BFSTB+yLsM23tM7gOhZgVQDJsK4JzGA3ZvqF48a3FIkP2KSl/Jc2nbW7cnhrWzbIwV8goOIX5JEjAlM8Y/xC9azalNDrr5EzVnAshltn8vI+fNYcHU7m/fv4OXcsfzy+Wn8ZE4Zr390mFW5ZkYtjGR8ZhaZ9vlZxAs1H5K6JYe3TuaApy/DY+PxBSCCRcvGUpqaxe633iFnzoMkxwSRvucwqw7U2vIPjeTZpeo+FRERERER+a4yWK1Wa0+f1F3xtMGnGTm8tXY7Pt5mFVFFutGZ0/kYDIZ2/QFuPze8d3xt6X1L29rCx7fXn0JyYzqzneW/z8F/TjIvzghs/fhOqj7yNk+tKSBqydP8xOXzT+W74MLFKwwM6tfbaYiIiIiIyA2oorzZghPfKT1efWiteArYt6kTVUSkNXms/dV6cgZHMXt8MKaaIjJ25FCGhaTo7i+eQjEf7ykAt4tHiYiIiIiIiNzcerSA2pbiaYPuLKJWVF7ntVXrOXk6377Ny+RJxPDB/OC+qQwJDepU/JLSb3n192/z0Ly7mDh2VLP9p84U8MZfP+DHj91H+LBmS5b0iA8+OkBO7mmeTVmIj7dXr+QgIl3BQkxiGKfSGm+J9wwIYcEz87hnYA+c/sxBduXTwuJRIiIiIiIiIje3Hiugtqd42qC7O1Fn3jWJpMSJAHz7bTnb92bw29fX8aNH5zD2jvAuO4+ISPfxJzJxIf+a2EunHzabV1fM7qWTi4iIiIiIiHQ/Y0+cpCPF0wZTYqN4fPFsKiqr+M+V75J3vqjL8vI2exHg34cA/z6EDQ4m+eHZjLl9OJt3pFNeUdVl5xEREREREREREZGbU7d3oDoWT0eFD2lX8bTBlNgo0g9mc/zUuW59JqqnhwcJ3x/LG3/ZzNnzRYyOCOPUmQLe3byPM3kXqK2rY8KYkTz20Ex8fcwUl5Tx1//ZyZfHz+BhNDJx3CgevK+xDSy/8DLb9/yNM+cKCR4QwI8encNtYYPs+788fpo/v7ONokslDB8awo8enUNQ/371+87wzvt7uHCxGF8fb2ZOncTMaZPw9PDgwsUS/ueDj/nq+Bmqa2oYPjSEf1x6L4EBFvvjAb43YTR/P/QVoYP68/QT8/ky9zSr/2cnV6+VM2pEGAMHBHT5/ImIiIiIiIiIiHzXdHsH6n+uXEdFZdd1czZ0onaXPn4+GAwGrpVXAFBa9i3fm3A7r7zwBP/2k0c5e76I3fsPA/D+tk+4fr2al59P5sXlS+nbx4er31bYY6VnZLNo3l28/PwT+Pl6s3X3QWpr6wCoqrpOTu4ZfvzD+3lx+Q8B+NPb26iovE5e/kX+9PZWxt4Rzqv/lsJjP5jJzrTP2ffpFwBcK6/ktrCBvPTTx3n5+SfwMBpZv2U/VqvtvJWVVXx2+BgPzLmTJx65hwsXS1j93k6+P+kOXv23FKZPieHzrOPdNociIiIiIiIiIiLfFd3egRofG01kRBgrUzd1SSH1qeR55J7I64LMXLt+vZra2lr755gxI+3vAwMs3BY2kIILl+3bfHzM+Fv88DZ7sWjeNMC2iBTA3LsnEzF8MADRo4eTk3ua69U1ABiNRmZPi2VIyAAAHpiTwKrVH5JfeInck3n4W/owZ8b38PP1JjDAwonT5zl89GsSvjeG8GEhTotP3T5qGDm5p6msug6Ah4cHjy6YwbioEQB8ejDbZbxTZwq6fP5ERERERERERES+S7q9gLp4/jT7+7z8i077LhWX8cIrq1yOe/Gfl7q8TT8mOoKY6IiuTdLB9eoaTJ6e9LP0ASD3RB4btu6n4EKxvQAcOz4SgIX3JvK39bv5f36xEl9fM9OmxDBz6iR7rJZWtzeZPOnbx9f+2cvkSXVNDVfKvuXCxRK8TJ4YjY0Nwj7eZq6Ufkvl9etcvlLGuo17OXu+iG+v2TpeR9wW6ja2u3giIiIiIiIiIiLSsm4voLbkcnEpYOvsHBBgAeBSSRnFJWW9sohTTW0t+/+eRUC/voQM7M+18krWbd5HgH8fXnjmYby9zfxt/S778f0sfXg6eR5WK5zOK+SNv35AYL++3D5qWKvnqq6u4eq35fbPjoXbgUEB5OVfpK6uzr6/orKKfv59MHl4sv7DNK5eq+AnyxZi6evHrrTPOXk63+25BgYFcOpMAdU1NfjgZY8nIiIiIiIiIiIiLev2Z6C2xZTYKH769CJ++vQit4tMRUaEcd/MyV163sqq65SUfktJ6becOXeB//OnjXx5/AwPPzAdXx8zRqMRL5MnXiZPzF4mvjlTwIlvzgNQW1vH/3zwMYe+OM6Vsm8xGMBoaHthsq6uju17MzhXcIlzBZd4f+t+Qgb2J3TQAMbcHk5p2bds3f0ZxSVlHM76mgOHvmTCmJH4+JjxNnth8vTA2+zF5eJSDrfyPNMxt4dTXlHJjr0Z9njpGTmdnj8REREREREREZHvul7tQG2P+2fFd3nMj/Yd4qN9hwDbLfQRwwez/Mc/YEhoEGC7BX/x/Gn88W9b+dkrqxgfFcGwIQMBMBgMhA4awLqNe7lS9i2eHh5MiYtmSlw0FZXXWz232ezF7SOH8tqb6ym9+i3Dh4bwxMOz8fH2Iiw0iH94ZA7vvL+HnR8fwtfHm5lTJ3HXlHEYDLBwbgL/d/WH/OI3f2bYkEFERgylsKjY7bnCQoNY+uDd/G39bnZ+fIjhQ0MYHx3R4hgREREREREREREBg9XasHZ790pZvgKAVSuW27flnsjjd394l/tmTrYXSDfvSOeDjw7w3JMPERkR1hOpidyyzpzOx2AwtOsPcPu54b3ja0vvW9rWFj6+N82/AYnc9C5cvMLAoH69nYaIiIiIiNyAKsprejuFbnVD3MLfFpt3pLNu097eTkNERERERERERERuIT1WQG1pRfq2+OCjA3x6MLuLshERERERERERERFpXY/d/zo+eiQHDuWQunY7U2KjAcjLv+j2+Lz8i/bbej/NyLbHEBEREREREREREekpPVZAvX9WPLkn80jPyGnTCvBNb9cPDLCweP607kpPREREREREREREpJkeK6AOCLTw78sfIz0jm/KKKqd9MdERLt838PUxEx8bja+PudvzFBEREREREREREWlgsFqt1t5OQkR6x5nT+RgMhnb9AW4/N7x3fG3pfUvb2sLHt8f+DUjklnfh4hUGBvXr7TREREREROQGVFFe09spdKseW0RKRERERERERERE5GajAqqIiIiIiIiIiIiIGyqgioiIiIiIiIiIiLihAqqIiIiIiIiIiIiIGyqgioiIiIiIiIiIiLihAqqIiIiIiIiIiIiIGyqgioiIiIiIiIiIiLihAqqIiIiIiIiIiIiIGyqgioiIiIiIiIiIiLihAqqIiIiIiIiIiIiIG569nYCIyM0rm9eX7yCzyVaf4CBiZ85mcUwwpl7Jqw0u7OQXv82COUt5eUZwb2cjIiIiIiIicsNSAVVEpLP6DmHRvNFYAGqKyNiTRdqa1WRmz+LlpdH49nZ+PeBI6gpWZltY8C8p3DOwt7MRERERERER6ToqoIqIdJZPIFEx4wip/xgXG8+R1FRWZu5iXWw0yaN7NTsRERERERER6QQVUEVEupwfMXMi6Z+dRXrGMZJHjwaucWr3Jt78qIDLNeAZfBvJKQuJC8R+O31h9FiWVJ9gbW45NZ6+RM2czbIZw+s7WFsYf3QdKW+dY9DkWEadPExaUS14WkhMfoSlo/0AqD6fxuurMsi5Cp59Q7h/rqVJzh3Ib948fhJf7PAYgzI2/HYFGxjCUysWEXPhc15/az+ZRbWAB/0jo0hefDeRTU8tIiIiIiIicgPTIlIiIt1hYAhhAEUFXAJK09fx660FEB1LypIEpvYtYNWKjeQ6jsnOYptPFMlLEpgxrJacrRt4M+MatHF84YEcKiZPI2VxFMM9y0hb9eH/3969h0dZHvj//0wmh5kkTMiQBMiBY0qwCQJisARJVSKiqFC1hbZoxRZstWvdpX7b3Vrr2vZyrbK/2l1pv7IrKH5rYrUFrQoKciqhEg5Rk0qQYGCSQBJyGkhmkpnM/P4IGXKaJEAyCfB+XddcM8/z3Pf93BOvyzx8ch90UJJcBXpxdZ4KHRZlLMzSsgVWFbxTpJPt6vatf0XaGzdDy5ama9qwRhW++Y7eq0jSrUuzlDlGksI0bWGWli+dqQmyKXvNduXb43TX0iwtX5KqpNoSHTzd/z9qAAAAAAAGUkBHoNrKKpWzcbuKim3nXddsCtPiRTdqdnpq/3cMAAZUpXJ31UrRV+tH92ZqtKSZ8fUq/M0n2nFISok+Wyw+Xf96b6aiJM1MM+rkT7erMHe/6tMn91z/bHXLnNu1IjNJ0lSFFBRqdYFdJysklRcq3ylNWvItLUuPkDRV01Wjh7JPnF//Umbp0UUzFCIpqaZI+e/adbQySrdOn6r6/C3aqTBNSJmqmSMl6YgcDkkWq1Imp2iCeapmpgfgRw0AAAAAQD8LWIB6qsauZ1e/LoezSYnxsQo3hZ1XfVt5pdZlb1LKxCTFWJn/CWCIqzghmyTFjVaMKnW0UpI+0RMrP+lQzFxTL7UFlFarotouhCQpJU4qdDapsbf6w1o/hw/r/v+rJ2rsrddNEb5zIWNiNUrnAtQ+9S8kTCF9+OqtkrV4xdWqX1+opx8vlIKNSpqcofuXztSYvjcCAAAAAMCgC1iAumXnfjmcTVq88AZlZc447/pvbc7V2+/vUXVNPQEqgCGuQQffLVK1wpQxa7KkSk2Ik/JdKfrxI3M0ql3JEHOUVHP2oKZG9VJriOqyqahS0pgwhSuu5/qHeu7NaKtFkl3VtTWSrJIk1/EqnZTOttVL+zWdW+wqpJvfJuFjb9ajj98suRp06tg2Pf/7XVr9zmj9x6Kk3hsEAAAAAGCICFiAaiurlCRlpKcF6pYAEBiOGhUe/Lh1xKm7UnkffqL8Ssky7RYtTpakOGXMidaf3yzS2o0W3ZUWJbkrlX9Q+uqKm31T8FWep6fXS3elmXR0z14VShqfnqYoWftW35+0qUo3lSpvY45eVIammU9oxzsn2hXoY/96kDQxWsqv1Y539yplXopGJZxQzpO71DhnqtKtYVKNXfXS2Q2xAAAAAAC4dAQkQN2dVyhbeZUkaW32Ji1bMl/h5q5TTW1llUpKiAtElwCg/5wuVc6rpb5Dc1ysMpfO15Lpcb4p71EZ9+lp80atfiNPa/J1dkr7NQpxtGsn7Wrd6ijU2lfP7nJ/211akWHte31/QiZrxSOValxzQHkbt+jgsNG6c0GK7Nnntoi6qPYlRWUs0vJjb2rtvl16uuALPbTqZqWmhentD3dpjVOSjBqRkq4fMfoUAAAAAHCJMXi9Xu9A3+SFlzYov7DYd/zEv9zbISjdnVeonA3b5HA2+d0sqm0K/49/8A2lJPMPcKA/HCspl8FgOK+XJL/HbZ/bv/f0uadzfWEOD+g+eAOn4gP9/Def6GTaLVqzjFH6GJoqquo0Mnb4YHcDAAAAwBDkaHQPdhcGVEDSh4cfWKRnX8jR4aOlWrNqZYdrp2rsWpe9SWZTqCZNSNTho6Val71J09OSux2l2h8czmY9v+ZNFZeU+86FhgQreXyCvn7HV5UYH9uhnCT9aPndMptCB6Q/AAAAAAAAAIamQR++lV/wuSQpK3OG7rwlQ9kbtmnrrgOylVUO+EjTeTdc69vQ6syZRm3alqffvJCj7337Nl395QkyhYXq4WWLJEmmsP4NT19c/1fV1J0mmAUAAAAAAACGsKBA3OStzbm+NVCfW/26TtXYfdeS4lun8ucXHNHh4lIdLrZJ0oCNPm3PFBaq6KhIRUdFKikhTsu+OV9TrhqvtzbnqtHRJINBGhZp1rBIsy5whjEA9G7kzfrlqpVM3wcAAAAAYAgKyAjURkeTHM4mSdLxsooO10ZYo2Q2hclWXqVnV+dIksymMJnNpkB0rYNgo1FzvnK1/vDyWzpeVqnJyUl6cf1fJUkr7r1db7+/Rx8XFispIU57D3ymuxbM0eyZaXrjrzu1J69QHo9Xs2em6Z47MmUKC5XH49X23Hy988HfZT/TqOGWSN1yY7o+2LFPNXWnJUmP/Oy/dOctGbpj3iz94/AxvfaXD1VRVaNws0nzvnqt5t14rYKNxi73Xjh/tj797KjMZpMevPd2GY2tWfib7+zU50fLGNkKAAAAAAAA9IOABKhLFt0oW1mlDh8t1e9+/U++842OJj216hU5nE1KjI/V9LRkHSw4otLyKj23OkdPrLwvICNR24uMMMtgMKihsfutp4+VVigi3KQfrbhbiaPj9MbbO1VY9IX++cF7NCwyXC/nbNY7W/6uuxdkKjevQG+8vVN33z5H11w9ScdLK1RRVad/e/TbWv+nD1Rvb9B3v3WroiyRspVX6X//+K6+MuPLmnv93SqxVWj9Gx8oNDREWZnXdLl3UnycIiPM2rBpt6pr7YqLGa5GR5M+O3xcM6dPJjwFAAAAAAAA+sGgroH61uZcOZxNmjvnGi1ZdKMk6c5bMvTSa5u0Z1+htuzcrztvyQhon5qbXWppafF7fWRstB745q2KskSo3t6gwqIvtODmWUoenyBJunXudXpv60eqqz+j3H3/0HUzrtJN118jg0GKjor0tRMaEiyjMUhRlkiZTaH69LOjirJE6ra51yki3CRrtEVHSsp04NPPNee6KV3uLUmpKeP07taPdPhoqeJihqu4pFwNjQ5NS0sewJ8QAAAAAAAAcOUISICavWGbDh8tlSQ98rP/1hMr71OM1SJbWaUk6XCxTc+tft1XvtHhlCQVHbFJtwSih+c0u9wKCQ7WcEtkt9cjI8wKDQ2RJNWfbpDD2ayXczbr5ZzNvjLW4cNkP9OouvozuupLY/q0fmpFVa1CQ4IVFHRuWVqzKUx19WfkbG7ucm9JirJEKGVikj7a/w+lT03RgU8/1+QvjVXsiOEX8tUBAAAAAAAAdBKQADXcHCazKVQOZ7OS4mO7XG/bYKq7eoHkbmnRrr9/oujhwzR65Ihey0cNi5DZFKqF82d3GPUZFGRQaHCIhkdFqqbutLxe9RqijoyNlq28Sh6Px3fO4WzS8KhImUL9T8f/yoyr9D//710dOnJcRUds+ubXbmLDKwAAAAAAAKCfBCRAvfOWDBUdsenw0VI99vBi3/n2n3vTFqb2Z6jqbGpWbf0ZSZL9dIP+8u7fdKy0Qj98YFGf7mMZFqHUlPHakfuxxiaOVPTwYaqorFFVdb2uv26KrpnyJb21OVfjx4zSlKsm6Hhphapr7brp+umaOC5eX+zcr+pauxJHx2jKVRO0ddcBvbv1I829frpKbBXas+8fWpD1FYWFhfjtw9jEUYqLGa7X39quiHCTJo6L77efD3Iu5fwAACAASURBVAAAAAAAAHClG9Q1UCXpVI1db7+fq+oae4fzKclJumPeLN9xVuYMZaSn9WuA+v72fXp/+z5JrWuSJo9P0Mrvf12J3YyS7Y7BIN1zR6be+OtOrfr963K53YodMVwL58+WJN0we6qam1368zu7tP5PHyjGGqWv3Xa9vF5p1rWp+vxomZ5a9YqunTpJK+69Xd/91m167S8f6oMd+xRuNmneV6/VDbOn9tiH0NBgTUtLVvaGbfr6HV8N+KhdAAAAAAAA4HJm8Hq93oG+yQsvbVB+YbHv+Il/uVdJCXGSWtc5fe73r3epYzaF6ne//qeB7tpl4ePCYmVv+FD//ODXFRfD+qfou2Ml5TIYDOf1kuT3uO1z+/eePvd0ri/M4YP+NyDgilFRVaeRsfyOAQAAANCVo9E92F0YUAFJH6ZN+ZKKim1yOJs1LXWiRlijfNdSkpP04x98o0ud9mUkqdHRpNLyKk2amDjg/b2UtLR4tDuvUEkJIzUi2jLY3QEAAAAAAAAuK0G9F7l4s9NTlRTfOuJ08aKbukwzT0lO6vKKsXYMA3PzCvTs6hwVHbEFosuXjPKTp1RcUqbZ6akyGgPynxMAAAAAAAC4YgQscWubsp9f8PkF1W90NPVndy4bSQlxWvXkDzQ1deJgdwUAAAAAAAC47ARsAcGszBnKzStQzsbtys0rVLjZdF71j5dVSuo6tR8AAAAAAAAABkrAAtQYq0WPPbRY2Ru26fDR0vOubzaF6v4l87tM7QcAAAAAAACAgWLwer3ewe4EgMFxrKRcBoPhvF6S/B63fW7/3tPnns71hTk8YH8DAq54FVV1Ghk7fLC7AQAAAGAIcjS6B7sLA4pdhwAAAAAAAADADwJUAAAAAAAAAPCDABUAAAAAAAAA/CBABQAAAAAAAAA/CFABAAAAAAAAwA8CVAAAAAAAAADwgwAVAAAAAAAAAPwgQAUAAAAAAAAAPwhQAQAAAAAAAMAPAlQAAAAAAAAA8IMAFQAAAAAAAAD8IEAFgAtWoBdWrtLyZz7QiQDd8eDaVVq+co3eqwjQDQf5vgAAAAAADLbgwe4AAKDv0pZ8T8+5ghVuGcCbfJqj5etKNeq2e/XLuXGBuy8AAAAAAEMQASoAXEJCzFGKMl859wUAAAAAYLARoAJAf6n4QD//zSc6OTFFc11HtPV4ixRsUeayhZp9aJN+u6dKDrdRo2bN17/eM1nhqtR7z6zXnytjlTnHrdxdtXKr9fqP0kv04ouF+sIpBcel6OFHbleauXUq/eoCi+76P8t160hJFTv12zUHVFjbomBTrL66yKrC7CLp7OjR1vKJun95hDatLdJJ69V66iczVL31A/35w1LZnJKCjUpKn68f3zNZRWtXaXVB69c5+e56LX9Xmnb/SmXs63Rf+yFlr92mHccb5ZZkjh+npcvu1kxru59D2tVa6jqi7KJGuYPDlbpwoR7NiB+0/zwAAAAAAFyIQV8D1VZWqadWvaLlK1dp+cpVemrVK7KVVQ52twDgwhWXyDY2Q8uXTFSS266da9brhfI4LV4yR5nxLTq5Z5d2dFhLtEp55fFaurTt+jv617WVmrAoS/fPsshdWaSc3G7+v+g6pBd/l6fC2jClL8zSskVxsm0o0skuBUu1bm2JzJNTdNdNrcFt3i67Rtw0R8uXZmnx5DDZ9mxSziFpwk1ZWj4rWpJkSUvX8qVZunVs5/aOaO0z72hreZgylmRp+ZJUJdWUaM2qN1XgalesoEh742Zo2dJ0TRvWqMI332ENVQAAAADAJWfQR6C+lL1JpeVVSoyPlSTZyqu0NnuTnlh53yD3DAAuUMosPbpohkJUqeoPi2WrHK27ls/X7BBppvuIdmaf0NFKSSPbKozW4rPXJ9R8rJ3ldqUu+IaWpJukaW7l7dmuwuOVkuI63qfgY+U5paSFi7Ui0yppqmYOc+qRNcWdOmRUxrIfatnkc2eWPdnuIL5SOwo+0dGySkXNnaqZ9kNas6dW4WMma+b01nsebN/cp/uV65SSFi7Svemt952uGj2UXaIt+U6ljen8c5CSaoqU/6690/cGAAAAAGDoC2iAaiur1Fvv75HD0aQRVosWL7zRF57+4mxg+u+rXpGtvEqNjiblbNym6hq7zOYw3TlvlpIS4nq5AwAMASFhCulwwqjwsydCTMZuKpy77mvCZPLT1jknauySpBHR1nMnoyMU1aVkhEZFtzt0fKH31m/SW0Wt0+/bjPJzny73rex635B4q0bohKrt9nZfwn/fAQAAAAC4VAQsQLWVVerZ1a/L4WxqPVEsFR2xSZJios9t6xwTbVFpeZWeWvWKqmvP/UO86IhNjz30DUJUADhrtNUiya7q2hpJZ8PM2gbVS92EqOecyt2iPxc1KmnWHN2VPk5JrgN6+veF5wqE9PyrYXRc631dTqek1qDXVV6jakmpFktPVQEAAAAAuOQEbA3UtzbnyuFs0v1L5uv5X/1Q01InqrrWLmu0RXfekuErd+ctGbJGW1Rda9e01Il6/lc/1P1L5svhbNJbm3MD1V0AGPrSpirdJNk25ujFnR9rb94mPbu+WI5eqoWYw3yfG2tK9N77R1TdvkB8rMZLOrlnm3YfK1d95wanzFCGSSrc8Lqy81rv+9sNJyTTOGVNM/XPdwMAAAAAYIgI2AjURkfryNPpackKN4fp4QcWdbhuK6uU2WxSUkKcnnl8eYdr09OSta5dGwAASSGTteKRBrnW7VLexi06aIrVVxelyJ5d1GO1qIzbtfzYm1q7Z5fW5FmUuWCcRhW3q2PJ1IqlVXo+u0Trfveapt2/UhkdWkjWsp8skHntNu3I3qKtkszx47R82d1KY84+AAAAAOAyY/B6vd5A3Oil1zZpz75CTUtL1sPLFvrOd57abzaFafqUZC1eeKPCz46SeuGlDcovLNasa1P1wDfnX3RfHM5mPb/mTaWmjNMd82Z1uX6yskbP/f51ffNrN2nG1ZN6bGv/J4f1h5ff1ve/c0evZYGh5lhJuQwGw3m9JPk9bvvc/r2nzz2d6wtz+KDvgzf0HNuklb8rVNRty/TEXGvv5YE+qqiq08jY4YPdDQAAAABDkKPR3XuhS1jA0ocli25UUbFN+QVHOpw3m02SWjNcsylUkle5eYWylVXqxw8tVrg5TPmFxbJGW7Rk0Y392qc9+wo169pUxVjPrdnn9Uq7PvpU9faGPrUx5aoJ+s0TDyoivPdpq23BrXX4MK249/YL7jcAtLIp+1dvqjAhVfOnxSnEXam8zYWyy6KsNMJTAAAAAAD6w4CvgWorq9RTq17Rjx7/b9WcXfO07fypGrtirBY99tBimU2hcjibdectGZp1baps5VVavXajJMkabVFNrV0/evy/9dSqV2Qrq+yXvlVV12vPvsIO5yqqavTRgc/63EZoSLCioyIV2sumKwDQ/yyanpkkc1mh1r26RWuyP1GBRuuuR76lW0cOdt8AAAAAALg8DHjql71hm2zlVUqMj1VMuw2jnl2dI4ezWfcvma/Z6al67KHFeuo/12t3XqF+sfI+FRXbVFRskyT9cNlCvbU5V6dq7bKVV2lt9iY9sfK+i+7b9Clf0t6DhzqMQt2dV6Dhlkh5PedWNqioqtWf3t6hzw4fk8vt1vgxo/XgvbfLGm3R0WMn9IdX3tb377tD0cOH6T9+90dlpKfp4Kefq7zilOJiovW9b98mj8er3774hhzOZhVLyssv8k37/8fhY3rtLx+qoqpGcTHR+tZdc/XlSWN9bV8/M0278wpVW2fvcG9nU7M2fZinXR99IvvpRlkiw3Xv12/WtLRk1daf8duXcUmjJEkltpNa/6cPZCuvVEhwsGalp+qe2zMlSW/8daf25BXK4/Fq9sw03XNHpkxhoRf9MwfQn6KUknm3/i1zsPsBAAAAAMDla8AD1MNHS5UYH6tftAs8Gx1NcjibJUnrsjd1KB9zdoRqzNlRp6dq7EpKiPNtOvXvq16RrbyqX/o2PS1ZDodTe/YV6o55s1R5qk4HPz2i2+Zep42bdvvKNTQ6NS5ppBYvvFEej0cv52zWm+/s0ve+vaDbdv++v1Df/dZtGhYZrpdee0/vbt2r737rVv3s0aX6n//3rqIsEfr23VmKCDfJVl6l//3ju/rKjC9r7vV36x+Hj2n9nz7QPz94jyTJ6WxSYVGJ/um7X5Pb7db/feVtbcvN190LMuXxeOVuadEj37tLlmER2pH7sXI2btOYxJG+NSW768uD996uquo6/fdLG5Q8LkHf/86damp26aMD/5Db7dGG9/6mwqIv9M8P3qNhkeF6OWez3tnyd929gJQGAAAAAAAAV5aAzDvvvD1M2+ZQbdP224eoKclJanQ0yVZeJbMptMP6pP0tNDRY825I1+tvbdesa1O166NPFD8qRpMmJnUoN2HsaE0YO9p3fNWksSosKpGzqbnbdhfcPEvJ4xMkSWmTx6uwqEQej1eWYREyGoN80/4l6dPPjirKEqnb5l6niHCTZl5zlfLyi1RiO6kYa5RCQoL1tdvmKHF0jCRp/JjRqq6xS2r9ObaNGJWkq788Qbn7ClVXf0bRw4f57Uuzy60Dn34uU1iovvm1mxRliZAkJS7IVL29QYVFX3Sod+vc6/Te1o/kcDbJbAq7uB86AAAAAAAAcAkZ8AA1MT5WtvIqPbXqFY2wRunOebOUlBB3dsMogxYvvEEHPz2iEdYojUmIVUZ6mqpr6n1hna2sUkkJcZKkZ1/IUenZ5QD6S8rEJI2Itmjjpt364vgJfecb82Q0dlwatryiWjkbtul4WaXONDgkSRPHxftts/W79U1FVa1sZZV69OcvdDifPD5BMdYoGY1Gv+urOpuatXHTbh345HPV1p+R1+vtcm9/famoqlVkhFmhoSEdztefbpDD2ayXczbr5ZzNvvPW4cPkbHIRoAIAAAAAAOCKMuAB6gNL5uul7E2ylVe1vsoq9R+PL1dW5gy9/f4e2cqr9NjDiyW1Tu2vrqlXUkKc7l8yX+uyN+nZ1a/rsYe+oaSEOJ2qtSsxPlYPLJnfb/0LDQ3W/BvT9V8v/UXXTPmSJoyNl/1Mo+96S4tHb/51p043OPToirtlGRahLTv3q7ikvF/uPzI2WmMS4vS9b98mU7tw0hQWqhMV1T3W3ffxYe3eW6Ali27SVZPGylZWqVff+KDP9y0uKVdzs6tDyBo1LEJmU6gWzp+taWnJvvNBQQYNiwg/z28HAAAAAAAAXNoGPEBNSojTL1bep0ZHk55a9Yqqa1unn2dlztDBgiPKzStU0RGbYqxROl5WKYezybexlKQOIeozjy8fkD4mT0jQD75zp+JHxXQZfRoUFCRTWKhCgo0yhYWquqZeBz45rChL5Hnfx2wKVcKoGJWeqFL96QZFDYvQlKsmaHvux8rLL9L1M9PU4vHqYMHnmp72pd7bCwuVwWDQsMhwud0tys0r9LusQGdTrpqgrbsO6C/v/U0Lsr6ipmaX8g4e0rwb0pWaMl47cj/W2MSRih4+TBWVNaqqrtf110057+8MAAAAAAAAXMqCei/SP7I3bFN1rV3TUidKal2/87GHFmvWtamqrrWrqNgmqXUK+rrsTdqdV6jZ6am6f8l8OZxNenb167KVVQ5I34KNRqVNHi/r2XVD2zMYpLsXzJEk/fyZl5SzcbtSksdc8L0WZF0nSXrs3/+gt9/fo6T4WN2/+Bbl5Rfpp79eoyefXSdbWZVCQoy9tjU1baIy0tO0eu1G/er/e1WxMVEdRrH2JCk+Vt/91m0qLinXz57+Hz3zX6+p2eWS0WjQPXdkKnlCglb9/nX95Jf/V+vf+EBhYSG9NwoAAAAAAABcZgxer9cbiBs9+0KODh8t1fO/+qFvE6nu2Moq9ezqHDmczb6RqLvzCrUue5PMpjDfdH4AF+9YSbkMBsN5vST5PW773P69p889nesLc3hA9sEDIKmiqk4jY4cPdjcAAAAADEGORvdgd2FABWwEaltoerDgiCTphZc2aPnKVfrpr9Z0GFmalBCnxx5aPCgjUQEAAAAAAACgPeOTTz75ZCBuNDrOqr0HD2lffpHefn+PTlbVyhptUU2tXfX2Bs2cPtlXNsoSobTJ433lR1ijNDs9VSOsUdqXX6SCQyXKypwRiG4Dl7X6utOX9AjUkJCA/Q0IuOI1NDoVGWEa7G4AAAAAGILcLs9gd2FABSx9aBtZOi11oiZNSNSsa1P1i5X3SZJvYylJeum1TXpq1StdRqJu2XlAs9NTlRgf26E8AAAAAAAAAAyUgK2B6s+/r3pFpeVVSoqPlSTZyqtkjbbomceXtx63WxN1RLRF1bV2JcbH+sJXABeONVAB9BVroAIAAADwhzVQB9gDS+YrMT5WtvIq2cqrlBgfqx8uW+i73jYSddKERFXX2jVpQqIeWDJ/EHsMAAAAAAAA4Eox6CNQAQweRqAC6CtGoAIAAADwhxGoAAAAAAAAAHCFIkAFAAAAAAAAAD8IUAEAAAAAAADADwJUAAAAAAAAAPCDABUAAAAAAAAA/CBABQAAAAAAAAA/CFABAAAAAAAAwA8CVAAAAAAAAADwgwAVAAAAAAAAAPwgQAUAAAAAAAAAPwhQAQAAAAAAAMAPAlQAAAAAAAAA8IMAFQAuSqXee2aVlq/M0cG+FK/4QD9fuUrL1xYMdMcAAAAAAEA/IEAFAAAAAAAAAD8IUAEAAAAAAADAj+DB7gAAXHbsh5S9dpt2HG+UW5I5fpyWLrtbM63tC53Qjhd3KbuoUe7gcKXOm68Vc8crfJC6DAAAAAAAujcoAWqjo0lvv5+r3XsL5XA29bneiGiLsjJnKCvzmgHsHQBcjCNa+8w7ynVHK3NJhlJ0Qjs2FGrNqjcV/uTdSmsrVvCJ3puWrmVLTTq6Z6+2vvtn/da8TP+WYe2pcQAAAAAAEGCDEqC+8NIGHT5aKrMpVJMmJPa53uGjpcrZuE1mc5hmp6cOYA8B4AJ9ul+5Tilp4SLdm26VNFXTVaOHsku0Jd+ptDFny8Wn61/vzVSUpJnTw1W9crPy8wpUn9F6DgAAAAAADA0BD1BtZZU6fLRUifGxeuyhxQo3h51X3af+c73e3pxLgApgSDpRaZckjYg+N5I0JN6qETqharv9XEGrtV1QGqcJcVK+s0mNEgEqAAAAAABDSMA3kTKbTZo0IVF33pJxXuGpJCUlxGnShERV19p7LwwAAeFWo0uSghUiaXScRZLkcjp9JVzlNaqWNMJiOVetpkb1vgI2FVVKMoWxBioAAAAAAENMwEegxlgteuzhxYG+LQD0s3odPVikovz92lQrKWWcUiRpygxlmEqVu+F1ZWuqJuiEdmw4IZnGKWuaSao5W708T0+vl+5Ka10DtVBSasYMRp8CAAAAADDEBDxAPVVjV37BkQ6bR01LnaikhLiA9cHhbNbza95UcUm575zBII2MteqbX7tJX540NmB9AXCpsum9V3cpX1JwXIoevneGQiRJyVr2kwUyr92mHdlbtFWSOX6cli+7W2kh7aqnXa1bHYVa+2qj3MHhSr3tLq1IjxiMLwIAAAAAAHpg8Hq93kDcqNHRpLffz9WWnQe6vZ4UH6vFC29USnJSj+08+0KODh8t1ZpVKy+4L20B6sRx8crKnCFJ8no82vq3g/rowGf6lwe/rvhRIy64feBScaykXAaD4bxekvwet31u/97T557O9YU5fFD2wQOuSBVVdRoZO3ywuwEAAABgCHI0uge7CwMqIOlDo6NJz63Oka28StZoi27OvEZJ8a0jTk/V2pW7t0CHj5bqud+/rvuXzO9xg6hwc5jMptB+6ZcpLFTRUZG+4znXTdFH+z9T5alaAlQAAAAAAAAAgQlQX3hpg2zlVZp1baqWLLqxw+ZRKZJmp6dqd16h1mVv0rrsTRoTH+t3Sv/DDywakD56PF59/I9imc1hGnP23i+u/6skacW9t0uS9n9yWC/nbNajK+6RJP32xTfkcDb72jCbQvXointUW39af3j57Q7tW4cP008f+VaHwBYAAAAAAADA0DbgAeruvEIdPlqqSRMS9cA35/st1zbqdF32JuVs3K4fP/SNge6a3tqcq7c25/qOLcPC9dD9C2WNtvRQq9WYxDj98icPyOP1qrnZpZdee09Go1Gj4qxKjI/Vb554UJJkP92g3697S5MmJmpYpHnAvgsAAAAAAACA/jfgAWr+p59Lku68JUNS6yZS67I3dSgzKz1Vs8++tuzcr6Jim07V2BVj7Rpk2soq1eho6nWt1L6Yd8O1XdZAXb1uox5dcY+S4mN7rBtsNCrKEiGvV3pnyx41NDr1o+V3+0bXhkZFyt3Sor+8u0vWaIuWLLpJwUbjRfcZAAAAAAAAQOAEDfQN8guLZY22+AJPh8OpomJbh5etrNJXfnpasiTJVl7ZbXvZG7bpud+/3i99a1sDNToqUtZoi26be52iLJE6XGzrcxt5+Ye0fffHWrZkvmJHRPnOe73Spg/36uixE1q2ZH6HZQsAAAAAAAAAXBoCsgZqTLsp8UkJcVqzaqXfsm1rn9rKKn1hahtbWaUOHy3t0xT7i9HoaOr2fEuLp8NxcUm5XvvLh1qQ9RVNHBff4Vpe/iG9v32fli+9vUOwCgAAAAAAAODSEZAA1eE8F0j2NIVfkm806ghra+i4Zed+mc0m7ckrVNHZkaFtywFcLGdTs2rrz0hqncL/t70Fqqm1a/LZ0bIjrBZ98o+jqqquU2hoiLbvzvfVraqu1//+8T2NHzNK09Im+tqJCDfJVlapP/55q74y48tKHB2j2vozCjIYFBFhYho/AAAAAAAAcAkZ8AA1MT5WtvIq35qmbVP427NGW7oEqGPOrkGas3F7h3JLFt3YZWTqhXp/+z69v32f73i4JVL3fX2ekscnSpJuzJimw8Wl+tnT/6thEeHKmJmqU7V2SdLxsgpVVdepqrpO//rr//G18f3v3KHyk9VqaHRq2+58bTsbuppNoXp0xT2aMHZ0v/QdAAAAAAAAwMAzeL1e70DeYMvO/crZuF1z51yjJYtu7LGsraxST/3nelmjLXrm8eWSpKIjNr2UvUk1tXbdMW9Wv40+BSAdKymXwWA4r5ckv8dtn9u/9/S5p3N9YQ4PyCB6AJIqquo0Mnb4YHcDAAAAwBDkaHQPdhcG1IBvIpWRniZrtEVbdx3Q7rxCv+VO1dj1wtqNktQhaE1JTtIvVt6nxQtvUFbmjIHuLgAAAAAAAAD4DHiAGm4O8wWiW3fu1+HiUt80fal1w6YtOw/oqVWvqLrWrlnXpnaZoh9uDlNW5gx2sgcAAAAAAAAQUAGZ/9q2q72tvErPrs7xW44p+gAAAAAAAACGkoAEqDHRFlmjLYqJtiglOUm2skpfqCq1TtPPSE9TjNUSiO4AAAAAAAAAQJ8M+CZSAIYuNpEC0FdsIgUAAADAHzaRAgAAAAAAAIArFAEqAAAAAAAAAPhBgAoAAAAAAAAAfhCgAgAAAAAAAIAfBKgAAAAAAAAA4AcBKgAAAAAAAAD4QYAKAAAAAAAAAH4QoAJXKK/XO9hdAAAAAAAAGPIIUIErVEuLZ7C7AAAAAAAAMOQRoAJXqJaWlsHuAgAAAAAAwJBHgApcoS50BKrBYOjnngAAAAAAAAxdBKjAFarFzQhUAAAAAACA3hCgAlcopvADAAAAAAD0jgAVuEKxiRQAAAAAAEDvgge7AwAGR1NT82B34TJRo71v/FV/zqtStVuSjLLEj9atC+crKzmq19oH167S6gKL7vo/y3XryAHvLAAAAAAAOE8EqMAVyO1uUXOziw2hLlqNdjy/Vq8eD9OkOXN019gw6fQJ5e4pVM7abRr160VKG+wuAgAAAACAi0KAClyBGhoae7zen8HqZR3S1nysHccly5yFemxR0tmTUzUzM0unahoUM6idAwAAAAAA/YEAFbgCNTY6L6r+ZR2KXgB7UaGOu5I0JqTtTLBirG3T9xt0PG+bXt18RF/UtkgyakTKNfrRikyN7tJSz2Vbp/sn6v7lEdq0tkgnrVfr5/Oq9MtXTyhp4TI9kWk9284hrf3ZO8ode4OeXzFD4QP9AwAAAFcEr9fr9xrPhwCAyxmbSAFXGK/XK6ezqcO5tgfegX7wvewerK0zdUdamFRZqF/+dJV+8ORL+u2GnSqqaB9QN+lwnk2afI2WL83S/XMsaizK05qdNd002JeypVq3tkTmySm666bJipp+jTJMkm3nXh0/W8J18IBynUZlZBKeAgCAC+P1eru8+rM8AACXEkagAlcYf6NPO4eofQ07L7tQ9LxEaPqy7+vpT7fpzx8eUUF5rQp35alwV54s027RL+9NU7isynroB8pqqzLdqPxdm5VfXC75Roy26UtZozKW/VDLJp+rNTd9m3J3faHcMmlMglN7805I0amaO1kAAAB91l3o2du57p4F2871Vg4AgEsFASpwhWlscJxXeR52exOsmCk3a8WUmyVJrooCZb+6WTvztyhnVpqWJddo72sb9Gp+rRzu3trqS9kIjYrueGbMTalK2pWn3J1HtGRBubYWSUkLZ2rMRX4zAABw+esckLY/7ula53Ptnxm9Xm+HY4PBQJgKALikMYUfuII4nU0609AogwwyGM69cKEaVG/vmHSGjExT1uRwSS1yuSUd2qY1+2qliddo+Q++qed+MUep/po7n7LtWWZqforkKCjQll1Fsmm05s/qPLoVAADgnM7T7DtPv/d4PL53qTX0DAoKktFoVHBwsO9lNBoVFBTUYdRp+/rdTelnij8A4FLDCFTgClJXaz+v8oSrvSjbpaf/s1AhKan6avpoWSS5ag7p7Q8bJdNEfXWypGNhMreVP12lvD37VeivPfN5lO3ApOnpo6WiYuV8KCnlGk0P6bUSAAC4QnU3yrRzqNkWmPb2PNjdH+TbB6htx51HpHZ3HgCAoYoRqMAVwuFwqtHR/fqnrKralgAAB9BJREFUvelpbau+lu+PskNOwiw9tCRF5tojevPVLVrz6hate/+EwtPS9eOfLFKKJI29UY/eNlohxQe05tVdOjgxWdP8tXc+ZTsJObuZlNS6eRT5KQAA6Kx9SNp5tGlb4GkwGHwjSy/0Oc1gMPhGqrZN329/j+76AQDAUGbw8tsKuCLYjp+Qy+1uHSXQaQp/X1+S/B636e64u889nesrcziD6M+xKftXr2urUvXzx+ez/in6XUVVnUbGDh/sbgAALpC/6fptx23T8wdKS0uLPB6P32fKtnMAgEuTo7HXTT8uaYxABa4AZ840yuVyDfh9eOgdRIf2K7dWSspk8ygAANBRd6NO27/aRpwOpLYRqf760L6fAAAMNQSowBWg+lTtYHcBA6pBu3cWy8HmUQAAoJOepuxLUkhISMD+CG4wGBQS0rrQkL9NpghRAQBDEVP4gcvcqVO1qq+ztz4Yt02VGqAp/J3fe/rc07m+Ygo/EDhM4QeAS09PI0/bh5nn257H45XH65HH45UxKEhNzS6FhYUq2Nj38Tlut9s3pd/fMycA4NJxuU/hJ30ALmP1dadVV1vfY3DZU/jprw4AAACGtp7CU0nnFZ42u9zyer1qanLJ65VaPB653W4dOlKiqqpauVtalJQwUpZhEUoYHavICHPrBlI9tBkcHKzm5uZuR5y2bTzFsycAYKggQAUuUw1nGlVVVX3uL/mdRp9KFx+i8lALAAAw9PS25mloaGjvbUhyu1vkdDarqdklj8fbIex0ud2yn25QecUpBQUZdKq6Th6vV6PiRsgyLEIzr/myws1hCuvhXiEhIWpubu72GiEqAGAoIUAFLkNOR5NOnKi8qDY674p6oW0AAABgcLVf+zQsLKzXZzSPx6tGR5OaXS65XC3dlmlp8cig1uc9j+dcsHqyslonK6tVU1uvCWMTdNWkcbIMi+i2jbZlBJqbmxUUFOQ7BwDAUEOAClxmXC63SstO9Ntf7HmIBQAAuHR0Hn3atlmTx+NpnVbfa3jqkf2MQy5Xi2+jqe4EG41q6TQqtb1TNfVqdDSp8lStMmZO0YjoqG7LBQUFKTg4WG63W0FBQfJ4PB3CVEahAgCGgr6v8g1gyGtsdKikxCZPi/+H3QvR+aH1Qh5iefAFAAAYWP6m7reFqMHBPY+fcbe0qLrmtJqb3X7DU2NQkIKCghQUZFBYaIgiI8MVHGzstmyjw6myk1X66we5qq077fe+wcHBfpcbaP+9AAAYLAYvv42Ay0JdnV0VJ6u638m0/Y6mMvj+qt/5vbu6nXdD7e647XP7954+t3cxwao5nEH0QKBUVNVpZOzwwe4GAKAH7QPH9iNP20af9rRxVEuLR3X1Z+Tu5g/xBoNBxqAghYYGKyTEqGCjUR6vV83NzXI2NetkZY3s9gYVFB2VMShIjQ5nlzYiwk36+p1zNSwyvNv7Nzc3q6Wl5Ww4GySDweB7b+sDAGDocjS6B7sLA4r0AbjEeb1enTxZpfo6e68Plr1tINXTuqcD8dDKgzAAAED/6G3jqJ7CU3dLi06fcajF03VsTVBQkCLCwxQcbFRoSMd/PoaGBCsiPFwx1uFqafFowrh4lZZXqqjYppra+g5lnU3N2rpzn+bdMFPh4aYu9wkJCZHb7e525ClT+QEAg40p/MAlrKWlRcdKSvsUnp4Pf0FqX0aUAgAAYHB1HolqNHY/xV6SPF6vnE0uud2eLlPlg41BGm4JV1hoSJfwtE3bI6HRGKRRcSN01aTxysq8VrEjOs5aaGnxqKbOrn0ffyaXq+soJYPBIKPR6Bs52/57AAAw2AhQgUuQ1+tVbU29iouPydFuipS/qfcAAAC4/HVe97Qva596PR41Nbm6rHkaEmzU8KhIhYQEy2js+z8bI8JNih0xXLfPu14joi0drjU0OlRRVaNT1XXdhqNGo7HD8gOd10IFAGCwEKAClxCv16va2np9fvgLnThRoRZ3S+9BaVuYKv/rmvqv2rVtNpACAAAYWtoHjN1N5fc3AtXr9epMg1Nud0uH88HGIEVGmM4rOG0vKChIkRFmzc1M77Lm6cnKGh0+alN3kWjnzaT8fTcAAAKNABW4RNjrT+vzw1+ovOyk3G53vwabF7r+aU8hLKEpAABA4HQXOvYUnkpSi8ejlk4jT4OCgmQyhSo42H+9vhoWGa5paZO6TP+3lVfoxMlT3dZpG4Xa+fsQngIABhObSAFDWFNTs+z206qrs6vJ2dRtaNp5XdIOYegFTOPvy/qnPdUFAABA4HQOFttP4fd6vQoK8j9mxuVqkcvVcfSp1+tVaEhwj/X6KtxsUlzMcEVZIlVVXec7f+aMQ03NrcsGdL5PUFCQWlpa5PF42DwKADBkEKACQ4jX61VDQ6Ps9adlt5+Ry+WSpC5T7s939Gl30/d7m/p/odf6igdhAACA/tV53dDuAsr2WlpaupwLN4cqxM+GURdiZOwIJYyO7RCgutxuHS0pU8KoGIWFhXYobzAYOoSnba+2Z0cCVQDAYCBABQLM4/Goudkll8sll8ut5uZmuVxuuVwuNTY65GlpnUbV3fT47kabdj4+382jeqrTH8sEAAAAYGB1nuLeXfDYmcfjVbPLLYNBaqtqMBgueN1TfwwGg0ZED1dEuFkNjQ7f+SaXS0Hd3CsoKKjbzaMITgEAg+n/Bys9zTruz1H5AAAAAElFTkSuQmCC
<img src="data:image/png;base64,iVBORw0KGgoAAAANSUhEUgAABVAAAAJcCAYAAAAfG4+9AAAAAXNSR0IArs4c6QAAIABJREFUeJzsvXmcI2d95/9+qnS01Pf0dPfch8ceH2PjC5vDGDAxu8FJyO0EQ5ZkNyQ4wSEkYTfH/sKSbDbsmiRgNhiSkM0mhvxiAgESDMEQgo/4wHhsz/iYGY/tOXqmp+9Travq2T9KUuuokuqpKqklTX1fbn9HUulbT30+9dHnq6ceSUJKKQkjjDBaF5klWD6DXJ5ALk/A0plCPoV5+ruI7BJSghBUZE2rvC0ACQgEEukqAwghkFI2zlXPL99jTbYbsFOuV6c6Gm1enhVCZbi1eLvI0jvOdbPN873hrMqfN5w97V4ZZ1X+vOHc1jpRxNstj/5w7kKdNOTRG86q/HWkTtpJLx2pk9boxR/Oqvyp4azKnzLOnnj097p0PumkpmxT9dJBvqKik3bSiyf+OkQnbaCXjtXJhvmKN5zDCMMu9E+fZjW1xuz8EplsHoB4LMLI8AC9yQQinEANI4w2CjOHPPkQ8th9mMfug8VTOJmGwMpezE4TmodmpfnNlatQ9Fr7ws1/MxJkU1i/SWlSc1XGY5BNoT2PrWiubPTisRkMVCdlOLs+7TzjrMpfm+tEicfmvxlpvk6KucU6aSe9eODPO85u+fOPd/v4SvN14vp09RJudBKgXrpCJ6GvtKb/Cn3FO86uefT/utQRvtIsnXSwrzRFJ2Gct7H2x8eYODdj+9j28c3hBGoYYbR1zDyPeew+jGc/j5h+1tZcNOGt+dA0TckUW2HmNdEkU2xF09u1KyCUgPawe2WcVfkL8k1tm+hEEW+3PLai6e0onTTk0RvOqvx1pE7aSS8dqZPW6MUfzqr8qeGsyp8yzp54bMZkaXfqpKZsU/XSQb6iopN20osn/jpEJ22gl47VyYb5ijecwwjDLk7/7vdIZ7K2j/XEY+EEahhhdEZI5PNfwnjg92H2WIVpVE6KqpsduDXR5jdXLqFQHIhdkea/GWnLFRBe4Au4KbTnsRXNVa1e2mKlUBnOrk87zzir8tfmOlHisflvRpqvk2JusU7aSS8e+POOs1v+/OPdPr7SfJ24Pl29hBudBKiXrtBJ6Cut6b9CX/GOs2se/b8udYSvNEsnHewrTdFJGOdtvPRbj2Ka9ieMpgm0Fo8njDDC8BQCcemPEnnP42i33IXs2wKwbl6FbJoSZANTrMoApmnam2LVdhKHLG2ycMh22zu5mrTJ9UzRKVeXdRqHx3Hb4VGDd73mozqr8BfQeOvh4RXnuttX9IIBjrsBHl5xdsufH5wb4iAbdH9+9VJTrs114sSjEy+KOKued15xLgO8Ntu+d2qxThRwbrpe2sFXasoFq+96ODTbV/zgrMpfoDopZjc6CfC88+vfbaETJ19xiXPd7WzLBqvvjum/XOjbDo+u9RUVnTjx6PT65QHnjvKVZunEJc7t6Cu+dRJGGGXhNHlafCycQA0jjE4KLYJ21c8Rvf1ptJt+DxLDllkJUZGRAtPO3IRNLphkzSRq1XYAAocsbLJ0yHbbF+rUhLDJTk2J0/Z2ZZ3G4XHcdng44VyT7XhxakrseAlovPXw8Ipz3e3L6gY67gZ4eMXZLX9+cG6Ig3AC2h3ODXmsKdfmOnHi0YkXRZxVzzuvOJcBXptt6rZcJwo4N10v7eArNeWC1Xc9HJrtK35wVuUvUJ0UsxudBHje+fXvttCJk6+4xLnudrZlg9V3x/RfLvRth0fX+oqKTpx4dHr98oBzR/lKs3TiEud29BXfOgkjDIUIP8IfRhidHCuT5L/wTsyJx9GcTAwBonC73pX4sgzU1KnbDUgJwmVu2FWURaPNq680ugyV4ZayynCKb67c4F2HN9srulXP94azKn/ecPa0e2WcVfnzhrNb/jZEJ4p4u+XRH85dqJOGPHrDWZW/jtRJO+mlI3XSGr34w1mVPzWcVflTxtkTj/5el84nndSUbapeOshXVHTSTnrxxF+H6KQN9NIuOjG1CGzajdk7gugdwYzGIRJHJoYQmg6ZZTQzD2YOsbaMyKfQlqfByLbYV7zhfF6FNMHMI00DDAOMPBh5ZGbV+ncYpXjxvzxS9/FwAjWMMDo9jCzGP/4ixnN/jyiYiVNzYvuDUw6mCdXm2vzmylUoeq194ea/GQmyKazfbDapuSrjMcim0J7HVjRXVg7yzZN99o6z69POM86q/LW5TpR4bP6bkebrpJhbrJN20osH/rzj7JY//3i3j680XyeuT1cv4UYnAeqlK3QS+kpr+q/QV7zj7JpH/69LHeErzdJJIZvRJHL0AuTQdsxNe0CPKPMVWZmC1Vm05SlEfs0zzhuqk/Mp8hlkJoXMpCCb3ujRbHiEE6hhhHGehPnYXeT/5XcR0kQi7VekyuLkqLsm0vrPen4rzLwmmmSKrWh6u3YFhBLQHnavjLMqf0G+qa19/oboRBFvtzz6w7kLddKQR284q/LXkTppJ710pE5aoxd/OKvyp4azKn/KOHvisRmTpd2pk5qyTdVLB/mKik7aSS+e+OsQnbSBXjZCJ8T7MHZdi9x6AKlpavqow6O2OEFk5hgin26iXrzhHIZNGDnk8hwyvbLRI9mwCCdQwwjjPAp54jvkvvgfEGvzJRPDwdzcfqwfiibb/ObK3UG6HQB1Cjf/zUhbroDwAl/ATaE9j36aWDX+2m6lUBnOrk87zzir8tfmOlHisflvRpqvk2JusU7aSS8e+POOs1v+/OPdPr7SfJ24Pl29hBudBKiXrtBJ6Cut6b9CX/GOs2se/b8udYSvBKwTU48gd16LseMqhB5V58Wlr2izLxOZPQ5GrjN0cr5HPmNNpGZSGz2Slkc4gRpGGOdbLJ4k9/c/DecOV5iY5tB8aFrjJhIBrTDzmmiSKbai6e3aFRBKQHvYvTLOqvwF+aa29vkbohNFvN3y6A/nLtRJQx694azKX0fqpJ300pE6aY1e/OGsyp8azqr8KePsicdmTJZ2p05qyjZVLx3kKyo6aSe9eOKvQ3TSBnpplU7yoxdh7n09JPoceVnM5Dibj7Co95ATEbIiynx8BIHGUGaeqMwRlTmGjDW2RLIMx2POOslnicweR597OWC9eMM5jMYh08vIxekCV+dHhBOoYYRxHoY89Qi5z/4AwszXmCE2zYrjJGpFpvAdqs1rrtwdnNsBUKdw89+MtOUKCC/wBdwU2vPop4lV46/tVgqV4ez6tPOMsyp/ba4TJR6b/2ak+Top5hbrpJ304oE/7zi75c8/3u3jK83XievT1Uu40UmAeukKnYS+0pr+K/QV7zi75tH/61JH+EpAOsnteQ1yx1W233G6mM1zMtfDRGwzq9E+hLBKlg5NghBaoV7Z/aagN7fM9uwUOyNrDMWjtjjri6eJnD3U3joJoxQyl0EuTJ43PzYVTqCGEcZ5GubBvyR33/srfziq0GTg0HxA4yu7lmE2x8xrokmm2Iqmt2tXQCgB7WH3yjir8hfkm1pnnTSz6fWLt1se/eHchTppyKM3nFX560idtJNeOlInrdGLP5xV+VPDWZU/ZZw98diMydLu1ElN2abqpYN8RUUn7aQXT/x1iE7aQC/N1Al6lPxFb0GOXQhCVOC4ms1xyBxgIrGjYjxCVA5cSChNoIpCZQkgkAV8pJTsXn2JSyIpklG9ZsDa2hyRU08izLx7AJulkzAahjQNWDiHzK5t9FCaHuEEahhhnMdhfP0D5L/3F5WTqGXZ7mP9UOfKLpYnuVqJ6sH0XYVib2pfuPlvRtpyBYQX+AJuCu159NPEqvHXdiuFynB2fdp5xlmVvzbXiRKPzXsz0jqdFHOLddJOevHAn3ec3fLnH+/28ZXm68T16eol3OgkQL10hU5CX2lN/xX6inecXfPo/3WpI3zFh05kYoj8/ptgaHvhXgvfnGlyJB3jWN++ugdk4SUx8wYg0DSNSCQC0rofBFKIEt/FaaaLVl/k4niGmK5XDE/LLBE5/SRafq39dBKGTUjk8ixydXGjB9LUCCdQwwjjfA4zR+6eH8Q89W+IgntUNx2aTROCTfNS7UIVK1EDanprokmm2Iqmt2tXQCgB7WH3yjir8hfkm9rGOgmq6a2rE0W83fLoD+cu1ElDHr3hrMpfR+qknfTSkTppjV784azKnxrOqvwp4+yJx2ZMlnanTmrKNlUvHeQrKjppJ7144q9DdNIGemmGTtCj5C7/QUTV5OlSNs9BsZXF+AimqNy/dUNDSkk+n2N+fp6pqWlWlpfRBQwNDjI8PERfbz+JRAKha0ihlSAvj6HMLFcbEwz2RCsGLtLLRE8+5m4larN0EoZSmCtzsDK/0cNoWoQTqGGEcb5HaobsZ96IXDqFQICobVYcJ1Er7q9qHYSob9YeTN9VKPam9oWb/2akLVdAeIEv4KbQnkc/Tawaf223UqgMZ9ennWecVflrc50o8Rj8m5HW66SYW6yTdtKLB/684+yWP/94t4+vNF8nrk9XL+FGJwHqpSt0EvpKa/qv0Fe84+yaR/+vSx3hKx51Ylz8FowtlyIK9YuTpw/HLiKnx5GiuN/iCARISK9lOHv2LJOTk5w4eZKzk5OspVZJJnrYu3sXPfE4fb1Jdu3eyfjWbcR6EoX6orQfq7Qkms9yQ+YoQ/FIxTAjq+fQTz3ZXjoJwzEkErlwDtKrGz2UpkQ4gRpGGGEgTz5E7m9uqWg2qn84qmYSFUH5ZKudG4mi2QbU9NYOvMHmHk2xFU1v166AUALaw+6VcVblL8g3tbXPb0bT21Anini75dEfzl2ok4Y8esNZlb+O1Ek76aUjddIavfjDWZU/NZxV+VPG2ROPzZgs7U6d1JRtql46yFdUdNJOevHEX4fopA30ErROctuvggtvKKBl3X8qLXmy7xKgoBkESM26XRjE3Ows33vsCV55+RWWV1bJG3kMaSI1GBropz/Zg5nPEo9ojI+PMjw6xqbRMbZu3U40nkBi1UOYlH+P6jVLz7EjoVfgrM+8SGTmmEceveEcho+QJubsBOSzGz2SwCOcQA0jjDAAyN1zC+aJh6Cs2aieNK2/EtWhhRAOK1E9mL6rUOxN7Qs3/81IW66A8AJfwE2hPY9+mlg1/tpupVAZzq5PO884q/LX5jpR4jHYNyMbo5NibrFO2kkvHvjzjrNb/vzj3T6+0nyduD5dvYQbnQSol67QSegrrem/Ql/xjrNrHv2/LnWEryjqxBzegXH5D4Gmleos5gy+nbgcIar3KawfiJKSycmzPPCdBzh98jRGPk82l0cKyBsGWjRKLBrDzGYY7O9l6+YRIjqsZDJo0Sgjo6Nc8+rrGd602aorJGBWHOGbVg7XrESNnfkeYmmqPXQSRuMwcpizp8E0G2/bQdFoAlVr0TjCCCOMDY7IG38bWXCZYvNimpXNh1ne5BS2QxYyIKnNUsr1x8uzcMjV25XVqwlpk+uZolOuLus0Do/jrsll+DVs+qq3a9Q8VuWgxlsPD684192+ohcMcNwN8PCKs1v+/ODcEIdG73L96qWmXJvrxIlHJ14UcVY977ziXAZ4bbZ979RinSjg3HS9tIOv1JQLVt/1cGi2r/jBWZW/QHVSzG50EuB559e/20InTr7iEue629mWDVbfHdN/udC3HR5d6ysqOnHi0en1ywPOHeUrCuM19Qj5i96C1LRS3axp8nD8YoTQyv50hNDQhEATMHn2DA/867eZmpqkpyeGYeTpScQYGRmmty9JTzxGai3DcipDai1HXmpkcyarKylmpqc59PQzPPzgQ0xPTUGBIyF0BDqCCEJEeCR5CVnDqBhvbvRSe/4a4OFbJ2F4Cz2KGNi80aNoeYQTqGGEcZ6E2PUG9AvfapmQKDQronYS1TKj9cdlyY1AOOTSPgqXMoUQWLuxydXb2dRZL2iTnZoSp+3tyjqNw+O4a3IVfnWvmFdv59RU2m0X4Hjr4eEV57rbl9UNdNwN8PCKs1v+/ODcEAfhBLQ7nBvyWFOuzXXixKMTL4o4q553XnEuA7w229RtuU4UcG66XtrBV2rKBavvejg021f84KzKX6A6KWY3OgnwvPPr322hEydfcYlz3e1sywar747pv1zo2w6PrvUVFZ048ej0+uUB547yFYXxmlsuh0RfBR7/JreQ03sQaFD4sx63BplJpzh86BlOvPwKe3fvZHlpmWgszuDgED09CTRNs1akZrPkDZOV1RST586RyeeIRqNEI1H6+vrIpNMcfvoZZqdn0ISGVpikFUIgEOT1BI+IrRXjJZYkv/lC5fPOt07C8B49fYhIbKNH0dIIJ1DDCOM8ishNH2b9Su16E2I7iVp8vJClVL8iuOFXdJ3KBnwlumNWQKjwV4aHV5zrbl9WN9BxN8Cj7VYKOY27zvaO4VcvNeXaXCdOPDrxoohzy1dAuOSv5TpRwLnpemkHX6kpF6y+6+HQbF/xg7Mqf4HqpJjd6CTA886vf7eFTpx8xSXOdbezLRusvjum/3Khbzs8utZXVHTixKPT65cHnDvKV1yOV+pRjB1XlvAFeCEtWOwZRaAhRMTKhUlUDUEmneall17k3NRZhgcHWF5cQABra1nOnJni5ZdPMjezyOrqmsVZBAyZwyCPFBJds9aYyrzBzLkpDj55kAcfeICpc1NYQ7MmaosrX5cSYxzNaBXjNob3YGoR9zwGoZMwPIdAQP+mjR5GSyOcQA0jjPMoxPgViP0/ULpiS1kzUjOJSu2V3cJPNGJ7xV9WXQGW7q+QNu2KrlPZgK9Ed8wKiDrjrYeHV5zrbl9WN9BxN8Cj7VYKOY27zvaO4VcvNeXaXCdOPDrxoohzy1dAuOSv5TpRwLnpemkHX6kpF6y+6+HQbF/xg7Mqf4HqpJjd6CTA886vf7eFTpx8xSXOdbezLRusvjum/3Khbzs8utZXVHTixKPT65cHnDvKV1yO19h6BVpPf6le1jR5KbkHTYDQQBcGujAQQmAKDTOf5qknHuPlI0dJLcwx0J/ENATZbJ6V1RUWV1ZZXMuSzpukMyapfBYZlfT2J8mZJmem5jh1doYzEzNMnznHubNnmZ6Z47sHn+HQ4WfJpjPW+DQBQlj/Fhov9+0jZ8r18etRzE173PMYhE7C8BUi3guxxEYPo2URTqCGEcZ5FvqBn7AmSyleQXeYRMX6TlSVFRBm4Uuk2+aKrlPZgK9Ed8wKiAb8ubqyq4Bz3e3L6gY67gZ4tN1KIadx19neMfzqpaZcm+vEiUcnXhRxVj3vvOJcBnhttqnbcp0o4Nx0vbSDr9SUC1bf9XBotq/4wVmVv0B1UsxudBLgeefXv9tCJ06+4hLnutvZlg1W3x3Tf7nQtx0eXesrKjpx4tHp9csDzh3lKy7Ga2oRzJ1XV+DwcjZCPpJEiIg1gyqs35WSGuiaYHFuhjMnXoJ8mtHBfmanJsnmcqyk86zmBVlNJw+sZXOks2m0vEY0bZJfXkTPpImbefqjGpv7Ioz3xdi1qY9tg71E8iaTE+dYW0tb7zmFQGiFj/ILQS6S4JV8rGL8+eHd7nkMQidh+A4xMLLRQ2hZRDZ6AGGEEUZrQ993M0LTMKWJZtNUmqZE08puS1nYjkKTgnWbwm0oXAGuvCIopUIu1KkJlSu6jZqV8rLCesA2S4Vc2EFNVlkB4dQU2jWXtnXVca7Jok72gbMtfzY8+sFZlT/vOLvN3nF2mx3Dr15qyrW5Tpx4tKvrAWclHv3oRJG/lutECecm66UdfEVFJ0HopaxO832l+TpxrRcVndjw2Apf8e/fbaATJ19xiXPX+YoSfwHoxY6/Mh671ldUcHbNo3ecO8pXXOiDoe2IWKK0g5xpcjx5AUIUBqcJay8ShNBAmvREBJuH+sgbJpHIEKunpliYXWE5Y1oMZbPEhEFPRCMpBAPxOFtGBti7Z4yx8WGSvQliyTjDff1EhSTZ288Tz7zAP37zYWanTrG4NM/AyBAUsC8/917u38eeteeJ6ZqFsx7D7B9DX55y9XrnWydh+A4RiSP1KBi5jR5K0yOcQA0jjPMt4oOw7VrExBM1k6UVk6hlTY5Z1uxQvC3Wb1tXAAu5GKLq/tLjNrnkblWhaopOubqslFg9hkLGJuOQVZv16mzXVGL/fC841+R6dYTwjLNb/vzhrMqfN5zd8ucH54b8lbpEf3i71okvnFugEyce/erEI49ecVblr+U6UcC5rfTSLF+pKReQTpx4rHh+c33FD86B+4pT+NVJoHrx599toRMnX/Grk071FQX+AvEVFZ10k680Sycece42XzFG9lbUOZWBfE8PuijcK3TrESFBWt+CqmMS1WBxKUU6J5ibX8IQafrjGgMxjYGoYHwgxp6to+zcuYNdu7exddsOBoc3E+9JkOhNEknE0KICzciRyeQZHB3l3Owc33r8OWZn59mxZw9CWJOkGsI6x4F8JMFEPsIezSjhbPZtQVs+54pH3zoJI5iIJyG1uNGjaHqEE6hhhHEeRuTiHyI78V00UbvitJhNWX2/ZXaWN1mG53RFEABJ6XkbdkW33ETLywrrAa9Xdt1cmW/LFRBl/FVkUSf7wNmWPxse/eCsyp93nN1m7zi7zY7hVy815dpcJ0482tX1gLPqii/POlHkr+U6UcK5yXppB19R0UkQeimrE65AdeDPhsdW+Ip//24DnTj5ikucu85XlPgLQC92/JXx2LW+ooKzax6949xRvuJCHwztqKgzGRku1NAK92sIIZHoaAgEBlLmGRrsR9NjnJiYJqJr9MYjvOrAfvaNDzESybBtIMroYD8jW0dJjg6h9w4Q6+lHRHsRWhQTjbxpogNCg/HxzVx37eU8/twrrK6uYBoG0UgEIbBWv2rWD0hJKZmMjbBXTJdwNpPDrl/vfOskjEBC9PQiz4MJ1PA7UMMI4zwM/eIfsMypYLbl331KWXNT8V2pgGQ9S1l2W9pk4ZDttndyNWmT65miU64u6zQOj+OuyXIdt4ZX1Ku3c2oq7bYLcLz18PCKc93ty+oGOu4GeHjF2S1/fnBuiIPtu9wGeKvopaZcm+vEiUcnXhRxVj3vvOJcBnhttqnbcp0o4Nx0vbSDr9SUC1bf9XBotq/4wVmVv0B1UsxudBLgeefXv9tCJ06+4hLnutvZlg1W3x3Tf7nQtx0eXesrKjpx4tHp9csDzh3lK43G27sJMzFQqpM1DWaSWxBi/XtHhRBoQrMmMgVIwyCbShOLROjrTSKQXLb/Aq66eC/XX7mf6664kAu3jTA+lKAvoRHRDMiBZkbRtAhSSAyZw5R5NAOEIdClJKkbbB3uY3R4gFQqhWGahX2LirEIIZjr3U7WMErjltEkZrzPFR6+dRJGMBHrAU3f6FE0PcIJ1DDCOA9DjOyHkYusyVPpMIlK5ZXfwjML/y/cloXbojZLs3gllMpst32xXs1AbbJTU+K0vV1Zp3HYjdfFuGuyypXz6u2cmkq77QIcbz08vOJcd/uyuoGOuwEeXnF2y58fnBviIJyAdodzQx5ryrW5Tpx4dOJFEWfV884rzmWA12abui3XiQLOTdeLh/POK86B6MRp3PW2r4NDs33FD86q/AWqk2J2o5MAzzu//t0WOnHyFZc4193Otmyw+u6Y/suFvu3w6FpfUdGJE49Or18ecO4oX2kw3vzmC9GEVqozmQUhtMItHU3TEUIgNIkQOgIdTDDyBpomSPQlGds6zvZt44z0JTBTK2iAFotjRhKsyTjLaZ1MGvJpE5mT6GYOyCGNHFreQDNBINFkjmREsmkgSURYPFtcgxDWeMv/5o1KnGVysys8fOskjEBCICCW2OhhND3Cj/CHEcZ5Gvr268lNH0XT1n8oquLj/FReKaYsU3Z7/Uq8y4xNrnC7sqh3BVcA8na0X/8IoqfqeekTyGc+gHn/twAQ7zqB1vtVjE//EmA9h4nbMf72cwhBoRkr5l2I/3QIkflNjL+5e/1+bDIOud6Kh+qMPd6OV+arnu8F55rcgLcK3KmTlfmzcgX+yji7zKV63nB2y58fnBvyJx10ooi3W/784dwCnTjx6FcnHnn0irMqfy3XiQLObaUXz76ixl9gOnHiseL5zfUVPzgH7itO4VcngerFn3+3hU6cfMWvTjrVVxT4C8RXVHTSTb7SLJ14xLmrfCWeLPx2hVVnScSB8tWnGpqwfhAYIZAIDDQyuSyZXA4pNYQGk6fPsGfzMNFIDOL9TJybZvrMBLm8JN7Tw9axQXZsWWHr1hS9/THQY6zmYDWVJS81YnHoERmypoEQklhERy9M3srCgVdfwJkVScZIl3A29Qha4Tia2n+FEViIWA8yvbLRw2hqhBOoYYRxvkbfGEKsT5raTaKW/5AUQOmqYXmWlglLKJhiIZeZWPG2Yy7Uqwlhk6tNEpDPDGL+Y/H+XYi3fhZx/d1o5/ZjPmN/+GL37WhDf4tclAUDL+TrPonYApwoGHuhWbPNhYHU5EJzUPfKeaOm0K65tK3rAt8qnGuyHX82PLpqChvxZ8OjH5xrcr06vnB2m73j7DY7hhu9KPDnB+eW6MSJR7u6HnBW4tGPThT5a7lOlHBusl488LehOglCL2V1mu8rzdeJa72o6MSGx1b4in//bgOdOPmKS5y7zleU+AtAL3b8lfHYtb6igrNrHr3j3FG+0gjn5HAFf4t6r/WReQRCE2gITFE4FiExNUFOwGJ6lTPnpjDROHN2CpnL0de/gy3btzG7mubBg8+zOLdINmuyvLJGXzLChdtHuP7ynVy2bxsYUV46NcPTL59kZjXN9m1b2L9zC1JIUukMoz096IVxIKD8KwWklJimyXJ0EGR6HefkphIe9fiLffBhImOVGMqpb5L7zIfIzznj7By3Ev+99yMO30D63tpHtbf/EbFXX42WiFv7WjuL+cTdZL/yLefdvOETJH54BOODt5Et//etnyN53SaML38/mYdUxtimcR58hD+cQA0jjPM0tL7xmuajYhK1eJuy5qTg9mZZs0PhcYR9FlrV/djkUhdRFW6bjop8Enn/nyAu+z+wC3CYQCXyKsSu5ZJZAAAgAElEQVTb3oH8/z/H+hXcG9CuuQ7yaatc6X5p7a4645BVm/XqbNdUYv98J9zr4RyuQFXH2S1/fnBuyF/p3ZQ/vN3y1/YrhZx49KsTjzx6xVmVv5brRAHnttKLH1/ZCJ048Vjx/Ob6ih+cwxWoXeYrfnXSqb6iwF8gvqKik27ylWbpxCPO3eQrCK2CP03TCn86AmvCUpQNpvg+bTW1xuzCEroWJRGNcMlll3Llqw4wMNDPo9/4FucmzzG2dQc9yQGef+EIr0wvsbCQgvwaO7dvwUit8sKho5w4e5aerVsZ79/MaP8IE3PnMCX0DwwQiURKXAtBBafWnzWsSv5oyCOAPP5x1j51r4Xz1ncRf+/tRH/0UfKf+VpjnSiEeNunid+4G/ndO1m792tItqC94XZilx8AvqVe8N7bSNlM0jYj9Hd/hfjlI3W2mCV/z9vJPu1jJ+EEahhhhNG10TteMh/b5gQrFydVpSxbaVpoHtavxBZuFx8vbC8KzV9Tr+jaPj5ovbrZ9DjFkMe/Cft+CTH4OVi0niiu/y3E0CGY2F86Hgp42ObCDjtmBQTr/FVkUSerNoWN+LPh0Q/ONbleHV84u83ecXabHcONXhT4a/uVQk482tX1gLPqii/POlHkr+U6UcK5yXrxwN+G6iQIvZTVab6vNF8nrvWiohMbHlvhK/79uw104uQrLnHuOl9R4i8AvdjxV8Zj1/qKCs6uefSOc0f5SiOcY30V/K1FekGAEAWexfpkpQAiaMQ1nb54EmmC1GBkZBNXX/UqLti7i8f/7RGef/oQi4spllI5hjdv5rLLL+Hppw6Tml9gfjVPfHCU/tEexl+Z48jcAsuGydpaGvIG/f29jG8ZZ3jTMHokgtQECLNwTFRwuBbth8y5Es4ymizhUVcn5TxI4Ow9GGfehb7pGtg1Quyn3oU+1m/Rs3aM3Gd/ltwRa+WqvlyYeKX8th3JAFcTvepyOPE3pO/9WuG+ScyHPkS6sHpUvPbDxG+5GS0BsIz5wl+S+cy9zjKtXo16eRZjbgv69n7r+Y98iPQXHwNeQ/R9v0N09wiQwXzhWbjkIuSXv5/M9K8Q/7EfQd8UBzLIifvIfOyjmFW7Mo+fQF4+UjpNa2LpBOZJpwddxnkwgRr+iFQYYZynUVyBSsG4QFTelmVNTsGdzEKWWNcCS1cGpURKSttZdQr3Iytulx4vz062Im2yXdNRka9A/PAvQc8JZL0raCsfQE5ehPih2wvjeAPimlfDkf+GSe1x1Bt3TS7DreEV9ertnJpKu+3Kx1edFcfrmBviXZaro972ZXUDHXcDPLzi7JY/Pzg3xMH2XW4DvOs16w3484NzRW6WTpx4dOJFEWfV884rzmWA12abui3XiQLOTdeLh/POK86B6MRp3PW2r4NDs33FD86q/AWqk2J2o5MAzzu//t0WOnHyFZc4193Otmyw+u6Y/suFvu3w6FpfUdGJE49Or18ecO4oX2kwXhnvrRhvKjZk7VxIhEbpDyEKH+03iUmTXqLEtRhrK2tEo1HGtoySzmaYPjfFltFxNo+OMTo+zgX79vATP/aD/OTbbuTK/bsw0llWVlIMbh1hYMc4sZHNTM7N0TM6xIunT0IsztjWbSQSvQisqWFNgkZxIlegadaUVLpnqPL4owlXeFTwIEDsfS/6tn7k3JNw8lnMRz5O+oM3kPrgu8ktX0TkplvtgW8Yt6BtAjnlNMN6K7FbbkacuZu1D97A2j2PwSXvJf72Le53kdiFOHknax/8cbLHs2hXvYsIoL3zg0R3Z8nf8+OkPvgL5KMXlSbyIjfdgh55zDrGP7kTYzprW1o+dAfpLz9pf9qtPUn2f99Bft79UG1D6/7pxXAFKpYol3IplrIplnMpsmYOgIgWYXtyhOFY/waPMIwwgg/RNwZOTUn1FWIhQBaviJZdCSzmRld0NYcruUFc0QXElYvoV64/TaaPwr+8E3mqHgInkd/+FuIn/yPa7k8ht/83RN8TyE89hPiZ9auiyDpXegsD6ZgVENW81eOvjEfHJrDBFXRb/mx49INzTa5XxxfObrN3nN1mx3CjFwX+/ODcEp048WhX1wPOSjz60Ykify3XiRLOTdaLB/42VCdB6KWsTvN9pfk6ca0XFZ3Y8NgKX/Hv322gEydfcYlz1/mKEn8B6MWOvzIeu9ZXVHB2zaN3nDvKVxrpgzI+EVY1IdaxBPTiMQlJBIP56TOcPPwMB3Zs5+jJU6RWU0g9Qk8iymUX7eKyXVuYnpklZ0i2bt9Cz+JpXnvhNnJTZzl2fJmpM2fZv38/17/uerbvv5B0zmR0eIjeGEzOzhKZWEKPRpARAcL6HlZRBEpQ4rD8+GUJh8avdwBi3/tJ3vn+QoWM9R2o//A1GP4RtNe9l+gt/xURLe7hIjsW/cdrb0RLzGI+co9F69Mfwvx3D6Pv+hGYc1lj7VnyX7S+SzU/t0Js3wgaoG3bChN/R/bpSQDyTx0jus86DuPMJHLf1cTe+4cYR75E7rN3Ob4syIfuILPtc8Sv2106XcmdIP/ZACZPz5M4rydQJ1IzPDR1mAfPHeLI0ikWsiss59ZKE6hxLcY9N/4m146EE6hhdF+Iqu9ALf5gVOkHpKi8v+TyUoCwbpe+C9XqLhyzaZoITSvVqcmlLqIqXDYd8ulBzH9Sx0Ae/03kue8i3vghGLwCnr0OKawdC4qGXsjYZByyarNene2aSuyf74h7HZxrcgP+apo8p+yFP+EXZ5e5VM8bzm7584NzQ/5KOvSHt1v+/OHcAp048ehXJx559IqzKn8t14kCzm2lFz++shE6ceKx4vnN9RU/OAfuK07hVyeB6sWff7eFTpx8xa9OOtVXFPgLxFdUdNJNvtIsnXjEuat8JbOK7Okv8ZXILpFLbsKaRMVagVo6BA1kjp5ohAt27qR/ZJDldIqZ1AoTp04xtH8fW8ZGMJcWuHDXZUQjUQwzj8wbTE/Nkl1LITHJZdYwc1mSA0n2bd9CKp0nlogTiwlmFpfoicWJx+Jomo6JRGogZQFRWQRC0pOeLx0/CMilKm476gQqvwO1HNdbbyUytkL+795H9okXif7qw0Sj2MTVLmbG7sOcuwV9268gcJ6kbHXIr/ws6cO3ErnxRvQ3/CHRm54l+7t3kHfY3rz318ht+iti+6yvCTDu+zWyRwIajFn9xQHdF92/xtYhXlo5y0/+6+/x/sf/lL8/8QCH5l/m1Oo0I/EBpClJ5TNctWkfV226cKOHGkYYzYn4YEWTYBaaEtMsZAq5cD9A+ZXAYpZQerzYVIhC02ebscl2zch6ucpc3Yw4bVeeHUKIU8h/+QJs/wBa5CHk109Z47Q7jjrjrsmi0AyWZ6cmsHo7p6bSbjuPONuN1zGr4F0DcJ1cVjfQcTfAwyvObvnzg3NDHIQT0O5wbshjTTnvOFfkZunEiUcnXhRxVj3vvOJcBnhttqnbcp0o4Nx0vbTKV4LSidO4621fB4dm+4ofnFX5C1QnxexGJwGed379uy104uQrLnGuu51t2WD13TH9lwt92+HRtb6iohMnHp1evzzg3FG+0mC8IrNcMd5eI2XdX/oDKcDUQKCBiBBJ9NHTN8Thpw/z7MGnuGzvPsYGB9ELg15ZWWFtaYkYeeI6CKyFNkuLi4xv2cqeC/agiTxmPkssGmVo0zDJZAIME2GabN+yhYHePjRAaAJTCMzCLJQQkuIEaiK/UnH8Wm7NFR4VPFTjnC58nH35Rbj4d9DH1jeXORDDV1vjuvJWtE32fKzHQXJPHYbttxC/9W2F3WxBe8OH6XnvryAefRBzbQTtde9CAOLKD6ONZZAnv9SocMPInzkL299I7MotwIVEXn1R6TC1t/0GkU1Pkvu/d5C+9zFkYnfFJzNrY5L8pz5E7oXDGA9+iMxDk77HVwrDadq2e+K8XIF6ZPEU73v8f/PSylnA+mGcG8Yu58Dgbr559iBrZpZN8X5+64p3oIvzdo45jPMgypsRTVv/wSjTLGS5vhIV1lecmmXNC8XHq5obajIFkwv4ii4ucr3jP/lLmA+ASH+kcFwOV36xyTjkdl0BgUNWWQGhgrMb/oRfnF3mUj1vOLvlzw/ODfmTDjpRxNstf22/UsiJR7868cijV5xV+Wu5ThRwbiu9+PGVjdCJE48Vz2+ur/jBOXBfcQq/OglUL/78uy104uQrfnXSqb6iwF8gvqKik27ylWbpxCPO3eQrSLOCP01bH68mrA/PS2HNfwhNINCI9w3QMzzMyvIimdUVNvf3s2PzGJn0KouLS0zPzSPzWXqigp5kklg8ikgOML2S5cDFe1nJSBYXVkmaEbRogmgkj2ma5HIZkj0xxscGMOIxskJgCgsLYZoIIS1MhURoEk2TpeNfx5uGPNryULz9lbvJXfBhoj//MJHcCYypZSisQM197T70d99Cz50Pw9oxzCV7Piq4+dovkon+EbFXf5DEdf/Vum/tLOYTdwPfInvfAeK33E7iztuxfkTqU2S+MglvaFy7XpifvZPc6IeJvusLRN6VwXzhGCa7IQ+i/xoiN/4o0Z8CyGAev5dcvd8BAeAxcp95zN+g7EIawddsszgvJ1D/6vg3ODT/EgDXjuznF/b/AN86e5DPvPg1cqZF+rsuuJkrhvdu5DDDCKMFYZlPadJUK2tOqGxSrK1rs4TC9oUsKXzsf/12KTt9F2qhjs3wanN1M9Lo8TrNpXUFU8Ijv1w6XsqPt3jbKRd2UJPL8UOhGSxvCu2aS9u6Nng65SJf1VnUyapNYSP+bHjyg3NNrlfHF85us3ec3WbnE7o+zqr8+cG5JTpx4tGurgeclXj0oxNF/lquEyWcm6wXD/xtqE6C0EtZneb7SvN14lovKjqx4bEVvuLfv9tAJ06+4hLnrvMVJf4C0Isdf2U8dq2vqODsmkfvOHeUrzTSx9oCYnhnib+B3DLFr7YUwtqnjkCXAomGIUAkehgYH2VoZBM78zlePnKU/RdeQHIwSSqbY255jSiSwb4k8UQvPYk+Hj78OC9MLfHStx/jqUMJrj9wIQcu2c/+y5OIiA4CTCNPJKIR0xOsSA00rbCqtTAWJAKJECYgGcgtlY5fAlpmpeK2E3/Zj95QB9/HyH38+8nZEXfkD0j/9h/YMUrmd++1vR/A/Mqvk/6Kw4OPfoj0ox+qvf+hO1h7qMG/772NVPluy28Pb0U+/SHWPvYYki3o7/zfxHOT5B4F49HbWHMebmvDCCdQuy5S+QyHF16mR49x2963cOueN/H3Jx7ky6ceLk2e7u4d58d2vQFRehUMI4zujGLTUVx56tjcyPUmpuRK5d+FWvY8GmVscqlu9QBp0HTcjfnHd683Hw5Z3rOb9ZfzuzE+ejdWryFts/k3uwq3Wb8fm4xDVm3Wq7NdU4n9873gHPhKIafm3WXzaL9SwS3OLnOpnjec3fLnB+eG/JXeTfnD2y1/bb9SyIlHvzrxyKNXnFX5a7lOFHBuK7149hU1/gLTiROPFc9vrq/4wTlwX3EKvzoJVC/+/LstdOLkK3510qm+osBfIL6iopNu8pVm6cQjzt3kK6RXKvjrl+myygJrfkMghLUnIQSmptEzvIl9B67gkksu4/TJV5g4dZLLNl9GJBIjk5MsLKcYWFoi2d9H1DQ4cuxFVlZXiBsSMdZPPNlPb2+fNTGby2HKHEYuQ86Q5HW9wHBh71KC0AqHX/zUo8lwPgV6Gc5Zl9+B6lcnnRBju9Bf+16it1jfb0vuLMajd5Pb6HFVhcylG2/U4XHeTaDOZ5fZlhjhPRfdwlWbLuQ3nvg0/zb1LPnCcuPxnmHuuv6XuXhw5waPNIwwWhAF86lYeSrLflCqIhdWlgJ2V3YpZMujLDOrWeEgWN+u/HGEvbcJm6zSpJSbaMVhWw94urJbngs76JgVENW8lfHnmH3gbMufDY9+cFblzzvObrN3nN1mx/Crl5pyba4TJx7t6nrAWXXFl2edKPLXcp0o4dxkvXjgb0N1EoReyuqEK1Ad+LPhsRW+4t+/20AnTr7iEueu8xUl/gLQix1/ZTx2ra+o4OyaR+84d5SvNMBZnzmOufe1pTqjmoFAsz7KL2ThT2ASASERFD7On0yy7cABWF7izPQkx15+kUuuvpREoodoNMbS6iJT03MkElF64lEu3TlOXzzJ1h07ufpVB7hg51Z6e6JIw8DIZTGMFLlMmqyZwNAjIPSyH98pfQEqSElxgnRAFFmzcNZTc6XjaKpOOiGO3EXmD+/a6FHUDYmEzNpGD6Ppcd59wWdCj/PrB36St+98PXc9/w88cO6Z0uRpMhLnt191G68ZvbTwwhVGGN0dxabDNC0zLV5hNQvNjWkWcqG7llTm0v3SukeW3UY45OrtyurVDtAm1zNFp2xz3I7Zw7hrcrE5LM/1mvXqbNdU2m0X4Hjr4eEV57rbl9UNdNwN8PCKs1v+/ODcEAfbd7kN8FbRS025NteJE49OvCjirHreecW5DPDabFO35TpRwLnpemkHX6kpF6y+6+HQbF/xg7Mqf4HqpJjd6CTA886vf7eFTpx8xSXOdbezLRusvjum/3Khbzs8utZXVHTixKPT65cHnDvKVxrhnJqHtcVSnZiusWn1TNkOJaIwiYqwkiY0pK4TGxohPjJG/9g2hjaPo2kR9IhOPBknY0im55eZmDjH8tIiu7aNcunebYz1RUnPTXHy2BFePnqUmZkZ8qaBaeQxTEFORDCFbn3/qrAmPa0JYWuiFKzbm1YmiBa+r1UiEbkUZJZc4eFbJ2EEE9k0SHOjR9H0OO9WoG6K9zMc7+Pbk0/z1PxL3LLjtVzQv40bRi/l6k0XMhTr2+ghhhFGC8P+4/t234Vqea4oXF0VhWcXss0VQeT6lcHyXNq+/H6adEXX4Yqj7RXd0nEq5MIOOmYFRAHnlq2AsOPPhkc/OKvy5x1nt9k7zm6zY/jVS025NteJE492dT3grMSjH50o8tdynSjh3GS9eOBvQ3UShF7K6jTfV5qvE9d6UdGJDY+t8BX//t0GOnHyFZc4d52vKPEXgF7s+CvjsWt9RQVn1zx6x7mjfMWFPrTFCWRisFRnLDvDEjvW64vC5KVY36eJTl4T6IkBNu3eh7EwTSzeQzSmE0vGkLEoSysZInOrjM+v0BOLIIwUQ8k+BpMxenuTxJJJ9HgMKSR5JFkiZIkDeuEYykJa3BZj89rU+m9lINBS865f73zrJIxAQqZXN3oILYnun0DNriLzWURiEIS14FZIkzdrcW4UQ8gTz2Ia30MMPYU2ehHy0lsQA9s2eNBhhNGaqJkslWU/KNWoySnPVndRk7G5v7gfKMsld6seIGqm6JRtjtsankLGJuOQVZv16lwH5+rn2+Feg28VzjW5Xh0hPOPslj9/OKvy5w1nt/z5wbkhf6Uu0R/ernXiC+cW6MSJR7868cijV5xV+Wu5ThRwbiu9NMtXasoFpBMnHiue31xf8YNz4L7iFH51Eqhe/Pl3W+jEyVf86qRTfUWBv0B8RUUn3eQrzdKJR5y7zVfE9HHklstKdbZoaV7JpzFjCayJTAFCUpzUlICQEomOoUUYGNvCqsyhRyPomkksHsHUIixnJcmeCKsZg5HREcBk65ZxtEicaKKX0W07ET1xMvlVDMMka0YxIj1I9AJqonS+URwHEj2fZkxmkJISztrKpGsefeskjGAik9roEbQkunQCVWKefhLjxX/FPPU9yKcRg9vR9t6Atv1qtM37IDGM2HoAKQRMHsY8+k2MZ/8J47n70C/7AfTLfhDRP77RBxJGGE0NIQqTpYVJVE0rW5GKzXegluxPILFuS7n+3agUjLh0pbZ4JVGU5+L+yu4v1KsdoE1WaVLKTbTquEHaZ6mQCzvomBUQBZxbtgLCjj8bHv3grMqfd5zdZu84u82O4VcvNeXaXCdOPNrV9YCz6oovzzpR5K/lOlHCucl68cDfhuokCL2U1Wm+rzRfJ671oqITGx5b4Sv+/bsNdOLkKy5x7jpfUeIvAL3Y8VfGY9f6igrOrnn0jnNH+YoLfWhLZzFzaUQ0AUhims6uxWO8Mvqqwk7LB4D1m8BSEAFMAbFEAm14AFMaRHVBLBoBTWPNkEwvrzIwN0c8EWd0+xb6BwfRE32IeD8iEcdAksubpLI5ciJBXo8jhYaOdDxZd80fIaoJCsNHmHm05SnXr3e+dRKG75D5LBjt9pNWzYnum0A18+Qf+wz5h+9GZpYh0oNIDCKXJzGOfQvRM4B+1a1Erv5p9ANvRz/wdshnMKePYb70APkn/prctz6C8dxXid70QbQ9ryuVllIyNzeHaRhsGhnBNE1eOn6cbDbLFa96VWm7pcVFTk9MsLK8QjKZYGxsnNGx0cKL33osLiyQy+VI9vaSSCSYnJzk7JkzGIbJlq1b2LFjR81zAHK5HGcmJphfWCCfyxONRYnFYkR0HSklmzZtYvPo6DokpsnExATzc3Ok0xkSiR527trF0NDQ+rEheWl5EpBsS46Q0OMV+8wYOc6szZI3Dfb0jXNmbZZ0PossvBoZ0iSmRdmWHKE30gPAdHqRl1bOctXwPuJ61JGyg3MvMtozyI7kqOM2YTQnyj++X1p5qpXdlrIwSWq5j0RifYy/7Hbx8apmBqeMTS4z8YpQNUWnXF1WyoJJK2RsMg5ZtVmvznZNJfbP94Jz4CuFnJoSl/z5w1mVP284u+XPD84N+St1if7wdq0TXzi3QCdOPPrViUceveKsyl/LdaKAc1vppVm+UlMuIJ048Vjx/Ob6ih+cA/cVp/Crk0D14s+/20InTr7iVyed6isK/AXiKyo66SZfaZZOPOLcbb5CPos4+STmvteXeNsmVzmdz2DGkmXHIEpJINGkBKFhCp3EwCBGTCdv5OnRdBLxGFJonJ1bJJ0zSESibB7dR6Kvl0iyFz0eR9Oy5DNZVtI5FjMxRP8QmohgCgCzcp9Yp7iez7A1vwyaVsJZm3ulhENL+q8wfIdcmtnoIbQsumwCVWI8/zVyD9xlrTpNDBG57mcRWw5YIps6gnHiUfKP/x/k7EvEfvTjIHSIxNG2Xo629XLE0A6y9/0O5pmnyX71t4jf9teI4V0A5PN5Pn33pzh18gT//Q//kINPPsn/+sj/pKenhy//0z8ihODkyZN85s/+nEPPPMPy8jJr6TRXXnklv/7B3+CCffsqRvv5z3+eg997kp95939A0zT+7FOf5qmDB8kbeS699DLe8wu/wJtuejO6rpeek8vl+OIXvsCX/uFLbNu2lUQiydEjR1hYXOSSSy4hlUrxtre9jR/7iR+nOPl6/ze+wV//1f9F0zTGx8eZmZlhbHyM//TzP8/Fl1xiHZtpcsfjn0BKyZ2v/kUuH9pTMdbTqRn+8/f+jPnsMn/7xt/hzsP38vT8cfYP7GB37zjPzL/EYm6Vm7ZcxS9f8sMMRnt5eOowf/Tc5/nz1/0alwzusmVsObfGex/5GLdf8nZ+dt+/C+xMCMNdlDcjNZOpsuzj/VVGW++K4HpdHFag2uRCndoB2mSVJqXcRKuOG6R9lgq5sIOOWQFRzZsNfzXZB862/Nnw6AdnVf684+w2e8fZbXYMv3qpKdfmOnHi0a6uB5xVV3x51okify3XiRLOTdaLB/42VCdB6KWsTrgC1YE/Gx5b4Sv+/bsNdOLkKy5x7jpfUeIvAL3Y8VfGY9f6igrOrnn0jnNH+YpLnehnDyF3XgWxJAJBTNPYuXCME6PXgNQKOxel2lb94t4FET2GzOWYmZnn5VdOk84ItEiCnJbh3EqeQ8fOYOhRLliD4c1pkn29aLrGasZkKqXRM7QDQ+9FINAwQUiQZfuyTjx2zL1AVNdKOGPkiMydKOHQkv4rDF8hM6uQXdvoYbQsumoC1TzxGNn7fseaPB3eTeyW/4625/XrG1x4E5HX/yLmicfJPXgX+Sf/lsi176qooR94O/GxS8j+3XuQC6fIfvnXiP/s5wGBpmk8/9xzfO+JJ/j8393Lv3zrm1xzzTWkM2mEEEycPs3H//hP+Kl3vIMP/d6H0TSNhx96iD/873/AB97/q9z5Rx9l/8UXl/Y1cfo037z/fnp6etAjOne8//1s3jzCkReO8Jv/5b/w/jvu4GOfuIvvu/lmAKSU/Nff/h0efvghPvGnf8rVV18NwNLSEr/83ttZWFjgU3/2aZLJJABrqTU+99nP8kd33sknPvmnvPFNbyIajSKl5Pc//GF++idv5c4//iNufutbiWo6RxdPY2KSN/O12EqTo0unmE4vEteiLOZWObY0wS9d/Hbesfct5EyDPz/2VX7/6Xt4buEE99z4W5xLz3NydYr/e/x+/uDq/4gmRE3dTx35CidWz3Fqdcov/WF4iOqP71dMplLW5MiyJgbrcSEEZvG2KQuTpZYZFlyw5v6WX9F1MEulK7rFjE3GIas269XZrqnE/vk45To4hytQ1XF2y58fnBvyV+oS/eHtWie+cG6BTpx49KsTjzx6xVmVv5brRAHnttJLs3ylplxAOnHiseL5zfUVPziHK1C7zFf86qRTfUWBv0B8RUUn3eQrzdKJR5y70leMHJw6iNxnzYUIYBerzKamSPVtoXiKUXpUFIZj/T8iJKSzrC2nefbYCSamlxDxftBjmEaeIytZzi4e4fipabZtH2V40xDJ/j6Sw6Mkx/eRl3GLVdMAbf1ALSytSK5MstNYqeBJn3sFzKwSj751EobnkEjk8txGD6OloW30AAILaZD/3j2QtX79K3rzb1dOnpZCoO1+DfGf+nPk/AnbUtrofiLX/xwgMCcOYp4+WHosErHmnI8eOcInPvlJPnLn/+Jjd90FQLK3l1//4G9w/WuuR9MsaG94wxv4qdvewbGjR/naV++r2E9vbx8A09PT/K+PfpQrr7qS7Tt28Jabv4+ff8/Pk81m+eY37i9t//zzz/Olf/gHrrnmGq666qrS/QMDA/z7t30/j4ZVg60AACAASURBVD36aMU+HnnkEe762Md480038X0330w0an2MXgjBL95+O5lMhr/6y78kk8kAoAut9FeDSdn9US1CsvAR/4gWKdync+PYFfRHEzw28zyGNJlIzZA18vzzme/ynXNP19Rczaf5zItftzBIL9pyEUZzo7wZMc11MypOlhZNq/zKK9hkYZOlQ67af3md2gHaZKemxGl7h+P2Mu6aXAcP11fOq7dzairttgtwvPXw8Ipz3e3L6gY67gZ4eMXZLX9+cG6Ig3AC2h3ODXmsKdfmOnHi0YkXRZxVzzuvOJcBXptt6rZcJwo4N10vHs47rzgHohOncdfbvg4OzfYVPzir8heoTorZjU4CPO/8+ndb6MTJV1ziXHc727LB6rtj+i8X+rbDo2t9RUUnTjw6vX55wLmjfEVhvJGzzyJWFyrwuGL5BfR8mtpZReu9nik0kBqxWIxcJsu56UWmF1LMr6SZnJlncmae5ZTBmpZkxYhzYnKBF46c4JWTZxDxAXpHdpIXMYxIDKmBFhEITUNUzS/o+TSXzx+pHHdujcjMi8rnnW+dhOE90iuQz270KFoaXTOBKhcmMCeeAkAMbkff98b6T4gmibzhfY4Pa3tfj0gOA2Ac/eb6/bqGYRj89G3vYHy88kemhoeH2bZ9e02tvXv2IqVkdna24v5YLAbAzW+9ueY5N9x4IwBnzpzBMAwATp86DcD4+HhNw7Nt+3aEEBw7dgywru7c/8//TDqd5vts6o+NjXHR/v288soJzp45Yx2b0Ep/1RHRNHShIxBoQpCIWBOoMW19EfN0eoG0keO1o5ehC42za3NENJ3p9AJ/dvSrmGVXnDJGjr8+fj950zq2mfQChjQJo7VRmjy1u7KOqLqyW7jKVMiUZ2mThUO2277GxIsDtMlOTYnT9g7HHeS47fCoWdng1MRXb+fUVNptF+B46+HhFee625fVDXTcDfDwirNb/vzg3BAH6QS0O5wb8lhTrs114sSjEy+KOKued15xLgO8NtvUbblOFHBuul7awVdqygWr73o4NNtX/OCsyl+gOilmNzoJ8Lzz699toRMnX3GJc93tbMsGq++O6b9c6NsOj671FRWdOPHo9PrlAeeO8hWF8WJk0Y8/iCx8ulQiiWqCK6Yesz0EKQQ5QzK7uEI8uYmFNZO5lQyZjMQwNExTYOQNUmtrLC8vsrg0TySqc/Gl+7nhDTewd+8FRKJRQCARIATl7+6FEKW/y6ceJ1KYciiONzL1fOXxuzzvfOskDG9h5JBLs42367LongnU5bPIlWkAtG2vAj3W8DmiZ9D5seQmSG4CwDxjrZ4UQpQmFy+86CJX48rn8zz//HNIKUurUosRiVqTj1u3bat53uhm6weVzMIEI0Bvby9gfQ9qdSwtLiKlLE3KplIpjhw5Uvr39554gkPPPMOzhw/z1MGneOzRR9E1jdWVFVZXrVW7utAwTJMjS6c5NP8yzy68Uvo7unianJmnOG9bnDgtrkp9au5F/uT5L7C3fwsfvurdAJxcneLK4QvY1TvGd849zbMLL5fGe2jhZT599B/56b03ATCXXSFznvxyW1uFKHzM3m7ylPUru0Xi7a4ISig8z/sV0qZd0XUqG/CV6I5ZAVFnvPXw8Ipz3e3L6gY67gZ4tN1KIadx19neMfzqpaZcm+vEiUcnXhRxbvkKCJf8tVwnCjg3XS/t4Cs15YLVdz0cmu0rfnBW5S9QnRSzG50EeN759e+20ImTr7jEue52tmWD1XfH9F8u9G2HR9f6iopOnHh0ev3ygHNH+YrieLX5k2gvPQoFnAH6dMFFk4/UHoIQrKymOPbSCbSeAVJmDytZQcaQmLLwHtHMo5s5YjLL1pE+brzhOt5442vZMr6ZaESgC6uWkCbFqc/y+Ush4KIz/0avqByvPnMMfWWq8vhdnne+dRKGekgTc34Syuaqzpfomu9AldkUFK6u1JsYdR1CK7wog1w6s353QbCRsh92Ko/FhQW+/e1v89yzz5HLZTENk6WlJYQQpY/QF6M4GVt9v7UfK+v6OkVXX3M123ds59ChwywtLTEwMACAYRg88J0HEELw5pveDMDa2hrptPVlvk8ffIqTJ06i6xqmKTELK1qvvPoqrr3uOoY3bSrtIyfzPDx1mJeWz1oTqtLAkCbzmWXSxvrybF1Yx/8/nvkcf/LcF1jNr/GTe97Mz1xwM2M9QwCcTc3y1m3XsjUxwkefvZe7j/wjn3zt+zGkyV8fvx9d6Lxn/y38xbH7WM2vkTLSJAsrW8NoTUhZ9cNR5d+JWmxSqpobilkKEIXb1uxpKZevaEUIKH8c+8laW3dzMkW3Vxodrjha+1fM2GQccr0VD9UZm+zUXNo8H6eMTcYh16tT3Zwo4OyWP384q/LnDWe3/PnBuSF/0kEnini71okvnFugEyce/erEI49ecVblr+U6UcC5rfTSLF+pKReQTpx4rHh+c33FD86B+4pT+NVJoHrx599toRMnX/Grk071FQX+AvEVFZ10k680Sycece5aXynU0ScOYvZtIr/lEus3LpCMixy9E//Ks1tehxGJg5Cks3lm5haZX0px6MVXGBseJbppM7lYnOxaFkwTXZpEhGS8P8Fl+3ayY8sIupBIM4cpNUx0pBAITIQEExBogImeT3Ng8hGSohJnbXmSyMyLzq9zDXj0rZMwlEIiYXHqvPvofjG6ZgK1PMonPD1HdtWalAUwan9UyS6+8qUv8yd//Mdc++pXc8f7f4Vdu3YhhODBBx7gn7/+9dLq0GKYhY+sWy8elVG8KxaLlVauJpNJ/vqee/jQ//e73PHL7+O2d95Gb28v3/nOdzh69Cif/PSnuObaawHQdR1NsyY57/jV97N7925Xx5DQ4/ynC9/GZUOV259aneZbkwdZyVuTsjkzj0Bwx6U/wl8c+xqnVqeR0mRz3Jq8XsyuMpNZZFtyMz+95808NvM8Xzr1MLdf/HZSRoZHpp/lP1/+U2zp2URcj7KSW2M5t1Z6fhitCSEKPxhVlmUxs96kaEVzkgIEhWanLIvajCzclhR+SKrsthCl/Uu5Xqd2gDZZpUkpN9Gq46ZwfDVZKuTCDmpyOX4oNIPlTaFdc2lbF/e5mrc6/JWyD5xt+bPh0Q/Oqvx5x9lt9o6z2+wYfvVSU67NdeLEo11dDzgr8ehHJ4r8tVwnSjg3WS8e+NtQnQShl7I6zfeV5uvEtV5UdGLDYyt8xb9/t4FOnHzFJc5d5ytK/AWgFzv+ynjsWl9Rwdk1j95x7ihf8agT7cUH0HqGYGhrCe8+TXDg3CO8OHgpi/ERzkzOMjk1i6bHuO9r3+SmG19NtH8YPdmPTOWQ2Qy6MOnv6+VVl1zARbu3IfIZsukUiUgfhmliIMiagpguERgYaAg0elem2LfwHElRiStrS0TOHraO2+PrnW+dhKEUcmUe0qsbPYwNi675CL+I94FureQ0Tx+E3JqvenJlCrlqfaeD6Olfv7/QZZR/nydYq0D/50c+AsCvfuAD7N69u/BiB7mcNQGrVa1aLa4EtWtc8oVJ21gsVqoDMDQ0xP79+9l/8X5mZ2c5/uJxbrzxRv7+i1/gLW95S2m7vr4+hoetlaAnT9j/WFZ1GNJEOry6SGTFOM3Ctj16jE9c/z7iepQ/P3ofj81Y311yOjWNKSWj8UG2Jzfzi/t/EFNKPv78F/n4c1/g6k0X8WO7biSuR9kcH2Q1n2bFJ2dhqIfdx/eLGVnW5BTIL54fJpW3S4+XZ+GQC48X/8rr1IS0yfVM0SlXl7Ubr8txV+RqHMrwqFnZUK9Zr852TaXddgGOtx4eXnGuu31Z3UDH3QAPrzi75c8Pzg1xsH2X2wBvFb3UlGtznTjx6MSLIs6q551XnMsAr802dVuuEwWcm64XD+edV5wD0YnTuOttXweHZvuKH5xV+QtUJ8XsRicBnnd+/bstdOLkKy5xrrudbdlg9d0x/ZcLfdvh0bW+oqITJx6dXr884NxRvuJRJ8LIoT//dViYQEqzhHufgAPzzzJ88nu8+NJpTpyYYGZmhsnJc3zhC19h4swMOVOgxRLE+gYY37mHK6+5jmuvvYYdW8cY6k8QjegIPcbSioEeHWByap7iqlMhDLZNHeTS+cMkhVnpA2uLRCeehMKnXL2ed751EobLkMiVWViZ3+iBbGh0zwRq/xZE3xgAMrNM/qnPQz7jsZrEOP4dyKet2iMXWPdKWVo1Wh2rq6vMzszQm0yS7E1WPbZSeMGvfE7xu0xzudrlz8XHNL2Sor/97Oc4+OSTfODXfo3b3vlO3v1zP8sb3/Qmenp6KraLRqPc9JbvIxqN8pUvf9mxQVpcWCg9ZmJiStP2x5zy0sCQBqaUmFKSMixsc6bBZUO7+Y0DtyKE4H8c+hwTqRlOrFrfYTIUs7639U3jr+LSwV3885nv8t3ZI7xj701ECytktyY2sWZkWMiu2I4xjOaFXVNpmhJsrwAXr4ja5NLJXXZbOmRsMlXioKJcZXZqSpy2dzhux+xh3HZ4uL5yXoNznebSZvugxlsPD684192+rG6g426Ah1ec3fLnB+eGOFSbiBu8VfRSU67NdeLEoxMvijirnndecS4DvDbb1G25ThRwbrpe2sFXasoFq+96ODTbV/zgrMpfoDopZjc6CfC88+vfbaETJ19xiXPd7WzLBqvvjum/XOjbDo+u9RUVnTjx6PT65QHnjvIVHzrRsikih/8Jbfo4kvVJ1KiucUUixfu2TXGxmGJudgYhTI4dO8Yzh54jZwiS/YPs3LuPN33fW/n3P/wjbL1gL/G+fnoS/URjCUwtjtQSSD3Js8+/xNxiis2zL3LtqQfZk58joomK8Wqrs8ROfReRW/N93vnWSRgNQ5oGcn4SubKw0UPZ8OieCdSBbWjjl5Zu5x/4GMaL/+qpllyaxHjuvtJtbcerS/828sVVo5UTkr29vQwMDnL27FlOnTxVuv/0qdN86YtfREpZ8+NPqZS14jKbrZ1ATa/Zr8Y8e/Ysx48f56/+8v/w0IMP8vhjj3HwySc5efIkhlH5Jb4/8mM/ytt/+Ie575++yv3f+EbN44eeeYa//Mxn1o/NNMmbJnlZ+2XARtn9edNgtTC5XLzvPRfdwm1738ITM0f51e9+khMr54hpUYZj1urdqBbh3Rf+e3KmwaWDu3nN5nWuxnqGyJkGZ9fOv19x2+gofleptaK68rtLy6/smqb9lcDiSuxiLr8iKIX6FdKasLuC6NSUOG1vVzbgK9EdswKiznjr4eEV57rbl9UNdNwN8Gi7lUJO466zvWP41UtNuTbXiROPTrwo4tzyFRAu+Wu5ThRwbrpe2sFXasoFq+96ODTbV/zgrMpfoDopZjc6CfC88+vfbaETJ19xiXPd7WzLBqvvjum/XOjbDo+u9RUVnTjx6PT65QHnjvIVnzoRRg79ua+jnXwKs/CVfEX8R/oSfOD1O/jIa6K8fWeeCzcnyJuSgcHNXHTJZbzujW/m8muvY3TnHnp3XkJsdBdGTx9mtI9UXqN3ZAt6fo2r9EmuOHU/F6QniWu1etEWThM99XjtylOP551vnYRRN6SRQ85OIDOpjR5KW0T3fAeqpqNf8aPWpKmZR6YXyd3/+4i+zf+PvXuPj6I89Ab+m5ndTTaQQK5AIMglJbRJNQh4BCstBW9tBY72FeodW20Penqz7WlPj7b1vOftObW+r+2p9rzHWrS1HvBtOYKtQkVRqMQKSLSJGkq4hevmRhKSzWZ3Z94/ZmdnZndms/dskt/388HJ7s48++wzGWb98VwgzlgYdzFKfyeGtt0PpeuoXm7NVeprioJAQA1BI0NPSZJw39/fh/94/Of45v334/pVq+Dz+dDZ0YEbPvtZHGk9gpf+8CJq5s/Hmr/9WwBA/wW1x+XAQPQvo9erBpS+QV/4ZgEAt952G95991385NFHTfsLgoDS0lLc8Nkb8dWvfQ2SJKGkpAQPfP97AIBvfO3ruPiSi/E3ly9BXp4LBw8eRF9vL7781a9BEAT45SAkUUS+4LLsZRtUgnCKDhQ63RgI+uAL+lHodMMb6uXrFB34Ys1n8Nq5d9DYdRin+jsw2TUBbsOiUDfOvBL//v5/Y93s5abFomZOqECh040ePy/KbBMA88JREVsBAmSE5kAFQl9SYHoMWP+LoKLoWxh7bFhtIVjf26z+BTHWl5JYN1FjsYL6guVWSWAbeoOobSI9IOy+FFp9ubQsN0a72rRz1FaIsU2hnS3Pn8V5TKWdEz1/ybdzvNvk2znera1Ur5eo4nL8OrE7j1blJtHOCZ3HVK6TBM9f1q+ThNo5w9dLEudvRK+TdFwvhnIyf1/J/HUS9/WSyHVicR6zcV9J/f6dA9eJ3X0lznYec/eVhM5fGq4Xq/NnOI9j9r6SSDvHfR6Tb+dRdV9J03UiHX0DQn8ngrMWQ3BPMp2HWWXFuKNsMu5cXI3j7d1o7ZeglF0E10QnJouD6BsCJhWVodB5FqLgh3L+FCbLfhS0/wUuxY+6D000lGdoPzkAx7n3IfWeyq3vX2RDgdLfo855ajMKezwSFC3CHwsCPgxt/x6C7/w//bm8iZBqrobz41+HUDTN/tihfgSPNcC/4/tQes+En3YsvBXOa38AAFAUBWfOnEEgEMC0adPgdDqjimn3eNCwtwED3gHUzJ+P+vp6CIKA7u5udHR0YMb0GXAXuAEAnnMe+P1DKJgwAcXFxaZyvF4vOjo64HK5MGXKlPDz27Zuxa5Xd2HZx5fh4ksugTs/H4ODPhw4sB8/f/xxnDp5Ct9/6CGsXbc2vPgUoPaE/eCD99HV2YX8/HxcfMnFmDV7trn5lCAkQT1GCN8BVLKihP8iFAS1F6pDlCArSvgYQB3SLwlieFEiQTCXpYT/8tYFQ/OwRO5Lmed5oDAUhirR29BNVDTctMO3MUG/nUXdrEV1C0GAENqanjfczQQBMN/dImTopmioVvzbRKoT/hKQwpd1q63F8bYVTqTGwzZAcu2c1Nsn3M6Jnr/k2jne85daO8d7/lJr73jPY2rtPAavk2HPY3LtnOj5G5XXSS5dL6PyOsnO9ZJaOyd6/hJr50TPX8LtnNR5TO3vpfF0nUQVm9HrZRTdVxK5TnLpeknq/I2S6yQHrpdsXidwuBCsvBjyRQsByZnYdZHAfUU6fxyS568QlEAGrpfk2pnsKb5+KL2dQNA//M5jzOF/aIj5+tgKUAEovacx9Nw9kM+9rz8pShCnfRTS/GshVsxXg1RXASAHoQz2QelsRfCD7ZBPHYTSdy58mFAyG3k3/Wd4DtSRdmD/fvzDN7+Fb//jd/DJFStMAWkwGMSrr7yCL9/391j3uc/hW9/+B7jd7hGsLY0G7Q+oUyyIoXBT22r/0mkOVfWvDGLoXiWGntSeFwyPFSW0X+jeBkTf89Sergne6xK811oXnKYvWTHKSeeXwthfUjL05UrbpvlLofV5TOVLbGLnL53/82TbAyLJdo771y7pdk70/OX4dZLQecz8/4xk/jrRtlm+TnLpekni/CXfzvGev9TbO3fuK5m/TuL+dU1GPNdJGq+XMXGd8L6Sne9fvK8k385xn8fU/14aFfeVDF0nsqsAysxFCE77CATRkfj5sdmKPacgtf81NNfpKLpOxiklOAT0dkDxjd/FvYcLUMfOEP4QoagSrhv+HUO/uxdyx2FADgJyEPKpRsinGgHRAcE9CXCqASp8fVCG+mHulixArFoI16f+JWfCUwDY8rstyMvLw4JLLzWFp4A6hcCKlSsxYcIEFEwogCRJI1RLGk30m4/65cM0nF8wbwEBEMz/0jvcv8wbt4Kol6NtZVmGIIjh8uwrGMcWMbaRxSpK6CadwBYWW9hsE/2yHrlN4MtjZDtDiG7n8BY221jlCELS7Rz/d+5U2jnR85dcO8d7/lJp52HPX/hbYmrtHfd1klI7Z+E6sTuPqV4nSZ7HZNs50fOX9eskgXbOqeslU/eVqOLSdJ3YnUfT8Zm9r6TSzmm/r9hJ9TpJ6/WS2v07J64Tu/tKqtfJaL2vJHD+0nJfSeQ6GUv3lUxdJ0m285i9ryRwnYhDA1D++jrEEwcQLJ0FsaQKweKLIEhO+/NlsxX7zkK84IHQ3wkhMAhk+L6S8nUy3gV8UHwD6hynQ4MjXZucN+YCVAAQSmbD+an/hcDunyB4ZA9MV40cgNLfCcB+wSKhbC6cK74Noaw643VNRH9/f+gvFmtDQ0MIBAKoq6uDy+XKYs1oNFPvNaGbp2DYImKrqPtB2z98HEL7IbxfeH/DFhGPw88byosiWGwT+ZJivIkaixXUFyy3SgLb0BtEbUPtZtom+qXQ6kuJZbnW7Wq5NZ4341aIsU2hnS3Pn8V5TKWdEz1/ybdzvNvk2znera1Ur5eo4nL8OrE7j1blJtHOCZ3HVK6TBM9f1q+ThNo5w9dLEudvRK+TdFwvhnIyf1/J/HUS9/WSyHVicR6zcV9J/f6dA9eJ3X0lznYec/eVhM5fGq4Xq/NnOI9j9r6SSDvHfR6Tb+dRdV/J1HWibX0X4DjTDOV0E0SHC3JxFTCxHEpBMQRXPhQpD0JBMRRBhOi7AMhDkOQgFG8vxIAXQt85iHLAcF4zf19J+ToZDxRZzcHkIBAMAsEAEAxA8fWrP1PcxmSACgDi9Hq4bvpPBJtfQOCd/wf5xFvDHCFAmFgOxxUb4Lj0c4CYe03z8U98HK++8gr279uPa669xvSa1+vFPz/0ED78kY/g6muusSmByMwUmkYuJCXoWzniy46s6DdbQN0PwvBb7S5n/JdGYznRFURiN0W7rcXnVquTwBYWW9hsE/2yHrm1+lIJ6+Nt2xsWW9hshz1vybVzvOcvtXZO9Pwl187xnr9U2nnY8xf+lphae8d9naTUzlm4TuzOY6rXSZLnMdl2TvT8Zf06SaCdc+p6ydR9Jaq4NF0ndufRdHxm7yuptHPa7yt2Ur1O0nq9pHb/zonrxO6+kup1MlrvKwmcv7TcVxK5TsbSfSVT10mS7Txm7yupXieBIUjtR6C0t8Y+b9DXzgAEBEPHy+Hf4xjbuBsuVjk27UyUAWNuDlQ7cvshyIdehtzRCqXrGOD3Ag4XhEnTIZRVQ6peDnFqLSDlds/N5//7v/GbZ57Bh+bNw8KFi+B25+PMmTN4s+FNzP/wfPzdhg0oKCgY6WrSKOHR5kAV1LuN1VZRtLlR1TlNgdBXB0GdA1WBeU7U8GPFPAeqogCiGH3PA4TE7nUJ3mutC07m5pzYTT/lL4UxvqSYy42/uok2m/olK5V2jvc8ZuPLlf6lOLl2jvf8Jd/Ocf/aJd3OiZ6/HL9OEjqPibdz7l0n2jbL10kuXS9JnL/k2zne85d6e+fOfSXz10ncv67JiOc6SeP1MiauE95XsvP9i/eV5Ns57vOY+t9Lo+K+kqnrZBTfVzJyndC4Ne4WkYpJDkLx9QHe84AcAEQJyCuEkF+U88GpJhgM4tChQ3jjT2/gZNsJAMDEwkJceeWVuPiSS7hwFCXk3D9NDC8QFbWQFARAUP9FUZv7VAhtAfXmqd0WBah3PSF099MeI3SThfH5iLuZIIiGxxEydFPMxpfezHxZjz4+G1960/slfZi3T7idEz1/6fyf2ujjs/GlN9X2jvc8ZuNL76i6ToY9j8m1c6Lnb1ReJ7l0vYzK6yQ710tq7Zzo+UusnRM9fwm3c1LnMRNh6di8TqKKzej1MoruK4lcJ7l0vSR1/kbJdZID18uovU5G7L6SXDsTWWGASkS2zv1TIQRBvdcIgnozFaCHnuZQ1dzTFIL+FcKuB6oQuolp9zj2QM3El/oMfbnStmn+Umh9HrPx5Urd5lxPIUM7x/1rl3Q7J3r+cvw6Seg8Zv5/RjJ/nWjbLF8nuXS9JHH+km/neM9f6u2dO/eVzF8ncf+6JiOe6ySN18uYuE54X8nO9y/eV5Jv57jPY+p/L42K+0qmrpNRfF/JyHVC49ZwAaoY81UiGtOU0N1E/W/oXwphuCkatgDUuWxMx4W2isVWsNla7W93V1MstrFuinbbyGLt6pFkva3aI7L9Yn75iNzG+lITeV7SVN9Y7ZFsO8fc3/RdMI31HqY9km3neM9fKu08bDsow3z7S/V6iSoux68Tu/Nod14SbOdEf++SbWdDg0dvLf/fKcvXSQLtnPHrJRfuK1HFpff6jtUOmb6vpNLOiZ6/tF4n2jae6ySNv3ep3r9z4jqxu6/E2c4x97MsNr3X96j5/hXH9W3VHmP2vpLIdWJ3Hu3+/kqinUfVfSVT10mc7ZyL95WUrxOiBDBAJRrH9Jscom+aMG+1/S23gsVWsdla7R8qx6KC0Vu7LyV2+1sVa1ePJOtt1R6R7Wf7JT5yP7svI1b7pbG+sdoj2XaOub+h3LTWe5j2SLad4z1/qbTzsO0g2DV0fO087HmMKi7HrxO782h3XhJs50R/75JtZ0ODR28tys36dZJAO2f8esmF+0pUcem9vmO1Q6bvK6m0c6LnL63XibaN5zpJ4+9dqvfvnLhO7O4rcbZzzP0si03v9T1qvn/FcX1btceYva8kcp3YnUe7v7+SaOdRdV/J1HUSZzvn4n0l5euEKAEcwk80jrW3t0MQhLj/ALB9rP1s3Mb6OdZzRERERERERETZ0th0NObr7IFKRGnDf48hIiIiIiIiorGGASoRxSVWOMrglIiIiIiIiIjGKgaoRDQsq4A0XYEqw1ciIiIiIiIiymUMUInIFsNNIiIiIiIiIhrvGKASjXMMSYmIiIiIiIiI7DFAJRrH4glPGbASERERERER0XjGAJWIAOhBaeQ23uOIiIiIiIiIiMYiBqhElHBomur7EBERERERERGNFgxQiShhDEKJiIiIiIiIaLxggEpEUdIZkDJsJSIiIiIiIqLRjAEqERERERERERERkQ0GqEREREREREREREQ2GKASERERERERERER2WCASkREKeW5xgAAIABJREFURERERERERGSDASoRERERERERERGRDQaoRJQQRVFGugpERERERERERFnDAJWIiIiIiIiIiIjIBgNUIiIiIiIiIiIiIhsMUImIiIiIiIiIiIhsMEAlIiIiIiIiIiIissEAlYiIiIiIiIiIiMgGA1QiIiIiIiIiIiIiGwxQiYiIiIiIiIiIiGwwQCUiIiIiIiIiIiKywQCViIiIiIiIiIiIyAYDVCIiIiIiIiIiIiIbDFCJiIiIiIiIiIiIbDBAJSIiIiIiIiIiIrLBAJWIiIiIiIiIiIjIBgNUIiIiIiIiIiIiIhsMUImIiIiIiIiIiIhsMEAlIiIiIiIiIiIissEAlYiIiIiIiIiIiMgGA1QiIiIiIiIiIiIiGwxQiYiIiIiIiIiIiGwwQCUiIiIiIiIiIiKywQCViIiIiIiIiIiIyAYDVCIiIiIiIiIiIiIbDFCJiIiIiIiIiIiIbDBAJSIiIiIiIiIiIrLBAJWIiIiIiIiIiIjIBgNUIiIiIiIiIiIiIhsMUImIiIiIiIiIiIhsOEa6AkSUBYM9wNE/A+/tAM63AUffBABUAPDPWAi5aDqGqpcjOHMRlLyika0rEREREREREVEOERRFUUa6EgDwxr5mNDYdRsvhNngHfQCA0uIi1FRX4fqrl6KshKEOUVL2/gJ49VFgsHfYXZW8Qgwu/Tv4Ft4KQRAs/wCwfaz9bNzG+jnWc0RERERERERE2dDYdDTm6yMeoHZ09eKpTdvR0toGAHDnu1BVWQEAOHTkZHi/lcsuxdrVy0ekjkSjUncb8Ju7gbPvJXxosLwGA3/7EyiTZzBAJSIiIiIiIqIxLacD1LZTHjz8+HPwDvowb84MrLpmKWqqq0z7vLGvGdt27EVXdy+qKsvx4P23j1BtiUaRM83Ak2vj6nVqK78I/et+CXnKhxmgEhEREREREdGYlbMB6oDXh4ce+RU6u3uxdvUnsHLZwvBrO3cfgHdwCFWV5aivq8aA14eHH9+Mk6fbseLKS7FuDXuiEtnqbgMeuy618FSTX4T+O39r6okKMEAlIiIiIiIiorFjuABVzFI9ouzcfQCd3b1YsqjWFJ4CwLYde7Ftx148tnErHnrkVwCAb25Yi5LiIryy5220nfKMRJWJRofffCE94SkADPbCveXL6SmLiIiIiIiIiGgUkr7//e9/fyTe+LGNz8PpkPDVez4Lp9Nhem3xgg+jproKPb39OHriLJo/OIqVyxaiwJ2PxqbDGPIHseCj1alVwHsce57diCef+2+8tONl7NrThJOOCsy9qAR5qZWcgCY8/a2n0X3JFZg9IWtvSmPZ3l8AB3+X1iKF/g4gvxDy9Hr2QCUiIiIiIiKiMees53zM1x0xX82QtlMeeAeHUF87FwXu6LiyrKQIZSVFWFBXjYcf24xDR06i5XAbrlhci6c2bceh0IJTyfNg13/8XzTW3IcH7qiEEwD8HjQ+9yR+sevz+NryihTLJxoBgz3Aq49mpGjXnx5H95yroeQVAWCASkRERERERETjx4gEqANeHwCgavrwQeW9d63Bzt0HwvvOmzMDh46cTK0CnmbsP1OD674WCk8BwFmB+lu+g/rUSiYaOUfeTHzo/g2vAhOfAX71y9j7Dfai4PRfMFS9AgADVCIiIiIiIiIaP0YkQE1EgTsPq65Zmt5C3flww4MTHqDONsP14/Sep/H0S4fQHXBg4ryrcMcty3GRG0BfK3Zt3oJdR9oxGAAc5ZfjjvtuQI0bgGcXHv7xCdTeBDRvaUbgY9/Adz5VjNMNz+I3LzSjPQA4iufhqptvwfKL1HfqPrENP3v0TzgRWRZRIt7fkdj+N7wKlL8O/N9hwtMQ15FXwwEqEREREREREdF4MaIBqtYTNREd3b1w57tSe+PCJbjpujfx6I//Eftn1uLKyy9HTe1MVLrD/VHhb3waP9tfift+8AVUOoG+xqfxs+ea8I076uBEAMXLv4QHvlAIJ/xo3fJDPPfy5fjOqsrQ0c14s/Em3PeDO1DhBPyNv8CjLzlx83d+hPpCwN+1H386EQAuAoB2NDZfhW/+rx+hEF40Pv1DbH55IR5cdVFqn5HGn+4EprYIh6c/iPsQqfdUEpUiIiIiIiIiIhrdxJF4U204fmPT4YSOazvlQVd3L2rmVqVch4rlX8MPfnAfbrmkECfefA4/+9538Y8Pb0GLFwD6sP9Ph1Cz/FOoDGWqhfUfw5zWd3AEAAprUD+3MDT834m58y5Cd3eXofRa3PCFRahw6mXNW3Uz6gvVV50li7Bce4BiXH5dPdRHbtRfMhcXuvtS/nw0Dh37c3z7JRGeAoCj41ASlSIiIiIiIiIiGt1GpAdqgTsPSxbVomF/M3buPoCVyxbGddy2HXsBAPUf/VBa6uF0V2Lulasw98pVgL8L+59+FE9uqcWPbinGoBdofvZb+NazxiNqUQsA3uPY89wW7Gptx4XBQOgl82fQG9aLQS/gzHfCmgNu80Oi3JTo/KpERERERERERGPAiMV1M6eXo2E/sG1HA2rmVsW1oJS2zxWLa9NfIWcJFi2ai+f+1IU+VCLfDdTe/iPcURe9a8uWx7DLcTu+9kAdCp0AGp/Gt96xK9iNfDfgH/QDsAtRibJoyyfVXqhf/F5ivVDzCoffh4iIiIiIiIhojBmRIfybnt+FzVtfAwB4B314+PHnsHP325b7GudJXXXNUtx715rUK+B5ET/7j11o7fLrz/W1YtuuFsxcWIdCFKL+8nloeflFnNZ28XvQuL8VfgAORz7gdiPfCcB/Grt2tcR4M7WsQ7teQGtoZL6/rxF7GjlMn9Js1t/Ev++WTwLtH1dD1DgFymuSqBQRERERERER0eiW1R6oA14fHt+4FS2tbSgpLsKqa5Zi8/O74B30YfPWXdi5+wAWfLQaBe58AMCJUx60HG7DzOkV+MaGm9JXkYqrcPPlL+DZJ/8Zp9sHEQDgyJ+GmuvuwxeXhGYjXXQH7vM+jae/9y10B9TXL7nhDtQCmLvqFtT97El891sBOCbOw/WLaoB2+7dzL7oF9/b9Bs/+MFRW8TxcdTPDKEqz4qr450EF9J6ot98F/OqXw+4eLJqeQuWIiIiIiIiIiEYnQVEUJRtv1HbKg8c2bkVndy/mzZmB9Z+7Dg898it4B31Yu/oTOHGqHQ37m6OOc+e7sOqapXHPk0o0br23A3j27owV3/eZn2CoegUAQBCE8B/jY+1n4zbWz7GeIyIiIiIiIiLKhpYjbTFfz0oP1LZTHjz8+HPwDvqw4spLsW7Ncjz82ObwYy0cXbdmOdpOeUzH1lRXZaOKRKPfnMvVeUp9GZgeIq8Q/qpF6S+XiIiIiIiIiCjHZTxANYand667FlcsrsWm53fh0JGTmFFZjnVrlof3LXDnMTAlSlb+JGDF14AXH0p70f2X/x1kVxHYT5SIiIiIiIiIxpuMLyL1s41bTeHpG/ua8cqet+HOd+GbG9Zm+u2JxpelXwCmfjitRQbLazBwya1pLZOIiIiIiIiIaLTIeIDa1d2LqsrycHj61Kbt4fC0wJ2X6bcnGn9u+YU6lD8d8gpx/lP/Jz1lERERERERERGNQhlfROrhxzbj0JGTqKosR9vp9nB4WjW9IpNvSzS+nWkGfnFTavOh5hWi629/gUD5fNtFo7iIFBERERERERGNdsMtIpXxHqjr1izHjFB4WlJcxPCUKBum1QL3bU96OH+gbB7ab/ov+Mtq0lwxIiIiIiIiIqLRJeM9UIlohO39BfDK/4mrN6rimoi+y76I/otvMfUyZQ9UIiIiIiIiIhqrhuuBygCVaDwY7AGOvAm8vwPobgPOvAf4+qC4JmKo9EMIFk2H96KPw1+1CLKryDY8ZYBKRERERERERGMNA1QisnX82OmYYSkDVCIiIiIiIiIa60Z8DlQiIiIiIiIiIiKi0YoBKhEREREREREREZENBqhERERERERERERENhigEhEREREREREREdlggEpERERERERERERkgwEqERERERERERERkQ0GqEREREREREREREQ2GKASERERERERERER2WCASkRERERERERERGSDASoRERERERERERGRDUeqBXR3d6ejHkRkUFxcPNJVICIiIiIiIiIipCFAZdBDREREREREREREYxWH8BMRERERERERERHZYIBKREREREREREREZIMBKhEREREREREREZENBqhERERERERERERENhigEhEREREREREREdlggEpERERERERERERkgwEqERERERERERERkQ0GqEREREREREREREQ2HCNdASKibBIEQHKIEEUBgoDQH2Gkq0WU8861n8eU8skjXQ0iIiIiIkojRVGgKICiALKsIBiQoSgjXavcwwCViMY8QQAkSYQoCZAkhqVEREREREREgNqhSOtTJEkCnE4RwaACOaggGGSYqmGASkRjmiQJcDjVHqdEREREREREFJsU6nwkyQICfhnBIFNUBqhENCaJovovZyJ7nBIRERERERElTBQFuPIkyEEFfr8MWR6/QWrWAtSWw23YuedtNDYdjmv/qspyrFy2EEsX12a4ZkQ01qh/yYuc25SIiIiIiIgoRaIkwCWKGPKN3xA1KwHqG/ua8dSm7QCAkuIilBUXxdx/YNCHttPt2LhpO1pa27B+3bXZqCYRjQEOpwinUxzpahARERERERGNGYIgIC9fgn9IRiAgj3R1si7jAWrL4TY8tWk7ZlSW465116JqekVcx3V09eKxjc9j775mlBYXYdU1SzNcUyIa7cTQhNdERERERERElH5OlwhZUReZGk8ynjTs3H0AABIKTwGgrKQI39ywFu58F3bufjtT1SOiMUIQBLhc0khXgywoihLXHyIiIiIiIsp9Lpc07qbMy3iA2tjcihmV5eHwtO2UB5u37sKA1wdAHd7/wh8bAAADXh82btqOg6F5Ugvceaiv+xC8gz60nfJkuqpENIq5XCLG2d/fOSGeIFQQhLj+JFM2ERERERERZZcgqP8PPp5k5dMW5OeFf962Yy927n4be/c1AQCe2rQd23bsxYBXDUn37mvGztcPhPdf8NFquPNdcLvzs1FVIhqFREmAKDE9zSS7IDOeIDRZscpmsEpERERERDRyxtv/h2dlESmjtWs+iZrqKixdXAcA2LB+NQC1t2lNdRXWrv4EauZWhfdfUFeNBf/y9xmrz9BQAP/+5BYAwN9//ga4XLGb5MC7h/Dc1tfw7S/fjOJJExN6rwPvHsJ/PP0CvnTH9Vh48byk60xEZpz3NP2sQtJ49o2W6A3VvixjHex6rMZ6nYiIiIiIiNLH6RThCwZHuhpZkfUAtaykCCuXLQw/XlBXbXrd+BqgLkJVWjIJZSVFGanP8ZNncSI0PcDxk2fxoTkzMvI+APDRD8/Bjx78IiYUsDctUbo4HCJEkWFZOmgBZKzANDosFQAIpukTzPsk3zvU3ONU/RNZXqxQ1fh5iIiIiIiIKL1EUYDDISIQkEe6KhmX9QB15+4D2LajAfeuX42a6io8/NhmeAd9ePD+2037vbGvGZuf3wXvoDpXalVlOTasX5PWIFVRgL3738Oi+hoA6s/Vs2dkbB5Fl9MBV4K9VokoNsnBcCwVsUJTq7BU20d/TQk91vcBhKhjh/t7NfKtBEGwDEyNr+vHWYeqkUP+I58jIiIiIiKi1EgOAYHASNci87IeoJ441Q7voA8DoWC0o7sXXu8gBrw+FLjVuVJbDrfhqU3b4c534fqrl6CjqxcN+5vx+Mbno4LWVJw8047DR0/hnls/DQB48tmX0N55HhVlk8P7HGs7i1/85kWca+/GtCmlpqH33T0X8K8/fRaLF8xHY9NheDq6UV9bjeuvWYpnfvsyjp44g+nTyrHhztUoL52EI8fP4D9+9QK+dPv1KJ5ciH/96bNYurgOB//yV5w+14GKsmJ84ZZPYVbV1LR9RqKxTBDA3qdJiD801XuWqs8rpqBUURSLYFSJ2Gr7xlWzOOquhavWoanaUzV6KD/DVCIiIiIiovQTRcHy/9HGmqwHqHd97lpctexSVE2vAAB8LxSIauEpoPZSBYAH778j3OO0rKQIL/yxAS2H21BTXYV0eOvg+5g2pRSVU8sAABXlxWhsOoyrP7EIANDT148nn30JM6aV4yt334ie3gt48tkXo8r54K8n8KU7VqH7fB+eeOb3aD12GrfcuBJlpZPw5LMvYvurb+G2/3GVZR3ePNCMz9/8KRROLMAv/+slvPjKW/jibZ+BJHFOR6Lh8DpJjF1waBWamgNTIRRcmo4KvW4cQp+peke+r93r5uB0uDCVQSoREREREVHqRAkIjvFeqFlPHwa8PngHh0yPB7y+qH3c+Xmm4frawlJtpz1pqUdPbz/ebT6CKxbXQpJESJKIKxbX4o23mtDT2w8AOHr8DLyDPvztpz6G8tJJqJ49HZ++aklUWZ+4oh4zppWhevZ0VE4tw0dqLsKlF38IM6dXoHrWdJw622H6zEafvmoJqmdPx5TyYtTNn43evn4M+cf4bx1RmgjMT4dlXKXe2OPUvIK9sSeq/pw5mFQM85DavZf5/bTh/PHT99frN9z76fXTntOnEDAGpELEZ7ZuDyIiIiIiIkrMeBgZmvUeqJue34WG/c24c921uGJxLR565Gl4B4fwk/95X7gXamnJJBw6ctLU21TrlaoFqalqbjmGM55O/OyXz5ueFwT1taWLa3GuoxuSKMLlcoZfd+e7osqKfK6irDj88+RJE3HqbIdtPazKI6L4sOegveF7m1r3NDUPwVd7mAqCcU5S63lHrYbzJxtIRvZ01Ybtm8uNXjzKes5U81CSyJ6p7JVKRERERESUmvHw/09ZD1BrqqvQdtoTDkKXLq5DZ1ePaQj/qmuWorHpr/jxz59DzdwqdHT1oLO7F/W1c8ND/1MxNBRAw/5mrLrmClxxWZ3ptTfeakLD/mYsuqQGU8qK4Q8E0D8wiOLQ4k92PUmJKPvEcfCXdKISCU6NvTXV3fUen8bD9WDSPO+pMbDUw1i7czJcmGoMSM3HRc6nY6yr/lrk59X21XumGsthkEpERERERJQe4+H/zbMeoF6xuBZXLK4NP163ZnnUPmUlRfjmhrXYtmMvGptbUVJchBVXXopV1yxNSx2OnzwLT2cP1q6pDgejmvq6auz5819w/ORZzL5oGiYUuPH7Pzbgxs8sQ0/vBfzh5Ya01IGIUsch/Lp4gtPIofhaEGnsaWoMSvVQUjGVFR1YanOhGgNK7bV4JxNXQnU3DsU39nzV39M60NVeN9bdOBWBXofonqoCg1QiIiIiIqIkjYf/Xcp6gNp2yoPG5lasuPJSFLjzcLDpMDq7erFy2aWm/aqmV+Deu9ak/f0VBdi7/z3MmFaGaRUlUa9PqyjBjGll2Lv/Pdz+P67G52++Dk8++xK++8NfoKKsGAsvqcG+gx+kvV5ERMlSQ0Tr4FTvdRkdOOqhqfEYfR89+IwMU43lRAeUalnaVo47fJTl6H1j9Ty1C0i1ulv1TjWHrzCFtpE9VI1bqzYmIiIiIiIiJLb0xSglKBleNePu+x/BvDkz8M171wIAHn5sMw4dORmeA/Xu+x8BADzxyP2m41oOt4XnQXW781Aztwr1ddWmhaWIKDXHj50OL6QT7x8Ato+1n43bWD/Hei4e7oKs/xtQTrHqHRkdnALGuU31RaPMq9drPVKj7wiRoWp0HSLfP7L3ZqLsQkurEFOrkzFQNQa++uuIek7v9QoY28gqSDV+nvEapJ5rP48p5ZNHuhpERERERJSDvAOje0H0liNtMV/PSvrgHfSFf163ZjkONh3GgrpqAMCG9avR2dVj2v+X/7UdDfubTc81Nh3Gth17sXbNctMUAERE402scE8LAs3D2BWLnpjG162eMwaw5mH12r52QaksRw7jHz5MNX4W4/F29TQvHGXuLWvunWrdezZyOgDrKQfMQSqH9RMREREREY1PGQ9Q62vnorG5FW2nPKiaXhH+o9GCVM22HXvRsL8ZMyrLseqapVhQV42Orl60tLZh8/Ov4qlN2zGzsjwti0kREY02Vr0yVYIpcFT3U2IOPTf3KrULTfWh8JGLOcmyEhFy6sdpQ+SNi04N97n0nqRqOdoiV1oILAhCxHsiqm7mOuphqjZdQaz6GNtDO85qsSkO6yciIiIiIhpfMr4Ey8plCwEAj23cirZTnpj7Dnh92Ln7bZQUq4tIaeFqWUkRrlhci3vXq3OibtuxN7OVJiLKMWrAaBWeCoaQUDGEodrP0b00tbK014yhq3E//X3UrdYzNHLov7k+evlWj2P9sTvWXA9zHaLrFF0X7bMZ2yGyfHNb6e2nzR+rtrE5QNbC2gzPhENEREREREQjLOM9UGuqq3Dnumvx1KbteOh//xqlxUUoK5lk2qe+bi5WLluItlMeeAd9WLlMXWDKqqyS4iI0NrdmutpERDkjVq9TPegzLrIkGFavN/e61LM+ISKcjAwUja/JMA9fF0LBpbm3KqD1SrUe2m/f8zP8U2g/Ifwe5kWwtM9nnKdUey85qodsZI/UyKH3drmn3nZa+Gr8jPbD+tkblYiIiIiIaGzKyhyoVyyuRVlxEXbuPoDG5lZ0dveaXlcUBSuXLURpySSUFBehZm5VzLIONh3OdJWJiHKCfa9T8/ygxqHnxl6l+nGmUqN6jhoDV/19EC5DD0yN85FGD/k3Hxs51D7259T3sy5L7wlqfF42DM/X62EMSfWh+8awU/9s2nF6yKz37NWDaW1/87B+46JpDFGJiIiIiIjGJkHh2EOicev4sdPhXnTx/gFg+1j72biN9XOs5+LhLsjKvwGNCPuFovQAMzIctA5JzfOTWoekxhDR3OMysgyrW0ZkT8/IEFQvJ7oXqt3zVuXF/t3Rg+XQK6aQ2Xio+fcRAKzKMO9jbGOrQNXYFpHvMVacaz+PKeWTR7oaRERERESUg7wDgZGuQkpajrTFfH3spg9ERKOU3ZB987D16F6n1qGnPsw/sjz9sX6sNqeoeai8sWzrBZsi51Q1LvSkij1sPnJuUa0exnJiLWil7astMqW9l3laA6v2RLgtzT12jeUM1xuVQ/qJiIiIiIjGMgaoREQ5xG7IPgyLRAmCeUEp81yg2pFWvUCte4VaPTbOnxo9d6gxbDXPx2pcsMk87+rwgx20/fXw1BwYa2VFhrNWnys6RI3u7WoVpOqfJfJYcy/cyCkDtM/NIf1ERERERERjDwNUIqIcESs8VR8jHNzZz1mqWASj1sGpcXGm4Y4BoudBNdYHUAx/IsPb+EJEYy9W9fPJptfNwam5DnZ11sszHqeFnObjIgNi9f303r7muhnPhfb5GaISERERERGNRQxQiYhyQHSPUqsemEo40FN3MS7oFF1e9HNWr0X3VI0+JrJnph6UqkPmjT02BVMQqpIxfIiqmPYxD9cPlSJHDpmP/DzmuU4jP0f0AlTWQar6nFVB5nBYOxfGqRKshvQzRE2UBy/926+xxRP9iiO/GHXXLMf6ZbNRkP2KZc65l/HAj97F2YqL8dA/XIVpVvv8ZTPufupk1NOOwgJU1S3ErVdfhplFGa9pSBte//VbaMEELF19LeqKgIMbH8HjTUD9nffj3o9mqx5ERERERNnBAJWIaITFE55aLRQVq9epdnysuU8BxTDnqXE/9TXtZ3PAqIWIxuf1gFSWZYugUi3PLkQ0fg6t7sayjO9rrJN9kGqut/F9RFGAOQgGjMGtIMAUCJsDanNvVK2ueshrnp9V+5khavJKZ87CnBLtkQ9tTWfQuHULfuy/DQ+uqBjJqo2c/CLUzi8JBcgBdBw/g6MNe/DPDe9gxZdvxrqLJsRfVjzBraUeNDUeQyOKUHU1UJe14JaIiIiIaGQwQCUiGiHWQ8et5ju1GrJvLEk/xqp8NdiTTftaBafR5erlmOugBqZ6wBm92FOszzucyPlNje+hv6daB/PCUUJEOdEhqjYNgR6kRs4nG10f9TVj79jIOVYF07mymhc1smcqxafqkzfiHmNvxt7deOgH+9C2520cWXEt5oxYzUZQ0Sysvc0cdvYc3IwHnjmJV/5zO+q+fyPqnJmuRB3ufaQu029CRERERJQzGKASEY2AWOGp+tg8v6g6XBww9oiMXoXeeji+Fp4qChA5r2hkr03je0QGt5GBqfF4Y49Lc7l2Q+Fjv2bVi9Wqh2lknfQwNbqnrLFcLUhVw01zL2Ajq57B5roKpnMUa15Uu/NDCSgqQSmAtr4e9ISe8ne9g2c27sJbp4MIQEJpTS3uue0qzHEDQBMeu38HGjEDd949Ads3tuBsoAg3fPduXFfowVu//T2eaeyGN6BND7AMty6rxqRQ2T2HX8bGTc1o7g4CANyVs3Dr+tW4rET9+nTmlSfw4Iu9mPrJT+P63j3YuL8XAQBFNRfj3nAdAug5/ja2PX8A+04PwBsA4ChA7ac/g3uXVSEdWeekBatx677H8ETLMWzb14O6paFP4I/4jMXTsOq21bjuognhIfcAAM+7ePD+dwHMwIZH1qKu9yje+uMebD/YjrODACChtOZSbFi/DDOd5nbd8MhaLLCsVQ9aXvkDNv7xDDpDn3n24qW4Z/UlKMt4wEtERERElF7iSFeAiGi8sgtP1dcih9LrvVK1n83PK6Z9ZFnb1/jHHEZah6fmx7IsW4aYsiyHH2vlm8sVDO8Z+SdcmumPPuWAEPEZzfU3vrexXvrz1p/F+nNHt5PedlZta25nc3nmRa30z2jufcoQNVmDOPGHBjQCwMxpau/Tc7vww3/Zib2eCaipn4XFdUXwt7yLH/7n7nDAqjqJp55oQYcjD1NnTkOVYxBvbfw1ntjfDWflDCyun4W6Ch+atu7Gvl71CP8Hv8MDP38XzX0TUFs/C4vriuE8fQxP/MtGvHTOXLOzr/4BG09MwIL6GZhdCPS2vItH/3A09GoALTv2YK8nD3PuskMmAAAgAElEQVTqZmFx/QzMdg+geevv8MwH6WqbfNTUFQMAjraeCT3nwUs/VT/jpLnq+1YFzmDLTzfj9V6gtGYWFtcUwQ2o0wLUz8Li+tkoBYDWBjy1rwvOi2Zhcf0s1M90oLNlH3782/grfOL5Z/HjF8+gp2QaFtfPwuK5DrQ17MILren6zERERERE2cMeqEREWRbdU9Mcng4/X6a+v3UgZ5yrNHpYfeT+kYsz2dVZD3Sje4eKggBBlCCKYmgXQa2lNgRfOzTiY0TvowCCgmBQhiKrP+tTCBh7vBrrYtXrVn9DQVAXu1KH7eufx3gOzPOUWreD+ZzEHoZvPofWPVE5lH94jU89grsjn3QU44Z1yzAJwMEX30Yb8rBsw9247SL15YF9v8JXNr2Ll44vw7qL9MOqPvU5PLiiMvTIg5e6AWAG1n5lLS4LPevv7QGK1Nd3bj0GLwqwYsPd4XIG9j2Lr2w6gy1bD2DlPQv1wisX41/vV+uE49tx/0+b0dt6GGcwG9OQj8vWfwWXOQ1fuUILQh08eBjr51enoaWASYUTAHQDgUDoPXZhy2mgaMkN+OfPzlaf876Fh/9pD7a92oZH1tyIe+aqc6B6I6cFWHATHl/gMPSODfU4bfoALZiPmjjq09k9AKAAK++8GTdOCT3Z24MBzpdKRERERKMQA1QioiyKNzw19z41Hx/5s97jU4l4Xo4KRo0/G+dBNfakNB5jF1RKkgOioA1iMASBemdMLb6M6hFq3Dd6HwFQBEiiaBgjEep5qsgIBoPQeqtqw+TV6Q3MdbQKhLXPqwWpViGqceEqu1DVaj5T47B9dSh/ZEjKEDUZpkWk3EWoratG3dzZmOQEAA/OegDAh90/fQS7I47t7DU+moYVyyoNjytQv6gIW148iSf+4efYOb8KC+prsbRudmj4vgdHPABQghpDCFtQMwOzcQZHT7ejDVB7bwKYWj8/POwf+RIKABjffuD0Xmz87bto8fjUIfwh3sHBxBokhp6+fvUHR2h6AY9ag96GLbi7IWLn7h4AVfaFedvw+qZdeOlwN3qNVRz0YSDO+tQtmQV30zFs/9+PonluFebNvwQfX1KdwEJVRERERES5gwEqEVGWJBaeas+Zjzf+rA+bVxcwsuodat7POsmMDhrlqBDX4ZAgaIGpku3QT30/UZAgOiRA0D5bEIGADBhSW20eUu0zqPtFh52a6JDT7jljfaKDV20fhqjpFbWIlCUJVTVVmOo2P1tTYt6nIGLezWkr7sbjdYfxesM7aGo9jG3PtGCLoxhrv34XVk5B+vS+hcd+ug+HAEytmYU6N4AuD/adiDeKjMcgWpq6AQCz55ojSnflDNRVRHzdmzsJ9nrw+sYt2NwKOCqmYfH8PAD9ONLYjs4EauScfyMe+d5RHNzXjH1NbXh961a8sjUPS+/+AtbPz0+gJCIiIiKikccAlYgoCxIPT+16mgLGxZGi5wmVTYGcuSepsT6yxXPG8hWIoghJCqVOimA3sj37QgGuAAecTjU4DgSCoc9k/gyA1YJUih4GQ2t7LQDV284YwurHWZ8j4/vo5YIhakZVYGoFAE8QRQuuxT2LJ+gv+QMYbnWmgd4eFEypxso11VgJAAc34+5nTuL1Jg9WTqnAnAqg0dOFluPAAm0If8tJHAWAynJUAeiIp5qn23AIAGpW4sF7LoET6jQD6QxQew5uxTMtAPJnYdViNRydVlEEoBfewmrcettCFIT3DsCvff2bUoGpAM56unAWCPUOPYOWVgCYhvVfvxmXOaEO/U8wQFWnQ5iNy1bMxmUrAJx7Gd/+0bvY23AY6+fXpfqRiYiIiIiyigEqEVGGWa9OP3x4qi1SZN5H62mq9nI09hI1lmfunWpdpr6/sQwBDodDDRgV5E5oakcRAAhwSCIEQYGsKAgEAogOoIXw4k7GoFnPLSOnGlCiflYUIeq1yOH++vtoQaldiAqGqGmw4FOXoqrpbTRvegIPHKxClRvwd3nQdGIS1v9rKPyz9AE2/9sf8BaKUTN/EgoQQEfrSQBAaUkRgHysXD0LLz1xDK88/gTO1pWgINAT6uVZhBtWLxwun9XNnYVaHENzyx78cONhTEVPuLdoUnqPYfOvfxcKRAPoOH4GR7uD6tywG1ajTqvYR5fjhspfY0vLa7j/31qwoDIPCPSj5YN2VK27F19dkA+gCnUzgcYTJ/HMT36PzmVVmDO3BvU1wL6WM3jmp5vRWAF0tIaC47h14fUnNmKzpwCz51egzAEMnD6GTgClxbF6vxIRERER5SZx+F2IiChZVsFY5FDy4cJTfR/j6u9qCKjtGzmfqTZPKGBcVT46zNUDWcDpcMLpcEKAmPvBqQVFESBADH+OyEDUap5XvV20MsxtB+jtp74um9oy8vwaw2s96LY+50bDLeJFNqYsx3e+uxLLZuaho+UY9jUeQ5MnD3WrLxtmoaNqXP/ZGlQV9aKl8Rj2NZ5Em78Y9TfehHsXqMPLnfNvxD//3cWoLexHc+Mx7Gvqhr9yFu7+7npcl8gQf+dC3PPli1Fb6ENb0zEcPD4BN6yekfxnHuxV66PVO5CH2UuuxAPfvQvXTTf+u3gFrvvybbh7STkmdZ1R9/+gC5PmL8Z1c7X9SvDx9Z/GskoJAydasPmZD9BTlI/LbrsBN9QUwH/6JPY1dWHSpy9FfUKVLMHi1YtRXxFEW5Na1+auAsy+8tP4zpoYc68SEREREeUoQeH/sRGNW8ePnQ73gIv3DwDbx9rPxm2sn2M9Fw93Qe53ordb7V0fgh/e03CMVS9RLdRTh/6bgzrz6/qQdOPQ/+i5UdXekgKcDgcU5NAQ/TTReoL6A37T0H7jr5uxV6jxd1cPPRXT77dWrvrY+nWtDPNTQvhY7dxH9jzN9V6o59rPY0r55JGuBhERERER5SDvQGD4nXJYy5G2mK/nfvpARDRKWc17qgeXkT0VI3tBmssxh6fRCyFZ92BF+OfIgBYAnE4HoIhRc6GOFernEuCQXAAUDPmHDO0umEJmi6MjyjEP0we0hbui51pVjzHup5Wnz11r/F3gUH4iIiIiIqLcljMBakdXLwCgrKRohGtCRJQ6+0Wj9BDUKtS0C0/V4E0LTxXDa8aV383HW8+9CkiiA5IkpT049Q56ceHCBfRd6ENfXx96+/owODgIvz8AfyAAfyAI39AQACDP5YbT6YDT4YDT6UB+vhuFEwtQVFiIwokTUThxAvLz3cO8YyIE5LnyEAgGEAwGYbcAlFWgqgWlsqwY5lGNDMKtQ1S9N6u+j6II4TK5qBQREREREVHuG/EAteVwGzZu2o7ObjVALS0uwvp116KmmnNkEdHoZB+eAvqcmOZeovq+5sd671Jt0SglYl/zYlKRc2mah64rod6YkQsmJefChQs41+6Bp92Ds+fOwesdHOYIEVos6B8agj8UpqoVFaEgaNrb7c7H1IoKTJlSjoryMkycMDGl+iqKHh77/Yb3hn14qrWv9rMx7DQuGhUZokbPjRp6J8E4jF+xLJchKhERERERUW4Z0QC17ZQHj23civq6aly17FIAwMu738ZjG7fiwftvZ29UIhoTjHOdGnslWuV15nlSjb0c9RA2sgcqIEMPRRXLAFUSJYhian/l9/b1ob29E552D86c88Dr9YZ7ZOrzgsYSHRKaXo04fnDQh2MnTuLY8VNQFAUFBW5MnVqOKeVlKC8rw8SJE5L7IIoApyMPshxEIBiAsTeqdb3MUyiYA04l1KNU/3yR5Zg/l94j1RiSmufDJSIiIiIiolwyootI/fK/tqOzqwffvHet6fmHH9uM0pJJuOtz145QzYjGBy4ilX7DLRqlPq/vazwuemuc89QuPNV7L5rLC/8Ep9MJKGLSn+nCwAUcP96GI0fb0NfXh3A30tAq88mcP0GQzE8oIgDZULb2vHVv2cLCCZgzqwqzZs1Egbsg4fc3vEFobtRwzUL1M9ZV+/3We5xa/b5rIWrkglTmbfR7jJZFpbiIFBERERER2eEiUmky4PXhlT1vo6OrBzVzq7B0cS06u3osh+rXVFeh5bBa8Tf2NeNQaxvKSiZhxZWXosCdl60qExElJNFFo/Q5UWE6JnKu1HjD08jek6IIOCSXYQh6Yrq6O9H8fgvaTp7Rn4xYWV4PFqPnETX3sBQgy7JluBzukZpA3fr6+vHOXz7AO3/5ADOmT0HtR2pQUlySxKcUkOdyYcg/ZAq5w69G9STVewMb6288z3ojWQ3lN86jag5VuagUERERERFRbspKgDrg9eGhR34FBcDMynJs3LQdJ055UFoyKbx4lFFb6LVNz+/C3n1NqJlbhT8dbsMbbzXhwftvTzlE9Q4O4SdP/A6tx06HnxMEAbNnTsUda69B5ZRSdPdcwL/+9FnctPoTWHjxPBx49xB+9/vd+PqXboqaWkBRgN/+/nW0HjuNr9x9I9z5rpTqR0Rjg3FuTOtFo4wLSoVfMQSkscNTq3k3tX3UIftSUuHpOc85NL3fAo+nI1x27M+p9W6VTftHBroOQTQEggKgAKKo9kSVZQUCYAoOAUAQRYRDYsAUsmr7nDx1DidPnUNFRSnqPlKDKRUVCX1eRRHgdLoQDAYQDMqGzxXdI1R9PnaIqp8Tc131oNRuUSkO5SciIiIiIspFyY/pTMDefU1QAHzv/ttx711rcOe6a/HKnrdxxeJaNOxvxs7db4f33bn7ABqbW3HF4lq8sudtrP/cdbj3rjX43v23QwmVlS5Xf2IRfvTgF/GjB7+If/nO51E8qRA/f2obevr6Lfdv7+xBw/7mqOfPtXfhz2+/n7Z6EdHoE2vofmR4ZgxHI382B6TDhafGY/U/DocDkuRA9Hj42LrPd2Pna69j1+694fA0Fu3zyrIcWtnePJ2DVm9RVIPTYDAIh8MBURQhSVJoMSc/hoaGIIoiRFGMCmuNUxPEmjNVEAR4PJ3Y9XoDdr66G93nzyf02aEIcEhOOJ36vytGtqv+PBCrd7Dx/Jj3ifwZ0BehMv6uWM+lSkRERERERCMjaz1QJ7jzwj1Hy4rVHpxV0ytw57prsfn5V7F56y4AgDvfhTvXXYvSkkkAgIJ89ZiC0PEDXl/a6pWf50LxJH1V589cvQSP/udvceKkBzMqyy2PadjfjCWLasO9UBUF2PPnv6Cntx9loToT0fgTe+i+Po9nZA9D+yHaAhRFDi84ZexxGnm8cetwOCBASqgX49CQD41/acKRoyeiPk8s4QWqJAmCAASDgfAwfUmSIMty+PNJkgRACD+nBa55eXlwOBzw+fyGoe3muWHjHeav1bmjsxvb//ga5s6ZiYsv/gjyXflxtYOiAAIkOJ2A3x8w1Sd6OL15OL8xCNV65Oo9Us3l6PXV31c73m4oPxEREREREY2crASoC+qq8cIfG/DCHxtQM7cKm7fuwozKchS48zCzshy3fvZqtHeqvYXKSydjWkUxykqKMKOyHJu37sK6NZ9ES2sbTp5ux73r12Ssnk6HOpRU+x/7SJVTSwGoIer1Vy8BALR3nsc7za340JwZkGXZ8jgiGtusgjG7ofuhIxAZrBl7o2rH6b0Ptf1lGIeIR4aniS4WJcsyWo8cQVPT+xjyB9SSLUJMS+qqRwgEZCAYgCSJAEQIogBJFBGUg4CiBalqWS6HC0NDQ8jLc6HA7YTfH0BfXy+CgSAmTJwIp9MJRZEhK4DP54OiqAtgFbgLMOQfQkCWAUGMqIZ9uNh65AROtJ3GxR+dj+o5cyCK8bWNAAkulwC/3x9+LjJE1c+5AnUwh/mcqb8D+rmKZh7ur76H/VB+zoVKREREREQ0crISoFZNr8CG9aux6fld2LZjL+pr52Ltmk/ix48/h5ZW61WuauZW4a7PXYdN//0qHn58M0qKi7Bh/eqo+UfTJRAM4s0D70EURVROLbPcx52fh08srccfdr4Z7oW658/vYlpFCSqnlYUXviKi8cNu4ShtnkstSLMaAm6mLzQVOdQ7dJShbHMPTQBwuVxQ5PgDNq/Xi4aGP6Ojszv07np4CiCqt2dUyYoAQRDhznNBVmQE/AGIkog8lwvBYBBBRYEjNEzfO+TFgNcLhyBClmUMDHghhNotLy8PhRMLIQgC/ENDgCJAdEhwOvMgSer+fX0X4HI5IUKAHK6JXjurYe7aOQkEgnj7YDNOnDiDK5Ysgtvtjq+BFBEup7q4VPgpy/lQjYG2sV5C+PxHtp5VOK32NNVe18rhglJERERERES5IGtD+E+ebsfHLqsLP/f4xuehAHjw67eharp5wY+2Ux78ctN2bPyvl7Dgox/C/A/NBACcPN2OmrlVKS8ipdm2Yy+27dgbflzgzsf6ddegomwyunsuWB7z4Xkz8eaB99Cwvxl/c+mHcfAvh3HHTVfjA4anRARAH85tHmpvtTiQ1ZymxmBO7blp3sc8v6rW8zSx8NTj8aDhzX0YGvLr85gCgBB71lQh4pGiKPD7/XA4HMjPz4fP58PAgBeSJCHPlYcLFy7gxIkTaGtrw/nz5+Ht70cwGITL5YIoKHBIDhQXF2Pq1KmYOrUCkyeVIj8/H95Br9qbFmpI63S61LYQ7Xt0DhcsdnZ1Y/vLr2Hp5QvjXmRKW1zKHxGiau9nDkL1c671dI1cVEr7ObKu5uDUuPgU5z4lIiIiIiLKBRkPUNtOefDw48/B7c4Lz306MKgGqt/4u5uiwlNA7bG66pqleHzjVrjz9bC0o7sXL79+AN/cYH1coq7+xCKsXLYQAOCQJEyc4MZwnXtcTidWXHkpntv2Gk6f7UDl1DLMuaiSASrROGS/cJQafEaHbPrQ/VhD5CNfMw4XjyzT6XCYu47GEAwG8UFLC95771DU3JrxdGw053oCRFGtixyUIShAnssFWZZx4cIFHDt6FI3vvIPW1lb4fOrc1YosQ5FlBAIBADJKJhcjEAhgaGgQra2H4HDkY+6cakyfPg15eZOhKEEEg0EIoqgOlDeuXB+ulRiqv/UHUBQFCA2LH/IP4bXdb6L2I/Pwkfnz4hvSrwiQJAeCwUBUucb5UPXH5vNjVS/zseaQVT+/Wg9W9kIlIiIiIiIaaRkPULft2IuauTNw71363KUth9vw458/F/M4bfGoVdcsRU11Vfj5x375PLbt2GsqL1mRi0jF68PzZmJqeTGaW47hq/d8NjT3HxGNb3YLR+mBWuQQ7+i5TGHaz7zwVPTQfUlyAJDiql0gEMCbb72F06fP2XQztR5mbgrtQj1gRUFSF7iCAFEbln+hH2fPncWRI0dw9uxZeDwenO/thSiKmFhYiKEhH/r7+5HnysPkiRORl+dCyeTJKC8vQ57LiZ6eHnR1taPtxBEUFRZizpzZmDdvHopLSiAIEkQBkGWYQk+1eZVwoGust1Z3IfKvZwF47/1D6OntxWWLLlUD6GGIggSIQCAYMCwUFT1tQOT51QJmY32s2tj4ut2CUuPJufbzI10FIiIiIqIxZUr55JGuwqiX8QC1sbkVG9avTlt5Sy+rw+Mbt6atvGQ4JAk3rV6O9s7zuGjGlBGtCxGNDOvep4D1wlFWi0YZ99VWdDcuIKQuGhU9xF99LEmSGuzFYXDQhzfebEBnVzcgar0yIz6P4QkhtG6VYAgrRVGCCBHBYBCiICAYqo9/yI/33nsPhw4dwtGjRzHg9aKgoECd81RUh/YLECBJTrjdBfD7/QgEApg8eTJKS0sxcUIBvF4vBr0DuNDXg4GBC1CCPhz6oB+esycxa/ZsVM+bB/eEiXA4HGo7ywpkRYEkSpAVdd0swRBUC4KgLgYoAJIUOWeq+tlPnT6N3X/y4sqlS+ByuYZtQ1GUIEGJWmRQD1QBPRQ3DuEHRDGyZ6pgCmLN9Qs9UvRewcZ9x0MvVH65IyIiIiKiXJOVOVAL8tMzZ2m6y0pFeekklJdOGulqEFFOMPYU1FdgNwZmkb1NzauvR/9s7pxoDFjVEE0SHVFzqlrxer3YtedPuHBBn9fZOnyL7KqpAKHPIEkOBPwBOEQFTodDXewJQOvhVhw8+DZa/9qKjo4OFBYWobS0FLIsQxIdcLqc8AcC8A36MBQMQBAVFBQUoMCdH54ftb9kMiRJxIW+XijBAAonFKBoYgFmVE6Dd2AAJ460YqC/HzW1dSiYUAhJlOB0ueCQJMjailuCCCUigJQkCYKoT6dgNZ9oZ1cXXtuzBx9bugQF7oJh29IhOaAocmhu2lArRQzdjw5UzWGo1rbmc6ctGKU+Mi4oNV57oRIREREREeWSrASoucad78K3//5zMfcpnjQR//bAPeHHCy+eh4UXz7Pd//qrl+D6q5ekrY5ElLvi7X1qXDgqOuwUoCiy6Xm7fcyBpwKnwxVXeNrb24vdb7yJAe9A1GvRw8mtXxcACIoCpyTB5/NBlmV4B7x4fddrOHbsGI4fOw6X0wl3Xh5cDicG+vsBQYDT5YJ3wIuhgB+yLAOCgLy8fOTn5WHCxEL4vAMYGBjA+e5OSJIASRAQDARRNHEiKkoqIMgCCvILIAo+tB1vw+kzHhROmoyp06aiqqoKhUVFECUnRFGELKjtJElOBIMygsEAJEmCLGttZwytzZ/7fE8vdu3eg2UfuwKFE2JP6aIogNPhhG9oyBCSRrWsYX99LlNj79jo6RLMvU2NPZMFwfi7NH56oRIREREREeWScRmgEhGlz3C9T6MXjooMKyNXc48OVg2LRjmdoeH9sfl8PjTs248Br9e02JFeJ/NnUIM6wbQXAEiCiEAggEAwiIICN86ePYs9r+/GB++3YNDrRZ7TiTyXC6IkYeLEAgQUGd3nu+HwOQBRQFCW1YWgBAH9F4II+P0YHBxEYGgIciCA/DwniiZMRF5ePiArEAWgp+cCJhVOQH9///9n786DJTvP+75/3/c9S+93v3NnBwYYAMRgIwmACxRJlCmSUbSV7ViLY0WSJbsixSlVWS4nZTuLXKmyLclVSZXoSlKRFKtKIu2SJUUbRUISBYWkhE0AgQEwA8xggDvLXeauvZ31ffPH6fVuMyBmANl6Pqjh7T59+vS55zSAwo/P+zw02y3CSpVWq831tXXOv36Oqalp7rn3Pu65517qjQaZzYvfyGi0NijlFb1addGrdRhisuNxEUx2Ol2+9udP8y1PPEEYHrzKwTlFEPgkScLusHTHVVXjS/lHg89+aDo6IEyqUIUQQgghhBDiL6fbHqCWSwFfffbsWKXM4tXVwc/9Kmj22+erz56lXLpxvzohhLhd3ln16e5hQ/339sPS3dt37lsc1xhdNPy8gSzP+f++9udsbTXHwtPRCe97nY8xGmctDofp7+McntEY43jr0gWeeuopXnn5FUBRLpcpl8o0ajWyPGe71WRrawulNdrzivNNc5RWvcDR4fsVut0YAJtbtpsd2q0ugW8ol0rcefIO7jhxjAtvnCdJYsJShfWNDTCacqWMbTvOnTvPm5cucW1pmUcffZQjR46B0eSZI8tStNZ4nkeWZahe/9HiOuSA3lGVWtzP7e02X/3zp/nmJz6OMTfoLes0nvHI8nxXGLvzmu7+d9ze1aPfSBWqEEIIIYQQQoj3hnJ7/df6LfSVZ87y+d/8I7pRckuOVy4FfN/3fhtPPHbmlhxPiL/K3rp0dRDG3OwfYN/n/cejPw96fNC2m1GuvPdF9DuX7xdGe5zu7HM6DFD7P4c9NN3g8XCwFGP7FtuLz7yZpfvWWr729DNcvbY8tv2G17g3eMnoImBU/fPKi2Xwi5ff4ktf+hJvv/02RhmM8ajVaszPzbF+fY1ms8lWqwhs/SBAa41zjjRNMb6HtZbcacrlMp4XkGU5aRSRxglaOcrlMtVKmWNHDjM9MUmexmxurtOJOmjPoxNH0BtqleU5URyjlGbh8GE++tGPc/c9p7FWkaYpvu8Pl+8rO3bf+venf347r8rRIwt85LEPo/XBQbVSkKQJoxWke/190N+3/7w/UGr4eOffMyOVwDuqUIfh/HiA/15ZXt2UAU9CCCGEEEKIPXU72ft9Cu/KuYuLB75+29OHJx47I2GnEOI/OaPL9ocDngp7VZ/2g9C9ep4Ol3j3A1i7Kyj1PP+m+p6+/MorY+HpzQZs1lq0UmityeIE3/cxStOJYhYXF/nTp/6E1eUV6tUaWmvm5w8RBCHXrlylub3NdrOJU1CpVDh8+DD1ep12u43Wmma7xfb2NhO1BlmW0+l0iaOUJEnwNIR+QJZZkjRjbX2DwPeplkuEpRLNdout7Q1K1SpGe2Q2I+p2iaKIcrXG5cVF/rD9h6Rpygc+cAZjDFmWDULU0ZBRKQVOYW3eu9jsKhu9cnWZl199lYfOHPzvLefA8zzSNNmxfRiO95fw97ePLt0vrrlD69Fl/aPnWhxj9J73B1NJ/1MhhBBCCCGEeG9JD1QhhLhJO4Orfr/Tvfqc7mW4hH7v/YbVqIzso4ol5TfR9/Ta0hLnXr/Y27dXDelGA9r9Kxe1soPzK5VKpGlKmkWkWcwX/+D3WV1dxfM8PM/j5MmTTExM8Prrb7C1vU0SJdRrDabnpvF9n6np4qcxBq01naiL7/vMTE2xsbVNtxujtUZrTZ7npOR4XoDvB5TLZYIgJE5ilNYEpZCKUkU7Ag1Kg8tzjDGkcUK5WmF7c4svf/nL5Lnj7rvvJgxDkihCe14vxFQowGgPS9GTVWs9MmRq3OtvvMnczAyHFxYOvN4KjTGGPB9twzDe1mH0ug/2ODAAHfZC3fld292/VcJUIYQQQgghhHgvSIAqhBDv0LB/6bDv6TDM2l1Zunvp/uixxvfd49PQ6gY9OYF2p82fPfP8IDwdp8YKLfcK3Pqfrx3kLgeXk2UZr587TxzHlMOQzY1N5k9Nc+fJ47z80lneuvgmDk2pXOXw0WNo44rwMkmI45gsy0iShHa7XZxju0273SbPc5yiCFCdI3eWNE1pNrdpN7dYX19jaqLO5NQExvNImi3CIAAFlhzP86h4HvXGJC0KljkAACAASURBVPV6Hc8PyfOcNy9cxDnH6dOnmZiYIIoiLAyC3DzPcc7h+/5gsNV+AeTTz73Apz/5rZTC0oHX3WiPPO9XoR5cIjz6XenbXYU6rD4dvV+7B41JcCqEEEIIIYQQ7xUJUIUQ4ibtrj4dVqHuHhi1f6XpeKC6d+jWf5vn+dxo+npuLX/29HOkaYqiv2x8GKTeTM5WTK+HPElxLkcrxerqMteuXWFmZopLFy8Rhj6HDx8myzLWN9YoV8oo5WG8kK2tbazNCMNwUCxbqVRoNtu0Wl0UinZrmWanXVTtKoPneSjt0CicsqSpBRyq3SKOu4Rln4mJiaIfqesF1r0KUqcU9WqVUqlEpxOxsbmJ74d4nkfcjbjvvvuoTzQwaDJrcc6S58VP3/fRvV6v+wXXaZry7PMv8MRHP3KDoFLh+z5Zlg62jC7Th2FIurNSeVgRPD4gamcV6nCYFIP7OVqFKoQQQgghhBDi3dFa7Vn01H9NAlQhhLgJOyv+RnugDgOt4eOdudzu527s8e5K1N5QIg4eZgTw5luXWN/Y7O3fD077A400/T6tB/x2OOcwKDAGheLFF19ke3ODqakpzr9+Dptb7jp1isnGBG+9dYlut0MQ+Ph+mSjOWFpaYXp6EqUyNre2SbOUSrlMFMXEaYwxBmtzfN8HNEprrM1xWCwKpS1GG3xPMzHRQJETJwmdbptyuUS71SGJY7RnelWuKWvX19B6g+12h9XVVeZmD5GnGdeuXcNay333f4DpqRnI7aDi1Fpg1zXacS0o9l1aXuXipUvcdeedB17//j0aLrsfVijvbJuws53CnnfD9QdPMTjW6DCpnaGvVKMKIYQQQgghxLsT+D5RnOz7mgSoQgjxDowGp+PVpsNqwp1L98fzrp3v2z9s9cyN/xHd6Xb4+kuv7tiqhhPh3WDT2Oujm/s5XZ6lZFnGK6+c5esv/gUPP/gQ58+/RqfVJvA9nLVsbm6wdG0Jz/OpVuosr6zj0PieR5pmbG5uESUxWhuiKAYgCIveplor0IooTjC+h1NFsJknMZ24Q8UPURiyPOXw4UNUymU21ta4fn0NZy02zcmynNRa8izD8wP8wKcbJWituXz5MsbzqNVqrK2v0426PP74RylVK72eqwbnHFrrfUPHnQOdXn7lHEcWDlEuVw68D57njw2U2lmFuvu52xGKjleh9r9n48OkhoG9LOMXQgghhBBCiFtnZrLBleXr+74mAaoQQtyE/Zfvw35L94uKx/7zYtDQfksC+u/pH2NYPXqwl8++RpanFHv3KiEVOOV62xwKi3XFwCSLxqLI0SgFns3Q5DiXYZTj3PnX+PIfPsn05CQuTdneWCP0FKVajVK1zNZ2k1K5yuTkLFevXiNNU+IkpVqtkiQRSZaRobHWYQHlFKHng/KwGbSjDqnKII/BgKehUq1SK1UIfUWWpTijWN3YIGh3SbsZzWaErz2iTkSaZKAcvoYkivF8nyjNyDKLCUtsd7q0sy3qWcYLL73MyVOnuKNyEqMV1maD62NxRVVsngOglUJZcCgcGnphZppZXnr1PI9/6JGDvx9olBoNZndXoe6+3+P9Tp1Tg36oWheVw8712zCMt2OQZfxCCCGEEEIIcevUqmWOLcyytrFNnBT/7RgGHjNTDaqVsgSoQghxIzdevj/8Odw+Pom9eN/4MXc+H93nZqpPr6+t8dbi5d65qSIZVKOBm0M5x7BqsbeUv9cawNms6POSZWhteeP8G3zpi39Ap9nk3jtP4SlFFsXYNGbuyDHKnqHkeVQrFVaW12huN0nTIoDsdCPSLCPH4ZTBC4p+pFmS0u506LQ7GO3RzVLwHMopDAqDIUsTKAVgA7qduDiOtTgLNrN4xiNPcwKjsXmOcjnWKLI8JYljcmVIc4vNc0I/xGhDnliuXl3hxRde5viRE1hVXIMgCIiTBGUMWV70elW966VUrzZXqbFK0LcXr3LnyePMzcwceD98zyPZowp1dEBU75WxKtPifhXbnVM7hlvt/AmyjF8IIYQQQgghbr1qpUy1Ut7ztRuXNwkhhAAYC7z6y6r723ZWorpBcDl8DRgLwUaOPPb4ZqpPHY4XXnq590yjMChlepWQI5+hQOmRz+1lrcYYlFLkWYqvFd1Wm+eefZqtzXWq5YDJiRrrayskccT0xATXl6/y+rlX8bSh1Wyytb2NH5RIspw0V3TTHOcHeOUqyg+wDnLrUEaTO4VFkZAVEa7TeCqk4lcItE8ed2lvrtHcWqfk+cxOTNMo12hUa8xOTVOvVKiEAZ4CT+UYcrRN8bFom1PzDQuzUzTKZSpeQL1cQTuNTXKur1yn2WwDCs8L8HwPay26H2AOmo0W12q/+uCXzr6278CpIc3wu7D7vg7t/C6M908d/w6Nf7fGQ/n9h2AJIYQQQgghhLh1pAJVCCFuYK/l+yOv7lq+P2qvfGtnwDY+QEphjLnhOS0tL7OxsVWcmyqm1CsUrt+fVSuUc4PurGo0KOyFdaZoSYoxiq31daJ2i5nJCXzjUS6FdNrbHD28gOdpllfW6HRTFq9cplKfJqw1WNq4SmINuQO/VMIahVWaDEuW5ZAmGFQRWAKec/hKo5WPlyvyVopzMWQxuuyhM4iiLjYIUP2/PEM1CKlUixYAofJQ2mFwBIGP8Qxp5ohzh86gmVuyqEMep1gNaZqQpjFK1ekmXaphrVger3ZXeo5FnGo8nFzf2GL5+goLc4cOvC+e55Flaf+qj1WfKjUafI73RO1/D/rbbqYVgCzjF0IIIYQQQoj3hgSoQgjxDtzM8v3xfWG8WpUd+zAW5DnnBlPdDzqHs68Ug6OUUiNHG22Q2euF2g/YsFgLxi+RZ5Ysy/C1xnMK7XI6rW0W5mepV8usrqywvr7C0aPHCMOQ5uYWYblGttVhs9lFV2Crk9KKczKn8bwAtE+cJ9gkKa6Ns2AtRml8rcHm+M6hbY5LLZ7SaGfBxhiXEBjHxITH5OQUpVKJIAxJ0pg0SwlLJZSC0A+ol0oEvsFmKbVajUajgVIeS9fXef3iW2Sr20RJijWWTGmSqM3W9gZT0xNFf1XncKpfzdnvNdq7ZhStBVDsGVi+8toFDs3OHxhWajWsQlVqeIxhiDq8/6Ph+jA47bcTGK1Uvrll/EIIIYQQQgghbg8JUIUQ4gDjQdroEuudy6h3Lt8fNR6sDo+9+3k/gDvI0soSG5tbI1tML/9zRRWq6i3dVxqtFfSGJxmjsa433EkpHBbPaPI4wTNwz1138tprrzExWadUKtGJuly+co3Z2Vni5XUyZ8hSy9LKGpnVZLkizy2+Dy7PIUtxWULgazwF2BRDUeXq0gwvT/E9n4pfRjtHpVRiojHN3OwEd5w8yuR0mVqtQrlcJup2ML5hYmoCpyDNUqqVKo1KDeUsWRJTLpfwvIBypcpWu8sXn/xjOs++xMZ2TJanOGVYXrnGSy99ncNHj1CplkmSokepxYEehs+jzRn2s7GxxfLqKgvz8wfsNRwENawOHe+Dunf+Or5xLFAfvG88NC2Oo3a9RwghhBBCCCHErSUBqhBC3ISdAVh/OvrIHoP9hvYa9jO+7NpaO9gODq0P/sdyUX362vATlMI5Cxi0KnqNul4/T+sohjUpDcV4p17/T12crS3+x2Yph+dmOXfuNdbWVotl+Dbn9fMXuPDmJQ4fOcF2q4t1ijhO8AjILHgGVJ6j85RAGwJlsSrHzzOUS1GklI1PueRjKj5lv0K1XCb0fOZmZrjrjjuYm5ulMVGjXq+itMW5nDAMSdOE2kSdmblZTGDwSwGVSpVAe7g8Q2FxNqcbpaSZpT41zeOPPUaz1eGZ579Oq5uCgm67zYU3LhBFMdVanTzPMMYUASr9hfsj91KNXtfdgeS51y/eIEAFrYtl/OODoRhUvI5+JbTeqw/q8F4XFbKj5zg6dGo8nBVCCCGEEEIIcXtIgCqEEAfYHUyNLt+HwWT7kaXWRUhqe/vvXr7fD73Gs9X+k4OX729sbrCxuTXelxWFUeNVsaB7K/ldrxtn3psu3+t/qj3IMlAOnCXqtul2OkxPTXHp8hW2tpqE5RLlagOrPZrtFpubW2i/RO4UnSjBOEvgGxQZOknwbIpyKSUfqiWPiWqNmck6czPTzEzOUJmoMz01yeGFWaphSK1SJayU8YMSQRBgvBJKa6rlMl7g4QcGlCInx+qirysOlHEoq8BpAmUwDprtiFOnT5ElGVvbLf7i7HmS2OEsdNodNja2mJ6awzmH73mkeTa8hm74w8FgwNTOe++cY219k43NTaYmJ/e9R7r3vvEl+2pwjKIdbb+aefi+8WX8eiwcHT3O8LR29kSVEFUIIYQQQgghbgcJUIUQYh87Q7Rhn9PBlt7P3cv3i+rSncHqeO/T/n7942qt91nePbR4ZXHwWKn+sKn+sv/R89MoZcE5nHIoPKzTeJ5HnFuUzjA+uNSSZhkbm+scP3GU62ur1Eol2ltbHLvjLur1aa6vLpOmKVGSE6qcKN4CB9pTlIOARhhQCQy+S2hUAuYnq8w0ykzVKsxMNpiZmmZiapL61ASVaplyPUQZDUbj+R7ahPheCe2FKGXQxscpTTctplwpE4J1WJeDSsEqlNVgLdYVFZ1GexhjueP0KR5ffZiry0u0VtqksSNOYlqbGygNykJuMwaFn6539VxRVTzaUXY/l69eOzBALQaBaay1Y1Wlalewytj2fu/UoirV7Vi2r3aFscWxdlY4SzWqEEIIIYQQQtxqEqAKIcRNOaj/6XAi+jA4HVamDsPV4Xv2Wr5vtOEgubW89dbijq39gUP9ANX1t+IwaFUsUs97n6McaBQ4i6eLz1VaUalUUDiOHj6C74egPOrVKmHJ8tLZs7TbHfIsgcDHUxBWyhxemGNhdpITC4eoGAdxi+l6mYWpGqHKKBkIfJ8wCCj7jrJOCZRGO1cEpV4ZSHGkOBXgyMkperMqpcAVgSK5RSnIlcMZTXGVimub2xTf91E6IQh9tKd5+MH7eOXc67y19gpaObIsJ4o6GF9jUzOWYI5WoarBfd5dzTkaVC5evsaZ++4dDqDag9aGvHfe/WX8/XvTX8bfr1Ye3LORCtR+L9Wd22/UB1UIIYQQQgghxK0nAaoQQtzAaOXpfv1P+5lWf4l2kY2ODgEahpujVar9/QcfcUAB5MrKEnGSoJQZLPFmcGZ2cExVrBHvDZbqDzUCpcE6Cw6cdaRZQklpNIrm5hbN5jZ33XWadrtLtdag1W1z+coyNk1p1GpUKxV8bajVaiwcPsRDD51hYW6S6XoVog7J1irGJlQ9R6Ag0ArfZHgKPOVhVIxyQAo5HtoLMUEJ7Rm0Adu7HtYVbQVwdrxfrAZXrOLHjFw/rcDoYmm+bcfMTjW48/gR6mcv0c5j8syyuraGpRiq1T9Gn2IkpGR3H9Lxe6WI4oS19XXmZmf3vVfFMLBhVjvsWToeuvfPYHxQFGi9s+/u/n1Q++cpladCCCGEEEIIcXtIgCqEEDdh2PN09LEbCVRHq1LtYLhTf9+d1aduJBwchF+7gtlxb1++zHiIpgahmUIVg5UGr/ZDtv4QogSlfZQD42lQOTbLsS6j222zfv06k5MTKBxZmtBsNYkTy+TkJFevLTE7M0mtUqPdajE3M82hhWnmp2scPzKHj8XphCz1sUlGSWdUAw9fOYLAoLWHHyg8YzHKYbTCZYo8dni+j+cFuH7vWK1wuujdap0tfi8FCl0Mv3Kg+kvarcVDQ5ahcotvchIb4/KI40cWqFdCNrqWTrvNtWvXyLKs6DDbD5lHl9fve99He5cO91q8cu3AAHW0WnT4XRkG5kqNV6EOQ9bR/UYrXIeDqIY9UfvnOPxuCiGEEEIIIYS49d7XALXTjfntL36Vrzx9lm4UA1AuhTzx+Bm+61Mfp1IO38/TE0L8Fbd3/9PhMKhiOzv2geGy/X6A5kbCLwa9UYvHFlB45uB/HFvnuLa03HufHh+ApEb6n/YHFCmFUq4XrFKUnxYxJLm1aKPxwxJ0m7jc4hmPmekZ+qFwo9GgE2dsN7s466jUQhYOzbGhFXNTdaqBob21hluYxAs8rLLkLsNTlsAobJ5ilcNaMMbrnZdX9ColJEejrAe5h7M+KI1SRUhalKkOh3AVy9l7m3vlo8q5oh2BAvIcnxyV5QQGrM2YmajSqJSpdyGNI7Y2t4pr3esxqnrXanCfR0LO0TR1Z49RKJbgX11a4YMPHVz1abQmGwyr2tkH1Q16nY73OR1Woo72QS3eMwxZR4P08SX9UoUqhBBCCCGEELfa+xqgfu43/5ivPXuWY0fmqJSKsLQTxTz51PO0OzE/+gOfeT9PTwghxvSX4e/XH3N0qX4/ML1R/9PR8OwgzeYWSZKitWE0PCs6mvb+6gemg0C1WPo9OL4rXrMZWJsThoZON2H9+jq+55GkCZ24S1gpU2s08OKMVieiVC4xPz/HiRNHIeowUatQDnyiVpNOc5vG7DSxzYnjmJKvwBQDnkzg4bQidQaHAethXECagtMeGg+XK5Q1eH4JqywohcORYYuJT2icU2jloZ1C964jrhdE95bwB54h6rTwjcNqh6cc1VJIvaqI44jA8zAojK9A6x0Dvdzw6u+Y8LRfIJkkKdutJhP1xr73TBsDed4/8B59UN1IJeowYFcjgfh+FbD9bcU57nsKQgghhBBCCCFugfc1QO2Hp//TP/yhse3/y8//W7727FkJUIUQ75vxwGq8OelodSmML6EeDUrHl10Xgd/usJWR5/ufz+radcZLI4vPUbpf3TisZiwO6Hp9Mx1aKcDD5gyOUSmVsVkXayHqRNTrNbI8o9XuMDE5gVOWyekJmp0uR44dplatMDnR4G1y0m6XeskjTVO2N7aYqlYxxscvVbE2xWpFEIQozyO3lijJ0TmEzpFj8QOLFyiM1ijAJilZblCeRXnF8nZfa7RnsHk/0CwqaV2WFUvbVREaO+fQRuEs+L4h6WxjcChnybOENOpQK4cszM2wtbnOzOwcdqQvbT88vVGEvVdf1LW19QMD1H4bhYP6oIIbGRZV/J47l/YXrzFyrPHvTv/TRs9PKlGFEEIIIYQQ4tZ5XwPUR87cxccff2DX9u/+9Mf56tMvvw9nJIQQ+7vZAVLDqlM39ng0BBvd3g/NDrKycn1HKDZcxq+UQdGrouz193S9TFXhinTQ0Vv6bzBGgdKkSYanNZ7nU6+V2W5tEcUR3XbOzHwJLwyYnJqkEydo59hYXyPPMvIkJe5GVKohWilya6mUq9gkJem2yJTDGh/n+cVQKJsRZ44kysh0QhlHqBSZzfAyRxBAuRJgcDjrcLnDqeK6ZrnFWUUSpfhKEygN2gCQk2OMIleOOE3wfQ/PeMTdDmHgE/iGwPdwSuH5hjSJi4vi3KDVges/7ge0B95/NRaAr65tcOqOO/bdv9/7tB9wjw4U6/cxHe1rujNcL4Z/3fwgKSGEEEIIIYQQt8f7GqD+5I9+757bP/jA3Xzwgbvf47MRQojd9ltePwxLdw+Q6u3RC7fUoOfp7j6qxes3qhZ0zrF6fa33TI+9NvrefgWj6n8+vQX+CsBgnSO3liTLUVqhtEeGoxtFeEbTarcxnodLM5IkYWlpCYemVquyurTElUtvkjS3Ob4wT7VaRmvIMkuSa7xSjRKGFLh+fZWos4YG/LCM0h4OhV8OqTnoJAm+6RL6AZ6JCcIYZx1B6HA6QxldDJXSPs5qnPbJHeTWkWtNGJbQxsdaS5xlVEMfpw25zXFKE9kcHQZYHM5ZKpUaxig8YwiDgCRNsc7i6Ieng1sxCKF3fweG17j/fPX6+g2rPbXWg3YNu79H49WmWvfv1f6DpPrns9dnSuWpEEIIIYQQQtwe72mAunhlhRfOXviG3vvImbs4fnT+Fp+REELc2OgS/f7jYaXpaGA1HpSOL/EfHSDFWB9UY8yBn9+NuiRJOnjf7p+2F5sWfzRqsEy93xM1x+KMwtocHRqc8VD4+GFAlEeYRNGOIqamp7EYuu2I3Dpa3YjNrSZX375MHkdUA1MMdMLiMFTqU5QnplHlBq12l7eW17l44RLrq2skSUJu814bUE25VmN+tsFEJaBa8pmbnKJRrTHR6KBsRLWucTbDMwpf+6AClCphtU8r7tKJYpI8R+Nh/ACrNWiYaFSIm1v4Kme6XoZSic3NddbW14i7DhP4JFlGKShDblFKYTDkLu9Nphre216Cuud9GK0QBUjTjG7UpVKuHPDd0YwOHiuCUj043uggqWLb6PL9vZoLuJF7P/o54wPNhBBCCCGEEELcOu9JgNrpxnz2l36LcxcWv+Fj/L9/8FXuves4P/Ej30OlHL6r8+lGCf/b//XrnLn3Dr7rUx97V8cSQvxVMVo5ujup2qsfan/7zmX8/RB1eMwbDJBqNXvHHt9PqeHU9p1Lu4seocVzNwjdFNrTKOVjHeQ2wzOaxKaUKbGxuUm11qDVarPZbHH36Xu4cvVVFt++zPK1JQ7NTDI/d4iwFBCnKXOHpjl89DALR4/S7nR5/eIlnnn2RZauXqXTauMclEoljAlotro0txaplD2qFZ/Jepljhw9xeG6aQ9N1jh6ZYXaqQuArKoEPfkieGbqJohWlvHV1iY1Om5WNDZaWV2nFKWGpTK1RZ3ZmkrS9zdH5OR596H6qkxU2NrZptTsoVUMpjTaGarVCkiaYIBipCi2ukVJq39uwV//T/vZ2u3NggGq0Jh8MkurdD9cfJDW+rH/nZw1bPuxVWbp7Ob8QQgghhBBCiNvjtgeonW7Mz3328yxeXeWRM3fxyIOnmZ3af+jGXq5vbPPCS6/zwtkL/NxnP89P/8T3vesQVQghDrI7NNsrpNo9zGe0D+rwtb3Cr5Fq1hsEYK1Wa9dS/Z1B22Dxvupt2BHy2t7HOufIVY4FtNHkObS6HVwWk2Qpr71+Hoem3e5y+MhRNtbX2d7aIPQNU5MTOBxRElMtl5iem2FqZhptNBcvXeSFl86yeHUJhSao1SmXauQ5ZFlOJ26REZCqgPVOxkaryVY7Y/n6Okdma3SiTezRWSZqJVStigkt3ciyurLFyvUmS2trrGw3ubS6zLXVNbpxRlir0ahViQ4tMNWogFVcvbLCPLMYHWAzhSn5pFlGtVKhVqvSbHXRfnFtjDHkvSFS/btUBKnjbRJ2D2wabm+2O8zNHnDzxipLd3YH2B2A9r8/o71Sx187uDoW2HcfIYQQQgghhBDfmNseoD751HMsXl3luz71Mb770x//ho5xL/DEY2f4xV/7Al979ixPPvXcN3wsIYS4HYol+eODoUYrCMerUNWOwOvg5dftdnvwGXuHY4O15+wV9PYzVaeKpf3WObwgQCtLt5mQOcv2dpf1zW06nQjPD1FKc+nim6RxRKNSxvd9Hvvwh3E2pVGvcvLYMU6eupMgLLG6usrzzz7HxQtv4PsBlWqNMCzTaEyilU+UZDjtsbq6ToZC+wEO2OzmdKItonYLZVM8ck4eO0StXidKMzY2t7l29TrXlteI4ozW9hYqzZmZmiao1qk1JphrTFIPQxZmp5lq1MnilOVry7RjS5plBFqTZClBKcQYM7j2o39GA1NXpMy7ruF4ID7U6Xb3v3F73g0G93L3UKnhPRwdHlUs8xdCCCGEEEII8X657QHqV545S7kU3JLA8/u/9xN87dmzfPWZs7c1QM3ynC/+8bN88U+epdONefj+U/ztv/lJJhs1llc3+Pe//Se8ev4t0izjzhOH+ft/5ztpNKp89pd+C8/z+Pt/5zsxpvgP8l//3ae49PYS/+Dv/nXeuHSFX/uNP2J5dZ352Sl+8K//Ne6/5+Rt+z2EELdOEZ7tDtB2h597DSAaX7o/GqaOh597a7bbg4BNa138VMO+qUoVrTyVUsXCbjUcRuScK5bwU/RK9bRBKQ9nLXme02q1cJmj0+kAmsbEFO12h1IpJMsy5mZm6JRCFIr5+VnmZqcxWrFwaB7f99lYX+f8q+d447VXyaMulSDAw1EplZmcnKRWbbC2ucn1tQA/hNw5uklMGFRIMketNMHK+gp5kjAz0+AoIeXaDMo5TNPSjq+xsdFic6tFK4nItKM8WWdydo752UMcn1tgshwy25igWg2wZKy312hvXMfzPDzj4bTlxIkTNJtNyuUqnSQuhjvlFqXHKz0Vao+7PNouYfzVbjc68N6Nt2k4qKrUjfQ9hb2+Fzuz850hvBBCCCGEEEKI20PfeJd3Z31jm+NHhsOfrq9vc319e9d+P/sLn+fnPvvvDjxWpRxyz6ljrG3sfv+t9OWvvMiXnnqOH/ovP8W/+Cc/RhgG/Op/+CPy3NLuRNxx/BD/8z/6Yf75P/5RjNb8+u/+KUYbHn34Xi6+dZXr61sAbLc6vPDyBT726BmWr2/wf//q7/HQ/af4F//kx/nMJx7jV/79l1i5vnlbfxchxO2gdhUp9pdejz7f9a49Qq79KhtHRdH+IV2/t2n/4GMVqr3QzwDOWgyaPM0wSmPTjEBp5qamMUpRLpWZnJwmDEugDOVylYmJCer1GocOzXHk8CEOH17gyNEjHDlymEq1SrvZ5NIbF/j6889xfXkJ5XLibkSn3abV3mZ9/TpeYHjkkYf4zGc+xTd/y8epVAOcTUmTGOUcW9tt0gziVNPsQm1qnsbcYQ4dP8nkoQV0qUziFFZ7eH6JzDoshijLCSpVnHNMNyY5cmiBWrlC6Ps0GjV831Cv14mSmHq9ztGjR/E8D2stxhi01sUwJ6XQehhMv1PtzsEVqCO3Yuw+j/bMvVEwurtNBEjfUyGEEEIIIYR477wnQ6RG/dKv/T5rG9v8i3/642PbF6+u7Puec28scu/dxwE4fnSeThTftvOL45TnX3qdjz16Px966DQAn/m2x/nFX/09trZbnDp5mFMnDw/2/8A9Jzl77hJRnHDm3jv4vT/8c148e4FPfeujvPnWNbRSnLn3Dr7yb5MqHAAAIABJREFUzMtMNGp8x1/7CNVKicc/9AGeeeEclxaXmJ+dvG2/jxDidlM4NxxItFdIdtB7+1PVD9p1fAjRyLtHprGr0ferYRVqb3QUuvc5RhsMitD4kHSxcQKZZf36GqVKlTy3NJtNarUafuDTbcVUKyVmpyZZWDjE5EQDsHRaLS6/vci5V1/l6uIiLs3QXolms4XuJnRSy9LKOucvvEm9UWd2dpYTJ45x7+nTVCvXWHzrKtYZQt/DpZpUWbpxRqU2xdTsHAqLX9ri6IkTGK/C9ZV1tjpt/KhNWg4JJhqsN7exrTaTgU8edZicrGFVQnWywsKheWr1Kt1WzuzcHOVyuQirbVF1WlTxahx2UF1a3Ae7q9C4f51Hq0f799bmlnfm4OBz52eMP77t/5+nEEIIIYQQQog9vOcBaqUccv5iUYU6Oz0cJvU//sP/es/9z72xyM/9m3/HD3//Z3jisTN8//d+4raeX5QkbG61+NLFy3zpT54bbC+XAja320RJyud/8495+8oKrXZReXTXHUcAmGhU+eCDd/P8S6/zxOMP8JVnznLqjiM06lWWVzdYvLLCT/2zXxj7vLvvPHpbfx8hxLs1OpDpxlV/+/UzHVYN2t373+CYaZLd+BxVbxTVoCB1uBjd4YqJ79bhez55bvG0xuGolip85IMf5tryNVbW1llZW6fTiWg2W8zNzBSVmUZRbzRoNBpoo0njhO3tbZaWrvHmhYtsrW/gm4DUKqwzdLsJm511nNZst1uUSiHffucdPPTwh2i12mysrXPvXSdYvrZMt9XG15Yoiul0IzpRRKvZoVzxqU82uPPeU9TqkyTpa1xaWeLNlWXOL11h4tA805U6j5w6TbSxwexEjWNHFzh2fI7cWUzgU5uokweahcNHUKrof6qN6Q3PykdaHvRC0l4Qvl8l6ugS/v4+1t58gLr7sA7QgwFTN95/1x43eC6EEEIIIYQQ4lZ4zwPURx48zQtnL/DLn/sCP/Ej30OlHAKMhanX17eplEPW1rd48k+fB+Brz5zlxJE5ZqYn6HTjsf1vpVIQMDlR46H7T/HpTzw22K6VolQK+D9/5Xdotrv81N/7GzTqVZ586jkuXLo62O/xR+7j6edf48+ff5W3Li/zYz/4n6MUHJqb4sTReX7sb38HpVI4/LwwuC2/hxDiG7fXtPO9g9Fh38rxpfg3ikR3HeZARZGjZiwgU3awRF8Vo49ADR6he5OjnCsSWg/IexPmM5eicgg9Q2h9KqbMdH2KTidmK+yitWFzYxN7/CilUgmtFUHJJyz5xN0u3Sii3enQbnfIcsfE5Az1xhTXtztcW16lNjEBnocOQiaymCTtcvc9p3n8Yx9hfrbBF377N0laHe48PMsrX3+FpStXmZ+dxsYpUbvL1tYWfjBBUPcpmzJ2XXF+8S3Wo4RgcoZ48TKr19c5/vAxTj/yIJdeepHFpWvEUZvqXI1ZM0WlUcILfUzumJqcIUsdlbIiczkGXdzj3p8idHZopXBK4W6iSrS43MVQroP3Hb7nnbUI6PdNZfBZwzYRB/dGFUIIIYQQQghxa73nAeoTj53h3BuLfO3Zs/zMz/9bPvjg3VTKJcqlkI8/doZKOeRnfv7/of8fiN3ecv1zFxb5mX/9K5R74eP//r/+t+/6XKI4YWOrNXiulaJaLfGhB0/zpaee4wOnT3Di2CG2m23OvbHIJ77pg5TCAN8zlMKAtfUtnv/6eSYatcExjizMcvL4Ar/5+1/h5LF5Th5bAODBD5ziy199kWdeOMc3Pf4AuXX8xcuv88EHTlMuSYgqxH+qhpWno1Ws7yxgzfdYJj4a4o1Gbf1RSLix+K1Ymq40WRrjexqyDF85tq+v8bv/4TfYam0ye/QITitKRhNFEVG7Q2V6EmctYamCH5Zot9tYa7F5Rhh4HD+ywNz0LDOzc5w9d57NtWUW5ic4ceoUvh8wOT2F8eDRM/ewvfw2VZ3xHd/6TaRRxMrSKl6Wkra3CTXEUZvN9XVsfhyb5ThPE4Rlpufn+MQnP8G19W2ubG0SVgPWt7d45IEHuPvUSearIW+/+hrTtTK5zTGeR6AMDkjTlEqlitYGpXqVp674V1/uHJp+CXA/6aSXPu9vtBI1TdN3dC8POOqelajvPHh9d+8TQgghhBBCCLHbex6gAvzoD3yG2ekGTz71HE8+9fxg+/Ejc9x793G+73u/jV/+3BcA+On/5m9x793HWbyyws9+9vN0o5gf/v7P3JLz+OKXn+WLX3528LxcCvipv/c3+dYnHiZJUn7pc1+g3YmYbNT49m/5MErB3/gv/jP+j1/5Hf7Zv/xFTh5b4N67T7C0sj44hjGaJx47w0uvXORjj54hCLzB7/bD3/dpfu03/ojf+dLX8D2PDz10D49/8L5b8rsIIf5y6VcK7j1Mau/t++kvEx/t1dn/s9exgSIIHAnRrAKw4Cw+BsghSXjpuT/j2qUL5Dbnofs/QHlykm6zyfW1NZYWLzM/M01ic6q1BmgDxuD5PkYr5qYnqIc+h6Zn2N7a5vh8g8lvfoyllVXc9ip3nTnD1FSDMAxw26s0u+uUPM182bDWjlBRi/mJKnceO0xze4uo2+Lq5UXiB+7D5pokzbEa6vU6Dz38ICc6EeudDo88dD9JklGulAm05uSJExybm6ZRLeOMBT8gzR0OR7fbZWJigkqtSpqnBKUySWZRRvdqeosQVSvVq0Z1NxVv9++hte+w2nj8KPvfPyGEEEIIIYQQf2m8LwEqwHd/+uN896c/zuKVFTrdmEo55PjReaCoUv3lz32BR87cNTY86pEHTvO1Z4ul/O9GuRTw3/+DHzhwn+/45Ef4jk9+ZNf26akG/8N/94MHvvfhM3fxb/7VT+3afv89J/nn//hH3tnJCiH+ytNaj/Xa3CtAHa1C1f1+Aw6UczhNbzm/w/cNSmXYPCXpNNlcXiJtt3n8o4/yd3/ov+LClct02i2mGxOcv/AGFy5coDEzydrGOtutJr7vY3BMTU2SNLcIXY5nExolzckPPkC5UubsK6+xtLRMurVCoiP8apUkC/DLJfAMNvDRSReSLqGnqFZKpEmXVqfF2uoSa6urLBw6hDE+cZLiB6Xi93cJZB0aJZ/S5AS1ep3Q8zFGUZqfJAw88iyhm2YkUYJzjlarNeh3mkNxXbQatDdQ/WpTV1QGv9M4VN+gWlUIIYQQQgghxH/83pMAtb8Mfy/90HQvaxvb48/XtwAol0u35sSEEOI2OajA9J1Un0JR2d5fkr27N2t/Cf94qDr4SRELOoqQ1eY5zmWUAh9nNKWwROh5PPqhDzM/P8sX/vBLLC9f5eiJk3TTmMRZ1jc2uXTpEmurq0xNTmCThFIpYGqiQaosgXJQ8qiUPMqhx8MPfIDTp04SRV2CwEcp0ErjeR46z8iiLt1WkySJyNIM4xmsAussnU6bjfUNok5EqV7D0walIAh8ZqcnqVRKrK9tEHXbJFpTajTwPB8T+OBrNAZji360BgW5HVyLcrlEkheBtHOu+InF9cdtKVUM4BqpDB29Vzvvm3MOo9/Nv0bH+5z2jylVqEIIIYQQQgjxl8ttD1AfOXMXL5y9wOKVlQPD0lE/+wufB2Dx6iqf/60/5oMPnObchUXOX7wMwC9/7gv89E/8rdt2zkIIcSv0h/6MB2/vfMm3ZzyyLB883xmkKhyqN1QKNRIG9j6ueKSLmFBZcGC0plStMTc3j9Y+xvPodLrkNufee+4hTnOOHlmgmyZEV1Oidoc0TjBKYR14xuD7HpmGqN0hDANsnmHTlHq5zHS9Wixxd5YkjXG2CJXzJCaOY9IkIU8daZaSZBndOMUPAiYmGxgDSdyhXCtRDj3SPCfwApQ2hIHPVGOSLHfEaQaA8Q1aa7C2CIitRTlHnmXMTE0zUa/jed6gvtQYQ57nQBGuOgXWgR7cmtFq39H7N/rTARbf1wffvJvOQvcOTr/RMFVCWCGEEEIIIYS4dW57gPrJb/4wL5y9wC/80m/xkz/yPTcdon7s0TMsXl3hyaeeH/RJPXZkjuNH5geVqEIIcTvsFT7tXTSqUGq8R2kRtr2zQVFKg9s9J2pgZmaKq9eWdwen+4Rk/apUGKxMR7kiXFUKnPKIsowAw6GjxwgqNbLcceniW7z4F1+n1emQO8sdp+6iPlFnfnoG4xxxu4V28yjlwCn8ICDzQxLbJM8tUbuNp6Dke6Q2Iwg8nLMoZ7E4ssyRRF3yNMWlGZ6GpBvR2tomi7ucuvsYd919N5OTDbI8xpESGJ9ONwKn0J5HWCoRlipgfKpAlmU4LMpmJHEXm1ucteRphrKOD9x7H41aHWsdcRRhwhI2K5b0W6VQ/Z6nWmEBZR3K7XE9e5WhO6tQJyYaN3eP33GgubsyVeu9w9q9hk8JIYQQQgghhLh1bnuAeu/dx/nh7/8Mv/y5L/Az//pXmJlqMDs9see+3/Wpj3Hv3cf5Rz/5fYNtTz71HJ//rS/zsUfP8KM/cGuGRwkhxDemH57tn1bttzp/WMk4Hq7ezGr+arWy41h7LNXvbxupQLW9z9FuuJ9D43Dk1pHkloVjx5mYmsZoj4sXL/LmhYvEaUKWZSxdXebbPvMpvvPbP027u0m9ViXPUpR1OOvQ2mCdQ3sezjq2NjZwaUw1DPB9g8uKClyUxWU5oDBa44cBWkEaRyxfvcrStSscOX6MD33oQ5w4cYRKGOAZB3lCmhmMLgY9ecZHY2i22qS5RfkBvqdRCozLybMM8hybWWyaUQpCHrj/fkLPJ3IWcPh+QJxkFCmpG7uGThXXbWdMuV94ClCplA+8d6PB5u6gs/gu7Beu3jgY3fl93N0SQAghhBBCCCHEu/ee9EB94rEzzE41ePKp53jh7IVdvU37jr08Nxga1XfvXceZnmrwxGNn3otTFUKIHW6UcI6Ha/s9PvDY7uDgq1opjw+MGjmm1roISFGDhedWQZEC9kPT3lMHxjNkWRGtat8nqFSZXlhguxOxubGGTWIqgUekoNVuUi+X+PZv/iaW11dIkpg0S/CNpt3ukEQR260mUbOJzXICo0lzR6fTxvc0Rmu0Z8gB6xyZUwTlMvghM4eO8vriCpeXVsi0xwOPfoQHP/wRXBYRqAyHBjyU0wRBSJT1KlmTGD/0qVQqREmEy4swNHcWpyw5DueKpfyHZmdZWJgnJ0c5R7VUJkszfGPIyDFak/cqUBW2V3nqUGoYoe51//r3whhD9QYBav8eDw9z8L3er8K4eCwBqRBCCCGEEEK8H96TABWKStSd4ejNOH50nn/5T3/8NpyREEJ8o/q9TYdblFJY68ae7x46tPu1Ihg7OBSr12o3c0rFOfU/3w02o0deGH6uIXOOkh9w6r576CYpcRpTr1XJbEbZD7i+ucn09DTnXzvH3OE5chI6SQLOkqUpnU6HJEtpdruo3JIbTRh4dLsemWeolsvgTK/YU+Frh1aKICyT1BSXFq9Rn5zl4QfOcN8DD7HditF5jFf1sEqj0JArclKyNMXzPcIgxGhDmsVorUBpbJ6R5zl5noGzOJuDszz0wAM0JiboZGB8jzzPyNIcv+yjbI6juIm6PzjKFcv3Hfn4tVX9m+fo7TD4WdtRHbzrtuz4juyqet2jynQ8LKf4Pcde799ZIYQQQgghhBDvhfcsQBVCiP+Y7VcBurtAsb80fLi03rm9l4H3nztnYdfC8aFatXrg+aCKsUf9LcoVR1O9lHdwDoDNLblzBEGAyzN04HH8zlO88hdPU6uVaXfaWG1pd2IWDi2wub7B1194gQfcA4TlkDSKQVn8ICTNMrpRSpzkqDxH+ZokTYnjBJubIuz0FZ7noxX42mDR+EGVlSurvHl1icN3nKYxtcAr5y5xfeUKJ4/OMT9V5Z47T2BoorUHnocyCqMs3SgiBLQxaGMwxhBbS55bsiRDuxRrU8Ig4PR997CVWBLbG8SVW7TvY4whcSlKqUH1rnJuGGOr8Ya0RezZu6+98LS/rVq5UYA6WjW6e7l+/97s7G+7V7uInWHrcP931nNXCCGEEEIIIcQ7IwGqEELcAkVAyiAMK4LR3WFpUak6HtDZXhXkfsIwPHBgVL/6tJ+uaYpITfeGRykg6/UfzWyOMT4YRZKktPKEqUPzBJUypbLH9PQU281NTLVGt93h5Rde5JGHHmRteYW77zmNczm5y4i6HaI4pd1NaHUTDBaFJk5SukmCUgFplqJTg68M2vPRXkAQlmjGlqeefYHLWx06S+u8sfIMG1tNPC9neXWBWgDnz7/Okdk57rjjJGHoY13OsTvuIKjU6Ha7lMplnHPFEKleP1ZjDHkSgbW9/qyKThRhSnUs4AU+VnvEWTq4nloV10cVNahFv9YD7nPxtuG9DIPwoK/FWFXyqNGhUMNq1H516mhv22H4LoQQQgghhBDi/SEBqhBC7GE0tOpXCe6x155VpUVopkYGR7nB/uOfUfy01qKN2fdclNKUyyW63WhwbmPnx3i9Yj88LZamF59jen09Pc8jd444TQl8nzRLqNdrnDh5BxdffZkzDz7Ic08/je+FBF7G1voab128yESjzokTx8E5fM+jYx1hqQRKE2c5Hg6fnG6SUM1KpJ7FWod1DotDKw1+gPVLvHb+PE/+2dM0raKzuY21hnY3xnMJeZZT8R2Lb19mbrLBq6+9wdbmOh/9+OOcPHU31UqFZrvdW9Lv9673/8/evUfLdZZ3nv++796163ZuOjddj2TLsmRbspFtbIIgbhwENklsk4aOoemQQE9CFsxMp5tmZWalh+7O9KzJCkOv7umGJmE6JJAOmJA0NnQag8PFiUWDsTGxBEiWwfaRZEs650jnVpd9ed/5Y59d+1J1LjK6YT+fLK2q2rVr73fvqsiLn573eSO0AkcpjDUYa1GOQ2gjnHIZXS7TbAcoFfeMDX2fkudijIkrP0nqfy2WYiXo8otI9dXruX6pvURRtPQdpt95evjijyo5t1pm6v7yfVCz45PAVQghhBBCCCHOLwlQhRBiTbJhV/eU6bTqlK7tQKb61Ga2mdzjSgb6+zoBava4neFkWgbExah66VEtzTy3aDShMTiOQ9MP8TwPp+QRWcvmbVdy+oUTnD3Z5NZbX8XeV9xItdrH17/+VUaH13FmZoZy2UNHisAEWOIqT2sVUaQwUYRjLKWmT6sSoBW0vDaO6+J4BqUgUhBay+N/9yRTZ2bB66Ox2MAQV6hGPswvNmk7AeWhftZv3MLExg00Fud5xStuZGhoHa1WGxOGuJUKWimiKCAK2mgF1kYEUYQfhuBWaIeGyEK75RNEESVXobXGdV200qi4OWsndCbpR1to15AN0rP6+9fQmzbXXAGyi1RlQ9LuKfxp2No7DC1O95fAVAghhBBCCCEuFAlQhRBiFdlQNHmeTtXP7qkAk5l2zVL/0/i9bCVj+hx6LUpVNDo6zMlTU/FZVpjOH59KYZeqKdNxx41RoyCiVHLjfY3BKGj6bQYGBti2cxdPHfkBZ06fZt3oOLff/npKlTJTZ85w4oUTvOq1P8PY+lEsEdVqhbNnZil5Hko5RCbADw2tdshio4kixFFxr9WSCQmjACfwCcIQAp+RepV5P6LkuczOL1LSVRzHEPk+fev6uGH3bt64//Vs27KFMGjR318lCkKIDPVyFWXBbyyiNWgMUegT+D5tPyQIoeSVsLhEVoGjKbsOJowIwxCtFNZEcd9TlX5ztvNM5e5p5/4VQsqhgcHlvzCKlaZLjQIyU/Kz/U/TsDT5PSQj0oVjpvtmq1lX+u0IIYQQQgghhPjJSIAqhBAvQjplOptcZad6Z4NSco95Sbi2chXhhvXrOfT9I53gLVcVmV3pnfgcpjO938LSLtZGOFphowjXUSgnXnBKuS4NY+jbsJ433HUXT33/EIOjo1jP5UxjnheOH6fZWOCZZ37Ehk1jRGFEpVLGK5foq/dRq9ZYDEJM5NPyQxaaTRQR1oRUqxXccjzV3nE12jqsH6gz3lfFTM/iuh7WjaiXFaMj69m+fYJrd1zBVVs3s26ghqsMJc8haDdwHcBqImNwlV2ash8Q+C3CqI2jHJRTQhuLQRNZcJwSAWkvUmvjStxkury1Zil4zqSS2dBy6WtR8eR+wHYqjcdHx1b8jaTfdRLKFr/jNCjN/m7yFa/5Rais7a5U7Xz3Mm1fCCGEEEIIIS4ICVCFEGIF2SrTpFp06Z3Oo1K2sE8aisXb0un7yX7ZRaWstUTGoNXyfVD7anUG+vpZbDSWTp0NXnPDyawmTxy4AUrHvVaV1vF0e6XRaIwJUcrBKovjlhjatJnXbtlMf7nKwuwZNmzaxK5duwj8BvONBRyvBG1ottpUq1VKJYd6rUxjzhJFETaytBRoY7DGZX5xAcdzcR1FSVWI/IDBaokNQ4NE7RDlumzbsJ0rtl/J1buuZvd117BuoI7x2zQXFrFRgLUBjqOJfJ/IOkTWgAORCbDGj/cJI0JlwSoiq4kMhDhYpXCUTgNSFCStE3LhpAZrUYWKz6WuqEv7JtPxLf31KvVafcXfTmQisuFnsRVA8lvoPY0/3wc1WbwqO7L4GArJTYUQQgghhBDiwpIAVQgheshX8/Xud5qfop9WDGarTdOFffIVhcaYznaAKArR7vIBKsCmTet56uizJFP+l+pKsZ2hmjjsW1rhXSknHp/SgIlXlcKiFXEVpgWr3aX+qBGhVYRhfJTW2VlOPPMsruux0GgwNXWSp350hG07rmJi2wQ2CAjDELfkUC47lDxF07dorYhQNP0QpSxz8wsoDJ6r6a9XabfbeJ7LK66/ll3XgnbK9A/0Mza+gf6BOmMDA5RLJVyvTN0rUy65eF4fzWYDlEMQWSJrCY2hVHKwkaLtB5goAq2IIkOEQ0iJUDvYpWA0TpFdFCafMC/RSWuFTlDa/TvIBuKbN61f8btKvtNk2n76G6Dz/aSVp+n2tOdpfiGoXlP889XMaRgslahCCCGEEEIIcX5JgCqEEGu0Yu/RTFiaTN/P97zsvZBUMi17LX1QN2/asBSgrmWchTBtxVBtaSq7dnArLtiIKAgp9fWz6Ef88NBBKhXN3r034TgltHYJw2Zcyeo4lCpl3LIHrXYcYlqwkaHVNjgLYE1ErVanv69Fq9nGK7msXz+G69XRjotXqaKVxoYBUydfoOw6jKxbh8YwdXIKx3WoVDxK5SqlUhmLIYxCTBSC9UErlBOHq8YqrNJES2mjyvY07bx+cbJVwxvXrxygLtf/NBvCap0PSpPvLQ3b8/1Se42n14JmQgghhBBCCCHOLwlQhRBiGcUV2LPVpOk0/XwFavw8v5BUXHGa9kVNem+mYWk8td9Yu2LA19/XR19fjcXG4prG3xmPWj1kM1pjI4uJIvwoolwqM7ZlK7fU+2mGITMnn+eeu99Cf3+dIGzhaIf+gQFa7TauV8KteOhmiXa7RRAZHGVpRwHhUqVqtTJLf70OaPr76pyaOoPvhxgLfhDQbLSYOj2FjSKCMOSKrRPUqhVmZqapVCts3TbB4PAoQxs20j80iFep0fYXidoRFoNVCkMUT9t3PKxywOpOkvmTxozZ8LReq1KtVFfc3y61CUgrTLPfPyilcwtIaZ1UquYXkMrmpunztGq1WI2a/c0KIYQQQgghhDg/JEAVQog16F0ZuvxCUtnAFPJTtJP3slWpYDEmxNGlFcewaeM4Tz3941XHW+y3uWqjTKux2mJQuKUqYRigMIROiZ3X38hjs3MsNHwGBgdoNlqgLK1WA1Tcv9Url6nUyvi+T6TiQLDl+6ggQjd8zp6ZZ3Bggb7+fiyWH//4R5yemkFrl8D38X2fvvoAG9dvIAgCTNBGVTwcFfcsPXLkCD5PMTS+ge27rmZi22YcFWKNwVqFVYowUgTWIbIOBgerdH4KfrYadfkbsWrQumH9yotHAYRL0/fTqffF/qfdFajFQHWtC0itVLUshBBCCCGEEOInJwGqEEKs4lwWkkqn6Gen7Jvc/kkGVuyDaozBya9h1GX9+OgKAeqL64GZFNQqHJTrEEUGax20U6I6OESl1cY3cPzkaa7Yvo1a2CZoL1D2SrRcjespHM/FcV2UGy/chONh2z6tdoDnuLQCw8zZWaq1fgDq9Rrz8wsMDQ0xMjLC0MAgg30DjI9voFwuUyqVqNVq+GGIAdySx1yrTeBqKrUqpZJL5AcYLEorTKTj3qi4GOViifufnnst5uqfGBsZXnWfOCRPv+vu/qf5c/Xqi3ouC0hJ1akQQgghhBBCXDgSoAohxJokgVg+9CouJJWdtp9fXCo+RrYKtVcfVJZWkl/OQP8AQ0MDzM/P57bHfTJXLzRdTrzSfLKQksJxXUJjcFQJ7ZRwKlUiwCqFVynRboVYG6G0xXU0jquxWmO1AuMQGksrNHgoHK+KUQ5+YEE5bNo8QaVa59ixY3huifHxcSqeh1MqY5VlvjGP65QIjKHW14frerhlj3UD/ahyGWMMi81ZUGm1r0URWkWkXXA8jHJIGiJoC+Yc7ku2SrT4ODjQR39f/4qfj6fvZ7/flfuf5sNPldsvu8hUfop/vG+ykNhagl8hhBBCCCGEEC/OKrVOQgjx8lWs6uuu8ksrBLsXArKdwAvSEC49FoXt8WMQBKuO6aort53TuFejAGUjtDVYA1ZpDBpDvB59pV5nw+YtlGpVQhsB4DgOEGFNgNaWkqNxXRetHfzIsNhu0woMgVUYx6FUrlEqVwgiQxRFKKVwXQ3KEPotrI2oVMs4JYeTp07xzLHnODkzTTOKcCpllFcCx4nvlALtOBhrMcYQGUMYRhg0aBerXSx66cri/8zpNU5zV6vcv6uu3Lbq/Q3CgGyAXvwNFD+e/Q0kVarZIDUJx9MRZsa76m9UCCGEEEIIIcRPSipQhRBiBd2L8mQXkoJiH9Q0JMtWoGaPlw3IsuFZWk2YXZiql/HRMer1GouLjZ5jXW7MK4tXqNcqXswKpdCOQxRAlrgoAAAgAElEQVRG9PX3MXHlVryKR9x0wOBohVYKR6u4AtVRuDpeGKnV9okii7Ewt9BgaLAPPeShlMPM7CwRFmyE63koawkinzAsgQLHK1Ef7MeiqQ8N4VYrWMcBxwVriawhjEIiE6EAY0KiCPzQYLUHOl5AKq6W1ahOdebaG4Vaa3suylSvVRlZt/L0/TQ07x16FvuddvWqJV1MKtmn2P80u4BUsQ2ABKhCCCGEEEIIcf5d0gC10Wxz4NFDHHj0IJMnTgMwsWmMfbfsYd8tu6lVy5dyeEII0bGWPqjFFdGLYWhalRrrNY3fWksURWjtLDsWrTU7tl/B9578PnGNaFz1qpQmW7kYDyvpv7rChAMLUEJjcazBojDWxOvAOxqjIur1MoYIbAAmxFEKRym00riOE9d7KnBLJYzShFgirQmVYma+Qbk6h1EeFeNhNfT11akO9OM6mlrFo+KUsMpgXYeB8RGUW8Ut1wi0g7aWMhajIbCGyERYowiDCBMagjAiNBrcMtYpEeAQaheNjqfT27j1QLZn6Gp6BdHbr9i6akAZmWjp89mQNH/MbG/T7DmKoWh+qn7uy+pcSxqyCiGEEEIIIYS4UC5ZgDp5/BQf+uhnAcu+W/Zw1x37ADh8dJIHHnyEBx48wAfe+8tMbB6/VEMUQoiClfqg5qs/85WlpmdVaXFbctgwCvFWCFAB1o+tp1J+Gn+FKf/nUpGosChr0qhOgdLxIkyRiSiVKxD5hBasiRdustg4SAUcZXG0wvNKVCplwoUmobFo12VhscGx532a7T7W9dWxgaFc8ujvr1KrV+mrVnGUxq3WUKUyde1iHQ/rlNCOg9Yaq+M2Ayb0CYMwDpoNtAJDO7Cokof2avEUfpMsyJQkl0shsnrxXWvKZY/x0dFV9wvDkGT6frYnbT4k7SVfTZqvTLWFR+jV/1SCVCGEEEIIIYS4MC5JD9QkPN27Zwe/9y9+g7e9+XYazTaNZpu3vfl2fu9f/AZ79+zgQx/9LJPHT12KIQohBLBcj8nsNH7VeSxOE8+HXSozZTv5k1YhxsdLe2RaDCvRWrPr6qte5FUVKNBx3Wn8R8XLLxmbBIEO5WoNr1pFlzwcr0SIITQRXqlE1Svj6RKudnAAz3XRWmOMpeWHzDVazDV8pufanJqZ5+zcIq1mAxuFlF2HcrlMtV7DdUsAOI7G81zKZRfXBaUCwEfZAB35WBNiLARG0QwVLeMSuHVCXQU0ymqUBbXUWsFil65p5XvauR1d0+ph5/YrlkLZ5dm4cQBJ5XHa3qFYfZz/PWR/E90hqCX7G8v2VZXAVAghhBBCCCEujksSoH7m819jYtMY7377nZ1p+ge+fZAD3z4IQK1a5t1vv5OJTWPcd//XL8UQhRCiI7sAVHdv0mJVYF6vjKs7SEu2p8dZbTEpgI0bNjIyPEz8V3nvP9bGCykpnBX+KFiqPlUqrbJVKo5ULZqSV8X1KoTGoEolAmNoNJvMTM+wcHYOz3GpVMq4roujHcxS4Oe4ZYx2mWsGTM+3mW9ZGs2A2dl5FhcazM8vcmZugbnFJn4QEJmQKApoNeYJmgvYqIUiQFmfKGphTYSxlvlGk1NnFln0NaX6CKFTJ1AVUC6uW+pcmVaAtlhte34Xq1FKMTI8xPrx1WdD+H68eFT6OyhOz88H593n6jmCzjiKAX32t1hcpEwIIYQQQgghxPlz0QPUqZk5jvzoGHcvTdlfyd137OPw05NMzcxdhJEJIcTK8iGWWpqinUythnxgFodlaeVhvso0H4apwvOkLcDqFZPX7NwRL0tv9Yp/VgvY4sC0OKalikil46n0yiGMQqwxmCgiCELm5xc5eXKKqamzgKa/r59SqYTWDk7JwygH3DI4ZZqR4sxCi1MzC8ycbTA922B6dpGZswucObvI1NQUiwsL+H6LwG9C5GODNjZo47cbtJtNDJbIas7Mt2hGCqcyiCnVsLqK0R5WLS2GZSyaCJTBZlvCdr6Llf6kAbKjNbt2bF/1e7BEmd9A9h72et79W0grkYsLS+V/W2kQm24TQgghhBBCCHFhXfQeqE8cfIpqxWPXjomu95qtNkeePtZ5vWvHBNWKxxMHn2L/bTdfzGEKIURHr2n86dRsSKdqZ6f3FxeZyi8oFR+HzjHS/qnpMYMwwCutvJhevVbnim1bePa5Ey/+AlGgLBaN6oS2FmsNjrJg4yn9KFCRxZoIgggbWdp+yNTsHHNzi4Q4VOr9lKv9DA1p2lNn8COfIALllkHDou9jWm38MGKuFTCy0GJsbIyxEY+K0jhBhPYjgiAgCAy1vipBFIK1hJFhodVkas6nTZmB4Q1U+9bRjixaV4isikNTE6GsQlsILRht0Vb1qA9e3baJTdSqtVX38/2gqz/pcv1PswFpMWzNLyyVTt9PFjHLhqnZUFyCVCGEEEIIIYS4cC56gNpotpnY1Hsq5OSJ03zoo/d1Xn/8w+9nYtM4jWb7vJ2/2fL59x//C55+pnfYMDzUz2+95x/wJ/d9CYB/8utvoVrxztv5hRA/nbILMi0/jd8uTZm3PQNRAK3Tz+d6ntpsMJsGcMaGaLXyX9Xbr9zG9MxZFhebL/Lq4qn6GksyMcFmL9SauE+qMShrUWGICiJMENFotFho+kzPLzB9ZgE/hGrfIOXaAOgSTqlCO7JEYRT3dQ1Cmn7A7EKT02cXGJiaZePZJlvmWwwN9zEyovB8S+D7eBUP3yoiYzDG0Gi3OLvQAm+A8c1bMU6NZhChVKlzPw0mXjPKqKXK07gHKsSBqjmHnLFer7F1y5ZV9zMmygWba1nYKRueqqXFrfLhafy9pB/Phqnd0/clQBVCCCGEEEKIC+eiB6i1apnJE6e7ticLSRVNnjjFvlv3nLfzV8oe73vXmwmjCID/8hcPMTu3yD/+h2+iXPbQWtFXq/G+d725s78QQiTylX/JtPd0cZ/s4kHZELVXlWqvhaeSYyShaxhGeKWV/6p2HYfrd+/i2995MnOOc2OJe6WiTJKeopMQMB49jlY4gAoN1g8wYcT8QoOz8wtMn11gbr6BH1lOzcyh3Sr1gSFcz0NpB+0ogrAZV7I6ZYIo4mwzZLG9wMJig2PPHWNguJ/h4XVUaxWq1Qq1Wo1ytQrAYrNFuVpmfNMWBscnMI5HM4jQymEpaUZZhVUWR8cxcDohP35il7nfvWit2XPNThzHWXXfIFy++jSxUn/T7PvLVafmK1WThaokNBVCCCGEEEKIi+GiB6h791zNffd/ncNHJ3PT+Cc2d1elHj46SbPls+uq7un+L5ZS0N9X7bz2Si6Ooxkc6MtVmmb3EUKI1afxQ3bV9V7T9fOvs/sm1au9q1DDyMd1Vv7HnL56neuu2c6hHxztUZG4hqDNgNJxNWNkDUZprHJwFVhjcLSi7GqqjkNkQgK/hd/0aTdDFuYDZhd8mqEhiMCWPJp+wPz0NNpxKZcrVMplSm4Jx/Ow1kEpRUlrXBUSmTaNqE3j9Dynp+YxUZu+viqu51Kp1qgODLBx8xbGx7bSP7YZo8osNEPcchXleERLSalSFheNcsA68bU4KJRx47uZWSAr/e4KCzMt3a1rrt5OvbaGqfuBv2r1adorN/4uun9L9Hyd/B7S5+l5ZPq+EEIIIYQQQlw8Fz1AHR0eYOf2Ldx3/9f44PvfueK+n7n/a+zcvoXR4YGLNLrUH37qiwD8xq/8Il/48jf53qGn2bJpjG899gM8r8Sv3ftGps/Mcf+XDhCGEXffsY87f+5WlIJW2+dzX3yYbz56CGMsr7l1D2+96zapZhXip1yvafx2qVqz95T9dHsx8LLWorXCmPjzRdnA1RgLriW3GlIPG9aPc+bsHCeeP3XO1+ZojYkiSp6L3/KxVlOqlHCsIQwVJbdEc2EeoywtPyCMDC3fZ7HdxjcWYyEIIlpBiNUWg0Y5miCICKIWbT+g7Lg4bojjVahW6hgNKIdy1cOzVcoljashDFsEQQutNPX+fq64agfXXLeHSt8gbaNohxHVeh+hdQgjg9Uu2tFYG4DJ3ybFyvFxV/hoLZs2jLNhvHermdyunRrXlQPR7GiKlaa9x5LtmZr9DSmZvi+EEEIIIYQQl4C+FCd919vfxNTMLB/5xP09p+03mm0+8on7mZ6Z5V1vf9MlGGG3YydOs3nDKP/X//5urtu5lY998gscfeYEH3z/O7n7jn185eHvcPyFKayFz33hYQ798Mf80/e8lX/1gV/lxAtT/LeH/selvgQhxHmSVhqmq7Wni0kV90v30Xr5oGv5ECwOzXzfX9PYdu64kuF1g2vaNyuyBu1qUA5WOTglj8XFRfzIoF2HwXUjRGjakQWnhG8UjSCkHYT4UYgfhJhIoXFRaLR24qpJHVebRsbSDkIazRaLC4ucOXOGmekZpqanmJ6aZvrsGaZmZpiamWFufg6tFRNbJ9h741727N7N4OAALT/AWIvreQRBEIeHrgtKYYwBo7uiaNPzagt3WKVVocPDQ1y9/co13bMg8EmqhJM2DcsdP37s/p6T30T2t5LI/qaSMSa/PQlNhRBCCCGEEOLiuegVqBBXoX7gvffyHz9xP//bv/k4r7l1d2dhqckTp3jk24eoVst84L33XpLq0142bRxl3y27qdcqvHLvLr5/5Fne9HO3MjYyyPXXbefL3/gOJ0/P0F+vcujwj/mFN7yaHVduBuBNr38V//2vv0Wz1aZaWXlFbSHE5SutMs33u4ylU/eh10JTCmvTOK+7YjUO05KK1l7Tt4MwoOSWVhyjs9QP9fEnDrGw2Din64tDSYdSqYRyHJTjop0SC/MNIqsZXDfGzOw0VaVohbDYCGm0Avx2hLUKR5ewinjRp0jFK2YtBYTGGKwF7SgUliBsE1pLYAP8RouyA1G7yfjYOq695mpuuul6tl5xBa7nYbVLaCylUgk/Iq7a1S6GZAp+nGAm9zL/jfTWK4AcGOhjz7Vr7Xvqd50hG6ImYWmvnDMfkvYOQ/OLRyXHTRYpW/mzQgghhBBCCCHOr0sSoELc8/Rfvv+dHHj0IN998igPPfw4ADu3b+HuO17Nvlv2UKtePmGjV3LROi3YrZQ9BvrrANRrlc4iL7PzizRbPn9y34P8yX0PdvYfHuqn1Q4kQBXiJaJ7Man4mbXZvprdC0kptTQln3zgFk/RTo6dLIFE7hzWGiwR8VJOy3Ndl1dcfw2Pf+8QzR5V/stxHA1KEQQBirh36eSx45x+4QW2bd7Ixo0TPHVwirm5WVoBhFYTBhBFFmsUxliMjZ9bZbHGYoyJw8Sla7fGENk2JrKUHLA2wNqIer3O9uuu5qYbb+Daa3awfnwUP/RptQNcr4RyXALfoLSOK1rDAO25uQgzshans0r92haLSkLIer3K9bt34bqr/2fR2qiwWFe+Ijn7mITf2SrURO/q03RRsuJCUrJ4lBBCCCGEEEJcGpcsQAWoVcvsv+1m9t9286Ucxnk12F+nWvG4587XsHfPjs52rRX99dUXJBFCXN5WX0zKZsLU1YKutCo1u5BUd+1kZkGpMKRU0qv2Qy2Xy+y94Toef+IQvh+s6bpKbokgDHHcEkFkmJqe4sknD+GVHAaHRkDByOhGfjw9zcxsg4WGT4TCoglDQ4giAtAKrTSRiVBLAaVSoFEoZdHKQbkWrQxlx2F03QB7rruG63buYOfOHdSrHlHog41AGbRSqPiwaKWwGLxSiXYQoEtpRW68UNTSvVeg1pChKqWoVsu8Ys81eKWVq3vjD1h8PyhMx+/ug5ps665CXf03ka0+TfqeyuJRQgghhBBCCHHpXLQA9aGHH+Pw08fOqRoqq1ots+uqCfbfdtN5Htn5NdBfZ/euK/nGge+xbct61g31c/LUDKenZ3ntq66/1MMTQpwHthMKZnuexuFgUj3Yuwo1/1gMxdKqxd5Tw5PtQeDjlco92gTkVSsVbt67h7879EMWF5urXlcQBARRRLWvTnOhxdTMNIEx1Jwq7dDQCtpUBofpGx7n5KnTzDZ8FtsBfhQRGIPRTlwjacBak1nAyaIBpZYqRI3BcRQlDYP9Fa7evo2911/L5k0bqXgOjra0200iY0AptLIYG4GJUCi040AYUXJcImNRysSz+Fla2EkpsL1jzaKk8tTz1rDInwLfb3dNy18uyOwVtmeD1eXeW676NN/WQSpRhRBCCCGEEOJiueCLSDWabX73w5/kgQcPUK2UsdZyemaWnVdtYedVW6hWPA4/Pdl5ffjpSaoVr/P69Mws1lqqlTIPPPgIv/vhT/ZceOpyoRS89a7b2LF9Mx/+T5/lt//PP+BTn/sK5fIaKpuEED+FbCb8ylehLrewUHExoXwYm4azvRYWSs4R9+BcXaVS5sYbdjM40Lf6lSjwKmVarSZzc3NgNdVqnWcnj3F65izW9WgZS31klNFNW/D6+mlFhsUgwLrx9P84FrZYlqbuK4sm/uPYEK0sJW2plV3WDdTZsmGMrZs3MDzYR8lRuK4iDALC0Edri7IWEwaYKG5+qhW4SlPy3Pi+WIvCouzSnc7eqlXyxXVDA9x4w3VUymtrrRIvGpUcuFcA2r3YU3Zb/v3855Ljpr8bmwnI878xIYQQQgghhBAXl7JrbRT3In3m81/juweP8i/f/05q1TIPPHiAw0cn+cD77gVg8vgpfvfffor3veseAD7yifv54D/7FSY2x4tKfegj97FrxwR337GPRrPNv/7wJ7lxzw7e9ubbL+SwhXhZePaZE7nAZy1/oBgSdQdE2ceVnq+0bS2qtUvXhSRbAZhOu88Hqfm/Xm1uW3axqHSb7fl+/r20ElVrjeus7R9nwiji+0eOMj11NjemJJezS//nlavMzC7w3PFTzC+0aDSaHDn8FPv23codb3g9rcYcrYUzzM2c5pmjT3HwySc5eOgQc3PzGKMIwxAFONpBYdDGgDU4ClwHHGXwtEOt4rF54wYmtmxi08ZxJiY2sn58nEqljDURURRgiNAlj3K9Tjs0vDB1lvrQGMap0gigXKnTagU4yeJbCpYaInSiRm3jV7YQPo6MDLL7mp253tYr3z+/07sW8tP387//+PzZgDT//ye93o+3ZY/d3fs022f30lSfnjx9lvVjQxf9vEIIIYQQQojLX7MRXuohXFAXvAL1uweP8obbblp2QagkKP3IJ+7nI5+4P7etqFYt84bbbuKJg0cvzGCFEOJFWa0KNZ1MvlyAXAzc8vsVFyiK/xhjiMza/iPlOg57rtnJtm2bUFolC9djrcHYCIvBas3cYotTp88wO7+AH4R4lRrjGzfx2c/9Jc8eO8Fis01gFS1jUdUa5YFB+taN4Nb6CJXGt2C0S2ANSuk4urQRxoRYBa6jGKx7bBweZMPoOgb76tgoYmZ6munp0zQbi4S+v9Tz1AGlCKOQyAYsthZphQHWdTHaZbEd93ZVWLSN0Daet28sGDQoB4WDxkEpDTq+r1ds28yea3etOTyNTFgIT7u/k2x1aPc/MKz2Dwdpj1upPhVCCCGEEEKIy88FD1Bnzswxsal3IAowNTMHwL33vI5773ldblsvE5vGmT6z/PtCCHExFHuX5nuhJuFY9k/+sytN9c5WtK4UxsUhahT3B10DrRTbt05ww55d8YJJNu4VqpVGKQesw9TUDKenZ1A4lLwK5XKZ4eFh+uoD/KePfIyzZ+cIQ4PWJcLQ0Gi2qVRq1Ot9lMplyuUyynXwg4im78c9SrWL45bQ2qHilRkaGGTbli1s27yZ4cFB+ioekd9kYfYsC3Oz+H4La0x83SjiVqguUWTRuoRWJcrlKlEYLVXQLvVBxQDxwlMkrzMrSXmexw17dnHF1i1rruC0RERRlLn32e+w+/ss9ivtVanaHZBD/reSr0qV3qdCCCGEEEIIcWld8AB1NdMzswDsv+1m9t92c26bEEL89ChWodpONWESvOUrEYvTwbNTuPO9MpNwdrm+qFEUovTaKxSHBwd55d7dDA32Aw5KuYSRYnLyeX7042eZnV1gcbHJ/Pw8CwuLeJ7HwMAgJ068wGc+/eecfGEKrUo4TomzZ+doByGO6+F5ZbxqDe2U0I6L1Rqrnbjy03GpV2uMjoxwxZYtbJ3YxOjIEAN9FQb6qwwP9FEpuygVoZSJq1atQSkHpUu4boUwAMep4LeDeKGqzmJMZul+hqAiUEuPne2WocF+Xrl3N+uGBtd8n5Sy+H7Q+Q7z31c+OLW2+3vLfrfLVRRnfxvpeWymilmqT4UQQgghhBDiUrsoDQQnT5zu/I/H6TNzNFttjjx9DIAD3zlEtVLuvK5Wyhz4zqHO/s1Wm+kzc533J0+cvhhDFkKIVSVVqGmIlgRd2eAzrRws9rkstqDOHi/9TLpCe9Ivtddnfd/HdV0UzprGXi6XecX11/LCydP88MgkU1NnOX7iJI2GT6sdMrcww0KjwdjYGH3VGn7bRynNt771KI6KuOsX3oTrljHG0mq1abbb+EGEBbRbotrXj7Ihkd/GYFBuif6BdUxs2cT2q7aycXSAcskljIK4L2pJodwSXqWM62jQDkq7aNcFVcKPQKkyQ4OjPH3sJJEN6B8aRBl/aSGpuI/r0p0jntivcBzNVVdsZsOG8XOq3DQ2IvCDFaffp99Vvip0tfMUF47KPqbVpsl3nv89SPWpEEIIIYQQQlx8FyVAve/+r3Vt+9BH71v29YFHD3Hg0UOd15MnTudeCyHE5Ss7hTvestxSfd1hWLpIVFLBaq1CqXz42itkBQjDEMexaLW2v9qVUmzcMM66dYP89Te+je8b2n7E/GKDZqOJ7/ucPXuW+dlZarUqGzdtYO7sFI8//gQjQ8OUyy6LDR8/iIisAsclCkNAodBUK3149T4G+/vor1VYPzzMFVdNsH7DMPWyQlmDaxyUDSi5Cqfk4rguJa+MdUoY5YLysNrl5POnWVxss254PfPf/zEnZ2Z5xdAIWlmMDbGEWK1A2c6CUps3jLF9Ygue563pfiSMDQmX2gMUv6NsWF6sNk2D8+J7xYrUvLR6Nfs6vyiZEEIIIYQQQohL54IHqB//8Psv9CmEEOKS6VWFutyCUplPLb1nSQOy4iJF6VT/uPI0OU53oJcNUaMowmpw9Nr/eq+Uy/zCG3+Wa3dewSf+7IscO/4CynWoVCp4rkuz2WBkZIR2u4HSMDc/z1e/8XXWDfZTrVSIjCWKLI7rgXIwxlByXMoVj4H+GtdcvYNtE5sZHx1mXbWEZxsY41N2y5jAp9Xy8XSZkufheh5JWwGvXKNtwFEljj9/iqHRTQQGTs/M8syzx1m/YTMbx4eJIkC7OFphbEB/vcZ1u3bRX+tb8z1IhFGAMaZzb4v3Ovs8rQzOTsVP+9NCMQzNHqf4m+g+jlSfCiGEEEIIIcTl4aJUoAohxEtZMdjKLygVB2OZd5f9fBK2JUFaEuTlj5PvndprSn8URVhrcJ1zq7zcfsUE/+q338Oj3z3I5x98mKd/fIz5+TnCMODMmSkWG/P01eu0mw1mpqcJ/Dbj42OEERhDPP3eWowxDPT30VevMjw4wMS2rezevZvhkSGcoIk/d4pg/gxhFOGUPCqqD+U6KOVgI01toI9WENHyQyhVmVtoUPIqXLfnBhYWm7heGT+IeOTAt3j9617DyLo6yobU62U2b9nIyPAI+kWEjUHYXrVauLuXaXHBJ4vWemlfOu93t11QhcdscG67xiHhqRBCCCGEEEJcOhKgCiHEedCrCjWeig9J5WhaSZpaPhjLVhym07mTKf3ZhaWKIWocvlp808YreWRDutU4juZnXnkDP/PKGzj4g6f43ANf5luPPUmzFRKFbSqVMiW3RMlxaTZbnD49Ra3WB8rBWkW5XGFwsJ/hkWE2b9zI1i0b2bhhnEq9TsmrUK9X0X1lmrM15mamCJpNarU6hAERGuWUaLR8rFMCx8X1yvzo8A/ZvmMntf4Bmgs+5VofbqXG0aeeYvwHh/n5/fvYsX0LA/3nXnEa3zCL77eTF5172Hm7R3haDEfz7+crTovHSWSn7se/lfi7lepTIYQQQgghhLi8SIAqhBDnwcpT+dUKU/mTfqnpvtnp3NlwND9lPB+iZmUrHf3AxyuVAH3O17Tn2qvZc+3VnJqe5m++9R0efOgbfP/gDxlaN8Dc2Vnq9TrWKrxylWqtTslzqVQqjIyPsXXrFjZt3MiG8RFqlTKuV8VxXHxrwanjDlfp8waZm36ehcVZytrFuB6OV8MPIqq1PpQu8eyxU4xsmGDDtquYml+Ech8NA4OjI/zG627h1ldczYax0XO+tpSh3fYLbRNivatOVw5Ps1P4e23rDmiT7zPdV8JTIYQQQgghhLi8KFtcylkI8bLx7DMnMovdrO0PsOzr5Hn2caXnK21bi2rt8vo3oO7FnYqhaGfPwj5JBWJx36T/aXb/ZF9Iw1lLsQo1OVfSZ9V1XRztLjtFfa1+eOQpvvzX3+CRA4/RaLQ5dWqKkdFxNm3ewrrRdUQmYmhoiNGxMYbXDTI2PoLnOGgs9WqZSqWKUhbPUTg2ojU3xfzp51HGp+y6eG4Jr1ql0Qo4OTWLbxU7r99LpBzm222GR8eoODA+PPgTXYdScb/TKEraJCTT8fMBZzEYz07b7/Wbzy8alfQ6VZnfeDYQLQarNvcZuLwC1JOnz7J+bOhSD0MIIYQQQghxGWo2wks9hAtKAlQhXsYkQD3/elUPJoFncpnZIDUfdBYfVw5TVwpRu8Pa+D6X3BLnMqV/JadOT/HE332fI0efZaFpGBoZo+W3qVarDAz0ozSsHxuhWqsQ+T4KS3//IJ5XxkQBDiFu1MI05wiaczhRhIlCtOPSaAc0AsuVu65lYHgEp+RSKZfPy7jBEoQB1hq6K0LzFaRrCU+XC02T9/OP+XNAdir/5V19KgGqEEIIIYQQYjkSoAohXrIkQL0wlgtR86/TfbOfy4egSTiaBH2rh6i9jhk/drbgOA6O44I9v+Fc2w84u9Bg5ssmLI0AACAASURBVMw8gbE0Wj5g6e/rIzKGubkFwsgwODRMf62CDZoQNOgrO7g2xEQhpXKFSv8AXqWKWzpfgekSZYnCkMgY0sW4FMWfX+/f8srhafH97vC1eOz87+RyD09BAlQhhBBCCCHE8l7qAerlmT4IIcRLSPafqdLwtPe/XRXDu2IrAKXSsDQN9jTZQDA9b+8QLooMUeRTKrkonJ/o2rLKXon1w4OsX/P0+oHzdu7VWAyBH5BOk8+GnystGpX0rdUUK0tXCk+zxymOJPkNZN+Xf8oUQgghhBBCiMvXua8qIoQQYkXZitNs9eLSu13BXZKjFQO3tNK31+eyfTTT8DStPu3uvVkMbcMwJIx8LIaXKoshCNsEgQ/0CjXT+5Kfqp/vUZv9DrP3PvvdFKtNs/tmv+e0nUP+O7ycq0+FEEIIIYQQ4uVMKlCFEOICKE7h7tUP1do0nMv24MxOwc8HoN0VqPFxklAu2x5gueOQOR4YYzHGRylNyXV56fy7msEPshWnqXwg3U0pndkv3bc4FT+592sJT5PjZM+fVqNKeCqEEEIIIYQQlzMJUIUQ4gIpBm7ZafdpiArZKtIkXOsVfiYVkdkQNX3f5o5VDO0S8Wd6H9sPfJRSuK4LOOdpqamLyWIxhGFYqB5dLkDu1Z/Udn0vy4WnyXexXHia35TtfZoNuyU8FUIIIYQQQojLnQSoQghxAS2/UJDNTOXuVY26cojaaz+tde4zxfC0+1jx+Yrb4gAyRGuN67hLqd9PcBMuqHixrchEGBMtbUuqfpPryrY5WG3RsvyUe6V0V1Cd7reW8DRfhZqtWJXAVAghhBBCCCF+OkiAKoQQF1CvoCwN5NLX2an3q4Wo6XGKU8Kz52SpUrVbcsj0HJCvgI0ZY/BN3DtUa43jOPEY7CUO/ZauKwxDjDFkF4bK7dZ5mS7yVHw/u604ZT/drrreSytQVVdI3is8zbZcAApBt1SfCiGEEEIIIcTlTAJUIYS4wHr1Q81P21drClHT0C0N8eKeqqrzPDleEhrGx+1dRZkPclXh+Pk2A9YagsB0juG6Llrpi7Z6vFJgrCEMg9w4k/Fkx5rtMZq8nz+W6tqeTt/PVwvn989+JqkiXnt4mhlB7lwSngohhBBCCCHE5U0CVCGEuAjOPUTt/VkgE6gCubA1P+V8aUvuGCsdr3egZ3PBZFKtGq9qn4aEjnZROq5UxYJFxSNLronOpeaGVtxHYbHEga01lsgYrDW5a0mvoRiapiFmr1CyV3Caf53frrXOXX9SrRvvnj9+rwBUwlMhhBBCCCGEeGmQAFUIIS6ScwtR02A07eXZHW5mjt51rvixe7p48r4x3cEppL1U489mA7/8eLKHDaMAouwYftLS1O7rSVsPqK7QtDhNP9sPtjswpefr3kGmIqnI7bVf/nn6GQlPhRBCCCGEEOKl45IHqI1mmwOPHuKJg0d57vgpmq02ALuummDXjgle/crdjA4PXOJRCiHE+fGThKjJ+7B8hWVxent6rO6KU63j18Zkx2Nyx0qnw9NpFRBLA8V8wNsZzdJxigFuMTDM93jtrr6NP5MNTJN9u6fs5+9RdoEna23neov3rNdjcn3Z6tSVKk4lPBVCCCGEEEKIl65LGqA+8OABHnr4carVMruummDvnquY2DTO1Jk5Jo+f4m+/fZAHHjzAvlt2c+89t1Orli/lcIUQ4rxYS4ia2Zvuas70dTacTKaZLzddv7gtoXW2ujOetp5WmXb3Ts1XoWZDVpsLEpPxrWXV+2T8y1XXJgti5c+Z9iXt1a80e+xieNorDM1v05kxJeMrVv8Wr2u5gFXCUyGEEEIIIYT4aaZsr7mdF1ij2eYTn/kSh48+x/7bbubuO/bRaLY5duI0zx0/xdbN4wyvG2B0eIBHHj3EAw8eoF4t88/fe6+EqEKcR88+c6IT4q31D7Ds6+R59nGl5yttW4tq7ZIX0b9ovfqOZsPSYs/RWPx+sm+vldx7vc5uT6pNe72XPs2OIb9vr0A2e75ilWt3yLialfqx0nmvV2VtMVzNVsFmP5vdNxusrt4jNfs6OW824C5WxUKv8LTXMX8anDx9lvVjQ5d6GEIIIYQQQojLULMRXuohXFCXJED9o09/iScOPsUH3nsvI8OD3Hf/1zjw6CEAqhWPZssH4mn8997zOkaGB/nQR+9DgYSoQpxHEqBeWucSoqZhKiQVor2OlV9gKg324qn5quvz3SFor3MUK1LTAHe59gDnSzFITc+V9DzNV8GuFJ5mj5evULWdytvks2mF63Khav4cvRa0eimFpyABqhBCCCGEEGJ5EqCeZ488eog//syX+OA/+xUAPvTRzzIyPMDdd+zjxj07OvtNHj/FZz7/NY786Bi/9rY7uXHPDv71hz/JrqsmePfb77yYQxbiJUsC1MtDrwCyOLW/V0XqSoFqcqzs9u6/7m1nIan85/LnyIa3L64Klc41LXf9vfZbW/UpLFf52et0ccXpStP5l/uNAl2hbK8+rN3tEpa7lp82EqAKIYQQQgghlvNSD1AvevrwwIMHuOuNr2ZkeJDf/fAn2XXVFt719jcBcN/9X2Py+Gmq1TL33nM7H3jfvTzw4AHu+/zX2LppjLvv2Mcff+ZL3H3HPllYSgjxkpENBZPn+YAy7gHavbhUWomZlXw+PnbuTJ33k9dx/9NigEkhkO0OKvN9U+P3kinxxQWvunu4Fq8/P75EcqzkOpPjJtvTMDQNK4uVo/nz9N5W3Jz9LnqPMflOssHoSzs8FUIIIYQQQoiXs4saoH734FFmzsyx/7abeejhx7DAu97+JmrVMh/6yH1MnZnjNbfs5vDRSf6fj97HB9//Tu6+Yx+Hj05y3/1f55+/95d54MEDHHj0IHffse9Fj6PZ8vn3H/8Lnn7mRGebUjA2MsS999zODddtPw9Xu3aP/d0RPvYnX+A3f/Uubr5h50U9txDi8lAMUaF7Sn+xkjdZNCofUHbvWwxTk89mty83FyEbiOaDUdsJH/PBZrE6FECvdvW5sWdD0/T8Cq3T603D4+6+pj3PUOiD2ivP7A45i+F09jzFz+TbGnSOIOGpEEIIIYQQQvzUW+1/1Z5Xh49OsnP7FmrVMo88eog33HYTtWqZRrPNkR8d491vu5O779jH+979ZqbPzHH46UkA3vbm2zn89CRTM3PcuGcHh49OnpfxvPF1r+T3P/gefv+D7+H3fufX2btnB3/y2QeZPHH6vBx/ra6/dju//8H3cP21cXD72N8d4X/9nf/Aj559/qKOA+Jw+ff+w6f5w0998aKfW4iXu2IA2KvCtHevzWT/7vYKyXF6VVSm2zVaL9+yIT3Gci0aurf3OsZarn+5dhDFALTXmIrHSP7E16Yz23qft/cxivv26kkLxX6nIOGpEEIIIYQQQrxUXNQAdfL4KSY2j9Notpk5M8fEpvHc+41WO/e6VokXi5rYHO83PTPLxObx8xZwVsoe6wb7WDfYx/C6Ae64/RZq1QpHnj4/Ae1aeSWXdYN9eKWXRj9HIcSLt1KImgZ6vUPAfLWk7RkCdgef5F7n3+vd6zZZuT6/Tz7YzK9u3zvYXC6oTMLc9Jx07ZfdJzu27ustXhNdnymOMV/R2x0CZ7+D4vT9zt2X8FQIIYQQQgghXjIuemJXq5aZPH4KgJHhwc62vbuv4hOf/hJHbt3Nd588ypZNY+zaMdH5XLXiMXniFBObxmkWgtYLJYwivvy17/Dlb3yHRrPNK67bzjveup+hgT6MsXz9wBP8t6/8D+YWGgwN9PH3f+Fn+Zmbr+Pjf/pFFhstqtUyB3/wY97xlv18/r//Lb98z+s6U/T/8FNfZObsPP/k19/C8yen+dgnv8BvvvMuHnr4MR594jAA//f/+2dcdcUmfvXeO/l3f/Dn3HLjNTxx8Cinps6wd/cO7rpjH3/6ua/w4+eeZ/PGMd77a/cwNhLf0+8feZZP/9evcvL0DOOj6/iHf//1XLdzGz969nk+9skv8Npb9/DIo4c4c3aOK7du5D2/8oucnVvk3/3h52i2fJ4GHn3isLQVEOISKPbRTPuiQnbKfloJmZ9Kn7YA6BxxKfSzmenxxSn8xSnz5M6R7Z+avO61oFR2vPlAMXt9vbb17n+avR/5cyS9WJN/B8y2KVCda057yPY+V/ba8u9nWwTk73FyL5N7kL/n3S0UhBBCCCGEEEL8dLvoAerUzBz7b0srSpPFoN737jfz0MOP8d0nj7J3z46uHqfNls/EpnEmT5yiWvHO+7iMsTz2vSM0W212bt8CwNcf+R5fefgx3vkP3sgVE+v5y7/6W/7sL7/Ke37lF/nmdw7xuS88zFt+8We56YadPHfsJKemznb+R/oPnnqWW/Zew2//z2/DK699vP/orfu55uqt/PkD3+DX/9EvcOXWjYRRBMAPn3qO3/zVuzlzdp6P/+kXefqZE7zjLfsZHRnkP//ZX/Glr36bX/kHb2DyxGn+85/9FT9z83W8/rVv4ftHnuVTf/4V/ul73gpAq9Xm0OFn+F/+8S8RhiF/8Mkv8LUDT3DPna/hd37rH/H//Ze/YnCgzjvesp96rXJ+b7QQYk2KCxAV+6JmQzyl8hWrxV6lawlS48AyqaQk9368D2R7j2ZDzN7T+rtD2t6VnNlFrXofI/s8u3BUsTq3GHrGj7qrWjd9v3dlaba3anGhLKVsZrtUnQohhBBCCCHEy8FFDVB37ZjgiYNHqVXLbNk0xncPHs1Vme6/7Wb233Zz1+ceefQQEE/lf+TRQ+y6aqJrnxfjgQcP8MCDBzqvB/pqvOMt+9myaZx2O+DxJ5/i1a+8jptuuBqAO3/uVv7oz/6K01NnOfCd7/Oqm6/l5157E0rBusG+/LVeNcGv/vIdeJ7LmdmFNY+pVq1Qr1VQCvrqVfr7qp3Pv+41e9mycZSRdQNs2jDK2MhgZ2w7rtjM8RemaLZ8nvzBjxgc6OPnX/8q6rUKt950LY8+cZhnJl9gdHiQUsnll37+Z9mycRSAK7duZHpmDtdxGOiv4zi601ZACHFpFas5V69GLS58lBynuyK1WC3Zq4o1rfRMFp6KQ8n8Z9Nz9qpQzY5hmavsuuZiyJueIzmv7lHxmhyrO0jtPv5y9yaVVr2uXHWa3VcIIYQQQgghxEvPRQ1Qb9yzgy98+ZtLVag388ef+RJKwXefPMr0mbmu/auVMjdeHy8a9epX7qZWLfPEwae6qlNfrDe+7pXsv+1mwjDiL774MIvNFtdcvRWloOX7nJ1d4Cs/OsZXvvFYZkwep2dmOTu7wLVL+/bS31fD887v7S1W3o6Prus8Hxrs4/gLUwCcPH2GyeOn+K3/4yO5/XdcuZnR4UEcx5F+q0L8FOk1pR96VaNCGo5mFzwqTkeP9y9WufZ6jD+jScJDrbMVq/H5kvMm2+NjFsPPla6v8yx3zd2VsPkQOT/NPxlj8bq7Q+i0arUYGNvCvUtD5JWqTtPPCyGEEEIIIYR4KbqoKdrE5nG2bBrjgQcP8O6338lDDz/GQw8/zl1vfHXPqtLJE6d44MFvApa3vfn2TrXovlv2nJfxJItIAbz1rr/Hv/3YZ/nrv4nHU/E8hgb7uOG67dxx+y2dz2ilcF2HocE+Zs7O91wJezXWxi0DLpT1Y+vYunmc/+kdP09laSEuiK/3+ZPTF+y8QogLpxh2JtuK1ajpVPPOJ7uC1GyP1Oy09eWqXfNVqDYXqBYD2aSytdd4V1MMXYsBbD7UjMeQjql3O4HlWw7k2wDkj63It0aQqlMhhBBCCCGEeDnTq+9yfu2/7Wa++Z1DPPLoIT7w3nvZsmmMhx5+nCcOHUUpxcTmuD/q5InTPPTw41SrZT7w3nuZnpnloYcfZ/9tN1Orllc5y7kbHR7gdfv28o1vfo8XTs1QLpe46fqr+e7Bozx37CQAc/OLfOvxH3Tee+x7R/ibb/0dZ2YX+N6hp/nq336357HLXon+vho/OPIcbT/g8NOT/PDoc8uOZf3YMJ5X4sQLUy8qaL3+2u3MLzZ59InDWGMIw4hHn/ghC4vNVT9brXhs3jDK9Jk5ZucXz/ncQogLKw1NixWpadhXrEbtfp4eK35MP5dd9T6/T/qYHCepNo23pb1Gs8fVunsV++WuK963+xjxsbM9UFnTGPM9UvPHLZy9cB/ofC55Xqz8lfBUCCGEEEIIIV4+LmoF6uTxU9z3+a8xvG6AP/7Ml+Btd/Iv3/9OHnn0UKcaNTG8boDX3LKb/bfdzPTMLB/66Gd7Li51Pr3q5mv5m289yUMPP8473rKf173mFfh+wCc+8yUWGy2GBvp4w9+Le7Qm7/3lf/sbPvXnX2F0eJBf+vnX9uyjV6uW+cU3/Ayf+vOv8PD/+B5Xbt3I3j07eOHUTM9xbN4wyp2338J993+dL3z5m/zmr91zTtcxsWmMX7v3Dj79X7/KF7/yTUquy0037OTWG69Z0+d/Yf+r+INPfZEP/OuPcdcb93HXG199TucXQlxYy1WjJtuS1+niTPmFptL34/eKVanF6sy0n2l3j9T887SCNalE7d5ndWkbANt17O5zF9sUZB/z1ab5FgDp55Pjx/tk2xd0h6QSnAohhBBCCCHEy4+ytlfkd/5NHj/Fhz76WWrVMr/3L36d3/43H2fmzBx79+zg3ntuZ3R4AIDDRyeZ2DxOrVqm0Wzz13/zOA88eIBXv3I3b3vz7Rek+lSIl6tnnznRqaxb6x9g2dfJ8+zjSs9X2rYW1Zr08oXeod5yQWoahGan4OeDx2JYWqzGLIaZK/1nZK09QteyX7EXbK9xxe/1DlWLfUy7+8P2DmmT8b3cg9OTp8+yfmzoUg9DCCGEEEIIcRlqNsJLPYQL6qIEqEl4uuuqLRx+epJatUKj2eLeN/8cDz38GMdOnGZi0xgTm8cZHR6k0Wxx+OgkkydOM7xugLvv2Mdrbtl9oYcpxMuOBKgvHSsFf8n27F/32f7Ny4ep5J5nqzbz/+VIw8v0fHQ+v9b/zGTDzO5K12xYmh9DdxVp+rwYmhavPTnHWu7fy50EqEIIIYQQQojlSID6E0rC0717dvDut9/JR/7o8xx+epIPvPfetN/p8VN89+BRDh+d7HxuYvM4u3ZMcOOeHRdyeEK8rEmA+tKzWhCYD0rj10nFabzf0tZcmArd1Z6r7d81slVGvvznek+5z36mu19pcf/e1abkXufOKsFpFwlQhRBCCCGEEMt5qQeoFzx9+I+fuL8Tnv7Rp7/UFZ5CHJZObB6HOy70aIQQ4qWtVy/U4vakz2kSemYrOIu9Uv9/9u49PKr63Pv/eyaZTA4wIYEEEghICARNOARIWoIJAhEQVBCsoII17oZddT/a38Zu696t213rr7a7PL9t9yP1kbaxhSq4BQHlJEeDhkoQYkiUICAQSEKAhATJgRzm98ckk5lkJucDyOd1XblmZq31vde9vjOXvXpzr/W1jbXtayyQOhciG+I2L0I6RWnHNTiPayx+gnOHqe2z8/Nbm8Zo6ERtPNZqbVvHroiIiIiIiAj0QAG1oqISgwFS124nM/vrZsVTERHpeq0VUh33Ne9KtW2zHY+bbc635jcvcHamCOmcR9MwzRe8atgOVqtzgbfpbfyNhV4VTkVERERERKRtjN19gkXzp3Pk6NccO9G881RERLqX4+MVbN2nVhf7rE2KqY5dm7ZtrguqTc/lfL6GVe3brvH4xsdEtHw+1/k5F0lt12ZtkpvzfDTdJyIiIiIiItKg2ztQp8RGaQEoEZEbQFu7UhtrrI0FTOdb/W37GuN2U8JN4jd2nDo+QgAcC6aOnaa2/c2TU7epiIiIiIiItIdWYBERucW4uo3fVTHVcX/9yPpjXBVUnY9pfs6Wc2p6O76rBasaYzgvFNW8YNpy0VSFUxEREREREWkPFVBFRG5hLRVTm75vOMbV4lCOh7kvrraUR9MtTW/Db9zePFfXJ1PRVERERERERLqCCqgiIgK4W2Cq5YJqw7FWt486bW/hsjGQtUnQloqlTY9X0VRERERERES6igqoIiLSTMu38rdeVO3Emdt0lKt8VDAVERERERGR7qACqoiItMpdcbJpIbOlY9urpdgqloqIiIiIiEhPUQFVREQ6rC2FTFeF0LbEUpFUREREREREbgQqoIqISLdSIVRERERERERuZp78dx/AtsKxAdvyHQb7ZwNWrLZXq9X+GQz1SyI7LrvsHNg5nvP4hs9OZ3QTzykfg0NeVtsKzfY4jgdgcBjokI/BIS8r9vH2fJzGN3zGKRHn8a7nqS3X1fF5avINuponN/FuiHlq7XvrwHV1fJ7a8vt2Ha/T8+SKyYzBzx+DXwAGywA8xk7DNPkBDP0HtzBIelc2ry/fQWaTrZ7eAUTPvZtl8WGYeiWvjipi229Ws6FoCE+tWERM090XdvKL32ZR6LTRA0toCPfMm01ShH/P5HV0HSlvnWPQnKW8PCO4m84pIiIiIiIiYmPvQDXUF3sM9UUjp2JQs88NxSKHSA5FuKbxmo+32se3Fs8xHxyKb86vNHt1rgbjNL5b4rTzujo6T03Hu52nVr63Xpun1uJ06Lo6Nk9t+X27i9fpeXKlugrrlSKsV4rgfC61X33K9XW/wiPye3hOXoBn3L0Y+vZ3M1h6Vd8hLJo3GgsAVZw6cJDd69fzZt8f8/QY715OrhsMjSQlMcz2/moeu/bksu4PfyR9zsO8OCO09fENhdjoWaxKjm7DCYNJeuZHxFd74tupxEVERERERETaz15AtRWPqO/IA1cdfo4deo0dfw0BnAM7x3PfMdhaPKd8DA55NelkbOj4a+xspElnpeN4nItdLsY3dhA65NNsvOt5ast1dXSe3HdWOn5vruPdEPPU2vfWgevq+Dy1/vt2F6/T89QOtbmfUZv7GdW7UjEv+jc8xt/d/iDSvXwCiYoZR0j9x7hoDwp/to/MQydgTFsKhDcZy23ExTRc1zjiEiewbcU7bNi6nV2xT5Bk6fpTmnz88ffp+rgiIiIiIiIirVEHqjpQ1YF6o3SgtqLu3DEqVizFODIW8+Jf4DEqrmOBpPuZPJ1v3S/+gtTUvRzMr6XG05eombNZNmM4vsCR1BWszB7C4yl+bE/NpTBwLL98Pp7LG9eTeuAiZTW2RwLEPXgvS2KCMVHD2fT1rNp0jsIawGU8C4nzQji+JZfCGvAMjuTpZ+4l2gegmOzdO9mw5xx5lYCnB2Gxs3nuwdGd6O4M5Z7pQ9iw5hzpGcUkzQgEijn4zkbWZJZQUQOWyLE8vfRufNJX8eLWMtuw7B2kLN9Rfyu+Zwt5tfJogYpjrH1zLx+fLacG8Am9jSXJ84gL1GO+RUREREREpPOMDW8aVkm21ld3Wu7QazzezkWHXkM89x2DtBrPab/bTkbn/fbxTTorHfe77hikWTxXnZUu82nndXV0nlrqrGwt3g0xT619bx24ro7OU1t+3+7idXqeOqHu6wwq//tH1H75SeeDSderLiZ340EygbARocAJUlfsIr04kKmLk0iZG0zh1g38V3qxw6BzvJV6Gp/RkSyYPhrTkU28tv8i/rEJpCxJYmEMZGfmAVCa/ldeXn+O8tETSFmSxKJoyNm6gd/tLnKIV0ZaWhVTFyfxeEIApqJcXlubXb+viIz9ZfSfbou9aLSZvAPbWXesk9cdGsggIC/flkfuO2+z6lA5YZMTSFkSS2RRFr9+Mw1TdAIp84bYHncwNLL+GiydyKuSg6u3sPusJ/GLk0hZEkusZxEZZ2o6eUEiIiIiIiIiNupAVQeqOlBvkg5UR9YrRVS8+hDmxT/HNOepzgeUzinK4sXlWU6bLCNiSUkMhKM7Sa+E8UseY3EMwDhMJ1ew8sAXXIqfVn+0B/HJ/0TyaNun0vRKwIP+w24jOjoY35hxJNlORPr+EvAeQXLyNKIBYgK5dPJddu8/zKkZs+vjmZmxdCFJw4AYDzL37yCzqIACoglhNMkvjW5MNLSIj7OzOHW+CBw2d042uw5VQXQSP50/DoA4zwIy3solw5TIPZF5fMA5ypweBdDRvKqoqAC8LYSPiCAm0I+4mMSuuhARERERERERPQO1zc+sdOisdJlPO6+ro/PUUmdla88KvSHmqbXvrQPX9V1/Bqpb1jqq1r6McXAkHuNmdGFgabeAKJ57ZjKDGj6b/PD3sf3ntaDIdrt65poVpKxxGONdymX7Bz8GBTTu8o+fT8qZjax5bzXPrgXPgCCmPjiPxaOLOFUEBPvRuJxYCOGhsDu3lFL7NjP+7tauqviGbau3sznXdrt7g0FuDm+z/GIKgbDQYLjwOYUA2btIWb7L4SAPCouBvl2Zlz9TlyZxKnUva155g7fwoP/Q0SxJnk10NzyLVURERERERG496kBVB6o6UG/CDlQ7q5WK13+M739swxgS0YWBpV1MHlgs/vi72BUSbAHKiFqYTHK0h8Me24ry2S7GQCBxDz9B3MNQXZFP+up3WbNqC+GvJhEeDJkVtVTYjy3gVD7Q13b+UpfxGl1K38WGXNut9QtibyOs+jC//kNOuy63uXy27TkHBDA1NhAsIQwii8LIBH69ONLpebAmH+Bqk2fEdjavwHEkLx9HMpWUn8/izZX7eW1tECuXTWx2HhEREREREZH26t0O1OCxEDHXdtyFLDixtVk8daCqA1UdqK2ouErVH/8Zn19s7obg0mljJhLvfY70LR+yzTSOcE8oO5PDqeDZLIv3czmkNO3P/PJIMPckhmGhirNXa+v3BBOfEMCG9Tm8udqXBdH+lGWns/sqhM2ZQDhwpJV0TD5m+/vy4tNsO3CCy7SzA7XsNAeP1Od0NY9de3L55iqEzZnNVAtANEmT9pF56CCpe2DqMDNcLSD9TCDJS+MgMIww78PknTjI2qOBJA0L7ERexex67W0ODh5L0gh/qMmnrLI9FyMiIiIiIiLSst7pQDVbMM5/B8ISnIZTeoa69x+BoqPqQHUTFXgnJgAAIABJREFUr1kHozpQb+0O1Hq1xw9S8/k2PCfe0/XBpZMiSH5+HoPW7mTz2l3sxnZLfvxc9yNMwyIIz8hi/ZpcagBP7wASU+YRZwLiH+MXrGfVpgxWZQKevkTNWcCyGcFtysY//l5Szqwn9cB+VmVYSJx7G4NO5rbvks7msmpNwxgPLKFDWLRkNkkRjT24kQ8v5bngLaR+tJ9V+215Do8Nobp+ThYtG0tpaha733qHnDlLeXlGR/MyEx4TRPqew6w6YCvq+oRG8uxSdZ+KiIiIiIhI1zBYf+9nBeqLRQ41MHvxyHWHXmM1qF6zDj3HeM7jjT9MB8tQrJ/+Gmv2GqgqwxD1CIYZvwGs1L0xBipL7WHt+Rgc8mrSyeh0gMvOSsfxOBS1nDsGaRbP4fqajXc9T04z2Yl5ch2vyTdobXwxtBLvhpin1r63DlxXx+epLb9vdx2onZynbmAcMhrfV3aD0aP1g+udOZ2PwWBo1x/g9nPDe8fXlt63tK0tfHw9Wz9IRLrEhYtXGBjUr7fTEBERERGRG1BFeU3rB93EjA1v7EUPGosf9uJSQ4ceVqf9Tpp+dIjnND5qCQSNwbrtx1g/X4mhyrbACjlvU/fOHDD3wzDlBXs8p/NZHfJy6PRrut+ej0NNrul+p05Be4cjzeLZr8uxs9JVPg7X2SzvjsyTm3hNx7ucJzfxboh5au1768B1dXSe2vL7dhev0/PUDerOHaN675rWDxQRERERERERkTazF1Ct9fdPW+tb5Fp+RmTj8XbNOvQa4zmON4ycC2VnsX79YbPzUXQUvt5iO8beMeiw34BTh19jJ6Pzfns+Tp2VzvtdP7OSZvGad1a6ycepE5JOz5O7eO47K62txrsh5qm1760D19XReWrL79tdvE7PUzep3r+ue08gIiIiIiIiInKL6fEOVMz9oPSs205Na1EW+A9TB6o6UNt8XepAbVR38jDWksLuPYmIiIiIiIiIyC2kxztQqboCljC3nZqG4LG2TtRu7EA13JaIx7Nf4rFkk8uOQWPcP+Lxwnk87v99uzpQjcMT8Vyeg+fjG9s8T8Zp/4Lp599geqUYzwd+rw7UDlyXOlCd1Rze0f0nERERERERERG5RfR4B6r16y3gPwzDpKebnY+wO2HkXNvt/d3cgQpgCBmPccLjzh2D5r4Yoh4Ak5/zdbWpA9VxOlqfJ8PIJDy+9wTWsnxqN/wvag+mqgO1A9elDlRndWeyu/8kIiIiIiIiIiK3CPsS1rbOuYYOv9Y69Bo6/hyqQS469BrjOYzPWYMh+lEM014FLwvWvP22AWEJGCc9BUVHsR5a6dQxaM/HbSdjQ8efQ14uOisbx9fz7ofhjgcwHP6Lfbxh3CMYBo1pfl0OnZUu88HaWI2GNs2TYcgE8PbHemwHtZ+vaaGzsnHeW+qsbPze3HWgtn+eXHdWNp/3Ns9Ta99bB66r4/PU+u/bXbxOz1M3spYWdf9JRERERERERERuEfYCqq1DrqEDr0kxqNnnho47h0hNbk92jNds/IkPMITdiWHKvzo35OV9Qt2Gh23jxzwClqG2fErPQN6ncOWMc6ef/ZVmr06dlVaHfBw7HS9/jWHQOIh5DMORv2K1gvGO+XD9Gg3FPOPc/40x5lHq/v4H6na+hMFgwDjpCYxJL2HN2Ujt5mec5qVxOgwYp7+AcfKTWM8fwTB4PHj1hW8Lqd35CsZxP8AwYqrtHJOW4jVmPjWbf4qh9Dwe9/wSQ8gYMHjA1UJq979O3ScrbfGb3gbecH0O35vbeaed89Rsnjs43+2J06HrcojX8D20YZ7a8vt2F6/T89SN6i7lde8JRERERERERERuIT3bgRo0FsP8t22LRJWdtd2qX3oGa9FRqLwCRdm27tQZv7bFLjqKtbIUw9hHMXhZsB5aSd0nr7atk7ENHajWgiMYwr6PMWoBtYf/gjH2RxB8O9YTuzGMmmU7Jncr3H4vhiFxjZ2VQydDXQ1133zcSgcq4GnGEDSS2n0rMHj5Ypz8JMYJj1C751WMl05gnLSUui+3UvflB1jzj+L50P/F0H8EtWm/hyvnMU75RzymLcdaVoA16311oKoDtVV1F1VAFRERERERERHpKj3XgRq9BMPsP0DZWerWzcGQ90l9h1/jcKIfxTDnD1j3/Mx2G3/QGAxD77R1pY68F+PcP2D0DqBu1/Nd04FaXYn16x0Yoh7EOOFxDFEL4dol6k7vx6OhgHpyF9b8IxhCJ2AYORvDtSIMYbFYi77CmvVes3lpnI7689TVUJe1nrpPfm/bHjUPfAOxntoPw++0HVN1FWvW+xjGLcTQfwR1x3dR99GvbMU7owces/8d44gE6rLeVweqOlBFRERERERERKQH2ZsmrfXVq/auUm7nokOvIZ4haKyteHrxKHV/ia8vnjY5X98w5+KpFYx3/iuGGb+x7T/+IXVvz8Ew6UkMQxOadDLWn8/gkJeLzkqn/dj212WthapSjHHLMATfQd2xD6Gm0um6rGfSweSLYdRMGD4VzP7Ufb3TodOyYZ4ch9Wfp64Wqstb/SKsWDH0GwqeXnD9WuO8V5aBtQ78Q13Os2NnZbN5d/e9tWOeXHdW0mzeXXWgNo3XvAPVzffSzutq7EB1mPc2zFNbft/u4nV6nrqRwT+4+08iIiIiIiIiInKLsBdQm6463tZVyu2afnSIZ5j/jq3zdO09GKrK7PEcz2eMfdp2W/+hlfZ4dVt+TN0bYxrjXTiKNfttDLFPOXX62fdbHfJy7Ih0tZ/6/fmf24qmA0ZB2XmsmWuaXVfdsQ/haj7GwRMxjpgGVaVw6mN7vMZ5chzWZEJaYcCA9cpZqLkOXn6N8+5tAYMRSvNdzrP9+pp8Ly1+b+2Yp3avLu/YgdoknlOnp7vvrQPX5er31JZ5asvv2128Ts9TNzL2UwFVRERERERERKSrdHsHKlG2xaDqtv24sXjqqmMweCzW4x/axxuiH8X4xKcY5qxsjGcAa+4HGMKmdFkHqtVqxXpkNXWH/kzt31/HevlE8+u6fJK6b/ZD0CgMgydizcug7vzhtnWgtpEVK9avdmC9fBLjqCSMM3+OR9wTGCf/CGquU3dyv8t5VgeqOlCbUgeqiIiIiIiIiEjX6f4O1OglcPEohnOftNwxCLbOznrW7L9hPfo3DAPHNsazAtfLwLtfl3WgGgwGrJeOYd3xPNbMt91el/WbNKiuhLpq6o5vb95Z2RUdqNevUrvtRayXT+KR+Awe836HwdyX2r0rbAtIOeTTND91oKoDtYFHxMTuP4mIiIiIiIiIyC3CYP29nxXAsUHOYP/srkPPQOOKOPWadejZ9hqWX4XDK6nb87yLjsHGMxoXbwWg7p059njGR+q3vT2nfiEeMEx5AcOYR6ldGe3QyVifj8Ehr2adlY277dfXrGPQcXzD5/qJGjwJjx/8GeuVc9SmzmkSz/11tXWebEe566x0jNfkG2zaSNpCvJ6YJ6fTNIvXtAPVRT4duK6Oz1Nbft+u43V6nrqR339nYWjjbfxnTudjMBja9Qe4/dzw3vG1pfctbWsLH1/P1g8SkS5x4eIVBgb16+00RERERETkBlRRXtPbKXQre/XBUF/sae8q5XZNbk9uiEdVKQy5E0P8C/bD7K8Nx1eVYv36QwzTXwWzv22MYz3F7I+hqsyW36h7sZ7d79zxZ6XZq3M12OH6HF7bs2q64fZ7wXcA1uwNzvPlcp5o9zx15ery7uN1/zx1Ok6Hrqtj89SW37e7eJ2ep25iHDGhzcVTERERERERERFpnb2AaiseQcOzPFt+RqRjx19DAOfADfHqtv8Y4+w3MMT/q/ssqkqpeyMKw5QXMD7wNnVr54IV2y38Yx6FoXdiPb4FY8ILEDwG6/pHmnUyNnT8NXY20qSz0lrfEOhwfS46BpvGwwp49cEYPg3KL1H31Ycu4jXvhGzvPLX8bE/Hzsgmc2fvrHT83lzH6/Z5asin2Xicxrf4vXXgujo+T63/vt3F6/Q8dRPPibO79wQiIiIiIiIiIrcY+y38rm5bdl9karxt2YnT58Z47oteTRoXI+ZifOAdKMqi7pP/F85+ClVlMHQKxklPwch7sW59krqsvzUpxjW/Xdyej7042Px28eZFr+a3ZTt1DNpaE5vdlt3qdXXhPDUf73B9TW4/b+l769V5au17a/d1dWye2vL7dh+vC+apixkGhOG34u9g9GjzGN3CLyJtpVv4RURERETEnVvmFv7u6kBta8eg1WqFr7dQ984cjHPfwLhgrXPAqlLqNjyM9fiWJkW4G6SzUh2obZsndaB2G/ND/9qu4qmIiIiIiIiIiLSu25+B2tZnVtrj5X1C3RvREDwGQ1gCePfDejbN1o3qWKTqqWdytjVOa9fVRfPUrIOxIS+H7819vBtgnlqL06Hr6tg8teX3fbM8A9U4ZDSekx/o+sAiIiIiIiIiIre4G6sD1THehaNYLxx1vp26PZ2M6kB1/72pA/W71YHq3QfvJ1d2Q2ARERERERERETE2vLE/t5DG5xfai0sNHXpYnfY7afrRIV7T8Q2fm57PVTyn/VaHvBw6/Zrut493qMk13e/UKWjvcKRZPPt1OXZWusqnndfV0XlqOt7lPLmJd0PMU2vfWweuq6Pz1Jbft7t4nZ6nrmIw4PPsnzAOvaOLA4uIiIiIiIiICDgUUK31909b61vkWu7QazzezkWHXkM89x2DtBrPab/bTkbn/fbxTTorHfe77hikWTxXnZUu82nndXV0nlrqrGwt3g0xT619bx24ro7OU1t+3+7idXqeuoj5kf/AI3pq1wYVERERERERERE7daCqA1UdqC38vm/YDlTvPvi88B6m2cu6KKCIiIiIiIiIiLiiDlR1oKoDtYXf943YgWoYNALfX27H4447Ox9MRERERERERERaZF9EytYh19CB16QY1OxzQ8edQ6QmxSHHeG1ZNd1dPMd8cCxSOb3S7NWps9KK0/huidPO6+roPDUrwrmbp1a+t16bp9bidOi6OjZPbfl9u4vX6XnqAENACF5zn8I0fSmYvDsWRERERERERERE2sVeQLUVjxo6/Frr0Gvo+HO4H9lFh15jPHcdg63Hc8rHbSdjQ8efQxwXnZWN4911DDaP56qz0mU+7byujs5TS52Vhlbi3RDz1Nr31oHr6vg8tf77dhev0/PUDh7RUzFNno9n4sPtHywiIiIiIiIiIp2iDlR1oKoD9UbpQPW1YAwehjH4NoyDwvEYPRmP0d9Xt6mIiIiIiIiISC/y5H9963anoY2vrWlrnLbGExEREREREREREekJnq0fIiIiLSo7wa71aWw7VkJZDeDpwaDQCO5bOpu4wJvzP7NHUlewMtt5m6e3L2Ex8SybN44Bpm468dF1pLx1jkFzlvLyDNj2m9VsKBrCUysWEdNNpxQRERERERFpyc35/+xFRG4UFdm8/psdZFb6Mn5OArGBZriax649uax6L4SYZRPpdK3xwk5+8dssCqNnsSo5uvM5OxUpg1s40Mz4eQnE9gWo4nLmF2w+sIsXsk/w1PMLifFp/VS2QqyFBf+Swj0D25Db6Hv53b/XYPLxB4radDkiIiIiIiIi3UkFVBGRDqvk4OodZFZamP0vKSy0FwjHEZeYQGmZf+eLp73KTHjkOOIarismjqlH1/Gzt06TuvEYMQ+P7vpTmvzwv7knTURERERERL5jVEAVEemosoPsygWGRpLUrLvSH39Lw/tSsjduIvXARcpqwNM7gLgH55McEwg0dmkmzgvh+JZcCmvAMziSp5+5l/7pq3hxa5ktTPYOUpbvqO8c9SR790427DlHXiXg6UFY7Gyee3A0vvXnzN29hdSPCrhcf87oWdOYeHIDf6q/Nb9w62pStsL4x5fz9Ji2XbLvmASmBrzD9kM5ZD88mmig/MxO3lydQ05JLXhaiF+8kOSYfF5fvoNM20Sx4bcr2IDtVvzI8wdZ/97npJ8tpwbwDAhhccojTB1Is1v4myrIWMfK985RWAN4+hI1826SZ0Tg37b0RURERERERNrN2NsJiIjctCqqqACwBLZYwMt9ZzWv7b+If2wCKUsSmDq4nPQ1b/PmsUqHo8pIS6ti6uIkHk8IwFSUy2trsxkQnUDKvCFYAIZGkrIkiUXRFqCIjP1l9J+eYNs22kzege2sO9Z4zt9tLYDoWFKWJLFkuh+FJ4uJmJ5EyuQAACz1++4Z1p6LDiV8MEAxecVAWRr/9fsscghj0ZIkHp9s5siat0k9EcY9S5JIHAq2RwEkkbIkjnCg+uQxMglj4ZIkUhZHEVZRwJo1aZS2durz23lt7TlKR0wgZUkSj88M5PKhE62PExEREREREekEdaCKiHRCdatHZLPrUBWExvLsg3H4A3HRHhT+bB8ZaTkkj55Yf5yZGUsXkjQMiPEgc/8OMosKuDTwbuLI4wPOUWa5jbiYhmegjib5JYdb6EOL+Dg7i1Pni2B0ke2cwWN5dmkiIQCMY0r9oQPKjrHqQAm+Q0cTF9PSM1BbV5CRyzf4Mjtloa0LNyaEstzVbDhQQPLScZRm7iKt6aMAEh9jRWJDhHGYsnNYmV3AKWh5oaiKSsoB/8G3ER09HF/TOKa46FIVERERERER6UoqoIqIdFRgIIOAy2XFlILrLtQLBRTWH2vfbwomLABySoq5ZD/QjL93O85d8Q3bVm9nc67tNvgGgxzPGRxSXzztSvmcOg8QSFggFJ61PV5g+29XsN3xMO8iSnH9jNRLR9az8r3TtkcPtEfE3fxkTjlvfrSBZ/fUP5Zg7t0siw+7yZ81KyIiIiIiIjeyXi2glldU8cFH6eSeyCMv/yIAYaFBREaEcd/MeHx9zL2ZnohIy0xRxEfuIyc3l10XEh0WkQK4RmmZH/4DQxhEFoXVVVSDrdBXXUReCRAZyACwFTtbPI9nswLhpfRdbMgtJ2xyAgtibyOs+jC//kOObefAYAYBhUUFFBDdvIhq6vh/+suP7ufjEvCZNI5ooGCoBbJrSHzyEe53bGY1mfF3eapjbFhzmjzvEBYsiSNqRBB5a//IW7ltObsf4TMe4dUZUF1RxKktm/jd+g9ZP+xJFg/u8CWJiIiIiIiItKjXCqifZuSwbuNefHzMTImN4r5Z8QDknsjj8NETfHowh0XzpzElNqq3UhQRaYU3cUtnkfGrHWz/7R8onDOR2EAzXM1j155cvgm9i5XLJpI0aR+Zhw7wXxtrmToMTh04SA5mYhOj2tY5GRhGmPdh8k4cZO3RQJKGBWJy+Aem8uLTbDtwgsvUd6AyjqRJ+8k8lMVrq80siPanuvgY289G8GLyREyhQQznNN8c2MunEQlEB4fi7+PqxFWcyv2Cg/m295czv2Bzdhk1fW/jqfkRAITERjJ8awZpa3cRMjcCC1Vczj5B+eRHWBgBYSMCILOEj7ceJHJmJIMGm/Gxd9peozDzCz5oU/EUOLaR5ZuqSJo+mv6ecLm4CvBo42ARERERERGRjvF46aWXXurpk36akcNba7dzz/Q4/umJ+YQNDqa4pAwDEB8bzZwZcVTX1PDupn30D/Rn6ODOPaNPRFwrvXIVg8HQrj/A7eeG946vLb1vaVtbmEw3wDp4pmDiYoPxvXyejM9yOZB5isMnr+AdPIqHH76ToT5GBoyJJLziNJ8c+IoDmWfJq7Dw/cU/4Edj+gJQmHmAjCIzt0+ZyMg+AEVkfHSSQr+BTLtzBH0JJDLiGnlZZ/jsYDY5fqO5Z+poBhWfYv/Brzn05RXC7gyjKvcyjBzH9HA/BoyJYNDV82Rlfs2BzFNk53kQHnsHY4cFYDIP4/bgAnIOn+WTA9kUDY1vfD5pPVtOtRTmnuJw1ikOZ53l6zIPwmKn8nzKNEY01G/Nw/h+rB8l2V+w69OTHMo6y2ljP8aNGU54Py+8w4YxqPgUf8/8mrQDRYTPupOEiGvkZZ0k7dApTtSM5PuD8zlRZCF2VjQhRTl8kFlGn5HjmB4OJz7N4qtr9fuMVRR9eZyPP8vls8xTfFVqJuqBefwoqm9PfuO3rGvllfTxa89zJkRERERE5FZRU13X2yl0K4PVarX25AkvFZfxwiurWDTvLpISJ5J3voj/XPkuFZVVAPh4m/npUw8RNjiYzTvS2ZV2mBeXP8aAQEtPpilySzhzOv+mLqD6+OoxziI95cLFKwwM6tfbaYiIiIiIyA2oorym9YNuYj3evrV5RzqBARaSEm0rT/+f1E2Mj45g1YrlrFqxnPHREbyeugmA+2fF4+NjZlfa5z2dpoiIiIiIiIiIiEjPF1BzT+Zxd+IEAPLOF1FcUsb99c8/BVvR9HJJGXnniwC4O3ECmdknejpNERERERERERERkZ5fRKq4pIywUNszTfsH+gOQl19kv0U/L7/IaV9YaDCXS8q6NIeKyuu8tmo9J0/n27cZDAaGDx3EDxfNInRg/w7HPp1XyB//tpULF0v48Q/vY+LYUV2RsoiIiIiIiIiIiPSCXn2AoK+PmfFRI1i3cS8VFbZnoG7ekc7kSVH4Oqww3V1m3jXJ/iiBmppa1n+Yxh/e2sxzTz2Ef1+/dscrr6hizXu7uC1sEP/8jw/Sp49vV6csIiIiIiIiIiIiPajHb+H38fbikkNHaf9Afy6XlJG6djupa7dzuaQMP9/G4umlkjJ8vL26JRdvsxcB/n0I8O9DUH9/7p05mYrKKs6eK+pQvIuXr3Dx8hVixkQQGGDBy6QFbkRERERERERERG5mPV7hGx89kgMZOUyJjWLtxr2kZ2SzaN5djI8eCUB6Rja70j7HaoXF86eRfjDbvq+7mTw9AKitrQXgy+NneOf9PVy4WEzwgAAeWTCDO0YN49SZAt746wd8b8Jo/n7oK0IH9Wf4sBC27Pw7AG/85QMC+/XlZ888QkVlFX9Zt4NvzhZi8vRgcmwUD96biLfZy22c7K++YUhoEJ99/hVeXiYeXzSTyyVlbNqeTk1NLffPimf29DgMBjh1poB3N+/jTN4FauvqmDBmJI89NBNfHzMffHSAL3JOMjJ8MGkHsqirs3LXlPEsvDcBTw8P6uqs7EvPZMvOv1P2bTn9LH1YMDeB70+8g4Kiy/a8+/r58OB9U/n+xDvo4GLpIiIiIiIiIiIiNyWPl1566aWePOGAQAsbtu63F/iWPHg3d8WPw9fHjK+PmciIMCyWPrxff0za37N4YvFs/C3tv6XenZqaWj47/BXBA/oROSLMtq22lr2fHOFcwSVmTYul+MpV/vDWJiaOG8WyJXPxt/jx3odpjL0jnOvVNXzy2VEuXLzCA/fcyaxpsUSOCCNi+GCyvjzFwwum84P7p2K1wn//8X2CBwTwT//wADFjItixN4NLl8sYc3s4V0q/bRYn73wRn39xnO9NuJ0lDyZx8fIVPth5ALPZiyd/eD99+/iyM+0Q0aOHY+nry+m8QgYE+vPIgul8b+Lt7PnkCNU1NUSOCOP4yXNkZB4jYvhg/uGRexgYFMBH+zIYFT6E/gEWPj2YzbpN+5g3O57HHprFsCEDKSn9lgH9/fn9qg32vEeNGMLaTXsZHjaQ/gGWLvsepPeVXrmKwWBo1x/g9nPDe8fXlt63tK0tTKYeb6IXuWVdK6+kj593b6chIiIiIiI3oJrqut5OoVv1eAdq2OBgZiRMYN2mffh4ezElNqrZMVNio1i3cQ/rNu1jRsIEwgYHd0sum3eks3lHuv2zr483yYtnETygH1t3f4a/pQ9zZnwPP19v4ibcTkZmrr1g6eHhwaMLZjAuaoR9fB8/HwwG8PP1xr+vH5nZJ6iorOKBOXcS1N+foP7+zL17Mlt2HqDs6jUAl3FCQwYQHxuFn683k8ZH8uXxM9wzPY6g/v6MuSOcjz4+xIWLxQwJGUDMmMbu3MAAC7eFDaTgwmX7tiGhwfZrGHNHOFt22bpNq6qqST/0Jd+beDvT75yAwQAB/n0AXOY9ZvRwvjx+hpHhQ7rluxAREREREREREbkR9cpDOhfPn0Z5RRUHDuXwu5XvkpQ4gSGhtiLpufwidqUdpqLyOpMnRbF4/rRuy8NxESlPDw97ARTgwsUS8s4X8ZNfvO40JmL4YAYE+mMyedK3lUWiLlwqwcNoxMvLZN/m4+1FReV1SusLqK7ieJk8MRobO+u8zV5Y6he18vP1dnq2au6JPDZs3U/BhWIqKm0LccWOj3Qbq0Hl9etcKf2W20cObXZb/oVLJZSWXePnr/7ZabtjXBERERERERERkVtBr61y9MTDs5kSG8XmHem8nrrJad+o8CE89+RDREaEdWsODYtIuTIwKIChg4P50aNz8PY2O41x7PBsycABAdTW1XH9erV9W0XldXy8vfDv68dlh8W0OuJaeSXrNu8jwL8PLzzzMN7eZv62flebxnp7edHPvw/FV65iteJURB04IIB+lj48lTyPfg7zY/bSolgiIiIiIiIiInJr6dGKWO6JPHx9zPZb8iMjwvhpxCLKK6r4PDMXgInjI/H1MTuNu1RcxuXi0m4vqDoac3s4+9K/ICMzlzvjoqmts3Ik+2ti2rGg1fBhIfh4m3l/6ycsvDeR0rJv2bLzAFGRw7F0QQHVaDTiZfLEy+SJ2cvEN2cKOPHNee4YNazVsWaziQljRrJ5RzrDhw5izO3hnD13gcslZUwcNwpfHzMfH/iCuUnfx8No4MvjZwgdNIDwYSGdyllERERERERERORm0mMF1PKKKl5P3cTQwcE899RDTvt8fcx8uPszDEDC5LHNxqa+s428/Iu8+vOUZsXV7hIWGsTji2bxzvt7+HDnAUyenkwYO4q4mNFtjuHf148nH7+fv6zbwb/9+k+YPD2YHBvFg/cmdslq9j7eXiyeP40//m0rP3tlFeOjIhg2ZGCbx981ZRzXr1ezYct+Vv/PTgYE+vPAnDux9PHjH394nz1vD6ORUSOGsGh+aOeTFhERERERERERuYkYrFartTvVUIq6AAAgAElEQVRPUF5Rxbn8ixzJ/ppPD2ZTUXmd5MWzGRDoz6gRQ8g9kcfxU+fYvCMdH28v7p46icgRYQwJDSLvfBGXS8pIXbvdtuBUXDQx0SMZEhrUY4VUke+yM6fzMRgM7foD3H5ueO/42tL7lra1hY+vHish0lMuXLzCwKB+vZ2GiIiIiIjcgCrKa3o7hW7V7dWHn/3qTftzP++fFU95RRWpa7c3O+6+mZPx9TGzbtO+ZvtmJEwgbHAw6zbuYVfaYQIDLPzm5yndnbqIiIiIiIiIiIjc4povz97FFs2fDkDMmJEkJU7k/lnxDAkNwsfbi8cXz8bH24v42CjunxVPUuJEJk+KctoXFhrE4vnTmBIbxfj654/ePyu+u9MWERERERERERER6f4O1CmxUVwuLuXTjBzyzhcBcC7/Ik8lzyMmOgJfHzMrUzdx30xbUfTAoRwWzbuLKbFR9n0N43JP5nHfzMlMiY3q7rRFREREREREREREemYRqfKKKopLyvjl/17ttA2wF0dfeGUVAD7eZvu+hlfHcZeKO7dyvYiIiIiIiIiIiEhb9UgB9XJxKaPCh3D/rHgulZSxeUc6FRWVAPj6mAkMsLB4/jR8vc2s3bTXXiStqKgkMMDC/bPiGRBgcRonIiIiIiIiIiIi0t0MVqvV2ttJiEjvOHM6H4PB0K4/wO3nhveOry29b2lbW/j49si/AYkIcOHiFQYG9evtNERERERE5AZUUV7T2yl0q25fREpERERERERERETkZqUCqoiIiIiIiIiIiIgbKqCKiIiIiIiIiIiIuKECqoiIiIiIiIiIiIgbKqCKiIiIiIiIiIiIuKECqoiIiIiIiIiIiIgbKqCKiIiIiIiIiIiIuKECqoiIiIiIiIiIiIgbKqCKiIiIiIiIiIiIuOHZ2wmIiNy8snl9+Q4yXe2KnsWq5OieTugmUEpu2nbW7Skg72otAD7BQcTOnM3imGBMvZydiIiIiIiISFMqoIqIdFbfISyaNxqL47bAsN7K5gZ2jSOpq1mZXUX/6LE8Pj4YE6XkpmWRtmYXkdGPENfpCmoR236zmg1FQ3hqxSJiOhvuwk5+8dssClUQFxERERERuWWpgCoi0lk+gUTFjCOkt/O4wVUf2cTK7CoGTX+Yl+eG2rfHxSRyf1kp/mo/FRERERERkRuQCqgiIt2moRsyiMSEGtL3l1CDB4Mmz+bZ2NO8+WYO31SCZ3AkTz9zL9E+ANc4tXsTb35UwOUa8Ay+jeSUhcQFYu+GZHoSSefTWZtbTvTjy3k6OI3/WnWYnJJaPL2DmDo/kJy1uTBnKS/PCG5TzMLosSypPsHa3HJqPH2JmjePn8Q3FDlLyd29hdSG8d4BRM+Kxj9tPx9XjODZV+bT0JtZmvZnnttUxYxnnmTxMMe5KCU9rQAIICkhlKb8Lf7172o4m76eVZvOUVgDePoSNXM2y2YMxxc4krqCldkWEueFcHxLLoU1DvNXVn8tAJxj5fIVEDyWXz4fT3XGXtbsOME3JbWAB/0jJ/DsssT6oncNl45sYuV7p8mrtJ1zeGw88wMO8v9tLbOllb2DlOU7GDRnKS/HF7P2zb18fLacGsAn9DaWJM8jLlD/kyoiIiIiIvJdpEWkREQ6qyiLF5evIMXh7/WjjgdcJCM/lCVLEkgMraXwwBZeSC0ifH4Sj0+2UFOUy7r0IgBK09fx660FEB1LypIEpvYtYNWKjeQ6RCvcs4u1Jf7EJMSSFJjDm7/PIKfETOy8JJLnB5O3Mbe+iEibY5Kdy8HgiSQviWV833Jy1m9h2wXbrtx3VvM7+/gklkz3o/CkB7MTA6DyJLuOVNYHyWNbWgmERnGPU/EUoIrySgA/LJam+xxz/Ssvrz9H+egJpCxJYlE05GzdwO92FzkcVUZaWhVTFyfxeEIApqJcXlubDYFRLFoSy/i+AAEkLkkiZV4UA6jieEYe1Md8PMFCeW4Gq9KK7ed8Yc1pLg2O4vElSaTMDYPzRXhHJ5Ayb4jt0QxDI+vzMXNw9RZ2n/UkfnESKUtiifUsIuNMjfuLEhERERERkZua2mVERDorIIrnnpnMIIdNJh/HA0JYlDKbKSYIL/6CtPwyouY+xOJYbxhfQ8aBfeSctRUI0/eXQMBYnl1q646MCy0l57dZfHwMIgPqw4XG8uryRPwBjqzjd5UQNm8RyxIDgXHE9a3kmVUn6w8ualvMyMn8ZP5ETEBYcS6ZW8s4VQQMzGbXoSoIbhwP45gCUA1Rm/aRk5FDdcxETGdyyCiBqLlxNPSTNqqhvLq1iazP1XsEycnTbF2tMYFcOvkuu/cf5tSM2fXHmZmxdCFJw4AYDzL37yCzqIACUzTRMZ7kfZRB5lU/omPG2Z+BmvTUkyQ1nKZhzMl8SLR1BsMQkp+aXX/8OOISbYeGk8cHnKPMchtxMdFAKR9XAN4WwkdEEBPoR1xMYmsXJiIiIiIiIjexG6KAeqm4jAOHcgAYHzWCsMHBvZyRiEg7mDywWPxdFA0beODb5PmeJm/v+jdmh5Xni2xFS7J4cXmW0/E+xaXQUOwMDLSfq6DYdot5/4DAxoMD/BxyaWNMpzwcXCiwdbMGhzR/xqtpIkmT9pNz6AvSyybSP/0YZd4jSIrxdhEokEHBQMk1ysoAl12o9bkG+9Hfvi2E8FDYnVtKqX2bGX9Xp3CrmIPvbGRNZgkVzRpFG84Z6FQAd8+fqUuTOJW6lzWvvMFbeNB/6GiWJM8muoXOWhEREREREbl59XoBNe98Ef+58l0qKqsA2LwjneeefIjICK1gLSK3mmDCgyGzOpLnnklo0tHqD8XNR4QEWoAyLpcUA/VF1JJrlEJ9EbX9MZ0MDGYQUFhUQAHRzYqo0Ymj6X8oh48z0uh/qJb+CRNxvVa9N3GxIbyVW8Cu/flMnev8HNTyslJ8LfW5VtRSYd9TwKl8oK+tQF1Kazyb/y/bsb2sOlSCT+QEUqZHEhl8jtT/2I/tn+0CGRQAFBVTCC6KxJ7NC8uB40hePo5kKik/n8WbK/fz2togVi6b6LoILSIiIiIiIje1Xi2gOhZPF827C4B1m/bxeuomfvrUQ+pEFZGbQ0UxOUe+IM9xW+BtxDV7DmhrgolPCGDD+lxSN1lYEO0PNUVkHoGpy+4m0tWQ6HHEep8jY9M63iSe8T4FfLzxJBU0FlDbHdPJOJIm7SfzUBavrTazINqf6uJjbD8bwYvJEzENjmJ8QA67t2aQhy8zYt3/45cpZh5PZaaycs87/KxoLPeND8ZEKblpOaSf9Sf51Ufqc83hzdW+LIj2pyw7nd1XIWzOBMKBI63mG0h4qAfkF7BtYzb9E8MI8TFjf6LC1YtkHPi8vngKEErS9AC2rz9H6srtlE8OwXQ1j11HzCx59m6GBoYR5n2YvBMHWXs0kKRhBjJT13Nw8FiSRvhDTT5llS4TERERERERke+IXiugOhZPH188mymxUQD4+Hjz1trt/OfKd1VEFZGbw9VzrFtzznlb9Cziktv/3y//+Mf4tc8mVr6XwapMwNODsNETMFW4GWAazbJnrlH91n4yNu3iiHcQU+dHUrY2t+Mxm4h8+BFSTB+yLsM23tM7gOhZgVQDJsK4JzGA3ZvqF48a3FIkP2KSl/Jc2nbW7cnhrWzbIwV8goOIX5JEjAlM8Y/xC9azalNDrr5EzVnAshltn8vI+fNYcHU7m/fv4OXcsfzy+Wn8ZE4Zr390mFW5ZkYtjGR8ZhaZ9vlZxAs1H5K6JYe3TuaApy/DY+PxBSCCRcvGUpqaxe633iFnzoMkxwSRvucwqw7U2vIPjeTZpeo+FRERERER+a4yWK1Wa0+f1F3xtMGnGTm8tXY7Pt5mFVFFutGZ0/kYDIZ2/QFuPze8d3xt6X1L29rCx7fXn0JyYzqzneW/z8F/TjIvzghs/fhOqj7yNk+tKSBqydP8xOXzT+W74MLFKwwM6tfbaYiIiIiIyA2oorzZghPfKT1efWiteArYt6kTVUSkNXms/dV6cgZHMXt8MKaaIjJ25FCGhaTo7i+eQjEf7ykAt4tHiYiIiIiIiNzcerSA2pbiaYPuLKJWVF7ntVXrOXk6377Ny+RJxPDB/OC+qQwJDepU/JLSb3n192/z0Ly7mDh2VLP9p84U8MZfP+DHj91H+LBmS5b0iA8+OkBO7mmeTVmIj7dXr+QgIl3BQkxiGKfSGm+J9wwIYcEz87hnYA+c/sxBduXTwuJRIiIiIiIiIje3Hiugtqd42qC7O1Fn3jWJpMSJAHz7bTnb92bw29fX8aNH5zD2jvAuO4+ISPfxJzJxIf+a2EunHzabV1fM7qWTi4iIiIiIiHQ/Y0+cpCPF0wZTYqN4fPFsKiqr+M+V75J3vqjL8vI2exHg34cA/z6EDQ4m+eHZjLl9OJt3pFNeUdVl5xEREREREREREZGbU7d3oDoWT0eFD2lX8bTBlNgo0g9mc/zUuW59JqqnhwcJ3x/LG3/ZzNnzRYyOCOPUmQLe3byPM3kXqK2rY8KYkTz20Ex8fcwUl5Tx1//ZyZfHz+BhNDJx3CgevK+xDSy/8DLb9/yNM+cKCR4QwI8encNtYYPs+788fpo/v7ONokslDB8awo8enUNQ/371+87wzvt7uHCxGF8fb2ZOncTMaZPw9PDgwsUS/ueDj/nq+Bmqa2oYPjSEf1x6L4EBFvvjAb43YTR/P/QVoYP68/QT8/ky9zSr/2cnV6+VM2pEGAMHBHT5/ImIiIiIiIiIiHzXdHsH6n+uXEdFZdd1czZ0onaXPn4+GAwGrpVXAFBa9i3fm3A7r7zwBP/2k0c5e76I3fsPA/D+tk+4fr2al59P5sXlS+nbx4er31bYY6VnZLNo3l28/PwT+Pl6s3X3QWpr6wCoqrpOTu4ZfvzD+3lx+Q8B+NPb26iovE5e/kX+9PZWxt4Rzqv/lsJjP5jJzrTP2ffpFwBcK6/ktrCBvPTTx3n5+SfwMBpZv2U/VqvtvJWVVXx2+BgPzLmTJx65hwsXS1j93k6+P+kOXv23FKZPieHzrOPdNociIiIiIiIiIiLfFd3egRofG01kRBgrUzd1SSH1qeR55J7I64LMXLt+vZra2lr755gxI+3vAwMs3BY2kIILl+3bfHzM+Fv88DZ7sWjeNMC2iBTA3LsnEzF8MADRo4eTk3ua69U1ABiNRmZPi2VIyAAAHpiTwKrVH5JfeInck3n4W/owZ8b38PP1JjDAwonT5zl89GsSvjeG8GEhTotP3T5qGDm5p6msug6Ah4cHjy6YwbioEQB8ejDbZbxTZwq6fP5ERERERERERES+S7q9gLp4/jT7+7z8i077LhWX8cIrq1yOe/Gfl7q8TT8mOoKY6IiuTdLB9eoaTJ6e9LP0ASD3RB4btu6n4EKxvQAcOz4SgIX3JvK39bv5f36xEl9fM9OmxDBz6iR7rJZWtzeZPOnbx9f+2cvkSXVNDVfKvuXCxRK8TJ4YjY0Nwj7eZq6Ufkvl9etcvlLGuo17OXu+iG+v2TpeR9wW6ja2u3giIiIiIiIiIiLSsm4voLbkcnEpYOvsHBBgAeBSSRnFJWW9sohTTW0t+/+eRUC/voQM7M+18krWbd5HgH8fXnjmYby9zfxt/S778f0sfXg6eR5WK5zOK+SNv35AYL++3D5qWKvnqq6u4eq35fbPjoXbgUEB5OVfpK6uzr6/orKKfv59MHl4sv7DNK5eq+AnyxZi6evHrrTPOXk63+25BgYFcOpMAdU1NfjgZY8nIiIiIiIiIiIiLev2Z6C2xZTYKH769CJ++vQit4tMRUaEcd/MyV163sqq65SUfktJ6becOXeB//OnjXx5/AwPPzAdXx8zRqMRL5MnXiZPzF4mvjlTwIlvzgNQW1vH/3zwMYe+OM6Vsm8xGMBoaHthsq6uju17MzhXcIlzBZd4f+t+Qgb2J3TQAMbcHk5p2bds3f0ZxSVlHM76mgOHvmTCmJH4+JjxNnth8vTA2+zF5eJSDrfyPNMxt4dTXlHJjr0Z9njpGTmdnj8REREREREREZHvul7tQG2P+2fFd3nMj/Yd4qN9hwDbLfQRwwez/Mc/YEhoEGC7BX/x/Gn88W9b+dkrqxgfFcGwIQMBMBgMhA4awLqNe7lS9i2eHh5MiYtmSlw0FZXXWz232ezF7SOH8tqb6ym9+i3Dh4bwxMOz8fH2Iiw0iH94ZA7vvL+HnR8fwtfHm5lTJ3HXlHEYDLBwbgL/d/WH/OI3f2bYkEFERgylsKjY7bnCQoNY+uDd/G39bnZ+fIjhQ0MYHx3R4hgREREREREREREBg9XasHZ790pZvgKAVSuW27flnsjjd394l/tmTrYXSDfvSOeDjw7w3JMPERkR1hOpidyyzpzOx2AwtOsPcPu54b3ja0vvW9rWFj6+N82/AYnc9C5cvMLAoH69nYaIiIiIiNyAKsprejuFbnVD3MLfFpt3pLNu097eTkNERERERERERERuIT1WQG1pRfq2+OCjA3x6MLuLshERERERERERERFpXY/d/zo+eiQHDuWQunY7U2KjAcjLv+j2+Lz8i/bbej/NyLbHEBEREREREREREekpPVZAvX9WPLkn80jPyGnTCvBNb9cPDLCweP607kpPREREREREREREpJkeK6AOCLTw78sfIz0jm/KKKqd9MdERLt838PUxEx8bja+PudvzFBEREREREREREWlgsFqt1t5OQkR6x5nT+RgMhnb9AW4/N7x3fG3pfUvb2sLHt8f+DUjklnfh4hUGBvXr7TREREREROQGVFFe09spdKseW0RKRERERERERERE5GajAqqIiIiIiIiIiIiIGyqgioiIiIiIiIiIiLihAqqIiIiIiIiIiIiIGyqgioiIiIiIiIiIiLihAqqIiIiIiIiIiIiIGyqgioiIiIiIiIiIiLihAqqIiIiIiIiIiIiIGyqgioiIiIiIiIiIiLihAqqIiIiIiIiIiIiIG569nYCIyM0rm9eX7yCzyVaf4CBiZ85mcUwwpl7Jqw0u7OQXv82COUt5eUZwb2cjIiIiIiIicsNSAVVEpLP6DmHRvNFYAGqKyNiTRdqa1WRmz+LlpdH49nZ+PeBI6gpWZltY8C8p3DOwt7MRERERERER6ToqoIqIdJZPIFEx4wip/xgXG8+R1FRWZu5iXWw0yaN7NTsRERERERER6QQVUEVEupwfMXMi6Z+dRXrGMZJHjwaucWr3Jt78qIDLNeAZfBvJKQuJC8R+O31h9FiWVJ9gbW45NZ6+RM2czbIZw+s7WFsYf3QdKW+dY9DkWEadPExaUS14WkhMfoSlo/0AqD6fxuurMsi5Cp59Q7h/rqVJzh3Ib948fhJf7PAYgzI2/HYFGxjCUysWEXPhc15/az+ZRbWAB/0jo0hefDeRTU8tIiIiIiIicgPTIlIiIt1hYAhhAEUFXAJK09fx660FEB1LypIEpvYtYNWKjeQ6jsnOYptPFMlLEpgxrJacrRt4M+MatHF84YEcKiZPI2VxFMM9y0hb9eH/3969h0dZHvj//0wmh5kkTMiQBMiBY0qwCQJisARJVSKiqFC1hbZoxRZstWvdpX7b3Vrr2vZyrbK/2l1pv7IrKH5rYrUFrQoKciqhEg5Rk0qQYGCSQBJyGkhmkpnM/P4IGXKaJEAyCfB+XddcM8/z3Pf93BOvyzx8ch90UJJcBXpxdZ4KHRZlLMzSsgVWFbxTpJPt6vatf0XaGzdDy5ama9qwRhW++Y7eq0jSrUuzlDlGksI0bWGWli+dqQmyKXvNduXb43TX0iwtX5KqpNoSHTzd/z9qAAAAAAAGUkBHoNrKKpWzcbuKim3nXddsCtPiRTdqdnpq/3cMAAZUpXJ31UrRV+tH92ZqtKSZ8fUq/M0n2nFISok+Wyw+Xf96b6aiJM1MM+rkT7erMHe/6tMn91z/bHXLnNu1IjNJ0lSFFBRqdYFdJysklRcq3ylNWvItLUuPkDRV01Wjh7JPnF//Umbp0UUzFCIpqaZI+e/adbQySrdOn6r6/C3aqTBNSJmqmSMl6YgcDkkWq1Imp2iCeapmpgfgRw0AAAAAQD8LWIB6qsauZ1e/LoezSYnxsQo3hZ1XfVt5pdZlb1LKxCTFWJn/CWCIqzghmyTFjVaMKnW0UpI+0RMrP+lQzFxTL7UFlFarotouhCQpJU4qdDapsbf6w1o/hw/r/v+rJ2rsrddNEb5zIWNiNUrnAtQ+9S8kTCF9+OqtkrV4xdWqX1+opx8vlIKNSpqcofuXztSYvjcCAAAAAMCgC1iAumXnfjmcTVq88AZlZc447/pvbc7V2+/vUXVNPQEqgCGuQQffLVK1wpQxa7KkSk2Ik/JdKfrxI3M0ql3JEHOUVHP2oKZG9VJriOqyqahS0pgwhSuu5/qHeu7NaKtFkl3VtTWSrJIk1/EqnZTOttVL+zWdW+wqpJvfJuFjb9ajj98suRp06tg2Pf/7XVr9zmj9x6Kk3hsEAAAAAGCICFiAaiurlCRlpKcF6pYAEBiOGhUe/Lh1xKm7UnkffqL8Ssky7RYtTpakOGXMidaf3yzS2o0W3ZUWJbkrlX9Q+uqKm31T8FWep6fXS3elmXR0z14VShqfnqYoWftW35+0qUo3lSpvY45eVIammU9oxzsn2hXoY/96kDQxWsqv1Y539yplXopGJZxQzpO71DhnqtKtYVKNXfXS2Q2xAAAAAAC4dAQkQN2dVyhbeZUkaW32Ji1bMl/h5q5TTW1llUpKiAtElwCg/5wuVc6rpb5Dc1ysMpfO15Lpcb4p71EZ9+lp80atfiNPa/J1dkr7NQpxtGsn7Wrd6ijU2lfP7nJ/211akWHte31/QiZrxSOValxzQHkbt+jgsNG6c0GK7Nnntoi6qPYlRWUs0vJjb2rtvl16uuALPbTqZqWmhentD3dpjVOSjBqRkq4fMfoUAAAAAHCJMXi9Xu9A3+SFlzYov7DYd/zEv9zbISjdnVeonA3b5HA2+d0sqm0K/49/8A2lJPMPcKA/HCspl8FgOK+XJL/HbZ/bv/f0uadzfWEOD+g+eAOn4gP9/Def6GTaLVqzjFH6GJoqquo0Mnb4YHcDAAAAwBDkaHQPdhcGVEDSh4cfWKRnX8jR4aOlWrNqZYdrp2rsWpe9SWZTqCZNSNTho6Val71J09OSux2l2h8czmY9v+ZNFZeU+86FhgQreXyCvn7HV5UYH9uhnCT9aPndMptCB6Q/AAAAAAAAAIamQR++lV/wuSQpK3OG7rwlQ9kbtmnrrgOylVUO+EjTeTdc69vQ6syZRm3alqffvJCj7337Nl395QkyhYXq4WWLJEmmsP4NT19c/1fV1J0mmAUAAAAAAACGsKBA3OStzbm+NVCfW/26TtXYfdeS4lun8ucXHNHh4lIdLrZJ0oCNPm3PFBaq6KhIRUdFKikhTsu+OV9TrhqvtzbnqtHRJINBGhZp1rBIsy5whjEA9G7kzfrlqpVM3wcAAAAAYAgKyAjURkeTHM4mSdLxsooO10ZYo2Q2hclWXqVnV+dIksymMJnNpkB0rYNgo1FzvnK1/vDyWzpeVqnJyUl6cf1fJUkr7r1db7+/Rx8XFispIU57D3ymuxbM0eyZaXrjrzu1J69QHo9Xs2em6Z47MmUKC5XH49X23Hy988HfZT/TqOGWSN1yY7o+2LFPNXWnJUmP/Oy/dOctGbpj3iz94/AxvfaXD1VRVaNws0nzvnqt5t14rYKNxi73Xjh/tj797KjMZpMevPd2GY2tWfib7+zU50fLGNkKAAAAAAAA9IOABKhLFt0oW1mlDh8t1e9+/U++842OJj216hU5nE1KjI/V9LRkHSw4otLyKj23OkdPrLwvICNR24uMMMtgMKihsfutp4+VVigi3KQfrbhbiaPj9MbbO1VY9IX++cF7NCwyXC/nbNY7W/6uuxdkKjevQG+8vVN33z5H11w9ScdLK1RRVad/e/TbWv+nD1Rvb9B3v3WroiyRspVX6X//+K6+MuPLmnv93SqxVWj9Gx8oNDREWZnXdLl3UnycIiPM2rBpt6pr7YqLGa5GR5M+O3xcM6dPJjwFAAAAAAAA+sGgroH61uZcOZxNmjvnGi1ZdKMk6c5bMvTSa5u0Z1+htuzcrztvyQhon5qbXWppafF7fWRstB745q2KskSo3t6gwqIvtODmWUoenyBJunXudXpv60eqqz+j3H3/0HUzrtJN118jg0GKjor0tRMaEiyjMUhRlkiZTaH69LOjirJE6ra51yki3CRrtEVHSsp04NPPNee6KV3uLUmpKeP07taPdPhoqeJihqu4pFwNjQ5NS0sewJ8QAAAAAAAAcOUISICavWGbDh8tlSQ98rP/1hMr71OM1SJbWaUk6XCxTc+tft1XvtHhlCQVHbFJtwSih+c0u9wKCQ7WcEtkt9cjI8wKDQ2RJNWfbpDD2ayXczbr5ZzNvjLW4cNkP9OouvozuupLY/q0fmpFVa1CQ4IVFHRuWVqzKUx19WfkbG7ucm9JirJEKGVikj7a/w+lT03RgU8/1+QvjVXsiOEX8tUBAAAAAAAAdBKQADXcHCazKVQOZ7OS4mO7XG/bYKq7eoHkbmnRrr9/oujhwzR65Ihey0cNi5DZFKqF82d3GPUZFGRQaHCIhkdFqqbutLxe9RqijoyNlq28Sh6Px3fO4WzS8KhImUL9T8f/yoyr9D//710dOnJcRUds+ubXbmLDKwAAAAAAAKCfBCRAvfOWDBUdsenw0VI99vBi3/n2n3vTFqb2Z6jqbGpWbf0ZSZL9dIP+8u7fdKy0Qj98YFGf7mMZFqHUlPHakfuxxiaOVPTwYaqorFFVdb2uv26KrpnyJb21OVfjx4zSlKsm6Hhphapr7brp+umaOC5eX+zcr+pauxJHx2jKVRO0ddcBvbv1I829frpKbBXas+8fWpD1FYWFhfjtw9jEUYqLGa7X39quiHCTJo6L77efD3Iu5fwAACAASURBVAAAAAAAAHClG9Q1UCXpVI1db7+fq+oae4fzKclJumPeLN9xVuYMZaSn9WuA+v72fXp/+z5JrWuSJo9P0Mrvf12J3YyS7Y7BIN1zR6be+OtOrfr963K53YodMVwL58+WJN0we6qam1368zu7tP5PHyjGGqWv3Xa9vF5p1rWp+vxomZ5a9YqunTpJK+69Xd/91m167S8f6oMd+xRuNmneV6/VDbOn9tiH0NBgTUtLVvaGbfr6HV8N+KhdAAAAAAAA4HJm8Hq93oG+yQsvbVB+YbHv+Il/uVdJCXGSWtc5fe73r3epYzaF6ne//qeB7tpl4ePCYmVv+FD//ODXFRfD+qfou2Ml5TIYDOf1kuT3uO1z+/eePvd0ri/M4YP+NyDgilFRVaeRsfyOAQAAANCVo9E92F0YUAFJH6ZN+ZKKim1yOJs1LXWiRlijfNdSkpP04x98o0ud9mUkqdHRpNLyKk2amDjg/b2UtLR4tDuvUEkJIzUi2jLY3QEAAAAAAAAuK0G9F7l4s9NTlRTfOuJ08aKbukwzT0lO6vKKsXYMA3PzCvTs6hwVHbEFosuXjPKTp1RcUqbZ6akyGgPynxMAAAAAAAC4YgQscWubsp9f8PkF1W90NPVndy4bSQlxWvXkDzQ1deJgdwUAAAAAAAC47ARsAcGszBnKzStQzsbtys0rVLjZdF71j5dVSuo6tR8AAAAAAAAABkrAAtQYq0WPPbRY2Ru26fDR0vOubzaF6v4l87tM7QcAAAAAAACAgWLwer3ewe4EgMFxrKRcBoPhvF6S/B63fW7/3tPnns71hTk8YH8DAq54FVV1Ghk7fLC7AQAAAGAIcjS6B7sLA4pdhwAAAAAAAADADwJUAAAAAAAAAPCDABUAAAAAAAAA/CBABQAAAAAAAAA/CFABAAAAAAAAwA8CVAAAAAAAAADwgwAVAAAAAAAAAPwgQAUAAAAAAAAAPwhQAQAAAAAAAMAPAlQAAAAAAAAA8IMAFQAAAAAAAAD8IEAFgAtWoBdWrtLyZz7QiQDd8eDaVVq+co3eqwjQDQf5vgAAAAAADLbgwe4AAKDv0pZ8T8+5ghVuGcCbfJqj5etKNeq2e/XLuXGBuy8AAAAAAEMQASoAXEJCzFGKMl859wUAAAAAYLARoAJAf6n4QD//zSc6OTFFc11HtPV4ixRsUeayhZp9aJN+u6dKDrdRo2bN17/eM1nhqtR7z6zXnytjlTnHrdxdtXKr9fqP0kv04ouF+sIpBcel6OFHbleauXUq/eoCi+76P8t160hJFTv12zUHVFjbomBTrL66yKrC7CLp7OjR1vKJun95hDatLdJJ69V66iczVL31A/35w1LZnJKCjUpKn68f3zNZRWtXaXVB69c5+e56LX9Xmnb/SmXs63Rf+yFlr92mHccb5ZZkjh+npcvu1kxru59D2tVa6jqi7KJGuYPDlbpwoR7NiB+0/zwAAAAAAFyIQV8D1VZWqadWvaLlK1dp+cpVemrVK7KVVQ52twDgwhWXyDY2Q8uXTFSS266da9brhfI4LV4yR5nxLTq5Z5d2dFhLtEp55fFaurTt+jv617WVmrAoS/fPsshdWaSc3G7+v+g6pBd/l6fC2jClL8zSskVxsm0o0skuBUu1bm2JzJNTdNdNrcFt3i67Rtw0R8uXZmnx5DDZ9mxSziFpwk1ZWj4rWpJkSUvX8qVZunVs5/aOaO0z72hreZgylmRp+ZJUJdWUaM2qN1XgalesoEh742Zo2dJ0TRvWqMI332ENVQAAAADAJWfQR6C+lL1JpeVVSoyPlSTZyqu0NnuTnlh53yD3DAAuUMosPbpohkJUqeoPi2WrHK27ls/X7BBppvuIdmaf0NFKSSPbKozW4rPXJ9R8rJ3ldqUu+IaWpJukaW7l7dmuwuOVkuI63qfgY+U5paSFi7Ui0yppqmYOc+qRNcWdOmRUxrIfatnkc2eWPdnuIL5SOwo+0dGySkXNnaqZ9kNas6dW4WMma+b01nsebN/cp/uV65SSFi7Svemt952uGj2UXaIt+U6ljen8c5CSaoqU/6690/cGAAAAAGDoC2iAaiur1Fvv75HD0aQRVosWL7zRF57+4mxg+u+rXpGtvEqNjiblbNym6hq7zOYw3TlvlpIS4nq5AwAMASFhCulwwqjwsydCTMZuKpy77mvCZPLT1jknauySpBHR1nMnoyMU1aVkhEZFtzt0fKH31m/SW0Wt0+/bjPJzny73rex635B4q0bohKrt9nZfwn/fAQAAAAC4VAQsQLWVVerZ1a/L4WxqPVEsFR2xSZJios9t6xwTbVFpeZWeWvWKqmvP/UO86IhNjz30DUJUADhrtNUiya7q2hpJZ8PM2gbVS92EqOecyt2iPxc1KmnWHN2VPk5JrgN6+veF5wqE9PyrYXRc631dTqek1qDXVV6jakmpFktPVQEAAAAAuOQEbA3UtzbnyuFs0v1L5uv5X/1Q01InqrrWLmu0RXfekuErd+ctGbJGW1Rda9e01Il6/lc/1P1L5svhbNJbm3MD1V0AGPrSpirdJNk25ujFnR9rb94mPbu+WI5eqoWYw3yfG2tK9N77R1TdvkB8rMZLOrlnm3YfK1d95wanzFCGSSrc8Lqy81rv+9sNJyTTOGVNM/XPdwMAAAAAYIgI2AjURkfryNPpackKN4fp4QcWdbhuK6uU2WxSUkKcnnl8eYdr09OSta5dGwAASSGTteKRBrnW7VLexi06aIrVVxelyJ5d1GO1qIzbtfzYm1q7Z5fW5FmUuWCcRhW3q2PJ1IqlVXo+u0Trfveapt2/UhkdWkjWsp8skHntNu3I3qKtkszx47R82d1KY84+AAAAAOAyY/B6vd5A3Oil1zZpz75CTUtL1sPLFvrOd57abzaFafqUZC1eeKPCz46SeuGlDcovLNasa1P1wDfnX3RfHM5mPb/mTaWmjNMd82Z1uX6yskbP/f51ffNrN2nG1ZN6bGv/J4f1h5ff1ve/c0evZYGh5lhJuQwGw3m9JPk9bvvc/r2nzz2d6wtz+KDvgzf0HNuklb8rVNRty/TEXGvv5YE+qqiq08jY4YPdDQAAAABDkKPR3XuhS1jA0ocli25UUbFN+QVHOpw3m02SWjNcsylUkle5eYWylVXqxw8tVrg5TPmFxbJGW7Rk0Y392qc9+wo169pUxVjPrdnn9Uq7PvpU9faGPrUx5aoJ+s0TDyoivPdpq23BrXX4MK249/YL7jcAtLIp+1dvqjAhVfOnxSnEXam8zYWyy6KsNMJTAAAAAAD6w4CvgWorq9RTq17Rjx7/b9WcXfO07fypGrtirBY99tBimU2hcjibdectGZp1baps5VVavXajJMkabVFNrV0/evy/9dSqV2Qrq+yXvlVV12vPvsIO5yqqavTRgc/63EZoSLCioyIV2sumKwDQ/yyanpkkc1mh1r26RWuyP1GBRuuuR76lW0cOdt8AAAAAALg8DHjql71hm2zlVUqMj1VMuw2jnl2dI4ezWfcvma/Z6al67KHFeuo/12t3XqF+sfI+FRXbVFRskyT9cNlCvbU5V6dq7bKVV2lt9iY9sfK+i+7b9Clf0t6DhzqMQt2dV6Dhlkh5PedWNqioqtWf3t6hzw4fk8vt1vgxo/XgvbfLGm3R0WMn9IdX3tb377tD0cOH6T9+90dlpKfp4Kefq7zilOJiovW9b98mj8er3774hhzOZhVLyssv8k37/8fhY3rtLx+qoqpGcTHR+tZdc/XlSWN9bV8/M0278wpVW2fvcG9nU7M2fZinXR99IvvpRlkiw3Xv12/WtLRk1daf8duXcUmjJEkltpNa/6cPZCuvVEhwsGalp+qe2zMlSW/8daf25BXK4/Fq9sw03XNHpkxhoRf9MwfQn6KUknm3/i1zsPsBAAAAAMDla8AD1MNHS5UYH6tftAs8Gx1NcjibJUnrsjd1KB9zdoRqzNlRp6dq7EpKiPNtOvXvq16RrbyqX/o2PS1ZDodTe/YV6o55s1R5qk4HPz2i2+Zep42bdvvKNTQ6NS5ppBYvvFEej0cv52zWm+/s0ve+vaDbdv++v1Df/dZtGhYZrpdee0/vbt2r737rVv3s0aX6n//3rqIsEfr23VmKCDfJVl6l//3ju/rKjC9r7vV36x+Hj2n9nz7QPz94jyTJ6WxSYVGJ/um7X5Pb7db/feVtbcvN190LMuXxeOVuadEj37tLlmER2pH7sXI2btOYxJG+NSW768uD996uquo6/fdLG5Q8LkHf/86damp26aMD/5Db7dGG9/6mwqIv9M8P3qNhkeF6OWez3tnyd929gJQGAAAAAAAAV5aAzDvvvD1M2+ZQbdP224eoKclJanQ0yVZeJbMptMP6pP0tNDRY825I1+tvbdesa1O166NPFD8qRpMmJnUoN2HsaE0YO9p3fNWksSosKpGzqbnbdhfcPEvJ4xMkSWmTx6uwqEQej1eWYREyGoN80/4l6dPPjirKEqnb5l6niHCTZl5zlfLyi1RiO6kYa5RCQoL1tdvmKHF0jCRp/JjRqq6xS2r9ObaNGJWkq788Qbn7ClVXf0bRw4f57Uuzy60Dn34uU1iovvm1mxRliZAkJS7IVL29QYVFX3Sod+vc6/Te1o/kcDbJbAq7uB86AAAAAAAAcAkZ8AA1MT5WtvIqPbXqFY2wRunOebOUlBB3dsMogxYvvEEHPz2iEdYojUmIVUZ6mqpr6n1hna2sUkkJcZKkZ1/IUenZ5QD6S8rEJI2Itmjjpt364vgJfecb82Q0dlwatryiWjkbtul4WaXONDgkSRPHxftts/W79U1FVa1sZZV69OcvdDifPD5BMdYoGY1Gv+urOpuatXHTbh345HPV1p+R1+vtcm9/famoqlVkhFmhoSEdztefbpDD2ayXczbr5ZzNvvPW4cPkbHIRoAIAAAAAAOCKMuAB6gNL5uul7E2ylVe1vsoq9R+PL1dW5gy9/f4e2cqr9NjDiyW1Tu2vrqlXUkKc7l8yX+uyN+nZ1a/rsYe+oaSEOJ2qtSsxPlYPLJnfb/0LDQ3W/BvT9V8v/UXXTPmSJoyNl/1Mo+96S4tHb/51p043OPToirtlGRahLTv3q7ikvF/uPzI2WmMS4vS9b98mU7tw0hQWqhMV1T3W3ffxYe3eW6Ali27SVZPGylZWqVff+KDP9y0uKVdzs6tDyBo1LEJmU6gWzp+taWnJvvNBQQYNiwg/z28HAAAAAAAAXNoGPEBNSojTL1bep0ZHk55a9Yqqa1unn2dlztDBgiPKzStU0RGbYqxROl5WKYezybexlKQOIeozjy8fkD4mT0jQD75zp+JHxXQZfRoUFCRTWKhCgo0yhYWquqZeBz45rChL5Hnfx2wKVcKoGJWeqFL96QZFDYvQlKsmaHvux8rLL9L1M9PU4vHqYMHnmp72pd7bCwuVwWDQsMhwud0tys0r9LusQGdTrpqgrbsO6C/v/U0Lsr6ipmaX8g4e0rwb0pWaMl47cj/W2MSRih4+TBWVNaqqrtf110057+8MAAAAAAAAXMqCei/SP7I3bFN1rV3TUidKal2/87GHFmvWtamqrrWrqNgmqXUK+rrsTdqdV6jZ6am6f8l8OZxNenb167KVVQ5I34KNRqVNHi/r2XVD2zMYpLsXzJEk/fyZl5SzcbtSksdc8L0WZF0nSXrs3/+gt9/fo6T4WN2/+Bbl5Rfpp79eoyefXSdbWZVCQoy9tjU1baIy0tO0eu1G/er/e1WxMVEdRrH2JCk+Vt/91m0qLinXz57+Hz3zX6+p2eWS0WjQPXdkKnlCglb9/nX95Jf/V+vf+EBhYSG9NwoAAAAAAABcZgxer9cbiBs9+0KODh8t1fO/+qFvE6nu2Moq9ezqHDmczb6RqLvzCrUue5PMpjDfdH4AF+9YSbkMBsN5vST5PW773P69p889nesLc3hA9sEDIKmiqk4jY4cPdjcAAAAADEGORvdgd2FABWwEaltoerDgiCTphZc2aPnKVfrpr9Z0GFmalBCnxx5aPCgjUQEAAAAAAACgPeOTTz75ZCBuNDrOqr0HD2lffpHefn+PTlbVyhptUU2tXfX2Bs2cPtlXNsoSobTJ433lR1ijNDs9VSOsUdqXX6SCQyXKypwRiG4Dl7X6utOX9AjUkJCA/Q0IuOI1NDoVGWEa7G4AAAAAGILcLs9gd2FABSx9aBtZOi11oiZNSNSsa1P1i5X3SZJvYylJeum1TXpq1StdRqJu2XlAs9NTlRgf26E8AAAAAAAAAAyUgK2B6s+/r3pFpeVVSoqPlSTZyqtkjbbomceXtx63WxN1RLRF1bV2JcbH+sJXABeONVAB9BVroAIAAADwhzVQB9gDS+YrMT5WtvIq2cqrlBgfqx8uW+i73jYSddKERFXX2jVpQqIeWDJ/EHsMAAAAAAAA4Eox6CNQAQweRqAC6CtGoAIAAADwhxGoAAAAAAAAAHCFIkAFAAAAAAAAAD8IUAEAAAAAAADADwJUAAAAAAAAAPCDABUAAAAAAAAA/CBABQAAAAAAAAA/CFABAAAAAAAAwA8CVAAAAAAAAADwgwAVAAAAAAAAAPwgQAUAAAAAAAAAPwhQAQAAAAAAAMAPAlQAAAAAAAAA8IMAFQAuSqXee2aVlq/M0cG+FK/4QD9fuUrL1xYMdMcAAAAAAEA/IEAFAAAAAAAAAD8IUAEAAAAAAADAj+DB7gAAXHbsh5S9dpt2HG+UW5I5fpyWLrtbM63tC53Qjhd3KbuoUe7gcKXOm68Vc8crfJC6DAAAAAAAujcoAWqjo0lvv5+r3XsL5XA29bneiGiLsjJnKCvzmgHsHQBcjCNa+8w7ynVHK3NJhlJ0Qjs2FGrNqjcV/uTdSmsrVvCJ3puWrmVLTTq6Z6+2vvtn/da8TP+WYe2pcQAAAAAAEGCDEqC+8NIGHT5aKrMpVJMmJPa53uGjpcrZuE1mc5hmp6cOYA8B4AJ9ul+5Tilp4SLdm26VNFXTVaOHsku0Jd+ptDFny8Wn61/vzVSUpJnTw1W9crPy8wpUn9F6DgAAAAAADA0BD1BtZZU6fLRUifGxeuyhxQo3h51X3af+c73e3pxLgApgSDpRaZckjYg+N5I0JN6qETqharv9XEGrtV1QGqcJcVK+s0mNEgEqAAAAAABDSMA3kTKbTZo0IVF33pJxXuGpJCUlxGnShERV19p7LwwAAeFWo0uSghUiaXScRZLkcjp9JVzlNaqWNMJiOVetpkb1vgI2FVVKMoWxBioAAAAAAENMwEegxlgteuzhxYG+LQD0s3odPVikovz92lQrKWWcUiRpygxlmEqVu+F1ZWuqJuiEdmw4IZnGKWuaSao5W708T0+vl+5Ka10DtVBSasYMRp8CAAAAADDEBDxAPVVjV37BkQ6bR01LnaikhLiA9cHhbNbza95UcUm575zBII2MteqbX7tJX540NmB9AXCpsum9V3cpX1JwXIoevneGQiRJyVr2kwUyr92mHdlbtFWSOX6cli+7W2kh7aqnXa1bHYVa+2qj3MHhSr3tLq1IjxiMLwIAAAAAAHpg8Hq93kDcqNHRpLffz9WWnQe6vZ4UH6vFC29USnJSj+08+0KODh8t1ZpVKy+4L20B6sRx8crKnCFJ8no82vq3g/rowGf6lwe/rvhRIy64feBScaykXAaD4bxekvwet31u/97T557O9YU5fFD2wQOuSBVVdRoZO3ywuwEAAABgCHI0uge7CwMqIOlDo6NJz63Oka28StZoi27OvEZJ8a0jTk/V2pW7t0CHj5bqud+/rvuXzO9xg6hwc5jMptB+6ZcpLFTRUZG+4znXTdFH+z9T5alaAlQAAAAAAAAAgQlQX3hpg2zlVZp1baqWLLqxw+ZRKZJmp6dqd16h1mVv0rrsTRoTH+t3Sv/DDywakD56PF59/I9imc1hGnP23i+u/6skacW9t0uS9n9yWC/nbNajK+6RJP32xTfkcDb72jCbQvXointUW39af3j57Q7tW4cP008f+VaHwBYAAAAAAADA0DbgAeruvEIdPlqqSRMS9cA35/st1zbqdF32JuVs3K4fP/SNge6a3tqcq7c25/qOLcPC9dD9C2WNtvRQq9WYxDj98icPyOP1qrnZpZdee09Go1Gj4qxKjI/Vb554UJJkP92g3697S5MmJmpYpHnAvgsAAAAAAACA/jfgAWr+p59Lku68JUNS6yZS67I3dSgzKz1Vs8++tuzcr6Jim07V2BVj7Rpk2soq1eho6nWt1L6Yd8O1XdZAXb1uox5dcY+S4mN7rBtsNCrKEiGvV3pnyx41NDr1o+V3+0bXhkZFyt3Sor+8u0vWaIuWLLpJwUbjRfcZAAAAAAAAQOAEDfQN8guLZY22+AJPh8OpomJbh5etrNJXfnpasiTJVl7ZbXvZG7bpud+/3i99a1sDNToqUtZoi26be52iLJE6XGzrcxt5+Ye0fffHWrZkvmJHRPnOe73Spg/36uixE1q2ZH6HZQsAAAAAAAAAXBoCsgZqTLsp8UkJcVqzaqXfsm1rn9rKKn1hahtbWaUOHy3t0xT7i9HoaOr2fEuLp8NxcUm5XvvLh1qQ9RVNHBff4Vpe/iG9v32fli+9vUOwCgAAAAAAAODSEZAA1eE8F0j2NIVfkm806ghra+i4Zed+mc0m7ckrVNHZkaFtywFcLGdTs2rrz0hqncL/t70Fqqm1a/LZ0bIjrBZ98o+jqqquU2hoiLbvzvfVraqu1//+8T2NHzNK09Im+tqJCDfJVlapP/55q74y48tKHB2j2vozCjIYFBFhYho/AAAAAAAAcAkZ8AA1MT5WtvIq35qmbVP427NGW7oEqGPOrkGas3F7h3JLFt3YZWTqhXp/+z69v32f73i4JVL3fX2ekscnSpJuzJimw8Wl+tnT/6thEeHKmJmqU7V2SdLxsgpVVdepqrpO//rr//G18f3v3KHyk9VqaHRq2+58bTsbuppNoXp0xT2aMHZ0v/QdAAAAAAAAwMAzeL1e70DeYMvO/crZuF1z51yjJYtu7LGsraxST/3nelmjLXrm8eWSpKIjNr2UvUk1tXbdMW9Wv40+BSAdKymXwWA4r5ckv8dtn9u/9/S5p3N9YQ4PyCB6AJIqquo0Mnb4YHcDAAAAwBDkaHQPdhcG1IBvIpWRniZrtEVbdx3Q7rxCv+VO1dj1wtqNktQhaE1JTtIvVt6nxQtvUFbmjIHuLgAAAAAAAAD4DHiAGm4O8wWiW3fu1+HiUt80fal1w6YtOw/oqVWvqLrWrlnXpnaZoh9uDlNW5gx2sgcAAAAAAAAQUAGZ/9q2q72tvErPrs7xW44p+gAAAAAAAACGkoAEqDHRFlmjLYqJtiglOUm2skpfqCq1TtPPSE9TjNUSiO4AAAAAAAAAQJ8M+CZSAIYuNpEC0FdsIgUAAADAHzaRAgAAAAAAAIArFAEqAAAAAAAAAPhBgAoAAAAAAAAAfhCgAgAAAAAAAIAfBKgAAAAAAAAA4AcBKgAAAAAAAAD4QYAKAAAAAAAAAH4QoAJXKK/XO9hdAAAAAAAAGPIIUIErVEuLZ7C7AAAAAAAAMOQRoAJXqJaWlsHuAgAAAAAAwJBHgApcoS50BKrBYOjnngAAAAAAAAxdBKjAFarFzQhUAAAAAACA3hCgAlcopvADAAAAAAD0jgAVuEKxiRQAAAAAAEDvgge7AwAGR1NT82B34TJRo71v/FV/zqtStVuSjLLEj9atC+crKzmq19oH167S6gKL7vo/y3XryAHvLAAAAAAAOE8EqMAVyO1uUXOziw2hLlqNdjy/Vq8eD9OkOXN019gw6fQJ5e4pVM7abRr160VKG+wuAgAAAACAi0KAClyBGhoae7zen8HqZR3S1nysHccly5yFemxR0tmTUzUzM0unahoUM6idAwAAAAAA/YEAFbgCNTY6L6r+ZR2KXgB7UaGOu5I0JqTtTLBirG3T9xt0PG+bXt18RF/UtkgyakTKNfrRikyN7tJSz2Vbp/sn6v7lEdq0tkgnrVfr5/Oq9MtXTyhp4TI9kWk9284hrf3ZO8ode4OeXzFD4QP9AwAAAFcEr9fr9xrPhwCAyxmbSAFXGK/XK6ezqcO5tgfegX7wvewerK0zdUdamFRZqF/+dJV+8ORL+u2GnSqqaB9QN+lwnk2afI2WL83S/XMsaizK05qdNd002JeypVq3tkTmySm666bJipp+jTJMkm3nXh0/W8J18IBynUZlZBKeAgCAC+P1eru8+rM8AACXEkagAlcYf6NPO4eofQ07L7tQ9LxEaPqy7+vpT7fpzx8eUUF5rQp35alwV54s027RL+9NU7isynroB8pqqzLdqPxdm5VfXC75Roy26UtZozKW/VDLJp+rNTd9m3J3faHcMmlMglN7805I0amaO1kAAAB91l3o2du57p4F2871Vg4AgEsFASpwhWlscJxXeR52exOsmCk3a8WUmyVJrooCZb+6WTvztyhnVpqWJddo72sb9Gp+rRzu3trqS9kIjYrueGbMTalK2pWn3J1HtGRBubYWSUkLZ2rMRX4zAABw+esckLY/7ula53Ptnxm9Xm+HY4PBQJgKALikMYUfuII4nU0609AogwwyGM69cKEaVG/vmHSGjExT1uRwSS1yuSUd2qY1+2qliddo+Q++qed+MUep/po7n7LtWWZqforkKCjQll1Fsmm05s/qPLoVAADgnM7T7DtPv/d4PL53qTX0DAoKktFoVHBwsO9lNBoVFBTUYdRp+/rdTelnij8A4FLDCFTgClJXaz+v8oSrvSjbpaf/s1AhKan6avpoWSS5ag7p7Q8bJdNEfXWypGNhMreVP12lvD37VeivPfN5lO3ApOnpo6WiYuV8KCnlGk0P6bUSAAC4QnU3yrRzqNkWmPb2PNjdH+TbB6htx51HpHZ3HgCAoYoRqMAVwuFwqtHR/fqnrKralgAAB9BJREFUvelpbau+lu+PskNOwiw9tCRF5tojevPVLVrz6hate/+EwtPS9eOfLFKKJI29UY/eNlohxQe05tVdOjgxWdP8tXc+ZTsJObuZlNS6eRT5KQAA6Kx9SNp5tGlb4GkwGHwjSy/0Oc1gMPhGqrZN329/j+76AQDAUGbw8tsKuCLYjp+Qy+1uHSXQaQp/X1+S/B636e64u889nesrcziD6M+xKftXr2urUvXzx+ez/in6XUVVnUbGDh/sbgAALpC/6fptx23T8wdKS0uLPB6P32fKtnMAgEuTo7HXTT8uaYxABa4AZ840yuVyDfh9eOgdRIf2K7dWSspk8ygAANBRd6NO27/aRpwOpLYRqf760L6fAAAMNQSowBWg+lTtYHcBA6pBu3cWy8HmUQAAoJOepuxLUkhISMD+CG4wGBQS0rrQkL9NpghRAQBDEVP4gcvcqVO1qq+ztz4Yt02VGqAp/J3fe/rc07m+Ygo/EDhM4QeAS09PI0/bh5nn257H45XH65HH45UxKEhNzS6FhYUq2Nj38Tlut9s3pd/fMycA4NJxuU/hJ30ALmP1dadVV1vfY3DZU/jprw4AAACGtp7CU0nnFZ42u9zyer1qanLJ65VaPB653W4dOlKiqqpauVtalJQwUpZhEUoYHavICHPrBlI9tBkcHKzm5uZuR5y2bTzFsycAYKggQAUuUw1nGlVVVX3uL/mdRp9KFx+i8lALAAAw9PS25mloaGjvbUhyu1vkdDarqdklj8fbIex0ud2yn25QecUpBQUZdKq6Th6vV6PiRsgyLEIzr/myws1hCuvhXiEhIWpubu72GiEqAGAoIUAFLkNOR5NOnKi8qDY674p6oW0AAABgcLVf+zQsLKzXZzSPx6tGR5OaXS65XC3dlmlp8cig1uc9j+dcsHqyslonK6tVU1uvCWMTdNWkcbIMi+i2jbZlBJqbmxUUFOQ7BwDAUEOAClxmXC63SstO9Ntf7HmIBQAAuHR0Hn3atlmTx+NpnVbfa3jqkf2MQy5Xi2+jqe4EG41q6TQqtb1TNfVqdDSp8lStMmZO0YjoqG7LBQUFKTg4WG63W0FBQfJ4PB3CVEahAgCGgr6v8g1gyGtsdKikxCZPi/+H3QvR+aH1Qh5iefAFAAAYWP6m7reFqMHBPY+fcbe0qLrmtJqb3X7DU2NQkIKCghQUZFBYaIgiI8MVHGzstmyjw6myk1X66we5qq077fe+wcHBfpcbaP+9AAAYLAYvv42Ay0JdnV0VJ6u638m0/Y6mMvj+qt/5vbu6nXdD7e647XP7954+t3cxwao5nEH0QKBUVNVpZOzwwe4GAKAH7QPH9iNP20af9rRxVEuLR3X1Z+Tu5g/xBoNBxqAghYYGKyTEqGCjUR6vV83NzXI2NetkZY3s9gYVFB2VMShIjQ5nlzYiwk36+p1zNSwyvNv7Nzc3q6Wl5Ww4GySDweB7b+sDAGDocjS6B7sLA4r0AbjEeb1enTxZpfo6e68Plr1tINXTuqcD8dDKgzAAAED/6G3jqJ7CU3dLi06fcajF03VsTVBQkCLCwxQcbFRoSMd/PoaGBCsiPFwx1uFqafFowrh4lZZXqqjYppra+g5lnU3N2rpzn+bdMFPh4aYu9wkJCZHb7e525ClT+QEAg40p/MAlrKWlRcdKSvsUnp4Pf0FqX0aUAgAAYHB1HolqNHY/xV6SPF6vnE0uud2eLlPlg41BGm4JV1hoSJfwtE3bI6HRGKRRcSN01aTxysq8VrEjOs5aaGnxqKbOrn0ffyaXq+soJYPBIKPR6Bs52/57AAAw2AhQgUuQ1+tVbU29iouPydFuipS/qfcAAAC4/HVe97Qva596PR41Nbm6rHkaEmzU8KhIhYQEy2js+z8bI8JNih0xXLfPu14joi0drjU0OlRRVaNT1XXdhqNGo7HD8gOd10IFAGCwEKAClxCv16va2np9fvgLnThRoRZ3S+9BaVuYKv/rmvqv2rVtNpACAAAYWtoHjN1N5fc3AtXr9epMg1Nud0uH88HGIEVGmM4rOG0vKChIkRFmzc1M77Lm6cnKGh0+alN3kWjnzaT8fTcAAAKNABW4RNjrT+vzw1+ovOyk3G53vwabF7r+aU8hLKEpAABA4HQXOvYUnkpSi8ejlk4jT4OCgmQyhSo42H+9vhoWGa5paZO6TP+3lVfoxMlT3dZpG4Xa+fsQngIABhObSAFDWFNTs+z206qrs6vJ2dRtaNp5XdIOYegFTOPvy/qnPdUFAABA4HQOFttP4fd6vQoK8j9mxuVqkcvVcfSp1+tVaEhwj/X6KtxsUlzMcEVZIlVVXec7f+aMQ03NrcsGdL5PUFCQWlpa5PF42DwKADBkEKACQ4jX61VDQ6Ps9adlt5+Ry+WSpC5T7s939Gl30/d7m/p/odf6igdhAACA/tV53dDuAsr2WlpaupwLN4cqxM+GURdiZOwIJYyO7RCgutxuHS0pU8KoGIWFhXYobzAYOoSnba+2Z0cCVQDAYCBABQLM4/Goudkll8sll8ut5uZmuVxuuVwuNTY65GlpnUbV3fT47kabdj4+382jeqrTH8sEAAAAYGB1nuLeXfDYmcfjVbPLLYNBaqtqMBgueN1TfwwGg0ZED1dEuFkNjQ7f+SaXS0Hd3CsoKKjbzaMITgEAg+n/Bys9zTruz1H5AAAAAElFTkSuQmCC" height="600" width="800" />]]>
  </system-out>
  <testcase name="myInfoPageSideMenuCount" time="1.330" classname="testcases.MyInfoTest"/>
  <system-out>
    <![CDATA[iVBORw0KGgoAAAANSUhEUgAABVAAAAJcCAYAAAAfG4+9AAAAAXNSR0IArs4c6QAAIABJREFUeJzsvXmcI2d95/9+qnS01Pf0dPfch8ceH2PjC5vDGDAxu8FJyO0EQ5ZkNyQ4wSEkYTfH/sKSbDbsmiRgNhiSkM0mhvxiAgESDMEQgo/4wHhsz/iYGY/tOXqmp+9Travq2T9KUuuokuqpKqklTX1fbn9HUulbT30+9dHnq6ceSUJKKQkjjDBaF5klWD6DXJ5ALk/A0plCPoV5+ruI7BJSghBUZE2rvC0ACQgEEukqAwghkFI2zlXPL99jTbYbsFOuV6c6Gm1enhVCZbi1eLvI0jvOdbPN873hrMqfN5w97V4ZZ1X+vOHc1jpRxNstj/5w7kKdNOTRG86q/HWkTtpJLx2pk9boxR/Oqvyp4azKnzLOnnj097p0PumkpmxT9dJBvqKik3bSiyf+OkQnbaCXjtXJhvmKN5zDCMMu9E+fZjW1xuz8EplsHoB4LMLI8AC9yQQinEANI4w2CjOHPPkQ8th9mMfug8VTOJmGwMpezE4TmodmpfnNlatQ9Fr7ws1/MxJkU1i/SWlSc1XGY5BNoT2PrWiubPTisRkMVCdlOLs+7TzjrMpfm+tEicfmvxlpvk6KucU6aSe9eODPO85u+fOPd/v4SvN14vp09RJudBKgXrpCJ6GvtKb/Cn3FO86uefT/utQRvtIsnXSwrzRFJ2Gct7H2x8eYODdj+9j28c3hBGoYYbR1zDyPeew+jGc/j5h+1tZcNOGt+dA0TckUW2HmNdEkU2xF09u1KyCUgPawe2WcVfkL8k1tm+hEEW+3PLai6e0onTTk0RvOqvx1pE7aSS8dqZPW6MUfzqr8qeGsyp8yzp54bMZkaXfqpKZsU/XSQb6iopN20osn/jpEJ22gl47VyYb5ijecwwjDLk7/7vdIZ7K2j/XEY+EEahhhdEZI5PNfwnjg92H2WIVpVE6KqpsduDXR5jdXLqFQHIhdkea/GWnLFRBe4Au4KbTnsRXNVa1e2mKlUBnOrk87zzir8tfmOlHisflvRpqvk2JusU7aSS8e+POOs1v+/OPdPr7SfJ24Pl29hBudBKiXrtBJ6Cut6b9CX/GOs2se/b8udYSvNEsnHewrTdFJGOdtvPRbj2Ka9ieMpgm0Fo8njDDC8BQCcemPEnnP42i33IXs2wKwbl6FbJoSZANTrMoApmnam2LVdhKHLG2ycMh22zu5mrTJ9UzRKVeXdRqHx3Hb4VGDd73mozqr8BfQeOvh4RXnuttX9IIBjrsBHl5xdsufH5wb4iAbdH9+9VJTrs114sSjEy+KOKued15xLgO8Ntu+d2qxThRwbrpe2sFXasoFq+96ODTbV/zgrMpfoDopZjc6CfC88+vfbaETJ19xiXPd7WzLBqvvjum/XOjbDo+u9RUVnTjx6PT65QHnjvKVZunEJc7t6Cu+dRJGGGXhNHlafCycQA0jjE4KLYJ21c8Rvf1ptJt+DxLDllkJUZGRAtPO3IRNLphkzSRq1XYAAocsbLJ0yHbbF+rUhLDJTk2J0/Z2ZZ3G4XHcdng44VyT7XhxakrseAlovPXw8Ipz3e3L6gY67gZ4eMXZLX9+cG6Ig3AC2h3ODXmsKdfmOnHi0YkXRZxVzzuvOJcBXptt6rZcJwo4N10v7eArNeWC1Xc9HJrtK35wVuUvUJ0UsxudBHje+fXvttCJk6+4xLnudrZlg9V3x/RfLvRth0fX+oqKTpx4dHr98oBzR/lKs3TiEud29BXfOgkjDIUIP8IfRhidHCuT5L/wTsyJx9GcTAwBonC73pX4sgzU1KnbDUgJwmVu2FWURaPNq680ugyV4ZayynCKb67c4F2HN9srulXP94azKn/ecPa0e2WcVfnzhrNb/jZEJ4p4u+XRH85dqJOGPHrDWZW/jtRJO+mlI3XSGr34w1mVPzWcVflTxtkTj/5el84nndSUbapeOshXVHTSTnrxxF+H6KQN9NIuOjG1CGzajdk7gugdwYzGIRJHJoYQmg6ZZTQzD2YOsbaMyKfQlqfByLbYV7zhfF6FNMHMI00DDAOMPBh5ZGbV+ncYpXjxvzxS9/FwAjWMMDo9jCzGP/4ixnN/jyiYiVNzYvuDUw6mCdXm2vzmylUoeq194ea/GQmyKazfbDapuSrjMcim0J7HVjRXVg7yzZN99o6z69POM86q/LW5TpR4bP6bkebrpJhbrJN20osH/rzj7JY//3i3j680XyeuT1cv4UYnAeqlK3QS+kpr+q/QV7zj7JpH/69LHeErzdJJIZvRJHL0AuTQdsxNe0CPKPMVWZmC1Vm05SlEfs0zzhuqk/Mp8hlkJoXMpCCb3ujRbHiEE6hhhHGehPnYXeT/5XcR0kQi7VekyuLkqLsm0vrPen4rzLwmmmSKrWh6u3YFhBLQHnavjLMqf0G+qa19/oboRBFvtzz6w7kLddKQR284q/LXkTppJ710pE5aoxd/OKvyp4azKn/KOHvisRmTpd2pk5qyTdVLB/mKik7aSS+e+OsQnbSBXjZCJ8T7MHZdi9x6AKlpavqow6O2OEFk5hgin26iXrzhHIZNGDnk8hwyvbLRI9mwCCdQwwjjPAp54jvkvvgfEGvzJRPDwdzcfqwfiibb/ObK3UG6HQB1Cjf/zUhbroDwAl/ATaE9j36aWDX+2m6lUBnOrk87zzir8tfmOlHisflvRpqvk2JusU7aSS8e+POOs1v+/OPdPr7SfJ24Pl29hBudBKiXrtBJ6Cut6b9CX/GOs2se/b8udYSvBKwTU48gd16LseMqhB5V58Wlr2izLxOZPQ5GrjN0cr5HPmNNpGZSGz2Slkc4gRpGGOdbLJ4k9/c/DecOV5iY5tB8aFrjJhIBrTDzmmiSKbai6e3aFRBKQHvYvTLOqvwF+aa29vkbohNFvN3y6A/nLtRJQx694azKX0fqpJ300pE6aY1e/OGsyp8azqr8KePsicdmTJZ2p05qyjZVLx3kKyo6aSe9eOKvQ3TSBnpplU7yoxdh7n09JPoceVnM5Dibj7Co95ATEbIiynx8BIHGUGaeqMwRlTmGjDW2RLIMx2POOslnicweR597OWC9eMM5jMYh08vIxekCV+dHhBOoYYRxHoY89Qi5z/4AwszXmCE2zYrjJGpFpvAdqs1rrtwdnNsBUKdw89+MtOUKCC/wBdwU2vPop4lV46/tVgqV4ez6tPOMsyp/ba4TJR6b/2ak+Top5hbrpJ304oE/7zi75c8/3u3jK83XievT1Uu40UmAeukKnYS+0pr+K/QV7zi75tH/61JH+EpAOsnteQ1yx1W233G6mM1zMtfDRGwzq9E+hLBKlg5NghBaoV7Z/aagN7fM9uwUOyNrDMWjtjjri6eJnD3U3joJoxQyl0EuTJ43PzYVTqCGEcZ5GubBvyR33/srfziq0GTg0HxA4yu7lmE2x8xrokmm2Iqmt2tXQCgB7WH3yjir8hfkm1pnnTSz6fWLt1se/eHchTppyKM3nFX560idtJNeOlInrdGLP5xV+VPDWZU/ZZw98diMydLu1ElN2abqpYN8RUUn7aQXT/x1iE7aQC/N1Al6lPxFb0GOXQhCVOC4ms1xyBxgIrGjYjxCVA5cSChNoIpCZQkgkAV8pJTsXn2JSyIpklG9ZsDa2hyRU08izLx7AJulkzAahjQNWDiHzK5t9FCaHuEEahhhnMdhfP0D5L/3F5WTqGXZ7mP9UOfKLpYnuVqJ6sH0XYVib2pfuPlvRtpyBYQX+AJuCu159NPEqvHXdiuFynB2fdp5xlmVvzbXiRKPzXsz0jqdFHOLddJOevHAn3ec3fLnH+/28ZXm68T16eol3OgkQL10hU5CX2lN/xX6inecXfPo/3WpI3zFh05kYoj8/ptgaHvhXgvfnGlyJB3jWN++ugdk4SUx8wYg0DSNSCQC0rofBFKIEt/FaaaLVl/k4niGmK5XDE/LLBE5/SRafq39dBKGTUjk8ixydXGjB9LUCCdQwwjjfA4zR+6eH8Q89W+IgntUNx2aTROCTfNS7UIVK1EDanprokmm2Iqmt2tXQCgB7WH3yjir8hfkm9rGOgmq6a2rE0W83fLoD+cu1ElDHr3hrMpfR+qknfTSkTppjV784azKnxrOqvwp4+yJx2ZMlnanTmrKNlUvHeQrKjppJ7144q9DdNIGemmGTtCj5C7/QUTV5OlSNs9BsZXF+AimqNy/dUNDSkk+n2N+fp6pqWlWlpfRBQwNDjI8PERfbz+JRAKha0ihlSAvj6HMLFcbEwz2RCsGLtLLRE8+5m4larN0EoZSmCtzsDK/0cNoWoQTqGGEcb5HaobsZ96IXDqFQICobVYcJ1Er7q9qHYSob9YeTN9VKPam9oWb/2akLVdAeIEv4KbQnkc/Tawaf223UqgMZ9ennWecVflrc50o8Rj8m5HW66SYW6yTdtKLB/684+yWP/94t4+vNF8nrk9XL+FGJwHqpSt0EvpKa/qv0Fe84+yaR/+vSx3hKx51Ylz8FowtlyIK9YuTpw/HLiKnx5GiuN/iCARISK9lOHv2LJOTk5w4eZKzk5OspVZJJnrYu3sXPfE4fb1Jdu3eyfjWbcR6EoX6orQfq7Qkms9yQ+YoQ/FIxTAjq+fQTz3ZXjoJwzEkErlwDtKrGz2UpkQ4gRpGGGEgTz5E7m9uqWg2qn84qmYSFUH5ZKudG4mi2QbU9NYOvMHmHk2xFU1v166AUALaw+6VcVblL8g3tbXPb0bT21Anini75dEfzl2ok4Y8esNZlb+O1Ek76aUjddIavfjDWZU/NZxV+VPG2ROPzZgs7U6d1JRtql46yFdUdNJOevHEX4fopA30ErROctuvggtvKKBl3X8qLXmy7xKgoBkESM26XRjE3Ows33vsCV55+RWWV1bJG3kMaSI1GBropz/Zg5nPEo9ojI+PMjw6xqbRMbZu3U40nkBi1UOYlH+P6jVLz7EjoVfgrM+8SGTmmEceveEcho+QJubsBOSzGz2SwCOcQA0jjDAAyN1zC+aJh6Cs2aieNK2/EtWhhRAOK1E9mL6rUOxN7Qs3/81IW66A8AJfwE2hPY9+mlg1/tpupVAZzq5PO884q/LX5jpR4jHYNyMbo5NibrFO2kkvHvjzjrNb/vzj3T6+0nyduD5dvYQbnQSol67QSegrrem/Ql/xjrNrHv2/LnWEryjqxBzegXH5D4Gmleos5gy+nbgcIar3KawfiJKSycmzPPCdBzh98jRGPk82l0cKyBsGWjRKLBrDzGYY7O9l6+YRIjqsZDJo0Sgjo6Nc8+rrGd602aorJGBWHOGbVg7XrESNnfkeYmmqPXQSRuMwcpizp8E0G2/bQdFoAlVr0TjCCCOMDY7IG38bWXCZYvNimpXNh1ne5BS2QxYyIKnNUsr1x8uzcMjV25XVqwlpk+uZolOuLus0Do/jrsll+DVs+qq3a9Q8VuWgxlsPD684192+ohcMcNwN8PCKs1v+/ODcEIdG73L96qWmXJvrxIlHJ14UcVY977ziXAZ4bbZ979RinSjg3HS9tIOv1JQLVt/1cGi2r/jBWZW/QHVSzG50EuB559e/20InTr7iEue629mWDVbfHdN/udC3HR5d6ysqOnHi0en1ywPOHeUrCuM19Qj5i96C1LRS3axp8nD8YoTQyv50hNDQhEATMHn2DA/867eZmpqkpyeGYeTpScQYGRmmty9JTzxGai3DcipDai1HXmpkcyarKylmpqc59PQzPPzgQ0xPTUGBIyF0BDqCCEJEeCR5CVnDqBhvbvRSe/4a4OFbJ2F4Cz2KGNi80aNoeYQTqGGEcZ6E2PUG9AvfapmQKDQronYS1TKj9cdlyY1AOOTSPgqXMoUQWLuxydXb2dRZL2iTnZoSp+3tyjqNw+O4a3IVfnWvmFdv59RU2m0X4Hjr4eEV57rbl9UNdNwN8PCKs1v+/ODcEAfhBLQ7nBvyWFOuzXXixKMTL4o4q553XnEuA7w229RtuU4UcG66XtrBV2rKBavvejg021f84KzKX6A6KWY3OgnwvPPr322hEydfcYlz3e1sywar747pv1zo2w6PrvUVFZ048ej0+uUB547yFYXxmlsuh0RfBR7/JreQ03sQaFD4sx63BplJpzh86BlOvPwKe3fvZHlpmWgszuDgED09CTRNs1akZrPkDZOV1RST586RyeeIRqNEI1H6+vrIpNMcfvoZZqdn0ISGVpikFUIgEOT1BI+IrRXjJZYkv/lC5fPOt07C8B49fYhIbKNH0dIIJ1DDCOM8ishNH2b9Su16E2I7iVp8vJClVL8iuOFXdJ3KBnwlumNWQKjwV4aHV5zrbl9WN9BxN8Cj7VYKOY27zvaO4VcvNeXaXCdOPDrxoohzy1dAuOSv5TpRwLnpemkHX6kpF6y+6+HQbF/xg7Mqf4HqpJjd6CTA886vf7eFTpx8xSXOdbezLRusvjum/3Khbzs8utZXVHTixKPT65cHnDvKV1yOV+pRjB1XlvAFeCEtWOwZRaAhRMTKhUlUDUEmneall17k3NRZhgcHWF5cQABra1nOnJni5ZdPMjezyOrqmsVZBAyZwyCPFBJds9aYyrzBzLkpDj55kAcfeICpc1NYQ7MmaosrX5cSYxzNaBXjNob3YGoR9zwGoZMwPIdAQP+mjR5GSyOcQA0jjPMoxPgViP0/ULpiS1kzUjOJSu2V3cJPNGJ7xV9WXQGW7q+QNu2KrlPZgK9Ed8wKiDrjrYeHV5zrbl9WN9BxN8Cj7VYKOY27zvaO4VcvNeXaXCdOPDrxoohzy1dAuOSv5TpRwLnpemkHX6kpF6y+6+HQbF/xg7Mqf4HqpJjd6CTA886vf7eFTpx8xSXOdbezLRusvjum/3Khbzs8utZXVHTixKPT65cHnDvKV1yO19h6BVpPf6le1jR5KbkHTYDQQBcGujAQQmAKDTOf5qknHuPlI0dJLcwx0J/ENATZbJ6V1RUWV1ZZXMuSzpukMyapfBYZlfT2J8mZJmem5jh1doYzEzNMnznHubNnmZ6Z47sHn+HQ4WfJpjPW+DQBQlj/Fhov9+0jZ8r18etRzE173PMYhE7C8BUi3guxxEYPo2URTqCGEcZ5FvqBn7AmSyleQXeYRMX6TlSVFRBm4Uuk2+aKrlPZgK9Ed8wKiAb8ubqyq4Bz3e3L6gY67gZ4tN1KIadx19neMfzqpaZcm+vEiUcnXhRxVj3vvOJcBnhttqnbcp0o4Nx0vbSDr9SUC1bf9XBotq/4wVmVv0B1UsxudBLgeefXv9tCJ06+4hLnutvZlg1W3x3Tf7nQtx0eXesrKjpx4tHp9csDzh3lKy7Ga2oRzJ1XV+DwcjZCPpJEiIg1gyqs35WSGuiaYHFuhjMnXoJ8mtHBfmanJsnmcqyk86zmBVlNJw+sZXOks2m0vEY0bZJfXkTPpImbefqjGpv7Ioz3xdi1qY9tg71E8iaTE+dYW0tb7zmFQGiFj/ILQS6S4JV8rGL8+eHd7nkMQidh+A4xMLLRQ2hZRDZ6AGGEEUZrQ993M0LTMKWJZtNUmqZE08puS1nYjkKTgnWbwm0oXAGuvCIopUIu1KkJlSu6jZqV8rLCesA2S4Vc2EFNVlkB4dQU2jWXtnXVca7Jok72gbMtfzY8+sFZlT/vOLvN3nF2mx3Dr15qyrW5Tpx4tKvrAWclHv3oRJG/lutECecm66UdfEVFJ0HopaxO832l+TpxrRcVndjw2Apf8e/fbaATJ19xiXPX+YoSfwHoxY6/Mh671ldUcHbNo3ecO8pXXOiDoe2IWKK0g5xpcjx5AUIUBqcJay8ShNBAmvREBJuH+sgbJpHIEKunpliYXWE5Y1oMZbPEhEFPRCMpBAPxOFtGBti7Z4yx8WGSvQliyTjDff1EhSTZ288Tz7zAP37zYWanTrG4NM/AyBAUsC8/917u38eeteeJ6ZqFsx7D7B9DX55y9XrnWydh+A4RiSP1KBi5jR5K0yOcQA0jjPMt4oOw7VrExBM1k6UVk6hlTY5Z1uxQvC3Wb1tXAAu5GKLq/tLjNrnkblWhaopOubqslFg9hkLGJuOQVZv16mzXVGL/fC841+R6dYTwjLNb/vzhrMqfN5zd8ucH54b8lbpEf3i71okvnFugEyce/erEI49ecVblr+U6UcC5rfTSLF+pKReQTpx4rHh+c33FD86B+4pT+NVJoHrx599toRMnX/Grk071FQX+AvEVFZ10k680Sycece42XzFG9lbUOZWBfE8PuijcK3TrESFBWt+CqmMS1WBxKUU6J5ibX8IQafrjGgMxjYGoYHwgxp6to+zcuYNdu7exddsOBoc3E+9JkOhNEknE0KICzciRyeQZHB3l3Owc33r8OWZn59mxZw9CWJOkGsI6x4F8JMFEPsIezSjhbPZtQVs+54pH3zoJI5iIJyG1uNGjaHqEE6hhhHEeRuTiHyI78V00UbvitJhNWX2/ZXaWN1mG53RFEABJ6XkbdkW33ETLywrrAa9Xdt1cmW/LFRBl/FVkUSf7wNmWPxse/eCsyp93nN1m7zi7zY7hVy815dpcJ0482tX1gLPqii/POlHkr+U6UcK5yXppB19R0UkQeimrE65AdeDPhsdW+Ip//24DnTj5ikucu85XlPgLQC92/JXx2LW+ooKzax6949xRvuJCHwztqKgzGRku1NAK92sIIZHoaAgEBlLmGRrsR9NjnJiYJqJr9MYjvOrAfvaNDzESybBtIMroYD8jW0dJjg6h9w4Q6+lHRHsRWhQTjbxpogNCg/HxzVx37eU8/twrrK6uYBoG0UgEIbBWv2rWD0hJKZmMjbBXTJdwNpPDrl/vfOskjEBC9PQiz4MJ1PA7UMMI4zwM/eIfsMypYLbl331KWXNT8V2pgGQ9S1l2W9pk4ZDttndyNWmT65miU64u6zQOj+OuyXIdt4ZX1Ku3c2oq7bYLcLz18PCKc93ty+oGOu4GeHjF2S1/fnBuiIPtu9wGeKvopaZcm+vEiUcnXhRxVj3vvOJcBnhttqnbcp0o4Nx0vbSDr9SUC1bf9XBotq/4wVmVv0B1UsxudBLgeefXv9tCJ06+4hLnutvZlg1W3x3Tf7nQtx0eXesrKjpx4tHp9csDzh3lK43G27sJMzFQqpM1DWaSWxBi/XtHhRBoQrMmMgVIwyCbShOLROjrTSKQXLb/Aq66eC/XX7mf6664kAu3jTA+lKAvoRHRDMiBZkbRtAhSSAyZw5R5NAOEIdClJKkbbB3uY3R4gFQqhWGahX2LirEIIZjr3U7WMErjltEkZrzPFR6+dRJGMBHrAU3f6FE0PcIJ1DDCOA9DjOyHkYusyVPpMIlK5ZXfwjML/y/cloXbojZLs3gllMpst32xXs1AbbJTU+K0vV1Zp3HYjdfFuGuyypXz6u2cmkq77QIcbz08vOJcd/uyuoGOuwEeXnF2y58fnBviIJyAdodzQx5ryrW5Tpx4dOJFEWfV884rzmWA12abui3XiQLOTdeLh/POK86B6MRp3PW2r4NDs33FD86q/AWqk2J2o5MAzzu//t0WOnHyFZc4193Otmyw+u6Y/suFvu3w6FpfUdGJE49Or18ecO4oX2kw3vzmC9GEVqozmQUhtMItHU3TEUIgNIkQOgIdTDDyBpomSPQlGds6zvZt44z0JTBTK2iAFotjRhKsyTjLaZ1MGvJpE5mT6GYOyCGNHFreQDNBINFkjmREsmkgSURYPFtcgxDWeMv/5o1KnGVysys8fOskjEBCICCW2OhhND3Cj/CHEcZ5Gvr268lNH0XT1n8oquLj/FReKaYsU3Z7/Uq8y4xNrnC7sqh3BVcA8na0X/8IoqfqeekTyGc+gHn/twAQ7zqB1vtVjE//EmA9h4nbMf72cwhBoRkr5l2I/3QIkflNjL+5e/1+bDIOud6Kh+qMPd6OV+arnu8F55rcgLcK3KmTlfmzcgX+yji7zKV63nB2y58fnBvyJx10ooi3W/784dwCnTjx6FcnHnn0irMqfy3XiQLObaUXz76ixl9gOnHiseL5zfUVPzgH7itO4VcngerFn3+3hU6cfMWvTjrVVxT4C8RXVHTSTb7SLJ14xLmrfCWeLPx2hVVnScSB8tWnGpqwfhAYIZAIDDQyuSyZXA4pNYQGk6fPsGfzMNFIDOL9TJybZvrMBLm8JN7Tw9axQXZsWWHr1hS9/THQY6zmYDWVJS81YnHoERmypoEQklhERy9M3srCgVdfwJkVScZIl3A29Qha4Tia2n+FEViIWA8yvbLRw2hqhBOoYYRxvkbfGEKsT5raTaKW/5AUQOmqYXmWlglLKJhiIZeZWPG2Yy7Uqwlhk6tNEpDPDGL+Y/H+XYi3fhZx/d1o5/ZjPmN/+GL37WhDf4tclAUDL+TrPonYApwoGHuhWbPNhYHU5EJzUPfKeaOm0K65tK3rAt8qnGuyHX82PLpqChvxZ8OjH5xrcr06vnB2m73j7DY7hhu9KPDnB+eW6MSJR7u6HnBW4tGPThT5a7lOlHBusl488LehOglCL2V1mu8rzdeJa72o6MSGx1b4in//bgOdOPmKS5y7zleU+AtAL3b8lfHYtb6igrNrHr3j3FG+0gjn5HAFf4t6r/WReQRCE2gITFE4FiExNUFOwGJ6lTPnpjDROHN2CpnL0de/gy3btzG7mubBg8+zOLdINmuyvLJGXzLChdtHuP7ynVy2bxsYUV46NcPTL59kZjXN9m1b2L9zC1JIUukMoz096IVxIKD8KwWklJimyXJ0EGR6HefkphIe9fiLffBhImOVGMqpb5L7zIfIzznj7By3Ev+99yMO30D63tpHtbf/EbFXX42WiFv7WjuL+cTdZL/yLefdvOETJH54BOODt5Et//etnyN53SaML38/mYdUxtimcR58hD+cQA0jjPM0tL7xmuajYhK1eJuy5qTg9mZZs0PhcYR9FlrV/djkUhdRFW6bjop8Enn/nyAu+z+wC3CYQCXyKsSu5ZJZAAAgAElEQVTb3oH8/z/H+hXcG9CuuQ7yaatc6X5p7a4645BVm/XqbNdUYv98J9zr4RyuQFXH2S1/fnBuyF/p3ZQ/vN3y1/YrhZx49KsTjzx6xVmVv5brRAHnttKLH1/ZCJ048Vjx/Ob6ih+cwxWoXeYrfnXSqb6iwF8gvqKik27ylWbpxCPO3eQrCK2CP03TCn86AmvCUpQNpvg+bTW1xuzCEroWJRGNcMlll3Llqw4wMNDPo9/4FucmzzG2dQc9yQGef+EIr0wvsbCQgvwaO7dvwUit8sKho5w4e5aerVsZ79/MaP8IE3PnMCX0DwwQiURKXAtBBafWnzWsSv5oyCOAPP5x1j51r4Xz1ncRf+/tRH/0UfKf+VpjnSiEeNunid+4G/ndO1m792tItqC94XZilx8AvqVe8N7bSNlM0jYj9Hd/hfjlI3W2mCV/z9vJPu1jJ+EEahhhhNG10TteMh/b5gQrFydVpSxbaVpoHtavxBZuFx8vbC8KzV9Tr+jaPj5ovbrZ9DjFkMe/Cft+CTH4OVi0niiu/y3E0CGY2F86Hgp42ObCDjtmBQTr/FVkUSerNoWN+LPh0Q/ONbleHV84u83ecXabHcONXhT4a/uVQk482tX1gLPqii/POlHkr+U6UcK5yXrxwN+G6iQIvZTVab6vNF8nrvWiohMbHlvhK/79uw104uQrLnHuOl9R4i8AvdjxV8Zj1/qKCs6uefSOc0f5SiOcY30V/K1FekGAEAWexfpkpQAiaMQ1nb54EmmC1GBkZBNXX/UqLti7i8f/7RGef/oQi4spllI5hjdv5rLLL+Hppw6Tml9gfjVPfHCU/tEexl+Z48jcAsuGydpaGvIG/f29jG8ZZ3jTMHokgtQECLNwTFRwuBbth8y5Es4ymizhUVcn5TxI4Ow9GGfehb7pGtg1Quyn3oU+1m/Rs3aM3Gd/ltwRa+WqvlyYeKX8th3JAFcTvepyOPE3pO/9WuG+ScyHPkS6sHpUvPbDxG+5GS0BsIz5wl+S+cy9zjKtXo16eRZjbgv69n7r+Y98iPQXHwNeQ/R9v0N09wiQwXzhWbjkIuSXv5/M9K8Q/7EfQd8UBzLIifvIfOyjmFW7Mo+fQF4+UjpNa2LpBOZJpwddxnkwgRr+iFQYYZynUVyBSsG4QFTelmVNTsGdzEKWWNcCS1cGpURKSttZdQr3Iytulx4vz062Im2yXdNRka9A/PAvQc8JZL0raCsfQE5ehPih2wvjeAPimlfDkf+GSe1x1Bt3TS7DreEV9ertnJpKu+3Kx1edFcfrmBviXZaro972ZXUDHXcDPLzi7JY/Pzg3xMH2XW4DvOs16w3484NzRW6WTpx4dOJFEWfV884rzmWA12abui3XiQLOTdeLh/POK86B6MRp3PW2r4NDs33FD86q/AWqk2J2o5MAzzu//t0WOnHyFZc4193Otmyw+u6Y/suFvu3w6FpfUdGJE49Or18ecO4oX2kwXhnvrRhvKjZk7VxIhEbpDyEKH+03iUmTXqLEtRhrK2tEo1HGtoySzmaYPjfFltFxNo+OMTo+zgX79vATP/aD/OTbbuTK/bsw0llWVlIMbh1hYMc4sZHNTM7N0TM6xIunT0IsztjWbSQSvQisqWFNgkZxIlegadaUVLpnqPL4owlXeFTwIEDsfS/6tn7k3JNw8lnMRz5O+oM3kPrgu8ktX0TkplvtgW8Yt6BtAjnlNMN6K7FbbkacuZu1D97A2j2PwSXvJf72Le53kdiFOHknax/8cbLHs2hXvYsIoL3zg0R3Z8nf8+OkPvgL5KMXlSbyIjfdgh55zDrGP7kTYzprW1o+dAfpLz9pf9qtPUn2f99Bft79UG1D6/7pxXAFKpYol3IplrIplnMpsmYOgIgWYXtyhOFY/waPMIwwgg/RNwZOTUn1FWIhQBaviJZdCSzmRld0NYcruUFc0QXElYvoV64/TaaPwr+8E3mqHgInkd/+FuIn/yPa7k8ht/83RN8TyE89hPiZ9auiyDpXegsD6ZgVENW81eOvjEfHJrDBFXRb/mx49INzTa5XxxfObrN3nN1mx3CjFwX+/ODcEp048WhX1wPOSjz60Ykify3XiRLOTdaLB/42VCdB6KWsTvN9pfk6ca0XFZ3Y8NgKX/Hv322gEydfcYlz1/mKEn8B6MWOvzIeu9ZXVHB2zaN3nDvKVxrpgzI+EVY1IdaxBPTiMQlJBIP56TOcPPwMB3Zs5+jJU6RWU0g9Qk8iymUX7eKyXVuYnpklZ0i2bt9Cz+JpXnvhNnJTZzl2fJmpM2fZv38/17/uerbvv5B0zmR0eIjeGEzOzhKZWEKPRpARAcL6HlZRBEpQ4rD8+GUJh8avdwBi3/tJ3vn+QoWM9R2o//A1GP4RtNe9l+gt/xURLe7hIjsW/cdrb0RLzGI+co9F69Mfwvx3D6Pv+hGYc1lj7VnyX7S+SzU/t0Js3wgaoG3bChN/R/bpSQDyTx0jus86DuPMJHLf1cTe+4cYR75E7rN3Ob4syIfuILPtc8Sv2106XcmdIP/ZACZPz5M4rydQJ1IzPDR1mAfPHeLI0ikWsiss59ZKE6hxLcY9N/4m146EE6hhdF+Iqu9ALf5gVOkHpKi8v+TyUoCwbpe+C9XqLhyzaZoITSvVqcmlLqIqXDYd8ulBzH9Sx0Ae/03kue8i3vghGLwCnr0OKawdC4qGXsjYZByyarNene2aSuyf74h7HZxrcgP+apo8p+yFP+EXZ5e5VM8bzm7584NzQ/5KOvSHt1v+/OHcAp048ehXJx559IqzKn8t14kCzm2lFz++shE6ceKx4vnN9RU/OAfuK07hVyeB6sWff7eFTpx8xa9OOtVXFPgLxFdUdNJNvtIsnXjEuat8JbOK7Okv8ZXILpFLbsKaRMVagVo6BA1kjp5ohAt27qR/ZJDldIqZ1AoTp04xtH8fW8ZGMJcWuHDXZUQjUQwzj8wbTE/Nkl1LITHJZdYwc1mSA0n2bd9CKp0nlogTiwlmFpfoicWJx+Jomo6JRGogZQFRWQRC0pOeLx0/CMilKm476gQqvwO1HNdbbyUytkL+795H9okXif7qw0Sj2MTVLmbG7sOcuwV9268gcJ6kbHXIr/ws6cO3ErnxRvQ3/CHRm54l+7t3kHfY3rz318ht+iti+6yvCTDu+zWyRwIajFn9xQHdF92/xtYhXlo5y0/+6+/x/sf/lL8/8QCH5l/m1Oo0I/EBpClJ5TNctWkfV226cKOHGkYYzYn4YEWTYBaaEtMsZAq5cD9A+ZXAYpZQerzYVIhC02ebscl2zch6ucpc3Yw4bVeeHUKIU8h/+QJs/wBa5CHk109Z47Q7jjrjrsmi0AyWZ6cmsHo7p6bSbjuPONuN1zGr4F0DcJ1cVjfQcTfAwyvObvnzg3NDHIQT0O5wbshjTTnvOFfkZunEiUcnXhRxVj3vvOJcBnhttqnbcp0o4Nx0vbTKV4LSidO4621fB4dm+4ofnFX5C1QnxexGJwGed379uy104uQrLnGuu51t2WD13TH9lwt92+HRtb6iohMnHp1evzzg3FG+0mC8IrNcMd5eI2XdX/oDKcDUQKCBiBBJ9NHTN8Thpw/z7MGnuGzvPsYGB9ELg15ZWWFtaYkYeeI6CKyFNkuLi4xv2cqeC/agiTxmPkssGmVo0zDJZAIME2GabN+yhYHePjRAaAJTCMzCLJQQkuIEaiK/UnH8Wm7NFR4VPFTjnC58nH35Rbj4d9DH1jeXORDDV1vjuvJWtE32fKzHQXJPHYbttxC/9W2F3WxBe8OH6XnvryAefRBzbQTtde9CAOLKD6ONZZAnv9SocMPInzkL299I7MotwIVEXn1R6TC1t/0GkU1Pkvu/d5C+9zFkYnfFJzNrY5L8pz5E7oXDGA9+iMxDk77HVwrDadq2e+K8XIF6ZPEU73v8f/PSylnA+mGcG8Yu58Dgbr559iBrZpZN8X5+64p3oIvzdo45jPMgypsRTVv/wSjTLGS5vhIV1lecmmXNC8XHq5obajIFkwv4ii4ucr3jP/lLmA+ASH+kcFwOV36xyTjkdl0BgUNWWQGhgrMb/oRfnF3mUj1vOLvlzw/ODfmTDjpRxNstf22/UsiJR7868cijV5xV+Wu5ThRwbiu9+PGVjdCJE48Vz2+ur/jBOXBfcQq/OglUL/78uy104uQrfnXSqb6iwF8gvqKik27ylWbpxCPO3eQrSLOCP01bH68mrA/PS2HNfwhNINCI9w3QMzzMyvIimdUVNvf3s2PzGJn0KouLS0zPzSPzWXqigp5kklg8ikgOML2S5cDFe1nJSBYXVkmaEbRogmgkj2ma5HIZkj0xxscGMOIxskJgCgsLYZoIIS1MhURoEk2TpeNfx5uGPNryULz9lbvJXfBhoj//MJHcCYypZSisQM197T70d99Cz50Pw9oxzCV7Piq4+dovkon+EbFXf5DEdf/Vum/tLOYTdwPfInvfAeK33E7iztuxfkTqU2S+MglvaFy7XpifvZPc6IeJvusLRN6VwXzhGCa7IQ+i/xoiN/4o0Z8CyGAev5dcvd8BAeAxcp95zN+g7EIawddsszgvJ1D/6vg3ODT/EgDXjuznF/b/AN86e5DPvPg1cqZF+rsuuJkrhvdu5DDDCKMFYZlPadJUK2tOqGxSrK1rs4TC9oUsKXzsf/12KTt9F2qhjs3wanN1M9Lo8TrNpXUFU8Ijv1w6XsqPt3jbKRd2UJPL8UOhGSxvCu2aS9u6Nng65SJf1VnUyapNYSP+bHjyg3NNrlfHF85us3ec3WbnE7o+zqr8+cG5JTpx4tGurgeclXj0oxNF/lquEyWcm6wXD/xtqE6C0EtZneb7SvN14lovKjqx4bEVvuLfv9tAJ06+4hLnrvMVJf4C0Isdf2U8dq2vqODsmkfvOHeUrzTSx9oCYnhnib+B3DLFr7YUwtqnjkCXAomGIUAkehgYH2VoZBM78zlePnKU/RdeQHIwSSqbY255jSiSwb4k8UQvPYk+Hj78OC9MLfHStx/jqUMJrj9wIQcu2c/+y5OIiA4CTCNPJKIR0xOsSA00rbCqtTAWJAKJECYgGcgtlY5fAlpmpeK2E3/Zj95QB9/HyH38+8nZEXfkD0j/9h/YMUrmd++1vR/A/Mqvk/6Kw4OPfoj0ox+qvf+hO1h7qMG/772NVPluy28Pb0U+/SHWPvYYki3o7/zfxHOT5B4F49HbWHMebmvDCCdQuy5S+QyHF16mR49x2963cOueN/H3Jx7ky6ceLk2e7u4d58d2vQFRehUMI4zujGLTUVx56tjcyPUmpuRK5d+FWvY8GmVscqlu9QBp0HTcjfnHd683Hw5Z3rOb9ZfzuzE+ejdWryFts/k3uwq3Wb8fm4xDVm3Wq7NdU4n9873gHPhKIafm3WXzaL9SwS3OLnOpnjec3fLnB+eG/JXeTfnD2y1/bb9SyIlHvzrxyKNXnFX5a7lOFHBuK7149hU1/gLTiROPFc9vrq/4wTlwX3EKvzoJVC/+/LstdOLkK3510qm+osBfIL6iopNu8pVm6cQjzt3kK6RXKvjrl+myygJrfkMghLUnIQSmptEzvIl9B67gkksu4/TJV5g4dZLLNl9GJBIjk5MsLKcYWFoi2d9H1DQ4cuxFVlZXiBsSMdZPPNlPb2+fNTGby2HKHEYuQ86Q5HW9wHBh71KC0AqHX/zUo8lwPgV6Gc5Zl9+B6lcnnRBju9Bf+16it1jfb0vuLMajd5Pb6HFVhcylG2/U4XHeTaDOZ5fZlhjhPRfdwlWbLuQ3nvg0/zb1LPnCcuPxnmHuuv6XuXhw5waPNIwwWhAF86lYeSrLflCqIhdWlgJ2V3YpZMujLDOrWeEgWN+u/HGEvbcJm6zSpJSbaMVhWw94urJbngs76JgVENW8lfHnmH3gbMufDY9+cFblzzvObrN3nN1mx/Crl5pyba4TJx7t6nrAWXXFl2edKPLXcp0o4dxkvXjgb0N1EoReyuqEK1Ad+LPhsRW+4t+/20AnTr7iEueu8xUl/gLQix1/ZTx2ra+o4OyaR+84d5SvNMBZnzmOufe1pTqjmoFAsz7KL2ThT2ASASERFD7On0yy7cABWF7izPQkx15+kUuuvpREoodoNMbS6iJT03MkElF64lEu3TlOXzzJ1h07ufpVB7hg51Z6e6JIw8DIZTGMFLlMmqyZwNAjIPSyH98pfQEqSElxgnRAFFmzcNZTc6XjaKpOOiGO3EXmD+/a6FHUDYmEzNpGD6Ppcd59wWdCj/PrB36St+98PXc9/w88cO6Z0uRpMhLnt191G68ZvbTwwhVGGN0dxabDNC0zLV5hNQvNjWkWcqG7llTm0v3SukeW3UY45OrtyurVDtAm1zNFp2xz3I7Zw7hrcrE5LM/1mvXqbNdU2m0X4Hjr4eEV57rbl9UNdNwN8PCKs1v+/ODcEAfbd7kN8FbRS025NteJE49OvCjirHreecW5DPDabFO35TpRwLnpemkHX6kpF6y+6+HQbF/xg7Mqf4HqpJjd6CTA886vf7eFTpx8xSXOdbezLRusvjum/3Khbzs8utZXVHTixKPT65cHnDvKVxrhnJqHtcVSnZiusWn1TNkOJaIwiYqwkiY0pK4TGxohPjJG/9g2hjaPo2kR9IhOPBknY0im55eZmDjH8tIiu7aNcunebYz1RUnPTXHy2BFePnqUmZkZ8qaBaeQxTEFORDCFbn3/qrAmPa0JYWuiFKzbm1YmiBa+r1UiEbkUZJZc4eFbJ2EEE9k0SHOjR9H0OO9WoG6K9zMc7+Pbk0/z1PxL3LLjtVzQv40bRi/l6k0XMhTr2+ghhhFGC8P+4/t234Vqea4oXF0VhWcXss0VQeT6lcHyXNq+/H6adEXX4Yqj7RXd0nEq5MIOOmYFRAHnlq2AsOPPhkc/OKvy5x1nt9k7zm6zY/jVS025NteJE492dT3grMSjH50o8tdynSjh3GS9eOBvQ3UShF7K6jTfV5qvE9d6UdGJDY+t8BX//t0GOnHyFZc4d52vKPEXgF7s+CvjsWt9RQVn1zx6x7mjfMWFPrTFCWRisFRnLDvDEjvW64vC5KVY36eJTl4T6IkBNu3eh7EwTSzeQzSmE0vGkLEoSysZInOrjM+v0BOLIIwUQ8k+BpMxenuTxJJJ9HgMKSR5JFkiZIkDeuEYykJa3BZj89rU+m9lINBS865f73zrJIxAQqZXN3oILYnun0DNriLzWURiEIS14FZIkzdrcW4UQ8gTz2Ia30MMPYU2ehHy0lsQA9s2eNBhhNGaqJkslWU/KNWoySnPVndRk7G5v7gfKMsld6seIGqm6JRtjtsankLGJuOQVZv16lwH5+rn2+Feg28VzjW5Xh0hPOPslj9/OKvy5w1nt/z5wbkhf6Uu0R/ernXiC+cW6MSJR7868cijV5xV+Wu5ThRwbiu9NMtXasoFpBMnHiue31xf8YNz4L7iFH51Eqhe/Pl3W+jEyVf86qRTfUWBv0B8RUUn3eQrzdKJR5y7zVfE9HHklstKdbZoaV7JpzFjCayJTAFCUpzUlICQEomOoUUYGNvCqsyhRyPomkksHsHUIixnJcmeCKsZg5HREcBk65ZxtEicaKKX0W07ET1xMvlVDMMka0YxIj1I9AJqonS+URwHEj2fZkxmkJISztrKpGsefeskjGAik9roEbQkunQCVWKefhLjxX/FPPU9yKcRg9vR9t6Atv1qtM37IDGM2HoAKQRMHsY8+k2MZ/8J47n70C/7AfTLfhDRP77RBxJGGE0NIQqTpYVJVE0rW5GKzXegluxPILFuS7n+3agUjLh0pbZ4JVGU5+L+yu4v1KsdoE1WaVLKTbTquEHaZ6mQCzvomBUQBZxbtgLCjj8bHv3grMqfd5zdZu84u82O4VcvNeXaXCdOPNrV9YCz6oovzzpR5K/lOlHCucl68cDfhuokCL2U1Wm+rzRfJ671oqITGx5b4Sv+/bsNdOLkKy5x7jpfUeIvAL3Y8VfGY9f6igrOrnn0jnNH+YoLfWhLZzFzaUQ0AUhims6uxWO8Mvqqwk7LB4D1m8BSEAFMAbFEAm14AFMaRHVBLBoBTWPNkEwvrzIwN0c8EWd0+xb6BwfRE32IeD8iEcdAksubpLI5ciJBXo8jhYaOdDxZd80fIaoJCsNHmHm05SnXr3e+dRKG75D5LBjt9pNWzYnum0A18+Qf+wz5h+9GZpYh0oNIDCKXJzGOfQvRM4B+1a1Erv5p9ANvRz/wdshnMKePYb70APkn/prctz6C8dxXid70QbQ9ryuVllIyNzeHaRhsGhnBNE1eOn6cbDbLFa96VWm7pcVFTk9MsLK8QjKZYGxsnNGx0cKL33osLiyQy+VI9vaSSCSYnJzk7JkzGIbJlq1b2LFjR81zAHK5HGcmJphfWCCfyxONRYnFYkR0HSklmzZtYvPo6DokpsnExATzc3Ok0xkSiR527trF0NDQ+rEheWl5EpBsS46Q0OMV+8wYOc6szZI3Dfb0jXNmbZZ0PossvBoZ0iSmRdmWHKE30gPAdHqRl1bOctXwPuJ61JGyg3MvMtozyI7kqOM2YTQnyj++X1p5qpXdlrIwSWq5j0RifYy/7Hbx8apmBqeMTS4z8YpQNUWnXF1WyoJJK2RsMg5ZtVmvznZNJfbP94Jz4CuFnJoSl/z5w1mVP284u+XPD84N+St1if7wdq0TXzi3QCdOPPrViUceveKsyl/LdaKAc1vppVm+UlMuIJ048Vjx/Ob6ih+cA/cVp/Crk0D14s+/20InTr7iVyed6isK/AXiKyo66SZfaZZOPOLcbb5CPos4+STmvteXeNsmVzmdz2DGkmXHIEpJINGkBKFhCp3EwCBGTCdv5OnRdBLxGFJonJ1bJJ0zSESibB7dR6Kvl0iyFz0eR9Oy5DNZVtI5FjMxRP8QmohgCgCzcp9Yp7iez7A1vwyaVsJZm3ulhENL+q8wfIdcmtnoIbQsumwCVWI8/zVyD9xlrTpNDBG57mcRWw5YIps6gnHiUfKP/x/k7EvEfvTjIHSIxNG2Xo629XLE0A6y9/0O5pmnyX71t4jf9teI4V0A5PN5Pn33pzh18gT//Q//kINPPsn/+sj/pKenhy//0z8ihODkyZN85s/+nEPPPMPy8jJr6TRXXnklv/7B3+CCffsqRvv5z3+eg997kp95939A0zT+7FOf5qmDB8kbeS699DLe8wu/wJtuejO6rpeek8vl+OIXvsCX/uFLbNu2lUQiydEjR1hYXOSSSy4hlUrxtre9jR/7iR+nOPl6/ze+wV//1f9F0zTGx8eZmZlhbHyM//TzP8/Fl1xiHZtpcsfjn0BKyZ2v/kUuH9pTMdbTqRn+8/f+jPnsMn/7xt/hzsP38vT8cfYP7GB37zjPzL/EYm6Vm7ZcxS9f8sMMRnt5eOowf/Tc5/nz1/0alwzusmVsObfGex/5GLdf8nZ+dt+/C+xMCMNdlDcjNZOpsuzj/VVGW++K4HpdHFag2uRCndoB2mSVJqXcRKuOG6R9lgq5sIOOWQFRzZsNfzXZB862/Nnw6AdnVf684+w2e8fZbXYMv3qpKdfmOnHi0a6uB5xVV3x51okify3XiRLOTdaLB/42VCdB6KWsTrgC1YE/Gx5b4Sv+/bsNdOLkKy5x7jpfUeIvAL3Y8VfGY9f6igrOrnn0jnNH+YpLnehnDyF3XgWxJAJBTNPYuXCME6PXgNQKOxel2lb94t4FET2GzOWYmZnn5VdOk84ItEiCnJbh3EqeQ8fOYOhRLliD4c1pkn29aLrGasZkKqXRM7QDQ+9FINAwQUiQZfuyTjx2zL1AVNdKOGPkiMydKOHQkv4rDF8hM6uQXdvoYbQsumoC1TzxGNn7fseaPB3eTeyW/4625/XrG1x4E5HX/yLmicfJPXgX+Sf/lsi176qooR94O/GxS8j+3XuQC6fIfvnXiP/s5wGBpmk8/9xzfO+JJ/j8393Lv3zrm1xzzTWkM2mEEEycPs3H//hP+Kl3vIMP/d6H0TSNhx96iD/873/AB97/q9z5Rx9l/8UXl/Y1cfo037z/fnp6etAjOne8//1s3jzCkReO8Jv/5b/w/jvu4GOfuIvvu/lmAKSU/Nff/h0efvghPvGnf8rVV18NwNLSEr/83ttZWFjgU3/2aZLJJABrqTU+99nP8kd33sknPvmnvPFNbyIajSKl5Pc//GF++idv5c4//iNufutbiWo6RxdPY2KSN/O12EqTo0unmE4vEteiLOZWObY0wS9d/Hbesfct5EyDPz/2VX7/6Xt4buEE99z4W5xLz3NydYr/e/x+/uDq/4gmRE3dTx35CidWz3Fqdcov/WF4iOqP71dMplLW5MiyJgbrcSEEZvG2KQuTpZYZFlyw5v6WX9F1MEulK7rFjE3GIas269XZrqnE/vk45To4hytQ1XF2y58fnBvyV+oS/eHtWie+cG6BTpx49KsTjzx6xVmVv5brRAHnttJLs3ylplxAOnHiseL5zfUVPziHK1C7zFf86qRTfUWBv0B8RUUn3eQrzdKJR5y70leMHJw6iNxnzYUIYBerzKamSPVtoXiKUXpUFIZj/T8iJKSzrC2nefbYCSamlxDxftBjmEaeIytZzi4e4fipabZtH2V40xDJ/j6Sw6Mkx/eRl3GLVdMAbf1ALSytSK5MstNYqeBJn3sFzKwSj751EobnkEjk8txGD6OloW30AAILaZD/3j2QtX79K3rzb1dOnpZCoO1+DfGf+nPk/AnbUtrofiLX/xwgMCcOYp4+WHosErHmnI8eOcInPvlJPnLn/+Jjd90FQLK3l1//4G9w/WuuR9MsaG94wxv4qdvewbGjR/naV++r2E9vbx8A09PT/K+PfpQrr7qS7Tt28Jabv4+ff8/Pk81m+eY37i9t//zzz/Olf/gHrrnmGq666qrS/QMDA/z7t30/j4ZVg60AACAASURBVD36aMU+HnnkEe762Md480038X0330w0an2MXgjBL95+O5lMhr/6y78kk8kAoAut9FeDSdn9US1CsvAR/4gWKdync+PYFfRHEzw28zyGNJlIzZA18vzzme/ynXNP19Rczaf5zItftzBIL9pyEUZzo7wZMc11MypOlhZNq/zKK9hkYZOlQ67af3md2gHaZKemxGl7h+P2Mu6aXAcP11fOq7dzairttgtwvPXw8Ipz3e3L6gY67gZ4eMXZLX9+cG6Ig3AC2h3ODXmsKdfmOnHi0YkXRZxVzzuvOJcBXptt6rZcJwo4N10vHs47rzgHohOncdfbvg4OzfYVPzir8heoTorZjU4CPO/8+ndb6MTJV1ziXHc727LB6rtj+i8X+rbDo2t9RUUnTjw6vX55wLmjfEVhvJGzzyJWFyrwuGL5BfR8mtpZReu9nik0kBqxWIxcJsu56UWmF1LMr6SZnJlncmae5ZTBmpZkxYhzYnKBF46c4JWTZxDxAXpHdpIXMYxIDKmBFhEITUNUzS/o+TSXzx+pHHdujcjMi8rnnW+dhOE90iuQz270KFoaXTOBKhcmMCeeAkAMbkff98b6T4gmibzhfY4Pa3tfj0gOA2Ac/eb6/bqGYRj89G3vYHy88kemhoeH2bZ9e02tvXv2IqVkdna24v5YLAbAzW+9ueY5N9x4IwBnzpzBMAwATp86DcD4+HhNw7Nt+3aEEBw7dgywru7c/8//TDqd5vts6o+NjXHR/v288soJzp45Yx2b0Ep/1RHRNHShIxBoQpCIWBOoMW19EfN0eoG0keO1o5ehC42za3NENJ3p9AJ/dvSrmGVXnDJGjr8+fj950zq2mfQChjQJo7VRmjy1u7KOqLqyW7jKVMiUZ2mThUO2277GxIsDtMlOTYnT9g7HHeS47fCoWdng1MRXb+fUVNptF+B46+HhFee625fVDXTcDfDwirNb/vzg3BAH6QS0O5wb8lhTrs114sSjEy+KOKued15xLgO8NtvUbblOFHBuul7awVdqygWr73o4NNtX/OCsyl+gOilmNzoJ8Lzz699toRMnX3GJc93tbMsGq++O6b9c6NsOj671FRWdOPHo9PrlAeeO8hWF8WJk0Y8/iCx8ulQiiWqCK6Yesz0EKQQ5QzK7uEI8uYmFNZO5lQyZjMQwNExTYOQNUmtrLC8vsrg0TySqc/Gl+7nhDTewd+8FRKJRQCARIATl7+6FEKW/y6ceJ1KYciiONzL1fOXxuzzvfOskDG9h5JBLs42367LongnU5bPIlWkAtG2vAj3W8DmiZ9D5seQmSG4CwDxjrZ4UQpQmFy+86CJX48rn8zz//HNIKUurUosRiVqTj1u3bat53uhm6weVzMIEI0Bvby9gfQ9qdSwtLiKlLE3KplIpjhw5Uvr39554gkPPPMOzhw/z1MGneOzRR9E1jdWVFVZXrVW7utAwTJMjS6c5NP8yzy68Uvo7unianJmnOG9bnDgtrkp9au5F/uT5L7C3fwsfvurdAJxcneLK4QvY1TvGd849zbMLL5fGe2jhZT599B/56b03ATCXXSFznvxyW1uFKHzM3m7ylPUru0Xi7a4ISig8z/sV0qZd0XUqG/CV6I5ZAVFnvPXw8Ipz3e3L6gY67gZ4tN1KIadx19neMfzqpaZcm+vEiUcnXhRxbvkKCJf8tVwnCjg3XS/t4Cs15YLVdz0cmu0rfnBW5S9QnRSzG50EeN759e+20ImTr7jEue52tmWD1XfH9F8u9G2HR9f6iopOnHh0ev3ygHNH+YrieLX5k2gvPQoFnAH6dMFFk4/UHoIQrKymOPbSCbSeAVJmDytZQcaQmLLwHtHMo5s5YjLL1pE+brzhOt5442vZMr6ZaESgC6uWkCbFqc/y+Ush4KIz/0avqByvPnMMfWWq8vhdnne+dRKGekgTc34Syuaqzpfomu9AldkUFK6u1JsYdR1CK7wog1w6s353QbCRsh92Ko/FhQW+/e1v89yzz5HLZTENk6WlJYQQpY/QF6M4GVt9v7UfK+v6OkVXX3M123ds59ChwywtLTEwMACAYRg88J0HEELw5pveDMDa2hrptPVlvk8ffIqTJ06i6xqmKTELK1qvvPoqrr3uOoY3bSrtIyfzPDx1mJeWz1oTqtLAkCbzmWXSxvrybF1Yx/8/nvkcf/LcF1jNr/GTe97Mz1xwM2M9QwCcTc3y1m3XsjUxwkefvZe7j/wjn3zt+zGkyV8fvx9d6Lxn/y38xbH7WM2vkTLSJAsrW8NoTUhZ9cNR5d+JWmxSqpobilkKEIXb1uxpKZevaEUIKH8c+8laW3dzMkW3Vxodrjha+1fM2GQccr0VD9UZm+zUXNo8H6eMTcYh16tT3Zwo4OyWP384q/LnDWe3/PnBuSF/0kEnini71okvnFugEyce/erEI49ecVblr+U6UcC5rfTSLF+pKReQTpx4rHh+c33FD86B+4pT+NVJoHrx599toRMnX/Grk071FQX+AvEVFZ10k680Sycece5aXynU0ScOYvZtIr/lEus3LpCMixy9E//Ks1tehxGJg5Cks3lm5haZX0px6MVXGBseJbppM7lYnOxaFkwTXZpEhGS8P8Fl+3ayY8sIupBIM4cpNUx0pBAITIQEExBogImeT3Ng8hGSohJnbXmSyMyLzq9zDXj0rZMwlEIiYXHqvPvofjG6ZgK1PMonPD1HdtWalAUwan9UyS6+8qUv8yd//Mdc++pXc8f7f4Vdu3YhhODBBx7gn7/+9dLq0GKYhY+sWy8elVG8KxaLlVauJpNJ/vqee/jQ//e73PHL7+O2d95Gb28v3/nOdzh69Cif/PSnuObaawHQdR1NsyY57/jV97N7925Xx5DQ4/ynC9/GZUOV259aneZbkwdZyVuTsjkzj0Bwx6U/wl8c+xqnVqeR0mRz3Jq8XsyuMpNZZFtyMz+95808NvM8Xzr1MLdf/HZSRoZHpp/lP1/+U2zp2URcj7KSW2M5t1Z6fhitCSEKPxhVlmUxs96kaEVzkgIEhWanLIvajCzclhR+SKrsthCl/Uu5Xqd2gDZZpUkpN9Gq46ZwfDVZKuTCDmpyOX4oNIPlTaFdc2lbF/e5mrc6/JWyD5xt+bPh0Q/Oqvx5x9lt9o6z2+wYfvVSU67NdeLEo11dDzgr8ehHJ4r8tVwnSjg3WS8e+NtQnQShl7I6zfeV5uvEtV5UdGLDYyt8xb9/t4FOnHzFJc5d5ytK/AWgFzv+ynjsWl9Rwdk1j95x7ihf8agT7cUH0HqGYGhrCe8+TXDg3CO8OHgpi/ERzkzOMjk1i6bHuO9r3+SmG19NtH8YPdmPTOWQ2Qy6MOnv6+VVl1zARbu3IfIZsukUiUgfhmliIMiagpguERgYaAg0elem2LfwHElRiStrS0TOHraO2+PrnW+dhKEUcmUe0qsbPYwNi675CL+I94FureQ0Tx+E3JqvenJlCrlqfaeD6Olfv7/QZZR/nydYq0D/50c+AsCvfuAD7N69u/BiB7mcNQGrVa1aLa4EtWtc8oVJ21gsVqoDMDQ0xP79+9l/8X5mZ2c5/uJxbrzxRv7+i1/gLW95S2m7vr4+hoetlaAnT9j/WFZ1GNJEOry6SGTFOM3Ctj16jE9c/z7iepQ/P3ofj81Y311yOjWNKSWj8UG2Jzfzi/t/EFNKPv78F/n4c1/g6k0X8WO7biSuR9kcH2Q1n2bFJ2dhqIfdx/eLGVnW5BTIL54fJpW3S4+XZ+GQC48X/8rr1IS0yfVM0SlXl7Ubr8txV+RqHMrwqFnZUK9Zr852TaXddgGOtx4eXnGuu31Z3UDH3QAPrzi75c8Pzg1xsH2X2wBvFb3UlGtznTjx6MSLIs6q551XnMsAr802dVuuEwWcm64XD+edV5wD0YnTuOttXweHZvuKH5xV+QtUJ8XsRicBnnd+/bstdOLkKy5xrrudbdlg9d0x/ZcLfdvh0bW+oqITJx6dXr884NxRvuJRJ8LIoT//dViYQEqzhHufgAPzzzJ88nu8+NJpTpyYYGZmhsnJc3zhC19h4swMOVOgxRLE+gYY37mHK6+5jmuvvYYdW8cY6k8QjegIPcbSioEeHWByap7iqlMhDLZNHeTS+cMkhVnpA2uLRCeehMKnXL2ed751EobLkMiVWViZ3+iBbGh0zwRq/xZE3xgAMrNM/qnPQz7jsZrEOP4dyKet2iMXWPdKWVo1Wh2rq6vMzszQm0yS7E1WPbZSeMGvfE7xu0xzudrlz8XHNL2Sor/97Oc4+OSTfODXfo3b3vlO3v1zP8sb3/Qmenp6KraLRqPc9JbvIxqN8pUvf9mxQVpcWCg9ZmJiStP2x5zy0sCQBqaUmFKSMixsc6bBZUO7+Y0DtyKE4H8c+hwTqRlOrFrfYTIUs7639U3jr+LSwV3885nv8t3ZI7xj701ECytktyY2sWZkWMiu2I4xjOaFXVNpmhJsrwAXr4ja5NLJXXZbOmRsMlXioKJcZXZqSpy2dzhux+xh3HZ4uL5yXoNznebSZvugxlsPD684192+rG6g426Ah1ec3fLnB+eGOFSbiBu8VfRSU67NdeLEoxMvijirnndecS4DvDbb1G25ThRwbrpe2sFXasoFq+96ODTbV/zgrMpfoDopZjc6CfC88+vfbaETJ19xiXPd7WzLBqvvjum/XOjbDo+u9RUVnTjx6PT65QHnjvIVHzrRsikih/8Jbfo4kvVJ1KiucUUixfu2TXGxmGJudgYhTI4dO8Yzh54jZwiS/YPs3LuPN33fW/n3P/wjbL1gL/G+fnoS/URjCUwtjtQSSD3Js8+/xNxiis2zL3LtqQfZk58joomK8Wqrs8ROfReRW/N93vnWSRgNQ5oGcn4SubKw0UPZ8OieCdSBbWjjl5Zu5x/4GMaL/+qpllyaxHjuvtJtbcerS/828sVVo5UTkr29vQwMDnL27FlOnTxVuv/0qdN86YtfREpZ8+NPqZS14jKbrZ1ATa/Zr8Y8e/Ysx48f56/+8v/w0IMP8vhjj3HwySc5efIkhlH5Jb4/8mM/ytt/+Ie575++yv3f+EbN44eeeYa//Mxn1o/NNMmbJnlZ+2XARtn9edNgtTC5XLzvPRfdwm1738ITM0f51e9+khMr54hpUYZj1urdqBbh3Rf+e3KmwaWDu3nN5nWuxnqGyJkGZ9fOv19x2+gofleptaK68rtLy6/smqb9lcDiSuxiLr8iKIX6FdKasLuC6NSUOG1vVzbgK9EdswKiznjr4eEV57rbl9UNdNwN8Gi7lUJO466zvWP41UtNuTbXiROPTrwo4tzyFRAu+Wu5ThRwbrpe2sFXasoFq+96ODTbV/zgrMpfoDopZjc6CfC88+vfbaETJ19xiXPd7WzLBqvvjum/XOjbDo+u9RUVnTjx6PT65QHnjvIVnzoRRg79ua+jnXwKs/CVfEX8R/oSfOD1O/jIa6K8fWeeCzcnyJuSgcHNXHTJZbzujW/m8muvY3TnHnp3XkJsdBdGTx9mtI9UXqN3ZAt6fo2r9EmuOHU/F6QniWu1etEWThM99XjtylOP551vnYRRN6SRQ85OIDOpjR5KW0T3fAeqpqNf8aPWpKmZR6YXyd3/+4i+zf+PvXuPk6su7P//Pmdm9hayYTfJQjbZkJDIxmaFhBAqoUSRu0qg4BfiBTFUsAVra6m21q+o9Nevrcj3q1aw36IGLKUJX6UkViFySQFJLAkQMassTULI5gKby5KNyd5m5vz+OHPmnDNzzuzM7Mzs7fV8PDZnLuec+cznzNkz+87nInPWkrx3Yx0/rIH1t8s68rq739ZL7OcsS/G4HYJmhp6RSESf/tNP65/u/a4+d/vtunLFCvX39+vwoUO65kMf0q6du/TYT3+m1gULdPUf/qEk6fjv7BaXJ05kfxh7e+2Asr+vP32xkKSP3XCDXnnlFX3rm9/0rW8YhqZOnaprPnSt/vyzn1UkElFjY6O+9JUvS5L+8rN/oTPPOlO//+7zVF1dpZdfflnHenr0mT//rAzD0GAyoYhpqsaoCmxlm7ASiplRTY7V6kSiX/2JQU2O1ao31co3Zkb1qdYP6j/f+pW2HdmhfccP6eSqSar1TAp17ewL9I+//XetnHuhb7Ko2ZOaNDlWq6ODnJSVZkj+iaMyloYMJZUaA1VKfUmR774U/D+CluUu5W2xEbSUEXxtC/ofxFxfSnJdRL27NewnApdWAcvUC2QtC2kBEfalMOjLZeB+c9RrSD1nLY0cy2HUc+DxCziOw6nnQo9f8fWc77L4es53GWq450vW7kb5eRJ2HIP2W0Q9F3Qch3OeFHj8Kn6eFFTPZT5fijh+I3qelOJ88eyn/NeV8p8neZ8vhZwnAcexEteV4V+/R8F5EnZdybOex911paDjV4LzJej4eY7juL2uFFLPeR/H4ut5TF1XSnSeRF5/Xsbxw0rMWSqjdorvOMyZ1qAbp52sTyydrzcOdmvn8Yisaaep6qSYTjb7dGxAmlI/TZNjb8o0BmW9vU8nJwdVd/DXqrIG1faOkzz789RfMq7oW79VpGff6Pr+hRCWrONH7TFPQ3phT0SG5UT440G8XwOPf1mJX/0/97HqkxRpvVSx9/yFjPoZ4dsOHFdi92YNbviKrJ4D6YejSz6m2OVflSRZlqUDBw4oHo9rxowZisViWbs52NWlzZs260TvCbUuWKBFixbJMAx1d3fr0KFDmjVzlmrraiVJXW91aXBwQHWTJqmhocG3n97eXh06dEhVVVU65ZRT0o+vX7dOG5/eqOXvWa4zzzpLtTU16uvr14svbtV3771X+/bu01fuvFPXr7w+PfmUZLeEffXV3+rI4SOqqanRmWedqTlz5/qrz0ooYtjbGOkrgC1pWelfhIZht0KNmhElLSu9jWR36Y8YZnpSIsPw78tK//J2JVLjsGSui/Lr+tLkVBhqZS9TF1HTc9FOX8YM93KWdbE27aUMQ0Zq6XvcczUzDMl/dctQpouip1j5LwspTvpLwDC+rActA7YPLXAhJR6yAoqr56JevuB6LvT4FVfP+R6/4dVzvsdvePWd73EcXj2Pw/NkyONYXD0XevzG5Hkyms6XMXmeVOZ8GV49F3r8CqvnQo9fwfVc1HEc3u+liXSeZO22rOfLGLquFHKejKbzpajjN0bOk1FwvlTyPFG0SonmM5U8bYkUiRV2XhRwXYm8/YYiXf8tw4qX4Xwprp4Rzuo/LqvnsJQYHHrlcWbHX23O+fz4ClAlWT37NfDwLUq+9Vv3QTMic8a7FFlwucymBXaQWlUnJROy+o7JOrxTiVcfV3Lfy7KOvZXezGicq+rr/jk9BupIe3HrVv3V5z6vv/6bL+h9F13kC0gTiYSefuopfebTf6qVH/6wPv/Xf6Xa2toRLC3GgoNfsodYMFPhprN0/qfTH6q6XxnM1LXKTD3oPG547ltWar3UtU3KvubZLV0LvNYVeK0N3nGJvmTl2E8pvxTm/pJSpi9XzrLEXwqDj+NwvsQWdvxK+cdTaAuIIus5749d0fVc6PEb5edJQcex/H+MlP88cZYVPk9G0/lSxPErvp7zPX7Dr+/Rc10p/3mS98e1GPmcJyU8X8bFecJ1pTLfv7iuFF/PeR/H4f9eGhPXlTKdJ8mqOlmzz1Fixu/JMKOFH5+QpXl0nyIH/zs11ukYOk8mKCsxIPUcktU/cSf3HipAHT9d+FOM+mZVXfOPGvjxbUoe2iElE1IyoeS+bUru2yaZURm1U6SYHaCq/5isgePyN0s2ZLYsUdX7/27UhKeS9MiPH1F1dbUWn322LzyV7CEELrr4Yk2aNEl1k+oUiURGqJQYS9yLj/3lw9ed3/AvJUMy/P/TO9T/zHuXhunux1kmk0kZhpneX3gB81gqxzJzt5aVukgXsFTAUiHLQr+sZy4L+PKYWc8ysus5vVTIMtd+DKPoes7/O/dw6rnQ41dcPed7/IZTz0Mev/S3xOHVd97nybDquQLnSdhxHO55UuRxLLaeCz1+FT9PCqjnUXW+lOu6krW7Ep0nYcfRt315ryvDqeeSX1fCDPc8Ken5Mrzr96g4T8KuK8M9T8bqdaWA41eS60oh58l4uq6U6zwpsp7H7XWlgPPEHDgh67+fkbnnRSWmzpHZ2KJEw2kyIrHw4xWyNI+9KfN3XTKOH5YR75PKfF0Z9nky0cX7ZfWfsMc4Hegb6dKMeuMuQJUko3GuYu//X4o/+y0ldj0n31mTjMs6flhS+IRFxrR5il301zKmzS97WQtx/Pjx1C+WYAMDA4rH42pra1NVVVUFS4axzL7WpC6ehmepjKVlrydn/fR2Sq2n9Hrp9T1LZdxPP+7ZXxYjYFnIlxTvRdS7W8N+InBpFbBMvUDWMlVvvmWhXwqDvpQE7je4XgOX3uPmXRo5lsOo58DjF3Ach1PPhR6/4us532Xx9ZzvMtRwz5es3Y3y8yTsOAbtt4h6Lug4Duc8KfD4Vfw8Kaiey3y+FHH8RvQ8KcX54tlP+a8r5T9P8j5fCjlPAo5jJa4rw79+j4LzJOy6kmc9j7vrSkHHrwTnS9Dx8xzHcXtdKaSe8z6OxdfzmLqulOs8cZb9v1P0QLus/dtlRquUbGiRTpouq65BRlWNrEi1jLoGWYYps/93UnJAkWRCVm+PzHivjGNvyUzGPce1/NeVYZ8nE4GVtHOwZEJKJKREXErEZfUft28jb+MyQJUkc+YiVV33z0q0/0TxX/0/Jfe8MMQWhoyTpit6/q2Knv1hyRx9VfOe975HTz/1lLZu2arLLr/M91xvb6/+9s479c7f+z1detllIXsA/HyhaeZEUoa7TGZ82Ula7sVWsteTMfTSucp5/6fRu5/sAqqwi2LYMuB928UpYKmApUKWhX5Zz1wGfalU8Pah9a2ApUKWQx634uo53+M3vHou9PgVV8/5Hr/h1POQxy/9LXF49Z33eTKseq7AeRJ2HId7nhR5HIut50KPX8XPkwLqeVSdL+W6rmTtrkTnSdhx9G1f3uvKcOq55NeVMMM9T0p6vgzv+j0qzpOw68pwz5Oxel0p4PiV5LpSyHkynq4r5TpPiqzncXtdGe55Eh9Q5OAuWQd35j5ucufOkAwlUtsn05/jHMu8Ky7XfkLqGSiDcTcGapjkwdeUfO0JJQ/tlHVktzTYK0WrZEyZKWPafEXmXyjz1IVSZHS33Hz03/9d//rgg3rHGWdoyZJzVFtbowMHDuiXm3+pBe9coD+59VbV1dWNdDExRnQ5Y6Aa9tUmaGlZztio9pimUuqrg2GPgWrJPyZq+r7lHwPVsiTTzL7mSUZh17oCr7XBOy7m4lzYRX/YXwpzfEnx7zf/4hZabfaXrOHUc77HsRJfrtwvxcXVc77Hr/h6zvtjV3Q9F3r8Rvl5UtBxLLyeR9954iwrfJ6MpvOliONXfD3ne/yGX9+j57pS/vMk749rMfI5T0p4voyL84TrSmW+f3FdKb6e8z6Ow/+9NCauK+U6T8bwdaUs5wkmrAk3iVROyYSs/mNS79tSMi6ZEal6soya+lEfnDoSiYRee+01Pf+L57W3c48k6aTJk3XBBRfozLPOYuIoFOSt/3lSeoKorImkZEiG/T+KztinRmop2RdP57JoyL7qGamrn3NfqYusvI9nXM0Mw/Tcz1Cmi2IlvvSW58t69vaV+NJb2i/pQ7x8wfVc6PEr5R+12dtX4kvvcOs73+NYiS+9Y+o8GfI4FlfPhR6/MXmejKbzZUyeJ5U5X4ZXz4Uev8LqudDjV3A9F3UcyxGWjs/zJGu3ZT1fxtB1pZDzZDSdL0UdvzFynoyC82XMnicjdl0prp6BIASoAEK99T8nyzDsa41h2BdTQ27o6Q9V/S1NZbhfIcJaoBqpi5hzjaMFajm+1Jfpy5WzLPGXwuDjWIkvV/Zy1LUU8tRz3h+7ouu50OM3ys+Tgo5j+f8YKf954iwrfJ6MpvOliONXfD3ne/yGX9+j57pS/vMk749rMfI5T0p4voyL84TrSmW+f3FdKb6e8z6Ow/+9NCauK+U6T8bwdaUs5wkmrKECVDPnswDGNSt1NbH/Tf1PoTwXRc9Skj2WjW+71NIKWBohy6D1w65qVsAy10UxbJm527ByFFnuoPrIrL+cXz4yl7m+1GQelxKVN1d9FFvPOdf3fRcsYbmHqI9i6znf4zeceh6yHqwhvv0N93zJ2t0oP0/CjmPYcSmwngv93BVbz54Kz14G/u1U4fOkgHou+/kyGq4rWbsr7fmdqx7KfV0ZTj0XevxKep44y3zOkxJ+7oZ7/R4V50nYdSXPes65XuBuS3t+j5nvX3mc30H1MW6vK4WcJ2HHMez3VxH1PKauK+U6T/Ks59F4XRn2eQIUgAAVmMDci5yyL5ryL531A5dGwNIKWQatn9pPQAGzl2FfSsLWD9ptWDmKLHdQfWTWX+iX+Mz1wr6MBK1XwvLmqo9i6znn+p79lrTcQ9RHsfWc7/EbTj0PWQ9GWEXnV89DHses3Y3y8yTsOIYdlwLrudDPXbH17Knw7GXAfit+nhRQz2U/X0bDdSVrd6U9v3PVQ7mvK8Op50KPX0nPE2eZz3lSws/dcK/fo+I8Cbuu5FnPOdcL3G1pz+8x8/0rj/M7qD7G7XWlkPMk7DiG/f4qop7H1HWlXOdJnvU8Gq8rwz5PgALQhR+YwA4ePCjDMPL+kRR637ntXea6nesxAAAAAACAStm2/fWcz9MCFUDJ8P8xAAAAAABgvCFABZCXXOEowSkAAAAAABivCFABDCkoIC1VoEr4CgAAAAAARjMCVAChCDcBAAAAAMBER4AKTHCEpAAAAAAAAOEIUIEJLJ/wlIAVAAAAAABMZASoACS5QWnmMt/tAAAAAAAAxiMCVAAFh6bDfR0AAAAAAICxggAVQMEIQgEAAAAAwERBgAogSykDUsJWAAAAAAAwlhGgAgAAAAAAAEAIml5ZjwAAIABJREFUAlQAAAAAAAAACEGACgAAAAAAAAAhCFABAAAAAAAAIAQBKgAAAAAAAACEIEAFUBDLska6CAAAAAAAABVDgAoAAAAAAAAAIQhQAQAAAAAAACAEASoAAAAAAAAAhCBABQAAAAAAAIAQBKgAAAAAAAAAEIIAFQAAAAAAAABCEKACAAAAAAAAQAgCVAAAAAAAAAAIQYAKAAAAAAAAACEIUAEAAAAAAAAgBAEqAAAAAAAAAIQgQAUAAAAAAACAEASoAAAAAAAAABCCABUAAAAAAAAAQhCgAgAAAAAAAEAIAlQAAAAAAAAACEGACgAAAAAAAAAhCFABAAAAAAAAIAQBKgAAAAAAAACEIEAFAAAAAAAAgBAEqAAAAAAAAAAQggAVAAAAAAAAAEIQoAIAAAAAAABACAJUAAAAAAAAAAhBgAoAAAAAAAAAIQhQAQAAAAAAACAEASoAAAAAAAAAhIiOdAEAVEDfUen1/5J+s0F6u1N6/ZeSpCZJg7OWKFk/UwPzL1Ri9jmyqutHtqwAAAAAAACjiGFZljXShZCk57e0a9v2HerY0anevn5J0tSGerXOb9GVly7TtEZCHaAom74nPf1Nqa9nyFWt6snqW/Yn6l/yMRmGEfgjKfS+c9u7zHU712MAAAAAAACVsG376zmfH/EA9dCRHt2/5nF17OyUJNXWVKmluUmS9Nquven1Ll5+tq6/6sIRKSMwJnV3Sv96s/TmbwreNDG9VSf+8FuyTp5FgAoAAAAAAMa1UR2gdu7r0l33Pqzevn6dcfosrbhsmVrnt/jWeX5Lu9Zv2KQj3T1qaZ6uO27/+AiVFhhDDrRL378+r1anoWrqdXzlD5Q85Z0EqAAAAAAAYNwatQHqid5+3Xn3D3W4u0fXX/VeXbx8Sfq5J599Ub19A2ppnq5FbfN1ordfd927Vnv3H9RFF5ytlVfTEhUI1d0p3XPF8MJTR029jn/iR76WqBIBKgAAAAAAGD+GClDNCpUjy5PPvqjD3T0675yFvvBUktZv2KT1GzbpntXrdOfdP5Qkfe7W69XYUK+nnntJnfu6RqLIwNjwr58sTXgqSX09qn3kM6XZFwAAAAAAwBgU+cpXvvKVkXjhe1Y/qlg0oj+/5UOKxaK+55Yufqda57foaM9xvb7nTbW/+rouXr5EdbU12rZ9hwYGE1r8rvnDK0DvG3ruodX6/sP/rsc2PKGNz23X3miT5p3WqOrh7bkA2/XA5x9Q91nna+6kir0oxrNN35Ne/nFJd2kcPyTVTFZy5iJaoAIAAAAAgHHnza63cz4fzflsmXTu61Jv34AWLZynutrsuHJaY72mNdZrcdt83XXPWr22a686dnTq/KULdf+ax/VaasKp4nVp4z/9X21r/bS+dGOzYpI02KVtD39f39v4R/rshU3D3D8wAvqOSk9/syy7rvrFveo+/VJZ1fWSCFABAAAAAMDEMSIB6onefklSy8yhg8rbbrpaTz77YnrdM06fpdd27R1eAbratfVAq674bCo8laRYkxZ99AtaNLw9AyNn1y8L77p/zdPSSQ9KP/xB7vX6elS3/9camH+RJAJUAAAAAAAwcYxIgFqIutpqrbhsWWl3WlujWnVpT5fUFprhDmr/cw/ogcdeU3c8qpPOuEQ3fvRCnVYr6dhObVz7iDbuOqi+uBSd/m7d+Olr1ForqWuj7vrGHi28Tmp/pF3xP/hLfeH9Ddq/+SH960/adTAuRRvO0CUf+aguPM1+pe496/Wdb/5CezL3BRTitxsKW/+ap6Xpz0j/d4jwNKVq19PpABUAAAAAAGCiGNEA1WmJWohD3T2qraka3gtPPk/XXfFLffMbf6Otsxfqgne/W60LZ6u5Nt0eVYPbHtB3tjbr01/9pJpj0rFtD+g7D2/XX97Yppjiarjwj/WlT05WTIPa+cjX9PAT79YXVjSntm7XL7ddp09/9UY1xaTBbd/TNx+L6SNf+LoWTZYGj2zVL/bEpdMk6aC2tV+iz/2vr2uyerXtga9p7RNLdMeK04b3HjHxdBcwtEU6PP1q3ptEevYVUSgAAAAAAICxzRyJF3W642/bvqOg7Tr3delId49a57UMuwxNF35WX/3qp/XRsyZrzy8f1ne+/EX9zV2PqKNXko5p6y9eU+uF71dzKlOdvOgPdPrOX2mXJE1u1aJ5k1Pd/2Oad8Zp6u4+4tn7Ql3zyXPUFHP3dcaKj2jRZPvZWOM5utC5owa9+4pFsu/VatFZ8/S77mPDfn+YgHb/V37rFRGeSlL00GtFFAoAAAAAAGBsG5EWqHW11TrvnIXavLVdTz77oi5eviSv7dZv2CRJWvSud5SkHLHaZs27YIXmXbBCGjyirQ98U99/ZKG+/tEG9fVK7Q99Xp9/yLvFQi2UpN439NzDj2jjzoP6XV889ZT/PbgV26u+XilWE1OwqGr9d4HRqdDxVQEAAAAAAMaBEYvrZs+crs1bpfUbNqt1XkteE0o565y/dGHpCxRr1DnnzNPDvziiY2pWTa208ONf141t2at2PHKPNkY/rs9+qU2TY5K2PaDP/ypsx7WqqZUG+wYlhYWoQAU98j67FeqnvlxYK9TqyUOvAwAAAAAAMM6MSBf+NY9u1Np1/ylJ6u3r1133Pqwnn30pcF3vOKkrLlum2266evgF6PqZvvNPG7XzyKD72LGdWr+xQ7OXtGmyJmvRu89QxxM/035nlcEubdu6U4OSotEaqbZWNTFJg/u1cWNHjhez9/Xaxp9oZ6pn/uCxbXpuG930UWJzfj//dR95n3TwPXaImqf49NYiCgUAAAAAADC2VbQF6oneft27ep06dnaqsaFeKy5bprWPblRvX7/WrtuoJ599UYvfNV91tTWSpD37utSxo1OzZzbpL2+9rnQFabpEH3n3T/TQ9/9W+w/2KS4pWjNDrVd8Wp86LzUa6Tk36tO9D+iBL39e3XH7+bOuuVELJc1b8VG1fef7+uLn44qedIauPKdVOhj+crXnfFS3HftXPfS11L4aztAlHyGMQok1tOQ/DqrktkT9+E3SD38w5OqJ+pnDKBwAAAAAAMDYZFiWZVXihTr3deme1et0uLtHZ5w+S6s+fIXuvPuH6u3r1/VXvVd79h3U5q3tWdvV1lRpxWXL8h4nFZiwfrNBeujmsu3+2Ae/pYH5F0mSDMNI/3jvO7e9y1y3cz0GAAAAAABQCR27OnM+X5EWqJ37unTXvQ+rt69fF11wtlZefaHuumdt+r4Tjq68+kJ17uvybds6v6USRQTGvtPfbY9T2l+G4SGqJ2uw5ZzS7xcAAAAAAGCUK3uA6g1PP7Hycp2/dKHWPLpRr+3aq1nN07Xy6gvT69bVVhOYAsWqmSJd9FnpZ3eWfNfH3/0nSlbVi3aiAAAAAABgoin7JFLfWb3OF54+v6VdTz33kmprqvS5W68v98sDE8uyT0qnvrOku0xMb9WJsz5W0n0CAAAAAACMFWUPUI9096ileXo6PL1/zePp8LSutrrcLw9MPB/9nt2VvxSqJ+vt9/+f0uwLAAAAAABgDCr7JFJ33bNWr+3aq5bm6ercfzAdnrbMbCrnywIT24F26XvXDW881OrJOvKH31N8+oLQSaOYRAoAAAAAAIx1Q00iVfYWqCuvvlCzUuFpY0M94SlQCTMWSp9+vOju/PFpZ+jgdf+mwWmtJS4YAAAAAADA2FL2FqgARtim70lP/Z+8WqNaVSfp2Lmf0vEzP+prZUoLVAAAAAAAMF4N1QKVABWYCPqOSrt+Kf12g9TdKR34jdR/TFbVSRqY+g4l6meq97T3aLDlHCWr6kPDUwJUAAAAAAAw3hCgAgj1xu79OcNSAlQAAAAAADDejfgYqAAAAAAAAAAwVhGgAgAAAAAAAEAIAlQAAAAAAAAACEGACgAAAAAAAAAhCFABAAAAAAAAIAQBKgAAAAAAAACEIEAFAAAAAAAAgBAEqAAAAAAAAAAQggAVAAAAAAAAAEIQoAIAAAAAAABAiOhwd9Dd3V2KcgDwaGhoGOkiAAAAAAAAQCUIUAl6AAAAAAAAAIxXdOEHAAAAAAAAgBAEqAAAAAAAAAAQggAVAAAAAAAAAEIQoAIAAAAAAABACAJUAAAAAAAAAAhBgAoAAAAAAAAAIQhQAQAAAAAAACAEASoAAAAAAAAAhIiOdAEAoJIMQ4pETZmmIcNQ6scY6WIBo95bB9/WKdNPHuliAAAAACghy7JkWZJlScmkpUQ8Kcsa6VKNPgSoAMY9w5AiEVNmxFAkQlgKAAAAAIBkNyhy2hRFIoZiMVOJhKVkwlIiQZjqIEAFMK5FIoaiMbvFKQAAAAAAyC2SanwUSRqKDyaVSJCiEqACGJdM0/6fM5MWpwAAAAAAFMw0DVVVR5RMWBocTCqZnLhBasUC1I4dnXryuZe0bfuOvNZvaZ6ui5cv0bKlC8tcMgDjjf1L3mRsUwAAAAAAhsmMGKoyTQ30T9wQtSIB6vNb2nX/msclSY0N9ZrWUJ9z/RN9/ercf1Cr1zyujp2dWrXy8koUE8A4EI2ZisXMkS4GAAAAAADjhmEYqq6JaHAgqXg8OdLFqbiyB6gdOzp1/5rHNat5um5aeblaZjbltd2hIz26Z/Wj2rSlXVMb6rXismVlLimAsc5MDXgNAAAAAABKL1ZlKmnZk0xNJGVPGp589kVJKig8laRpjfX63K3Xq7amSk8++1K5igdgnDAMQ1VVkZEuBgJYlpXXDwAAAABg9Kuqiky4IfPKHqBua9+pWc3T0+Fp574urV23USd6+yXZ3ft/8vPNkqQTvf1aveZxvZwaJ7WutlqL2t6h3r5+de7rKndRAYxhVVWmJtjv71EhnyDUMIy8forZNwAAAACgsgzD/ht8IqnIu62rqU7fXr9hk5589iVt2rJdknT/mse1fsMmnei1Q9JNW9r15DMvptdf/K75qq2pUm1tTSWKCmAMMiOGzAjpaTmFBZn5BKHFyrVvglUAAAAAGDkT7e/wikwi5XX91e9T6/wWLVvaJkm6ddVVkuzWpq3zW3T9Ve9V67yW9PqL2+Zr8d/9adnKMzAQ1z9+/xFJ0p/+0TWqqspdJS++8poeXvef+uvPfEQNU04q6LVefOU1/dMDP9Ef33illpx5RtFlBuDHuKelFxSS5rNutkIvqOH78pYhrMVqrucBAAAAAKUTi5nqTyRGuhgVUfEAdVpjvS5eviR9f3HbfN/z3uckexKqqY1TNK2xvizleWPvm9qTGh7gjb1v6h2nzyrL60jSu955ur5+x6c0qY7WtECpRKOmTJOwrBScADJXYJodlhqSDN/wCf51im8d6m9xav9k7i9XqOp9PwAAAACA0jJNQ9GoqXg8OdJFKbuKB6hPPvui1m/YrNtWXaXW+S2665616u3r1x23f9y33vNb2rX20Y3q7bPHSm1pnq5bV11d0iDVsqRNW3+jcxa1SrJvz587q2zjKFbFoqoqsNUqgNwiUcKx4cgVmgaFpc467nNW6r67jmRkbTvU79XMlzIMIzAw9T7vbhccqmZ2+c98DAAAAAAwPJGooXh8pEtRfhUPUPfsO6jevn6dSAWjh7p71NvbpxO9/aqrtcdK7djRqfvXPK7amipdeel5OnSkR5u3tuve1Y9mBa3DsffAQe14fZ9u+dgHJEnff+gxHTz8tpqmnZxeZ3fnm/rev/5Mbx3s1oxTpvq63ncf/Z3+/tsPaeniBdq2fYe6DnVr0cL5uvKyZXrwR0/o9T0HNHPGdN36ias0feoU7XrjgP7phz/RH3/8SjWcPFl//+2HtGxpm17+9X9r/1uH1DStQZ/86Ps1p+XUkr1HYDwzDNH6tAj5h6Zuy1L7ccsXlFqWFRCMWhlLZ928SpZH2Z1wNTg0tVuqZnflJ0wFAAAAgNIzTSPwb7TxpuIB6k0fvlyXLD9bLTObJElfTgWiTngq2a1UJemO229Mtzid1livn/x8szp2dKp1fotK4YWXf6sZp0xV86nTJElN0xu0bfsOXfrecyRJR48d1/cfekyzZkzXn918rY72/E7ff+hnWft59b/36I9vXKHut4/pvgf/Qzt379dHr71Y06ZO0fcf+pkef/oF3fA/Lgkswy9fbNcffeT9mnxSnX7wb4/pZ0+9oE/d8EFFIozpCAyF86QwYcFhUGjqD0yNVHDp2yr1vLcLfbnKnfm6Yc/7g9OhwlSCVAAAAAAYPjMiJcZ5K9SKpw8nevvV2zfgu3+itz9rndqaal93fWdiqc79XSUpx9Ge43qlfZfOX7pQkYipSMTU+UsX6vkXtutoz3FJ0utvHFBvX7/+8P1/oOlTp2j+3Jn6wCXnZe3rvecv0qwZ0zR/7kw1nzpNv9d6ms4+8x2aPbNJ8+fM1L43D/nes9cHLjlP8+fO1CnTG9S2YK56jh3XwOA4/9QBJWKQnw7JO0u9t8WpfwZ7b0tU9zF/MGl5xiENey3/6znd+fPnru+Wb6jXc8vnPOYOIeANSI2M9xxcHwAAAACAwkyEnqEVb4G65tGN2ry1XZ9YebnOX7pQd979gHr7BvSt/+/T6VaoUxun6LVde32tTZ1WqU6QOlztHbt1oOuwvvODR32PG4b93LKlC/XWoW5FTFNVVbH087U1VVn7ynysaVpD+vbJU07SvjcPhZYjaH8A8kPLwXBDtzYNbmnq74JvtzA1DO+YpMHjjgZ15y82kMxs6ep02/fvN3vyqOAxU/1dSTJbptIqFQAAAACGZyL8/VTxALV1fos693elg9BlS9t0+MhRXxf+FZct07bt/61vfPdhtc5r0aEjR3W4u0eLFs5Ld/0fjoGBuDZvbdeKy87X+ee2+Z57/oXt2ry1Xeec1apTpjVoMB7X8RN9akhN/hTWkhRA5ZkT4Jd0oQoJTr2tNe3V3Raf3s3dYNI/7qk3sHTD2LBjMlSY6g1I/dtljqfjLav7XOb7ddZ1W6Z690OQCgAAAAClMRH+Nq94gHr+0oU6f+nC9P2VV1+Ytc60xnp97tbrtX7DJm1r36nGhnpddMHZWnHZspKU4Y29b6rr8FFdf/X8dDDqWNQ2X8/916/1xt43Nfe0GZpUV6v/+PlmXfvB5Tra8zv99InNJSkDgOGjC78rn+A0syu+E0R6W5p6g1I3lLR8+8oOLJ2xUL0BpfNcvoOJW6mye7vie1u+uq8ZHOg6z3vL7h2KwC1DdktVgyAVAAAAAIo0Ef5cqniA2rmvS9vad+qiC85WXW21Xt6+Q4eP9Oji5Wf71muZ2aTbbrq65K9vWdKmrb/RrBnTNKOpMev5GU2NmjVjmjZt/Y0+/j8u1R995Ap9/6HH9MWvfU9N0xq05KxWbXn51ZKXCwCKZYeIwcGp2+oyO3B0Q1PvNu46bvCZGaZ695MdUNr7cpbJvMPHZDJ73VwtT8MCUqfsQa1T/eGrfKFtZgtV7zKojgEAAAAAKmzqizHKsMo8a8bNt9+tM06fpc/ddr0k6a571uq1XXvTY6DefPvdkqT77r7dt13Hjs70OKi1tdVqndeiRW3zfRNLARieN3bvT0+kk++PpND7zm3vMtftXI/lo7au4v8HNKoEtY7MDk4l79im7qRR/tnrnRap2VeEzFA1uwyZr5/ZerNQYaFlUIjplMkbqHoDX/d5ZT3mtnqVvHUUFKR6389EDVLfOvi2Tpl+8kgXAwAAAMAo1HtibE+I3rGrM+fzFUkfevv607dXXn2hXt6+Q4vb5kuSbl11lQ4fOepb/wf/9rg2b233PbZt+w6t37BJ1199oW8IAACYaHKFe04Q6O/GbgW0xPQ+H/SYN4D1d6t31g0LSpPJzG78Q4ep3vfi3T6snP6Jo/ytZf2tU4Nbz2YOBxA85IA/SKVbPwAAAABMTGUPUBctnKdt7TvVua9LLTOb0j8OJ0h1rN+wSZu3tmtW83StuGyZFrfN16EjPerY2am1jz6t+9c8rtnN00symRQAjDVBrTJthi9wtNezcnY997cqDQtN3a7wmZM5JZNWRsjpbud0kfdOOjXU+3Jbktr7cSa5ckJgwzAyXlNZZfOX0Q1TneEKcpXHWx/OdkGTTdGtHwAAAAAmlrJPwXLx8iWSpHtWr1Pnvq6c657o7deTz76kxgZ7EiknXJ3WWK/zly7UbavsMVHXb9hU3kIDwChjB4xB4anhCQktTxjq3M5upensy3nOG7p613Nfx146LUMzu/77y+PuP+h+rp+wbf3l8Jchu0zZZXHem7ceMvfvryu3/pzxY+069gfITlhb5pFwAAAAAAAjrOwtUFvnt+gTKy/X/Wse153/+180taFe0xqn+NZZ1DZPFy9fos59Xert69fFy+0JpoL21dhQr23tO8tdbAAYNXK1OnWDPu8kS4Zn9np/q0s36zMywsnMQNH7XFL+7utGKrj0t1aVnFapwV37w1t+pm+l1jPSr+GfBMt5f95xSp3XSma1kM1skZrZ9T4s93Trzglfve8xvFs/rVEBAAAAYHyqyBio5y9dqGkN9Xry2Re1rX2nDnf3+J63LEsXL1+iqY1T1NhQr9Z5LTn39fL2HeUuMgCMCuGtTv3jg3q7nntblbrb+faa1XLUG7i6r6P0PtzA1DseaXaXf/+2mV3tc79Pd73gfbktQb2PJz3d891yeENSt+u+N+x035uznRsyuy173WDaWd/frd87aRohKgAAAACMT4ZF30Ngwnpj9/50K7p8fySF3ndue5e5bud6LB+1dRX5P6ARET5RlBtgZoaDwSGpf3zS4JDUGyL6W1xm7iPokpHZ0jMzBHX3k90KNezxoP3l/uy4wXLqGV/I7N3U/3mUpKB9+Nfx1nFQoOqti8zXGC/eOvi2Tpl+8kgXAwAAAMAo1HsiPtJFGJaOXZ05nx+/6QMAjFFhXfb93dazW50Gh55uN//M/bn33W2dMUX9XeW9+w6esClzTFXvRE+23N3mM8cWdcrh3U+uCa2cdZ1JppzX8g9rEFSfStelv8Wudz9DtUalSz8AAAAAjGcEqAAwioR12ZdnkijD8E8o5R8L1NkyqBVocKvQoPve8VOzxw71hq3+8Vi9Ezb5x10durODs74bnvoDY2dfmeFs0PvKDlGzW7sGBanue8nc1t8KN3PIAOd906UfAAAAAMYfAlQAGCVyhaf2faWDu/AxS62AYDQ4OPVOzjTUNlL2OKje8kiW5yczvM0vRPS2YrXfX9L3vD849ZchrMzu/rzbOSGnf7vMgNh+Pbe1r79s3mPhvH9CVAAAAAAYjwhQAWAUyG5RGtQC00oHevYq3gmdsveX/VjQc9ktVbO3yWyZ6Qaldpd5b4tNwxeE2pIaOkS1fOv4u+un9pLM7DKf+X78Y51mvo/sCaiCg1T7saAd+cNh51h4h0oI6tJPiFqoLj32D/+iR7qyn4nWNKjtsgu1avlc1VW+YOXz1hP60tdf0ZtNZ+rOv7pEM4LW+fVa3Xz/3qyHo5Pr1NK2RB+79FzNri97SVM69cy/vKAOTdKyqy5XW7308uq7de92adEnbtdt76pUOQAAAIDKIEAFgBGWT3gaNFFUrlanzva5xj6VLM+Yp9717Oec2/6A0QkRvY+7AWkymQwIKu39hYWI3vfhlN27L+/ressUHqT6y+19HdM05A+CJW9waxjyBcL+gNrfGtUpqxvy+sdndW4TohZv6uw5Or3Rudevzu0HtG3dI/rG4A2646KmkSzayKmp18IFjakAOa5DbxzQ65uf099u/pUu+sxHtPK0SfnvK5/gNtBRbd+2W9tUr5ZLpbaKBbcAAADAyCBABYAREtx1PGi806Au+949udsE7d8O9pK+dYOC0+z9uvvxl8EOTN2AM3uyp1zvdyiZ45t6X8N9TbsM/omjjIz9ZIeozjAEbpCaOZ5sdnns57ytYzPHWDV8xypoXNTMlqnIT8v7rtUt3taMPc/qzq9uUedzL2nXRZfr9BEr2Qiqn6Prb/CHnUdfXqsvPbhXT/3z42r7yrVqi5W7EG267e62cr8IAAAAMGoQoALACMgVntr3/eOL2t3FJW+LyOxZ6IO74zvhqWVJmeOKZrba9L5GZnCbGZh6t/e2uPTvN6wrfO7nglqxBrUwzSyTG6Zmt5T17tcJUu1w098K2CuoZbC/rIbvGOUaFzXs+KAA9Y2aKqnz2FEdTT00eORXenD1Rr2wP6G4IpraulC33HCJTq+VpO265/YN2qZZ+sTNk/T46g69Ga/XNV+8WVdM7tILP/oPPbitW71xZ3iA5frY8vmaktr30R1PaPWadrV3JyRJtc1z9LFVV+ncRvvr04Gn7tMdP+vRqe/7gK7seU6rt/YoLqm+9Uzdli5DXEffeEnrH31RW/afUG9cUrROCz/wQd22vEWlyDqnLL5KH9tyj+7r2K31W46qbVnqHQxmvMeGGVpxw1W64rRJ6S73kqSuV3TH7a9ImqVb775ebT2v64WfP6fHXz6oN/skKaKprWfr1lXLNTvmr9db775eiwNLdVQdT/1Uq39+QIdT73nu0mW65aqzNK3sAS8AAABQWuZIFwAAJqqw8NR+LrMrvdsq1bntf9zyrZNMOut6f/xhZHB46r+fTCYDQ8xkMpm+7+zfv1/D85qZP+m9+X7cIQeMjPfoL7/3tb3lch8Pfi/B7zu7nty6C6pbfz379+ef1Mp9j/7Wp4SoxerTnp9u1jZJmj3Dbn361kZ97e+e1KauSWpdNEdL2+o12PGKvvbPz6YDVtte3X9fhw5Fq3Xq7BlqifbphdX/ovu2divWPEtLF81RW1O/tq97Vlt67C0GX/2xvvTdV9R+bJIWLpqjpW0Niu3frfv+brUee8tfsjef/qlW75mkxYtmae5kqafjFX3zp6+nno2rY8Nz2tRVrdPb5mjpolmaW3tC7et+rAdfLVXd1Ki1rUGS9PrOA6nHuvTYt+33OGWe/bot8QN65Ntr9UyPNLV1jpa21qtWsocFWDRHSxfN1VRJ2rlZ928tlLdfAAAgAElEQVQ5othpc7R00Rwtmh3V4Y4t+saP8i/wnkcf0jd+dkBHG2do6aI5Wjovqs7NG/WTnaV6zwAAAEDl0AIVACosu6WmPzwderxMd/3gQM47Vml2t/rM9TMnZworsxvoZrcONQ1DhhmRaZqpVQy7lE4XfGfTjLeRvY4lGZYSiaSspH3bHULA2+LVW5agVrfuCxqGPdmV3W3ffT/eY+AfpzS4HvzHJHc3fP8xDG6JSlf+oW27/27dnPlgtEHXrFyuKZJe/tlL6lS1lt96s244zX76xJYf6s/WvKLH3liulae5m7W8/8O646Lm1L0uPdYtSbN0/Z9dr3NTjw72HJXq7eefXLdbvarTRbfenN7PiS0P6c/WHNAj617UxbcscXfevFR/f7tdJr3xuG7/drt6du7QAc3VDNXo3FV/pnNjnq9cqQmhXn55h1YtmF+CmpKmTJ4kqVuKx1OvsVGP7Jfqz7tGf/uhufZjvS/orv/5nNY/3am7r75Wt8yzx0DtzRwWYPF1undx1NM6NtXidPur6tACteZRnsPdJyTV6eJPfETXnpJ6sOeoTjBeKgAAAMYgAlQAqKB8w1N/61P/9pm33RafVsbjyaxg1HvbOw6qtyWld5uwoDISico0nE4MniDQbYzpxJdZLUK962avY0iWoYhpevpIpFqeWkklEgk5rVWdbvL28Ab+MgYFws77dYLUoBDVO3FVWKgaNJ6pt9u+3ZU/MyQlRC2GbxKp2notbJuvtnlzNSUmSV16s0uS+vXst+/WsxnbHu7x3puhi5Y3e+43adE59XrkZ3t13199V08uaNHiRQu1rG1uqvt+l3Z1SVKjWj0hbF3rLM3VAb2+/6A6Jbv1pqRTFy1Id/tXTUR1krwvf2L/Jq3+0Svq6Oq3u/Cn9Pb1FVYhORw9dty+EU0NL9Bll6Bn8yO6eXPGyt1HJbWE76y3U8+s2ajHdnSrx1vEvn6dyLM8befNUe323Xr8f39T7fNadMaCs/Se8+YXMFEVAAAAMHoQoAJAhRQWnjqP+bf33na7zdsTGAW1DvWvF5xkZgeNyawQNxqNyHACU6vSoZ/9eqYRkRmNSIbz3hKKx5OSJ7V1xiF13oO9XnbY6cgOOcMe85YnO3h11iFELa2sSaQCRdTS2qJTa/2Ptjb616nLGHdzxkU36962HXpm86+0fecOrX+wQ49EG3T9X9yki09R6fS8oHu+vUWvSTq1dY7aaiUd6dKWPflGkfnoU8f2bknS3Hn+iLK2eZbamjK+7s2bonBH9czqR7R2pxRtmqGlC6olHdeubQd1uIASxRZcq7u//Lpe3tKuLds79cy6dXpqXbWW3fxJrVpQU8CeAAAAgJFHgAoAFVB4eBrW0lTyTo6UPU5o0hfI+VuSesuTDHjMu39LpmkqEkmlTpYR1rO98lIBrqGoYjE7OI7HE6n35H8PUtCEVJYbBsupeycAdevOG8K62wUfI+/ruPsVIWpZNenUJkldCdUvvly3LJ3kPjUY11CzM53oOaq6U+br4qvn62JJenmtbn5wr57Z3qWLT2nS6U3Stq4j6nhDWux04e/Yq9clqXm6WiQdyqeY+zv1miS1Xqw7bjlLMdnDDJQyQD368jo92CGpZo5WLLXD0RlN9ZJ61Dt5vj52wxLVpdeOa9D5+ndKk06V9GbXEb0ppVqHHlDHTkmaoVV/8RGdG5Pd9b/AANUeDmGuzr1ors69SNJbT+ivv/6KNm3eoVUL2ob7lgEAAICKIkAFgDILnp1+6PDUmaTIv47T0tRu5ehtJerdn791avA+3fW9+zAUjUbtgNHS6AlNw1iGJEPRiCnDsJS0LMXjcWUH0EZ6cidv0OzmlplDDVhZty3LyHous7u/+zpOUBoWoooQtQQWv/9stWx/Se1r7tOXXm5RS600eKRL2/dM0aq/T4V/gV7V2n/4qV5Qg1oXTFGd4jq0c68kaWpjvaQaXXzVHD123249de99erOtUXXxo6lWnvW65qolQ+WzrnlztFC71d7xnL62eodO1dF0a9Gi9OzW2n/5cSoQjevQGwf0enfCHhv21qvU5hTsXRfqmuZ/0SMd/6nb/6FDi5urpfhxdbx6UC0rb9OfL66R1KK22dK2PXv14Lf+Q4eXt+j0ea1a1Cpt6TigB7+9VtuapEM7U8Fx3o7omftWa21XneYuaNK0qHRi/24dljS1IVfrVwAAAGB0ModeBQBQrKBgLLMr+VDhqbuOd/Z3OwR01s0cz9QZJ1TyziqfHea6gawUi8YUi8ZkyBz9wWkAyzJkyEy/j8xANGicV7denH34605y689+Pumry8zj6w2v3aA7+Jh7DTWJF0KccqG+8MWLtXx2tQ517NaWbbu1vatabVedO8RER/N15Yda1VLfo45tu7Vl2151DjZo0bXX6bbFdvfy2IJr9bd/cqYWTj6u9m27tWV7twab5+jmL67SFYV08Y8t0S2fOVMLJ/erc/tuvfzGJF1z1azi33Nfj10ep9zxas097wJ96Ys36YqZ3v8Xb9IVn7lBN583XVOOHLDXf/WIpixYqivmOes16j2rPqDlzRGd2NOhtQ++qqP1NTr3hmt0TWudBvfv1ZbtRzTlA2drUUGFbNTSq5ZqUVNCndvtsrYfqdPcCz6gL1ydY+xVAAAAYJQyLP5iAyasN3bvT7eAy/dHUuh957Z3met2rsfyUVs3+hvRh8327nbBT6/p2SaolagT6tld//1Bnf95t0u6t+t/9tiodmtJQ7FoVJZGURf9EnFagg7GB31d+70fN2+rUO9n1w09Ld/n29mvfT/4eWcf/oeM9LbOsc9seTraW6G+dfBtnTL95JEuBgAAAIBRqPdEfOiVRrGOXZ05nx/96QMAjFFB4566wWVmS8XMVpD+/fjD0+yJkIJbsCp9OzOglaRYLCpZZtZYqOOF/b4MRSNVkiwNDA546t3whcwBW2fsx99NX3Im7soea9Xexruesz937FrvZ4Gu/AAAAAAwuo2aAPXQkR5J0rTG+hEuCQAMX/ikUW4IGhRqhoWndvDmhKeW5znvzO/+7YPHXpUiZlSRSKTkwalhSIZpyDQMGaZkGoZkuMFiZi7oe8+WlLQsWUmny7xV4vIZqq6qVjwRVyKRUNgEUEGBqhOUJpOWZxzVzCA8OER1W7O661iWkd6nG6wSogIAAADAaDXiAWrHjk6tXvO4DnfbAerUhnqtWnm5WuczRhaAsSk8PJXcMTH9rUTddf333SDRmTTKyljXP5lU5lia/q7rVqo1ZuaEScUxTUNmxFAktSyUkxE6dWUqex/JhKVE0lIikVRqyNeiWZYbHg8ODnhLkno+qFLs+nVue8NO76RRmSFq9tioqVcyvN34rcD9EqICAAAAwOgyogFq574u3bN6nRa1zdcly8+WJD3x7Eu6Z/U63XH7x2mNCmBc8I516m2VGJTX+cdJ9bZydEPYzBaoUlJuKGoFBqgRMyLTHP6v/EjEUCRqKlJEYFoMM2KHs7GYPedhImEpEU8qkRhGAmwZikWrlUwmFE/E5W2NGjSZk13/bhDuDzitVItSKbM7f1DXfm83fm9I6h8PFwAAAAAwmpgj+eJPPPuSWpqn66YPX66WmU1qmdlk326ervUbNo1k0QCgKLkmjZLcCYqCtvPezh7zNLj7vrf1oneWeW9AG4vFhhWeRqKGqqsjqq2Lqqo6UrHwNLAsEUNVqbJUV0cUiRZfFtOMqCpW5XvMP3astwWw/1i4z4cfC3ef3gPuHh/3c+L/rEjBQS4AAAAAYGRUrAXqid5+PfXcSzp05Kha57Vo2dKFOnzkaGBX/db5LerYYc9+9fyWdr22s1PTGqfoogvOVl1tdaWKDAAFKXTSKHdMVPm2yRwrNbPbflhglxm6maYUjVR5uqAXJhYzFY2N6P+z5WRGDFVFIlKVFB9ManCwmD7+hqqrqjQwOOAZq9TzbFZLUrc1sLclqvc4u8c0qCu/dxxV79iwTCoFAAAAAKNVRQLUE739uvPuH8qSNLt5ulaveVx79nVpauOU9ORRXp2p59Y8ulGbtmxX67wW/WJHp55/YbvuuP3jww5Re/sG9K37fqydu/enHzMMQ3Nnn6obr79MzadMVffR3+nvv/2QrrvqvVpy5hl68ZXX9OP/eFZ/8cfXZQ0tYFnSj/7jGe3cvV9/dvO1qq2pynxJABOQd2xM7xiZkjtDvPtc+hlfi9Vc4WnQuJvOOnaX/UhR4eloD06DRFNlLiZItSxDsViVEom4Egl328wA0w1Sc4eo7jHxvoblCUrDJpWiKz8AAAAAjEYV+Qt505btsiR9+faP67abrtYnVl6up557SecvXajNW9v15LMvpdd98tkXta19p85fulBPPfeSVn34Ct1209X68u0fl5XaV6lc+t5z9PU7PqWv3/Ep/d0X/kgNUybru/ev19FjxwPXP3j4qDZvbc96/K2DR/RfL/22ZOUCMPbk6rqfGZ75u4j7b/sD0qHCU++27k80GlUkEpUCJmXKJRo1VVsXHXPhqVc0lnoP0QLfg2UoGokpFnP/XzGzXt3HpVytg73Hx79O5m3JnYTK+1mhKz8AAAAAjCYVa4E6qbY63XJ0WoPdgrNlZpM+sfJyrX30aa1dt1GSVFtTpU+svFxTG6dIkupq7G3qUtuf6O0vWblqqqvUMOWk9P0PXnqevvnPP9KevV2a1Tw9cJvNW9t13jkL061QLUt67r9+raM9xzUtVWYAE0/urvvuuKeZLQzDu2gbsqykZ8zU8PDUu4xGozIUKagVo2na44qOp57isSpT0aip/oG4rDwbpFqWZCiiWEwaHIx7utpnThwlua2H3SEX3ImhzPR2mUM0eI+1u3+ltw/ryg8AAAAAGDkVCVAXt83XT36+WT/5+Wa1zmvR2nUbNat5uupqqzW7ebo+9qFLdfDw25Kk6VNP1oymBk1rrNes5ulau26jVl79PnXs7NTe/Qd126qry1bOWDQiSUokEoHPN586VZIdol556XmSpIOH39av2nfqHafPUjJZzPh7AMa6oGAsrOt+agtlBmve1qjOdm7rQ2f9pLxdxDPD01gsJlmFtbx0gsbxyDClmpqo4vGkBgfy//1sKKKqKkODg4PpxzJDVPeYW7I7c/iPmf0ZcI9VNn93f/s1wrvyMxYqAAAAAIycigSoLTObdOuqq7Tm0Y1av2GTFi2cp+uvfp++ce/D6tjZGbhN67wW3fThK7Tm35/WXfeuVWNDvW5ddVXW+KOlEk8k9MsXfyPTNNV86rTAdWprqvXeZYv00yd/mW6F+tx/vaIZTY1qnjEtPfEVgIkjbOIoZ5xLJ0gL6gLu5040ldnVO7WVZ9/ZM7xXVVXJSuYfsJmmoerqSKG9/MekaNRUJGJqoD+hZDLPprmWqaqYPblU+qHA8VC9gbbkHlcjffwzKzmoS77d0tR53tkPE0oBAAAAwGhQsS78e/cf1B+c25Z+7N7Vj8qSdMdf3KCWmU2+9Tv3dekHax7X6n97TIvf9Q4teMdsSdLe/QfVOq9l2JNIOdZv2KT1Gzal79fV1mjVysvUNO1kdR/9XeA27zxjtn754m+0eWu7fv/sd+rlX+/QjdddqlcJTwFIcrtz+7vaB00OFDSmqTeYs8M+/zr+8VWdlqeFhafRqKlY1fhsdRrGMKTqmogGB5KKx/NrjepMLjWYEaLa+8scm9Q95qaZ2YXfDVWdiacyy2av778f3noVAAAAAFBJZQ9QO/d16a57H1ZtbXV67NMTfXag+pd/cl1WeCrZLVZXXLZM965ep9oaNyw91N2jJ555UZ+7NXi7Ql363nN08fIlkqRoJKKTJtUOOQZgVSymiy44Ww+v/0/tf/OQmk+dptNPayZABSag8Imj7OAzO2Rzu+7nmhgo8zlvd/HMfcaiUcnKPzytqo4oEpm4rRhjVaZM09DAQPBQLVksQ5FIVIlE3P9wxnio7n3/8QlqMerf1h+yusfXacFKK1QAAAAAGGllD1DXb9ik1nmzdNtN7tilHTs69Y3vPpxzO2fyqBWXLVPr/Jb04/f84FGt37DJt79iZU4ila93njFbp05vUHvHbv35LR9SJDKxWnIBCBI2cZQbqGV28c4ey1S+9fwTT2V33Y9EopIieZewuiYi0yR8i0QNVZsR9fflF6KaRkQypXgi7pkoKjMczz6+ppk7TM3c3p0wLHtCqYnkrYNvj3QRAAAAgHHllOknj3QRxryyB6jb2nfq1lVXlWx/y85t072r15Vsf8WIRiK67qoLdfDw2zpt1ikjWhYAIyO49akUPHFU0KRR3nWdGd29EwjZk0Zld/G370ciETvYy1NNbXTIFvYTiWkaqqmJqq8vPvTKkkwzooisrEkG3UBVckNxbxd+pUJrb5hq+IJYW3YY6zzlXXcitELlyx0AAACA0aYiY6DW1ZRmzNJS72s4pk+doulTp4x0MQCMCt6Wgu4M7N7ALLO1qX/29ezb/saJ3oDVDtEiZjRrTNXAkhlSdQ3haRDDtIPl/r54XnUZjURlWUnfRFSZXfezA1V/GJraKuP1nAmjUuXyTCg1UVuhAgAAAMBoUpEAdbSpranSX//ph3Ou0zDlJP3Dl25J319y5hlacuYZoetfeel5uvLS80pWRgCjV76tT70TR2UHdIYsK+l7PGwdf2tDS7FoFeFpiTh11NcXH3LOJsuSYtGY+gcGPCFp1h4967tjmXonn8oMQzNbm3pbJhuG97M0cVqhAgAAAMBowuCdADAs/haC7tiVmWNihrUuzRzf1J2Iyl3fM2lULJbq3j80wtP8GIZUU5Pf/ydalqGqqpiyu9xbWT/eCcMyj6UbrPtbJLufG1qhAgAAAMBoUfYWqLU1Vdq0td3XUqZz/8H0MqwFTdg6m7a2q7amqowlBoDcCmt9mj3ZkLOt08I0+/HMde39RiKmZOX3/141hKcFsVui5jmxlGUqGokqnkj4Whln1ndwK9Hg1qPFtEIFAAAAAFSGYQX9tV5Cz29p19pHn1Zv30BJ9ldbU6Xrr36fzl+6sCT7AyayN3bvT4cx+f5ICr3v3PYuc93O9Vg+ausqPwpJZvd9m3eM08xWhUZW60N3DE0rfdudWEq+dZ3Wi4Zh5N11v7omkpq4CIVKJiz19w8dohqGNDA44Pk8WIHngbOuc9+ZUMq9nXnOeFsz+1uhuuG8P8CvlLcOvs0ETwAAAAAC9Z7Ib4Le0apjV2fO58uePpy/dCFhJ4BxxztplDvBky2o9anbtdu7D+++3O0yx0aVpGg0lld4GqsyCU+HwYwYilWZGhxI5lzPsqRoNKrBwYGMx91w3DBM3+NOa2Un80wmLZmm4XnO8oSp9j68x9wdHoLxTwEAAACgkhgDFQDylBlceWdat5fesU+zebcNavyfTPpDVud2JBKR8hj3NBIxFI3ya324olFTkcjQ9W3IVCQSSR9zb+tj53b48A1hvGOkGukf57PmzU2d0BUAAAAAUF78pQ0ABXLHL3UnDHJaDHoDrvCu+951/OsGvJpMIzJkmQxDqqoeej3kp6o6ktcYshHT25Ejd5jpH97B5h3CwVnH3Zf944x96p2ciuAUAAAAACqHABUA8pTd+tTbrdq7lNyWhOEtEO3wLDgIczaLRmPKZ/b16jxnkUf+8qtTQ7FYLCM496/hHfPWXcfKWj977Fz5lv7PnHObrvwAAAAAMFy5hsIzTYMAFQDykRmEumOgegMttwVqZoiWfd8fpgWFaIZhKJ9f07EqM6/WkiiMYUix2ND17xwjt9t9dnieORZuLs7TTqtm97a9/+DPIgAAAACgWFWxWM7nCFABoADe4NQJPjNbE2Z23ffnW1ZGS8PwsDUaGboFpGGIcU/LKBrLL5y2Wwq7LYrzC9Cz1/cHrem1Az5rdOMHAAAAgFKZenJ9zuf4qxsA8hDefV9yx0OVvK0PnVnX7ftJSVbgOKiOzNan+Yyywrin5ZdPHRsyZRhmzlaomTLHO7Usd2Io+/g7oamzz6DPHt34AQAAAGC4TppUq1mnTlNtdZVMw5RpmKqtrtKsU6fppEm1YtA8ABiCG2i5952QzJngx1m6jxu+QNXezr/PzPvedfJpfRqNmjnHaUFpmKahSNRQIp67xWcsGtXA4ED6vh2IZofp7ucjcxgIS5ZlZIWo/qUU1o2fIBUAAAAAijeprlaT6moDn6MFKgDkyRt4ua0DMyf88bY89AZnTlDmhmCePftu59X61LDHPkVlVFXl09LXVNBEYtm3Mz8LSrc+9Q7xEPTZ8ofydOMHAAAAgErgr28AGEJQ933Ps1ljmnoF5VtBXbftx+3ALBIZOqzLZ3IjlFY+gXU0GlVQwOkGn8FjpGY+lj1Orje8T+2dbvwAAAAAUBH8BQ4ABQjqdu3Olm4ErOuEpO5PZpDmhF/prtp5/Gpm4qjKy6fOTcPbCtXyHdvs4Dz7M+EEp/6WylbGZ02i9SkAAAAAVA5/gQNADv6Qykg/5gZfYd33lbVd9r6z7zsBXC5RWp+OmKHr3pBpGqmxT5XRuji45amznVfubvyW5zOWOTYvAAAAAKDU+CscAPLgTBQlOS1PDQWNY5oZuAaFpM6PM1mQd2xL06T7/miWT92bZjQ9gVTmEA1OS1TvZ8DhHSvXu372+KmG77NIcAoAAAAA5cVf4QCQQ/bYkt7u+5LbHd/bDd9pjervqu2s7wZrQZMM5f61HIkw1uVIG+oYmIbTUtl5xD3O7uRi9uPh3fiNdMDuBqZO935nb5ljovLZAAAAAIByIEAFgBCZLfuyW/oFTRbkBGSGr0VhZrjl7Mo71qVpRgImqfJj7NORFxnyGBiKRMx0N/7Mz0Dmx8j7GXBbpVq+z1RQGOs8l+s+AAAAAGD4oiNdAAAYG7yhVnZw6oRlhmEomfROFJU5E7uR7pqdTCY9j1uK5NF936QF6ojLpxWwaUaUSCQ9LU3drvimaXqGcJAyW5Y6nxPTNLIed1ulyvMcnwkAAAAAKCeaMgHAEIIDK//4p/5xLrPDUmc9b7dtd4Z2Z+e5y0Hr09FjqGNhTwbmbWnsLN1xb92QXb4Wy874qf7gPXwcVHsdWp4CAAAAQLnw1zgA5MEbVnnHP81uAegNTa2sVoVhXbQNw5Cs3AlqJEpLw9FiqGPhnSDKnjAqfIgHf8hqecJT/+fKG6oGfx4BAAAAAOUwol34T/T26yc/36TnX2hXb1+/JKm2plrnn7tQV166THW11SNZPAATnH+GdCfQcieDsh9XxjqS223f8LQ2dVun2l38jdTtpCRD0cjQv46dLt0Yefkci4hpKp6IpycWk7yhqpXahyX/ZFGZIbs/iHUnk/KOm+ptIc1nBAAAAABKbUQD1DWPbtTmre2a1TxddTV2WHqir19PPvuSjp/o100fvnwkiwcAPt7Wg9mPe8endAPTocY/9YZnueQz7iYqy4wYSibCu86bkYiUSKTuBY2DaskwzHQw6gTsTnjqBKqSp5WyR1BrVAAAAABA6Y1ogOqEp1++/eO+x7969w+1eWs7ASqAEeMPrLwtT+VrXSq5E0jZz0neFqiZLU+zw1Z57oeXh8mjRp+ImTtANeRvOZo5DqrN8kwWZbdU9U4w5W4jz778nx3n1RxBYSsAAAAAoHgjOgbqooXztOKyZVmPr7hsmRYtnDcCJQKAcPlOIOV2788c59QbhHnHxMwdnv7/7N17fFT1nT/+1zkzyWQCJBBIhEBQIQKagNxCl6BYNAriBaq24AUrbtEWd9t+1/rtdtu6u3b7q13LPrbdr9SW3WLFFbDVCt5A8AYSWrkKSTUQEAhECBBI0CQzmTnn98fJmfP5nHPmkslMEuD1fDx8zMy5fM7nnBn1wYv35/MBOHy/N4oXasuLPym279wKVcXt9t9LZxaSIiIiIiIiovRQdC7dS3TROnyoHoqidOofAFE/m+/F11jvY21LhD87fUX0ZhWffe5Te1gqLxAE6LoW2W9uM+Y8jRaUGffv9WTE7E8675WS19oSirk/FA5C07RIdalYhWr/d0VV5f3Gq+rYJu+PbIE4n2o6KlBPnDyLS/L7p7xdIiIiIiI6/8X7s9H5rlv/RF53rAG7qw8kde74kpEoGlqQ4h4REcUnDtE337uvlC4O7bcP8RcXkII0D6rH44l5fVaf9l6KCnRk5u77FRXiwmO6bsx/CjgXkjK2icP3rblQLbpLeCr/RomIiIiIiCi1uiVAbWkNYOnyNag5UJd0G2vXV2L0yCIsXjgH2X5fl/rT2hbEL5e9hJLRl+G2m6Z2qS0iuliI86A6kyq3+VDN7fZh2WaIarUZOyDlMO3eS1UUhF1+DyaPqiIcWUgKEIN1VVVslc72KlPj1b2iVPzd8AdCRERERESUTmkPUFtaA/jF0tWoqz+J8SUjMX7sFRg0IKdTbZw604zde/djd/UB/GLpanxv8bwuh6hERLGIgZWz0jRylGMxH3HuSmufW/glVLPGC1BZgdprKaoCxFhIClJlqT0Mdwag1ly5zqH4sYbm2xckIyIiIiIiotRJe4C6cdMO1NWfxG03TXVdMCoRowFMKyvB71auw9bt1di4aUfSbRERpYMxJF9eGEqsIJSrUBVb4BV7+LXKQKzXivfVRNstBqTmqxV8ivs4hQMREREREVFPS3uAumVbNfxZmSkJPOfPnYGt26tRua06rQFqKBzGW+9ux1vvb0dLawBXXzUC995Vgf45fXHi5Bn84dX38fG+w2gPhXD58CF4eMGtyMnpg6XL18Dr9eLhBbfC4zHmuHvp9U04dOQ4/v5v70DtoWNY+ad3cOJkIwoGDcA9d9yAq0Zdmrb7IKLUMQJPZ8rpDD/lsMs8Txy6L6/GrjjOcVxDTbrblGbxw01xmoZYVaW6MO8p4Pa7sIe19hCeiIiIiIiI0iPtfyxvPNOMokJr8adTjc041djsOO6pp1fjF0tfjNlWtt+HUSOG4fQZ5/mp9N6Wj7Bh0z9PtuoAACAASURBVA7c/9Wb8OQPvwGfLxMvvPwOwmENX7S04bKiS/Avjz2An3z/QXhUFS+9vhke1YPJV4/GwcP1ONXYBABo/rwFu6sOYOrkEpw4dQb/88IbGHfVCDz5w0WYNaMMK/6wAQ2nzqb1XogoHRRHxag59Fr87DjLJeSSh/pHuRrTsV4r3vQLkeMU+TchzpkbLxh1ThNhXJmIiIiIiIi6R7fXNS1f+SZ+sXS1Y3tdfQOOHDvhek5NrbX4VNHQAgwrzE9b/wKBduzcux9TJ1+FieOuQN6AHMy6fgpOnT6LpubPMeLSIbj1xqnIH5iLS/IH4MpRl+L0mWa0BYIoGX0ZsnyZ+Kj6AADg08OfQVUUlIy+DHs/PojcnL6YfcOXkDcgB1MmXomCQf1xqO542u6FiLqD4hqM2d9HOxdgQHpe6/RXF/uE2L8l/k6IiIiIiIh6QtqH8Ntl+33Yd9CoQh2UZy0m9fijX3c9vqa2Dr/49Yt4YP4sTCsrwfy5M9Lav7ZgEGebPseGg0ex4f0dke3+rEycbf4CbcF2rH7lXRw51oDPv2gFAIy8rBAAkJvTBxPGFmPn3v2YNqUUW7ZVY8Rlhcjp1wcnTp5B3bEGfPfHT0vXK758aFrvh4i6yhyCbb6Pc3SU+UytqkHNeXwCPaDznzMn1wGokQWm4h/vOCLOZyIiIiIiIkqFbg9Qx4+9ArurD+DZVeuweOEcZPt9ACCFqacam5Ht9+F0YxM2bt4JANi6rRrDC/MxMC8XLa0B6fhUysrMRP/cvhh31QjMnFEW2a4qCrKyMvHbFa/h3Bet+O5DdyKnXx9s3LQDBw7VR46bMn4MPtz5Cf6y82McPnoC37jnZigKcEn+AAwfWoBv3DsbWVk+63q+zLTcBxElz221c/dg1Jq3Uh6KHy8SdTQTG3OxXiteyGn+JNx+U3HOhPjFW4tNAfYfBAuYiYiIiIiI0qvbA9RpZSWoqa3D1u3VeGLJc5gwthjZ/iz4s3woLytBtt+HJ5b8HuYfEFvbAgCAmgN1eOI/VsDfET7+6qd/1+W+tAWCONP0eeSzqijo0ycLE8degQ2bduDKK4Zj+LBL0HzuC9TU1mHGNROQ5ctEhteDLF8mTjc2YeeefcjN6Rtpo3DwIFxaNBivvLkFlw4rwKXDBgMAxl45Au9VfoRtu2twzZRShDUdu6r2Y0LpFfBnMUQlulBZladiFWsnA1a6CCiulaidD167dh4RERERERE5dXuACgAP3j0Lg/JysHHTDmzctDOyvagwH6OLizBv7vV4dtU6AMD3vvU1jC4uQt2xBjy1dDVa2wJ4YP6slPTjrfe24633tkc++7My8d2H7sKXp12NYLAdy1etwxctbeif0xc3XjcJigLcecu1+M2K1/Djn/8Olw4bjNHFw3G8oTHShsejYlpZCfb+9SCmTi5BZqY3cm8PzJuJlX96B69t2IoMrxcTx43ClAljUnIvRNS7mJWC7otJuW+ni40z4GToSURERERE1Psoepr/FL/o0SUYNWIYHntknuv+umMNaGkNINvvQ9HQAum88SUj8ciDcyPbfrdyHbZur8bj/7BAOpaIknP4UD0URenUPwCifjbfi6+x3sfalgh/dnr+Dkis3jP+C6kL761jzCH85mfzP6fWK6Bp9m26cLzRdobXmtbDTbruk1KjtSUUc3+wvQ2A+TtXIlWmbv/eqKr5GVH+/UJHG+K/U5F3kffpqEA9cfIsLsnvn9I2iYiIiIjowhDvz0Xnu275U7k5DN9NrCD09Jlm+XNjEwDA789KTceIiNIk1l9NsfqUDPI8pwCH3hMREREREfVGarovML5kJOrqT6LuWEPC5zz19GoAQF39Saxe8y72HTiKV9/ain0HjwJAZHg/EVFvZi36IwamDE8vJHGz8ISzUB1uuWmyYSpDWCIiIiIiotRJe4BaMX0SAODp5Ws6FaJOnVyCYYX52LhpJ55auhpr11diWGE+pk4uYfUWEaWVW/jk/p8dRZrP1Dqvc+GVEue/xOY0ANT7JPr/o84HmtEqUxP9bRIREREREVGqpH0OVADYsq06UjU6cEAOBuXluh53201TMbq4SNq2cdMOrF7zHqZOLsGDd6dm8SgiMnAO1PjMeUrFuVDti0Npmia8F+c4dZ/3VJwjVdd1+Hw+6FYTDpk+DzweVhT2RuGwjmAgHHW/ogKBQFtH0G7+u9Kxr+O927879jlRjfdW0m7st36PYpvpwjlQiYiIiIgoGs6BmgLTykowaEAONm7agd3VBxxzm5qGVeU7AtTRI4uQNyAH08pKuqOrREQ28f6OSXdUobq9j9m27pwLUzoqzn7qOfH/DtK+AFns7zL2Xzzwd0BERERERNQTuqUClYh6J1agxidWi9rDVLk6Va4+NV/FSlRxKL61XUFmRmbMYdgZGSq8GWmfcYWS0N6uIdQeo3xY0REMBmBO92AG7uJv3qwydfv3St4PiNWmwkVYgUpERERERD3qQq9A5Z/IiYgSYA+3TM7gU4cYtJrzVprDt+1tGgFsjAAOnAO1N9PjfDdy9bDu+hswfkP235b8OzLaktuO9pskIiIiIiKi1GKASkSUAsYiP8Z7KxjVYV9gym1YvxZnIAAD1N4r3ncTbb+1KJT127B+L+K+xBeqIiIiIiIiovRggEpE5EIMraJX+CVaUajb/jGvYbyKi1C594UhWm9kLgoWSzhsLDBl/hTk452/i0Qqlt2Ix/K3QkRERERElFoMUImIEiKGUtHncY02zNp8b63EboVh8Ybwu7VLPS+x78T+3VpzoIohaazpIdwDfPtwfyIiIiIiIkoXBqhERHGIQZn53q1C0Ai1zKH8uq3qUA7MrCHc4gJB0XEYf++jhWN/J9Z3ah5nBqdWtan427DOsX5D9rDeOsf9d0lERERERESpxwCViCgJVpAlJlfikH4lMvTeGYpBOscMXmMJxwnrqPvF+06sofRmUO787sXfhjUlgDg3qvz7cg/uIRxPREREREREqcYAlYgoBnluScC5OroiVY/aAzD78H37sGwzJAvHmQdVC+uc27IX0XU9blVwWAvDqiB1WzQKMYbx24f4A3AM248/BysRERERERF1HQNUIiIXcjWf7rLPPkTfDMAAsbLQDD2tuU/NMFWXzg2HQ3H7xLCs90hg2trId2r/nZjTN1i/BWu72xQQ4rnWPnu1aSKLnhEREREREVEyGKASESXIbaEfczsgD9k2K1HlCkI9Ep6abYmVhfFyLw7j7z3ifRfu859avyFrDlwrKDXnxBWrmMX5Up3XcP89EhERERERUWoxQCUiikIcMi/ORykP04ftGOdCUvbFgsy2rPaNodhanBLTcEjjMP5eQNd1hEKxS1D1jhJV+1y5VpWp8zfhtoCUGJBabxWhGlmuRuXvg4iIiIiIKPUYoBIRJcA9l4q+kFSs1dWNkEueH1VRAE2LPYxf1xMbOk7plch3EAqHYIWj9jlvzQpUwDkVhByyC1eVgnupP8xMiYiIiIiI0ooBKhFRHJ1ZSMoMT+1D9s3jzODUbR5ULc5CUgDiVj5S+iXyHZgLTEWf/9SsVlak7VbI3rkFpDiUn4iIiIiIKH0YoBIRJcSai9IKwJwLSZmVhVZAJp4DiFWobvOgQokzjD+sc5h2D9J1Pe78p8bwfXERKLf5TxE5Rp7L1PpN2AN2MZSXz+HvgYiIiIiIKJ0YoBIRRWGv6nNW+VkVgrGGaAPOuSmt4NWaBxUA2tvb4/YrFGJg1lMSefbtoXbY5ykFxAWh5OPF30CsKR4MsX+TrEQlIiIiIiJKPQaoREQxOKs95apA+zyo4iJB9iH79lXW5bDLqiaMl4GF2rmYVE/QdR2h9tjD98XQ3C30dPsN2If0R1tkzBruH+mRo39ERERERESUet6evHhLawCV26pRua0KdfUnAQBFhfkoLytFeVkJsv2+nuweEVGEtTAUpMDUCsfMIf2KS0WheZ4cjmqaLg3D1nWlY4h4GKrqidmfUEhHRgarDbtTItWnYS0MANI8pvL8uDpUVRGO0YVKU8D4XYnVzAAc858Cuq5I1yAiIiIiIqL06bEAte5YA55a+iIAHeVlpbhtZjkAoKa2DmvXb8Ha9ZV4bPHXUDS0oKe6SERkY82DGtmiy3Oaiq8GBYAmBakm+zaz2VA4hMx4AWq7Bq/XXsVK6ZJI9SkAhEIhmBWmxtQOxnY5JHW9ApyVqohUo8qvgBnYuweuRERERERElEo9MoTfDE/HlxbjyR89hPlzZ6ClNYCW1gDmz52BJ3/0EMaXFuOppS+i7lhDT3SRiAhAtDkmxWH8ijC82j7PqRh2OYdqG8eIiwVZQ791JBDWtXPIdndJ5FnrCMMMNc2FwcTvVh7SH2v4vtyq+BsTh+8zMCUiIiIiIuoePRKgrnrlXRQV5uPBu2dFhulXfliFyg+rAADZfh8evHsWigrzsXrNez3RRSKiCHFuSec0k/aqQJlbxuUM0sztVjuJLSalQYuzIjx1nabpCIXiB9rBoLF4lDyfrVh5Kgfndu55qFyJKhJ/i5z/lIiIiIiIKH26PUA91diMfQeP4vaOIfux3D6zHDUH6nCqsbkbekZEFJscYikdQ7TNodWAHJiZiwVZ+wB5xXWhZdt7c1qAREK7MMOzNNJ1HcFAOP5xCAu/AXOr2yJhxjFm2+ZnqxJZgXP4vnmMIgSx1jYiIiIiIiJKr24PUHdX7Yc/KxOji4sc+1rbAth34Gjkn9HFRfBnZWJ31f7u7iYRUUQyw/iNMMycn9K96jD2HJkK2kPxq1B1HQizCjVtwiHdperYSa4+lb9L8bu1Qnd5gSmxGlkO2RMbvs8glYiIiIiIKH26fRGpltYAigrdF4aqqz+Jp5aujnxetuRRFBUWoKU1kLLrt7YF8ctlL+HAoXrX/Xn9++G7D38Vv1+9DgDwnUV3wp+VmbLrE9H5SVwtPfowfh26bi32Yy0wBZihmqpa50tznurWKu1iFaqmh6Aqsf9T3R7UoKpKZHV3Sg1N09GewMJRmhaWqkQTWdhJDE8VRe14lX9n4vQOYphqX3xMPoeIiIiIiIhSrdsD1Gy/D3X1Jx3bzYWk7OrqG1A+pTRl18/yZeKRhXMRChtDMv/3pY1oav4Cf3vPzfD5MqGqCvpmZ+ORhXMjxxMRmayQEzACLrFK0Jrr0gy1rCH8cjhqnm+f19JswwxdQ6EwMjPi/6c6GAjDl+VhkJYiiQ7dB4D2ULttHlxxGH/H1hjzm4r7o1WnypWq5kJV/K6JiIiIiIi6Q7cHqONLr8DqNe+hprZOGsZfNNRZlVpTW4fWtiBGj3QO90+WogD9+vojnzMzvPB4VOTm9JUqTcVjiIjchkxbK6xHtjqqSq3j7Z/FY83qVfcq1FA4CK8n9l/m6LpRiZrp8yR/kxQRDGqJDd1vD8atPhWH7YtznJqiha3m78F6b11HnPeWQSoREREREVF6dXuAOigvB6NGDMPqNe/i8Ufvj3nsqjXvYtSIYRiUl9NNvbP8dsVrAICHFtyKV9/aio+qD2BYYT7+suNjZGZm4IF5N+H0mWasWVeJUCiM22eWY9b1U6AoQFsgiD++tglbt1VD03RMm1KKu26bzmpWovOc2zB+4zXakH1ruz3w0nUdqqpA04zz7cTAVdN0wKsDeuygLBw2Vov3ert9eusLSiikQUtgXlkd4jy3luh5pjhs33mQXMXqDEx1XXEE8Ry+T0RERERElH498qfshXffjFONTXh6+RrXYfstrQE8vXwNTjc2YeHdN/dAD52O1p/E0MGD8NMfPIirRg3HM8+9itpD9Xj80ftx+8xybNi0HceOn4KuA398dROqP/kU/+fhu/Avj30d9cdP4fWNf+7pWyCiFBEXkTKGWrst9GMfjh17jtLoIZgRmgWDwYT61h7UEA7Hn7eT3IXDOtqDiT2/9vYgzCphc5oGN+6VqAbzNyH+Vkzib8r8DZm/PYamRERERERE3afbK1ABowr1scXz8P+Wr8E//tsyTJtSEllYqq6+AVs+rIbf78Nji+f1SPWpm8Ihg1BeVoI+2VmYPH40/rrvMG6+fgryB+Zi7FUj8Nb723HiZCP69fGjuuZT3HLjVBRfPhQAcPMNX8Kbb/8FrW0B+LN8PXwnRJQsq8pUnu/SYA3dB9wWmlKg61Yw56xYNcI0s6LVbfh2e6gdGd6MuP0MBjT4srioVGdp4c7Me2qEpyIxRDXDUrecUw5J3cNQefEos11zkbLY5xIREREREVFq9UiAChhznv7zo/ejclsVdu2txcZNOwEAo0YMw+0zp6K8rBTZ/t4TNmZmeKGqVsFuli8TOf36AAD6ZGdFFnlpOvcFWtuC+P3q9fj96vWR4/P690NboJ0BKtEFwrmYlPFO1yFsdy4kpSgdQ/IhB27GEG2zbRVmcCZeQ9c16AhDQfx5TgNtxqJSDFETo2k6AgmGp7oeFuapBcQg3V5JaobfYhWqyb361FqUzL6QFBePIiIiIiIi6hk9FqACQLbfh4rpk1AxfVJPdiOlcvv1gT8rE3NmTcP40uLIdlVV0K9Pdg/2jIhSIf5iUroQpsYLuqyqVHEhKeecqMKCUqEQMjLUuPOhAkAwEIYvyxtjTk4CjO8t0cpTKDqCwXbbcHznPKjmNmcVavzfhFh9as57ysWjiIiIiIiIek63BagbN+1AzYGjaHWZ8zQRfr8Po0cWoWL6xBT3LLVy+vVByejL8X7lR7h02CUY0L8fTjQ04uTpJlzzpbE93T0iSgFz6LQ19ylgBF9W9aB7Far8ag/FrKpF96Hh5vb29iAyM3xxV4nXdaCtNcRK1Bg0TUegLdHwFAgGA45AOlqQ6Ra2i8FqtH3Rqk/laR1YiUpERERERNRd0r6IVEtrAE8seQ5r11fCn+WDrus42diEUSOHYdTIYfBnZaLmQF3kc82BOvizMiOfTzY2Qdd1+LN8WLt+C55Y8pzrwlO9haIAd902HcUjhmLJr1/E93/yG6z44wb4fPHnLSSi85EuhF9yFWq0hYXsiwnJYawVzrotLGRew5iDMzGBtnBCq8pfbLRwJ8JTmItGAcZ36haAOhd7ErfJ++XzzHat340uBOTyb4yIiIiIiIi6l6LbS51SbNUr72JXVS3++dH7ke33Ye36StTU1uGxR+YBAOqONeCJ/1iBRxbOAQA8vXwNHv+HBSgaaiwq9dTTqzG6uAi3zyxHS2sA/7rkOUwoLcb8uTPS2W2ii8LhQ/VS4JPIP4A9JHIGROJrrPextiXCn91zs5CIFYDWsHs5SJX/86pL28TFoqxtuut+eZ9ViaqqKryexP9yJtOnwuNJ+9+bnRfCYQ3BgBb/wA6hcDAydy0gD9+Xf/+AOAzf+e+J235jm9i2c+5TcZ7dnqk+PXHyLC7J79/t1yUiIiIiot6vtSXU011Iq7T/SXpXVS1unD4x6oJQZlD69PI1eHr5GmmbXbbfhxunT8Tuqtr0dJaIKCnxqlCtOTKjBcj2wE0+zr5AEToWo9IQ1hL/n1QwoCEUSjw0vFCF2jsXnoa1kC08BezfiVgd6vwLhnh/cWDNccvqUyIiIiIiot4n7QFq45lmFBW6B6IAcKqxGQAwb86XMW/Ol6VtbooKC3D6TPT9RETdwT53qTwXqhmOif/I58Ya6i1WtMYK44wQNQxN78Qw9KCGQCCMNA8+6JV03Riy396eeHiqI4xw2Hi+VsAZK/SW5yt1q1R1BuSA/FuRq1I59ykREREREVHP6vGxnKcbmwAAFdMnoWL6JGkbEdH5w16FqkeqCc3gTa5EtA8HF4dwy3NlmllntHlRw+EQFDXxQNSc+1O/iIpRda1jLlgt8eekKDqCwXaY36G13TmVhRFyRpvjNHpFsfjbsK6jC1XMrD4lIiIiIiLqad0ygWBd/cnIHx5Pn2lGa1sA+w4cBQBUbq+GP8sX+ezP8qFye3Xk+Na2AE6faY7sr6s/2R1dJiKKy6xCtUI0M+gSg0+rctA+z6W9ClRszzrHWqHdnC/V7dxgMAiv1wsFnoT6rutAW1sIGRkqvBk9/ndpadXeriHUiapTAND0MNqD7TGH31vflVwVGq9C1L5wlPhqVZua37n8e2D1KRERERERUfdL+yJSix5dkpZ2ly15NC3tEl1MuIhU1zkDT3EIt3mMvKCU/B4QKw7NY+2LSYntiCGq/T/hHo8HqtK556IoQEamBx7PhRXOhcM62oNhdPb/cpoeQigUhj0YBcRpFsQh+ZG9LsP6ndvFtuR2jffWb0cOZ3s6QOUiUkREREREFM2FvohU2gNUIuq9GKCmhluVoFsAah1vnWcdJx9vP0acF9V5jty+qnrgUTv/bDxeBZmZiVWw9nbBQBjhcOf/9xYKt0PTjGpV+8/S/TduzlVr//cAsBYOcw77dwtn7UFrb6s+ZYBKRERERETRXOgB6oU9bpOIqBvYgy37glLRFpMSz7fmyjTPc04JYFYk2q9rv344HEYoHOz0fYRDOlpbQp1aZKm3aW/X0NoSSio8bQ8FIuGpnfuztsJTcaoG8buMvWiU+eq+cJTb9YmIiIiIiKj7MUAlIkoB+3yl4ryl4iJEiQdj8hBxt+Hg4vlylS+gaTqC7QEkswBRqCOEbA9qnR7+3hN0HWgPGn3u7FynAABFR7C9TarkTeQZyyGpXF3qepkoQbsSZeEo+1y4RERERERE1DN6x/hXIqLznNuCUuIQb3uQ2nEWrPlSrWONbeZCVLqjPWOfLgRw9mDOCtyC7UFkZmQgmb8vC4U0hEIaVI8Cr0eFx9u7qiDDIR2hsAYtiWpTi4ZAIChVf5qiVfjaw1O3Y933WdewmjS/T+vY3jZ0n4iIiIiI6GLHAJWIKE3kofxGUNaxR3i1glLrWEj7Y4Wo5n7nMWYfdATbg/B6vfCo3qQqSrWwjmA4DAQBj0eBx6v22IJT4bCOcEhLaoi+SFGM+U7DYU2qGpXDTmcwbp/zVD7HXiXsbFee+9QerOrnRcUvERERERHRxYYBKhFRikSrQjUXgbKG8VvBmRiYyfOemkGdVZUqhqlmiOq2SrtzKLqCUCiMsKIhw5uBaHOxJiIc1hEOhwEAqqpA9SjwdLymgxbWjWtqGvSUTc2qI9jeDl3XYIWY7oubJRKeuoem7gtFmfOjGu87eqMDiuIMwFl9SkRERERE1DswQCUiSqHYQ/nFkBOwVyjK86iaVakKACPoEytOo4WoVj/Q0Ya1zahGDcDj8cDj8QJ618I5TdOhaTrMtRYVBVBUBaqiQFEBVVEAKWyUzzf7pus6oAOarkPXzNc0VGMqOsKhEMKaBnkxLqlXtrlOEwtPxapg8bs3jxM6Ebmm9Tvh0H0iIiIiIqLejAEqEVGaOatMgXgLDTlDVLkiVQ5mVaE9efi+WwgXDmsIh4PIyPBCgadL9ybSdUAP69CSWLgq3XRoaA+2w6oOlVe9j75olDlvrQoxXLWHp/KCUtGrWs02rHlvO7b2vkdGREREREREHTq/qggREcXkrD40QzvALbgT59u0t+M+RFw81qpiNYNVgy6FecYxckoXCoUQCgehI2Vj43sdHRraQwG0twcBuIWa1nORq03F8No8zvnsxe9Gft6QjhW/Z2s6B/k7ZPUpERERERFR78QKVCKiNEhkPlRxUSkrL7PPYSoHePYKVHMeVXkezVjtQGjPHIYfhKKoyPB6ceH8vZqGYLtYcWqRA2knRVGF46xjnUP7rTA0XnhqtiNe36pGZXhKRERERETUmzFAJSJKE3vgJs9dKi4iJc6Fanx2Cz/NikgxRLX261Jb9tDOZJzj3nawPQhFUeD1egF4urDUVE/RoUNDKBSyVY9GC5AVx3dkPjv7s3QLT83vIlp4Km8S5z7lolFERERERETnEwaoRERpJIZi0UJU4zh7NWrsENXtOFVVpXPs4amzLeN69m1GABmCqqrwerwdqV8XHkJa6dB1HWEtDE0Ld2wzq37N+xKnOYg2N2lkb8cx5j+qI6i2jkskPJWrUMWKVQamRERERERE5wcGqEREaeQWlFmBnPVZHHofL0S12rEPCReviY5KVSezSesagFwBa9A0DUHNmDtUVVV4PB6jD3oPh34d9xUKhaBpGsSFoaTDIh+tRZ7s+8Vt9iH71nbFsc+qQFUcIblbeCpOuQDAFnSz+pSIiIiIiKg3Y4BKRJRmbvOhysP2lYRCVCt0s0I8Y05VJfLebM8MDY123aso5SBXsbUvTzOg6xra27VIG16vF6qidtvq8YoCaLqGUKhd6qfZH7Gv4hyj5n65LcWx3Rq+L1cLy8eL55hVxImHp0IPpGsxPCUiIiIiIurdGKASEXWDzoeo7ucCEAJVAFLYKg8579gitRGrPfdAT5eCSbNa1VjV3goJPaoXimpUqkIHdChGz8x7QuRWpa7Zj1GgQ4cR2OqajrCmQdc16V6se7CHplaI6RZKugWn8md5u6qq0v2b1brG4XL7bgEow1MiIiIiIqILAwNUIqJu0rkQ1QpGrbk8neGm0LrjWsarc7i4uV/TnMEpYM2lapwrBn5yf8RmQ+F2ICz2oaulqc77saYeUByhqX2YvjgfrDMwhetn9yBTgVmR63ac/N46h+EpERERERHRhaPHA9SW1gAqt1Vjd1UtjhxrQGtbAAAwemQRRhcXYerkEgzKy+nhXhIRpUZXQlRzPxC9wtI+vN1qy1lxqqrGZ00T+6NJbVnD4RGZKsBgBYpywBvpTUc79gDXHhjKc7w6q2+Nc8TA1DzWOWRffkbiAk+6rkfu1/7M3F7N+xOrU2NVnDI8JSIiIiIiunD1aIC6dn0lNm7aCb/fh9EjizC+dCSKCgtw6kwz6o414IMPq7B2fSXKy0owb84MZPt9PdldIqKUSCREFY6Gs5rT+iyGk+Yw82jD9e3bTKoqVncaw9atKlPn3KlyFaoYsupSkGj2L5FV783+R6uuNRfEkq9pzUvqNl+p2LY97qzEOgAAIABJREFUPHULQ+VtqtAns3/26l/7fUULWBmeEhERERERnc8U3W1sZ5q1tAawfNU61NQeQcX0Sbh9ZjlaWgM4Wn8SR441YPjQAuQNyMGgvBxs2VaNtesr0cfvw/cWz2OISpRChw/VR0K8RP8BEPWz+V58jfU+1rZE+LN7vIg+aW7zjophqX3OUYOx3zzWbSV3t8/idrPa1G2f9Vbsg3ysWyArXs9e5eoMGeOJNR8rIvvcKmvt4apYBSueKx4rBqvx50gVP5vXFQNue1Us4BaeurV5Pjhx8iwuye/f090gIiIiIqJeqLUl1NNdSKseCVB/t3Iddlftx2OL52FgXi5Wr3kXlduqAQD+rEy0tgUBGMP45835Mgbm5eKppauhAAxRiVKIAWrP6kyIaoWpgFkh6taWvMCUFewZQ/MVx/nOENTtGvaKVCvAjTY9QKrYg1TrWuacp3IVbKzwVGxPrlDVI5W35rlWhWu0UFW+htuCVhdSeAowQCUiIiIiougYoKbYlm3VeHbVOjz+DwsAAE8tfRED83Jw+8xyTCgtjhxXd6wBq155F/sOHsUD82dhQmkx/nXJcxg9sggP3j2rO7tMdMFigNo7uAWQ9qH9bhWpsQJVsy1xu/M/93pkISn5PPkaYnibXBUqIvcU7f7djkus+hSIVvnpdjmj4jTWcP5ov1EAjlDWbR5W53QJ0e7lfMMAlYiIiIiIornQA9RuTx/Wrq/EbTdNxcC8XDyx5DmMHjkMC+++GQCwes27qDt2En6/D/PmzMBjj8zD2vWVWP3KuxhemI/bZ5bj2VXrcPvMci4sRUQXDDEUNN/LAaUxB6hzcSmrElNknm+0LV0pst/8bMx/ag8wYQtknUGlPG+qsc8cEm9f8Mo5h6v9/uX+mcy2zPs02zW3W2GoFVbaK0fl67hvs28Wvwv3PprfiRiMXtjhKRERERER0cWsWwPUXVW1aDzTjIrpk7Bx0w7oABbefTOy/T489fRqnDrTjGllJaiprcMvlq7G44/ej9tnlqOmtg6r17yH7y3+Gtaur0TltircPrM86X60tgXxy2Uv4cCh+sg2RQHyB/bHvDkzMO6qESm428Tt2LMPz/z+VXzz67dh0rhR3XptIuod7CEq4BzSb6/kNReNkgNK57H2MNU8V9webSyCGIjKwageCR/lYNNeHQoAary7l/ouhqbW9RWoqnW/VnjsnNfU9Qq2eVDd8kxnyGkPp8Xr2M+RpzWItMDwlIiIiIiI6LwX70+1KVVTW4dRI4Yh2+/Dlm3VuHH6RGT7fWhpDWDfwaN4cP4s3D6zHI88OBenzzSj5kAdAGD+3BmoOVCHU43NmFBajJraupT056YvT8a/P/4w/v3xh/HkDxdhfGkxfv/ietTVn0xJ+4kae+UI/PvjD2PslUZwu2PPPnz7h/+Fg4c/69Z+AEa4/OR/rcRvV7zW7dcmutjZA0C3ClP3uTbN453TK5jtuFVUWttVqGr0KRusNqJN0eDc7tZGIvcfbToIewDq1id7G+Y/xr2pwjb367q3YT/WbU5awD7fKcDwlIiIiIiI6ELRrQFq3bEGFA0tQEtrAI1nmlFUWCDtb2kLSJ+zs4zFooqGGsedbmxC0dCClAWcWb5MDMjtiwG5fZE3IAczZ5Qh25+FfQdSE9AmKjPDiwG5fZGZcWHM50hEyYsVolqBnnsIKFdL6q4hoDP4hPRZ3uc+1625cr18jBxsyqvbuweb0YJKM8y1rgnHceIxYt+c92u/JzjOsfdRruh1hsDid2Afvh95+gxPiYiIiIiILhjdnthl+32oO9YAABiYlxvZNr5kJJavXId9U0qwa28thhXmY3RxUeQ8f1Ym6uobUFRYgFZb0JouoXAYb727HW+9vx0trQFcfdUI3HtXBfrn9IWm6Xivcjde3/BnNH/egv45fXHHLdfibyZdhWXPv4YvWtrg9/tQ9fGnuPfOCrzy5gf42pwvR4bo/3bFa2g8ew7fWXQnPjtxGs889yq+ef9t2LhpB7btrgEA/OxXL2DkZYX4+rxZ+M/f/AFlE8Zgd1UtGk6dwfiSYtw2sxzP/3EDPj3yGYYOycfiB+Ygf6DxTP+67zBW/ukdnDjZiIJBA3DPHTfgqlGX4uDhz/DMc6/imiml2LKtGmfONuPy4UPw8IJbcbb5C/znb/+I1rYgDgDYtruG0woQ9QD7PJrWvKiAOGTfqoSUh9JbUwBEWuwI/XRheLx9CL99yDyka4jzp5qf3RaUEvsrB4ri/bltc5//VHwe8jXMuVjNvwcUpylQIvdszSHrfi3x3uT94hQB8jM2n6X5DORn7pxCgYiIiIiIiM5v3R6gnmpsRsV0q6LUXAzqkQfnYuOmHdi1txbjS4sdc5y2tgVRVFiAuvoG+LMyU94vTdOx46N9aG0LYNSIYQCA97Z8hA2bduD+r96Ey4ouwctvfIAXXn4HDy+4FVu3V+OPr27Cnbdei4njRuHI0RNoOHU28of0j/cfRtn4Mfj+381Hpi/x/t53VwXGXDEcf1j7PhbddwsuHz4EoXAYAPDJ/iP45tdvx5mz57Ds+ddw4FA97r2zAoMG5uJ/XngD6975EAu+eiPq6k/if154A38z6SrccM2d+Ou+w1jxhw34Pw/fBQBoawuguuYQ/v5vv4JQKITfPPcq3q3cjTmzpuGH370P//2/byA3pw/uvbMCfbKzUvugiSgh9gWI7POiiiGeosgVq/a5ShMJUo3A0qykhLTfOAYQ5x4VQ0z3Yf3OkNa9klNc1Mq9DfG9uHCUvTrXHnoar6qjWtfa715ZKs6tal8oS1F0YTurTomIiIiIiC4G3Rqgji4uwu6qWmT7fRhWmI9dVbVSlWnF9EmomD7Jcd6WbdUAjKH8W7ZVY/TIIscxyVi7vhJr11dGPuf0zca9d1ZgWGEBAoF27Ny7H1MnX4WJ464AAMy6fgp+98IbOHnqLCq3/xVfmnQlrr9mIhQFGJDbV77XkUX4+tdmIjPTizNNnyfcp2x/FvpkZ0FRgL59/OjX1x85/8vTxmPYkEEYOCAHhYMHIX9gbqRvxZcNxbHjp9DaFsTejw8iN6cvZt/wJfTJzsKUiVdi2+4aHKo7jkF5ucjI8OIrs6/FsCGDAACXDx+C043N8Ho8yOnXBx6PGplWgIh6lr2aM341qn3hI7MdZ0WqvVrSrYrVqvQ0F54yQkn5XOuabhWqYh+i3KXjnu0hr3UN87qqS8Wr2ZYzSHW2H+3ZWKyq19hVp+KxREREREREdOHp1gB1QmkxXn1ra0cV6iQ8u2odFAXYtbcWp880O473Z/kwYayxaNTUySXI9vuwu2q/ozo1WTd9eTIqpk9CKBTGS69twhetbRhzxXAoCtAWDOJs0+fYcPAoNry/Q+hTJk42NuFs0+e4suNYN/36ZiMzM7WP1155WzBoQOR9/9y+OHb8FADgxMkzqDvWgO/++Gnp+OLLh2JQXi48Hg/nWyU6j7gN6QfcqlEBKxwVFzyyD0c3jrdXubq9GueoMMNDVRUrVo3rmdc1txtt2sPPWPcXeSfds7MSVg6R5WH+Zh/t9+0Moa2qVXtgrNuenRUix6o6tc4nIiIiIiKiC1G3pmhFQwswrDAfa9dX4sG7Z2Hjph3YuGknbrtpqmtVaV19A9au3wpAx/y5MyLVouVlpSnpj7mIFADcddt1+I9nXsTbm43+ZGVmon9uX4y7agRmziiLnKMqCrxeD/rn9kXj2XOuK2HHo+vGlAHpckn+AAwfWoBv3DsbWR0LcQHG/X524nTarktE6WMPO81t9mpUa6h55ExHkCrOkSoOW49W7SpXoepSoGoPZM3KVrf+xmMPXe0BrBxqGn2w+uQ+nUD0KQfkaQDkthXIUyOw6pSIiIiIiOhipsY/JLUqpk/C1u3V2LKtGo8tnodhhfnYuGkndlfXQlEUFA015ketqz+JjZt2wu/34bHF83C6sQkbN+1ExfRJyPb74lyl8wbl5eDL5ePx/taPcLyhET5fBiaOvQK7qmpx5OgJAEDzuS/wl50fR/bt+GgfNv9lD840fY6Pqg/gnQ92ubbty8xAv77Z+HjfEQSC7ag5UIdPao9E7csl+XnIzMxA/fFTSQWtY68cgXNftGLb7hromoZQKIxtuz/B51+0xj3Xn5WJoYMH4fSZZjSd+6LT1yai9LJCU3tFqhX22atRne+ttoxX6zxx1Xv5GOvVbMesNjW2WXONiu2qqnMV+2j3ZRzrbMNoW5wDFQn1UZ4jVW7XdnXbc0DkPPO9vfKX4SkREREREdHFo1srUOuONWD1K+8ib0AOnl21Dpg/C//86P3Ysq06Uo1qyhuQg2llJaiYPgmnG5vw1NIXXReXSqUvTboSm/+yFxs37cS9d1bgy9OuRjDYjuWr1uGLljb0z+mLG68z5mg19738+mas+MMGDMrLxVdmX+M6j16234dbb/wbrPjDBmz680e4fPgQjC8txvGGRtd+DB08CLNmlGH1mvfw6ltb8c0H5nTqPooK8/HAvJlY+ad38NqGrcjwejFx3ChMmTAmofNvqfgSfrPiNTz2r8/gtpvKcdtNUzt1fSJKr2jVqOY287O1OJO80JS139hnr0q1V2da85k650iV31sVrGYlqvOY+KxpAHRH285r26cpEF/lalN5CgDrfLN94xhx+gJnSMrglIiIiIiI6OKj6Lpb5Jd6dcca8NTSF5Ht9+HJHy3C9/9tGRrPNGN8aTHmzZmBQXk5AICa2joUDS1Att+HltYA3t68E2vXV2Lq5BLMnzsjLdWnRBerw4fqI5V1if4DIOpn8734Gut9rG2J8GdzLl/APdSLFqRaQag4BF8OHu1hqb0a0x5mxvrfSKJzhCZynH0uWLd+GfvcQ1X7PKbO+WHdQ1qzfxd7cHri5Flckt+/p7tBRERERES9UGtLqKe7kFbdEqCa4enokcNQc6AO2f4stLS2Yd7c67Fx0w4crT+JosJ8FA0twKC8XLS0tqGmtg519SeRNyAHt88sx7SyknR3k+iiwwD1whEr+DO3i/+5F+dvjh6mQnovVm3K/+ewwkvreoicn+j/ZsQw01npKoalch+cVaTWe3toar938xqJPL+LHQNUIiIiIiKKhgFqF5nh6fjSYjx49yw8/btXUHOgDo8tnmfNd3qsAbuqalFTWxc5r2hoAUYXF2FCaXE6u0d0UWOAeuGJFwTKQanx2aw4NY7r2CqFqYCz2jPe8Y6exel59PPch9yL5zjnK7Uf715tCumzdFUGpw4MUImIiIiIKJoLPUBNe/rw/5aviYSnv1u5zhGeAkZYWjS0AJiZ7t4QEV3Y3OZCtW835zk1Q0+xgtM+V6pxrrHPCkjlINJs1xlCSq104h7k86zwE5ArTI3P8vyt9jbMSlTrWF1PrGKXiIiIiIiICOiGALW1tQ2KAixftQ67q/Y7wlMiIkq9eEGquM9ZlWpsM45HlG3y0HxnwNmVEFLuh70Z54JX5nZA1+WA1z6M3wp6GZwSERERERFRYtR0X2De3Ouxa+9+fFLrrDwlIqL0EqdXMKpPdZd9ui1MFas2jW3ugar9WvL1zFXtE2cdb00TEft67v2TQ1Lj3nRb3+TnYd9HREREREREZEp7Beq0shIuAEVE1AskWpVqZaxWgCkP9Tf2We2mqcO29q2KU3EKAUAMTMVKU2O/s3OsNiUiIiIiIqLO4AosREQXGbdh/G5hqri/48yOY9wCVfkY5zVj98k+HN9twSqrDXmhKGdgGjs0ZXBKREREREREncEAlYjoIhYrTLW/N49xWxxKPCx6uBqrH/Yt9mH41nZnX90vxtCUiIiIiIiIUoEBKhERAYi2wFTsQNU8Vo861Wlng0urId3WaKyw1H48Q1MiIiIiIiJKFQaoRETkEHsof/xQtQtXTugot/4wMCUiIiIiIqJ0YIBKRERxRQsn7UFmrGM7K1bbDEuJiIiIiIiouzBAJSKipCUSZLoFoYm0xZCUiIiIiIiIegMGqERElFYMQomIiIiIiOh85sV/9QVgrHCswFi+Q4l8VqBDN151PfIZUDqWRBaXXZYbltuTzzc/S1eM0p7UH0Xol26s0BxpRzwAinCi0B9F6JeOyPmR/kjnm58hdUQ+3/05JXJfyT8n2zfo9pyitNcrnlO87y2J+0r+OSXy+3Zvr8vPyU2GD0qfXCh9BkDJGQTPuBnImPoVKAOHxjiJelYVnn50PXbbtnqzBqD0lhvxUHkRMnqkX8lqwJs/X4GXG4Zh8ZJ5mGDffWIDfvzve3Bc2uhBTuEQ3DxnFiqKc7unX3tXY9GzRzF49gL85IaCNF2TiIiIiIiIyBCpQFU6wh6lIzSSwiDHZzMsEloSQjh7e87z9cj58doT+wMhfJNf4XiV02BI56elnU7eV7LPyX5+1OcU53vrsecUr52k7iu555TI7ztae11+Tm7aA9DPNkA/2wAcq0H44y0Irv43eEZ/Cd6pd8A75VYo/QZGOZl6VL9hmDdnDHIAAAEc3Poh3n7pJfy23zfxyNisHu5cGgwfjUXTi4z35+qw8Z0arP71f6Ny9t14/IbC+OebQWzpTCxbWJrABQtQ8e1voLzdi+wudZyIiIiIiIio8yIBqhEeoaMiD3Cr8BMr9KyKP7MBuWG5vegVg/Hak/qjCP2yVTKaFX9WZSNslZXi+ZDDLpfzrQpCoT+O892fUyL3lexzil5ZKX5v7u31iucU73tL4r6Sf07xf9/R2uvyc+qEcM1fEK75C9o3Lodv3g/hGX9j5xuh9PLnoWTC1RjS8XFKqQfH//E97N5eC4xNJCA8z+RchikTzPu6GlOmT8SbS1bi5TfWYWPZg6jISf0lM/y5yPWnvl0iIiIiIiKieFiBygpUVqD2lgrUOLSjn6B1yQKoV5TBN//H8IyaklxDlH4ZXnnofuNHWL78XXxYH0bIm42Sm2bhoRsuRzaAXcuXYGnVMDywqA/WLa/B8bxxeOL75Tj9yktYvvUkmkPGlABT7roV900oQAZCOFL5EpatOYrjIQCu7eVg+pwh2Pd6DY6HAG/BaDzy7VtR6geARlS9vQEvv3MUdW0AvB4Ulc3C9+4a04XqzkLcfP0wvPz8UVRua0TFDXkAGvHhylfw/O4zaA0BOaPH4ZEFN8JfuQyPv9FsnFa1HoseXd8xFN8bo19xphZo/QSrfvsu3j/SghAAf+FluG/hHEzJ4zTfRERERERE1HWq+cZcJVnvSHdiV+hZx0e4VOiZ7UWvGETc9qT9USsZ5f2R822VleJ+94pBONpzq6x07U8n7yvZ5xSrsjJee73iOcX73pK4r2SfUyK/72jtdfk5dYG2fxva/usbCP/1g643RqnX3oiaVz7EbgBFIwsB1GL5ko2obMzDdfMrsOiWAhx/42X8Z2WjcNJRPLv8EPxjRuOO68cgY9ca/HLzSeSWXYtF91XgzglA1e46AEBT5XP4yUtH0TJmIhbdV4F5pUD1Gy/jF283CO01Y9OmAK6bX4EHrh2AjIYa/HJVVce+Bmzb3IyB1xttzxvjQ93WdVj9SRfvuzAPgwHU1Rv9qFn5ApZtb0HR1Gux6L4yjG7Yg5/9dhMySq/FojnDjOkOho/uuIecLvSrDR+ueB1vH/GifH4FFt1XhjJvA7YdDnXxhoiIiIiIiIgMrEBlBSorUM+TClSRfrYBrU9+Db75P0LG7MVdb5C6pmEPHn90j7QpZ2QZFk3PA/ZuQGUbMP6++zF/AgBcjYwDS7B060c4VT6j42gPyhf+HRaOMT41VbYB8GDgpZehtLQA2ROuRoVxIVRuPgNkjcTChTNQCgAT8nDqwIt4e/NOHLxhVkd7Ptyw4E5UXApggge7N6/H7obP8BlKMQRjsPBfxlgdLWzA+1V7cPBYAyBs7poqbNweAEor8NjcqwEAU7yfYduzNdiWMR03j67DqziKZmkqgGT7FUBrK4CsHIwYWYwJeX0wZcL0VN0IEREREREREedATXjOSqGy0rU/nbyvZJ9TrMrKeHOF9ornFO97S+K+LvQ5UKPSNQRW/QTq0NHwXH1DChumThtQgu99eyoGm58z+iDXb/zn9bMGY7j67ueXYNHzwjlZTTgd+dAHgwdYu3LL52LR4Vfw/B9X4DurAO+AfFx31xzMH9OAgw0ACvrAWk5sCEYUAm/XNKEpss2H3GhrV7V+ijdXrMPaGmO4u2lwlMMTVt+I4wCKCguAEztwHACqNmLRoxuFgzw43gigXyr7lYvrFlTg4PJ38fxPn8Gz8GDg8DG4b+EslKZhLlYiIiIiIiK6+LAClRWorEA9DytQI3QdrU9/E9n/+ibUIcUpbJg6JcODnJxc5LrsGlKQA6AZJXcuxMJSj7DHWFG+yuUcIA9T7n4QU+4G2lvrUbniRTy/7HWMeLICIwqA3a1htEaO/QwH6wH0M67f5Nqe5VTlRrxcYwytv6PsMhS178TPfl3dqdt1qseb7xwFMADXleUBOUMwGHtwfPS1+Nn80dJ8sBl+AOdsc8R2tV95V2Pho1djIdrQcmwPfrt0M365Kh9LH5rkuA4RERERERFRZ/VsBWrBOKD4FuO4E3uA2jcc7bEClRWorECNo/UcAv/9D/D/eG0aGqcuGzsJ5VlHUfn6a3gz42qM8ALNh6txsGAWHirv43pK06bf4YldBbh5ehFyEMCRc+GOPQUov3YAXn6pGr9dkY07SnPRXFWJt88BRbMnYgSAXXG6k+H3Rd63NB7Cm1trcRqdrEBtPoQPd3X06VwdNr5Tg0/PAUWzZ+G6HAAoRcXk97B7+4dY/g5w3aU+4NxnqDych4ULpgB5RSjK2om62g+xam8eKi7N60K/GrHxly/gw6HjUDEyFwjVo7mtMzdDREREREREFFvPVKD6cqDOXQkUXSudjqbD0P50D9CwlxWoUdpzVDCyAvXirkDtEN73IUI73oR30s2pb5y6qBgLvz8Hg1dtwNpVG/E2jCH55bdEPyPj0mKM2LYHLz1fgxAAb9YATF80B1MyAJTfjx/jJSxbsw3LdgPwZqNk9h146IaChHqTW34rFh1+Ccu3bsaybTmYfstlGHygpnO3dKQGy543z/Egp3AY5t03CxXFVg3u6LsX4HsFr2P5W5uxbLPRz8vLhqC945nMe2gcmpbvwdvPrkT17AX4yQ3J9suHERPyUfnOTizbaoS6/sLR+M4CVp8SERERERFRaij6r/roADrCIiEDi4RH7hV6VhrUwVGhJ7Ynn69+vRLIGQ59y8+gVz0PBJqhlNwD5YafA9ChPTMWaGuKNBvpjyL0y1bJKB3gWlkpng8h1JIrBuFoT7g/x/nuz0l6kl14Tu7t2b5B3XpR4rTXK55TvO8tiftK/jkl8vuOVoHaxeeUBuqwMcj+6duA6ol/cIfDh+qhKEqn/gEQ9bP5XnyN9T7WtkT4s73xDyKilDhx8iwuye/f090gIiIiIqJeqLUlFP+g85hqvomEHrDCj0i4ZFboQZf2S+wfhfak80vuA/LHQn/zm9B3LIUSMBZYQfUL0FbOBnz9oUz7QaQ96Xq60C+h0s++P9IfIZOz75cqBSMVjnC0F7kvsbLSrT/CfTr6ncxzitKe/XzX5xSlvV7xnOJ9b0ncV7LPKZHfd7T2uvyc0kA7+gna330+/oFERERERERERJSwSICqd4yf1jtK5GLPEWkdH+Go0LPaE89XrrgFaD4Cff9rjuuhYS+w/3XjmEjFoLBfgVThZ1Uyyvsj/ZEqK+X97nNWwtGes7IySn+kSkh0+TlFay96ZaUet71e8ZzifW9J3FeyzymR33e09rr8nNKkffPq9F6AiIiIiIiIiOgi0+0VqPD1B5qORK3U1Bv2ALmXsgKVFagJ3xcrUC3agZ3QzxxP70WIiIiIiIiIiC4i3V6BisBZIKcoaqWmUjDOqERNYwWqctl0eL7zV3juW+NaMahOeRieHxyD5/ZfdaoCVb18OryPVsP7wCsJPyd1xv9Fxo8+RcZPG+H9yq9YgZrEfbECVRbauT79FyEiIiIiIiIiukh0ewWqvv91IPdSKJMfcVwPRdcAV9xiDO9PcwUqAChDxkOd+IBcMejrB6XkK0BGH/m+EqpAFR9H/OekXFEBz5cehN5cj/DLf4/wh8tZgZrEfbECVaYdrkr/RYiIiIiIiIiILhKRJayNyjmzwi9ehZ5Z8SekQS4VelZ7wvnVz0MpvRfKjCeBzBzodZuNE4quhTp5MdCwF/r2pVLFYKQ/USsZzYo/oV8ulZXW+R2y+kO56itQdv4+cr5y9T1QBo913pdQWenaH+hWGg0k9JyUYROBrFzon6xHeMfzMSorreceq7LS+t6iVaB2/jm5V1Y6n3vCzyne95bEfSX/nOL/vqO11+XnlEZ6U0P6L0JEREREREREdJGIBKhGhZxZgWcLgxyfzYo7oSXb8GSxPcf5ta9CKboGyrR/kgvy6j6A9vLdxvlj7wFyhhv9aToM1G0Bzh6WK/0ir3C8SpWVutAfsdLx9H4og68GJtwPZddz0HVAvWouEPwCZpin3vIfUCfcC+3Pv4a24V+gKArUyQ9CrfgX6NWvILz229JzsR6HAvX6H0Cd+i3ox3ZBGToeyOwHfH4c4Q0/hXr1V6GMvM64xuQFyBw7F6G1j0FpOgbPzU9AGTIWUDzAueMIb34a2gdLjfbtw8DN+xO+t6jPHZ18To7nnOTz7kw7Sd2X0J75PSTwnBL5fUdrr8vPKY20U3XpvQARERERERER0UWkeytQ88dBmfuCsUhU8xFjqH7TYegNe4G2s0BDlVGdesPPjLYb9kJva4Iy7l4omTnQty+F9sGTiVUyJlCBqn+2C0rR30AtuQPhnb+HWvYNoOBK6LVvQxk10zim5g3gyluhDJtiVVYOnwpoIWifvh+nAhWA1wcl/wqE31sCJTMb6tRvQZ14D8LvPAn1VC3UyQug/fUNaH99FXr9Xni/9hsoA0civOlXwNljUKfOOy3mAAAgAElEQVQ9DM+MR6E3fwZ9z59YgcoK1Li0kwxQiYiIiIiIiIhSpfsqUEvvgzLr10DzEWirZ0Op+6Cjws86HaX3Qpn9a+jv/KMxjD9/LJTh1xhVqVfcCvWWX0PNGgBt4/dTU4Ha3gZ9/3ooJXdBnfgAlJI7gS9OQTu0GR4zQD2wEXr9LiiFE6FcMQvKFw1QisqgN3wMfc8fHc/Fehwd19FC0Pa8BO2DXxnbS+YA2XnQD24GLr/GOCZwDvqeP0G5+k4oA0dC27cR2lv/ZoR3qgeeWf8MdeS10Pb8iRWorEAlIiIiIiIiIqJuFCma1DvSq86uUh7hUqFntqfkjzPC05N7of2+vCM8tV2vX5EcnuqAes0/Qbnh58b+fa9Be2E2lMnfgjL8WlslY8f1FKFfLpWV0n4Y+7U9q4BAE9QpD0EpuAraJ68BoTbpvvTDlUBGNpRRNwGXXwf4cqHt3yBUWprPSTyt4zpaGGhviftF6NCh9B8OeDOB4BfWc29rBnQNyC10fc5iZaXjuUf73jrxnNwrK+F47m4VqPb2nBWoUb6XTt6XVYEqPPcEnlMiv+9o7XX5OaWRkluQ/osQEREREREREV0kIgGqfdXxRFcpj7B/FNpT5q40Kk9X3Qwl0BxpT7yeWvaIMax/+9JIe9rr34T2zFirvRN7oVe9AKVssVTpF9mvC/0SKyLd9qNjf/0OIzQdNApoPgZ99/OO+9I+eQ04Vw916CSoI2cAgSbg4PuR9qznJJ5meyBxKFCgnz0ChIJAZh/ruWflAIoKNNW7PufI/dm+l5jfWyeeU6dXlxcrUG3tSZWe0b63JO7L7feUyHNK5Pcdrb0uP6c0UvszQCUiIiIiIiIiSpW0V6CixFgMSnvzm1Z46lYxWDAO+r7XIucrpfdCfXALlNlLrfYUQK95FUrRtJRVoOq6Dn3XCmjbf4fwn5+GfrrWeV+nD0D7dDOQPwrK0EnQ67ZBO7YzsQrUBOnQoX+8HvrpA1BHVUC96UfwTHkQ6tRvAKEgtAObXZ8zK1BZgWrHClQiIiIiIiIiotRJfwVq6X3Ayb1Qjn4Qu2IQMCo7O+hV/wt97/9CuWSc1Z4OINgMZPVPWQWqoijQT30Cff33oe9+Iep96Z9uAtrbAK0d2r51zsrKVFSgBs8h/Obj0E8fgGf6t+GZ8wsovn4Iv7vEWEBK6I+9f6xAZQWqyVM8Kf0XISIiIiIiIiK6SCj6r/roACAWyCmRz9Eq9BRYK+J0cFToGXuVR88BO5dCe+f7LhWD1hXV+W8AALSVsyPtqfd0bHthdsdCPIAy7QdQxt6L8NJSoZKxoz+K0C9HZaW1O3J/jopB8Xzzc8eDGjoZnq/+DvrZowgvn21rL/p9JfqcjKOiVVaK7dm+QXshaYz2uuM5SZdxtGevQHXpTxL3lfxzSuT37d5el59TGvX5rz1QEhzGf/hQPRRF6dQ/AKJ+Nt+Lr7Hex9qWCH+2N/5BRJQSJ06exSX5/Xu6G0RERERE1Au1toR6ugtpFUkflI6wp7OrlEfYhieb7SHQBAy7Bkr5DyKHRV7N4wNN0Pe/BuX6JwFfrnGOmKf4cqEEmo3+jboV+pHNcsWfDsernAYL9ye8dmbVdOXKW4HsQdCrXpafl+tzQqefUypXl4/eXvqfU5fbSeq+kntOify+o7XX5eeUJurIiQmHp0REREREREREFF8kQDXCI8CcyzP2HJFixZ/ZgNyw2Z627ptQZz0Dpfyfovci0ATtmRIo034A9SsvQFt1C6DDGMI/9l5g+DXQ970O9dofAAVjob90j6OS0az4syobYaus1DsKAoX7c6kYtLcHHUBmX6gjZgAtp6B9/JpLe85KyM4+p9hze4qVkbZnF6msFL839/bS/pzM/jjOh3R+zO8tiftK/jnF/31Ha6/LzylNvJNmpfcCREREREREREQXmcgQfrdhy9FDJmvYskT6bLUXPfSyFS4W3wL1KyuBhj3QPvj/gCNbgEAzMHwa1MmLgStuhf7Gt6Dt+V9bGOccLh7pTyQcdA4Xd4ZezmHZUsWgUZroGJYd975S+Jyc5wv3Zxt+Hut769HnFO976/R9JfecEvl9R28vBc8pxZRBReiz5M+A6kn4HA7hJ6JEcQg/ERERERFFc9EM4U9XBWqiFYO6rgP7X4e2cjbUW56BescqucFAE7SX74a+73VbCNdLKitZgZrYc2IFatr4vvZPnQpPiYiIiIiIiIgovrTPgZronJWR9uo+gPZMKVAwFkrRtUBWf+hHNhnVqGJI1V1zcibaTrz7StFzclQwmv0Svrfo7fWC5xSvnaTuK7nnlMjv+3yZA1UdNgbeqV9JfcNERERERERERBe53lWBKrZ3Yi/0E3vl4dSdqWRkBWr0740VqBdWBWpWX2R9a2kaGiYiIiIiIiIiItV8E5m3ENb8hZFwyazQgy7tl9g/Cu3Zzzc/26/n1p60Xxf6JVT62fdHzhcyOft+qVIwUuEIR3uR+xIrK93608n7SvY52c93fU5R2usVzyne95bEfSX7nBL5fUdrr8vPKVUUBf7v/A/U4VeluGEiIiIiIiIiIgKEAFXvGD+td5TIxa7Qs46PcKnQM9uLXjGIuO1J+6NWMsr7I+fbKivF/e4Vg3C051ZZ6dqfTt5Xss8pVmVlvPZ6xXOK970lcV/JPqdEft/R2uvyc0oR3z3/Ck/pdaltlIiIiIiIiIiIIliBygpUVqDG+H332grUrL7w/+CPyJj1UIoaJCIiIiIiIiIiN6xAZQUqK1Bj/L57YwWqMngksp9YB89V13S9MSIiIiIiIiIiiimyiJRRIWdW4NnCIMdns+JOaMkWDontJbJqerT2xP5ADKmkVzhepcpKHdL5aWmnk/eV7HNyhHDRnlOc763HnlO8dpK6r+SeUyK/72jtdfk5JUEZMASZtyxGxvULgIys5BohIiIiIiIiIqJOiQSoRnhkVvjFq9AzK/6E8cguFXpWe9EqBuO3J/UnaiWjWfEntONSWWmdH61i0NmeW2Wla386eV/JPqdYlZVKnPZ6xXOK970lcV/JP6f4v+9o7XX5OXWCp/Q6ZEydC+/0uzt/MhERERERERERdQkrUFmBygrU3lKBmp0DteBSqAWXQR08Ap4xU+EZ8zesNiUiIiIiIiIi6kFe/P3nUXcqCb7Gk2g7ibZHRERERERERERE1B288Q8hIqKYmmux8aVNePOTM2gOAfB6MLiwGLctmIUpeefnf2Z3LV+CpVXyNm9WNoomlOOhOVdjUEaaLrx3NRY9exSDZy/AT24A3vz5CrzcMAyLl8zDhDRdkoiIiIiIiCiW8/NP9kREvUVrFZ7++XrsbsvG+NnXoizPB5yrw8Z3arDsj0Mw4aFJ6HLWeGIDfvzve3C8dCaWLSztep+lkLIgxoE+jJ9zLcr6AUAAp3d/hLVbN+IHVbVY/P07McEf/1JGEJuDO/7vItx8SQJ9G3MrfvHPIfz/7N17VNT3ve//J8IwM6CDjICCjhckomG8oEIiRoxK1Jh4qabRpJpKdrFN0pNkb9PdZrfNzkna1TSJ59f07Nj+tC02pg2k0XiJRuMdG2jEKDFMIkaIOFxkEJBRGRCU8wcXMQpiFNDk9Vhr1ny/n+/n8p5hLVm++VwM5gDA1a6PIyIiIiIiItKRlEAVEfnaqtm3eitZ1Ram/2cS85oThCOJjZ9ApTvg+pOnXcpIeORIYps+V3QsEz9N5WerjpG87jDRDw298UMa/Am4tb80ERERERER+YZRAlVE5Oty72N7DtA/koTLZlcGEGBpuq4ke916kjNKcdeBjymQ2AfmkBhtBS7O0oyfHcqRTTmcqAOfkEieePJ+eqWv5LnN7oZusreStHRr48xRH7J3bGPtzgKc1YCPN7aY6TzzwFD8GsfM2bGJ5A+KKWsc0z5tEmNy1/LnxqX5JzavJmkzjFq8lCeGt+8j+w2fwMTAt9iy30H2Q0OxA1X521ix2oGj4jz4WIhbMI/E6CJeX7qVrIYvirUvL2MtDUvxIwv3seadj0k/XkUd4BMYyoKkh5nYm8uW8H9VcWYqy98p4EQd4ONH1NR7SJwSQUD7whcRERERERG5Zt26OgARkVuWpwYPgMXaZgIv563VvLa3lICYCSQtnMDEvlWkv/l3VhyublHLTVpaDRMXJLB4QiAGVw6vpWQTZJ9A0ux+WAD6R5K0MIH5dgvgInOvm16TJzSUDTXizNhC6uGLY766uRjsMSQtTGDhZH9O5JYTMTmBpHGBAFgan9074Fo+dBjhfQHKcZYD7jR+9/tDOLAxf2ECi8cZOfjm30k+auPehQnE94eGrQASSFoYSzhQm3uYLGzMW5hA0oIobJ5i3nwzjcqrDV24hddSCqgcPJqkhQksnmqlbP/Rq7cTERERERERuQ6agSoich1qr1ojm+37ayAshqceiCUAiLV7c+Jnu8lMc5A4dExjPSNTFs0jYQAQ7U3W3q1kuYo52fseYnGykQLcloHERjftgTqUxOdbLKEPc7En+xB5hS4Y6moYM2QETy2KJxSAkYxvrBrkPszKjAr8+g8lNrqtPVCvrjgzhy/xY3rSvIZZuNGhuHNWszajmMRFI6nM2k7aV7cCiH+EZfFNPYzEkO1geXYxedD2QVGeaqqAgL4DsdsH4WcYyfgrzFIVERERERERuZGUQBUR+bqsVvoAZe5yKuHKs1BLijnRWLf5uSEEWyA4Kso52VzRSIDpGsb2fMn7q7ewIadhGXyTPi3HDAltTJ7eSEXkFQJYsVnhxPGG7QW2vLyMLS2rmVxUcuU9Uk8eXMPyd441bD1wLSLu4ekZVaz4YC1P7WzcluC+e1gSZ7vF95oVERERERGRm1mXJlCrPDVs/CCdnKNOnEWlANjCgomMsDFzahx+ZmNXhici0jZDFHGRu3Hk5LC9JL7FIVIAZ6l0+xPQO5Q+HOJEbQ210JDoq3XhrAAirQRBQ7KzzXF8LksQnkzfztqcKmzjJjA3ZiC22gP85g+Ohoe9Q+gDnHAVU4z98iSq4ev/01/16V72VIB57EjsQHF/C2TXEf/Yw8xqOZnVYCTgikMdZu2bx3CaQpm7MJaowcE4U/7Eqpz2jO5P+JSHeWkK1Hpc5G1az6tr3mPNgMdY0PdrfyQRERERERGRNnVZAvXDTAep63ZhNhsZHxPFzGlxAOQcdXLg06N8uM/B/DmTGB8T1VUhiohchYnYRdPI/NVWtrz8B07MGEOM1QinnWzfmcOXYXezfMkYEsbuJmt/Br9bd56JAyAvYx8OjMTER7Vv5qTVhs10AOfRfaR8aiVhgBVDiz8wVZUf4/2Mo5TROAOVkSSM3UvW/kO8ttrIXHsAteWH2XI8gucSx2AIC2YQx/gyYxcfRkzAHhJGgPlKA9eQl/MJ+4oarsuyPmFDtpu6HgN5fE4EAKExkQzanElaynZC74vAQg1l2UepGvcw8yLANjgQsirYs3kfkVMj6dPXiLl5pu1ZTmR9wsZ2JU+Bw+tYur6GhMlD6eUDZeU1gHc7G4uIiIiIiIh8Pd7PP//885096IeZDlalbOHeybH8+NE52PqGUF7hxguIi7EzY0ostXV1vL1+N72sAfTve3179InIlVWeOo2Xl9c1vYBW75uuW763dd1WWXsYDDfBOXiGEGJjQvArKyTzoxwysvI4kHsKU8gQHnroLvqbuxE0PJJwzzH+mfE5GVnHcXos3Lngu/xgeA8ATmRlkOkyMmz8GG7rDuAi84NcTvj3ZtJdg+mBlciIszgP5fPRvmwc/kO5d+JQ+pTnsXffF+z/7BS2u2zU5JTBbSOZHO5P0PAI+pwu5FDWF2Rk5ZHt9CY85nZGDAjEYBzAsJBiHAeO88+MbFz94y7uT9qoIabznMjJ48ChPA4cOs4Xbm9sMRP5adIkBjflb40DuDPGn4rsT9j+YS77Dx3nWLeejBw+iPCevphsA+hTnse/sr4gLcNF+LS7mBBxFuehXNL253G07jbu7FvEUZeFmGl2Ql0ONma56X7bSCaHw9EPD/H52cZn3WpwfXaEPR/l8FFWHp9XGon6zmx+ENWjM3/i31pnq6rp7n8t+0yIiIiIiMi3RV3tha4OoUN51dfX13fmgCfL3Tz765XMn303CfFjcBa6eGX523iqawAwm4z85PEHsfUNYcPWdLanHeC5pY8QZLV0Zpgi3wr5x4pu6QSq2U/bOIt0lpLSU/QO7tnVYYiIiIiIyE3IU1V39Uq3sE6fvrVhazrWQAsJ8Q0nT/9P8npG2SNYuWwpK5ctZZQ9gteT1wMwa1ocZrOR7Wkfd3aYIiIiIiIiIiIiIp2fQM3JdXJP/GgAnIUuyivczGrc/xQakqZlFW6chS4A7okfTVb20c4OU0RERERERERERKTzD5Eqr3BjC2vY07SXNQAAZ5GreYm+s8h1yTNbWAhlFe4bGoOn+hyvrVxD7rGi5jIvLy8G9e/D9+dPI6x3r6/d9zHnCf70t82UlFbwo+/PZMyIITciZBEREREREREREekCXbqBoJ/ZyKiowaSu24XH07AH6oat6YwbG4VfixOmO8rUu8c2byVQV3eeNe+l8YdVG3jm8QcJ6OF/zf1VeWp4853tDLT14T9++ADdu/vd6JBFRERERERERESkE3X6En6zyZeTLWaU9rIGUFbhJjllC8kpWyircOPvdzF5erLCjdnk2yGxmIy+BAZ0JzCgO8G9Arh/6jg81TUcL3B9rf5Ky05RWnaK6OERWAMt+Bp0wI2IiIiIiIiIiMitrNMzfKPst5GR6WB8TBQp63aRnpnN/Nl3M8p+GwDpmdlsT/uY+npYMGcS6fuym591NIOPNwDnz58H4LMj+bz17k5KSssJCQrk4blTuH3IAPLyi/njGxu5Y/RQ/rX/c8L69GLQgFA2bfsXAH/860asPXvwsycfxlNdw19Tt/Ll8RMYfLwZFxPFA/fHYzL6ttpP9udf0i8smI8+/hxfXwOL50+lrMLN+i3p1NWdZ9a0OKZPjsXLC/Lyi3l7w27ynSWcv3CB0cNv45EHp+JnNrLxgww+ceRyW3hf0jIOceFCPXePH8W8+yfg4+3NhQv17E7PYtO2f+E+U0VPS3fm3jeBO8fcTrGrrDnuHv5mHpg5kTvH3M7XPCxdRERERERERETkluT9/PPPP9+ZAwZZLazdvLc5wbfwgXu4O24kfmYjfmYjkRE2LJbuvNtYJ+1fh3h0wXQCLNe+pL41dXXn+ejA54QE9SRysK2h7Px5dv3zIAXFJ5k2KYbyU6f5w6r1jBk5hCUL7yPA4s8776Ux4vZwztXW8c+PPqWk9BTfufcupk2KIXKwjYhBfTn0WR4PzZ3Md2dNpL4e/u+f3iUkKJAf/9t3iB4ewdZdmZwsczN8WDinKs9c1o+z0MXHnxzhjtHDWPhAAqVlp9i4LQOj0ZfHvj+LHt392Ja2H/vQQVh6+HHMeYIgawAPz53MHWOGsfOfB6mtqyNysI0juQVkZh0mYlBf/u3he+kdHMgHuzMZEt6PXoEWPtyXTer63cyeHscjD05jQL/eVFSeIahXAL9fubY57iGD+5GyfheDbL3pFWi5YT8H6XqVp07j5eV1TS+g1fum65bvbV23VdYeBkOnT6IX+dY6W1VNd39TV4chIiIiIiI3obraC10dQofq9Bmotr4hTJkwmtT1uzGbfBkfE3VZnfExUaSu20nq+t1MmTAaW9+QDollw9Z0NmxNb773M5tIXDCNkKCebN7xEQGW7syYcgf+fiZiRw8jMyunOWHp7e3N9+ZOYWTU4Ob23f3NeHmBv5+JgB7+ZGUfxVNdw3dm3EVwrwCCewVw3z3j2LQtA/fpswBX7CcsNIi4mCj8/UyMHRXJZ0fyuXdyLMG9Ahh+ezgf7NlPSWk5/UKDiB5+cXauNdDCQFtvikvKmsv6hYU0f4bht4ezaXvDbNOamlrS93/GHWOGMfmu0Xh5QWBAd4Arxj186CA+O5LPbeH9OuRnISIiIiIiIiIicjPqkk06F8yZRJWnhoz9Dl5d/jYJ8aPpF9aQJC0ocrE97QCe6nOMGxvFgjmTOiyOlodI+Xh7NydAAUpKK3AWunj6l69f0iZiUF+CrAEYDD70uMohUSUnK/Du1g1fX0Nzmdnki6f6HJWNCdQr9eNr8KFbt4sz60xGXyyNh1r5+5ku2Vs156iTtZv3UlxSjqe64SCumFGRrfbVpPrcOU5VnmHYbf0vW5ZfcrKCSvdZfvHSXy4pb9mviIiIiIiIiIjIt0GXnXL06EPTGR8TxYat6byevP6SZ0PC+/HMYw8SGWHr0BiaDpG6kt7BgfTvG8IPvjcDk8l4SZuWMzzb0jsokPMXLnDuXG1zmaf6HGaTLwE9/ClrcZjW13G2qprUDbsJDOjOs08+hMlk5G9rtrerrcnXl54B3Sk/dZr6ei5JovYOCqSnpTuPJ86mZ4vvx+irQ7FEREREREREROTbpVMzYjlHnfiZjc1L8iMjbPwkYj5Vnho+zsoBYMyoSPzMxkvanSx3U1Ze2eEJ1ZaGDwtnd/onZGblcFesnfMX6jmY/QXR13Cg1aABoZhNRt7d/E/m3R9PpfsMm7ZlEBU5CMsNSKB269YNX4MPvgYfjL4Gvswv5uiXhdw+ZMBV2xqNBkYPv40NW9MZ1L8Pw4eFc7yghLIKN2NGDsHPbGRPxifcl3An3t28+OxIPmF9gggfEHpdMYuIiIiIiIiIiNxKOi2BWuWp4fXk9fTvG8Izjz94yTM/s5H3dnyEFzBh3IjL2ia/9T7OolJe+kXSZcnVjmILC2bx/Gm89e5O3tuWgcHHh9EjhhAbPbTdfQT08OexxbP4a+pWfv6bP2Pw8WZcTBQP3B9/Q06zN5t8WTBnEn/622Z+9uuVjIqKYEC/3u1uf/f4kZw7V8vaTXtZ/Y9tBFkD+M6Mu7B09+eH35/ZHLd3t24MGdyP+XPCrj9oERERERERERGRW4hXfX19fUcOUOWpoaColIPZX/Dhvmw81edIXDCdIGsAQwb3I+eokyN5BWzYmo7Z5Ms9E8cSOdhGv7BgnIUuyircJKdsaThwKtZOtP02+oUFd1oiVeSbLP9YEV5eXtf0Alq9b7pu+d7WdVtl7WH207YSIp2lpPQUvYN7dnUYIiIiIiJyE/JU1XV1CB2qw7MPP/vViuZ9P2dNi6PKU0NyypbL6s2cOg4/s5HU9bsvezZlwmhsfUNIXbeT7WkHsAZa+O0vkjo6dBEREREREREREfmWu/x49hts/pzJAEQPv42E+DHMmhZHv7BgzCZfFi+YjtnkS1xMFLOmxZEQP4ZxY6MueWYLC2bBnEmMj4liVOP+o7OmxXV02CIiIiIiIiIiIiIdPwN1fEwUZeWVfJjpwFnoAqCgqJTHE2cTbY/Az2xkefJ6Zk5tSIpm7Hcwf/bdjI+Jan7W1C4n18nMqeMYHxPV0WGLiIiIiIiIiIiIdM4hUlWeGsor3Lzwf1ZfUgY0J0ef/fVKAMwmY/OzpveW7U6WX9/J9SIiIiIiIiIiIiLt1SkJ1LLySoaE92PWtDhOVrjZsDUdj6caAD+zEWughQVzJuFnMpKyfldzktTjqcYaaGHWtDiCAi2XtBMRERERERERERHpaF719fX1XR2EiHSN/GNFeHl5XdMLaPW+6brle1vXbZW1h9mvU/4GJCJASekpegf37OowRERERETkJuSpquvqEDpUhx8iJSIiIiIiIiIiInKrUgJVREREREREREREpBVKoIqIiIiIiIiIiIi0QglUERERERERERERkVYogSoiIiIiIiIiIiLSCiVQRURERERERERERFqhBKqIiIiIiIiIiIhIK5RAFREREREREREREWmFEqgiIiIiIiIiIiIirfDp6gBERG5d2by+dCtZV3pkn8bKRHtnB3QLqCQnbQupO4txnj4PgDkkmJip01kQHYKhi6MTERERERER+SolUEVErlePfsyfPRRLyzKrrauiuYmd5WDyapZn19DLPoLFo0IwUElO2iHS3txOpP1hYq87g+ri/d+uZq2rH48vm0/09XZXso1fvnyIE0qIi4iIiIiIfGspgSoicr3MVqKiRxLa1XHc5GoPrmd5dg19Jj/Ei/eFNZfHRsczy11JgKafioiIiIiIyE1ICVQRkQ7TNBsymPgJdaTvraAOb/qMm85TMcdYscLBl9XgExLJE0/ej90McJa8HetZ8UExZXXgEzKQxKR5xFppng3J5AQSCtNJyanCvngpT4Sk8buVB3BUnMfHFMzEOVYcKTkwYxEvTglpV58n7CNYWHuUlJwq6nz8iJo9m6fjmpKcleTs2ERyU3tTIPZpdgLS9rLHM5infj2HprmZlWl/4Zn1NUx58jEWDGj5XVSSnlYMBJIwIYyvCrAENF7VcTx9DSvXF3CiDvDxI2rqdJZMGYQfcDB5GcuzLcTPDuXIphxO1LX4/tyNnwWAApYvXQYhI3jhp3HUZu7iza1H+bLiPOBNr8jRPLUkvjHpXcfJg+tZ/s4xnNUNYw6KiWNO4D7+v83uhrCyt5K0dCt9ZizixbhyUlbsYs/xKuoAc9hAFibOJtaqX6kiIiIiIiLfRDpESkTkerkO8dzSZSS1eL3+acsKpWQWhbFw4QTiw85zImMTzya7CJ+TwOJxFupcOaSmuwCoTE/lN5uLwR5D0sIJTOxRzMpl68hp0duJndtJqQggekIMCVYHK36fiaPCSMzsBBLnhOBcl9OYRKTdfZKdw76QMSQujGFUjyocazbxfknDo5y3VvNqc/sEFk7250SuN9PjA6E6l+0Hqxs7cfJ+WgWERXHvJclTgBqqqgH8sVi++qxlrG/w4poCqoaOJmlhAvPt4Ni8lld3uFrUcpOWVsPEBQksnhCIwZXDaynZYI1i/sIYRvUACCR+YQJJs6MIooYjmU5o7HPxBAtVOZmsTCtvHvPZN49xsm8UixcmkHSfDQpdmJpaw+IAACAASURBVOwTSJrdr2Frhv6RjfEY2bd6EzuO+xC3IIGkhTHE+LjIzK9r/UOJiIiIiIjILU3TZURErldgFM88OY4+LYoM5pYVQpmfNJ3xBggv/4S0IjdR9z3IghgTjKojM2M3juMNCcL0vRUQOIKnFjXMjowNq8Tx8iH2HIbIwMbuwmJ4aWk8AQAHU3m1Gmyz57Mk3gqMJLZHNU+uzG2s7Gpfn5HjeHrOGAyArTyHrM1u8lxA72y276+BkIvtYSTjAWohav1uHJkOaqPHYMh3kFkBUffF0jSf9KI6qmqv9kU2xmoaTGLipIZZrdFWTua+zY69B8ibMr2xnpEpi+aRMACI9iZr71ayXMUUG+zYo31wfpBJ1ml/7NEjm/dATXj8MRKahmlqk1sE8Q0zg6EfiY9Pb6w/ktj4hqrhONlIAW7LQGKj7UAlezyAyUL44Aiirf7ERsdf7YOJiIiIiIjILeymSKCeLHeTsd8BwKiowdj6hnRxRCIi18DgjcUScIWkYRNv/L6yv6fBZGq8MLY4ed7VkLTkEM8tPXRJfXN5JTQlO63W5rGKyxuWmPcKtF6sHOjfIpZ29nlJHC2UFDfMZg0JvXyPV8MYEsbuxbH/E9LdY+iVfhi3aTAJ0aYrdGSlTwhQcRa3G7jiLNTGWEP86dVcFkp4GOzIqaSyucxIwJWGaFU5+95ax5tZFXgumyjaNKb1kgR46wKYuCiBvORdvPnrP7IKb3r1H8rCxOnY25hZKyIiIiIiIreuLk+gOgtdvLL8bTzVNQBs2JrOM489SGSETrAWkW+bEMJDIKs2kmeenPCVGa0BUH55i1CrBXBTVlEONCZRK85SCY1J1Gvv8xK9Q+gDnHAVU4z9siSqPX4ovfY72JOZRq/95+k1YQxXPqveRGxMKKtyitm+t4iJ9126D2qVuxI/S2OsnvN4mp8Uk1cE9GhIUFdyNT6X/2Y7vIuV+yswR44maXIkkSEFJP/vvTT82c5Kn0DAVc4JuEKS2OfyxLJ1JIlLR5JINVWFh1ixfC+vpQSzfMmYKyehRURERERE5JbWpQnUlsnT+bPvBiB1/W5eT17PTx5/UDNRReTW4CnHcfATnC3LrAOJvWwf0KsJIW5CIGvX5JC83sJcewDUucg6CBOX3EPklZrYRxJjKiBzfSoriGOUuZg963LxcDGBes19XmIkCWP3krX/EK+tNjLXHkBt+WG2HI/gucQxGPpGMSrQwY7NmTjxY0pM63/8MkTP5vGsZJbvfIufuUYwc1QIBirJSXOQfjyAxJcebozVwYrVfsy1B+DOTmfHabDNGE04cPCq8VoJD/OGomLeX5dNr3gboWYjzTsqnC4lM+PjxuQpQBgJkwPZsqaA5OVbqBoXiuG0k+0HjSx86h76W23YTAdwHt1HyqdWEgZ4kZW8hn19R5AwOADqinBXXzEQERERERER+YbosgRqy+Tp4gXTGR8TBYDZbGJVyhZeWf62kqgicms4XUDqmwWXltmnEZt47f9+BcQ9wm/M61n+TiYrswAfb2xDR2PwtNLAMJQlT56ldtVeMtdv56ApmIlzInGn5Hz9Pr8i8qGHSTK8R2pmQ3sfUyD2aVZqAQM27o0PZMf6xsOj+rbVkz/RiYt4Jm0LqTsdrMpu2FLAHBJM3MIEog1giHuEX7KGleubYvUjasZclkxp/3cZOWc2c09vYcPerbyYM4IXfjqJp2e4ef2DA6zMMTJkXiSjsg6R1fz9zOfZuvdI3uRgVa4DfPwYFBOHHwARzF8ygsrkQ+xY9RaOGQ+QGB1M+s4DrMw43xB/WCRPLdLsUxERERERkW8qr/r6+vrOHrS15GmTDzMdrErZgtlkVBJVpAPlHyvCy8vrml5Aq/dN1y3f27puq6w9zH5dvgvJzSl/C0t/7yBgRiLPTbFevf51qj34dx5/s5iohU/w9BX3P5VvgpLSU/QO7tnVYYiIiIiIyE3IU3XZgRPfKJ2efbha8hRoLtNMVBGRq3GS8qs1OPpGMX1UCIY6F5lbHbixkGDv+OQplLNnZzG0eniUiIiIiIiIyK2tUxOo7UmeNunIJKqn+hyvrVxD7rGi5jJfgw8Rg/ry3ZkT6RcWfF39V1Se4aXf/50HZ9/NmBFDLnuel1/MH9/YyI8emUn4gMuOLOkUGz/IwJFzjKeS5mE2+XZJDCJyI1iIjreRl3ZxSbxPYChzn5zNvb07Yfj8fWwvoo3Do0RERERERERubZ2WQL2W5GmTjp6JOvXusSTEjwHgzJkqtuzK5OXXU/nB92Yw4vbwGzaOiEjHCSAyfh7/Fd9Fww+YzkvLpnfR4CIiIiIiIiIdr1tnDPJ1kqdNxsdEsXjBdDzVNbyy/G2cha4bFpfJ6EtgQHcCA7pj6xtC4kPTGT5sEBu2plPlqblh44iIiIiIiIiIiMitqcNnoLZMng4J73dNydMm42OiSN+XzZG8gg7dE9XH25sJd47gj3/dwPFCF0MjbOTlF/P2ht3kO0s4f+ECo4ffxiMPTsXPbKS8ws0b/9jGZ0fy8e7WjTEjh/DAzIvTwIpOlLFl59/ILzhBSFAgP/jeDAba+jQ//+zIMf7y1vu4TlYwqH8oP/jeDIJ79Wx8ls9b7+6kpLQcP7OJqRPHMnXSWHy8vSkpreAfG/fw+ZF8auvqGNQ/lB8uuh9roKV5e4A7Rg/lX/s/J6xPL554dA6f5Rxj9T+2cfpsFUMG2+gdFHjDvz8REREREREREZFvmg6fgfrK8lQ81TduNmfTTNSO0t3fjJeXF2erPABUus9wx+hh/PrZR/n509/jeKGLHXsPAPDu+//k3LlaXvxpIs8tXUSP7mZOn/E095Wemc382Xfz4k8fxd/PxOYd+zh//gIANTXncOTk86Pvz+K5pd8H4M9/fx9P9TmcRaX8+e+bGXF7OC/9PIlHvjuVbWkfs/vDTwA4W1XNQFtvnv/JYl786aN4d+vGmk17qa9vGLe6uoaPDhzmOzPu4tGH76WktILV72zjzrG389LPk5g8PpqPDx3psO9QRERERERERETkm6LDZ6DGxdiJjLCxPHn9DUmkPp44m5yjzhsQ2ZWdO1fL+fPnm++jh9/WfG0NtDDQ1pvikrLmMrPZSIDFH5PRl/mzJwENh0gB3HfPOCIG9QXAPnQQjpxjnKutA6Bbt25MnxRDv9AgAL4zYwIrV79H0YmT5OQ6CbB0Z8aUO/D3M2ENtHD0WCEHPv2CCXcMJ3xA6CWHTw0bMgBHzjGqa84B4O3tzffmTmFk1GAAPtyXfcX+8vKLb/j3JyIiIiIiIiIi8k3S4QnUBXMmNV87i0oveXay3M2zv155xXbP/ceiKy7Tj7ZHEG2PuLFBtnCutg6Djw89Ld0ByDnqZO3mvRSXlDcngGNGRQIw7/54/rZmB//+y+X4+RmZND6aqRPHNvfV1un2BoMPPbr7Nd/7GnyoravjlPsMJaUV+Bp86Nbt4gRhs8nIqcozVJ87R9kpN6nrdnG80MWZsw0zXgcPDGu179b6ExERERERERERkbZ1eAK1LWXllUDDzM6gQAsAJyvclFe4u+QQp7rz59n7r0ME9uxBaO9enK2qJnXDbgIDuvPskw9hMhn525rtzfV7WrrzROJs6uvhmPMEf3xjI9aePRg2ZMBVx6qtreP0marm+5aJ297BgTiLSrlw4ULzc091DT0DumPw9mHNe2mcPuvh6SXzsPTwZ3vax+QeK2p1rN7BgeTlF1NbV4cZ3+b+REREREREREREpG0dvgdqe4yPieInT8znJ0/Mb/WQqcgIGzOnjruh41bXnKOi8gwVlWfILyjhf/68js+O5PPQdybjZzbSrVs3fA0++Bp8MPoa+DK/mKNfFgJw/vwF/rFxD/s/OcIp9xm8vKCbV/sTkxcuXGDLrkwKik9SUHySdzfvJbR3L8L6BDF8WDiV7jNs3vER5RVuDhz6goz9nzF6+G2YzUZMRl8MPt6YjL6UlVdy4Cr7mQ4fFk6Vp5qtuzKb+0vPdFz39yciIiIiIiIiIvJN16UzUK/FrGlxN7zPD3bv54Pd+4GGJfQRg/qy9EffpV9YMNCwBH/BnEn86W+b+dmvVzIqKoIB/XoD4OXlRVifIFLX7eKU+ww+3t6Mj7UzPtaOp/rcVcc2Gn0Zdlt/XluxhsrTZxjUP5RHH5qO2eSLLSyYf3t4Bm+9u5Nte/bjZzYxdeJY7h4/Ei8vmHffBP7/1e/xy9/+hQH9+hAZ0Z8TrvJWx7KFBbPogXv425odbNuzn0H9Qxllj2izjYiIiIiIiIiIiIBXfX3T2e0dK2npMgBWLlvaXJZz1Mmrf3ibmVPHNSdIN2xNZ+MHGTzz2INERtg6IzSRb638Y0V4eXld0wto9b7puuV7W9dtlbWH2e+W+RuQyC2vpPQUvYN7dnUYIiIiIiJyE/JU1XV1CB3qpljC3x4btqaTun5XV4chIiIiIiIiIiIi3yKdlkBt60T69tj4QQYf7su+QdGIiIiIiIiIiIiIXF2nrX8dZb+NjP0OklO2MD7GDoCzqLTV+s6i0uZlvR9mZjf3ISIiIiIiIiIiItJZOi2BOmtaHDm5TtIzHe06Af6ry/WtgRYWzJnUUeGJiIiIiIiIiIiIXKbTEqhBVgv/vfQR0jOzqfLUXPIs2h5xxesmfmYjcTF2/MzGDo9TREREREREREREpIlXfX19fVcHISJdI/9YEV5eXtf0Alq9b7pu+d7WdVtl7WH267S/AYl865WUnqJ3cM+uDkNERERERG5Cnqq6rg6hQ3XaIVIiIiIiIiIiIiIitxolUEVERERERERERERaoQSqiIiIiIiIiIiISCuUQBURERERERERERFphRKoIiIiIiIiIiIiIq1QAlVERERERERERESkFUqgioiIiIiIiIiIiLRCCVQRERERERERERGRViiBKiIiIiIiIiIiItIKJVBFREREREREREREWuHT1QGIiNy6snl96VayvlJqDgkmZup0FkSHYOiSuNqhZBu/fPkQzFjEi1NCujoaERERERERkZuWEqgiIterRz/mzx6KBaDORebOQ6S9uZqs7Gm8uMiOX1fH1wkOJi9jebaFuf+ZxL29uzoaERERERERkRtHCVQRketlthIVPZLQxtvYmDgOJiezPGs7qTF2Eod2aXQiIiIiIiIich2UQBURueH8iZ4RSa/sQ6RnHiZx6FDgLHk71rPig2LK6sAnZCCJSfOItdK8nP6EfQQLa4+SklNFnY8fUVOns2TKoMYZrG20/zSVpFUF9BkXw5DcA6S5zoOPhfjEh1k01B+A2sI0Xl+ZieM0+PQIZdZ9lq/E/DXimz2bp+PKW2xj4Gbty8tYSz8eXzaf6JKPeX3VXrJc5wFvekVGkbjgHiK/OrSIiIiIiIjITUyHSImIdITeodgAXMWcBCrTU/nN5mKwx5C0cAITexSzctk6clq2yT7E++YoEhdOYMqA8zg2r2VF5lloZ/sTGQ484yaRtCCKQT5u0la+x0GA2mxWLM/E4bEQNzuBxPusZG/K4USLtu2LL4d9IWNIXBjDqB5VONZs4v0SG/cuTCC+P4CRUbMTSFoYSzhOUlbuJssdwtyFCSQtiMJWcYyDp2/8Vy0iIiIiIiLSkTp1Bqqz0EXq+t3k5Dqvua3ZZGT+nEmMj4m68YGJiHQoF+l7KyBwBE8tiicUiA2rxPHyIfYchsjAxmphMTy7KJ4AINbuzYmf7caR/jGVMUPbbt/Y3DLhfpbE24CRGLIdLM92c6IEKHKQVQ1DFjxMYow/MJJoynk8pfja4oscx9NzxmAAbOU5ZG12k+cK4N7okVRmbScNI+GRI4ntDXAUjwewWIkcGkm4eSSxMZ3wVYuIiIiIiIjcYJ2WQD1Z7uaV5W/jqa6hX1gwfibjNbV3FrlYlbKFyME2gqxa/ykiN7mSYpwAIaEE4SLPBXCI55YeuqSaubwSmhKUVisBTQ8MNiJDwFFdQ9XV2vdouPbrceV/V4vL3Q3PTf7NZYb+wfThYgK1XfEZjBja8dEbRDB/yQgqVzv4zS8c4OONbWgcixfG0r/9nYiIiIiIiIh0uU5LoG5P+xhPdQ3zZ99NQvyYa26/YWs6Gz/IoKy8UglUEbnJneXg5hzKMBI3bijgIjwEsmojeebJCfRpUdNgDoDyxpvyciqhIYla6yTHBfQ34kdI2+0Ptx1NqNUCuCmrKAesANQeL+UENPZ1lf7Lv9rj5QxX+G3iN+Aenv7FPVB7lpP5u3jtD3tZvimUl+bYrt6hiIiIiIiIyE2i0xKozkIXAHEx9s4aUkSkc3jKcRz8pGHGaZ2LzJ2HyHKBZdQ05kcAhBA3IZC1a3JIXm9hrj0A6lxkHYSJS+5pXoJPUSa/WQ1z7SbyMvbhAAbF2AnA2r72rbGPJMZUQOb6VFYQxyhzMXs2Fbeo0M742mAbHAhZFezZvI/IqZH06VtM6vN7qZowkhirEcrdVELjgVgiIiIiIiIit45OSaB+mOnAWVQKQHLKFhIXTMfPfPlSU2ehC1vfkM4ISUTkxjldQOqbBc235pBg4hdOZ0F0SPOS94C4R/iNeT3L38lkZRaNS9pHY/C06Mc+gns9DpLfbDzlfsZclsRZ29++NYahLHnSRdXKA2Su387BHqHMui8Sd8rFI6Kuq38gIG4OSflrSN6/l99kf8njy+4hym5k4869rKwG8KZXZAxPafapiIiIiIiI3GK86uvr6zt6kNf/so4sR27z/XP/seiSROmHmQ5S1+3CU13T6mFRTUv4n3nsQSIj9B9wkRsh/1gRXl5e1/QCWr1vum753tZ1W2XtYfbr1HPwOk7JNn758iFO2KexMlGz9OXmVFJ6it7BPbs6DBERERERuQl5quq6OoQO1SnZhycencMrr6dyJK+AlcuWXvLsZLmbVSlbMJt8GRLejyN5BaxK2UK0PeKKs1RvBE/1OV5buYbcY0XNZb4GHyIG9eW7MyfSLyz4knoATyXNw2zy7ZB4RERERERERERE5ObU5dO3srK/ACAhfgyzpsWRsm4XO/YewFno6vCZplPvHtt8oNWZM1Vs2ZXJy6+n8oPvzWDE7eGYjL48kTgHAJPxxiZPV6x+j/JTp5WYFRERERERERERuYl164xBNmxNb94D9dXlb3Oy3N38zBbWsJQ/K/soR3ILOJLrBOiw2actmYy+BAZ0JzCgO7a+ISQ+NJ3hwwaxYWs6VZ4avLygR3czPbqb+ZorjEVErq73Pby4bKmW74uIiIiIiIjchDplBmqVpwZPdQ0AxwtLLnnWyxqA2WTEWVTKK8tTATCbjJjNps4I7RI+3t5MuHMEf/zrBo4XuhgaYWPF6vcAWLLofjZ+kMEnjlxsfUPYd+Bz5t43gfGxdt55L42MTAcXLtQzPtbOAzPjMRl9uXChnt3pWWza9i/cZ6roaenOtEkxbNuzn/JTpwF48uf/l1nT4pg5dRyfHcnnrXd3UlJajp/ZxNSJY5k6aSw+3t6XjT17+ng+/TwPs9nEDxfdj7d3Qy58zaY0vsgr1MxWERERERERERGRG6BTEqgL5kzCWejiSF4Bv//1/2our/LU8MKyN/BU19AvLJhoewQHs49SUFTKq8tTeW7pI50yE7Wl7v5mvLy8OFt15aOn8wtK8Pcz8dSSefQLDeGdjWk4cr7k33/4AD26+/HX1K1s2v4v5t0XT3pmNu9sTGPe/RMYPWIIxwtKKCk9xX89/T1W/2Mble6z/NvD9xJg6Y6zqJQ//30zd465nSl3zeOYs4TV72zD19dAQvzoy8a2hYXQ3d/Mui0fUlbhJiSoJ1WeGj4/cpzY6KFKnoqIiIiIiIiIiNwAXboH6oat6Xiqa5gyYTQL5kwCYNa0OP7y1hYy9jvYnvYxs6bFdWpM587Vcv78+Vaf9w4O5NGH7iXA4k+l+yyOnC+5755xRAzqC8C9U+7g/R0fcaryDOn7P+OOMcOYfNdovLwgMKB7cz++Bh+8vbsRYOmO2eTLp5/nEWDpzowpd+DvZ8IaaOHosUIOfPoFE+4YftnYAFGRA9m84yOO5BUQEtST3GNFnK3yMMoe0YHfkIiIiIiIiIiIyLdHpyRQU9bt4kheAQBP/vx/eG7pIwRZLTgLXQAcyXXy6vK3m+tXeaoByDnqhGmdEeFF52rrMPj40NPS/YrPu/ub8fU1AFB5+iye6nP8NXUrf03d2lzH2rMH7jNVnKo8w7Db+rdr/9SS0gp8DT5063ZxW1qzycipyjNUnzt32dgAARZ/Igfb+Ojjz4gZGcmBT79g6G0DCO7V8+t8dBEREREREREREfmKTkmg+pmNmE2+eKrPYQsLvux50wFTV2rXmerOn2fvvw4R2LMHob17XbV+QA9/zCZfZk8ff8msz27dvPD1MdAzoDvlp05TX89Vk6i9gwNxFpVy4cKF5jJPdQ09A7pj8m19Of6dY4bxp79t5vDR4+QcdfLQdybrwCsREREREREREZEbpFMSqLOmxZFz1MmRvAJ+8sT85vKW11fTlEy9kUnV6ppzVFSeAcB9+izvbv4n+QUl/PjROe0ax9LDn6jIQexJ/4QB/XoT2LMHJa5ySssqueuO4YwefhsbtqYzqH8fhg8L53hBCWUVbibfFc3ggWF8mfYxZRVu+oUGMXxYODv2HmDzjo+Yclc0x5wlZOz/jPsS7sRoNLQaw4B+fQgJ6snbG3bj72di8MCwG/b9iIiIiIiIiIiIfNt16R6oACfL3Wz8IJ2ycvcl5ZERNmZOHdd8nxA/hrgY+w1NoH6wez8f7N4PNOxJGjGoL0t/9F36XWGW7JV4ecEDM+N55700lv3hbWrr6gju1ZPZ08cDcPf4kZw7V8vaTXtZ/Y9tBFkD+M6Mu6ivh3Fjo/gir5AXlr3B2JFDWLLofv7t4Rm89e5Otu3Zj5/ZxNSJY7l7/Mg2Y/D19WGUPYKUdbv47syJnT5rV0RERERERERE5JvMq76+vr6jB3n9L+vIcuQ23z/3H4uw9Q0BGvY5ffUPb1/Wxmzy5fe//l8dHdo3wieOXFLW7eTff/hdQoK0/6m0X/6xIry8vK7pBbR633Td8r2t67bK2sPs1+V/AxL51igpPUXvYP2OERERERGRy3mq6ro6hA7VKdmHUcNvIyfXiaf6HKOiBtPLGtD8LDLCxjOPPXhZm5Z1AKo8NRQUlTJkcL8Oj/dWcv78BT7MdGDr25tegZauDkdEREREREREROQbpdvVq1y/8TFR2MIaZpzOnzP5smXmkRG2y15B1kuTgemZ2byyPJWco87OCPmWUXTiJLnHChkfE4W3d6f8OEVERERERERERL41Oi3j1rRkPyv7i6/VvspTcyPD+caw9Q1h2fOPMTJqcFeHIiIiIiIiIiIi8o3TaRsIJsSPIT0zm9T1u0nPdOBnNl1T++OFLuDypf0iIiIiIiIiIiIiHaXTEqhBVgs/eXw+Ket2cSSv4Jrbm02+LF4w/bKl/SIiIiIiIiIiIiIdxau+vr6+q4MQka6Rf6wILy+va3oBrd43Xbd8b+u6rbL2MPt12t+ARL71SkpP0Tu4Z1eHISIiIiIiNyFPVV1Xh9ChdOqQiIiIiIiIiIiISCuUQBURERERERERERFphRKoIiIiIiIiIiIiIq1QAlVERERERERERESkFUqgioiIiIiIiIiIiLRCCVQRERERERERERGRViiBKiIiIiIiIiIiItIKJVBFREREREREREREWqEEqoiIiIiIiIiIiEgrlEAVERERERERERERaYUSqCIiIiIiIiIiIiKtUAJVRORry+b1pctI+u02ijtpxIPJy0haupL3SzppwC4eV0RERERERKSr+XR1ACIi0n72BT/g1Vof/CwdOMinqSStKqDPjEW8OCWk88YVERERERERuQkpgSoicgsxmAMIMH97xhURERERERHpakqgiojcKCXb+OXLhzgxOJIptUfZcfw8+FiIT5zN+MNb+F1GKZ46b/qMm86zDwzFDxfv/3Y1a13BxE+oI31vBXU0PH8q5hgrVjj4shp8QiJ54sn7sZsbltIvz7Yw9z+TuLc3UJLG71YewFFxHh9TMBPnWHGk5EDj7NGG+v1YnOTPluQcTlhH8MJPx1C2YxtrdxbgrAZ8vLHFTOeZB4aSk7yM5dkNH+fE5tUkbYZRi5cSt/8r47oPk5K8iz3Hq6gDzGEDWZg4j1hri+/BPoKFtUdJyamizsePqNmzeTourMt+PCIiIiIiIiJfR5fvgeosdPHCsjdIWrqMpKXLeGHZGzgLXV0dlojI15d7DOeAOJIWDMZW5yZt5WpeLwph/oIJxIed50TGXvZcspdoKZlFYSxc2PR8E88muwifk8DicRbqXDmkpl/h38Xaw6z4fSaOCiMxsxNInBOCc10OJy6rWMCq5GOYh0Yyd3JD4jZzr5tekyeQtDCB+UONODO2kHoYwicnkDQuEACLPYakhQncO+Cr/R0l+beb2FFkJG5BAkkLorCVH2PlsjVk17aolp3DvpAxJC6MYVSPKhxrNmkPVREREREREbnldPkM1L+kbKGgqJR+YcEAOItKSU7ZwnNLH+niyEREvqbIcTw9ZwwGXJTtzMXpCmVu0nTGGyC27ihpKcXkuYDeTQ1Cmd/4PLz8E9KK3ETd9yALYkwwqo7MjN04jruAkEvHyf6EzGqwzZ7PkngrMJLYHtU8uTL3KwF5E5f4YxKHXixJfL7FTZiLPdmHyCt0ETBlJLHuw6zMqMCv/1BioxvGPNiyu08/Jr0abLPnsCimYdxoynk85Rjbs6qx9//q9wC28hyyNru/8rlFREREREREbn6dmkB1FrrY8EEGHk8NvawW5s+e1Jw8/e/GhOn/XvYGzqJSqjw1pK7fRVm5G7PZyKyp47D1DbnKCCIiNwGDEcMlBd74NRYYTN5XaHDxeXMXJlMrfV1UXO4GoFeg9WJhoD8Bl9X0p09gi1vPl7y/egsbchqW3zfp08o4SvLOkgAAIABJREFUl43runxcQ5iVXhRT5na3+BCtxy4iIiIiIiJyq+i0BKqz0MUry9/GU13TUJALOUedAAQFXjzWOSjQQkFRKS8se4Oyiov/Ec856uQnjz+oJKqISKNQqwVwU1ZRDjQmMyvOUglXSKJedDJ9O2tzqrCNm8DcmIHYag/wmz84LlYwtP2rITSkYdza6mqgIdFbW1ROGRBlsbTVVEREREREROSW02l7oG7Ymo6nuobFC6bz2q9+zKiowZRVuLEGWpg1La653qxpcVgDLZRVuBkVNZjXfvVjFi+Yjqe6hg1b0zsrXBGRm599JDEmcK5PZUXaJ+zL3MIrq3PxXKWZwWxsvq4qP8b7HxylrGWFsGAGAScydvFhfhGVX+1w+BjiTOBY9zYpmQ3j/m5dMZgGkjDKdGM+m4iIiIiIiMhNotNmoFZ5GmaeRtsj8DMbeeLROZc8dxa6MJtN2PqG8NtfJF3yLNoewaoWfYiICGAYypInz1K7ai+Z67dz0BTMxDmRuFNy2mwWEHc/SflrSM7Yy8pMC/H3DaRPbos2lniWLCzltZRjrPr9W4xavJS4S3qIIPGn92FO3sWelO3sAMxhA0lKnIdda/ZFRERERETkG8arvr6+vjMG+stbW8jY72CUPYInEmc3l391ab/ZZCR6eATzZ0/Cr3GW1Ot/WUeWI5dxY6N49KHp1x2Lp/ocr61cQ1TkQGZOHXfZ8xOucl79w9s89J3JjBkxpM2+Pj50hD/+dSM/+v7Mq9YVudnkHyvCy8vrml5Aq/dN1y3f27puq6w9zH5dfg7ezSd/C0t/7yBgRiLPTbFevb5IO5WUnqJ3cM+uDkNERERERG5Cnqq6q1e6hXVa9mHBnEnk5DrJyj56SbnZbAIacrhmky9QT3qmA2ehi2cen4+f2UiWIxdroIUFcybd0Jgy9jsYNzaKIOvFPfvq62HvR59S6T7brj6GDwvn5ed+iL/f1ZetNiVurT17sGTR/V87bhGRBk5SfrUGR98opo8KwVDnInOrAzcWEuxKnoqIiIiIiIjcCB2+B6qz0MULy97gqV/8D+WNe542lZ8sdxNktfCTx+djNvniqT7HrGlxjBsbhbOolOXJ6wGwBloor3Dz1C/+hxeWvYGz0HVDYistqyRjv+OSspLScj468Hm7+/A1+BAY0B3fqxy6IiJy41mIjrdhLnSw6s3trEw5RDahzH3yYe7t3dWxiYiIiIiIiHwzdHjWL2XdLpxFpfQLCyaoxYFRryxPxVN9jsULpjM+JoqfPD6fF/7Paj7MdPDfSx8hJ9dJTq4TgB8nzmbD1nROVrhxFpWSnLKF55Y+ct2xRQ+/jX0HD18yC/XDzGx6WrpTf+HizgYlpRX8Y+MePj+ST21dHYP6h/LDRfdjDbSQl1/MH9/YyI8emUlgzx689Pu/Exdj5+CnX1BUcpKQoEB+8L0ZXLhQz+9WvIOn+hy5QGZWTvOy/8+O5PPWuzspKS0nJCiQh+dO4fYhA5r7vivWzoeZDipOuS8Zu7rmHFt2ZrL3o0O4T1dh6e7Hou/ewyh7BBWVZ1qNZaCtDwDHnCdY/Y9tOItcGHx8GBcTxQP3xwPwzntpZGQ6uHChnvGxdh6YGY/J6Hvd37mI3EgBRMbP47/iuzoOERERERERkW+uDk+gHskroF9YMP/dIuFZ5anBU30OgFUpWy6pH/T/2rv38Kire9/jn7kmk8CEDEmQXLhvwCZWEaMFK9sLtSi1WHVXerEVW2hre/Z2H7en3aftrrXt0+2x9LTPPtq9awuonEo8vUBtK1goCCW2RCAqaQkFRIYkkCG3gcx95nf+CDNkkplJgFzJ+/U88yTzm/VbvzX84/KT71rrXIVqwbmq09OtXpWVFCUOnfrm6uflbvQMyNjmVcyS3x/Q62/U6a7bF6j5dLv2v31Yd952gzZt3p1o1+kLaFrZJN2/7BbFYjE9V7VFv/jtLn32E0tT9vunvXX6zMfv1PhxOVrz4iv63bY9+szH79BXH/mkfvJ/f6c8Z64+ce9i5eZky93o0U9/9ju9b/57dNv779VfDr2rF/7f7/XPn7tPkhQIBFVXf0z/7TMfUSQS0X89/7K2V9fq3qWLFIsZikSj+sfP3iPn+Fy9Vv2mqjZt15TSSYk9JVON5XMPfEielnb9nzUbNWtaiT7/6Q8rGArrz/v+okgkpo2v/FF19e/onz93n8aPy9FzVVv0261/0r1LSWkAAAAAAAAwtgzJuvOex8PED4eKL9vvHqLOmVUmnz8od6NHjmx70v6kA81ut+r2myv10q93aMF15dr157dUfEWBZs8sS2o3Y+pkzZg6OfH+ytlTVVd/TIFgKGW/Sz+wQLOml0iSKuZOV139McVihpzjc2WxmBPL/iXp7b8eVZ5znO687Qbl5mTr+muvVE1tvY65T6rAlSebzaqP3HmTSicXSJKmT5msllavpK5/x3jFqCS99z0zVP1Gndo7zip/wvi0YwmFI9r39t+UnWXXxz5yq/KcuZKk0qWL1OHtVF39O0n33XHbDXpl25/lDwTlyM66tH90AAAAAAAAYBQZ9AC1tLhQ7kaPnlj9vCa68vTh2xeorKTo3IFRJt2/7Gbtf/uwJrryNKWkUAsrK9TS2pEI69wNzSorKZIkPfV0lU6c2w5goMyZWaaJ+U5t2rxb7xxv0qc/erssluStYRtPtahq43Ydb2jW2U6/JGnmtOK0fXZ9t/455WmTu6FZj3z96aTrs6aXqMCVJ4vFknZ/1UAwpE2bd2vfW39TW8dZGYbR69npxnLK06ZxuQ7Z7bak6x1nOuUPhPRc1RY9V7Ulcd01YbwCwTABKgAAAAAAAMaUQQ9QH1q+RGs2bJa70dP1amjWv39tpRYvmq+XX31d7kaPHvvi/ZK6lva3tHaorKRIDy5fonUbNuupZ17SYw9/VGUlRTrd5lVpcaEeWr5kwMZnt1u15JZK/ceaX+naq/5OM6YWy3vWl/g8Go3pF7/ZqTOdfj2y6l45x+dq6869OnKscUCeP6kwX1NKivTZT9yp7G7hZHaWXU2nWjLe+8abh7R7zwEtv/tWXTl7qtwNzVr/89/3+7lHjjUqFAonhax543PlyLZr2ZIbdU3FrMR1s9mk8bk5F/jtAAAAAAAAgNFt0APUspIifePRT8nnD+qJ1c+rpa1r+fniRfO1/8BhVdfUqf6wWwWuPB1vaJY/EEwcLCUpKUR98msrB2WMs2aU6Auf/rCKryjoVX1qNpuVnWWXzWpRdpZdLa0d2vfWIeU5x13wcxzZdpVcUaATTR51nOlU3vhcXXXlDO2oflM1tfV6//UVisYM7T/wN82r+Lu++8uyy2Qyafy4HEUiUVXX1KXdVqCnq66coW279ulXr/xRSxe/T8FQWDX7D+r2mytVPme6Xqt+U1NLJyl/wnidam6Vp6VD77/hqgv+zgAAAAAAAMBoZu67ycDYsHG7Wtq8uqZ8pqSu/Tsfe/h+LbiuXC1tXtUfcUvqWoK+bsNm7a6p042V5Xpw+RL5A0E99cxLcjc0D8rYrBaLKuZOl+vcvqHdmUzSvUtvkiR9/ck1qtq0Q3NmTbnoZy1dfIMk6bFv/qdefvV1lRUX6sH7P6ia2np95TvP6vGn1snd4JHNZumzr6srZmphZYWeWbtJ3/7f61VYkJdUxZpJWXGhPvPxO3XkWKO++t2f6Mn/eFGhcFgWi0n33bVIs2aUaPWPXtKXv/VfeuHnv1dWlq3vTgEAAAAAAIDLjMkwDGMoHvTU01U6dPSEfvjtLyUOkUrF3dCsp56pkj8QSlSi7q6p07oNm+XIzkos5wdw6d491iiTyXRBL0lp38d/7/4z0++ZrvWHI2dIzsEDIOmUp12TCicM9zAAAAAAjEB+X2S4hzCohqwCNR6a7j9wWJL09JqNWvnoan3l288mVZaWlRTpsYfvH5ZKVAAAAAAAAADozvL4448/PhQPmlzk0p79B/VGbb1efvV1nfS0yZXvVGubVx3eTl0/b26ibZ4zVxVzpyfaT3Tl6cbKck105emN2nodOHhMixfNH4phA5e1jvYzo7oC1WYbsr8BAWNepy+gcbnZwz0MAAAAACNQJBwb7iEMqiFLH+KVpdeUz9TsGaVacF25vvHopyQpcbCUJK15cbOeWP18r0rUrTv36cbKcpUWFya1BwAAAAAAAIDBMmR7oKbzzdXP60SjR2XFhZIkd6NHrnynnvzayq733fZEnZjvVEubV6XFhYnwFcDFYw9UAP3FHqgAAAAA0mEP1EH20PIlKi0ulLvRI3ejR6XFhfrSimWJz+OVqLNnlKqlzavZM0r10PIlwzhiAAAAAAAAAGPFsFegAhg+VKAC6C8qUAEAAACkQwUqAAAAAAAAAIxRBKgAAAAAAAAAkAYBKgAAAAAAAACkQYAKAAAAAAAAAGkQoAIAAAAAAABAGgSoAAAAAAAAAJAGASoAAAAAAAAApEGACgAAAAAAAABpEKACAAAAAAAAQBoEqAAAAAAAAACQBgEqAAAAAAAAAKRBgAoAAAAAAAAAaRCgAsAladYrT67WykertL8/zU/9Xl9/dLVWrj0w2AMDAAAAAAADgAAVAAAAAAAAANIgQAUAAAAAAACANKzDPQAAuOx4D2rD2u167bhPEUmO4mn65Ip7db2re6MmvfbjXdpQ71PEmqPy25do1W3TlTNMQwYAAAAAAKkNS4Dq8wf18qvV2r2nTv5AsN/3Tcx3avGi+Vq86NpBHB0AXIrDWvvkb1Udydei5Qs1R016bWOdnl39C+U8fq8q4s0OvKVXrqnUik9m6+jre7Ttd7/UDxwr9D8XujJ1DgAAAAAAhtiwBKhPr9moQ0dPyJFt1+wZpf2+79DRE6ratF0OR5ZurCwfxBECwEV6e6+qA1LZsrv1QKVL0tWap1Y9vOGYttYGVDHlXLviSv3rA4uUJ+n6eTlqeXSLamsOqGNh1zUAAAAAADAyDHmA6m5o1qGjJ1RaXKjHHr5fOY6sC7r3ie+/oJe3VBOgAhiRmpq9kqSJ+ecrSW3FLk1Uk1q83vMNXa5uQWmRZhRJtYGgfBIBKgAAAAAAI8iQHyLlcGRr9oxSffiDCy8oPJWkspIizZ5RqpY2b9+NAWBIROQLS5JVNkmTi5ySpHAgkGgRbmxVi6SJTuf521pb1ZFo4FZ9s6TsLPZABQAAAABghBnyCtQCl1OPffH+oX4sAAywDh3dX6/62r3a3CZpzjTNkaSr5mth9glVb3xJG3S1ZqhJr21skrKnafE12VLrudsba/TdF6R7Krr2QK2TVL5wPtWnAAAAAACMMEMeoJ5u9ar2wOGkw6OuKZ+pspKiIRuDPxDSD5/9hY4ca0xcM5mkSYUufewjt+o9s6cO2VgAjFZuvbJ+l2olWYvm6IsPzJdNkjRLK768VI612/Xahq3aJslRPE0rV9yrClu32yveqzv8dVq73qeINUfld96jVZW5w/FFAAAAAABABibDMIyheJDPH9TLr1Zr6859KT8vKy7U/ctu0ZxZZRn7eerpKh06ekLPrn70oscSD1BnTivW4kXzJUlGLKZtf9yvP+/7q/775/5BxVdMvOj+gdHi3WONMplMF/SSlPZ9/PfuPzP9nulafzhyhuUcPGBMOuVp16TCCcM9DAAAAAAjkN8XGe4hDKohSR98/qC+90yV3I0eufKd+sCia1VW3FVxerrNq+o9B3To6Al970cv6cHlSzIeEJXjyJIj2z4g48rOsis/b1zi/U03XKU/7/2rmk+3EaACAAAAAAAAGJoA9ek1G+Vu9GjBdeVafvctSYdHzZF0Y2W5dtfUad2GzVq3YbOmFBemXdL/xYfuHpQxxmKG3vzLETkcWZpy7tk/fuE3kqRVD3xIkrT3rUN6rmqLHll1nyTpBz/+ufyBUKIPR7Zdj6y6T20dZ/Sfz72c1L9rwnh95R8/nhTYAgAAAAAAABjZBj1A3V1Tp0NHT2j2jFI99LEladvFq07Xbdisqk079C8Pf3Swh6Zfb6nWr7dUJ947x+fo4QeXyZXvzHBXlymlRfrWlx9SzDAUCoW15sVXZLFYdEWRS6XFhfpf//Y5SZL3TKd+tO7Xmj2zVOPHOQbtuwAAAAAAAAAYeIMeoNa+/TdJ0oc/uFBS1yFS6zZsTmqzoLJcN557bd25V/VH3Drd6lWBq3eQ6W5ols8f7HOv1P64/ebreu2B+sy6TXpk1X0qKy7MeK/VYlGeM1eGIf126+vq9AX0TyvvTVTX2vPGKRKN6le/2yVXvlPL775VVovlkscMAAAAAAAAYOiYB/sBtXVH5Mp3JgJPvz+g+iPupJe7oTnRfl7FLEmSu7E5ZX8bNm7X93700oCMLb4Han7eOLnynbrzthuU5xynQ0fc/e6jpvagdux+UyuWL1HhxLzEdcOQNv9hj46+26QVy5ckbVsAAAAAAAAAYHQYkj1QC7otiS8rKdKzqx9N2za+96m7oTkRpsa5G5p16OiJfi2xvxQ+fzDl9Wg0lvT+yLFGvfirP2jp4vdp5rTipM9qag/q1R1vaOUnP5QUrAIAAAAAAAAYPYYkQPUHzgeSmZbwS0pUo050dYWOW3fulcORrddr6lR/rjI0vh3ApQoEQ2rrOCupawn/H/ccUGubV3PPVctOdDn11l+OytPSLrvdph27axP3elo69NOfvaLpU67QNRUzE/3k5mTL3dCsn/1ym943/z0qnVygto6zMptMys3NZhk/AAAAAAAAMIoMeoBaWlwod6MnsadpfAl/d658Z68Adcq5PUirNu1Iarf87lt6VaZerFd3vKFXd7yReD/BOU6f+ofbNWt6qSTploXX6NCRE/rqd3+q8bk5Wnh9uU63eSVJxxtOydPSLk9Lu/71Oz9J9PH5T9+lxpMt6vQFtH13rbafC10d2XY9suo+zZg6eUDGDgAAAAAAAGDwmQzDMAbzAVt37lXVph267aZrtfzuWzK2dTc064nvvyBXvlNPfm2lJKn+sFtrNmxWa5tXd92+YMCqTwFI7x5rlMlkuqCXpLTv4793/5np90zX+sORMyRF9AAknfK0a1LhhOEeBgAAAIARyO+LDPcQBtWgHyK1sLJCrnyntu3ap901dWnbnW716um1myQpKWidM6tM33j0U7p/2c1avGj+YA8XAAAAAAAAABIGPUDNcWQlAtFtO/fq0JETiWX6UteBTVt37tMTq59XS5tXC64r77VEP8eRpcWL5nOSPQAAAAAAAIAhNSTrX+On2rsbPXrqmaq07ViiDwAAAAAAAGAkGZIAtSDfKVe+UwX5Ts2ZVSZ3Q3MiVJW6lukvrKxQgcs5FMMBAAAAAAAAgH4Z9EOkAIxcHCIFoL84RAoAAABAOhwiBQAAAAAAAABjFAEqAAAAAAAAAKRBgAoAAAAAAAAAaRCgAgAAAAAAAEAaBKgAAAAAAAAAkAYBKgAAAAAAAACkQYAKAAAAAAAAAGkQoAJjlGEYwz0EAAAAAACAEY8AFRijotHYcA8BAAAAAABgxCNABcaoaDQ63EMAAAAAAAAY8QhQgTHqYitQTSbTAI8EAAAAAABg5CJABcaoaIQKVAAAAAAAgL4QoAJjFEv4AQAAAAAA+kaACoxRHCIFAAAAAADQN+twDwDA8AgGQ8M9hMtEq/b8/Df6ZY1HLRFJsshZPFl3LFuixbPy+rx7/9rVeuaAU/f8j5W6Y9KgDxYAAAAAAFwgAlRgDIpEogqFwhwIdcla9doP12r98SzNvukm3TM1SzrTpOrX61S1druu+M7dqhjuIQIAAAAAgEtCgAqMQZ2dvoyfD2SwelmHtK1v6rXjkvOmZXrs7rJzF6/W9YsW63RrpwqGdXAAAAAAAGAgEKACY5DPF7ik+y/rUPQieOvrdDxcpim2+BWrClzx5fudOl6zXeu3HNY7bVFJFk2cc63+adUiTe7VU+a2Xcv9S/XgylxtXluvk6736uu3e/St9U0qW7ZC/7bIda6fg1r71d+qeurN+uGq+coZ7H8AAAAwJhiGkfYz5ocAgMsZh0gBY4xhGAoEgknX4hPewZ74XnYTa9f1uqsiS2qu07e+slpfeHyNfrBxp+pPdQ+ogzpU45bmXquVn1ysB29yyldfo2d3tqbosD9tT2jd2mNyzJ2je26dq7x512phtuTeuUfHz7UI79+n6oBFCxcRngIAgItjGEav10C2BwBgNKECFRhj0lWf9gxR+xt2Xnah6AXJ1bwVn9d3396uX/7hsA40tqluV43qdtXIec0H9a0HKpQjlxY//AUtjt8yz6LaXVtUe6RRSlSMxvWnrUULV3xJK+aev+u2yu2q3vWOqhukKSUB7alpkvLLddtcAQAA9Fuq0LOva6nmgvFrfbUDAGC0IEAFxhhfp/+C2jPZ7YtVBVd9QKuu+oAkKXzqgDas36KdtVtVtaBCK2a1as+LG7W+tk3+SF999adtrq7IT74y5dZyle2qUfXOw1q+tFHb6qWyZddryiV+MwAAcPnrGZB2f5/ps57Xus8ZDcNIem8ymQhTAQCjGkv4gTEkEAjqbKdPJplkMp1/4WJ1qsObnHTaJlVo8dwcSVGFI5IObtezb7RJM6/Vyi98TN/7xk0qT9fdhbTtznm9lsyR/AcOaOuuerk1WUsW9KxuBQAAOK/nMvuey+9jsVjip9QVeprNZlksFlmt1sTLYrHIbDYnVZ12vz/Vkn6W+AMARhsqUIExpL3Ne0HtCVf70LBL3/1+nWxzyvX3lZPllBRuPaiX/+CTsmfq7+dKejdLjnj7Mx7VvL5Xden6c1xA2yTZmlc5Wao/oqo/SJpzrebZ+rwJAACMUamqTHuGmvHAtK/5YKo/yHcPUOPve1akproOAMBIRQUqMEb4/QH5/Kn3P+1Lpr2t+tt+INqOOCUL9PDyOXK0HdYv1m/Vs+u3at2rTcqpqNS/fPluzZGkqbfokTsny3Zkn55dv0v7Z87SNen6u5C2PdjOHSYldR0eRX4KAAB66h6S9qw2jQeeJpMpUVl6sfM0k8mUqFSNL9/v/oxU4wAAYCQzGfzXChgT3MebFI5EuqoEeizh7+9LUtr3canep/o907X+cuRQRH+eWxu+/ZK2qVxf/9oS9j/FgDvladekwgnDPQwAwEVKt1w//j6+PH+wRKNRxWKxtHPK+DUAwOjk9/V56MeoRgUqMAacPetTOBwe9Ocw6R1GB/equk0qW8ThUQAAIFmqqtPur3jF6WCKV6SmG0P3cQIAMNIQoAJjQMvptuEeAgZVp3bvPCI/h0cBAIAeMi3ZlySbzTZkfwQ3mUyy2bo2Gkp3yBQhKgBgJGIJP3CZO326TR3t3q6JcXyp1CAt4e/5M9Pvma71F0v4gaHDEn4AGH0yVZ52DzP721c0GpPValE02hW+xgxDFrNJhiGZzb0Pk8okEokklvSnm3MCAEaPy30JP+kDcBnraD+j9raOjMFlpvAz3T0AAAAY2TKFp5L6HZ5GIlG1tnt15qxPoVBEk4omJvVrsZglQ7JYzcqy22Q2mWWz9b0dgNVqVSgUSllxGj94irknAGCkIEAFLlOdZ33yeFrO/yW/R/WpdOkhKpNaAACAkaevPU/tdnuffQRDYZ1sbtG77pN653ijgsGQCgvzlZVlV26OI9EuXo2qsBQMRmSxmGSzWpXjyOoKVzOw2WwKhUIpPyNEBQCMJASowGUo4A+qqan5kvroeSrqxfYBAACA4dV979OsrKyMc7RYLKa2jrOqP/yu/lL/jsKRiCKRqCSpvf2MQuGwcuVIe28sJkUjMQWCYeU47MrNyU77rPg2AqFQSGazOXENAICRhgAVuMyEwxGdaGgasL/YM4kFAAAYPXpWn8YPa4rFYrJarX2Gp6db2/Vada1a270KhcJJnwdDYXX6/MrPc2YcQ8wwJMPQ2c6AQqGoxo/LltWaelm/2WyW1WpVJBKR2WxWLBZLClOpQgUAjAQEqMBlxOfzq6HhpIzYwE40e/Z1MX0z8QUAABhc6Zbux0NUqzXz//7VHzmuvx1162RzS6/PuraCkvyBoLp2hzLLbDYpGo3JZJJisdRnE4cjEZ0565fDYVd2VuqtA6xWq8LhcNL4uz+XEBUAMNwIUIHLRHu7V6dOelKfZNpjOf6F7Hnal4HsCwAAAAOjZ4jaV3jqaWnTgb8e1SlPa6/Psuw2ZWXZNW3KZJUVFylvfK6sVouisZjMZpNCoYhiMUOhUFjhc8v9u48jFI7IZDLJarXIYjannC9aLBZFo1GZzeZEgMq8EgAwUhCgAqOcYRg6edKjjnZvn5PMvg6QyrTv6WBMYJkUAwAADIy+Do6y2Wxp743FYl3L9ts6kqo/zWaTrFar5l99pYqvKFD+hPHKyrIrPoOLHxJldVgUi8WU47DLHwjpbGeg1zOCobBiZ2JyjstJuZzfZrMpEokkxtv9O1GFCgAYbgSowCgWjUblPt6oQCA44Ev2U/WXqooVAAAAI0v3ADIWi8liSb3/aNyf9tap6dTpXtenTynWrOmlmjGtRNY++ojvW5qbky273aaznX6FQpGkNtHoucOlLGaZU2wRFa9Cjc9FCU0BACMFASowChmGofY2rzynWxSNRFNWkWaqJgUAAMDlp+e+p/3Z+7S13asDB4/2ul4yuVDzrpqjK4pcFzyntFktGpebrU5TUMHg+YOoYjFD/kBIdrtVdlvvMVksFkUiEcViscQzWc4PABgJCFCBUcQwDLW3e+VpblEkEulfUBpvo9ThaqZ7U/XNAVIAAAAjS/dl96mW8qerQDUMQ/vfOpR0f9z7b7ha+RPGX/Q8zma1KsseUygU6TW+cDiSMkC1Wq0KBAKJcfesQqUiFQAwXAhQgVHC23FGJ096FA6HBzzYvNj9TzOFsExuAQAAhk6qvUMzhaeS1NDkUVuHV6FQOOn6wsqrVFSQf8ljys6yKRaLqdMXTBqTPxBSlt2Wci9Ui8WSqJztHqJKzC8pBMZSAAABX0lEQVQBAMOHABUYwYLBkLzeM2pv9yqYYp/TnqFnrwrTi1jG35/9TzPdCwAAgKHTs3q0+xJ+wzASe5P2FIvFFI5E1NZxNul64cQJunL2NBmGdKlTO5PJJLvNJr8ppGj3KtSYoWgsJqt6B6hms1nRaDSxjJ+qUwDASECACowghmGos9Mnb8cZeb1nFQ53VQP0XHJ/odWnqZbv97X0/2I/6y8mwgAAAAOr+7L9eIiaLkA1DOnY8SYFAsGk69OmFA9IeBpnsZiVlWWTz3/+OYakUCgim9Uqs7n3vLZ7eNq9EjX+HZlHAgCGGgEqMMRisZhCobDC4bDC4YhCoZDC4YjC4bB8Pr9i0Zik1MvjU1Wb9nx/oYdHZbpnILYJAAAAwODqvny/+/tMYWOnz6+2jjNJ13JysjUuN1u5OdkDNjaz2SS7zSp/IKj4EA3DUDgS7RWedrU3J42/+3diLgoAGC7/HzFB2dMi3QPdAAAAAElFTkSuQmCC
<img src="data:image/png;base64,iVBORw0KGgoAAAANSUhEUgAABVAAAAJcCAYAAAAfG4+9AAAAAXNSR0IArs4c6QAAIABJREFUeJzsvXmcI2d95/9+qnS01Pf0dPfch8ceH2PjC5vDGDAxu8FJyO0EQ5ZkNyQ4wSEkYTfH/sKSbDbsmiRgNhiSkM0mhvxiAgESDMEQgo/4wHhsz/iYGY/tOXqmp+9Travq2T9KUuuokuqpKqklTX1fbn9HUulbT30+9dHnq6ceSUJKKQkjjDBaF5klWD6DXJ5ALk/A0plCPoV5+ruI7BJSghBUZE2rvC0ACQgEEukqAwghkFI2zlXPL99jTbYbsFOuV6c6Gm1enhVCZbi1eLvI0jvOdbPN873hrMqfN5w97V4ZZ1X+vOHc1jpRxNstj/5w7kKdNOTRG86q/HWkTtpJLx2pk9boxR/Oqvyp4azKnzLOnnj097p0PumkpmxT9dJBvqKik3bSiyf+OkQnbaCXjtXJhvmKN5zDCMMu9E+fZjW1xuz8EplsHoB4LMLI8AC9yQQinEANI4w2CjOHPPkQ8th9mMfug8VTOJmGwMpezE4TmodmpfnNlatQ9Fr7ws1/MxJkU1i/SWlSc1XGY5BNoT2PrWiubPTisRkMVCdlOLs+7TzjrMpfm+tEicfmvxlpvk6KucU6aSe9eODPO85u+fOPd/v4SvN14vp09RJudBKgXrpCJ6GvtKb/Cn3FO86uefT/utQRvtIsnXSwrzRFJ2Gct7H2x8eYODdj+9j28c3hBGoYYbR1zDyPeew+jGc/j5h+1tZcNOGt+dA0TckUW2HmNdEkU2xF09u1KyCUgPawe2WcVfkL8k1tm+hEEW+3PLai6e0onTTk0RvOqvx1pE7aSS8dqZPW6MUfzqr8qeGsyp8yzp54bMZkaXfqpKZsU/XSQb6iopN20osn/jpEJ22gl47VyYb5ijecwwjDLk7/7vdIZ7K2j/XEY+EEahhhdEZI5PNfwnjg92H2WIVpVE6KqpsduDXR5jdXLqFQHIhdkea/GWnLFRBe4Au4KbTnsRXNVa1e2mKlUBnOrk87zzir8tfmOlHisflvRpqvk2JusU7aSS8e+POOs1v+/OPdPr7SfJ24Pl29hBudBKiXrtBJ6Cut6b9CX/GOs2se/b8udYSvNEsnHewrTdFJGOdtvPRbj2Ka9ieMpgm0Fo8njDDC8BQCcemPEnnP42i33IXs2wKwbl6FbJoSZANTrMoApmnam2LVdhKHLG2ycMh22zu5mrTJ9UzRKVeXdRqHx3Hb4VGDd73mozqr8BfQeOvh4RXnuttX9IIBjrsBHl5xdsufH5wb4iAbdH9+9VJTrs114sSjEy+KOKued15xLgO8Ntu+d2qxThRwbrpe2sFXasoFq+96ODTbV/zgrMpfoDopZjc6CfC88+vfbaETJ19xiXPd7WzLBqvvjum/XOjbDo+u9RUVnTjx6PT65QHnjvKVZunEJc7t6Cu+dRJGGGXhNHlafCycQA0jjE4KLYJ21c8Rvf1ptJt+DxLDllkJUZGRAtPO3IRNLphkzSRq1XYAAocsbLJ0yHbbF+rUhLDJTk2J0/Z2ZZ3G4XHcdng44VyT7XhxakrseAlovPXw8Ipz3e3L6gY67gZ4eMXZLX9+cG6Ig3AC2h3ODXmsKdfmOnHi0YkXRZxVzzuvOJcBXptt6rZcJwo4N10v7eArNeWC1Xc9HJrtK35wVuUvUJ0UsxudBHje+fXvttCJk6+4xLnudrZlg9V3x/RfLvRth0fX+oqKTpx4dHr98oBzR/lKs3TiEud29BXfOgkjDIUIP8IfRhidHCuT5L/wTsyJx9GcTAwBonC73pX4sgzU1KnbDUgJwmVu2FWURaPNq680ugyV4ZayynCKb67c4F2HN9srulXP94azKn/ecPa0e2WcVfnzhrNb/jZEJ4p4u+XRH85dqJOGPHrDWZW/jtRJO+mlI3XSGr34w1mVPzWcVflTxtkTj/5el84nndSUbapeOshXVHTSTnrxxF+H6KQN9NIuOjG1CGzajdk7gugdwYzGIRJHJoYQmg6ZZTQzD2YOsbaMyKfQlqfByLbYV7zhfF6FNMHMI00DDAOMPBh5ZGbV+ncYpXjxvzxS9/FwAjWMMDo9jCzGP/4ixnN/jyiYiVNzYvuDUw6mCdXm2vzmylUoeq194ea/GQmyKazfbDapuSrjMcim0J7HVjRXVg7yzZN99o6z69POM86q/LW5TpR4bP6bkebrpJhbrJN20osH/rzj7JY//3i3j680XyeuT1cv4UYnAeqlK3QS+kpr+q/QV7zj7JpH/69LHeErzdJJIZvRJHL0AuTQdsxNe0CPKPMVWZmC1Vm05SlEfs0zzhuqk/Mp8hlkJoXMpCCb3ujRbHiEE6hhhHGehPnYXeT/5XcR0kQi7VekyuLkqLsm0vrPen4rzLwmmmSKrWh6u3YFhBLQHnavjLMqf0G+qa19/oboRBFvtzz6w7kLddKQR284q/LXkTppJ710pE5aoxd/OKvyp4azKn/KOHvisRmTpd2pk5qyTdVLB/mKik7aSS+e+OsQnbSBXjZCJ8T7MHZdi9x6AKlpavqow6O2OEFk5hgin26iXrzhHIZNGDnk8hwyvbLRI9mwCCdQwwjjPAp54jvkvvgfEGvzJRPDwdzcfqwfiibb/ObK3UG6HQB1Cjf/zUhbroDwAl/ATaE9j36aWDX+2m6lUBnOrk87zzir8tfmOlHisflvRpqvk2JusU7aSS8e+POOs1v+/OPdPr7SfJ24Pl29hBudBKiXrtBJ6Cut6b9CX/GOs2se/b8udYSvBKwTU48gd16LseMqhB5V58Wlr2izLxOZPQ5GrjN0cr5HPmNNpGZSGz2Slkc4gRpGGOdbLJ4k9/c/DecOV5iY5tB8aFrjJhIBrTDzmmiSKbai6e3aFRBKQHvYvTLOqvwF+aa29vkbohNFvN3y6A/nLtRJQx694azKX0fqpJ300pE6aY1e/OGsyp8azqr8KePsicdmTJZ2p05qyjZVLx3kKyo6aSe9eOKvQ3TSBnpplU7yoxdh7n09JPoceVnM5Dibj7Co95ATEbIiynx8BIHGUGaeqMwRlTmGjDW2RLIMx2POOslnicweR597OWC9eMM5jMYh08vIxekCV+dHhBOoYYRxHoY89Qi5z/4AwszXmCE2zYrjJGpFpvAdqs1rrtwdnNsBUKdw89+MtOUKCC/wBdwU2vPop4lV46/tVgqV4ez6tPOMsyp/ba4TJR6b/2ak+Top5hbrpJ304oE/7zi75c8/3u3jK83XievT1Uu40UmAeukKnYS+0pr+K/QV7zi75tH/61JH+EpAOsnteQ1yx1W233G6mM1zMtfDRGwzq9E+hLBKlg5NghBaoV7Z/aagN7fM9uwUOyNrDMWjtjjri6eJnD3U3joJoxQyl0EuTJ43PzYVTqCGEcZ5GubBvyR33/srfziq0GTg0HxA4yu7lmE2x8xrokmm2Iqmt2tXQCgB7WH3yjir8hfkm1pnnTSz6fWLt1se/eHchTppyKM3nFX560idtJNeOlInrdGLP5xV+VPDWZU/ZZw98diMydLu1ElN2abqpYN8RUUn7aQXT/x1iE7aQC/N1Al6lPxFb0GOXQhCVOC4ms1xyBxgIrGjYjxCVA5cSChNoIpCZQkgkAV8pJTsXn2JSyIpklG9ZsDa2hyRU08izLx7AJulkzAahjQNWDiHzK5t9FCaHuEEahhhnMdhfP0D5L/3F5WTqGXZ7mP9UOfKLpYnuVqJ6sH0XYVib2pfuPlvRtpyBYQX+AJuCu159NPEqvHXdiuFynB2fdp5xlmVvzbXiRKPzXsz0jqdFHOLddJOevHAn3ec3fLnH+/28ZXm68T16eol3OgkQL10hU5CX2lN/xX6inecXfPo/3WpI3zFh05kYoj8/ptgaHvhXgvfnGlyJB3jWN++ugdk4SUx8wYg0DSNSCQC0rofBFKIEt/FaaaLVl/k4niGmK5XDE/LLBE5/SRafq39dBKGTUjk8ixydXGjB9LUCCdQwwjjfA4zR+6eH8Q89W+IgntUNx2aTROCTfNS7UIVK1EDanprokmm2Iqmt2tXQCgB7WH3yjir8hfkm9rGOgmq6a2rE0W83fLoD+cu1ElDHr3hrMpfR+qknfTSkTppjV784azKnxrOqvwp4+yJx2ZMlnanTmrKNlUvHeQrKjppJ7144q9DdNIGemmGTtCj5C7/QUTV5OlSNs9BsZXF+AimqNy/dUNDSkk+n2N+fp6pqWlWlpfRBQwNDjI8PERfbz+JRAKha0ihlSAvj6HMLFcbEwz2RCsGLtLLRE8+5m4larN0EoZSmCtzsDK/0cNoWoQTqGGEcb5HaobsZ96IXDqFQICobVYcJ1Er7q9qHYSob9YeTN9VKPam9oWb/2akLVdAeIEv4KbQnkc/Tawaf223UqgMZ9ennWecVflrc50o8Rj8m5HW66SYW6yTdtKLB/684+yWP/94t4+vNF8nrk9XL+FGJwHqpSt0EvpKa/qv0Fe84+yaR/+vSx3hKx51Ylz8FowtlyIK9YuTpw/HLiKnx5GiuN/iCARISK9lOHv2LJOTk5w4eZKzk5OspVZJJnrYu3sXPfE4fb1Jdu3eyfjWbcR6EoX6orQfq7Qkms9yQ+YoQ/FIxTAjq+fQTz3ZXjoJwzEkErlwDtKrGz2UpkQ4gRpGGGEgTz5E7m9uqWg2qn84qmYSFUH5ZKudG4mi2QbU9NYOvMHmHk2xFU1v166AUALaw+6VcVblL8g3tbXPb0bT21Anini75dEfzl2ok4Y8esNZlb+O1Ek76aUjddIavfjDWZU/NZxV+VPG2ROPzZgs7U6d1JRtql46yFdUdNJOevHEX4fopA30ErROctuvggtvKKBl3X8qLXmy7xKgoBkESM26XRjE3Ows33vsCV55+RWWV1bJG3kMaSI1GBropz/Zg5nPEo9ojI+PMjw6xqbRMbZu3U40nkBi1UOYlH+P6jVLz7EjoVfgrM+8SGTmmEceveEcho+QJubsBOSzGz2SwCOcQA0jjDAAyN1zC+aJh6Cs2aieNK2/EtWhhRAOK1E9mL6rUOxN7Qs3/81IW66A8AJfwE2hPY9+mlg1/tpupVAZzq5PO884q/LX5jpR4jHYNyMbo5NibrFO2kkvHvjzjrNb/vzj3T6+0nyduD5dvYQbnQSol67QSegrrem/Ql/xjrNrHv2/LnWEryjqxBzegXH5D4Gmleos5gy+nbgcIar3KawfiJKSycmzPPCdBzh98jRGPk82l0cKyBsGWjRKLBrDzGYY7O9l6+YRIjqsZDJo0Sgjo6Nc8+rrGd602aorJGBWHOGbVg7XrESNnfkeYmmqPXQSRuMwcpizp8E0G2/bQdFoAlVr0TjCCCOMDY7IG38bWXCZYvNimpXNh1ne5BS2QxYyIKnNUsr1x8uzcMjV25XVqwlpk+uZolOuLus0Do/jrsll+DVs+qq3a9Q8VuWgxlsPD684192+ohcMcNwN8PCKs1v+/ODcEIdG73L96qWmXJvrxIlHJ14UcVY977ziXAZ4bbZ979RinSjg3HS9tIOv1JQLVt/1cGi2r/jBWZW/QHVSzG50EuB559e/20InTr7iEue629mWDVbfHdN/udC3HR5d6ysqOnHi0en1ywPOHeUrCuM19Qj5i96C1LRS3axp8nD8YoTQyv50hNDQhEATMHn2DA/867eZmpqkpyeGYeTpScQYGRmmty9JTzxGai3DcipDai1HXmpkcyarKylmpqc59PQzPPzgQ0xPTUGBIyF0BDqCCEJEeCR5CVnDqBhvbvRSe/4a4OFbJ2F4Cz2KGNi80aNoeYQTqGGEcZ6E2PUG9AvfapmQKDQronYS1TKj9cdlyY1AOOTSPgqXMoUQWLuxydXb2dRZL2iTnZoSp+3tyjqNw+O4a3IVfnWvmFdv59RU2m0X4Hjr4eEV57rbl9UNdNwN8PCKs1v+/ODcEAfhBLQ7nBvyWFOuzXXixKMTL4o4q553XnEuA7w229RtuU4UcG66XtrBV2rKBavvejg021f84KzKX6A6KWY3OgnwvPPr322hEydfcYlz3e1sywar747pv1zo2w6PrvUVFZ048ej0+uUB547yFYXxmlsuh0RfBR7/JreQ03sQaFD4sx63BplJpzh86BlOvPwKe3fvZHlpmWgszuDgED09CTRNs1akZrPkDZOV1RST586RyeeIRqNEI1H6+vrIpNMcfvoZZqdn0ISGVpikFUIgEOT1BI+IrRXjJZYkv/lC5fPOt07C8B49fYhIbKNH0dIIJ1DDCOM8ishNH2b9Su16E2I7iVp8vJClVL8iuOFXdJ3KBnwlumNWQKjwV4aHV5zrbl9WN9BxN8Cj7VYKOY27zvaO4VcvNeXaXCdOPDrxoohzy1dAuOSv5TpRwLnpemkHX6kpF6y+6+HQbF/xg7Mqf4HqpJjd6CTA886vf7eFTpx8xSXOdbezLRusvjum/3Khbzs8utZXVHTixKPT65cHnDvKV1yOV+pRjB1XlvAFeCEtWOwZRaAhRMTKhUlUDUEmneall17k3NRZhgcHWF5cQABra1nOnJni5ZdPMjezyOrqmsVZBAyZwyCPFBJds9aYyrzBzLkpDj55kAcfeICpc1NYQ7MmaosrX5cSYxzNaBXjNob3YGoR9zwGoZMwPIdAQP+mjR5GSyOcQA0jjPMoxPgViP0/ULpiS1kzUjOJSu2V3cJPNGJ7xV9WXQGW7q+QNu2KrlPZgK9Ed8wKiDrjrYeHV5zrbl9WN9BxN8Cj7VYKOY27zvaO4VcvNeXaXCdOPDrxoohzy1dAuOSv5TpRwLnpemkHX6kpF6y+6+HQbF/xg7Mqf4HqpJjd6CTA886vf7eFTpx8xSXOdbezLRusvjum/3Khbzs8utZXVHTixKPT65cHnDvKV1yO19h6BVpPf6le1jR5KbkHTYDQQBcGujAQQmAKDTOf5qknHuPlI0dJLcwx0J/ENATZbJ6V1RUWV1ZZXMuSzpukMyapfBYZlfT2J8mZJmem5jh1doYzEzNMnznHubNnmZ6Z47sHn+HQ4WfJpjPW+DQBQlj/Fhov9+0jZ8r18etRzE173PMYhE7C8BUi3guxxEYPo2URTqCGEcZ5FvqBn7AmSyleQXeYRMX6TlSVFRBm4Uuk2+aKrlPZgK9Ed8wKiAb8ubqyq4Bz3e3L6gY67gZ4tN1KIadx19neMfzqpaZcm+vEiUcnXhRxVj3vvOJcBnhttqnbcp0o4Nx0vbSDr9SUC1bf9XBotq/4wVmVv0B1UsxudBLgeefXv9tCJ06+4hLnutvZlg1W3x3Tf7nQtx0eXesrKjpx4tHp9csDzh3lKy7Ga2oRzJ1XV+DwcjZCPpJEiIg1gyqs35WSGuiaYHFuhjMnXoJ8mtHBfmanJsnmcqyk86zmBVlNJw+sZXOks2m0vEY0bZJfXkTPpImbefqjGpv7Ioz3xdi1qY9tg71E8iaTE+dYW0tb7zmFQGiFj/ILQS6S4JV8rGL8+eHd7nkMQidh+A4xMLLRQ2hZRDZ6AGGEEUZrQ993M0LTMKWJZtNUmqZE08puS1nYjkKTgnWbwm0oXAGuvCIopUIu1KkJlSu6jZqV8rLCesA2S4Vc2EFNVlkB4dQU2jWXtnXVca7Jok72gbMtfzY8+sFZlT/vOLvN3nF2mx3Dr15qyrW5Tpx4tKvrAWclHv3oRJG/lutECecm66UdfEVFJ0HopaxO832l+TpxrRcVndjw2Apf8e/fbaATJ19xiXPX+YoSfwHoxY6/Mh671ldUcHbNo3ecO8pXXOiDoe2IWKK0g5xpcjx5AUIUBqcJay8ShNBAmvREBJuH+sgbJpHIEKunpliYXWE5Y1oMZbPEhEFPRCMpBAPxOFtGBti7Z4yx8WGSvQliyTjDff1EhSTZ288Tz7zAP37zYWanTrG4NM/AyBAUsC8/917u38eeteeJ6ZqFsx7D7B9DX55y9XrnWydh+A4RiSP1KBi5jR5K0yOcQA0jjPMt4oOw7VrExBM1k6UVk6hlTY5Z1uxQvC3Wb1tXAAu5GKLq/tLjNrnkblWhaopOubqslFg9hkLGJuOQVZv16mzXVGL/fC841+R6dYTwjLNb/vzhrMqfN5zd8ucH54b8lbpEf3i71okvnFugEyce/erEI49ecVblr+U6UcC5rfTSLF+pKReQTpx4rHh+c33FD86B+4pT+NVJoHrx599toRMnX/Grk071FQX+AvEVFZ10k680Sycece42XzFG9lbUOZWBfE8PuijcK3TrESFBWt+CqmMS1WBxKUU6J5ibX8IQafrjGgMxjYGoYHwgxp6to+zcuYNdu7exddsOBoc3E+9JkOhNEknE0KICzciRyeQZHB3l3Owc33r8OWZn59mxZw9CWJOkGsI6x4F8JMFEPsIezSjhbPZtQVs+54pH3zoJI5iIJyG1uNGjaHqEE6hhhHEeRuTiHyI78V00UbvitJhNWX2/ZXaWN1mG53RFEABJ6XkbdkW33ETLywrrAa9Xdt1cmW/LFRBl/FVkUSf7wNmWPxse/eCsyp93nN1m7zi7zY7hVy815dpcJ0482tX1gLPqii/POlHkr+U6UcK5yXppB19R0UkQeimrE65AdeDPhsdW+Ip//24DnTj5ikucu85XlPgLQC92/JXx2LW+ooKzax6949xRvuJCHwztqKgzGRku1NAK92sIIZHoaAgEBlLmGRrsR9NjnJiYJqJr9MYjvOrAfvaNDzESybBtIMroYD8jW0dJjg6h9w4Q6+lHRHsRWhQTjbxpogNCg/HxzVx37eU8/twrrK6uYBoG0UgEIbBWv2rWD0hJKZmMjbBXTJdwNpPDrl/vfOskjEBC9PQiz4MJ1PA7UMMI4zwM/eIfsMypYLbl331KWXNT8V2pgGQ9S1l2W9pk4ZDttndyNWmT65miU64u6zQOj+OuyXIdt4ZX1Ku3c2oq7bYLcLz18PCKc93ty+oGOu4GeHjF2S1/fnBuiIPtu9wGeKvopaZcm+vEiUcnXhRxVj3vvOJcBnhttqnbcp0o4Nx0vbSDr9SUC1bf9XBotq/4wVmVv0B1UsxudBLgeefXv9tCJ06+4hLnutvZlg1W3x3Tf7nQtx0eXesrKjpx4tHp9csDzh3lK43G27sJMzFQqpM1DWaSWxBi/XtHhRBoQrMmMgVIwyCbShOLROjrTSKQXLb/Aq66eC/XX7mf6664kAu3jTA+lKAvoRHRDMiBZkbRtAhSSAyZw5R5NAOEIdClJKkbbB3uY3R4gFQqhWGahX2LirEIIZjr3U7WMErjltEkZrzPFR6+dRJGMBHrAU3f6FE0PcIJ1DDCOA9DjOyHkYusyVPpMIlK5ZXfwjML/y/cloXbojZLs3gllMpst32xXs1AbbJTU+K0vV1Zp3HYjdfFuGuyypXz6u2cmkq77QIcbz08vOJcd/uyuoGOuwEeXnF2y58fnBviIJyAdodzQx5ryrW5Tpx4dOJFEWfV884rzmWA12abui3XiQLOTdeLh/POK86B6MRp3PW2r4NDs33FD86q/AWqk2J2o5MAzzu//t0WOnHyFZc4193Otmyw+u6Y/suFvu3w6FpfUdGJE49Or18ecO4oX2kw3vzmC9GEVqozmQUhtMItHU3TEUIgNIkQOgIdTDDyBpomSPQlGds6zvZt44z0JTBTK2iAFotjRhKsyTjLaZ1MGvJpE5mT6GYOyCGNHFreQDNBINFkjmREsmkgSURYPFtcgxDWeMv/5o1KnGVysys8fOskjEBCICCW2OhhND3Cj/CHEcZ5Gvr268lNH0XT1n8oquLj/FReKaYsU3Z7/Uq8y4xNrnC7sqh3BVcA8na0X/8IoqfqeekTyGc+gHn/twAQ7zqB1vtVjE//EmA9h4nbMf72cwhBoRkr5l2I/3QIkflNjL+5e/1+bDIOud6Kh+qMPd6OV+arnu8F55rcgLcK3KmTlfmzcgX+yji7zKV63nB2y58fnBvyJx10ooi3W/784dwCnTjx6FcnHnn0irMqfy3XiQLObaUXz76ixl9gOnHiseL5zfUVPzgH7itO4VcngerFn3+3hU6cfMWvTjrVVxT4C8RXVHTSTb7SLJ14xLmrfCWeLPx2hVVnScSB8tWnGpqwfhAYIZAIDDQyuSyZXA4pNYQGk6fPsGfzMNFIDOL9TJybZvrMBLm8JN7Tw9axQXZsWWHr1hS9/THQY6zmYDWVJS81YnHoERmypoEQklhERy9M3srCgVdfwJkVScZIl3A29Qha4Tia2n+FEViIWA8yvbLRw2hqhBOoYYRxvkbfGEKsT5raTaKW/5AUQOmqYXmWlglLKJhiIZeZWPG2Yy7Uqwlhk6tNEpDPDGL+Y/H+XYi3fhZx/d1o5/ZjPmN/+GL37WhDf4tclAUDL+TrPonYApwoGHuhWbPNhYHU5EJzUPfKeaOm0K65tK3rAt8qnGuyHX82PLpqChvxZ8OjH5xrcr06vnB2m73j7DY7hhu9KPDnB+eW6MSJR7u6HnBW4tGPThT5a7lOlHBusl488LehOglCL2V1mu8rzdeJa72o6MSGx1b4in//bgOdOPmKS5y7zleU+AtAL3b8lfHYtb6igrNrHr3j3FG+0gjn5HAFf4t6r/WReQRCE2gITFE4FiExNUFOwGJ6lTPnpjDROHN2CpnL0de/gy3btzG7mubBg8+zOLdINmuyvLJGXzLChdtHuP7ynVy2bxsYUV46NcPTL59kZjXN9m1b2L9zC1JIUukMoz096IVxIKD8KwWklJimyXJ0EGR6HefkphIe9fiLffBhImOVGMqpb5L7zIfIzznj7By3Ev+99yMO30D63tpHtbf/EbFXX42WiFv7WjuL+cTdZL/yLefdvOETJH54BOODt5Et//etnyN53SaML38/mYdUxtimcR58hD+cQA0jjPM0tL7xmuajYhK1eJuy5qTg9mZZs0PhcYR9FlrV/djkUhdRFW6bjop8Enn/nyAu+z+wC3CYQCXyKsSu5ZJZAAAgAElEQVTb3oH8/z/H+hXcG9CuuQ7yaatc6X5p7a4645BVm/XqbNdUYv98J9zr4RyuQFXH2S1/fnBuyF/p3ZQ/vN3y1/YrhZx49KsTjzx6xVmVv5brRAHnttKLH1/ZCJ048Vjx/Ob6ih+cwxWoXeYrfnXSqb6iwF8gvqKik27ylWbpxCPO3eQrCK2CP03TCn86AmvCUpQNpvg+bTW1xuzCEroWJRGNcMlll3Llqw4wMNDPo9/4FucmzzG2dQc9yQGef+EIr0wvsbCQgvwaO7dvwUit8sKho5w4e5aerVsZ79/MaP8IE3PnMCX0DwwQiURKXAtBBafWnzWsSv5oyCOAPP5x1j51r4Xz1ncRf+/tRH/0UfKf+VpjnSiEeNunid+4G/ndO1m792tItqC94XZilx8AvqVe8N7bSNlM0jYj9Hd/hfjlI3W2mCV/z9vJPu1jJ+EEahhhhNG10TteMh/b5gQrFydVpSxbaVpoHtavxBZuFx8vbC8KzV9Tr+jaPj5ovbrZ9DjFkMe/Cft+CTH4OVi0niiu/y3E0CGY2F86Hgp42ObCDjtmBQTr/FVkUSerNoWN+LPh0Q/ONbleHV84u83ecXabHcONXhT4a/uVQk482tX1gLPqii/POlHkr+U6UcK5yXrxwN+G6iQIvZTVab6vNF8nrvWiohMbHlvhK/79uw104uQrLnHuOl9R4i8AvdjxV8Zj1/qKCs6uefSOc0f5SiOcY30V/K1FekGAEAWexfpkpQAiaMQ1nb54EmmC1GBkZBNXX/UqLti7i8f/7RGef/oQi4spllI5hjdv5rLLL+Hppw6Tml9gfjVPfHCU/tEexl+Z48jcAsuGydpaGvIG/f29jG8ZZ3jTMHokgtQECLNwTFRwuBbth8y5Es4ymizhUVcn5TxI4Ow9GGfehb7pGtg1Quyn3oU+1m/Rs3aM3Gd/ltwRa+WqvlyYeKX8th3JAFcTvepyOPE3pO/9WuG+ScyHPkS6sHpUvPbDxG+5GS0BsIz5wl+S+cy9zjKtXo16eRZjbgv69n7r+Y98iPQXHwNeQ/R9v0N09wiQwXzhWbjkIuSXv5/M9K8Q/7EfQd8UBzLIifvIfOyjmFW7Mo+fQF4+UjpNa2LpBOZJpwddxnkwgRr+iFQYYZynUVyBSsG4QFTelmVNTsGdzEKWWNcCS1cGpURKSttZdQr3Iytulx4vz062Im2yXdNRka9A/PAvQc8JZL0raCsfQE5ehPih2wvjeAPimlfDkf+GSe1x1Bt3TS7DreEV9ertnJpKu+3Kx1edFcfrmBviXZaro972ZXUDHXcDPLzi7JY/Pzg3xMH2XW4DvOs16w3484NzRW6WTpx4dOJFEWfV884rzmWA12abui3XiQLOTdeLh/POK86B6MRp3PW2r4NDs33FD86q/AWqk2J2o5MAzzu//t0WOnHyFZc4193Otmyw+u6Y/suFvu3w6FpfUdGJE49Or18ecO4oX2kwXhnvrRhvKjZk7VxIhEbpDyEKH+03iUmTXqLEtRhrK2tEo1HGtoySzmaYPjfFltFxNo+OMTo+zgX79vATP/aD/OTbbuTK/bsw0llWVlIMbh1hYMc4sZHNTM7N0TM6xIunT0IsztjWbSQSvQisqWFNgkZxIlegadaUVLpnqPL4owlXeFTwIEDsfS/6tn7k3JNw8lnMRz5O+oM3kPrgu8ktX0TkplvtgW8Yt6BtAjnlNMN6K7FbbkacuZu1D97A2j2PwSXvJf72Le53kdiFOHknax/8cbLHs2hXvYsIoL3zg0R3Z8nf8+OkPvgL5KMXlSbyIjfdgh55zDrGP7kTYzprW1o+dAfpLz9pf9qtPUn2f99Bft79UG1D6/7pxXAFKpYol3IplrIplnMpsmYOgIgWYXtyhOFY/waPMIwwgg/RNwZOTUn1FWIhQBaviJZdCSzmRld0NYcruUFc0QXElYvoV64/TaaPwr+8E3mqHgInkd/+FuIn/yPa7k8ht/83RN8TyE89hPiZ9auiyDpXegsD6ZgVENW81eOvjEfHJrDBFXRb/mx49INzTa5XxxfObrN3nN1mx3CjFwX+/ODcEp048WhX1wPOSjz60Ykify3XiRLOTdaLB/42VCdB6KWsTvN9pfk6ca0XFZ3Y8NgKX/Hv322gEydfcYlz1/mKEn8B6MWOvzIeu9ZXVHB2zaN3nDvKVxrpgzI+EVY1IdaxBPTiMQlJBIP56TOcPPwMB3Zs5+jJU6RWU0g9Qk8iymUX7eKyXVuYnpklZ0i2bt9Cz+JpXnvhNnJTZzl2fJmpM2fZv38/17/uerbvv5B0zmR0eIjeGEzOzhKZWEKPRpARAcL6HlZRBEpQ4rD8+GUJh8avdwBi3/tJ3vn+QoWM9R2o//A1GP4RtNe9l+gt/xURLe7hIjsW/cdrb0RLzGI+co9F69Mfwvx3D6Pv+hGYc1lj7VnyX7S+SzU/t0Js3wgaoG3bChN/R/bpSQDyTx0jus86DuPMJHLf1cTe+4cYR75E7rN3Ob4syIfuILPtc8Sv2106XcmdIP/ZACZPz5M4rydQJ1IzPDR1mAfPHeLI0ikWsiss59ZKE6hxLcY9N/4m146EE6hhdF+Iqu9ALf5gVOkHpKi8v+TyUoCwbpe+C9XqLhyzaZoITSvVqcmlLqIqXDYd8ulBzH9Sx0Ae/03kue8i3vghGLwCnr0OKawdC4qGXsjYZByyarNene2aSuyf74h7HZxrcgP+apo8p+yFP+EXZ5e5VM8bzm7584NzQ/5KOvSHt1v+/OHcAp048ehXJx559IqzKn8t14kCzm2lFz++shE6ceKx4vnN9RU/OAfuK07hVyeB6sWff7eFTpx8xa9OOtVXFPgLxFdUdNJNvtIsnXjEuat8JbOK7Okv8ZXILpFLbsKaRMVagVo6BA1kjp5ohAt27qR/ZJDldIqZ1AoTp04xtH8fW8ZGMJcWuHDXZUQjUQwzj8wbTE/Nkl1LITHJZdYwc1mSA0n2bd9CKp0nlogTiwlmFpfoicWJx+Jomo6JRGogZQFRWQRC0pOeLx0/CMilKm476gQqvwO1HNdbbyUytkL+795H9okXif7qw0Sj2MTVLmbG7sOcuwV9268gcJ6kbHXIr/ws6cO3ErnxRvQ3/CHRm54l+7t3kHfY3rz318ht+iti+6yvCTDu+zWyRwIajFn9xQHdF92/xtYhXlo5y0/+6+/x/sf/lL8/8QCH5l/m1Oo0I/EBpClJ5TNctWkfV226cKOHGkYYzYn4YEWTYBaaEtMsZAq5cD9A+ZXAYpZQerzYVIhC02ebscl2zch6ucpc3Yw4bVeeHUKIU8h/+QJs/wBa5CHk109Z47Q7jjrjrsmi0AyWZ6cmsHo7p6bSbjuPONuN1zGr4F0DcJ1cVjfQcTfAwyvObvnzg3NDHIQT0O5wbshjTTnvOFfkZunEiUcnXhRxVj3vvOJcBnhttqnbcp0o4Nx0vbTKV4LSidO4621fB4dm+4ofnFX5C1QnxexGJwGed379uy104uQrLnGuu51t2WD13TH9lwt92+HRtb6iohMnHp1evzzg3FG+0mC8IrNcMd5eI2XdX/oDKcDUQKCBiBBJ9NHTN8Thpw/z7MGnuGzvPsYGB9ELg15ZWWFtaYkYeeI6CKyFNkuLi4xv2cqeC/agiTxmPkssGmVo0zDJZAIME2GabN+yhYHePjRAaAJTCMzCLJQQkuIEaiK/UnH8Wm7NFR4VPFTjnC58nH35Rbj4d9DH1jeXORDDV1vjuvJWtE32fKzHQXJPHYbttxC/9W2F3WxBe8OH6XnvryAefRBzbQTtde9CAOLKD6ONZZAnv9SocMPInzkL299I7MotwIVEXn1R6TC1t/0GkU1Pkvu/d5C+9zFkYnfFJzNrY5L8pz5E7oXDGA9+iMxDk77HVwrDadq2e+K8XIF6ZPEU73v8f/PSylnA+mGcG8Yu58Dgbr559iBrZpZN8X5+64p3oIvzdo45jPMgypsRTVv/wSjTLGS5vhIV1lecmmXNC8XHq5obajIFkwv4ii4ucr3jP/lLmA+ASH+kcFwOV36xyTjkdl0BgUNWWQGhgrMb/oRfnF3mUj1vOLvlzw/ODfmTDjpRxNstf22/UsiJR7868cijV5xV+Wu5ThRwbiu9+PGVjdCJE48Vz2+ur/jBOXBfcQq/OglUL/78uy104uQrfnXSqb6iwF8gvqKik27ylWbpxCPO3eQrSLOCP01bH68mrA/PS2HNfwhNINCI9w3QMzzMyvIimdUVNvf3s2PzGJn0KouLS0zPzSPzWXqigp5kklg8ikgOML2S5cDFe1nJSBYXVkmaEbRogmgkj2ma5HIZkj0xxscGMOIxskJgCgsLYZoIIS1MhURoEk2TpeNfx5uGPNryULz9lbvJXfBhoj//MJHcCYypZSisQM197T70d99Cz50Pw9oxzCV7Piq4+dovkon+EbFXf5DEdf/Vum/tLOYTdwPfInvfAeK33E7iztuxfkTqU2S+MglvaFy7XpifvZPc6IeJvusLRN6VwXzhGCa7IQ+i/xoiN/4o0Z8CyGAev5dcvd8BAeAxcp95zN+g7EIawddsszgvJ1D/6vg3ODT/EgDXjuznF/b/AN86e5DPvPg1cqZF+rsuuJkrhvdu5DDDCKMFYZlPadJUK2tOqGxSrK1rs4TC9oUsKXzsf/12KTt9F2qhjs3wanN1M9Lo8TrNpXUFU8Ijv1w6XsqPt3jbKRd2UJPL8UOhGSxvCu2aS9u6Nng65SJf1VnUyapNYSP+bHjyg3NNrlfHF85us3ec3WbnE7o+zqr8+cG5JTpx4tGurgeclXj0oxNF/lquEyWcm6wXD/xtqE6C0EtZneb7SvN14lovKjqx4bEVvuLfv9tAJ06+4hLnrvMVJf4C0Isdf2U8dq2vqODsmkfvOHeUrzTSx9oCYnhnib+B3DLFr7YUwtqnjkCXAomGIUAkehgYH2VoZBM78zlePnKU/RdeQHIwSSqbY255jSiSwb4k8UQvPYk+Hj78OC9MLfHStx/jqUMJrj9wIQcu2c/+y5OIiA4CTCNPJKIR0xOsSA00rbCqtTAWJAKJECYgGcgtlY5fAlpmpeK2E3/Zj95QB9/HyH38+8nZEXfkD0j/9h/YMUrmd++1vR/A/Mqvk/6Kw4OPfoj0ox+qvf+hO1h7qMG/772NVPluy28Pb0U+/SHWPvYYki3o7/zfxHOT5B4F49HbWHMebmvDCCdQuy5S+QyHF16mR49x2963cOueN/H3Jx7ky6ceLk2e7u4d58d2vQFRehUMI4zujGLTUVx56tjcyPUmpuRK5d+FWvY8GmVscqlu9QBp0HTcjfnHd683Hw5Z3rOb9ZfzuzE+ejdWryFts/k3uwq3Wb8fm4xDVm3Wq7NdU4n9873gHPhKIafm3WXzaL9SwS3OLnOpnjec3fLnB+eG/JXeTfnD2y1/bb9SyIlHvzrxyKNXnFX5a7lOFHBuK7149hU1/gLTiROPFc9vrq/4wTlwX3EKvzoJVC/+/LstdOLkK3510qm+osBfIL6iopNu8pVm6cQjzt3kK6RXKvjrl+myygJrfkMghLUnIQSmptEzvIl9B67gkksu4/TJV5g4dZLLNl9GJBIjk5MsLKcYWFoi2d9H1DQ4cuxFVlZXiBsSMdZPPNlPb2+fNTGby2HKHEYuQ86Q5HW9wHBh71KC0AqHX/zUo8lwPgV6Gc5Zl9+B6lcnnRBju9Bf+16it1jfb0vuLMajd5Pb6HFVhcylG2/U4XHeTaDOZ5fZlhjhPRfdwlWbLuQ3nvg0/zb1LPnCcuPxnmHuuv6XuXhw5waPNIwwWhAF86lYeSrLflCqIhdWlgJ2V3YpZMujLDOrWeEgWN+u/HGEvbcJm6zSpJSbaMVhWw94urJbngs76JgVENW8lfHnmH3gbMufDY9+cFblzzvObrN3nN1mx/Crl5pyba4TJx7t6nrAWXXFl2edKPLXcp0o4dxkvXjgb0N1EoReyuqEK1Ad+LPhsRW+4t+/20AnTr7iEueu8xUl/gLQix1/ZTx2ra+o4OyaR+84d5SvNMBZnzmOufe1pTqjmoFAsz7KL2ThT2ASASERFD7On0yy7cABWF7izPQkx15+kUuuvpREoodoNMbS6iJT03MkElF64lEu3TlOXzzJ1h07ufpVB7hg51Z6e6JIw8DIZTGMFLlMmqyZwNAjIPSyH98pfQEqSElxgnRAFFmzcNZTc6XjaKpOOiGO3EXmD+/a6FHUDYmEzNpGD6Ppcd59wWdCj/PrB36St+98PXc9/w88cO6Z0uRpMhLnt191G68ZvbTwwhVGGN0dxabDNC0zLV5hNQvNjWkWcqG7llTm0v3SukeW3UY45OrtyurVDtAm1zNFp2xz3I7Zw7hrcrE5LM/1mvXqbNdU2m0X4Hjr4eEV57rbl9UNdNwN8PCKs1v+/ODcEAfbd7kN8FbRS025NteJE49OvCjirHreecW5DPDabFO35TpRwLnpemkHX6kpF6y+6+HQbF/xg7Mqf4HqpJjd6CTA886vf7eFTpx8xSXOdbezLRusvjum/3Khbzs8utZXVHTixKPT65cHnDvKVxrhnJqHtcVSnZiusWn1TNkOJaIwiYqwkiY0pK4TGxohPjJG/9g2hjaPo2kR9IhOPBknY0im55eZmDjH8tIiu7aNcunebYz1RUnPTXHy2BFePnqUmZkZ8qaBaeQxTEFORDCFbn3/qrAmPa0JYWuiFKzbm1YmiBa+r1UiEbkUZJZc4eFbJ2EEE9k0SHOjR9H0OO9WoG6K9zMc7+Pbk0/z1PxL3LLjtVzQv40bRi/l6k0XMhTr2+ghhhFGC8P+4/t234Vqea4oXF0VhWcXss0VQeT6lcHyXNq+/H6adEXX4Yqj7RXd0nEq5MIOOmYFRAHnlq2AsOPPhkc/OKvy5x1nt9k7zm6zY/jVS025NteJE492dT3grMSjH50o8tdynSjh3GS9eOBvQ3UShF7K6jTfV5qvE9d6UdGJDY+t8BX//t0GOnHyFZc4d52vKPEXgF7s+CvjsWt9RQVn1zx6x7mjfMWFPrTFCWRisFRnLDvDEjvW64vC5KVY36eJTl4T6IkBNu3eh7EwTSzeQzSmE0vGkLEoSysZInOrjM+v0BOLIIwUQ8k+BpMxenuTxJJJ9HgMKSR5JFkiZIkDeuEYykJa3BZj89rU+m9lINBS865f73zrJIxAQqZXN3oILYnun0DNriLzWURiEIS14FZIkzdrcW4UQ8gTz2Ia30MMPYU2ehHy0lsQA9s2eNBhhNGaqJkslWU/KNWoySnPVndRk7G5v7gfKMsld6seIGqm6JRtjtsankLGJuOQVZv16lwH5+rn2+Feg28VzjW5Xh0hPOPslj9/OKvy5w1nt/z5wbkhf6Uu0R/ernXiC+cW6MSJR7868cijV5xV+Wu5ThRwbiu9NMtXasoFpBMnHiue31xf8YNz4L7iFH51Eqhe/Pl3W+jEyVf86qRTfUWBv0B8RUUn3eQrzdKJR5y7zVfE9HHklstKdbZoaV7JpzFjCayJTAFCUpzUlICQEomOoUUYGNvCqsyhRyPomkksHsHUIixnJcmeCKsZg5HREcBk65ZxtEicaKKX0W07ET1xMvlVDMMka0YxIj1I9AJqonS+URwHEj2fZkxmkJISztrKpGsefeskjGAik9roEbQkunQCVWKefhLjxX/FPPU9yKcRg9vR9t6Atv1qtM37IDGM2HoAKQRMHsY8+k2MZ/8J47n70C/7AfTLfhDRP77RBxJGGE0NIQqTpYVJVE0rW5GKzXegluxPILFuS7n+3agUjLh0pbZ4JVGU5+L+yu4v1KsdoE1WaVLKTbTquEHaZ6mQCzvomBUQBZxbtgLCjj8bHv3grMqfd5zdZu84u82O4VcvNeXaXCdOPNrV9YCz6oovzzpR5K/lOlHCucl68cDfhuokCL2U1Wm+rzRfJ671oqITGx5b4Sv+/bsNdOLkKy5x7jpfUeIvAL3Y8VfGY9f6igrOrnn0jnNH+YoLfWhLZzFzaUQ0AUhims6uxWO8Mvqqwk7LB4D1m8BSEAFMAbFEAm14AFMaRHVBLBoBTWPNkEwvrzIwN0c8EWd0+xb6BwfRE32IeD8iEcdAksubpLI5ciJBXo8jhYaOdDxZd80fIaoJCsNHmHm05SnXr3e+dRKG75D5LBjt9pNWzYnum0A18+Qf+wz5h+9GZpYh0oNIDCKXJzGOfQvRM4B+1a1Erv5p9ANvRz/wdshnMKePYb70APkn/prctz6C8dxXid70QbQ9ryuVllIyNzeHaRhsGhnBNE1eOn6cbDbLFa96VWm7pcVFTk9MsLK8QjKZYGxsnNGx0cKL33osLiyQy+VI9vaSSCSYnJzk7JkzGIbJlq1b2LFjR81zAHK5HGcmJphfWCCfyxONRYnFYkR0HSklmzZtYvPo6DokpsnExATzc3Ok0xkSiR527trF0NDQ+rEheWl5EpBsS46Q0OMV+8wYOc6szZI3Dfb0jXNmbZZ0PossvBoZ0iSmRdmWHKE30gPAdHqRl1bOctXwPuJ61JGyg3MvMtozyI7kqOM2YTQnyj++X1p5qpXdlrIwSWq5j0RifYy/7Hbx8apmBqeMTS4z8YpQNUWnXF1WyoJJK2RsMg5ZtVmvznZNJfbP94Jz4CuFnJoSl/z5w1mVP284u+XPD84N+St1if7wdq0TXzi3QCdOPPrViUceveKsyl/LdaKAc1vppVm+UlMuIJ048Vjx/Ob6ih+cA/cVp/Crk0D14s+/20InTr7iVyed6isK/AXiKyo66SZfaZZOPOLcbb5CPos4+STmvteXeNsmVzmdz2DGkmXHIEpJINGkBKFhCp3EwCBGTCdv5OnRdBLxGFJonJ1bJJ0zSESibB7dR6Kvl0iyFz0eR9Oy5DNZVtI5FjMxRP8QmohgCgCzcp9Yp7iez7A1vwyaVsJZm3ulhENL+q8wfIdcmtnoIbQsumwCVWI8/zVyD9xlrTpNDBG57mcRWw5YIps6gnHiUfKP/x/k7EvEfvTjIHSIxNG2Xo629XLE0A6y9/0O5pmnyX71t4jf9teI4V0A5PN5Pn33pzh18gT//Q//kINPPsn/+sj/pKenhy//0z8ihODkyZN85s/+nEPPPMPy8jJr6TRXXnklv/7B3+CCffsqRvv5z3+eg997kp95939A0zT+7FOf5qmDB8kbeS699DLe8wu/wJtuejO6rpeek8vl+OIXvsCX/uFLbNu2lUQiydEjR1hYXOSSSy4hlUrxtre9jR/7iR+nOPl6/ze+wV//1f9F0zTGx8eZmZlhbHyM//TzP8/Fl1xiHZtpcsfjn0BKyZ2v/kUuH9pTMdbTqRn+8/f+jPnsMn/7xt/hzsP38vT8cfYP7GB37zjPzL/EYm6Vm7ZcxS9f8sMMRnt5eOowf/Tc5/nz1/0alwzusmVsObfGex/5GLdf8nZ+dt+/C+xMCMNdlDcjNZOpsuzj/VVGW++K4HpdHFag2uRCndoB2mSVJqXcRKuOG6R9lgq5sIOOWQFRzZsNfzXZB862/Nnw6AdnVf684+w2e8fZbXYMv3qpKdfmOnHi0a6uB5xVV3x51okify3XiRLOTdaLB/42VCdB6KWsTrgC1YE/Gx5b4Sv+/bsNdOLkKy5x7jpfUeIvAL3Y8VfGY9f6igrOrnn0jnNH+YpLnehnDyF3XgWxJAJBTNPYuXCME6PXgNQKOxel2lb94t4FET2GzOWYmZnn5VdOk84ItEiCnJbh3EqeQ8fOYOhRLliD4c1pkn29aLrGasZkKqXRM7QDQ+9FINAwQUiQZfuyTjx2zL1AVNdKOGPkiMydKOHQkv4rDF8hM6uQXdvoYbQsumoC1TzxGNn7fseaPB3eTeyW/4625/XrG1x4E5HX/yLmicfJPXgX+Sf/lsi176qooR94O/GxS8j+3XuQC6fIfvnXiP/s5wGBpmk8/9xzfO+JJ/j8393Lv3zrm1xzzTWkM2mEEEycPs3H//hP+Kl3vIMP/d6H0TSNhx96iD/873/AB97/q9z5Rx9l/8UXl/Y1cfo037z/fnp6etAjOne8//1s3jzCkReO8Jv/5b/w/jvu4GOfuIvvu/lmAKSU/Nff/h0efvghPvGnf8rVV18NwNLSEr/83ttZWFjgU3/2aZLJJABrqTU+99nP8kd33sknPvmnvPFNbyIajSKl5Pc//GF++idv5c4//iNufutbiWo6RxdPY2KSN/O12EqTo0unmE4vEteiLOZWObY0wS9d/Hbesfct5EyDPz/2VX7/6Xt4buEE99z4W5xLz3NydYr/e/x+/uDq/4gmRE3dTx35CidWz3Fqdcov/WF4iOqP71dMplLW5MiyJgbrcSEEZvG2KQuTpZYZFlyw5v6WX9F1MEulK7rFjE3GIas269XZrqnE/vk45To4hytQ1XF2y58fnBvyV+oS/eHtWie+cG6BTpx49KsTjzx6xVmVv5brRAHnttJLs3ylplxAOnHiseL5zfUVPziHK1C7zFf86qRTfUWBv0B8RUUn3eQrzdKJR5y70leMHJw6iNxnzYUIYBerzKamSPVtoXiKUXpUFIZj/T8iJKSzrC2nefbYCSamlxDxftBjmEaeIytZzi4e4fipabZtH2V40xDJ/j6Sw6Mkx/eRl3GLVdMAbf1ALSytSK5MstNYqeBJn3sFzKwSj751EobnkEjk8txGD6OloW30AAILaZD/3j2QtX79K3rzb1dOnpZCoO1+DfGf+nPk/AnbUtrofiLX/xwgMCcOYp4+WHosErHmnI8eOcInPvlJPnLn/+Jjd90FQLK3l1//4G9w/WuuR9MsaG94wxv4qdvewbGjR/naV++r2E9vbx8A09PT/K+PfpQrr7qS7Tt28Jabv4+ff8/Pk81m+eY37i9t//zzz/Olf/gHrrnmGq666qrS/QMDA/z7t30/j4ZVg60AACAASURBVD36aMU+HnnkEe762Md480038X0330w0an2MXgjBL95+O5lMhr/6y78kk8kAoAut9FeDSdn9US1CsvAR/4gWKdync+PYFfRHEzw28zyGNJlIzZA18vzzme/ynXNP19Rczaf5zItftzBIL9pyEUZzo7wZMc11MypOlhZNq/zKK9hkYZOlQ67af3md2gHaZKemxGl7h+P2Mu6aXAcP11fOq7dzairttgtwvPXw8Ipz3e3L6gY67gZ4eMXZLX9+cG6Ig3AC2h3ODXmsKdfmOnHi0YkXRZxVzzuvOJcBXptt6rZcJwo4N10vHs47rzgHohOncdfbvg4OzfYVPzir8heoTorZjU4CPO/8+ndb6MTJV1ziXHc727LB6rtj+i8X+rbDo2t9RUUnTjw6vX55wLmjfEVhvJGzzyJWFyrwuGL5BfR8mtpZReu9nik0kBqxWIxcJsu56UWmF1LMr6SZnJlncmae5ZTBmpZkxYhzYnKBF46c4JWTZxDxAXpHdpIXMYxIDKmBFhEITUNUzS/o+TSXzx+pHHdujcjMi8rnnW+dhOE90iuQz270KFoaXTOBKhcmMCeeAkAMbkff98b6T4gmibzhfY4Pa3tfj0gOA2Ac/eb6/bqGYRj89G3vYHy88kemhoeH2bZ9e02tvXv2IqVkdna24v5YLAbAzW+9ueY5N9x4IwBnzpzBMAwATp86DcD4+HhNw7Nt+3aEEBw7dgywru7c/8//TDqd5vts6o+NjXHR/v288soJzp45Yx2b0Ep/1RHRNHShIxBoQpCIWBOoMW19EfN0eoG0keO1o5ehC42za3NENJ3p9AJ/dvSrmGVXnDJGjr8+fj950zq2mfQChjQJo7VRmjy1u7KOqLqyW7jKVMiUZ2mThUO2277GxIsDtMlOTYnT9g7HHeS47fCoWdng1MRXb+fUVNptF+B46+HhFee625fVDXTcDfDwirNb/vzg3BAH6QS0O5wb8lhTrs114sSjEy+KOKued15xLgO8NtvUbblOFHBuul7awVdqygWr73o4NNtX/OCsyl+gOilmNzoJ8Lzz699toRMnX3GJc93tbMsGq++O6b9c6NsOj671FRWdOPHo9PrlAeeO8hWF8WJk0Y8/iCx8ulQiiWqCK6Yesz0EKQQ5QzK7uEI8uYmFNZO5lQyZjMQwNExTYOQNUmtrLC8vsrg0TySqc/Gl+7nhDTewd+8FRKJRQCARIATl7+6FEKW/y6ceJ1KYciiONzL1fOXxuzzvfOskDG9h5JBLs42367LongnU5bPIlWkAtG2vAj3W8DmiZ9D5seQmSG4CwDxjrZ4UQpQmFy+86CJX48rn8zz//HNIKUurUosRiVqTj1u3bat53uhm6weVzMIEI0Bvby9gfQ9qdSwtLiKlLE3KplIpjhw5Uvr39554gkPPPMOzhw/z1MGneOzRR9E1jdWVFVZXrVW7utAwTJMjS6c5NP8yzy68Uvo7unianJmnOG9bnDgtrkp9au5F/uT5L7C3fwsfvurdAJxcneLK4QvY1TvGd849zbMLL5fGe2jhZT599B/56b03ATCXXSFznvxyW1uFKHzM3m7ylPUru0Xi7a4ISig8z/sV0qZd0XUqG/CV6I5ZAVFnvPXw8Ipz3e3L6gY67gZ4tN1KIadx19neMfzqpaZcm+vEiUcnXhRxbvkKCJf8tVwnCjg3XS/t4Cs15YLVdz0cmu0rfnBW5S9QnRSzG50EeN759e+20ImTr7jEue52tmWD1XfH9F8u9G2HR9f6iopOnHh0ev3ygHNH+YrieLX5k2gvPQoFnAH6dMFFk4/UHoIQrKymOPbSCbSeAVJmDytZQcaQmLLwHtHMo5s5YjLL1pE+brzhOt5442vZMr6ZaESgC6uWkCbFqc/y+Ush4KIz/0avqByvPnMMfWWq8vhdnne+dRKGekgTc34Syuaqzpfomu9AldkUFK6u1JsYdR1CK7wog1w6s353QbCRsh92Ko/FhQW+/e1v89yzz5HLZTENk6WlJYQQpY/QF6M4GVt9v7UfK+v6OkVXX3M123ds59ChwywtLTEwMACAYRg88J0HEELw5pveDMDa2hrptPVlvk8ffIqTJ06i6xqmKTELK1qvvPoqrr3uOoY3bSrtIyfzPDx1mJeWz1oTqtLAkCbzmWXSxvrybF1Yx/8/nvkcf/LcF1jNr/GTe97Mz1xwM2M9QwCcTc3y1m3XsjUxwkefvZe7j/wjn3zt+zGkyV8fvx9d6Lxn/y38xbH7WM2vkTLSJAsrW8NoTUhZ9cNR5d+JWmxSqpobilkKEIXb1uxpKZevaEUIKH8c+8laW3dzMkW3Vxodrjha+1fM2GQccr0VD9UZm+zUXNo8H6eMTcYh16tT3Zwo4OyWP384q/LnDWe3/PnBuSF/0kEnini71okvnFugEyce/erEI49ecVblr+U6UcC5rfTSLF+pKReQTpx4rHh+c33FD86B+4pT+NVJoHrx599toRMnX/Grk071FQX+AvEVFZ10k680Sycece5aXynU0ScOYvZtIr/lEus3LpCMixy9E//Ks1tehxGJg5Cks3lm5haZX0px6MVXGBseJbppM7lYnOxaFkwTXZpEhGS8P8Fl+3ayY8sIupBIM4cpNUx0pBAITIQEExBogImeT3Ng8hGSohJnbXmSyMyLzq9zDXj0rZMwlEIiYXHqvPvofjG6ZgK1PMonPD1HdtWalAUwan9UyS6+8qUv8yd//Mdc++pXc8f7f4Vdu3YhhODBBx7gn7/+9dLq0GKYhY+sWy8elVG8KxaLlVauJpNJ/vqee/jQ//e73PHL7+O2d95Gb28v3/nOdzh69Cif/PSnuObaawHQdR1NsyY57/jV97N7925Xx5DQ4/ynC9/GZUOV259aneZbkwdZyVuTsjkzj0Bwx6U/wl8c+xqnVqeR0mRz3Jq8XsyuMpNZZFtyMz+95808NvM8Xzr1MLdf/HZSRoZHpp/lP1/+U2zp2URcj7KSW2M5t1Z6fhitCSEKPxhVlmUxs96kaEVzkgIEhWanLIvajCzclhR+SKrsthCl/Uu5Xqd2gDZZpUkpN9Gq46ZwfDVZKuTCDmpyOX4oNIPlTaFdc2lbF/e5mrc6/JWyD5xt+bPh0Q/Oqvx5x9lt9o6z2+wYfvVSU67NdeLEo11dDzgr8ehHJ4r8tVwnSjg3WS8e+NtQnQShl7I6zfeV5uvEtV5UdGLDYyt8xb9/t4FOnHzFJc5d5ytK/AWgFzv+ynjsWl9Rwdk1j95x7ihf8agT7cUH0HqGYGhrCe8+TXDg3CO8OHgpi/ERzkzOMjk1i6bHuO9r3+SmG19NtH8YPdmPTOWQ2Qy6MOnv6+VVl1zARbu3IfIZsukUiUgfhmliIMiagpguERgYaAg0elem2LfwHElRiStrS0TOHraO2+PrnW+dhKEUcmUe0qsbPYwNi675CL+I94FureQ0Tx+E3JqvenJlCrlqfaeD6Olfv7/QZZR/nydYq0D/50c+AsCvfuAD7N69u/BiB7mcNQGrVa1aLa4EtWtc8oVJ21gsVqoDMDQ0xP79+9l/8X5mZ2c5/uJxbrzxRv7+i1/gLW95S2m7vr4+hoetlaAnT9j/WFZ1GNJEOry6SGTFOM3Ctj16jE9c/z7iepQ/P3ofj81Y311yOjWNKSWj8UG2Jzfzi/t/EFNKPv78F/n4c1/g6k0X8WO7biSuR9kcH2Q1n2bFJ2dhqIfdx/eLGVnW5BTIL54fJpW3S4+XZ+GQC48X/8rr1IS0yfVM0SlXl7Ubr8txV+RqHMrwqFnZUK9Zr852TaXddgGOtx4eXnGuu31Z3UDH3QAPrzi75c8Pzg1xsH2X2wBvFb3UlGtznTjx6MSLIs6q551XnMsAr802dVuuEwWcm64XD+edV5wD0YnTuOttXweHZvuKH5xV+QtUJ8XsRicBnnd+/bstdOLkKy5xrrudbdlg9d0x/ZcLfdvh0bW+oqITJx6dXr884NxRvuJRJ8LIoT//dViYQEqzhHufgAPzzzJ88nu8+NJpTpyYYGZmhsnJc3zhC19h4swMOVOgxRLE+gYY37mHK6+5jmuvvYYdW8cY6k8QjegIPcbSioEeHWByap7iqlMhDLZNHeTS+cMkhVnpA2uLRCeehMKnXL2ed751EobLkMiVWViZ3+iBbGh0zwRq/xZE3xgAMrNM/qnPQz7jsZrEOP4dyKet2iMXWPdKWVo1Wh2rq6vMzszQm0yS7E1WPbZSeMGvfE7xu0xzudrlz8XHNL2Sor/97Oc4+OSTfODXfo3b3vlO3v1zP8sb3/Qmenp6KraLRqPc9JbvIxqN8pUvf9mxQVpcWCg9ZmJiStP2x5zy0sCQBqaUmFKSMixsc6bBZUO7+Y0DtyKE4H8c+hwTqRlOrFrfYTIUs7639U3jr+LSwV3885nv8t3ZI7xj701ECytktyY2sWZkWMiu2I4xjOaFXVNpmhJsrwAXr4ja5NLJXXZbOmRsMlXioKJcZXZqSpy2dzhux+xh3HZ4uL5yXoNznebSZvugxlsPD684192+rG6g426Ah1ec3fLnB+eGOFSbiBu8VfRSU67NdeLEoxMvijirnndecS4DvDbb1G25ThRwbrpe2sFXasoFq+96ODTbV/zgrMpfoDopZjc6CfC88+vfbaETJ19xiXPd7WzLBqvvjum/XOjbDo+u9RUVnTjx6PT65QHnjvIVHzrRsikih/8Jbfo4kvVJ1KiucUUixfu2TXGxmGJudgYhTI4dO8Yzh54jZwiS/YPs3LuPN33fW/n3P/wjbL1gL/G+fnoS/URjCUwtjtQSSD3Js8+/xNxiis2zL3LtqQfZk58joomK8Wqrs8ROfReRW/N93vnWSRgNQ5oGcn4SubKw0UPZ8OieCdSBbWjjl5Zu5x/4GMaL/+qpllyaxHjuvtJtbcerS/828sVVo5UTkr29vQwMDnL27FlOnTxVuv/0qdN86YtfREpZ8+NPqZS14jKbrZ1ATa/Zr8Y8e/Ysx48f56/+8v/w0IMP8vhjj3HwySc5efIkhlH5Jb4/8mM/ytt/+Ie575++yv3f+EbN44eeeYa//Mxn1o/NNMmbJnlZ+2XARtn9edNgtTC5XLzvPRfdwm1738ITM0f51e9+khMr54hpUYZj1urdqBbh3Rf+e3KmwaWDu3nN5nWuxnqGyJkGZ9fOv19x2+gofleptaK68rtLy6/smqb9lcDiSuxiLr8iKIX6FdKasLuC6NSUOG1vVzbgK9EdswKiznjr4eEV57rbl9UNdNwN8Gi7lUJO466zvWP41UtNuTbXiROPTrwo4tzyFRAu+Wu5ThRwbrpe2sFXasoFq+96ODTbV/zgrMpfoDopZjc6CfC88+vfbaETJ19xiXPd7WzLBqvvjum/XOjbDo+u9RUVnTjx6PT65QHnjvIVnzoRRg79ua+jnXwKs/CVfEX8R/oSfOD1O/jIa6K8fWeeCzcnyJuSgcHNXHTJZbzujW/m8muvY3TnHnp3XkJsdBdGTx9mtI9UXqN3ZAt6fo2r9EmuOHU/F6QniWu1etEWThM99XjtylOP551vnYRRN6SRQ85OIDOpjR5KW0T3fAeqpqNf8aPWpKmZR6YXyd3/+4i+zf+PvXuPk6su7P//Pmdm9hayYTfJQjbZkJDIxmaFhBAqoUSRu0qg4BfiBTFUsAVra6m21q+o9Nevrcj3q1aw36IGLKUJX6UkViFySQFJLAkQMassTULI5gKby5KNyd5m5vz+OHPmnDNzzuzM7Mzs7fV8PDZnLuec+cznzNkz+87nInPWkrx3Yx0/rIH1t8s68rq739ZL7OcsS/G4HYJmhp6RSESf/tNP65/u/a4+d/vtunLFCvX39+vwoUO65kMf0q6du/TYT3+m1gULdPUf/qEk6fjv7BaXJ05kfxh7e+2Asr+vP32xkKSP3XCDXnnlFX3rm9/0rW8YhqZOnaprPnSt/vyzn1UkElFjY6O+9JUvS5L+8rN/oTPPOlO//+7zVF1dpZdfflnHenr0mT//rAzD0GAyoYhpqsaoCmxlm7ASiplRTY7V6kSiX/2JQU2O1ao31co3Zkb1qdYP6j/f+pW2HdmhfccP6eSqSar1TAp17ewL9I+//XetnHuhb7Ko2ZOaNDlWq6ODnJSVZkj+iaMyloYMJZUaA1VKfUmR774U/D+CluUu5W2xEbSUEXxtC/ofxFxfSnJdRL27NewnApdWAcvUC2QtC2kBEfalMOjLZeB+c9RrSD1nLY0cy2HUc+DxCziOw6nnQo9f8fWc77L4es53GWq450vW7kb5eRJ2HIP2W0Q9F3Qch3OeFHj8Kn6eFFTPZT5fijh+I3qelOJ88eyn/NeV8p8neZ8vhZwnAcexEteV4V+/R8F5EnZdybOex911paDjV4LzJej4eY7juL2uFFLPeR/H4ut5TF1XSnSeRF5/Xsbxw0rMWSqjdorvOMyZ1qAbp52sTyydrzcOdmvn8Yisaaep6qSYTjb7dGxAmlI/TZNjb8o0BmW9vU8nJwdVd/DXqrIG1faOkzz789RfMq7oW79VpGff6Pr+hRCWrONH7TFPQ3phT0SG5UT440G8XwOPf1mJX/0/97HqkxRpvVSx9/yFjPoZ4dsOHFdi92YNbviKrJ4D6YejSz6m2OVflSRZlqUDBw4oHo9rxowZisViWbs52NWlzZs260TvCbUuWKBFixbJMAx1d3fr0KFDmjVzlmrraiVJXW91aXBwQHWTJqmhocG3n97eXh06dEhVVVU65ZRT0o+vX7dOG5/eqOXvWa4zzzpLtTU16uvr14svbtV3771X+/bu01fuvFPXr7w+PfmUZLeEffXV3+rI4SOqqanRmWedqTlz5/qrz0ooYtjbGOkrgC1pWelfhIZht0KNmhElLSu9jWR36Y8YZnpSIsPw78tK//J2JVLjsGSui/Lr+tLkVBhqZS9TF1HTc9FOX8YM93KWdbE27aUMQ0Zq6XvcczUzDMl/dctQpouip1j5LwspTvpLwDC+rActA7YPLXAhJR6yAoqr56JevuB6LvT4FVfP+R6/4dVzvsdvePWd73EcXj2Pw/NkyONYXD0XevzG5Hkyms6XMXmeVOZ8GV49F3r8CqvnQo9fwfVc1HEc3u+liXSeZO22rOfLGLquFHKejKbzpajjN0bOk1FwvlTyPFG0SonmM5U8bYkUiRV2XhRwXYm8/YYiXf8tw4qX4Xwprp4Rzuo/LqvnsJQYHHrlcWbHX23O+fz4ClAlWT37NfDwLUq+9Vv3QTMic8a7FFlwucymBXaQWlUnJROy+o7JOrxTiVcfV3Lfy7KOvZXezGicq+rr/jk9BupIe3HrVv3V5z6vv/6bL+h9F13kC0gTiYSefuopfebTf6qVH/6wPv/Xf6Xa2toRLC3GgoNfsodYMFPhprN0/qfTH6q6XxnM1LXKTD3oPG547ltWar3UtU3KvubZLV0LvNYVeK0N3nGJvmTl2E8pvxTm/pJSpi9XzrLEXwqDj+NwvsQWdvxK+cdTaAuIIus5749d0fVc6PEb5edJQcex/H+MlP88cZYVPk9G0/lSxPErvp7zPX7Dr+/Rc10p/3mS98e1GPmcJyU8X8bFecJ1pTLfv7iuFF/PeR/H4f9eGhPXlTKdJ8mqOlmzz1Fixu/JMKOFH5+QpXl0nyIH/zs11ukYOk8mKCsxIPUcktU/cSf3HipAHT9d+FOM+mZVXfOPGvjxbUoe2iElE1IyoeS+bUru2yaZURm1U6SYHaCq/5isgePyN0s2ZLYsUdX7/27UhKeS9MiPH1F1dbUWn322LzyV7CEELrr4Yk2aNEl1k+oUiURGqJQYS9yLj/3lw9ed3/AvJUMy/P/TO9T/zHuXhunux1kmk0kZhpneX3gB81gqxzJzt5aVukgXsFTAUiHLQr+sZy4L+PKYWc8ysus5vVTIMtd+DKPoes7/O/dw6rnQ41dcPed7/IZTz0Mev/S3xOHVd97nybDquQLnSdhxHO55UuRxLLaeCz1+FT9PCqjnUXW+lOu6krW7Ep0nYcfRt315ryvDqeeSX1fCDPc8Ken5Mrzr96g4T8KuK8M9T8bqdaWA41eS60oh58l4uq6U6zwpsp7H7XWlgPPEHDgh67+fkbnnRSWmzpHZ2KJEw2kyIrHw4xWyNI+9KfN3XTKOH5YR75PKfF0Z9nky0cX7ZfWfsMc4Hegb6dKMeuMuQJUko3GuYu//X4o/+y0ldj0n31mTjMs6flhS+IRFxrR5il301zKmzS97WQtx/Pjx1C+WYAMDA4rH42pra1NVVVUFS4axzL7WpC6ehmepjKVlrydn/fR2Sq2n9Hrp9T1LZdxPP+7ZXxYjYFnIlxTvRdS7W8N+InBpFbBMvUDWMlVvvmWhXwqDvpQE7je4XgOX3uPmXRo5lsOo58DjF3Ach1PPhR6/4us532Xx9ZzvMtRwz5es3Y3y8yTsOAbtt4h6Lug4Duc8KfD4Vfw8Kaiey3y+FHH8RvQ8KcX54tlP+a8r5T9P8j5fCjlPAo5jJa4rw79+j4LzJOy6kmc9j7vrSkHHrwTnS9Dx8xzHcXtdKaSe8z6OxdfzmLqulOs8cZb9v1P0QLus/dtlRquUbGiRTpouq65BRlWNrEi1jLoGWYYps/93UnJAkWRCVm+PzHivjGNvyUzGPce1/NeVYZ8nE4GVtHOwZEJKJKREXErEZfUft28jb+MyQJUkc+YiVV33z0q0/0TxX/0/Jfe8MMQWhoyTpit6/q2Knv1hyRx9VfOe975HTz/1lLZu2arLLr/M91xvb6/+9s479c7f+z1detllIXsA/HyhaeZEUoa7TGZ82Ula7sVWsteTMfTSucp5/6fRu5/sAqqwi2LYMuB928UpYKmApUKWhX5Zz1wGfalU8Pah9a2ApUKWQx634uo53+M3vHou9PgVV8/5Hr/h1POQxy/9LXF49Z33eTKseq7AeRJ2HId7nhR5HIut50KPX8XPkwLqeVSdL+W6rmTtrkTnSdhx9G1f3uvKcOq55NeVMMM9T0p6vgzv+j0qzpOw68pwz5Oxel0p4PiV5LpSyHkynq4r5TpPiqzncXtdGe55Eh9Q5OAuWQd35j5ucufOkAwlUtsn05/jHMu8Ky7XfkLqGSiDcTcGapjkwdeUfO0JJQ/tlHVktzTYK0WrZEyZKWPafEXmXyjz1IVSZHS33Hz03/9d//rgg3rHGWdoyZJzVFtbowMHDuiXm3+pBe9coD+59VbV1dWNdDExRnQ5Y6Aa9tUmaGlZztio9pimUuqrg2GPgWrJPyZq+r7lHwPVsiTTzL7mSUZh17oCr7XBOy7m4lzYRX/YXwpzfEnx7zf/4hZabfaXrOHUc77HsRJfrtwvxcXVc77Hr/h6zvtjV3Q9F3r8Rvl5UtBxLLyeR9954iwrfJ6MpvOliONXfD3ne/yGX9+j57pS/vMk749rMfI5T0p4voyL84TrSmW+f3FdKb6e8z6Ow/+9NCauK+U6T8bwdaUs5wkmrAk3iVROyYSs/mNS79tSMi6ZEal6soya+lEfnDoSiYRee+01Pf+L57W3c48k6aTJk3XBBRfozLPOYuIoFOSt/3lSeoKorImkZEiG/T+KztinRmop2RdP57JoyL7qGamrn3NfqYusvI9nXM0Mw/Tcz1Cmi2IlvvSW58t69vaV+NJb2i/pQ7x8wfVc6PEr5R+12dtX4kvvcOs73+NYiS+9Y+o8GfI4FlfPhR6/MXmejKbzZUyeJ5U5X4ZXz4Uev8LqudDjV3A9F3UcyxGWjs/zJGu3ZT1fxtB1pZDzZDSdL0UdvzFynoyC82XMnicjdl0prp6BIASoAEK99T8nyzDsa41h2BdTQ27o6Q9V/S1NZbhfIcJaoBqpi5hzjaMFajm+1Jfpy5WzLPGXwuDjWIkvV/Zy1LUU8tRz3h+7ouu50OM3ys+Tgo5j+f8YKf954iwrfJ6MpvOliONXfD3ne/yGX9+j57pS/vMk749rMfI5T0p4voyL84TrSmW+f3FdKb6e8z6Ow/+9NCauK+U6T8bwdaUs5wkmrKECVDPnswDGNSt1NbH/Tf1PoTwXRc9Skj2WjW+71NIKWBohy6D1w65qVsAy10UxbJm527ByFFnuoPrIrL+cXz4yl7m+1GQelxKVN1d9FFvPOdf3fRcsYbmHqI9i6znf4zeceh6yHqwhvv0N93zJ2t0oP0/CjmPYcSmwngv93BVbz54Kz14G/u1U4fOkgHou+/kyGq4rWbsr7fmdqx7KfV0ZTj0XevxKep44y3zOkxJ+7oZ7/R4V50nYdSXPes65XuBuS3t+j5nvX3mc30H1MW6vK4WcJ2HHMez3VxH1PKauK+U6T/Ks59F4XRn2eQIUgAAVmMDci5yyL5ryL531A5dGwNIKWQatn9pPQAGzl2FfSsLWD9ptWDmKLHdQfWTWX+iX+Mz1wr6MBK1XwvLmqo9i6znn+p79lrTcQ9RHsfWc7/EbTj0PWQ9GWEXnV89DHses3Y3y8yTsOIYdlwLrudDPXbH17Knw7GXAfit+nhRQz2U/X0bDdSVrd6U9v3PVQ7mvK8Op50KPX0nPE2eZz3lSws/dcK/fo+I8Cbuu5FnPOdcL3G1pz+8x8/0rj/M7qD7G7XWlkPMk7DiG/f4qop7H1HWlXOdJnvU8Gq8rwz5PgALQhR+YwA4ePCjDMPL+kRR637ntXea6nesxAAAAAACAStm2/fWcz9MCFUDJ8P8xAAAAAABgvCFABZCXXOEowSkAAAAAABivCFABDCkoIC1VoEr4CgAAAAAARjMCVAChCDcBAAAAAMBER4AKTHCEpAAAAAAAAOEIUIEJLJ/wlIAVAAAAAABMZASoACS5QWnmMt/tAAAAAAAAxiMCVAAFh6bDfR0AAAAAAICxggAVQMEIQgEAAAAAwERBgAogSykDUsJWAAAAAAAwlhGgAgAAAAAAAEAIml5ZjwAAIABJREFUAlQAAAAAAAAACEGACgAAAAAAAAAhCFABAAAAAAAAIAQBKgAAAAAAAACEIEAFUBDLska6CAAAAAAAABVDgAoAAAAAAAAAIQhQAQAAAAAAACAEASoAAAAAAAAAhCBABQAAAAAAAIAQBKgAAAAAAAAAEIIAFQAAAAAAAABCEKACAAAAAAAAQAgCVAAAAAAAAAAIQYAKAAAAAAAAACEIUAEAAAAAAAAgBAEqAAAAAAAAAIQgQAUAAAAAAACAEASoAAAAAAAAABCCABUAAAAAAAAAQhCgAgAAAAAAAEAIAlQAAAAAAAAACEGACgAAAAAAAAAhCFABAAAAAAAAIAQBKgAAAAAAAACEIEAFAAAAAAAAgBAEqAAAAAAAAAAQggAVAAAAAAAAAEIQoAIAAAAAAABACAJUAAAAAAAAAAhBgAoAAAAAAAAAIQhQAQAAAAAAACAEASoAAAAAAAAAhIiOdAEAVEDfUen1/5J+s0F6u1N6/ZeSpCZJg7OWKFk/UwPzL1Ri9jmyqutHtqwAAAAAAACjiGFZljXShZCk57e0a9v2HerY0anevn5J0tSGerXOb9GVly7TtEZCHaAom74nPf1Nqa9nyFWt6snqW/Yn6l/yMRmGEfgjKfS+c9u7zHU712MAAAAAAACVsG376zmfH/EA9dCRHt2/5nF17OyUJNXWVKmluUmS9Nquven1Ll5+tq6/6sIRKSMwJnV3Sv96s/TmbwreNDG9VSf+8FuyTp5FgAoAAAAAAMa1UR2gdu7r0l33Pqzevn6dcfosrbhsmVrnt/jWeX5Lu9Zv2KQj3T1qaZ6uO27/+AiVFhhDDrRL378+r1anoWrqdXzlD5Q85Z0EqAAAAAAAYNwatQHqid5+3Xn3D3W4u0fXX/VeXbx8Sfq5J599Ub19A2ppnq5FbfN1ordfd927Vnv3H9RFF5ytlVfTEhUI1d0p3XPF8MJTR029jn/iR76WqBIBKgAAAAAAGD+GClDNCpUjy5PPvqjD3T0675yFvvBUktZv2KT1GzbpntXrdOfdP5Qkfe7W69XYUK+nnntJnfu6RqLIwNjwr58sTXgqSX09qn3kM6XZFwAAAAAAwBgU+cpXvvKVkXjhe1Y/qlg0oj+/5UOKxaK+55Yufqda57foaM9xvb7nTbW/+rouXr5EdbU12rZ9hwYGE1r8rvnDK0DvG3ruodX6/sP/rsc2PKGNz23X3miT5p3WqOrh7bkA2/XA5x9Q91nna+6kir0oxrNN35Ne/nFJd2kcPyTVTFZy5iJaoAIAAAAAgHHnza63cz4fzflsmXTu61Jv34AWLZynutrsuHJaY72mNdZrcdt83XXPWr22a686dnTq/KULdf+ax/VaasKp4nVp4z/9X21r/bS+dGOzYpI02KVtD39f39v4R/rshU3D3D8wAvqOSk9/syy7rvrFveo+/VJZ1fWSCFABAAAAAMDEMSIB6onefklSy8yhg8rbbrpaTz77YnrdM06fpdd27R1eAbratfVAq674bCo8laRYkxZ99AtaNLw9AyNn1y8L77p/zdPSSQ9KP/xB7vX6elS3/9camH+RJAJUAAAAAAAwcYxIgFqIutpqrbhsWWl3WlujWnVpT5fUFprhDmr/cw/ogcdeU3c8qpPOuEQ3fvRCnVYr6dhObVz7iDbuOqi+uBSd/m7d+Olr1ForqWuj7vrGHi28Tmp/pF3xP/hLfeH9Ddq/+SH960/adTAuRRvO0CUf+aguPM1+pe496/Wdb/5CezL3BRTitxsKW/+ap6Xpz0j/d4jwNKVq19PpABUAAAAAAGCiGNEA1WmJWohD3T2qraka3gtPPk/XXfFLffMbf6Otsxfqgne/W60LZ6u5Nt0eVYPbHtB3tjbr01/9pJpj0rFtD+g7D2/XX97Yppjiarjwj/WlT05WTIPa+cjX9PAT79YXVjSntm7XL7ddp09/9UY1xaTBbd/TNx+L6SNf+LoWTZYGj2zVL/bEpdMk6aC2tV+iz/2vr2uyerXtga9p7RNLdMeK04b3HjHxdBcwtEU6PP1q3ptEevYVUSgAAAAAAICxzRyJF3W642/bvqOg7Tr3delId49a57UMuwxNF35WX/3qp/XRsyZrzy8f1ne+/EX9zV2PqKNXko5p6y9eU+uF71dzKlOdvOgPdPrOX2mXJE1u1aJ5k1Pd/2Oad8Zp6u4+4tn7Ql3zyXPUFHP3dcaKj2jRZPvZWOM5utC5owa9+4pFsu/VatFZ8/S77mPDfn+YgHb/V37rFRGeSlL00GtFFAoAAAAAAGBsG5EWqHW11TrvnIXavLVdTz77oi5eviSv7dZv2CRJWvSud5SkHLHaZs27YIXmXbBCGjyirQ98U99/ZKG+/tEG9fVK7Q99Xp9/yLvFQi2UpN439NzDj2jjzoP6XV889ZT/PbgV26u+XilWE1OwqGr9d4HRqdDxVQEAAAAAAMaBEYvrZs+crs1bpfUbNqt1XkteE0o565y/dGHpCxRr1DnnzNPDvziiY2pWTa208ONf141t2at2PHKPNkY/rs9+qU2TY5K2PaDP/ypsx7WqqZUG+wYlhYWoQAU98j67FeqnvlxYK9TqyUOvAwAAAAAAMM6MSBf+NY9u1Np1/ylJ6u3r1133Pqwnn30pcF3vOKkrLlum2266evgF6PqZvvNPG7XzyKD72LGdWr+xQ7OXtGmyJmvRu89QxxM/035nlcEubdu6U4OSotEaqbZWNTFJg/u1cWNHjhez9/Xaxp9oZ6pn/uCxbXpuG930UWJzfj//dR95n3TwPXaImqf49NYiCgUAAAAAADC2VbQF6oneft27ep06dnaqsaFeKy5bprWPblRvX7/WrtuoJ599UYvfNV91tTWSpD37utSxo1OzZzbpL2+9rnQFabpEH3n3T/TQ9/9W+w/2KS4pWjNDrVd8Wp86LzUa6Tk36tO9D+iBL39e3XH7+bOuuVELJc1b8VG1fef7+uLn44qedIauPKdVOhj+crXnfFS3HftXPfS11L4aztAlHyGMQok1tOQ/DqrktkT9+E3SD38w5OqJ+pnDKBwAAAAAAMDYZFiWZVXihTr3deme1et0uLtHZ5w+S6s+fIXuvPuH6u3r1/VXvVd79h3U5q3tWdvV1lRpxWXL8h4nFZiwfrNBeujmsu3+2Ae/pYH5F0mSDMNI/3jvO7e9y1y3cz0GAAAAAABQCR27OnM+X5EWqJ37unTXvQ+rt69fF11wtlZefaHuumdt+r4Tjq68+kJ17uvybds6v6USRQTGvtPfbY9T2l+G4SGqJ2uw5ZzS7xcAAAAAAGCUK3uA6g1PP7Hycp2/dKHWPLpRr+3aq1nN07Xy6gvT69bVVhOYAsWqmSJd9FnpZ3eWfNfH3/0nSlbVi3aiAAAAAABgoin7JFLfWb3OF54+v6VdTz33kmprqvS5W68v98sDE8uyT0qnvrOku0xMb9WJsz5W0n0CAAAAAACMFWUPUI9096ileXo6PL1/zePp8LSutrrcLw9MPB/9nt2VvxSqJ+vt9/+f0uwLAAAAAABgDCr7JFJ33bNWr+3aq5bm6ercfzAdnrbMbCrnywIT24F26XvXDW881OrJOvKH31N8+oLQSaOYRAoAAAAAAIx1Q00iVfYWqCuvvlCzUuFpY0M94SlQCTMWSp9+vOju/PFpZ+jgdf+mwWmtJS4YAAAAAADA2FL2FqgARtim70lP/Z+8WqNaVSfp2Lmf0vEzP+prZUoLVAAAAAAAMF4N1QKVABWYCPqOSrt+Kf12g9TdKR34jdR/TFbVSRqY+g4l6meq97T3aLDlHCWr6kPDUwJUAAAAAAAw3hCgAgj1xu79OcNSAlQAAAAAADDejfgYqAAAAAAAAAAwVhGgAgAAAAAAAEAIAlQAAAAAAAAACEGACgAAAAAAAAAhCFABAAAAAAAAIAQBKgAAAAAAAACEIEAFAAAAAAAAgBAEqAAAAAAAAAAQggAVAAAAAAAAAEIQoAIAAAAAAABAiOhwd9Dd3V2KcgDwaGhoGOkiAAAAAAAAQCUIUAl6AAAAAAAAAIxXdOEHAAAAAAAAgBAEqAAAAAAAAAAQggAVAAAAAAAAAEIQoAIAAAAAAABACAJUAAAAAAAAAAhBgAoAAAAAAAAAIQhQAQAAAAAAACAEASoAAAAAAAAAhIiOdAEAoJIMQ4pETZmmIcNQ6scY6WIBo95bB9/WKdNPHuliAAAAACghy7JkWZJlScmkpUQ8Kcsa6VKNPgSoAMY9w5AiEVNmxFAkQlgKAAAAAIBkNyhy2hRFIoZiMVOJhKVkwlIiQZjqIEAFMK5FIoaiMbvFKQAAAAAAyC2SanwUSRqKDyaVSJCiEqACGJdM0/6fM5MWpwAAAAAAFMw0DVVVR5RMWBocTCqZnLhBasUC1I4dnXryuZe0bfuOvNZvaZ6ui5cv0bKlC8tcMgDjjf1L3mRsUwAAAAAAhsmMGKoyTQ30T9wQtSIB6vNb2nX/msclSY0N9ZrWUJ9z/RN9/ercf1Cr1zyujp2dWrXy8koUE8A4EI2ZisXMkS4GAAAAAADjhmEYqq6JaHAgqXg8OdLFqbiyB6gdOzp1/5rHNat5um5aeblaZjbltd2hIz26Z/Wj2rSlXVMb6rXismVlLimAsc5MDXgNAAAAAABKL1ZlKmnZk0xNJGVPGp589kVJKig8laRpjfX63K3Xq7amSk8++1K5igdgnDAMQ1VVkZEuBgJYlpXXDwAAAABg9Kuqiky4IfPKHqBua9+pWc3T0+Fp574urV23USd6+yXZ3ft/8vPNkqQTvf1aveZxvZwaJ7WutlqL2t6h3r5+de7rKndRAYxhVVWmJtjv71EhnyDUMIy8forZNwAAAACgsgzD/ht8IqnIu62rqU7fXr9hk5589iVt2rJdknT/mse1fsMmnei1Q9JNW9r15DMvptdf/K75qq2pUm1tTSWKCmAMMiOGzAjpaTmFBZn5BKHFyrVvglUAAAAAGDkT7e/wikwi5XX91e9T6/wWLVvaJkm6ddVVkuzWpq3zW3T9Ve9V67yW9PqL2+Zr8d/9adnKMzAQ1z9+/xFJ0p/+0TWqqspdJS++8poeXvef+uvPfEQNU04q6LVefOU1/dMDP9Ef33illpx5RtFlBuDHuKelFxSS5rNutkIvqOH78pYhrMVqrucBAAAAAKUTi5nqTyRGuhgVUfEAdVpjvS5eviR9f3HbfN/z3uckexKqqY1TNK2xvizleWPvm9qTGh7gjb1v6h2nzyrL60jSu955ur5+x6c0qY7WtECpRKOmTJOwrBScADJXYJodlhqSDN/wCf51im8d6m9xav9k7i9XqOp9PwAAAACA0jJNQ9GoqXg8OdJFKbuKB6hPPvui1m/YrNtWXaXW+S2665616u3r1x23f9y33vNb2rX20Y3q7bPHSm1pnq5bV11d0iDVsqRNW3+jcxa1SrJvz587q2zjKFbFoqoqsNUqgNwiUcKx4cgVmgaFpc467nNW6r67jmRkbTvU79XMlzIMIzAw9T7vbhccqmZ2+c98DAAAAAAwPJGooXh8pEtRfhUPUPfsO6jevn6dSAWjh7p71NvbpxO9/aqrtcdK7djRqfvXPK7amipdeel5OnSkR5u3tuve1Y9mBa3DsffAQe14fZ9u+dgHJEnff+gxHTz8tpqmnZxeZ3fnm/rev/5Mbx3s1oxTpvq63ncf/Z3+/tsPaeniBdq2fYe6DnVr0cL5uvKyZXrwR0/o9T0HNHPGdN36ias0feoU7XrjgP7phz/RH3/8SjWcPFl//+2HtGxpm17+9X9r/1uH1DStQZ/86Ps1p+XUkr1HYDwzDNH6tAj5h6Zuy1L7ccsXlFqWFRCMWhlLZ928SpZH2Z1wNTg0tVuqZnflJ0wFAAAAgNIzTSPwb7TxpuIB6k0fvlyXLD9bLTObJElfTgWiTngq2a1UJemO229Mtzid1livn/x8szp2dKp1fotK4YWXf6sZp0xV86nTJElN0xu0bfsOXfrecyRJR48d1/cfekyzZkzXn918rY72/E7ff+hnWft59b/36I9vXKHut4/pvgf/Qzt379dHr71Y06ZO0fcf+pkef/oF3fA/Lgkswy9fbNcffeT9mnxSnX7wb4/pZ0+9oE/d8EFFIozpCAyF86QwYcFhUGjqD0yNVHDp2yr1vLcLfbnKnfm6Yc/7g9OhwlSCVAAAAAAYPjMiJcZ5K9SKpw8nevvV2zfgu3+itz9rndqaal93fWdiqc79XSUpx9Ge43qlfZfOX7pQkYipSMTU+UsX6vkXtutoz3FJ0utvHFBvX7/+8P1/oOlTp2j+3Jn6wCXnZe3rvecv0qwZ0zR/7kw1nzpNv9d6ms4+8x2aPbNJ8+fM1L43D/nes9cHLjlP8+fO1CnTG9S2YK56jh3XwOA4/9QBJWKQnw7JO0u9t8WpfwZ7b0tU9zF/MGl5xiENey3/6znd+fPnru+Wb6jXc8vnPOYOIeANSI2M9xxcHwAAAACAwkyEnqEVb4G65tGN2ry1XZ9YebnOX7pQd979gHr7BvSt/+/T6VaoUxun6LVde32tTZ1WqU6QOlztHbt1oOuwvvODR32PG4b93LKlC/XWoW5FTFNVVbH087U1VVn7ynysaVpD+vbJU07SvjcPhZYjaH8A8kPLwXBDtzYNbmnq74JvtzA1DO+YpMHjjgZ15y82kMxs6ep02/fvN3vyqOAxU/1dSTJbptIqFQAAAACGZyL8/VTxALV1fos693elg9BlS9t0+MhRXxf+FZct07bt/61vfPdhtc5r0aEjR3W4u0eLFs5Ld/0fjoGBuDZvbdeKy87X+ee2+Z57/oXt2ry1Xeec1apTpjVoMB7X8RN9akhN/hTWkhRA5ZkT4Jd0oQoJTr2tNe3V3Raf3s3dYNI/7qk3sHTD2LBjMlSY6g1I/dtljqfjLav7XOb7ddZ1W6Z690OQCgAAAAClMRH+Nq94gHr+0oU6f+nC9P2VV1+Ytc60xnp97tbrtX7DJm1r36nGhnpddMHZWnHZspKU4Y29b6rr8FFdf/X8dDDqWNQ2X8/916/1xt43Nfe0GZpUV6v/+PlmXfvB5Tra8zv99InNJSkDgOGjC78rn+A0syu+E0R6W5p6g1I3lLR8+8oOLJ2xUL0BpfNcvoOJW6mye7vie1u+uq8ZHOg6z3vL7h2KwC1DdktVgyAVAAAAAIo0Ef5cqniA2rmvS9vad+qiC85WXW21Xt6+Q4eP9Oji5Wf71muZ2aTbbrq65K9vWdKmrb/RrBnTNKOpMev5GU2NmjVjmjZt/Y0+/j8u1R995Ap9/6HH9MWvfU9N0xq05KxWbXn51ZKXCwCKZYeIwcGp2+oyO3B0Q1PvNu46bvCZGaZ695MdUNr7cpbJvMPHZDJ73VwtT8MCUqfsQa1T/eGrfKFtZgtV7zKojgEAAAAAKmzqizHKsMo8a8bNt9+tM06fpc/ddr0k6a571uq1XXvTY6DefPvdkqT77r7dt13Hjs70OKi1tdVqndeiRW3zfRNLARieN3bvT0+kk++PpND7zm3vMtftXI/lo7au4v8HNKoEtY7MDk4l79im7qRR/tnrnRap2VeEzFA1uwyZr5/ZerNQYaFlUIjplMkbqHoDX/d5ZT3mtnqVvHUUFKR6389EDVLfOvi2Tpl+8kgXAwAAAMAo1HtibE+I3rGrM+fzFUkfevv607dXXn2hXt6+Q4vb5kuSbl11lQ4fOepb/wf/9rg2b233PbZt+w6t37BJ1199oW8IAACYaHKFe04Q6O/GbgW0xPQ+H/SYN4D1d6t31g0LSpPJzG78Q4ep3vfi3T6snP6Jo/ytZf2tU4Nbz2YOBxA85IA/SKVbPwAAAABMTGUPUBctnKdt7TvVua9LLTOb0j8OJ0h1rN+wSZu3tmtW83StuGyZFrfN16EjPerY2am1jz6t+9c8rtnN00symRQAjDVBrTJthi9wtNezcnY997cqDQtN3a7wmZM5JZNWRsjpbud0kfdOOjXU+3Jbktr7cSa5ckJgwzAyXlNZZfOX0Q1TneEKcpXHWx/OdkGTTdGtHwAAAAAmlrJPwXLx8iWSpHtWr1Pnvq6c657o7deTz76kxgZ7EiknXJ3WWK/zly7UbavsMVHXb9hU3kIDwChjB4xB4anhCQktTxjq3M5upensy3nOG7p613Nfx146LUMzu/77y+PuP+h+rp+wbf3l8Jchu0zZZXHem7ceMvfvryu3/pzxY+069gfITlhb5pFwAAAAAAAjrOwtUFvnt+gTKy/X/Wse153/+180taFe0xqn+NZZ1DZPFy9fos59Xert69fFy+0JpoL21dhQr23tO8tdbAAYNXK1OnWDPu8kS4Zn9np/q0s36zMywsnMQNH7XFL+7utGKrj0t1aVnFapwV37w1t+pm+l1jPSr+GfBMt5f95xSp3XSma1kM1skZrZ9T4s93Trzglfve8xvFs/rVEBAAAAYHyqyBio5y9dqGkN9Xry2Re1rX2nDnf3+J63LEsXL1+iqY1T1NhQr9Z5LTn39fL2HeUuMgCMCuGtTv3jg3q7nntblbrb+faa1XLUG7i6r6P0PtzA1DseaXaXf/+2mV3tc79Pd73gfbktQb2PJz3d891yeENSt+u+N+x035uznRsyuy173WDaWd/frd87aRohKgAAAACMT4ZF30Ngwnpj9/50K7p8fySF3ndue5e5bud6LB+1dRX5P6ARET5RlBtgZoaDwSGpf3zS4JDUGyL6W1xm7iPokpHZ0jMzBHX3k90KNezxoP3l/uy4wXLqGV/I7N3U/3mUpKB9+Nfx1nFQoOqti8zXGC/eOvi2Tpl+8kgXAwAAAMAo1HsiPtJFGJaOXZ05nx+/6QMAjFFhXfb93dazW50Gh55uN//M/bn33W2dMUX9XeW9+w6esClzTFXvRE+23N3mM8cWdcrh3U+uCa2cdZ1JppzX8g9rEFSfStelv8Wudz9DtUalSz8AAAAAjGcEqAAwioR12ZdnkijD8E8o5R8L1NkyqBVocKvQoPve8VOzxw71hq3+8Vi9Ezb5x10durODs74bnvoDY2dfmeFs0PvKDlGzW7sGBanue8nc1t8KN3PIAOd906UfAAAAAMYfAlQAGCVyhaf2faWDu/AxS62AYDQ4OPVOzjTUNlL2OKje8kiW5yczvM0vRPS2YrXfX9L3vD849ZchrMzu/rzbOSGnf7vMgNh+Pbe1r79s3mPhvH9CVAAAAAAYjwhQAWAUyG5RGtQC00oHevYq3gmdsveX/VjQc9ktVbO3yWyZ6Qaldpd5b4tNwxeE2pIaOkS1fOv4u+un9pLM7DKf+X78Y51mvo/sCaiCg1T7saAd+cNh51h4h0oI6tJPiFqoLj32D/+iR7qyn4nWNKjtsgu1avlc1VW+YOXz1hP60tdf0ZtNZ+rOv7pEM4LW+fVa3Xz/3qyHo5Pr1NK2RB+79FzNri97SVM69cy/vKAOTdKyqy5XW7308uq7de92adEnbtdt76pUOQAAAIDKIEAFgBGWT3gaNFFUrlanzva5xj6VLM+Yp9717Oec2/6A0QkRvY+7AWkymQwIKu39hYWI3vfhlN27L+/ressUHqT6y+19HdM05A+CJW9waxjyBcL+gNrfGtUpqxvy+sdndW4TohZv6uw5Or3Rudevzu0HtG3dI/rG4A2646KmkSzayKmp18IFjakAOa5DbxzQ65uf099u/pUu+sxHtPK0SfnvK5/gNtBRbd+2W9tUr5ZLpbaKBbcAAADAyCBABYAREtx1PGi806Au+949udsE7d8O9pK+dYOC0+z9uvvxl8EOTN2AM3uyp1zvdyiZ45t6X8N9TbsM/omjjIz9ZIeozjAEbpCaOZ5sdnns57ytYzPHWDV8xypoXNTMlqnIT8v7rtUt3taMPc/qzq9uUedzL2nXRZfr9BEr2Qiqn6Prb/CHnUdfXqsvPbhXT/3z42r7yrVqi5W7EG267e62cr8IAAAAMGoQoALACMgVntr3/eOL2t3FJW+LyOxZ6IO74zvhqWVJmeOKZrba9L5GZnCbGZh6t/e2uPTvN6wrfO7nglqxBrUwzSyTG6Zmt5T17tcJUu1w098K2CuoZbC/rIbvGOUaFzXs+KAA9Y2aKqnz2FEdTT00eORXenD1Rr2wP6G4IpraulC33HCJTq+VpO265/YN2qZZ+sTNk/T46g69Ga/XNV+8WVdM7tILP/oPPbitW71xZ3iA5frY8vmaktr30R1PaPWadrV3JyRJtc1z9LFVV+ncRvvr04Gn7tMdP+vRqe/7gK7seU6rt/YoLqm+9Uzdli5DXEffeEnrH31RW/afUG9cUrROCz/wQd22vEWlyDqnLL5KH9tyj+7r2K31W46qbVnqHQxmvMeGGVpxw1W64rRJ6S73kqSuV3TH7a9ImqVb775ebT2v64WfP6fHXz6oN/skKaKprWfr1lXLNTvmr9db775eiwNLdVQdT/1Uq39+QIdT73nu0mW65aqzNK3sAS8AAABQWuZIFwAAJqqw8NR+LrMrvdsq1bntf9zyrZNMOut6f/xhZHB46r+fTCYDQ8xkMpm+7+zfv1/D85qZP+m9+X7cIQeMjPfoL7/3tb3lch8Pfi/B7zu7nty6C6pbfz379+ef1Mp9j/7Wp4SoxerTnp9u1jZJmj3Dbn361kZ97e+e1KauSWpdNEdL2+o12PGKvvbPz6YDVtte3X9fhw5Fq3Xq7BlqifbphdX/ovu2divWPEtLF81RW1O/tq97Vlt67C0GX/2xvvTdV9R+bJIWLpqjpW0Niu3frfv+brUee8tfsjef/qlW75mkxYtmae5kqafjFX3zp6+nno2rY8Nz2tRVrdPb5mjpolmaW3tC7et+rAdfLVXd1Ki1rUGS9PrOA6nHuvTYt+33OGWe/bot8QN65Ntr9UyPNLV1jpa21qtWsocFWDRHSxfN1VRJ2rlZ928tlLdfAAAgAElEQVQ5othpc7R00Rwtmh3V4Y4t+saP8i/wnkcf0jd+dkBHG2do6aI5Wjovqs7NG/WTnaV6zwAAAEDl0AIVACosu6WmPzwderxMd/3gQM47Vml2t/rM9TMnZworsxvoZrcONQ1DhhmRaZqpVQy7lE4XfGfTjLeRvY4lGZYSiaSspH3bHULA2+LVW5agVrfuCxqGPdmV3W3ffT/eY+AfpzS4HvzHJHc3fP8xDG6JSlf+oW27/27dnPlgtEHXrFyuKZJe/tlL6lS1lt96s244zX76xJYf6s/WvKLH3liulae5m7W8/8O646Lm1L0uPdYtSbN0/Z9dr3NTjw72HJXq7eefXLdbvarTRbfenN7PiS0P6c/WHNAj617UxbcscXfevFR/f7tdJr3xuG7/drt6du7QAc3VDNXo3FV/pnNjnq9cqQmhXn55h1YtmF+CmpKmTJ4kqVuKx1OvsVGP7Jfqz7tGf/uhufZjvS/orv/5nNY/3am7r75Wt8yzx0DtzRwWYPF1undx1NM6NtXidPur6tACteZRnsPdJyTV6eJPfETXnpJ6sOeoTjBeKgAAAMYgAlQAqKB8w1N/61P/9pm33RafVsbjyaxg1HvbOw6qtyWld5uwoDISico0nE4MniDQbYzpxJdZLUK962avY0iWoYhpevpIpFqeWkklEgk5rVWdbvL28Ab+MgYFws77dYLUoBDVO3FVWKgaNJ6pt9u+3ZU/MyQlRC2GbxKp2notbJuvtnlzNSUmSV16s0uS+vXst+/WsxnbHu7x3puhi5Y3e+43adE59XrkZ3t13199V08uaNHiRQu1rG1uqvt+l3Z1SVKjWj0hbF3rLM3VAb2+/6A6Jbv1pqRTFy1Id/tXTUR1krwvf2L/Jq3+0Svq6Oq3u/Cn9Pb1FVYhORw9dty+EU0NL9Bll6Bn8yO6eXPGyt1HJbWE76y3U8+s2ajHdnSrx1vEvn6dyLM8befNUe323Xr8f39T7fNadMaCs/Se8+YXMFEVAAAAMHoQoAJAhRQWnjqP+bf33na7zdsTGAW1DvWvF5xkZgeNyawQNxqNyHACU6vSoZ/9eqYRkRmNSIbz3hKKx5OSJ7V1xiF13oO9XnbY6cgOOcMe85YnO3h11iFELa2sSaQCRdTS2qJTa/2Ptjb616nLGHdzxkU36962HXpm86+0fecOrX+wQ49EG3T9X9yki09R6fS8oHu+vUWvSTq1dY7aaiUd6dKWPflGkfnoU8f2bknS3Hn+iLK2eZbamjK+7s2bonBH9czqR7R2pxRtmqGlC6olHdeubQd1uIASxRZcq7u//Lpe3tKuLds79cy6dXpqXbWW3fxJrVpQU8CeAAAAgJFHgAoAFVB4eBrW0lTyTo6UPU5o0hfI+VuSesuTDHjMu39LpmkqEkmlTpYR1rO98lIBrqGoYjE7OI7HE6n35H8PUtCEVJYbBsupeycAdevOG8K62wUfI+/ruPsVIWpZNenUJkldCdUvvly3LJ3kPjUY11CzM53oOaq6U+br4qvn62JJenmtbn5wr57Z3qWLT2nS6U3Stq4j6nhDWux04e/Yq9clqXm6WiQdyqeY+zv1miS1Xqw7bjlLMdnDDJQyQD368jo92CGpZo5WLLXD0RlN9ZJ61Dt5vj52wxLVpdeOa9D5+ndKk06V9GbXEb0ppVqHHlDHTkmaoVV/8RGdG5Pd9b/AANUeDmGuzr1ors69SNJbT+ivv/6KNm3eoVUL2ob7lgEAAICKIkAFgDILnp1+6PDUmaTIv47T0tRu5ehtJerdn791avA+3fW9+zAUjUbtgNHS6AlNw1iGJEPRiCnDsJS0LMXjcWUH0EZ6cidv0OzmlplDDVhZty3LyHous7u/+zpOUBoWoooQtQQWv/9stWx/Se1r7tOXXm5RS600eKRL2/dM0aq/T4V/gV7V2n/4qV5Qg1oXTFGd4jq0c68kaWpjvaQaXXzVHD123249de99erOtUXXxo6lWnvW65qolQ+WzrnlztFC71d7xnL62eodO1dF0a9Gi9OzW2n/5cSoQjevQGwf0enfCHhv21qvU5hTsXRfqmuZ/0SMd/6nb/6FDi5urpfhxdbx6UC0rb9OfL66R1KK22dK2PXv14Lf+Q4eXt+j0ea1a1Cpt6TigB7+9VtuapEM7U8Fx3o7omftWa21XneYuaNK0qHRi/24dljS1IVfrVwAAAGB0ModeBQBQrKBgLLMr+VDhqbuOd/Z3OwR01s0cz9QZJ1TyziqfHea6gawUi8YUi8ZkyBz9wWkAyzJkyEy/j8xANGicV7denH34605y689+Pumry8zj6w2v3aA7+Jh7DTWJF0KccqG+8MWLtXx2tQ517NaWbbu1vatabVedO8RER/N15Yda1VLfo45tu7Vl2151DjZo0bXX6bbFdvfy2IJr9bd/cqYWTj6u9m27tWV7twab5+jmL67SFYV08Y8t0S2fOVMLJ/erc/tuvfzGJF1z1azi33Nfj10ep9zxas097wJ96Ys36YqZ3v8Xb9IVn7lBN583XVOOHLDXf/WIpixYqivmOes16j2rPqDlzRGd2NOhtQ++qqP1NTr3hmt0TWudBvfv1ZbtRzTlA2drUUGFbNTSq5ZqUVNCndvtsrYfqdPcCz6gL1ydY+xVAAAAYJQyLP5iAyasN3bvT7eAy/dHUuh957Z3met2rsfyUVs3+hvRh8327nbBT6/p2SaolagT6tld//1Bnf95t0u6t+t/9tiodmtJQ7FoVJZGURf9EnFagg7GB31d+70fN2+rUO9n1w09Ld/n29mvfT/4eWcf/oeM9LbOsc9seTraW6G+dfBtnTL95JEuBgAAAIBRqPdEfOiVRrGOXZ05nx/96QMAjFFB4566wWVmS8XMVpD+/fjD0+yJkIJbsCp9OzOglaRYLCpZZtZYqOOF/b4MRSNVkiwNDA546t3whcwBW2fsx99NX3Im7soea9Xexruesz937FrvZ4Gu/AAAAAAwuo2aAPXQkR5J0rTG+hEuCQAMX/ikUW4IGhRqhoWndvDmhKeW5znvzO/+7YPHXpUiZlSRSKTkwalhSIZpyDQMGaZkGoZkuMFiZi7oe8+WlLQsWUmny7xV4vIZqq6qVjwRVyKRUNgEUEGBqhOUJpOWZxzVzCA8OER1W7O661iWkd6nG6wSogIAAADAaDXiAWrHjk6tXvO4DnfbAerUhnqtWnm5WuczRhaAsSk8PJXcMTH9rUTddf333SDRmTTKyljXP5lU5lia/q7rVqo1ZuaEScUxTUNmxFAktSyUkxE6dWUqex/JhKVE0lIikVRqyNeiWZYbHg8ODnhLkno+qFLs+nVue8NO76RRmSFq9tioqVcyvN34rcD9EqICAAAAwOgyogFq574u3bN6nRa1zdcly8+WJD3x7Eu6Z/U63XH7x2mNCmBc8I516m2VGJTX+cdJ9bZydEPYzBaoUlJuKGoFBqgRMyLTHP6v/EjEUCRqKlJEYFoMM2KHs7GYPedhImEpEU8qkRhGAmwZikWrlUwmFE/E5W2NGjSZk13/bhDuDzitVItSKbM7f1DXfm83fm9I6h8PFwAAAAAwmpgj+eJPPPuSWpqn66YPX66WmU1qmdlk326ervUbNo1k0QCgKLkmjZLcCYqCtvPezh7zNLj7vrf1oneWeW9AG4vFhhWeRqKGqqsjqq2Lqqo6UrHwNLAsEUNVqbJUV0cUiRZfFtOMqCpW5XvMP3astwWw/1i4z4cfC3ef3gPuHh/3c+L/rEjBQS4AAAAAYGRUrAXqid5+PfXcSzp05Kha57Vo2dKFOnzkaGBX/db5LerYYc9+9fyWdr22s1PTGqfoogvOVl1tdaWKDAAFKXTSKHdMVPm2yRwrNbPbflhglxm6maYUjVR5uqAXJhYzFY2N6P+z5WRGDFVFIlKVFB9ManCwmD7+hqqrqjQwOOAZq9TzbFZLUrc1sLclqvc4u8c0qCu/dxxV79iwTCoFAAAAAKNVRQLUE739uvPuH8qSNLt5ulaveVx79nVpauOU9ORRXp2p59Y8ulGbtmxX67wW/WJHp55/YbvuuP3jww5Re/sG9K37fqydu/enHzMMQ3Nnn6obr79MzadMVffR3+nvv/2QrrvqvVpy5hl68ZXX9OP/eFZ/8cfXZQ0tYFnSj/7jGe3cvV9/dvO1qq2pynxJABOQd2xM7xiZkjtDvPtc+hlfi9Vc4WnQuJvOOnaX/UhR4eloD06DRFNlLiZItSxDsViVEom4Egl328wA0w1Sc4eo7jHxvoblCUrDJpWiKz8AAAAAjEYV+Qt505btsiR9+faP67abrtYnVl6up557SecvXajNW9v15LMvpdd98tkXta19p85fulBPPfeSVn34Ct1209X68u0fl5XaV6lc+t5z9PU7PqWv3/Ep/d0X/kgNUybru/ev19FjxwPXP3j4qDZvbc96/K2DR/RfL/22ZOUCMPbk6rqfGZ75u4j7b/sD0qHCU++27k80GlUkEpUCJmXKJRo1VVsXHXPhqVc0lnoP0QLfg2UoGokpFnP/XzGzXt3HpVytg73Hx79O5m3JnYTK+1mhKz8AAAAAjCYVa4E6qbY63XJ0WoPdgrNlZpM+sfJyrX30aa1dt1GSVFtTpU+svFxTG6dIkupq7G3qUtuf6O0vWblqqqvUMOWk9P0PXnqevvnPP9KevV2a1Tw9cJvNW9t13jkL061QLUt67r9+raM9xzUtVWYAE0/urvvuuKeZLQzDu2gbsqykZ8zU8PDUu4xGozIUKagVo2na44qOp57isSpT0aip/oG4rDwbpFqWZCiiWEwaHIx7utpnThwlua2H3SEX3ImhzPR2mUM0eI+1u3+ltw/ryg8AAAAAGDkVCVAXt83XT36+WT/5+Wa1zmvR2nUbNat5uupqqzW7ebo+9qFLdfDw25Kk6VNP1oymBk1rrNes5ulau26jVl79PnXs7NTe/Qd126qry1bOWDQiSUokEoHPN586VZIdol556XmSpIOH39av2nfqHafPUjJZzPh7AMa6oGAsrOt+agtlBmve1qjOdm7rQ2f9pLxdxDPD01gsJlmFtbx0gsbxyDClmpqo4vGkBgfy//1sKKKqKkODg4PpxzJDVPeYW7I7c/iPmf0ZcI9VNn93f/s1wrvyMxYqAAAAAIycigSoLTObdOuqq7Tm0Y1av2GTFi2cp+uvfp++ce/D6tjZGbhN67wW3fThK7Tm35/WXfeuVWNDvW5ddVXW+KOlEk8k9MsXfyPTNNV86rTAdWprqvXeZYv00yd/mW6F+tx/vaIZTY1qnjEtPfEVgIkjbOIoZ5xLJ0gL6gLu5040ldnVO7WVZ9/ZM7xXVVXJSuYfsJmmoerqSKG9/MekaNRUJGJqoD+hZDLPprmWqaqYPblU+qHA8VC9gbbkHlcjffwzKzmoS77d0tR53tkPE0oBAAAAwGhQsS78e/cf1B+c25Z+7N7Vj8qSdMdf3KCWmU2+9Tv3dekHax7X6n97TIvf9Q4teMdsSdLe/QfVOq9l2JNIOdZv2KT1Gzal79fV1mjVysvUNO1kdR/9XeA27zxjtn754m+0eWu7fv/sd+rlX+/QjdddqlcJTwFIcrtz+7vaB00OFDSmqTeYs8M+/zr+8VWdlqeFhafRqKlY1fhsdRrGMKTqmogGB5KKx/NrjepMLjWYEaLa+8scm9Q95qaZ2YXfDVWdiacyy2av778f3noVAAAAAFBJZQ9QO/d16a57H1ZtbXV67NMTfXag+pd/cl1WeCrZLVZXXLZM965ep9oaNyw91N2jJ555UZ+7NXi7Ql363nN08fIlkqRoJKKTJtUOOQZgVSymiy44Ww+v/0/tf/OQmk+dptNPayZABSag8Imj7OAzO2Rzu+7nmhgo8zlvd/HMfcaiUcnKPzytqo4oEpm4rRhjVaZM09DAQPBQLVksQ5FIVIlE3P9wxnio7n3/8QlqMerf1h+yusfXacFKK1QAAAAAGGllD1DXb9ik1nmzdNtN7tilHTs69Y3vPpxzO2fyqBWXLVPr/Jb04/f84FGt37DJt79iZU4ila93njFbp05vUHvHbv35LR9SJDKxWnIBCBI2cZQbqGV28c4ey1S+9fwTT2V33Y9EopIieZewuiYi0yR8i0QNVZsR9fflF6KaRkQypXgi7pkoKjMczz6+ppk7TM3c3p0wLHtCqYnkrYNvj3QRAAAAgHHllOknj3QRxryyB6jb2nfq1lVXlWx/y85t072r15Vsf8WIRiK67qoLdfDw2zpt1ikjWhYAIyO49akUPHFU0KRR3nWdGd29EwjZk0Zld/G370ciETvYy1NNbXTIFvYTiWkaqqmJqq8vPvTKkkwzooisrEkG3UBVckNxbxd+pUJrb5hq+IJYW3YY6zzlXXcitELlyx0AAACA0aYiY6DW1ZRmzNJS72s4pk+doulTp4x0MQCMCt6Wgu4M7N7ALLO1qX/29ezb/saJ3oDVDtEiZjRrTNXAkhlSdQ3haRDDtIPl/r54XnUZjURlWUnfRFSZXfezA1V/GJraKuP1nAmjUuXyTCg1UVuhAgAAAMBoUpEAdbSpranSX//ph3Ou0zDlJP3Dl25J319y5hlacuYZoetfeel5uvLS80pWRgCjV76tT70TR2UHdIYsK+l7PGwdf2tDS7FoFeFpiTh11NcXH3LOJsuSYtGY+gcGPCFp1h4967tjmXonn8oMQzNbm3pbJhuG97M0cVqhAgAAAMBowuCdADAs/haC7tiVmWNihrUuzRzf1J2Iyl3fM2lULJbq3j80wtP8GIZUU5Pf/ydalqGqqpiyu9xbWT/eCcMyj6UbrPtbJLufG1qhAgAAAMBoUfYWqLU1Vdq0td3XUqZz/8H0MqwFTdg6m7a2q7amqowlBoDcCmt9mj3ZkLOt08I0+/HMde39RiKmZOX3/141hKcFsVui5jmxlGUqGokqnkj4Whln1ndwK9Hg1qPFtEIFAAAAAFSGYQX9tV5Cz29p19pHn1Zv30BJ9ldbU6Xrr36fzl+6sCT7AyayN3bvT4cx+f5ICr3v3PYuc93O9Vg+ausqPwpJZvd9m3eM08xWhUZW60N3DE0rfdudWEq+dZ3Wi4Zh5N11v7omkpq4CIVKJiz19w8dohqGNDA44Pk8WIHngbOuc9+ZUMq9nXnOeFsz+1uhuuG8P8CvlLcOvs0ETwAAAAAC9Z7Ib4Le0apjV2fO58uePpy/dCFhJ4BxxztplDvBky2o9anbtdu7D+++3O0yx0aVpGg0lld4GqsyCU+HwYwYilWZGhxI5lzPsqRoNKrBwYGMx91w3DBM3+NOa2Un80wmLZmm4XnO8oSp9j68x9wdHoLxTwEAAACgkhgDFQDylBlceWdat5fesU+zebcNavyfTPpDVud2JBKR8hj3NBIxFI3ya324olFTkcjQ9W3IVCQSSR9zb+tj53b48A1hvGOkGukf57PmzU2d0BUAAAAAUF78pQ0ABXLHL3UnDHJaDHoDrvCu+951/OsGvJpMIzJkmQxDqqoeej3kp6o6ktcYshHT25Ejd5jpH97B5h3CwVnH3Zf944x96p2ciuAUAAAAACqHABUA8pTd+tTbrdq7lNyWhOEtEO3wLDgIczaLRmPKZ/b16jxnkUf+8qtTQ7FYLCM496/hHfPWXcfKWj977Fz5lv7PnHObrvwAAAAAMFy5hsIzTYMAFQDykRmEumOgegMttwVqZoiWfd8fpgWFaIZhKJ9f07EqM6/WkiiMYUix2ND17xwjt9t9dnieORZuLs7TTqtm97a9/+DPIgAAAACgWFWxWM7nCFABoADe4NQJPjNbE2Z23ffnW1ZGS8PwsDUaGboFpGGIcU/LKBrLL5y2Wwq7LYrzC9Cz1/cHrem1Az5rdOMHAAAAgFKZenJ9zuf4qxsA8hDefV9yx0OVvK0PnVnX7ftJSVbgOKiOzNan+Yyywrin5ZdPHRsyZRhmzlaomTLHO7Usd2Io+/g7oamzz6DPHt34AQAAAGC4TppUq1mnTlNtdZVMw5RpmKqtrtKsU6fppEm1YtA8ABiCG2i5952QzJngx1m6jxu+QNXezr/PzPvedfJpfRqNmjnHaUFpmKahSNRQIp67xWcsGtXA4ED6vh2IZofp7ucjcxgIS5ZlZIWo/qUU1o2fIBUAAAAAijeprlaT6moDn6MFKgDkyRt4ua0DMyf88bY89AZnTlDmhmCePftu59X61LDHPkVlVFXl09LXVNBEYtm3Mz8LSrc+9Q7xEPTZ8ofydOMHAAAAgErgr28AGEJQ933Ps1ljmnoF5VtBXbftx+3ALBIZOqzLZ3IjlFY+gXU0GlVQwOkGn8FjpGY+lj1Orje8T+2dbvwAAAAAUBH8BQ4ABQjqdu3Olm4ErOuEpO5PZpDmhF/prtp5/Gpm4qjKy6fOTcPbCtXyHdvs4Dz7M+EEp/6WylbGZ02i9SkAAAAAVA5/gQNADv6Qykg/5gZfYd33lbVd9r6z7zsBXC5RWp+OmKHr3pBpGqmxT5XRuji45amznVfubvyW5zOWOTYvAAAAAKDU+CscAPLgTBQlOS1PDQWNY5oZuAaFpM6PM1mQd2xL06T7/miWT92bZjQ9gVTmEA1OS1TvZ8DhHSvXu372+KmG77NIcAoAAAAA5cVf4QCQQ/bYkt7u+5LbHd/bDd9pjervqu2s7wZrQZMM5f61HIkw1uVIG+oYmIbTUtl5xD3O7uRi9uPh3fiNdMDuBqZO935nb5ljovLZAAAAAIByIEAFgBCZLfuyW/oFTRbkBGSGr0VhZrjl7Mo71qVpRgImqfJj7NORFxnyGBiKRMx0N/7Mz0Dmx8j7GXBbpVq+z1RQGOs8l+s+AAAAAGD4oiNdAAAYG7yhVnZw6oRlhmEomfROFJU5E7uR7pqdTCY9j1uK5NF936QF6ojLpxWwaUaUSCQ9LU3drvimaXqGcJAyW5Y6nxPTNLIed1ulyvMcnwkAAAAAKCeaMgHAEIIDK//4p/5xLrPDUmc9b7dtd4Z2Z+e5y0Hr09FjqGNhTwbmbWnsLN1xb92QXb4Wy874qf7gPXwcVHsdWp4CAAAAQLnw1zgA5MEbVnnHP81uAegNTa2sVoVhXbQNw5Cs3AlqJEpLw9FiqGPhnSDKnjAqfIgHf8hqecJT/+fKG6oGfx4BAAAAAOUwol34T/T26yc/36TnX2hXb1+/JKm2plrnn7tQV166THW11SNZPAATnH+GdCfQcieDsh9XxjqS223f8LQ2dVun2l38jdTtpCRD0cjQv46dLt0Yefkci4hpKp6IpycWk7yhqpXahyX/ZFGZIbs/iHUnk/KOm+ptIc1nBAAAAABKbUQD1DWPbtTmre2a1TxddTV2WHqir19PPvuSjp/o100fvnwkiwcAPt7Wg9mPe8endAPTocY/9YZnueQz7iYqy4wYSibCu86bkYiUSKTuBY2DaskwzHQw6gTsTnjqBKqSp5WyR1BrVAAAAABA6Y1ogOqEp1++/eO+x7969w+1eWs7ASqAEeMPrLwtT+VrXSq5E0jZz0neFqiZLU+zw1Z57oeXh8mjRp+ImTtANeRvOZo5DqrN8kwWZbdU9U4w5W4jz778nx3n1RxBYSsAAAAAoHgjOgbqooXztOKyZVmPr7hsmRYtnDcCJQKAcPlOIOV2788c59QbhHnHxMwdnv7/7N17fFT1nT/+1zkzyWQCJBBIhEBQIQKagNxCl6BYNAriBaq24AUrbtEWd9t+1/rtdtu6u3b7q13LPrbdr9SW3WLFFbDVCt5A8AYSWrkKSTUQEAhECBBI0CQzmTnn98fJmfP5nHPmkslMEuD1fDx8zMy5fM7nnBn1wYv35/MBOHy/N4oXasuLPym279wKVcXt9t9LZxaSIiIiIiIiovRQdC7dS3TROnyoHoqidOofAFE/m+/F11jvY21LhD87fUX0ZhWffe5Te1gqLxAE6LoW2W9uM+Y8jRaUGffv9WTE7E8675WS19oSirk/FA5C07RIdalYhWr/d0VV5f3Gq+rYJu+PbIE4n2o6KlBPnDyLS/L7p7xdIiIiIiI6/8X7s9H5rlv/RF53rAG7qw8kde74kpEoGlqQ4h4REcUnDtE337uvlC4O7bcP8RcXkII0D6rH44l5fVaf9l6KCnRk5u77FRXiwmO6bsx/CjgXkjK2icP3rblQLbpLeCr/RomIiIiIiCi1uiVAbWkNYOnyNag5UJd0G2vXV2L0yCIsXjgH2X5fl/rT2hbEL5e9hJLRl+G2m6Z2qS0iuliI86A6kyq3+VDN7fZh2WaIarUZOyDlMO3eS1UUhF1+DyaPqiIcWUgKEIN1VVVslc72KlPj1b2iVPzd8AdCRERERESUTmkPUFtaA/jF0tWoqz+J8SUjMX7sFRg0IKdTbZw604zde/djd/UB/GLpanxv8bwuh6hERLGIgZWz0jRylGMxH3HuSmufW/glVLPGC1BZgdprKaoCxFhIClJlqT0Mdwag1ly5zqH4sYbm2xckIyIiIiIiotRJe4C6cdMO1NWfxG03TXVdMCoRowFMKyvB71auw9bt1di4aUfSbRERpYMxJF9eGEqsIJSrUBVb4BV7+LXKQKzXivfVRNstBqTmqxV8ivs4hQMREREREVFPS3uAumVbNfxZmSkJPOfPnYGt26tRua06rQFqKBzGW+9ux1vvb0dLawBXXzUC995Vgf45fXHi5Bn84dX38fG+w2gPhXD58CF4eMGtyMnpg6XL18Dr9eLhBbfC4zHmuHvp9U04dOQ4/v5v70DtoWNY+ad3cOJkIwoGDcA9d9yAq0Zdmrb7IKLUMQJPZ8rpDD/lsMs8Txy6L6/GrjjOcVxDTbrblGbxw01xmoZYVaW6MO8p4Pa7sIe19hCeiIiIiIiI0iPtfyxvPNOMokJr8adTjc041djsOO6pp1fjF0tfjNlWtt+HUSOG4fQZ5/mp9N6Wj7Bh0z9PtuoAACAASURBVA7c/9Wb8OQPvwGfLxMvvPwOwmENX7S04bKiS/Avjz2An3z/QXhUFS+9vhke1YPJV4/GwcP1ONXYBABo/rwFu6sOYOrkEpw4dQb/88IbGHfVCDz5w0WYNaMMK/6wAQ2nzqb1XogoHRRHxag59Fr87DjLJeSSh/pHuRrTsV4r3vQLkeMU+TchzpkbLxh1ThNhXJmIiIiIiIi6R7fXNS1f+SZ+sXS1Y3tdfQOOHDvhek5NrbX4VNHQAgwrzE9b/wKBduzcux9TJ1+FieOuQN6AHMy6fgpOnT6LpubPMeLSIbj1xqnIH5iLS/IH4MpRl+L0mWa0BYIoGX0ZsnyZ+Kj6AADg08OfQVUUlIy+DHs/PojcnL6YfcOXkDcgB1MmXomCQf1xqO542u6FiLqD4hqM2d9HOxdgQHpe6/RXF/uE2L8l/k6IiIiIiIh6QtqH8Ntl+33Yd9CoQh2UZy0m9fijX3c9vqa2Dr/49Yt4YP4sTCsrwfy5M9Lav7ZgEGebPseGg0ex4f0dke3+rEycbf4CbcF2rH7lXRw51oDPv2gFAIy8rBAAkJvTBxPGFmPn3v2YNqUUW7ZVY8Rlhcjp1wcnTp5B3bEGfPfHT0vXK758aFrvh4i6yhyCbb6Pc3SU+UytqkHNeXwCPaDznzMn1wGokQWm4h/vOCLOZyIiIiIiIkqFbg9Qx4+9ArurD+DZVeuweOEcZPt9ACCFqacam5Ht9+F0YxM2bt4JANi6rRrDC/MxMC8XLa0B6fhUysrMRP/cvhh31QjMnFEW2a4qCrKyMvHbFa/h3Bet+O5DdyKnXx9s3LQDBw7VR46bMn4MPtz5Cf6y82McPnoC37jnZigKcEn+AAwfWoBv3DsbWVk+63q+zLTcBxElz221c/dg1Jq3Uh6KHy8SdTQTG3OxXiteyGn+JNx+U3HOhPjFW4tNAfYfBAuYiYiIiIiI0qvbA9RpZSWoqa3D1u3VeGLJc5gwthjZ/iz4s3woLytBtt+HJ5b8HuYfEFvbAgCAmgN1eOI/VsDfET7+6qd/1+W+tAWCONP0eeSzqijo0ycLE8degQ2bduDKK4Zj+LBL0HzuC9TU1mHGNROQ5ctEhteDLF8mTjc2YeeefcjN6Rtpo3DwIFxaNBivvLkFlw4rwKXDBgMAxl45Au9VfoRtu2twzZRShDUdu6r2Y0LpFfBnMUQlulBZladiFWsnA1a6CCiulaidD167dh4RERERERE5dXuACgAP3j0Lg/JysHHTDmzctDOyvagwH6OLizBv7vV4dtU6AMD3vvU1jC4uQt2xBjy1dDVa2wJ4YP6slPTjrfe24633tkc++7My8d2H7sKXp12NYLAdy1etwxctbeif0xc3XjcJigLcecu1+M2K1/Djn/8Olw4bjNHFw3G8oTHShsejYlpZCfb+9SCmTi5BZqY3cm8PzJuJlX96B69t2IoMrxcTx43ClAljUnIvRNS7mJWC7otJuW+ni40z4GToSURERERE1Psoepr/FL/o0SUYNWIYHntknuv+umMNaGkNINvvQ9HQAum88SUj8ciDcyPbfrdyHbZur8bj/7BAOpaIknP4UD0URenUPwCifjbfi6+x3sfalgh/dnr+Dkis3jP+C6kL761jzCH85mfzP6fWK6Bp9m26cLzRdobXmtbDTbruk1KjtSUUc3+wvQ2A+TtXIlWmbv/eqKr5GVH+/UJHG+K/U5F3kffpqEA9cfIsLsnvn9I2iYiIiIjowhDvz0Xnu275U7k5DN9NrCD09Jlm+XNjEwDA789KTceIiNIk1l9NsfqUDPI8pwCH3hMREREREfVGarovML5kJOrqT6LuWEPC5zz19GoAQF39Saxe8y72HTiKV9/ain0HjwJAZHg/EVFvZi36IwamDE8vJHGz8ISzUB1uuWmyYSpDWCIiIiIiotRJe4BaMX0SAODp5Ws6FaJOnVyCYYX52LhpJ55auhpr11diWGE+pk4uYfUWEaWVW/jk/p8dRZrP1Dqvc+GVEue/xOY0ANT7JPr/o84HmtEqUxP9bRIREREREVGqpH0OVADYsq06UjU6cEAOBuXluh53201TMbq4SNq2cdMOrF7zHqZOLsGDd6dm8SgiMnAO1PjMeUrFuVDti0Npmia8F+c4dZ/3VJwjVdd1+Hw+6FYTDpk+DzweVhT2RuGwjmAgHHW/ogKBQFtH0G7+u9Kxr+O927879jlRjfdW0m7st36PYpvpwjlQiYiIiIgoGs6BmgLTykowaEAONm7agd3VBxxzm5qGVeU7AtTRI4uQNyAH08pKuqOrREQ28f6OSXdUobq9j9m27pwLUzoqzn7qOfH/DtK+AFns7zL2Xzzwd0BERERERNQTuqUClYh6J1agxidWi9rDVLk6Va4+NV/FSlRxKL61XUFmRmbMYdgZGSq8GWmfcYWS0N6uIdQeo3xY0REMBmBO92AG7uJv3qwydfv3St4PiNWmwkVYgUpERERERD3qQq9A5Z/IiYgSYA+3TM7gU4cYtJrzVprDt+1tGgFsjAAOnAO1N9PjfDdy9bDu+hswfkP235b8OzLaktuO9pskIiIiIiKi1GKASkSUAsYiP8Z7KxjVYV9gym1YvxZnIAAD1N4r3ncTbb+1KJT127B+L+K+xBeqIiIiIiIiovRggEpE5EIMraJX+CVaUajb/jGvYbyKi1C594UhWm9kLgoWSzhsLDBl/hTk452/i0Qqlt2Ix/K3QkRERERElFoMUImIEiKGUtHncY02zNp8b63EboVh8Ybwu7VLPS+x78T+3VpzoIohaazpIdwDfPtwfyIiIiIiIkoXBqhERHGIQZn53q1C0Ai1zKH8uq3qUA7MrCHc4gJB0XEYf++jhWN/J9Z3ah5nBqdWtan427DOsX5D9rDeOsf9d0lERERERESpxwCViCgJVpAlJlfikH4lMvTeGYpBOscMXmMJxwnrqPvF+06sofRmUO787sXfhjUlgDg3qvz7cg/uIRxPREREREREqcYAlYgoBnluScC5OroiVY/aAzD78H37sGwzJAvHmQdVC+uc27IX0XU9blVwWAvDqiB1WzQKMYbx24f4A3AM248/BysRERERERF1HQNUIiIXcjWf7rLPPkTfDMAAsbLQDD2tuU/NMFWXzg2HQ3H7xLCs90hg2trId2r/nZjTN1i/BWu72xQQ4rnWPnu1aSKLnhEREREREVEyGKASESXIbaEfczsgD9k2K1HlCkI9Ep6abYmVhfFyLw7j7z3ifRfu859avyFrDlwrKDXnxBWrmMX5Up3XcP89EhERERERUWoxQCUiikIcMi/ORykP04ftGOdCUvbFgsy2rPaNodhanBLTcEjjMP5eQNd1hEKxS1D1jhJV+1y5VpWp8zfhtoCUGJBabxWhGlmuRuXvg4iIiIiIKPUYoBIRJcA9l4q+kFSs1dWNkEueH1VRAE2LPYxf1xMbOk7plch3EAqHYIWj9jlvzQpUwDkVhByyC1eVgnupP8xMiYiIiIiI0ooBKhFRHJ1ZSMoMT+1D9s3jzODUbR5ULc5CUgDiVj5S+iXyHZgLTEWf/9SsVlak7VbI3rkFpDiUn4iIiIiIKH0YoBIRJcSai9IKwJwLSZmVhVZAJp4DiFWobvOgQokzjD+sc5h2D9J1Pe78p8bwfXERKLf5TxE5Rp7L1PpN2AN2MZSXz+HvgYiIiIiIKJ0YoBIRRWGv6nNW+VkVgrGGaAPOuSmt4NWaBxUA2tvb4/YrFGJg1lMSefbtoXbY5ykFxAWh5OPF30CsKR4MsX+TrEQlIiIiIiJKPQaoREQxOKs95apA+zyo4iJB9iH79lXW5bDLqiaMl4GF2rmYVE/QdR2h9tjD98XQ3C30dPsN2If0R1tkzBruH+mRo39ERERERESUet6evHhLawCV26pRua0KdfUnAQBFhfkoLytFeVkJsv2+nuweEVGEtTAUpMDUCsfMIf2KS0WheZ4cjmqaLg3D1nWlY4h4GKrqidmfUEhHRgarDbtTItWnYS0MANI8pvL8uDpUVRGO0YVKU8D4XYnVzAAc858Cuq5I1yAiIiIiIqL06bEAte5YA55a+iIAHeVlpbhtZjkAoKa2DmvXb8Ha9ZV4bPHXUDS0oKe6SERkY82DGtmiy3Oaiq8GBYAmBakm+zaz2VA4hMx4AWq7Bq/XXsVK6ZJI9SkAhEIhmBWmxtQOxnY5JHW9ApyVqohUo8qvgBnYuweuRERERERElEo9MoTfDE/HlxbjyR89hPlzZ6ClNYCW1gDmz52BJ3/0EMaXFuOppS+i7lhDT3SRiAhAtDkmxWH8ijC82j7PqRh2OYdqG8eIiwVZQ791JBDWtXPIdndJ5FnrCMMMNc2FwcTvVh7SH2v4vtyq+BsTh+8zMCUiIiIiIuoePRKgrnrlXRQV5uPBu2dFhulXfliFyg+rAADZfh8evHsWigrzsXrNez3RRSKiCHFuSec0k/aqQJlbxuUM0sztVjuJLSalQYuzIjx1nabpCIXiB9rBoLF4lDyfrVh5Kgfndu55qFyJKhJ/i5z/lIiIiIiIKH26PUA91diMfQeP4vaOIfux3D6zHDUH6nCqsbkbekZEFJscYikdQ7TNodWAHJiZiwVZ+wB5xXWhZdt7c1qAREK7MMOzNNJ1HcFAOP5xCAu/AXOr2yJhxjFm2+ZnqxJZgXP4vnmMIgSx1jYiIiIiIiJKr24PUHdX7Yc/KxOji4sc+1rbAth34Gjkn9HFRfBnZWJ31f7u7iYRUUQyw/iNMMycn9K96jD2HJkK2kPxq1B1HQizCjVtwiHdperYSa4+lb9L8bu1Qnd5gSmxGlkO2RMbvs8glYiIiIiIKH26fRGpltYAigrdF4aqqz+Jp5aujnxetuRRFBUWoKU1kLLrt7YF8ctlL+HAoXrX/Xn9++G7D38Vv1+9DgDwnUV3wp+VmbLrE9H5SVwtPfowfh26bi32Yy0wBZihmqpa50tznurWKu1iFaqmh6Aqsf9T3R7UoKpKZHV3Sg1N09GewMJRmhaWqkQTWdhJDE8VRe14lX9n4vQOYphqX3xMPoeIiIiIiIhSrdsD1Gy/D3X1Jx3bzYWk7OrqG1A+pTRl18/yZeKRhXMRChtDMv/3pY1oav4Cf3vPzfD5MqGqCvpmZ+ORhXMjxxMRmayQEzACLrFK0Jrr0gy1rCH8cjhqnm+f19JswwxdQ6EwMjPi/6c6GAjDl+VhkJYiiQ7dB4D2ULttHlxxGH/H1hjzm4r7o1WnypWq5kJV/K6JiIiIiIi6Q7cHqONLr8DqNe+hprZOGsZfNNRZlVpTW4fWtiBGj3QO90+WogD9+vojnzMzvPB4VOTm9JUqTcVjiIjchkxbK6xHtjqqSq3j7Z/FY83qVfcq1FA4CK8n9l/m6LpRiZrp8yR/kxQRDGqJDd1vD8atPhWH7YtznJqiha3m78F6b11HnPeWQSoREREREVF6dXuAOigvB6NGDMPqNe/i8Ufvj3nsqjXvYtSIYRiUl9NNvbP8dsVrAICHFtyKV9/aio+qD2BYYT7+suNjZGZm4IF5N+H0mWasWVeJUCiM22eWY9b1U6AoQFsgiD++tglbt1VD03RMm1KKu26bzmpWovOc2zB+4zXakH1ruz3w0nUdqqpA04zz7cTAVdN0wKsDeuygLBw2Vov3ert9eusLSiikQUtgXlkd4jy3luh5pjhs33mQXMXqDEx1XXEE8Ry+T0RERERElH498qfshXffjFONTXh6+RrXYfstrQE8vXwNTjc2YeHdN/dAD52O1p/E0MGD8NMfPIirRg3HM8+9itpD9Xj80ftx+8xybNi0HceOn4KuA398dROqP/kU/+fhu/Avj30d9cdP4fWNf+7pWyCiFBEXkTKGWrst9GMfjh17jtLoIZgRmgWDwYT61h7UEA7Hn7eT3IXDOtqDiT2/9vYgzCphc5oGN+6VqAbzNyH+Vkzib8r8DZm/PYamRERERERE3afbK1ABowr1scXz8P+Wr8E//tsyTJtSEllYqq6+AVs+rIbf78Nji+f1SPWpm8Ihg1BeVoI+2VmYPH40/rrvMG6+fgryB+Zi7FUj8Nb723HiZCP69fGjuuZT3HLjVBRfPhQAcPMNX8Kbb/8FrW0B+LN8PXwnRJQsq8pUnu/SYA3dB9wWmlKg61Yw56xYNcI0s6LVbfh2e6gdGd6MuP0MBjT4srioVGdp4c7Me2qEpyIxRDXDUrecUw5J3cNQefEos11zkbLY5xIREREREVFq9UiAChhznv7zo/ejclsVdu2txcZNOwEAo0YMw+0zp6K8rBTZ/t4TNmZmeKGqVsFuli8TOf36AAD6ZGdFFnlpOvcFWtuC+P3q9fj96vWR4/P690NboJ0BKtEFwrmYlPFO1yFsdy4kpSgdQ/IhB27GEG2zbRVmcCZeQ9c16AhDQfx5TgNtxqJSDFETo2k6AgmGp7oeFuapBcQg3V5JaobfYhWqyb361FqUzL6QFBePIiIiIiIi6hk9FqACQLbfh4rpk1AxfVJPdiOlcvv1gT8rE3NmTcP40uLIdlVV0K9Pdg/2jIhSIf5iUroQpsYLuqyqVHEhKeecqMKCUqEQMjLUuPOhAkAwEIYvyxtjTk4CjO8t0cpTKDqCwXbbcHznPKjmNmcVavzfhFh9as57ysWjiIiIiIiIek63BagbN+1AzYGjaHWZ8zQRfr8Po0cWoWL6xBT3LLVy+vVByejL8X7lR7h02CUY0L8fTjQ04uTpJlzzpbE93T0iSgFz6LQ19ylgBF9W9aB7Far8ag/FrKpF96Hh5vb29iAyM3xxV4nXdaCtNcRK1Bg0TUegLdHwFAgGA45AOlqQ6Ra2i8FqtH3Rqk/laR1YiUpERERERNRd0r6IVEtrAE8seQ5r11fCn+WDrus42diEUSOHYdTIYfBnZaLmQF3kc82BOvizMiOfTzY2Qdd1+LN8WLt+C55Y8pzrwlO9haIAd902HcUjhmLJr1/E93/yG6z44wb4fPHnLSSi85EuhF9yFWq0hYXsiwnJYawVzrotLGRew5iDMzGBtnBCq8pfbLRwJ8JTmItGAcZ36haAOhd7ErfJ++XzzHat340uBOTyb4yIiIiIiIi6l6LbS51SbNUr72JXVS3++dH7ke33Ye36StTU1uGxR+YBAOqONeCJ/1iBRxbOAQA8vXwNHv+HBSgaaiwq9dTTqzG6uAi3zyxHS2sA/7rkOUwoLcb8uTPS2W2ii8LhQ/VS4JPIP4A9JHIGROJrrPextiXCn91zs5CIFYDWsHs5SJX/86pL28TFoqxtuut+eZ9ViaqqKryexP9yJtOnwuNJ+9+bnRfCYQ3BgBb/wA6hcDAydy0gD9+Xf/+AOAzf+e+J235jm9i2c+5TcZ7dnqk+PXHyLC7J79/t1yUiIiIiot6vtSXU011Iq7T/SXpXVS1unD4x6oJQZlD69PI1eHr5GmmbXbbfhxunT8Tuqtr0dJaIKCnxqlCtOTKjBcj2wE0+zr5AEToWo9IQ1hL/n1QwoCEUSjw0vFCF2jsXnoa1kC08BezfiVgd6vwLhnh/cWDNccvqUyIiIiIiot4n7QFq45lmFBW6B6IAcKqxGQAwb86XMW/Ol6VtbooKC3D6TPT9RETdwT53qTwXqhmOif/I58Ya6i1WtMYK44wQNQxN78Qw9KCGQCCMNA8+6JV03Riy396eeHiqI4xw2Hi+VsAZK/SW5yt1q1R1BuSA/FuRq1I59ykREREREVHP6vGxnKcbmwAAFdMnoWL6JGkbEdH5w16FqkeqCc3gTa5EtA8HF4dwy3NlmllntHlRw+EQFDXxQNSc+1O/iIpRda1jLlgt8eekKDqCwXaY36G13TmVhRFyRpvjNHpFsfjbsK6jC1XMrD4lIiIiIiLqad0ygWBd/cnIHx5Pn2lGa1sA+w4cBQBUbq+GP8sX+ezP8qFye3Xk+Na2AE6faY7sr6s/2R1dJiKKy6xCtUI0M+gSg0+rctA+z6W9ClRszzrHWqHdnC/V7dxgMAiv1wsFnoT6rutAW1sIGRkqvBk9/ndpadXeriHUiapTAND0MNqD7TGH31vflVwVGq9C1L5wlPhqVZua37n8e2D1KRERERERUfdL+yJSix5dkpZ2ly15NC3tEl1MuIhU1zkDT3EIt3mMvKCU/B4QKw7NY+2LSYntiCGq/T/hHo8HqtK556IoQEamBx7PhRXOhcM62oNhdPb/cpoeQigUhj0YBcRpFsQh+ZG9LsP6ndvFtuR2jffWb0cOZ3s6QOUiUkREREREFM2FvohU2gNUIuq9GKCmhluVoFsAah1vnWcdJx9vP0acF9V5jty+qnrgUTv/bDxeBZmZiVWw9nbBQBjhcOf/9xYKt0PTjGpV+8/S/TduzlVr//cAsBYOcw77dwtn7UFrb6s+ZYBKRERERETRXOgB6oU9bpOIqBvYgy37glLRFpMSz7fmyjTPc04JYFYk2q9rv344HEYoHOz0fYRDOlpbQp1aZKm3aW/X0NoSSio8bQ8FIuGpnfuztsJTcaoG8buMvWiU+eq+cJTb9YmIiIiIiKj7MUAlIkoB+3yl4ryl4iJEiQdj8hBxt+Hg4vlylS+gaTqC7QEkswBRqCOEbA9qnR7+3hN0HWgPGn3u7FynAABFR7C9TarkTeQZyyGpXF3qepkoQbsSZeEo+1y4RERERERE1DN6x/hXIqLznNuCUuIQb3uQ2nEWrPlSrWONbeZCVLqjPWOfLgRw9mDOCtyC7UFkZmQgmb8vC4U0hEIaVI8Cr0eFx9u7qiDDIR2hsAYtiWpTi4ZAIChVf5qiVfjaw1O3Y933WdewmjS/T+vY3jZ0n4iIiIiI6GLHAJWIKE3kofxGUNaxR3i1glLrWEj7Y4Wo5n7nMWYfdATbg/B6vfCo3qQqSrWwjmA4DAQBj0eBx6v22IJT4bCOcEhLaoi+SFGM+U7DYU2qGpXDTmcwbp/zVD7HXiXsbFee+9QerOrnRcUvERERERHRxYYBKhFRikSrQjUXgbKG8VvBmRiYyfOemkGdVZUqhqlmiOq2SrtzKLqCUCiMsKIhw5uBaHOxJiIc1hEOhwEAqqpA9SjwdLymgxbWjWtqGvSUTc2qI9jeDl3XYIWY7oubJRKeuoem7gtFmfOjGu87eqMDiuIMwFl9SkRERERE1DswQCUiSqHYQ/nFkBOwVyjK86iaVakKACPoEytOo4WoVj/Q0Ya1zahGDcDj8cDj8QJ618I5TdOhaTrMtRYVBVBUBaqiQFEBVVEAKWyUzzf7pus6oAOarkPXzNc0VGMqOsKhEMKaBnkxLqlXtrlOEwtPxapg8bs3jxM6Ebmm9Tvh0H0iIiIiIqLejAEqEVGaOatMgXgLDTlDVLkiVQ5mVaE9efi+WwgXDmsIh4PIyPBCgadL9ybSdUAP69CSWLgq3XRoaA+2w6oOlVe9j75olDlvrQoxXLWHp/KCUtGrWs02rHlvO7b2vkdGREREREREHTq/qggREcXkrD40QzvALbgT59u0t+M+RFw81qpiNYNVgy6FecYxckoXCoUQCgehI2Vj43sdHRraQwG0twcBuIWa1nORq03F8No8zvnsxe9Gft6QjhW/Z2s6B/k7ZPUpERERERFR78QKVCKiNEhkPlRxUSkrL7PPYSoHePYKVHMeVXkezVjtQGjPHIYfhKKoyPB6ceH8vZqGYLtYcWqRA2knRVGF46xjnUP7rTA0XnhqtiNe36pGZXhKRERERETUmzFAJSJKE3vgJs9dKi4iJc6Fanx2Cz/NikgxRLX261Jb9tDOZJzj3nawPQhFUeD1egF4urDUVE/RoUNDKBSyVY9GC5AVx3dkPjv7s3QLT83vIlp4Km8S5z7lolFERERERETnEwaoRERpJIZi0UJU4zh7NWrsENXtOFVVpXPs4amzLeN69m1GABmCqqrwerwdqV8XHkJa6dB1HWEtDE0Ld2wzq37N+xKnOYg2N2lkb8cx5j+qI6i2jkskPJWrUMWKVQamRERERERE5wcGqEREaeQWlFmBnPVZHHofL0S12rEPCReviY5KVSezSesagFwBa9A0DUHNmDtUVVV4PB6jD3oPh34d9xUKhaBpGsSFoaTDIh+tRZ7s+8Vt9iH71nbFsc+qQFUcIblbeCpOuQDAFnSz+pSIiIiIiKg3Y4BKRJRmbvOhysP2lYRCVCt0s0I8Y05VJfLebM8MDY123aso5SBXsbUvTzOg6xra27VIG16vF6qidtvq8YoCaLqGUKhd6qfZH7Gv4hyj5n65LcWx3Rq+L1cLy8eL55hVxImHp0IPpGsxPCUiIiIiIurdGKASEXWDzoeo7ucCEAJVAFLYKg8579gitRGrPfdAT5eCSbNa1VjV3goJPaoXimpUqkIHdChGz8x7QuRWpa7Zj1GgQ4cR2OqajrCmQdc16V6se7CHplaI6RZKugWn8md5u6qq0v2b1brG4XL7bgEow1MiIiIiIqILAwNUIqJu0rkQ1QpGrbk8neGm0LrjWsarc7i4uV/TnMEpYM2lapwrBn5yf8RmQ+F2ICz2oaulqc77saYeUByhqX2YvjgfrDMwhetn9yBTgVmR63ac/N46h+EpERERERHRhaPHA9SW1gAqt1Vjd1UtjhxrQGtbAAAwemQRRhcXYerkEgzKy+nhXhIRpUZXQlRzPxC9wtI+vN1qy1lxqqrGZ00T+6NJbVnD4RGZKsBgBYpywBvpTUc79gDXHhjKc7w6q2+Nc8TA1DzWOWRffkbiAk+6rkfu1/7M3F7N+xOrU2NVnDI8JSIiIiIiunD1aIC6dn0lNm7aCb/fh9EjizC+dCSKCgtw6kwz6o414IMPq7B2fSXKy0owb84MZPt9PdldIqKUSCREFY6Gs5rT+iyGk+Yw82jD9e3bTKoqVncaw9atKlPn3KlyFaoYsupSkGj2L5FV783+R6uuNRfEkq9pzUvqNl+p2LY97qzEOgAAIABJREFUPHULQ+VtqtAns3/26l/7fUULWBmeEhERERERnc8U3W1sZ5q1tAawfNU61NQeQcX0Sbh9ZjlaWgM4Wn8SR441YPjQAuQNyMGgvBxs2VaNtesr0cfvw/cWz2OISpRChw/VR0K8RP8BEPWz+V58jfU+1rZE+LN7vIg+aW7zjophqX3OUYOx3zzWbSV3t8/idrPa1G2f9Vbsg3ysWyArXs9e5eoMGeOJNR8rIvvcKmvt4apYBSueKx4rBqvx50gVP5vXFQNue1Us4BaeurV5Pjhx8iwuye/f090gIiIiIqJeqLUl1NNdSKseCVB/t3Iddlftx2OL52FgXi5Wr3kXlduqAQD+rEy0tgUBGMP45835Mgbm5eKppauhAAxRiVKIAWrP6kyIaoWpgFkh6taWvMCUFewZQ/MVx/nOENTtGvaKVCvAjTY9QKrYg1TrWuacp3IVbKzwVGxPrlDVI5W35rlWhWu0UFW+htuCVhdSeAowQCUiIiIiougYoKbYlm3VeHbVOjz+DwsAAE8tfRED83Jw+8xyTCgtjhxXd6wBq155F/sOHsUD82dhQmkx/nXJcxg9sggP3j2rO7tMdMFigNo7uAWQ9qH9bhWpsQJVsy1xu/M/93pkISn5PPkaYnibXBUqIvcU7f7djkus+hSIVvnpdjmj4jTWcP5ov1EAjlDWbR5W53QJ0e7lfMMAlYiIiIiIornQA9RuTx/Wrq/EbTdNxcC8XDyx5DmMHjkMC+++GQCwes27qDt2En6/D/PmzMBjj8zD2vWVWP3KuxhemI/bZ5bj2VXrcPvMci4sRUQXDDEUNN/LAaUxB6hzcSmrElNknm+0LV0pst/8bMx/ag8wYQtknUGlPG+qsc8cEm9f8Mo5h6v9/uX+mcy2zPs02zW3W2GoFVbaK0fl67hvs28Wvwv3PprfiRiMXtjhKRERERER0cWsWwPUXVW1aDzTjIrpk7Bx0w7oABbefTOy/T489fRqnDrTjGllJaiprcMvlq7G44/ej9tnlqOmtg6r17yH7y3+Gtaur0TltircPrM86X60tgXxy2Uv4cCh+sg2RQHyB/bHvDkzMO6qESm428Tt2LMPz/z+VXzz67dh0rhR3XptIuod7CEq4BzSb6/kNReNkgNK57H2MNU8V9webSyCGIjKwageCR/lYNNeHQoAary7l/ouhqbW9RWoqnW/VnjsnNfU9Qq2eVDd8kxnyGkPp8Xr2M+RpzWItMDwlIiIiIiI6LwX70+1KVVTW4dRI4Yh2+/Dlm3VuHH6RGT7fWhpDWDfwaN4cP4s3D6zHI88OBenzzSj5kAdAGD+3BmoOVCHU43NmFBajJraupT056YvT8a/P/4w/v3xh/HkDxdhfGkxfv/ietTVn0xJ+4kae+UI/PvjD2PslUZwu2PPPnz7h/+Fg4c/69Z+AEa4/OR/rcRvV7zW7dcmutjZA0C3ClP3uTbN453TK5jtuFVUWttVqGr0KRusNqJN0eDc7tZGIvcfbToIewDq1id7G+Y/xr2pwjb367q3YT/WbU5awD7fKcDwlIiIiIiI6ELRrQFq3bEGFA0tQEtrAI1nmlFUWCDtb2kLSJ+zs4zFooqGGsedbmxC0dCClAWcWb5MDMjtiwG5fZE3IAczZ5Qh25+FfQdSE9AmKjPDiwG5fZGZcWHM50hEyYsVolqBnnsIKFdL6q4hoDP4hPRZ3uc+1625cr18jBxsyqvbuweb0YJKM8y1rgnHceIxYt+c92u/JzjOsfdRruh1hsDid2Afvh95+gxPiYiIiIiILhjdnthl+32oO9YAABiYlxvZNr5kJJavXId9U0qwa28thhXmY3RxUeQ8f1Ym6uobUFRYgFZb0JouoXAYb727HW+9vx0trQFcfdUI3HtXBfrn9IWm6Xivcjde3/BnNH/egv45fXHHLdfibyZdhWXPv4YvWtrg9/tQ9fGnuPfOCrzy5gf42pwvR4bo/3bFa2g8ew7fWXQnPjtxGs889yq+ef9t2LhpB7btrgEA/OxXL2DkZYX4+rxZ+M/f/AFlE8Zgd1UtGk6dwfiSYtw2sxzP/3EDPj3yGYYOycfiB+Ygf6DxTP+67zBW/ukdnDjZiIJBA3DPHTfgqlGX4uDhz/DMc6/imiml2LKtGmfONuPy4UPw8IJbcbb5C/znb/+I1rYgDgDYtruG0woQ9QD7PJrWvKiAOGTfqoSUh9JbUwBEWuwI/XRheLx9CL99yDyka4jzp5qf3RaUEvsrB4ri/bltc5//VHwe8jXMuVjNvwcUpylQIvdszSHrfi3x3uT94hQB8jM2n6X5DORn7pxCgYiIiIiIiM5v3R6gnmpsRsV0q6LUXAzqkQfnYuOmHdi1txbjS4sdc5y2tgVRVFiAuvoG+LMyU94vTdOx46N9aG0LYNSIYQCA97Z8hA2bduD+r96Ey4ouwctvfIAXXn4HDy+4FVu3V+OPr27Cnbdei4njRuHI0RNoOHU28of0j/cfRtn4Mfj+381Hpi/x/t53VwXGXDEcf1j7PhbddwsuHz4EoXAYAPDJ/iP45tdvx5mz57Ds+ddw4FA97r2zAoMG5uJ/XngD6975EAu+eiPq6k/if154A38z6SrccM2d+Ou+w1jxhw34Pw/fBQBoawuguuYQ/v5vv4JQKITfPPcq3q3cjTmzpuGH370P//2/byA3pw/uvbMCfbKzUvugiSgh9gWI7POiiiGeosgVq/a5ShMJUo3A0qykhLTfOAYQ5x4VQ0z3Yf3OkNa9klNc1Mq9DfG9uHCUvTrXHnoar6qjWtfa715ZKs6tal8oS1F0YTurTomIiIiIiC4G3Rqgji4uwu6qWmT7fRhWmI9dVbVSlWnF9EmomD7Jcd6WbdUAjKH8W7ZVY/TIIscxyVi7vhJr11dGPuf0zca9d1ZgWGEBAoF27Ny7H1MnX4WJ464AAMy6fgp+98IbOHnqLCq3/xVfmnQlrr9mIhQFGJDbV77XkUX4+tdmIjPTizNNnyfcp2x/FvpkZ0FRgL59/OjX1x85/8vTxmPYkEEYOCAHhYMHIX9gbqRvxZcNxbHjp9DaFsTejw8iN6cvZt/wJfTJzsKUiVdi2+4aHKo7jkF5ucjI8OIrs6/FsCGDAACXDx+C043N8Ho8yOnXBx6PGplWgIh6lr2aM341qn3hI7MdZ0WqvVrSrYrVqvQ0F54yQkn5XOuabhWqYh+i3KXjnu0hr3UN87qqS8Wr2ZYzSHW2H+3ZWKyq19hVp+KxREREREREdOHp1gB1QmkxXn1ra0cV6iQ8u2odFAXYtbcWp880O473Z/kwYayxaNTUySXI9vuwu2q/ozo1WTd9eTIqpk9CKBTGS69twhetbRhzxXAoCtAWDOJs0+fYcPAoNry/Q+hTJk42NuFs0+e4suNYN/36ZiMzM7WP1155WzBoQOR9/9y+OHb8FADgxMkzqDvWgO/++Gnp+OLLh2JQXi48Hg/nWyU6j7gN6QfcqlEBKxwVFzyyD0c3jrdXubq9GueoMMNDVRUrVo3rmdc1txtt2sPPWPcXeSfds7MSVg6R5WH+Zh/t9+0Moa2qVXtgrNuenRUix6o6tc4nIiIiIiKiC1G3pmhFQwswrDAfa9dX4sG7Z2Hjph3YuGknbrtpqmtVaV19A9au3wpAx/y5MyLVouVlpSnpj7mIFADcddt1+I9nXsTbm43+ZGVmon9uX4y7agRmziiLnKMqCrxeD/rn9kXj2XOuK2HHo+vGlAHpckn+AAwfWoBv3DsbWR0LcQHG/X524nTarktE6WMPO81t9mpUa6h55ExHkCrOkSoOW49W7SpXoepSoGoPZM3KVrf+xmMPXe0BrBxqGn2w+uQ+nUD0KQfkaQDkthXIUyOw6pSIiIiIiOhipsY/JLUqpk/C1u3V2LKtGo8tnodhhfnYuGkndlfXQlEUFA015ketqz+JjZt2wu/34bHF83C6sQkbN+1ExfRJyPb74lyl8wbl5eDL5ePx/taPcLyhET5fBiaOvQK7qmpx5OgJAEDzuS/wl50fR/bt+GgfNv9lD840fY6Pqg/gnQ92ubbty8xAv77Z+HjfEQSC7ag5UIdPao9E7csl+XnIzMxA/fFTSQWtY68cgXNftGLb7hromoZQKIxtuz/B51+0xj3Xn5WJoYMH4fSZZjSd+6LT1yai9LJCU3tFqhX22atRne+ttoxX6zxx1Xv5GOvVbMesNjW2WXONiu2qqnMV+2j3ZRzrbMNoW5wDFQn1UZ4jVW7XdnXbc0DkPPO9vfKX4SkREREREdHFo1srUOuONWD1K+8ib0AOnl21Dpg/C//86P3Ysq06Uo1qyhuQg2llJaiYPgmnG5vw1NIXXReXSqUvTboSm/+yFxs37cS9d1bgy9OuRjDYjuWr1uGLljb0z+mLG68z5mg19738+mas+MMGDMrLxVdmX+M6j16234dbb/wbrPjDBmz680e4fPgQjC8txvGGRtd+DB08CLNmlGH1mvfw6ltb8c0H5nTqPooK8/HAvJlY+ad38NqGrcjwejFx3ChMmTAmofNvqfgSfrPiNTz2r8/gtpvKcdtNUzt1fSJKr2jVqOY287O1OJO80JS139hnr0q1V2da85k650iV31sVrGYlqvOY+KxpAHRH285r26cpEF/lalN5CgDrfLN94xhx+gJnSMrglIiIiIiI6OKj6Lpb5Jd6dcca8NTSF5Ht9+HJHy3C9/9tGRrPNGN8aTHmzZmBQXk5AICa2joUDS1Att+HltYA3t68E2vXV2Lq5BLMnzsjLdWnRBerw4fqI5V1if4DIOpn8734Gut9rG2J8GdzLl/APdSLFqRaQag4BF8OHu1hqb0a0x5mxvrfSKJzhCZynH0uWLd+GfvcQ1X7PKbO+WHdQ1qzfxd7cHri5Flckt+/p7tBRERERES9UGtLqKe7kFbdEqCa4enokcNQc6AO2f4stLS2Yd7c67Fx0w4crT+JosJ8FA0twKC8XLS0tqGmtg519SeRNyAHt88sx7SyknR3k+iiwwD1whEr+DO3i/+5F+dvjh6mQnovVm3K/+ewwkvreoicn+j/ZsQw01npKoalch+cVaTWe3toar938xqJPL+LHQNUIiIiIiKKhgFqF5nh6fjSYjx49yw8/btXUHOgDo8tnmfNd3qsAbuqalFTWxc5r2hoAUYXF2FCaXE6u0d0UWOAeuGJFwTKQanx2aw4NY7r2CqFqYCz2jPe8Y6exel59PPch9yL5zjnK7Uf715tCumzdFUGpw4MUImIiIiIKJoLPUBNe/rw/5aviYSnv1u5zhGeAkZYWjS0AJiZ7t4QEV3Y3OZCtW835zk1Q0+xgtM+V6pxrrHPCkjlINJs1xlCSq104h7k86zwE5ArTI3P8vyt9jbMSlTrWF1PrGKXiIiIiIiICOiGALW1tQ2KAixftQ67q/Y7wlMiIkq9eEGquM9ZlWpsM45HlG3y0HxnwNmVEFLuh70Z54JX5nZA1+WA1z6M3wp6GZwSERERERFRYtR0X2De3Ouxa+9+fFLrrDwlIqL0EqdXMKpPdZd9ui1MFas2jW3ugar9WvL1zFXtE2cdb00TEft67v2TQ1Lj3nRb3+TnYd9HREREREREZEp7Beq0shIuAEVE1AskWpVqZaxWgCkP9Tf2We2mqcO29q2KU3EKAUAMTMVKU2O/s3OsNiUiIiIiIqLO4AosREQXGbdh/G5hqri/48yOY9wCVfkY5zVj98k+HN9twSqrDXmhKGdgGjs0ZXBKREREREREncEAlYjoIhYrTLW/N49xWxxKPCx6uBqrH/Yt9mH41nZnX90vxtCUiIiIiIiIUoEBKhERAYi2wFTsQNU8Vo861Wlng0urId3WaKyw1H48Q1MiIiIiIiJKFQaoRETkEHsof/xQtQtXTugot/4wMCUiIiIiIqJ0YIBKRERxRQsn7UFmrGM7K1bbDEuJiIiIiIiouzBAJSKipCUSZLoFoYm0xZCUiIiIiIiIegMGqERElFYMQomIiIiIiOh85sV/9QVgrHCswFi+Q4l8VqBDN151PfIZUDqWRBaXXZYbltuTzzc/S1eM0p7UH0Xol26s0BxpRzwAinCi0B9F6JeOyPmR/kjnm58hdUQ+3/05JXJfyT8n2zfo9pyitNcrnlO87y2J+0r+OSXy+3Zvr8vPyU2GD0qfXCh9BkDJGQTPuBnImPoVKAOHxjiJelYVnn50PXbbtnqzBqD0lhvxUHkRMnqkX8lqwJs/X4GXG4Zh8ZJ5mGDffWIDfvzve3Bc2uhBTuEQ3DxnFiqKc7unX3tXY9GzRzF49gL85IaCNF2TiIiIiIiIyBCpQFU6wh6lIzSSwiDHZzMsEloSQjh7e87z9cj58doT+wMhfJNf4XiV02BI56elnU7eV7LPyX5+1OcU53vrsecUr52k7iu555TI7ztae11+Tm7aA9DPNkA/2wAcq0H44y0Irv43eEZ/Cd6pd8A75VYo/QZGOZl6VL9hmDdnDHIAAAEc3Poh3n7pJfy23zfxyNisHu5cGgwfjUXTi4z35+qw8Z0arP71f6Ny9t14/IbC+OebQWzpTCxbWJrABQtQ8e1voLzdi+wudZyIiIiIiIio8yIBqhEeoaMiD3Cr8BMr9KyKP7MBuWG5vegVg/Hak/qjCP2yVTKaFX9WZSNslZXi+ZDDLpfzrQpCoT+O892fUyL3lexzil5ZKX5v7u31iucU73tL4r6Sf07xf9/R2uvyc+qEcM1fEK75C9o3Lodv3g/hGX9j5xuh9PLnoWTC1RjS8XFKqQfH//E97N5eC4xNJCA8z+RchikTzPu6GlOmT8SbS1bi5TfWYWPZg6jISf0lM/y5yPWnvl0iIiIiIiKieFiBygpUVqD2lgrUOLSjn6B1yQKoV5TBN//H8IyaklxDlH4ZXnnofuNHWL78XXxYH0bIm42Sm2bhoRsuRzaAXcuXYGnVMDywqA/WLa/B8bxxeOL75Tj9yktYvvUkmkPGlABT7roV900oQAZCOFL5EpatOYrjIQCu7eVg+pwh2Pd6DY6HAG/BaDzy7VtR6geARlS9vQEvv3MUdW0AvB4Ulc3C9+4a04XqzkLcfP0wvPz8UVRua0TFDXkAGvHhylfw/O4zaA0BOaPH4ZEFN8JfuQyPv9FsnFa1HoseXd8xFN8bo19xphZo/QSrfvsu3j/SghAAf+FluG/hHEzJ4zTfRERERERE1HWq+cZcJVnvSHdiV+hZx0e4VOiZ7UWvGETc9qT9USsZ5f2R822VleJ+94pBONpzq6x07U8n7yvZ5xSrsjJee73iOcX73pK4r2SfUyK/72jtdfk5dYG2fxva/usbCP/1g643RqnX3oiaVz7EbgBFIwsB1GL5ko2obMzDdfMrsOiWAhx/42X8Z2WjcNJRPLv8EPxjRuOO68cgY9ca/HLzSeSWXYtF91XgzglA1e46AEBT5XP4yUtH0TJmIhbdV4F5pUD1Gy/jF283CO01Y9OmAK6bX4EHrh2AjIYa/HJVVce+Bmzb3IyB1xttzxvjQ93WdVj9SRfvuzAPgwHU1Rv9qFn5ApZtb0HR1Gux6L4yjG7Yg5/9dhMySq/FojnDjOkOho/uuIecLvSrDR+ueB1vH/GifH4FFt1XhjJvA7YdDnXxhoiIiIiIiIgMrEBlBSorUM+TClSRfrYBrU9+Db75P0LG7MVdb5C6pmEPHn90j7QpZ2QZFk3PA/ZuQGUbMP6++zF/AgBcjYwDS7B060c4VT6j42gPyhf+HRaOMT41VbYB8GDgpZehtLQA2ROuRoVxIVRuPgNkjcTChTNQCgAT8nDqwIt4e/NOHLxhVkd7Ptyw4E5UXApggge7N6/H7obP8BlKMQRjsPBfxlgdLWzA+1V7cPBYAyBs7poqbNweAEor8NjcqwEAU7yfYduzNdiWMR03j67DqziKZmkqgGT7FUBrK4CsHIwYWYwJeX0wZcL0VN0IEREREREREedATXjOSqGy0rU/nbyvZJ9TrMrKeHOF9ornFO97S+K+LvQ5UKPSNQRW/QTq0NHwXH1DChumThtQgu99eyoGm58z+iDXb/zn9bMGY7j67ueXYNHzwjlZTTgd+dAHgwdYu3LL52LR4Vfw/B9X4DurAO+AfFx31xzMH9OAgw0ACvrAWk5sCEYUAm/XNKEpss2H3GhrV7V+ijdXrMPaGmO4u2lwlMMTVt+I4wCKCguAEztwHACqNmLRoxuFgzw43gigXyr7lYvrFlTg4PJ38fxPn8Gz8GDg8DG4b+EslKZhLlYiIiIiIiK6+LAClRWorEA9DytQI3QdrU9/E9n/+ibUIcUpbJg6JcODnJxc5LrsGlKQA6AZJXcuxMJSj7DHWFG+yuUcIA9T7n4QU+4G2lvrUbniRTy/7HWMeLICIwqA3a1htEaO/QwH6wH0M67f5Nqe5VTlRrxcYwytv6PsMhS178TPfl3dqdt1qseb7xwFMADXleUBOUMwGHtwfPS1+Nn80dJ8sBl+AOdsc8R2tV95V2Pho1djIdrQcmwPfrt0M365Kh9LH5rkuA4RERERERFRZ/VsBWrBOKD4FuO4E3uA2jcc7bEClRWorECNo/UcAv/9D/D/eG0aGqcuGzsJ5VlHUfn6a3gz42qM8ALNh6txsGAWHirv43pK06bf4YldBbh5ehFyEMCRc+GOPQUov3YAXn6pGr9dkY07SnPRXFWJt88BRbMnYgSAXXG6k+H3Rd63NB7Cm1trcRqdrEBtPoQPd3X06VwdNr5Tg0/PAUWzZ+G6HAAoRcXk97B7+4dY/g5w3aU+4NxnqDych4ULpgB5RSjK2om62g+xam8eKi7N60K/GrHxly/gw6HjUDEyFwjVo7mtMzdDREREREREFFvPVKD6cqDOXQkUXSudjqbD0P50D9CwlxWoUdpzVDCyAvXirkDtEN73IUI73oR30s2pb5y6qBgLvz8Hg1dtwNpVG/E2jCH55bdEPyPj0mKM2LYHLz1fgxAAb9YATF80B1MyAJTfjx/jJSxbsw3LdgPwZqNk9h146IaChHqTW34rFh1+Ccu3bsaybTmYfstlGHygpnO3dKQGy543z/Egp3AY5t03CxXFVg3u6LsX4HsFr2P5W5uxbLPRz8vLhqC945nMe2gcmpbvwdvPrkT17AX4yQ3J9suHERPyUfnOTizbaoS6/sLR+M4CVp8SERERERFRaij6r/roADrCIiEDi4RH7hV6VhrUwVGhJ7Ynn69+vRLIGQ59y8+gVz0PBJqhlNwD5YafA9ChPTMWaGuKNBvpjyL0y1bJKB3gWlkpng8h1JIrBuFoT7g/x/nuz0l6kl14Tu7t2b5B3XpR4rTXK55TvO8tiftK/jkl8vuOVoHaxeeUBuqwMcj+6duA6ol/cIfDh+qhKEqn/gEQ9bP5XnyN9T7WtkT4s73xDyKilDhx8iwuye/f090gIiIiIqJeqLUlFP+g85hqvomEHrDCj0i4ZFboQZf2S+wfhfak80vuA/LHQn/zm9B3LIUSMBZYQfUL0FbOBnz9oUz7QaQ96Xq60C+h0s++P9IfIZOz75cqBSMVjnC0F7kvsbLSrT/CfTr6ncxzitKe/XzX5xSlvV7xnOJ9b0ncV7LPKZHfd7T2uvyc0kA7+gna330+/oFERERERERERJSwSICqd4yf1jtK5GLPEWkdH+Go0LPaE89XrrgFaD4Cff9rjuuhYS+w/3XjmEjFoLBfgVThZ1Uyyvsj/ZEqK+X97nNWwtGes7IySn+kSkh0+TlFay96ZaUet71e8ZzifW9J3FeyzymR33e09rr8nNKkffPq9F6AiIiIiIiIiOgi0+0VqPD1B5qORK3U1Bv2ALmXsgKVFagJ3xcrUC3agZ3QzxxP70WIiIiIiIiIiC4i3V6BisBZIKcoaqWmUjDOqERNYwWqctl0eL7zV3juW+NaMahOeRieHxyD5/ZfdaoCVb18OryPVsP7wCsJPyd1xv9Fxo8+RcZPG+H9yq9YgZrEfbECVRbauT79FyEiIiIiIiIiukh0ewWqvv91IPdSKJMfcVwPRdcAV9xiDO9PcwUqAChDxkOd+IBcMejrB6XkK0BGH/m+EqpAFR9H/OekXFEBz5cehN5cj/DLf4/wh8tZgZrEfbECVaYdrkr/RYiIiIiIiIiILhKRJayNyjmzwi9ehZ5Z8SekQS4VelZ7wvnVz0MpvRfKjCeBzBzodZuNE4quhTp5MdCwF/r2pVLFYKQ/USsZzYo/oV8ulZXW+R2y+kO56itQdv4+cr5y9T1QBo913pdQWenaH+hWGg0k9JyUYROBrFzon6xHeMfzMSorreceq7LS+t6iVaB2/jm5V1Y6n3vCzyne95bEfSX/nOL/vqO11+XnlEZ6U0P6L0JEREREREREdJGIBKhGhZxZgWcLgxyfzYo7oSXb8GSxPcf5ta9CKboGyrR/kgvy6j6A9vLdxvlj7wFyhhv9aToM1G0Bzh6WK/0ir3C8SpWVutAfsdLx9H4og68GJtwPZddz0HVAvWouEPwCZpin3vIfUCfcC+3Pv4a24V+gKArUyQ9CrfgX6NWvILz229JzsR6HAvX6H0Cd+i3ox3ZBGToeyOwHfH4c4Q0/hXr1V6GMvM64xuQFyBw7F6G1j0FpOgbPzU9AGTIWUDzAueMIb34a2gdLjfbtw8DN+xO+t6jPHZ18To7nnOTz7kw7Sd2X0J75PSTwnBL5fUdrr8vPKY20U3XpvQARERERERER0UWkeytQ88dBmfuCsUhU8xFjqH7TYegNe4G2s0BDlVGdesPPjLYb9kJva4Iy7l4omTnQty+F9sGTiVUyJlCBqn+2C0rR30AtuQPhnb+HWvYNoOBK6LVvQxk10zim5g3gyluhDJtiVVYOnwpoIWifvh+nAhWA1wcl/wqE31sCJTMb6tRvQZ14D8LvPAn1VC3UyQug/fUNaH99FXr9Xni/9hsoA0civOlXwNljUKfOOy3mAAAgAElEQVQ9DM+MR6E3fwZ9z59YgcoK1Li0kwxQiYiIiIiIiIhSpfsqUEvvgzLr10DzEWirZ0Op+6Cjws86HaX3Qpn9a+jv/KMxjD9/LJTh1xhVqVfcCvWWX0PNGgBt4/dTU4Ha3gZ9/3ooJXdBnfgAlJI7gS9OQTu0GR4zQD2wEXr9LiiFE6FcMQvKFw1QisqgN3wMfc8fHc/Fehwd19FC0Pa8BO2DXxnbS+YA2XnQD24GLr/GOCZwDvqeP0G5+k4oA0dC27cR2lv/ZoR3qgeeWf8MdeS10Pb8iRWorEAlIiIiIiIiIqJuFCma1DvSq86uUh7hUqFntqfkjzPC05N7of2+vCM8tV2vX5EcnuqAes0/Qbnh58b+fa9Be2E2lMnfgjL8WlslY8f1FKFfLpWV0n4Y+7U9q4BAE9QpD0EpuAraJ68BoTbpvvTDlUBGNpRRNwGXXwf4cqHt3yBUWprPSTyt4zpaGGhviftF6NCh9B8OeDOB4BfWc29rBnQNyC10fc5iZaXjuUf73jrxnNwrK+F47m4VqPb2nBWoUb6XTt6XVYEqPPcEnlMiv+9o7XX5OaWRkluQ/osQEREREREREV0kIgGqfdXxRFcpj7B/FNpT5q40Kk9X3Qwl0BxpT7yeWvaIMax/+9JIe9rr34T2zFirvRN7oVe9AKVssVTpF9mvC/0SKyLd9qNjf/0OIzQdNApoPgZ99/OO+9I+eQ04Vw916CSoI2cAgSbg4PuR9qznJJ5meyBxKFCgnz0ChIJAZh/ruWflAIoKNNW7PufI/dm+l5jfWyeeU6dXlxcrUG3tSZWe0b63JO7L7feUyHNK5Pcdrb0uP6c0UvszQCUiIiIiIiIiSpW0V6CixFgMSnvzm1Z46lYxWDAO+r7XIucrpfdCfXALlNlLrfYUQK95FUrRtJRVoOq6Dn3XCmjbf4fwn5+GfrrWeV+nD0D7dDOQPwrK0EnQ67ZBO7YzsQrUBOnQoX+8HvrpA1BHVUC96UfwTHkQ6tRvAKEgtAObXZ8zK1BZgWrHClQiIiIiIiIiotRJfwVq6X3Ayb1Qjn4Qu2IQMCo7O+hV/wt97/9CuWSc1Z4OINgMZPVPWQWqoijQT30Cff33oe9+Iep96Z9uAtrbAK0d2r51zsrKVFSgBs8h/Obj0E8fgGf6t+GZ8wsovn4Iv7vEWEBK6I+9f6xAZQWqyVM8Kf0XISIiIiIiIiK6SCj6r/roACAWyCmRz9Eq9BRYK+J0cFToGXuVR88BO5dCe+f7LhWD1hXV+W8AALSVsyPtqfd0bHthdsdCPIAy7QdQxt6L8NJSoZKxoz+K0C9HZaW1O3J/jopB8Xzzc8eDGjoZnq/+DvrZowgvn21rL/p9JfqcjKOiVVaK7dm+QXshaYz2uuM5SZdxtGevQHXpTxL3lfxzSuT37d5el59TGvX5rz1QEhzGf/hQPRRF6dQ/AKJ+Nt+Lr7Hex9qWCH+2N/5BRJQSJ06exSX5/Xu6G0RERERE1Au1toR6ugtpFUkflI6wp7OrlEfYhieb7SHQBAy7Bkr5DyKHRV7N4wNN0Pe/BuX6JwFfrnGOmKf4cqEEmo3+jboV+pHNcsWfDsernAYL9ye8dmbVdOXKW4HsQdCrXpafl+tzQqefUypXl4/eXvqfU5fbSeq+kntOify+o7XX5eeUJurIiQmHp0REREREREREFF8kQDXCI8CcyzP2HJFixZ/ZgNyw2Z627ptQZz0Dpfyfovci0ATtmRIo034A9SsvQFt1C6DDGMI/9l5g+DXQ970O9dofAAVjob90j6OS0az4syobYaus1DsKAoX7c6kYtLcHHUBmX6gjZgAtp6B9/JpLe85KyM4+p9hze4qVkbZnF6msFL839/bS/pzM/jjOh3R+zO8tiftK/jnF/31Ha6/LzylNvJNmpfcCREREREREREQXmcgQfrdhy9FDJmvYskT6bLUXPfSyFS4W3wL1KyuBhj3QPvj/gCNbgEAzMHwa1MmLgStuhf7Gt6Dt+V9bGOccLh7pTyQcdA4Xd4ZezmHZUsWgUZroGJYd975S+Jyc5wv3Zxt+Hut769HnFO976/R9JfecEvl9R28vBc8pxZRBReiz5M+A6kn4HA7hJ6JEcQg/ERERERFFc9EM4U9XBWqiFYO6rgP7X4e2cjbUW56BescqucFAE7SX74a+73VbCNdLKitZgZrYc2IFatr4vvZPnQpPiYiIiIiIiIgovrTPgZronJWR9uo+gPZMKVAwFkrRtUBWf+hHNhnVqGJI1V1zcibaTrz7StFzclQwmv0Svrfo7fWC5xSvnaTuK7nnlMjv+3yZA1UdNgbeqV9JfcNERERERERERBe53lWBKrZ3Yi/0E3vl4dSdqWRkBWr0740VqBdWBWpWX2R9a2kaGiYiIiIiIiIiItV8E5m3ENb8hZFwyazQgy7tl9g/Cu3Zzzc/26/n1p60Xxf6JVT62fdHzhcyOft+qVIwUuEIR3uR+xIrK93608n7SvY52c93fU5R2usVzyne95bEfSX7nBL5fUdrr8vPKVUUBf7v/A/U4VeluGEiIiIiIiIiIgKEAFXvGD+td5TIxa7Qs46PcKnQM9uLXjGIuO1J+6NWMsr7I+fbKivF/e4Vg3C051ZZ6dqfTt5Xss8pVmVlvPZ6xXOK970lcV/JPqdEft/R2uvyc0oR3z3/Ck/pdaltlIiIiIiIiIiIIliBygpUVqDG+H332grUrL7w/+CPyJj1UIoaJCIiIiIiIiIiN6xAZQUqK1Bj/L57YwWqMngksp9YB89V13S9MSIiIiIiIiIiiimyiJRRIWdW4NnCIMdns+JOaMkWDontJbJqerT2xP5ADKmkVzhepcpKHdL5aWmnk/eV7HNyhHDRnlOc763HnlO8dpK6r+SeUyK/72jtdfk5JUEZMASZtyxGxvULgIys5BohIiIiIiIiIqJOiQSoRnhkVvjFq9AzK/6E8cguFXpWe9EqBuO3J/UnaiWjWfEntONSWWmdH61i0NmeW2Wla386eV/JPqdYlZVKnPZ6xXOK970lcV/JP6f4v+9o7XX5OXWCp/Q6ZEydC+/0uzt/MhERERERERERdQkrUFmBygrU3lKBmp0DteBSqAWXQR08Ap4xU+EZ8zesNiUiIiIiIiIi6kFe/P3nUXcqCb7Gk2g7ibZHRERERERERERE1B288Q8hIqKYmmux8aVNePOTM2gOAfB6MLiwGLctmIUpeefnf2Z3LV+CpVXyNm9WNoomlOOhOVdjUEaaLrx3NRY9exSDZy/AT24A3vz5CrzcMAyLl8zDhDRdkoiIiIiIiCiW8/NP9kREvUVrFZ7++XrsbsvG+NnXoizPB5yrw8Z3arDsj0Mw4aFJ6HLWeGIDfvzve3C8dCaWLSztep+lkLIgxoE+jJ9zLcr6AUAAp3d/hLVbN+IHVbVY/P07McEf/1JGEJuDO/7vItx8SQJ9G3MrfvHPIfz/7N17VNT3ve//J8IwM6CDjICCjhckomG8oEIiRoxK1Jh4qabRpJpKdrFN0pNkb9PdZrfNzkna1TSJ59f07Nj+tC02pg2k0XiJRuMdG2jEKDFMIkaIOFxkEJBRGRCU8wcXMQpiFNDk9Vhr1ny/n+/n8p5hLVm++VwM5gDA1a6PIyIiIiIiItKRlEAVEfnaqtm3eitZ1Ram/2cS85oThCOJjZ9ApTvg+pOnXcpIeORIYps+V3QsEz9N5WerjpG87jDRDw298UMa/Am4tb80ERERERER+YZRAlVE5Oty72N7DtA/koTLZlcGEGBpuq4ke916kjNKcdeBjymQ2AfmkBhtBS7O0oyfHcqRTTmcqAOfkEieePJ+eqWv5LnN7oZusreStHRr48xRH7J3bGPtzgKc1YCPN7aY6TzzwFD8GsfM2bGJ5A+KKWsc0z5tEmNy1/LnxqX5JzavJmkzjFq8lCeGt+8j+w2fwMTAt9iy30H2Q0OxA1X521ix2oGj4jz4WIhbMI/E6CJeX7qVrIYvirUvL2MtDUvxIwv3seadj0k/XkUd4BMYyoKkh5nYm8uW8H9VcWYqy98p4EQd4ONH1NR7SJwSQUD7whcRERERERG5Zt26OgARkVuWpwYPgMXaZgIv563VvLa3lICYCSQtnMDEvlWkv/l3VhyublHLTVpaDRMXJLB4QiAGVw6vpWQTZJ9A0ux+WAD6R5K0MIH5dgvgInOvm16TJzSUDTXizNhC6uGLY766uRjsMSQtTGDhZH9O5JYTMTmBpHGBAFgan9074Fo+dBjhfQHKcZYD7jR+9/tDOLAxf2ECi8cZOfjm30k+auPehQnE94eGrQASSFoYSzhQm3uYLGzMW5hA0oIobJ5i3nwzjcqrDV24hddSCqgcPJqkhQksnmqlbP/Rq7cTERERERERuQ6agSoich1qr1ojm+37ayAshqceiCUAiLV7c+Jnu8lMc5A4dExjPSNTFs0jYQAQ7U3W3q1kuYo52fseYnGykQLcloHERjftgTqUxOdbLKEPc7En+xB5hS4Y6moYM2QETy2KJxSAkYxvrBrkPszKjAr8+g8lNrqtPVCvrjgzhy/xY3rSvIZZuNGhuHNWszajmMRFI6nM2k7aV7cCiH+EZfFNPYzEkO1geXYxedD2QVGeaqqAgL4DsdsH4WcYyfgrzFIVERERERERuZGUQBUR+bqsVvoAZe5yKuHKs1BLijnRWLf5uSEEWyA4Kso52VzRSIDpGsb2fMn7q7ewIadhGXyTPi3HDAltTJ7eSEXkFQJYsVnhxPGG7QW2vLyMLS2rmVxUcuU9Uk8eXMPyd441bD1wLSLu4ekZVaz4YC1P7WzcluC+e1gSZ7vF95oVERERERGRm1mXJlCrPDVs/CCdnKNOnEWlANjCgomMsDFzahx+ZmNXhici0jZDFHGRu3Hk5LC9JL7FIVIAZ6l0+xPQO5Q+HOJEbQ210JDoq3XhrAAirQRBQ7KzzXF8LksQnkzfztqcKmzjJjA3ZiC22gP85g+Ohoe9Q+gDnHAVU4z98iSq4ev/01/16V72VIB57EjsQHF/C2TXEf/Yw8xqOZnVYCTgikMdZu2bx3CaQpm7MJaowcE4U/7Eqpz2jO5P+JSHeWkK1Hpc5G1az6tr3mPNgMdY0PdrfyQRERERERGRNnVZAvXDTAep63ZhNhsZHxPFzGlxAOQcdXLg06N8uM/B/DmTGB8T1VUhiohchYnYRdPI/NVWtrz8B07MGEOM1QinnWzfmcOXYXezfMkYEsbuJmt/Br9bd56JAyAvYx8OjMTER7Vv5qTVhs10AOfRfaR8aiVhgBVDiz8wVZUf4/2Mo5TROAOVkSSM3UvW/kO8ttrIXHsAteWH2XI8gucSx2AIC2YQx/gyYxcfRkzAHhJGgPlKA9eQl/MJ+4oarsuyPmFDtpu6HgN5fE4EAKExkQzanElaynZC74vAQg1l2UepGvcw8yLANjgQsirYs3kfkVMj6dPXiLl5pu1ZTmR9wsZ2JU+Bw+tYur6GhMlD6eUDZeU1gHc7G4uIiIiIiIh8Pd7PP//885096IeZDlalbOHeybH8+NE52PqGUF7hxguIi7EzY0ostXV1vL1+N72sAfTve3179InIlVWeOo2Xl9c1vYBW75uuW763dd1WWXsYDDfBOXiGEGJjQvArKyTzoxwysvI4kHsKU8gQHnroLvqbuxE0PJJwzzH+mfE5GVnHcXos3Lngu/xgeA8ATmRlkOkyMmz8GG7rDuAi84NcTvj3ZtJdg+mBlciIszgP5fPRvmwc/kO5d+JQ+pTnsXffF+z/7BS2u2zU5JTBbSOZHO5P0PAI+pwu5FDWF2Rk5ZHt9CY85nZGDAjEYBzAsJBiHAeO88+MbFz94y7uT9qoIabznMjJ48ChPA4cOs4Xbm9sMRP5adIkBjflb40DuDPGn4rsT9j+YS77Dx3nWLeejBw+iPCevphsA+hTnse/sr4gLcNF+LS7mBBxFuehXNL253G07jbu7FvEUZeFmGl2Ql0ONma56X7bSCaHw9EPD/H52cZn3WpwfXaEPR/l8FFWHp9XGon6zmx+ENWjM3/i31pnq6rp7n8t+0yIiIiIiMi3RV3tha4OoUN51dfX13fmgCfL3Tz765XMn303CfFjcBa6eGX523iqawAwm4z85PEHsfUNYcPWdLanHeC5pY8QZLV0Zpgi3wr5x4pu6QSq2U/bOIt0lpLSU/QO7tnVYYiIiIiIyE3IU1V39Uq3sE6fvrVhazrWQAsJ8Q0nT/9P8npG2SNYuWwpK5ctZZQ9gteT1wMwa1ocZrOR7Wkfd3aYIiIiIiIiIiIiIp2fQM3JdXJP/GgAnIUuyivczGrc/xQakqZlFW6chS4A7okfTVb20c4OU0RERERERERERKTzD5Eqr3BjC2vY07SXNQAAZ5GreYm+s8h1yTNbWAhlFe4bGoOn+hyvrVxD7rGi5jIvLy8G9e/D9+dPI6x3r6/d9zHnCf70t82UlFbwo+/PZMyIITciZBEREREREREREekCXbqBoJ/ZyKiowaSu24XH07AH6oat6YwbG4VfixOmO8rUu8c2byVQV3eeNe+l8YdVG3jm8QcJ6OF/zf1VeWp4853tDLT14T9++ADdu/vd6JBFRERERERERESkE3X6En6zyZeTLWaU9rIGUFbhJjllC8kpWyircOPvdzF5erLCjdnk2yGxmIy+BAZ0JzCgO8G9Arh/6jg81TUcL3B9rf5Ky05RWnaK6OERWAMt+Bp0wI2IiIiIiIiIiMitrNMzfKPst5GR6WB8TBQp63aRnpnN/Nl3M8p+GwDpmdlsT/uY+npYMGcS6fuym591NIOPNwDnz58H4LMj+bz17k5KSssJCQrk4blTuH3IAPLyi/njGxu5Y/RQ/rX/c8L69GLQgFA2bfsXAH/860asPXvwsycfxlNdw19Tt/Ll8RMYfLwZFxPFA/fHYzL6ttpP9udf0i8smI8+/hxfXwOL50+lrMLN+i3p1NWdZ9a0OKZPjsXLC/Lyi3l7w27ynSWcv3CB0cNv45EHp+JnNrLxgww+ceRyW3hf0jIOceFCPXePH8W8+yfg4+3NhQv17E7PYtO2f+E+U0VPS3fm3jeBO8fcTrGrrDnuHv5mHpg5kTvH3M7XPCxdRERERERERETkluT9/PPPP9+ZAwZZLazdvLc5wbfwgXu4O24kfmYjfmYjkRE2LJbuvNtYJ+1fh3h0wXQCLNe+pL41dXXn+ejA54QE9SRysK2h7Px5dv3zIAXFJ5k2KYbyU6f5w6r1jBk5hCUL7yPA4s8776Ux4vZwztXW8c+PPqWk9BTfufcupk2KIXKwjYhBfTn0WR4PzZ3Md2dNpL4e/u+f3iUkKJAf/9t3iB4ewdZdmZwsczN8WDinKs9c1o+z0MXHnxzhjtHDWPhAAqVlp9i4LQOj0ZfHvj+LHt392Ja2H/vQQVh6+HHMeYIgawAPz53MHWOGsfOfB6mtqyNysI0juQVkZh0mYlBf/u3he+kdHMgHuzMZEt6PXoEWPtyXTer63cyeHscjD05jQL/eVFSeIahXAL9fubY57iGD+5GyfheDbL3pFWi5YT8H6XqVp07j5eV1TS+g1fum65bvbV23VdYeBkOnT6IX+dY6W1VNd39TV4chIiIiIiI3obraC10dQofq9Bmotr4hTJkwmtT1uzGbfBkfE3VZnfExUaSu20nq+t1MmTAaW9+QDollw9Z0NmxNb773M5tIXDCNkKCebN7xEQGW7syYcgf+fiZiRw8jMyunOWHp7e3N9+ZOYWTU4Ob23f3NeHmBv5+JgB7+ZGUfxVNdw3dm3EVwrwCCewVw3z3j2LQtA/fpswBX7CcsNIi4mCj8/UyMHRXJZ0fyuXdyLMG9Ahh+ezgf7NlPSWk5/UKDiB5+cXauNdDCQFtvikvKmsv6hYU0f4bht4ezaXvDbNOamlrS93/GHWOGMfmu0Xh5QWBAd4Arxj186CA+O5LPbeH9OuRnISIiIiIiIiIicjPqkk06F8yZRJWnhoz9Dl5d/jYJ8aPpF9aQJC0ocrE97QCe6nOMGxvFgjmTOiyOlodI+Xh7NydAAUpKK3AWunj6l69f0iZiUF+CrAEYDD70uMohUSUnK/Du1g1fX0Nzmdnki6f6HJWNCdQr9eNr8KFbt4sz60xGXyyNh1r5+5ku2Vs156iTtZv3UlxSjqe64SCumFGRrfbVpPrcOU5VnmHYbf0vW5ZfcrKCSvdZfvHSXy4pb9mviIiIiIiIiIjIt0GXnXL06EPTGR8TxYat6byevP6SZ0PC+/HMYw8SGWHr0BiaDpG6kt7BgfTvG8IPvjcDk8l4SZuWMzzb0jsokPMXLnDuXG1zmaf6HGaTLwE9/ClrcZjW13G2qprUDbsJDOjOs08+hMlk5G9rtrerrcnXl54B3Sk/dZr6ei5JovYOCqSnpTuPJ86mZ4vvx+irQ7FEREREREREROTbpVMzYjlHnfiZjc1L8iMjbPwkYj5Vnho+zsoBYMyoSPzMxkvanSx3U1Ze2eEJ1ZaGDwtnd/onZGblcFesnfMX6jmY/QXR13Cg1aABoZhNRt7d/E/m3R9PpfsMm7ZlEBU5CMsNSKB269YNX4MPvgYfjL4Gvswv5uiXhdw+ZMBV2xqNBkYPv40NW9MZ1L8Pw4eFc7yghLIKN2NGDsHPbGRPxifcl3An3t28+OxIPmF9gggfEHpdMYuIiIiIiIiIiNxKOi2BWuWp4fXk9fTvG8Izjz94yTM/s5H3dnyEFzBh3IjL2ia/9T7OolJe+kXSZcnVjmILC2bx/Gm89e5O3tuWgcHHh9EjhhAbPbTdfQT08OexxbP4a+pWfv6bP2Pw8WZcTBQP3B9/Q06zN5t8WTBnEn/622Z+9uuVjIqKYEC/3u1uf/f4kZw7V8vaTXtZ/Y9tBFkD+M6Mu7B09+eH35/ZHLd3t24MGdyP+XPCrj9oERERERERERGRW4hXfX19fUcOUOWpoaColIPZX/Dhvmw81edIXDCdIGsAQwb3I+eokyN5BWzYmo7Z5Ms9E8cSOdhGv7BgnIUuyircJKdsaThwKtZOtP02+oUFd1oiVeSbLP9YEV5eXtf0Alq9b7pu+d7WdVtl7WH207YSIp2lpPQUvYN7dnUYIiIiIiJyE/JU1XV1CB2qw7MPP/vViuZ9P2dNi6PKU0NyypbL6s2cOg4/s5HU9bsvezZlwmhsfUNIXbeT7WkHsAZa+O0vkjo6dBEREREREREREfmWu/x49hts/pzJAEQPv42E+DHMmhZHv7BgzCZfFi+YjtnkS1xMFLOmxZEQP4ZxY6MueWYLC2bBnEmMj4liVOP+o7OmxXV02CIiIiIiIiIiIiIdPwN1fEwUZeWVfJjpwFnoAqCgqJTHE2cTbY/Az2xkefJ6Zk5tSIpm7Hcwf/bdjI+Jan7W1C4n18nMqeMYHxPV0WGLiIiIiIiIiIiIdM4hUlWeGsor3Lzwf1ZfUgY0J0ef/fVKAMwmY/OzpveW7U6WX9/J9SIiIiIiIiIiIiLt1SkJ1LLySoaE92PWtDhOVrjZsDUdj6caAD+zEWughQVzJuFnMpKyfldzktTjqcYaaGHWtDiCAi2XtBMRERERERERERHpaF719fX1XR2EiHSN/GNFeHl5XdMLaPW+6brle1vXbZW1h9mvU/4GJCJASekpegf37OowRERERETkJuSpquvqEDpUhx8iJSIiIiIiIiIiInKrUgJVREREREREREREpBVKoIqIiIiIiIiIiIi0QglUERERERERERERkVYogSoiIiIiIiIiIiLSCiVQRURERERERERERFqhBKqIiIiIiIiIiIhIK5RAFREREREREREREWmFEqgiIiIiIiIiIiIirfDp6gBERG5d2by+dCtZV3pkn8bKRHtnB3QLqCQnbQupO4txnj4PgDkkmJip01kQHYKhi6MTERERERER+SolUEVErlePfsyfPRRLyzKrrauiuYmd5WDyapZn19DLPoLFo0IwUElO2iHS3txOpP1hYq87g+ri/d+uZq2rH48vm0/09XZXso1fvnyIE0qIi4iIiIiIfGspgSoicr3MVqKiRxLa1XHc5GoPrmd5dg19Jj/Ei/eFNZfHRsczy11JgKafioiIiIiIyE1ICVQRkQ7TNBsymPgJdaTvraAOb/qMm85TMcdYscLBl9XgExLJE0/ej90McJa8HetZ8UExZXXgEzKQxKR5xFppng3J5AQSCtNJyanCvngpT4Sk8buVB3BUnMfHFMzEOVYcKTkwYxEvTglpV58n7CNYWHuUlJwq6nz8iJo9m6fjmpKcleTs2ERyU3tTIPZpdgLS9rLHM5infj2HprmZlWl/4Zn1NUx58jEWDGj5XVSSnlYMBJIwIYyvCrAENF7VcTx9DSvXF3CiDvDxI2rqdJZMGYQfcDB5GcuzLcTPDuXIphxO1LX4/tyNnwWAApYvXQYhI3jhp3HUZu7iza1H+bLiPOBNr8jRPLUkvjHpXcfJg+tZ/s4xnNUNYw6KiWNO4D7+v83uhrCyt5K0dCt9ZizixbhyUlbsYs/xKuoAc9hAFibOJtaqX6kiIiIiIiLfRDpESkTkerkO8dzSZSS1eL3+acsKpWQWhbFw4QTiw85zImMTzya7CJ+TwOJxFupcOaSmuwCoTE/lN5uLwR5D0sIJTOxRzMpl68hp0duJndtJqQggekIMCVYHK36fiaPCSMzsBBLnhOBcl9OYRKTdfZKdw76QMSQujGFUjyocazbxfknDo5y3VvNqc/sEFk7250SuN9PjA6E6l+0Hqxs7cfJ+WgWERXHvJclTgBqqqgH8sVi++qxlrG/w4poCqoaOJmlhAvPt4Ni8lld3uFrUcpOWVsPEBQksnhCIwZXDaynZYI1i/sIYRvUACCR+YQJJs6MIooYjmU5o7HPxBAtVOZmsTCtvHvPZN49xsm8UixcmkHSfDQpdmJpaw+IAACAASURBVOwTSJrdr2Frhv6RjfEY2bd6EzuO+xC3IIGkhTHE+LjIzK9r/UOJiIiIiIjILU3TZURErldgFM88OY4+LYoM5pYVQpmfNJ3xBggv/4S0IjdR9z3IghgTjKojM2M3juMNCcL0vRUQOIKnFjXMjowNq8Tx8iH2HIbIwMbuwmJ4aWk8AQAHU3m1Gmyz57Mk3gqMJLZHNU+uzG2s7Gpfn5HjeHrOGAyArTyHrM1u8lxA72y276+BkIvtYSTjAWohav1uHJkOaqPHYMh3kFkBUffF0jSf9KI6qmqv9kU2xmoaTGLipIZZrdFWTua+zY69B8ibMr2xnpEpi+aRMACI9iZr71ayXMUUG+zYo31wfpBJ1ml/7NEjm/dATXj8MRKahmlqk1sE8Q0zg6EfiY9Pb6w/ktj4hqrhONlIAW7LQGKj7UAlezyAyUL44Aiirf7ERsdf7YOJiIiIiIjILeymSKCeLHeTsd8BwKiowdj6hnRxRCIi18DgjcUScIWkYRNv/L6yv6fBZGq8MLY4ed7VkLTkEM8tPXRJfXN5JTQlO63W5rGKyxuWmPcKtF6sHOjfIpZ29nlJHC2UFDfMZg0JvXyPV8MYEsbuxbH/E9LdY+iVfhi3aTAJ0aYrdGSlTwhQcRa3G7jiLNTGWEP86dVcFkp4GOzIqaSyucxIwJWGaFU5+95ax5tZFXgumyjaNKb1kgR46wKYuCiBvORdvPnrP7IKb3r1H8rCxOnY25hZKyIiIiIiIreuLk+gOgtdvLL8bTzVNQBs2JrOM489SGSETrAWkW+bEMJDIKs2kmeenPCVGa0BUH55i1CrBXBTVlEONCZRK85SCY1J1Gvv8xK9Q+gDnHAVU4z9siSqPX4ovfY72JOZRq/95+k1YQxXPqveRGxMKKtyitm+t4iJ9126D2qVuxI/S2OsnvN4mp8Uk1cE9GhIUFdyNT6X/2Y7vIuV+yswR44maXIkkSEFJP/vvTT82c5Kn0DAVc4JuEKS2OfyxLJ1JIlLR5JINVWFh1ixfC+vpQSzfMmYKyehRURERERE5JbWpQnUlsnT+bPvBiB1/W5eT17PTx5/UDNRReTW4CnHcfATnC3LrAOJvWwf0KsJIW5CIGvX5JC83sJcewDUucg6CBOX3EPklZrYRxJjKiBzfSoriGOUuZg963LxcDGBes19XmIkCWP3krX/EK+tNjLXHkBt+WG2HI/gucQxGPpGMSrQwY7NmTjxY0pM63/8MkTP5vGsZJbvfIufuUYwc1QIBirJSXOQfjyAxJcebozVwYrVfsy1B+DOTmfHabDNGE04cPCq8VoJD/OGomLeX5dNr3gboWYjzTsqnC4lM+PjxuQpQBgJkwPZsqaA5OVbqBoXiuG0k+0HjSx86h76W23YTAdwHt1HyqdWEgZ4kZW8hn19R5AwOADqinBXXzEQERERERER+YbosgRqy+Tp4gXTGR8TBYDZbGJVyhZeWf62kqgicms4XUDqmwWXltmnEZt47f9+BcQ9wm/M61n+TiYrswAfb2xDR2PwtNLAMJQlT56ldtVeMtdv56ApmIlzInGn5Hz9Pr8i8qGHSTK8R2pmQ3sfUyD2aVZqAQM27o0PZMf6xsOj+rbVkz/RiYt4Jm0LqTsdrMpu2FLAHBJM3MIEog1giHuEX7KGleubYvUjasZclkxp/3cZOWc2c09vYcPerbyYM4IXfjqJp2e4ef2DA6zMMTJkXiSjsg6R1fz9zOfZuvdI3uRgVa4DfPwYFBOHHwARzF8ygsrkQ+xY9RaOGQ+QGB1M+s4DrMw43xB/WCRPLdLsUxERERERkW8qr/r6+vrOHrS15GmTDzMdrErZgtlkVBJVpAPlHyvCy8vrml5Aq/dN1y3f27puq6w9zH5dvgvJzSl/C0t/7yBgRiLPTbFevf51qj34dx5/s5iohU/w9BX3P5VvgpLSU/QO7tnVYYiIiIiIyE3IU3XZgRPfKJ2efbha8hRoLtNMVBGRq3GS8qs1OPpGMX1UCIY6F5lbHbixkGDv+OQplLNnZzG0eniUiIiIiIiIyK2tUxOo7UmeNunIJKqn+hyvrVxD7rGi5jJfgw8Rg/ry3ZkT6RcWfF39V1Se4aXf/50HZ9/NmBFDLnuel1/MH9/YyI8emUn4gMuOLOkUGz/IwJFzjKeS5mE2+XZJDCJyI1iIjreRl3ZxSbxPYChzn5zNvb07Yfj8fWwvoo3Do0RERERERERubZ2WQL2W5GmTjp6JOvXusSTEjwHgzJkqtuzK5OXXU/nB92Yw4vbwGzaOiEjHCSAyfh7/Fd9Fww+YzkvLpnfR4CIiIiIiIiIdr1tnDPJ1kqdNxsdEsXjBdDzVNbyy/G2cha4bFpfJ6EtgQHcCA7pj6xtC4kPTGT5sEBu2plPlqblh44iIiIiIiIiIiMitqcNnoLZMng4J73dNydMm42OiSN+XzZG8gg7dE9XH25sJd47gj3/dwPFCF0MjbOTlF/P2ht3kO0s4f+ECo4ffxiMPTsXPbKS8ws0b/9jGZ0fy8e7WjTEjh/DAzIvTwIpOlLFl59/ILzhBSFAgP/jeDAba+jQ//+zIMf7y1vu4TlYwqH8oP/jeDIJ79Wx8ls9b7+6kpLQcP7OJqRPHMnXSWHy8vSkpreAfG/fw+ZF8auvqGNQ/lB8uuh9roKV5e4A7Rg/lX/s/J6xPL554dA6f5Rxj9T+2cfpsFUMG2+gdFHjDvz8REREREREREZFvmg6fgfrK8lQ81TduNmfTTNSO0t3fjJeXF2erPABUus9wx+hh/PrZR/n509/jeKGLHXsPAPDu+//k3LlaXvxpIs8tXUSP7mZOn/E095Wemc382Xfz4k8fxd/PxOYd+zh//gIANTXncOTk86Pvz+K5pd8H4M9/fx9P9TmcRaX8+e+bGXF7OC/9PIlHvjuVbWkfs/vDTwA4W1XNQFtvnv/JYl786aN4d+vGmk17qa9vGLe6uoaPDhzmOzPu4tGH76WktILV72zjzrG389LPk5g8PpqPDx3psO9QRERERERERETkm6LDZ6DGxdiJjLCxPHn9DUmkPp44m5yjzhsQ2ZWdO1fL+fPnm++jh9/WfG0NtDDQ1pvikrLmMrPZSIDFH5PRl/mzJwENh0gB3HfPOCIG9QXAPnQQjpxjnKutA6Bbt25MnxRDv9AgAL4zYwIrV79H0YmT5OQ6CbB0Z8aUO/D3M2ENtHD0WCEHPv2CCXcMJ3xA6CWHTw0bMgBHzjGqa84B4O3tzffmTmFk1GAAPtyXfcX+8vKLb/j3JyIiIiIiIiIi8k3S4QnUBXMmNV87i0oveXay3M2zv155xXbP/ceiKy7Tj7ZHEG2PuLFBtnCutg6Djw89Ld0ByDnqZO3mvRSXlDcngGNGRQIw7/54/rZmB//+y+X4+RmZND6aqRPHNvfV1un2BoMPPbr7Nd/7GnyoravjlPsMJaUV+Bp86Nbt4gRhs8nIqcozVJ87R9kpN6nrdnG80MWZsw0zXgcPDGu179b6ExERERERERERkbZ1eAK1LWXllUDDzM6gQAsAJyvclFe4u+QQp7rz59n7r0ME9uxBaO9enK2qJnXDbgIDuvPskw9hMhn525rtzfV7WrrzROJs6uvhmPMEf3xjI9aePRg2ZMBVx6qtreP0marm+5aJ297BgTiLSrlw4ULzc091DT0DumPw9mHNe2mcPuvh6SXzsPTwZ3vax+QeK2p1rN7BgeTlF1NbV4cZ3+b+REREREREREREpG0dvgdqe4yPieInT8znJ0/Mb/WQqcgIGzOnjruh41bXnKOi8gwVlWfILyjhf/68js+O5PPQdybjZzbSrVs3fA0++Bp8MPoa+DK/mKNfFgJw/vwF/rFxD/s/OcIp9xm8vKCbV/sTkxcuXGDLrkwKik9SUHySdzfvJbR3L8L6BDF8WDiV7jNs3vER5RVuDhz6goz9nzF6+G2YzUZMRl8MPt6YjL6UlVdy4Cr7mQ4fFk6Vp5qtuzKb+0vPdFz39yciIiIiIiIiIvJN16UzUK/FrGlxN7zPD3bv54Pd+4GGJfQRg/qy9EffpV9YMNCwBH/BnEn86W+b+dmvVzIqKoIB/XoD4OXlRVifIFLX7eKU+ww+3t6Mj7UzPtaOp/rcVcc2Gn0Zdlt/XluxhsrTZxjUP5RHH5qO2eSLLSyYf3t4Bm+9u5Nte/bjZzYxdeJY7h4/Ei8vmHffBP7/1e/xy9/+hQH9+hAZ0Z8TrvJWx7KFBbPogXv425odbNuzn0H9Qxllj2izjYiIiIiIiIiIiIBXfX3T2e0dK2npMgBWLlvaXJZz1Mmrf3ibmVPHNSdIN2xNZ+MHGTzz2INERtg6IzSRb638Y0V4eXld0wto9b7puuV7W9dtlbWH2e+W+RuQyC2vpPQUvYN7dnUYIiIiIiJyE/JU1XV1CB3qpljC3x4btqaTun5XV4chIiIiIiIiIiIi3yKdlkBt60T69tj4QQYf7su+QdGIiIiIiIiIiIiIXF2nrX8dZb+NjP0OklO2MD7GDoCzqLTV+s6i0uZlvR9mZjf3ISIiIiIiIiIiItJZOi2BOmtaHDm5TtIzHe06Af6ry/WtgRYWzJnUUeGJiIiIiIiIiIiIXKbTEqhBVgv/vfQR0jOzqfLUXPIs2h5xxesmfmYjcTF2/MzGDo9TREREREREREREpIlXfX19fVcHISJdI/9YEV5eXtf0Alq9b7pu+d7WdVtl7WH267S/AYl865WUnqJ3cM+uDkNERERERG5Cnqq6rg6hQ3XaIVIiIiIiIiIiIiIitxolUEVERERERERERERaoQSqiIiIiIiIiIiISCuUQBURERERERERERFphRKoIiIiIiIiIiIiIq1QAlVERERERERERESkFUqgioiIiIiIiIiIiLRCCVQRERERERERERGRViiBKiIiIiIiIiIiItIKJVBFREREREREREREWuHT1QGIiNy6snl96VayvlJqDgkmZup0FkSHYOiSuNqhZBu/fPkQzFjEi1NCujoaERERERERkZuWEqgiIterRz/mzx6KBaDORebOQ6S9uZqs7Gm8uMiOX1fH1wkOJi9jebaFuf+ZxL29uzoaERERERERkRtHCVQRketlthIVPZLQxtvYmDgOJiezPGs7qTF2Eod2aXQiIiIiIiIich2UQBURueH8iZ4RSa/sQ6RnHiZx6FDgLHk71rPig2LK6sAnZCCJSfOItdK8nP6EfQQLa4+SklNFnY8fUVOns2TKoMYZrG20/zSVpFUF9BkXw5DcA6S5zoOPhfjEh1k01B+A2sI0Xl+ZieM0+PQIZdZ9lq/E/DXimz2bp+PKW2xj4Gbty8tYSz8eXzaf6JKPeX3VXrJc5wFvekVGkbjgHiK/OrSIiIiIiIjITUyHSImIdITeodgAXMWcBCrTU/nN5mKwx5C0cAITexSzctk6clq2yT7E++YoEhdOYMqA8zg2r2VF5lloZ/sTGQ484yaRtCCKQT5u0la+x0GA2mxWLM/E4bEQNzuBxPusZG/K4USLtu2LL4d9IWNIXBjDqB5VONZs4v0SG/cuTCC+P4CRUbMTSFoYSzhOUlbuJssdwtyFCSQtiMJWcYyDp2/8Vy0iIiIiIiLSkTp1Bqqz0EXq+t3k5Dqvua3ZZGT+nEmMj4m68YGJiHQoF+l7KyBwBE8tiicUiA2rxPHyIfYchsjAxmphMTy7KJ4AINbuzYmf7caR/jGVMUPbbt/Y3DLhfpbE24CRGLIdLM92c6IEKHKQVQ1DFjxMYow/MJJoynk8pfja4oscx9NzxmAAbOU5ZG12k+cK4N7okVRmbScNI+GRI4ntDXAUjwewWIkcGkm4eSSxMZ3wVYuIiIiIiIjcYJ2WQD1Z7uaV5W/jqa6hX1gwfibjNbV3FrlYlbKFyME2gqxa/ykiN7mSYpwAIaEE4SLPBXCI55YeuqSaubwSmhKUVisBTQ8MNiJDwFFdQ9XV2vdouPbrceV/V4vL3Q3PTf7NZYb+wfThYgK1XfEZjBja8dEbRDB/yQgqVzv4zS8c4OONbWgcixfG0r/9nYiIiIiIiIh0uU5LoG5P+xhPdQ3zZ99NQvyYa26/YWs6Gz/IoKy8UglUEbnJneXg5hzKMBI3bijgIjwEsmojeebJCfRpUdNgDoDyxpvyciqhIYla6yTHBfQ34kdI2+0Ptx1NqNUCuCmrKAesANQeL+UENPZ1lf7Lv9rj5QxX+G3iN+Aenv7FPVB7lpP5u3jtD3tZvimUl+bYrt6hiIiIiIiIyE2i0xKozkIXAHEx9s4aUkSkc3jKcRz8pGHGaZ2LzJ2HyHKBZdQ05kcAhBA3IZC1a3JIXm9hrj0A6lxkHYSJS+5pXoJPUSa/WQ1z7SbyMvbhAAbF2AnA2r72rbGPJMZUQOb6VFYQxyhzMXs2Fbeo0M742mAbHAhZFezZvI/IqZH06VtM6vN7qZowkhirEcrdVELjgVgiIiIiIiIit45OSaB+mOnAWVQKQHLKFhIXTMfPfPlSU2ehC1vfkM4ISUTkxjldQOqbBc235pBg4hdOZ0F0SPOS94C4R/iNeT3L38lkZRaNS9pHY/C06Mc+gns9DpLfbDzlfsZclsRZ29++NYahLHnSRdXKA2Su387BHqHMui8Sd8rFI6Kuq38gIG4OSflrSN6/l99kf8njy+4hym5k4869rKwG8KZXZAxPafapiIiIiIiI3GK86uvr6zt6kNf/so4sR27z/XP/seiSROmHmQ5S1+3CU13T6mFRTUv4n3nsQSIj9B9wkRsh/1gRXl5e1/QCWr1vum753tZ1W2XtYfbr1HPwOk7JNn758iFO2KexMlGz9OXmVFJ6it7BPbs6DBERERERuQl5quq6OoQO1SnZhycencMrr6dyJK+AlcuWXvLsZLmbVSlbMJt8GRLejyN5BaxK2UK0PeKKs1RvBE/1OV5buYbcY0XNZb4GHyIG9eW7MyfSLyz4knoATyXNw2zy7ZB4RERERERERERE5ObU5dO3srK/ACAhfgyzpsWRsm4XO/YewFno6vCZplPvHtt8oNWZM1Vs2ZXJy6+n8oPvzWDE7eGYjL48kTgHAJPxxiZPV6x+j/JTp5WYFRERERERERERuYl164xBNmxNb94D9dXlb3Oy3N38zBbWsJQ/K/soR3ILOJLrBOiw2actmYy+BAZ0JzCgO7a+ISQ+NJ3hwwaxYWs6VZ4avLygR3czPbqb+ZorjEVErq73Pby4bKmW74uIiIiIiIjchDplBmqVpwZPdQ0AxwtLLnnWyxqA2WTEWVTKK8tTATCbjJjNps4I7RI+3t5MuHMEf/zrBo4XuhgaYWPF6vcAWLLofjZ+kMEnjlxsfUPYd+Bz5t43gfGxdt55L42MTAcXLtQzPtbOAzPjMRl9uXChnt3pWWza9i/cZ6roaenOtEkxbNuzn/JTpwF48uf/l1nT4pg5dRyfHcnnrXd3UlJajp/ZxNSJY5k6aSw+3t6XjT17+ng+/TwPs9nEDxfdj7d3Qy58zaY0vsgr1MxWERERERERERGRG6BTEqgL5kzCWejiSF4Bv//1/2our/LU8MKyN/BU19AvLJhoewQHs49SUFTKq8tTeW7pI50yE7Wl7v5mvLy8OFt15aOn8wtK8Pcz8dSSefQLDeGdjWk4cr7k33/4AD26+/HX1K1s2v4v5t0XT3pmNu9sTGPe/RMYPWIIxwtKKCk9xX89/T1W/2Mble6z/NvD9xJg6Y6zqJQ//30zd465nSl3zeOYs4TV72zD19dAQvzoy8a2hYXQ3d/Mui0fUlbhJiSoJ1WeGj4/cpzY6KFKnoqIiIiIiIiIiNwAXboH6oat6Xiqa5gyYTQL5kwCYNa0OP7y1hYy9jvYnvYxs6bFdWpM587Vcv78+Vaf9w4O5NGH7iXA4k+l+yyOnC+5755xRAzqC8C9U+7g/R0fcaryDOn7P+OOMcOYfNdovLwgMKB7cz++Bh+8vbsRYOmO2eTLp5/nEWDpzowpd+DvZ8IaaOHosUIOfPoFE+4YftnYAFGRA9m84yOO5BUQEtST3GNFnK3yMMoe0YHfkIiIiIiIiIiIyLdHpyRQU9bt4kheAQBP/vx/eG7pIwRZLTgLXQAcyXXy6vK3m+tXeaoByDnqhGmdEeFF52rrMPj40NPS/YrPu/ub8fU1AFB5+iye6nP8NXUrf03d2lzH2rMH7jNVnKo8w7Db+rdr/9SS0gp8DT5063ZxW1qzycipyjNUnzt32dgAARZ/Igfb+Ojjz4gZGcmBT79g6G0DCO7V8+t8dBEREREREREREfmKTkmg+pmNmE2+eKrPYQsLvux50wFTV2rXmerOn2fvvw4R2LMHob17XbV+QA9/zCZfZk8ff8msz27dvPD1MdAzoDvlp05TX89Vk6i9gwNxFpVy4cKF5jJPdQ09A7pj8m19Of6dY4bxp79t5vDR4+QcdfLQdybrwCsREREREREREZEbpFMSqLOmxZFz1MmRvAJ+8sT85vKW11fTlEy9kUnV6ppzVFSeAcB9+izvbv4n+QUl/PjROe0ax9LDn6jIQexJ/4QB/XoT2LMHJa5ySssqueuO4YwefhsbtqYzqH8fhg8L53hBCWUVbibfFc3ggWF8mfYxZRVu+oUGMXxYODv2HmDzjo+Yclc0x5wlZOz/jPsS7sRoNLQaw4B+fQgJ6snbG3bj72di8MCwG/b9iIiIiIiIiIiIfNt16R6oACfL3Wz8IJ2ycvcl5ZERNmZOHdd8nxA/hrgY+w1NoH6wez8f7N4PNOxJGjGoL0t/9F36XWGW7JV4ecEDM+N55700lv3hbWrr6gju1ZPZ08cDcPf4kZw7V8vaTXtZ/Y9tBFkD+M6Mu6ivh3Fjo/gir5AXlr3B2JFDWLLofv7t4Rm89e5Otu3Zj5/ZxNSJY7l7/Mg2Y/D19WGUPYKUdbv47syJnT5rV0RERERERERE5JvMq76+vr6jB3n9L+vIcuQ23z/3H4uw9Q0BGvY5ffUPb1/Wxmzy5fe//l8dHdo3wieOXFLW7eTff/hdQoK0/6m0X/6xIry8vK7pBbR633Td8r2t67bK2sPs1+V/AxL51igpPUXvYP2OERERERGRy3mq6ro6hA7VKdmHUcNvIyfXiaf6HKOiBtPLGtD8LDLCxjOPPXhZm5Z1AKo8NRQUlTJkcL8Oj/dWcv78BT7MdGDr25tegZauDkdEREREREREROQbpdvVq1y/8TFR2MIaZpzOnzP5smXmkRG2y15B1kuTgemZ2byyPJWco87OCPmWUXTiJLnHChkfE4W3d6f8OEVERERERERERL41Oi3j1rRkPyv7i6/VvspTcyPD+caw9Q1h2fOPMTJqcFeHIiIiIiIiIiIi8o3TaRsIJsSPIT0zm9T1u0nPdOBnNl1T++OFLuDypf0iIiIiIiIiIiIiHaXTEqhBVgs/eXw+Ket2cSSv4Jrbm02+LF4w/bKl/SIiIiIiIiIiIiIdxau+vr6+q4MQka6Rf6wILy+va3oBrd43Xbd8b+u6rbL2MPt12t+ARL71SkpP0Tu4Z1eHISIiIiIiNyFPVV1Xh9ChdOqQiIiIiIiIiIiISCuUQBURERERERERERFphRKoIiIiIiIiIiIiIq1QAlVERERERERERESkFUqgioiIiIiIiIiIiLRCCVQRERERERERERGRViiBKiIiIiIiIiIiItIKJVBFREREREREREREWqEEqoiIiIiIiIiIiEgrlEAVERERERERERERaYUSqCIiIiIiIiIiIiKtUAJVRORry+b1pctI+u02ijtpxIPJy0haupL3SzppwC4eV0RERERERKSr+XR1ACIi0n72BT/g1Vof/CwdOMinqSStKqDPjEW8OCWk88YVERERERERuQkpgSoicgsxmAMIMH97xhURERERERHpakqgiojcKCXb+OXLhzgxOJIptUfZcfw8+FiIT5zN+MNb+F1GKZ46b/qMm86zDwzFDxfv/3Y1a13BxE+oI31vBXU0PH8q5hgrVjj4shp8QiJ54sn7sZsbltIvz7Yw9z+TuLc3UJLG71YewFFxHh9TMBPnWHGk5EDj7NGG+v1YnOTPluQcTlhH8MJPx1C2YxtrdxbgrAZ8vLHFTOeZB4aSk7yM5dkNH+fE5tUkbYZRi5cSt/8r47oPk5K8iz3Hq6gDzGEDWZg4j1hri+/BPoKFtUdJyamizsePqNmzeTourMt+PCIiIiIiIiJfR5fvgeosdPHCsjdIWrqMpKXLeGHZGzgLXV0dlojI15d7DOeAOJIWDMZW5yZt5WpeLwph/oIJxIed50TGXvZcspdoKZlFYSxc2PR8E88muwifk8DicRbqXDmkpl/h38Xaw6z4fSaOCiMxsxNInBOCc10OJy6rWMCq5GOYh0Yyd3JD4jZzr5tekyeQtDCB+UONODO2kHoYwicnkDQuEACLPYakhQncO+Cr/R0l+beb2FFkJG5BAkkLorCVH2PlsjVk17aolp3DvpAxJC6MYVSPKhxrNmkPVREREREREbnldPkM1L+kbKGgqJR+YcEAOItKSU7ZwnNLH+niyEREvqbIcTw9ZwwGXJTtzMXpCmVu0nTGGyC27ihpKcXkuYDeTQ1Cmd/4PLz8E9KK3ETd9yALYkwwqo7MjN04jruAkEvHyf6EzGqwzZ7PkngrMJLYHtU8uTL3KwF5E5f4YxKHXixJfL7FTZiLPdmHyCt0ETBlJLHuw6zMqMCv/1BioxvGPNiyu08/Jr0abLPnsCimYdxoynk85Rjbs6qx9//q9wC28hyyNru/8rlFREREREREbn6dmkB1FrrY8EEGHk8NvawW5s+e1Jw8/e/GhOn/XvYGzqJSqjw1pK7fRVm5G7PZyKyp47D1DbnKCCIiNwGDEcMlBd74NRYYTN5XaHDxeXMXJlMrfV1UXO4GoFeg9WJhoD8Bl9X0p09gi1vPl7y/egsbchqW3zfp08o4SvLOkgAAIABJREFUl43runxcQ5iVXhRT5na3+BCtxy4iIiIiIiJyq+i0BKqz0MUry9/GU13TUJALOUedAAQFXjzWOSjQQkFRKS8se4Oyiov/Ec856uQnjz+oJKqISKNQqwVwU1ZRDjQmMyvOUglXSKJedDJ9O2tzqrCNm8DcmIHYag/wmz84LlYwtP2rITSkYdza6mqgIdFbW1ROGRBlsbTVVEREREREROSW02l7oG7Ymo6nuobFC6bz2q9+zKiowZRVuLEGWpg1La653qxpcVgDLZRVuBkVNZjXfvVjFi+Yjqe6hg1b0zsrXBGRm599JDEmcK5PZUXaJ+zL3MIrq3PxXKWZwWxsvq4qP8b7HxylrGWFsGAGAScydvFhfhGVX+1w+BjiTOBY9zYpmQ3j/m5dMZgGkjDKdGM+m4iIiIiIiMhNotNmoFZ5GmaeRtsj8DMbeeLROZc8dxa6MJtN2PqG8NtfJF3yLNoewaoWfYiICGAYypInz1K7ai+Z67dz0BTMxDmRuFNy2mwWEHc/SflrSM7Yy8pMC/H3DaRPbos2lniWLCzltZRjrPr9W4xavJS4S3qIIPGn92FO3sWelO3sAMxhA0lKnIdda/ZFRERERETkG8arvr6+vjMG+stbW8jY72CUPYInEmc3l391ab/ZZCR6eATzZ0/Cr3GW1Ot/WUeWI5dxY6N49KHp1x2Lp/ocr61cQ1TkQGZOHXfZ8xOucl79w9s89J3JjBkxpM2+Pj50hD/+dSM/+v7Mq9YVudnkHyvCy8vrml5Aq/dN1y3f27puq6w9zH5dfg7ezSd/C0t/7yBgRiLPTbFevb5IO5WUnqJ3cM+uDkNERERERG5Cnqq6q1e6hXVa9mHBnEnk5DrJyj56SbnZbAIacrhmky9QT3qmA2ehi2cen4+f2UiWIxdroIUFcybd0Jgy9jsYNzaKIOvFPfvq62HvR59S6T7brj6GDwvn5ed+iL/f1ZetNiVurT17sGTR/V87bhGRBk5SfrUGR98opo8KwVDnInOrAzcWEuxKnoqIiIiIiIjcCB2+B6qz0MULy97gqV/8D+WNe542lZ8sdxNktfCTx+djNvniqT7HrGlxjBsbhbOolOXJ6wGwBloor3Dz1C/+hxeWvYGz0HVDYistqyRjv+OSspLScj468Hm7+/A1+BAY0B3fqxy6IiJy41mIjrdhLnSw6s3trEw5RDahzH3yYe7t3dWxiYiIiIiIiHwzdHjWL2XdLpxFpfQLCyaoxYFRryxPxVN9jsULpjM+JoqfPD6fF/7Paj7MdPDfSx8hJ9dJTq4TgB8nzmbD1nROVrhxFpWSnLKF55Y+ct2xRQ+/jX0HD18yC/XDzGx6WrpTf+HizgYlpRX8Y+MePj+ST21dHYP6h/LDRfdjDbSQl1/MH9/YyI8emUlgzx689Pu/Exdj5+CnX1BUcpKQoEB+8L0ZXLhQz+9WvIOn+hy5QGZWTvOy/8+O5PPWuzspKS0nJCiQh+dO4fYhA5r7vivWzoeZDipOuS8Zu7rmHFt2ZrL3o0O4T1dh6e7Hou/ewyh7BBWVZ1qNZaCtDwDHnCdY/Y9tOItcGHx8GBcTxQP3xwPwzntpZGQ6uHChnvGxdh6YGY/J6Hvd37mI3EgBRMbP47/iuzoOERERERERkW+uDk+gHskroF9YMP/dIuFZ5anBU30OgFUpWy6pH/T/2rv38Kire9/jn7kmk8CEDEmQXLhvwCZWEaMFK9sLtSi1WHVXerEVW2hre/Z2H7en3aftrrXt0+2x9LTPPtq9awuonEo8vUBtK1goCCW2RCAqaQkFRIYkkCG3gcx95nf+CDNkkplJgFzJ+/U88yTzm/VbvzX84/KT71rrXIVqwbmq09OtXpWVFCUOnfrm6uflbvQMyNjmVcyS3x/Q62/U6a7bF6j5dLv2v31Yd952gzZt3p1o1+kLaFrZJN2/7BbFYjE9V7VFv/jtLn32E0tT9vunvXX6zMfv1PhxOVrz4iv63bY9+szH79BXH/mkfvJ/f6c8Z64+ce9i5eZky93o0U9/9ju9b/57dNv779VfDr2rF/7f7/XPn7tPkhQIBFVXf0z/7TMfUSQS0X89/7K2V9fq3qWLFIsZikSj+sfP3iPn+Fy9Vv2mqjZt15TSSYk9JVON5XMPfEielnb9nzUbNWtaiT7/6Q8rGArrz/v+okgkpo2v/FF19e/onz93n8aPy9FzVVv0261/0r1LSWkAAAAAAAAwtgzJuvOex8PED4eKL9vvHqLOmVUmnz8od6NHjmx70v6kA81ut+r2myv10q93aMF15dr157dUfEWBZs8sS2o3Y+pkzZg6OfH+ytlTVVd/TIFgKGW/Sz+wQLOml0iSKuZOV139McVihpzjc2WxmBPL/iXp7b8eVZ5znO687Qbl5mTr+muvVE1tvY65T6rAlSebzaqP3HmTSicXSJKmT5msllavpK5/x3jFqCS99z0zVP1Gndo7zip/wvi0YwmFI9r39t+UnWXXxz5yq/KcuZKk0qWL1OHtVF39O0n33XHbDXpl25/lDwTlyM66tH90AAAAAAAAYBQZ9AC1tLhQ7kaPnlj9vCa68vTh2xeorKTo3IFRJt2/7Gbtf/uwJrryNKWkUAsrK9TS2pEI69wNzSorKZIkPfV0lU6c2w5goMyZWaaJ+U5t2rxb7xxv0qc/erssluStYRtPtahq43Ydb2jW2U6/JGnmtOK0fXZ9t/455WmTu6FZj3z96aTrs6aXqMCVJ4vFknZ/1UAwpE2bd2vfW39TW8dZGYbR69npxnLK06ZxuQ7Z7bak6x1nOuUPhPRc1RY9V7Ulcd01YbwCwTABKgAAAAAAAMaUQQ9QH1q+RGs2bJa70dP1amjWv39tpRYvmq+XX31d7kaPHvvi/ZK6lva3tHaorKRIDy5fonUbNuupZ17SYw9/VGUlRTrd5lVpcaEeWr5kwMZnt1u15JZK/ceaX+naq/5OM6YWy3vWl/g8Go3pF7/ZqTOdfj2y6l45x+dq6869OnKscUCeP6kwX1NKivTZT9yp7G7hZHaWXU2nWjLe+8abh7R7zwEtv/tWXTl7qtwNzVr/89/3+7lHjjUqFAonhax543PlyLZr2ZIbdU3FrMR1s9mk8bk5F/jtAAAAAAAAgNFt0APUspIifePRT8nnD+qJ1c+rpa1r+fniRfO1/8BhVdfUqf6wWwWuPB1vaJY/EEwcLCUpKUR98msrB2WMs2aU6Auf/rCKryjoVX1qNpuVnWWXzWpRdpZdLa0d2vfWIeU5x13wcxzZdpVcUaATTR51nOlU3vhcXXXlDO2oflM1tfV6//UVisYM7T/wN82r+Lu++8uyy2Qyafy4HEUiUVXX1KXdVqCnq66coW279ulXr/xRSxe/T8FQWDX7D+r2mytVPme6Xqt+U1NLJyl/wnidam6Vp6VD77/hqgv+zgAAAAAAAMBoZu67ycDYsHG7Wtq8uqZ8pqSu/Tsfe/h+LbiuXC1tXtUfcUvqWoK+bsNm7a6p042V5Xpw+RL5A0E99cxLcjc0D8rYrBaLKuZOl+vcvqHdmUzSvUtvkiR9/ck1qtq0Q3NmTbnoZy1dfIMk6bFv/qdefvV1lRUX6sH7P6ia2np95TvP6vGn1snd4JHNZumzr6srZmphZYWeWbtJ3/7f61VYkJdUxZpJWXGhPvPxO3XkWKO++t2f6Mn/eFGhcFgWi0n33bVIs2aUaPWPXtKXv/VfeuHnv1dWlq3vTgEAAAAAAIDLjMkwDGMoHvTU01U6dPSEfvjtLyUOkUrF3dCsp56pkj8QSlSi7q6p07oNm+XIzkos5wdw6d491iiTyXRBL0lp38d/7/4z0++ZrvWHI2dIzsEDIOmUp12TCicM9zAAAAAAjEB+X2S4hzCohqwCNR6a7j9wWJL09JqNWvnoan3l288mVZaWlRTpsYfvH5ZKVAAAAAAAAADozvL4448/PhQPmlzk0p79B/VGbb1efvV1nfS0yZXvVGubVx3eTl0/b26ibZ4zVxVzpyfaT3Tl6cbKck105emN2nodOHhMixfNH4phA5e1jvYzo7oC1WYbsr8BAWNepy+gcbnZwz0MAAAAACNQJBwb7iEMqiFLH+KVpdeUz9TsGaVacF25vvHopyQpcbCUJK15cbOeWP18r0rUrTv36cbKcpUWFya1BwAAAAAAAIDBMmR7oKbzzdXP60SjR2XFhZIkd6NHrnynnvzayq733fZEnZjvVEubV6XFhYnwFcDFYw9UAP3FHqgAAAAA0mEP1EH20PIlKi0ulLvRI3ejR6XFhfrSimWJz+OVqLNnlKqlzavZM0r10PIlwzhiAAAAAAAAAGPFsFegAhg+VKAC6C8qUAEAAACkQwUqAAAAAAAAAIxRBKgAAAAAAAAAkAYBKgAAAAAAAACkQYAKAAAAAAAAAGkQoAIAAAAAAABAGgSoAAAAAAAAAJAGASoAAAAAAAAApEGACgAAAAAAAABpEKACAAAAAAAAQBoEqAAAAAAAAACQBgEqAAAAAAAAAKRBgAoAAAAAAAAAaRCgAsAladYrT67WykertL8/zU/9Xl9/dLVWrj0w2AMDAAAAAAADgAAVAAAAAAAAANIgQAUAAAAAAACANKzDPQAAuOx4D2rD2u167bhPEUmO4mn65Ip7db2re6MmvfbjXdpQ71PEmqPy25do1W3TlTNMQwYAAAAAAKkNS4Dq8wf18qvV2r2nTv5AsN/3Tcx3avGi+Vq86NpBHB0AXIrDWvvkb1Udydei5Qs1R016bWOdnl39C+U8fq8q4s0OvKVXrqnUik9m6+jre7Ttd7/UDxwr9D8XujJ1DgAAAAAAhtiwBKhPr9moQ0dPyJFt1+wZpf2+79DRE6ratF0OR5ZurCwfxBECwEV6e6+qA1LZsrv1QKVL0tWap1Y9vOGYttYGVDHlXLviSv3rA4uUJ+n6eTlqeXSLamsOqGNh1zUAAAAAADAyDHmA6m5o1qGjJ1RaXKjHHr5fOY6sC7r3ie+/oJe3VBOgAhiRmpq9kqSJ+ecrSW3FLk1Uk1q83vMNXa5uQWmRZhRJtYGgfBIBKgAAAAAAI8iQHyLlcGRr9oxSffiDCy8oPJWkspIizZ5RqpY2b9+NAWBIROQLS5JVNkmTi5ySpHAgkGgRbmxVi6SJTuf521pb1ZFo4FZ9s6TsLPZABQAAAABghBnyCtQCl1OPffH+oX4sAAywDh3dX6/62r3a3CZpzjTNkaSr5mth9glVb3xJG3S1ZqhJr21skrKnafE12VLrudsba/TdF6R7Krr2QK2TVL5wPtWnAAAAAACMMEMeoJ5u9ar2wOGkw6OuKZ+pspKiIRuDPxDSD5/9hY4ca0xcM5mkSYUufewjt+o9s6cO2VgAjFZuvbJ+l2olWYvm6IsPzJdNkjRLK768VI612/Xahq3aJslRPE0rV9yrClu32yveqzv8dVq73qeINUfld96jVZW5w/FFAAAAAABABibDMIyheJDPH9TLr1Zr6859KT8vKy7U/ctu0ZxZZRn7eerpKh06ekLPrn70oscSD1BnTivW4kXzJUlGLKZtf9yvP+/7q/775/5BxVdMvOj+gdHi3WONMplMF/SSlPZ9/PfuPzP9nulafzhyhuUcPGBMOuVp16TCCcM9DAAAAAAjkN8XGe4hDKohSR98/qC+90yV3I0eufKd+sCia1VW3FVxerrNq+o9B3To6Al970cv6cHlSzIeEJXjyJIj2z4g48rOsis/b1zi/U03XKU/7/2rmk+3EaACAAAAAAAAGJoA9ek1G+Vu9GjBdeVafvctSYdHzZF0Y2W5dtfUad2GzVq3YbOmFBemXdL/xYfuHpQxxmKG3vzLETkcWZpy7tk/fuE3kqRVD3xIkrT3rUN6rmqLHll1nyTpBz/+ufyBUKIPR7Zdj6y6T20dZ/Sfz72c1L9rwnh95R8/nhTYAgAAAAAAABjZBj1A3V1Tp0NHT2j2jFI99LEladvFq07Xbdisqk079C8Pf3Swh6Zfb6nWr7dUJ947x+fo4QeXyZXvzHBXlymlRfrWlx9SzDAUCoW15sVXZLFYdEWRS6XFhfpf//Y5SZL3TKd+tO7Xmj2zVOPHOQbtuwAAAAAAAAAYeIMeoNa+/TdJ0oc/uFBS1yFS6zZsTmqzoLJcN557bd25V/VH3Drd6lWBq3eQ6W5ols8f7HOv1P64/ebreu2B+sy6TXpk1X0qKy7MeK/VYlGeM1eGIf126+vq9AX0TyvvTVTX2vPGKRKN6le/2yVXvlPL775VVovlkscMAAAAAAAAYOiYB/sBtXVH5Mp3JgJPvz+g+iPupJe7oTnRfl7FLEmSu7E5ZX8bNm7X93700oCMLb4Han7eOLnynbrzthuU5xynQ0fc/e6jpvagdux+UyuWL1HhxLzEdcOQNv9hj46+26QVy5ckbVsAAAAAAAAAYHQYkj1QC7otiS8rKdKzqx9N2za+96m7oTkRpsa5G5p16OiJfi2xvxQ+fzDl9Wg0lvT+yLFGvfirP2jp4vdp5rTipM9qag/q1R1vaOUnP5QUrAIAAAAAAAAYPYYkQPUHzgeSmZbwS0pUo050dYWOW3fulcORrddr6lR/rjI0vh3ApQoEQ2rrOCupawn/H/ccUGubV3PPVctOdDn11l+OytPSLrvdph27axP3elo69NOfvaLpU67QNRUzE/3k5mTL3dCsn/1ym943/z0qnVygto6zMptMys3NZhk/AAAAAAAAMIoMeoBaWlwod6MnsadpfAl/d658Z68Adcq5PUirNu1Iarf87lt6VaZerFd3vKFXd7yReD/BOU6f+ofbNWt6qSTploXX6NCRE/rqd3+q8bk5Wnh9uU63eSVJxxtOydPSLk9Lu/71Oz9J9PH5T9+lxpMt6vQFtH13rbafC10d2XY9suo+zZg6eUDGDgAAAAAAAGDwmQzDMAbzAVt37lXVph267aZrtfzuWzK2dTc064nvvyBXvlNPfm2lJKn+sFtrNmxWa5tXd92+YMCqTwFI7x5rlMlkuqCXpLTv4793/5np90zX+sORMyRF9AAknfK0a1LhhOEeBgAAAIARyO+LDPcQBtWgHyK1sLJCrnyntu3ap901dWnbnW716um1myQpKWidM6tM33j0U7p/2c1avGj+YA8XAAAAAAAAABIGPUDNcWQlAtFtO/fq0JETiWX6UteBTVt37tMTq59XS5tXC64r77VEP8eRpcWL5nOSPQAAAAAAAIAhNSTrX+On2rsbPXrqmaq07ViiDwAAAAAAAGAkGZIAtSDfKVe+UwX5Ts2ZVSZ3Q3MiVJW6lukvrKxQgcs5FMMBAAAAAAAAgH4Z9EOkAIxcHCIFoL84RAoAAABAOhwiBQAAAAAAAABjFAEqAAAAAAAAAKRBgAoAAAAAAAAAaRCgAgAAAAAAAEAaBKgAAAAAAAAAkAYBKgAAAAAAAACkQYAKAAAAAAAAAGkQoAJjlGEYwz0EAAAAAACAEY8AFRijotHYcA8BAAAAAABgxCNABcaoaDQ63EMAAAAAAAAY8QhQgTHqYitQTSbTAI8EAAAAAABg5CJABcaoaIQKVAAAAAAAgL4QoAJjFEv4AQAAAAAA+kaACoxRHCIFAAAAAADQN+twDwDA8AgGQ8M9hMtEq/b8/Df6ZY1HLRFJsshZPFl3LFuixbPy+rx7/9rVeuaAU/f8j5W6Y9KgDxYAAAAAAFwgAlRgDIpEogqFwhwIdcla9doP12r98SzNvukm3TM1SzrTpOrX61S1druu+M7dqhjuIQIAAAAAgEtCgAqMQZ2dvoyfD2SwelmHtK1v6rXjkvOmZXrs7rJzF6/W9YsW63RrpwqGdXAAAAAAAGAgEKACY5DPF7ik+y/rUPQieOvrdDxcpim2+BWrClzx5fudOl6zXeu3HNY7bVFJFk2cc63+adUiTe7VU+a2Xcv9S/XgylxtXluvk6736uu3e/St9U0qW7ZC/7bIda6fg1r71d+qeurN+uGq+coZ7H8AAAAwJhiGkfYz5ocAgMsZh0gBY4xhGAoEgknX4hPewZ74XnYTa9f1uqsiS2qu07e+slpfeHyNfrBxp+pPdQ+ogzpU45bmXquVn1ysB29yyldfo2d3tqbosD9tT2jd2mNyzJ2je26dq7x512phtuTeuUfHz7UI79+n6oBFCxcRngIAgItjGEav10C2BwBgNKECFRhj0lWf9gxR+xt2Xnah6AXJ1bwVn9d3396uX/7hsA40tqluV43qdtXIec0H9a0HKpQjlxY//AUtjt8yz6LaXVtUe6RRSlSMxvWnrUULV3xJK+aev+u2yu2q3vWOqhukKSUB7alpkvLLddtcAQAA9Fuq0LOva6nmgvFrfbUDAGC0IEAFxhhfp/+C2jPZ7YtVBVd9QKuu+oAkKXzqgDas36KdtVtVtaBCK2a1as+LG7W+tk3+SF999adtrq7IT74y5dZyle2qUfXOw1q+tFHb6qWyZddryiV+MwAAcPnrGZB2f5/ps57Xus8ZDcNIem8ymQhTAQCjGkv4gTEkEAjqbKdPJplkMp1/4WJ1qsObnHTaJlVo8dwcSVGFI5IObtezb7RJM6/Vyi98TN/7xk0qT9fdhbTtznm9lsyR/AcOaOuuerk1WUsW9KxuBQAAOK/nMvuey+9jsVjip9QVeprNZlksFlmt1sTLYrHIbDYnVZ12vz/Vkn6W+AMARhsqUIExpL3Ne0HtCVf70LBL3/1+nWxzyvX3lZPllBRuPaiX/+CTsmfq7+dKejdLjnj7Mx7VvL5Xden6c1xA2yTZmlc5Wao/oqo/SJpzrebZ+rwJAACMUamqTHuGmvHAtK/5YKo/yHcPUOPve1akproOAMBIRQUqMEb4/QH5/Kn3P+1Lpr2t+tt+INqOOCUL9PDyOXK0HdYv1m/Vs+u3at2rTcqpqNS/fPluzZGkqbfokTsny3Zkn55dv0v7Z87SNen6u5C2PdjOHSYldR0eRX4KAAB66h6S9qw2jQeeJpMpUVl6sfM0k8mUqFSNL9/v/oxU4wAAYCQzGfzXChgT3MebFI5EuqoEeizh7+9LUtr3canep/o907X+cuRQRH+eWxu+/ZK2qVxf/9oS9j/FgDvladekwgnDPQwAwEVKt1w//j6+PH+wRKNRxWKxtHPK+DUAwOjk9/V56MeoRgUqMAacPetTOBwe9Ocw6R1GB/equk0qW8ThUQAAIFmqqtPur3jF6WCKV6SmG0P3cQIAMNIQoAJjQMvptuEeAgZVp3bvPCI/h0cBAIAeMi3ZlySbzTZkfwQ3mUyy2bo2Gkp3yBQhKgBgJGIJP3CZO326TR3t3q6JcXyp1CAt4e/5M9Pvma71F0v4gaHDEn4AGH0yVZ52DzP721c0GpPValE02hW+xgxDFrNJhiGZzb0Pk8okEokklvSnm3MCAEaPy30JP+kDcBnraD+j9raOjMFlpvAz3T0AAAAY2TKFp5L6HZ5GIlG1tnt15qxPoVBEk4omJvVrsZglQ7JYzcqy22Q2mWWz9b0dgNVqVSgUSllxGj94irknAGCkIEAFLlOdZ33yeFrO/yW/R/WpdOkhKpNaAACAkaevPU/tdnuffQRDYZ1sbtG77pN653ijgsGQCgvzlZVlV26OI9EuXo2qsBQMRmSxmGSzWpXjyOoKVzOw2WwKhUIpPyNEBQCMJASowGUo4A+qqan5kvroeSrqxfYBAACA4dV979OsrKyMc7RYLKa2jrOqP/yu/lL/jsKRiCKRqCSpvf2MQuGwcuVIe28sJkUjMQWCYeU47MrNyU77rPg2AqFQSGazOXENAICRhgAVuMyEwxGdaGgasL/YM4kFAAAYPXpWn8YPa4rFYrJarX2Gp6db2/Vada1a270KhcJJnwdDYXX6/MrPc2YcQ8wwJMPQ2c6AQqGoxo/LltWaelm/2WyW1WpVJBKR2WxWLBZLClOpQgUAjAQEqMBlxOfzq6HhpIzYwE40e/Z1MX0z8QUAABhc6Zbux0NUqzXz//7VHzmuvx1162RzS6/PuraCkvyBoLp2hzLLbDYpGo3JZJJisdRnE4cjEZ0565fDYVd2VuqtA6xWq8LhcNL4uz+XEBUAMNwIUIHLRHu7V6dOelKfZNpjOf6F7Hnal4HsCwAAAAOjZ4jaV3jqaWnTgb8e1SlPa6/Psuw2ZWXZNW3KZJUVFylvfK6sVouisZjMZpNCoYhiMUOhUFjhc8v9u48jFI7IZDLJarXIYjannC9aLBZFo1GZzeZEgMq8EgAwUhCgAqOcYRg6edKjjnZvn5PMvg6QyrTv6WBMYJkUAwAADIy+Do6y2Wxp743FYl3L9ts6kqo/zWaTrFar5l99pYqvKFD+hPHKyrIrPoOLHxJldVgUi8WU47DLHwjpbGeg1zOCobBiZ2JyjstJuZzfZrMpEokkxtv9O1GFCgAYbgSowCgWjUblPt6oQCA44Ev2U/WXqooVAAAAI0v3ADIWi8liSb3/aNyf9tap6dTpXtenTynWrOmlmjGtRNY++ojvW5qbky273aaznX6FQpGkNtHoucOlLGaZU2wRFa9Cjc9FCU0BACMFASowChmGofY2rzynWxSNRFNWkWaqJgUAAMDlp+e+p/3Z+7S13asDB4/2ul4yuVDzrpqjK4pcFzyntFktGpebrU5TUMHg+YOoYjFD/kBIdrtVdlvvMVksFkUiEcViscQzWc4PABgJCFCBUcQwDLW3e+VpblEkEulfUBpvo9ThaqZ7U/XNAVIAAAAjS/dl96mW8qerQDUMQ/vfOpR0f9z7b7ha+RPGX/Q8zma1KsseUygU6TW+cDiSMkC1Wq0KBAKJcfesQqUiFQAwXAhQgVHC23FGJ096FA6HBzzYvNj9TzOFsExuAQAAhk6qvUMzhaeS1NDkUVuHV6FQOOn6wsqrVFSQf8ljys6yKRaLqdMXTBqTPxBSlt2Wci9Ui8WSqJztHqJKzC8pBMZSAAABX0lEQVQBAMOHABUYwYLBkLzeM2pv9yqYYp/TnqFnrwrTi1jG35/9TzPdCwAAgKHTs3q0+xJ+wzASe5P2FIvFFI5E1NZxNul64cQJunL2NBmGdKlTO5PJJLvNJr8ppGj3KtSYoWgsJqt6B6hms1nRaDSxjJ+qUwDASECACowghmGos9Mnb8cZeb1nFQ53VQP0XHJ/odWnqZbv97X0/2I/6y8mwgAAAAOr+7L9eIiaLkA1DOnY8SYFAsGk69OmFA9IeBpnsZiVlWWTz3/+OYakUCgim9Uqs7n3vLZ7eNq9EjX+HZlHAgCGGgEqMMRisZhCobDC4bDC4YhCoZDC4YjC4bB8Pr9i0Zik1MvjU1Wb9nx/oYdHZbpnILYJAAAAwODqvny/+/tMYWOnz6+2jjNJ13JysjUuN1u5OdkDNjaz2SS7zSp/IKj4EA3DUDgS7RWedrU3J42/+3diLgoAGC7/HzFB2dMi3QPdAAAAAElFTkSuQmCC" height="600" width="800" />]]>
  </system-out>
</testsuite> <!-- testcases.MyInfoTest -->
